2022-11-02 10:00:42 - PHP Notice:  Undefined variable: href_gl_mapping_account in C:\xampp\htdocs\php_milwa_trading\admin\view\template\common\column_left.tpl on line 66
2022-11-02 10:00:42 - PHP Notice:  Undefined index: gl_mapping_account in C:\xampp\htdocs\php_milwa_trading\admin\view\template\common\column_left.tpl on line 66
2022-11-02 10:00:42 - PHP Notice:  Undefined variable: href_tool_dashboard in C:\xampp\htdocs\php_milwa_trading\admin\view\template\common\column_left.tpl on line 229
2022-11-02 10:00:42 - PHP Notice:  Undefined index: class in C:\xampp\htdocs\php_milwa_trading\admin\view\template\inventory\sale_tax_invoice_list.tpl on line 19
2022-11-02 10:00:42 - PHP Notice:  Undefined index: class in C:\xampp\htdocs\php_milwa_trading\admin\view\template\inventory\sale_tax_invoice_list.tpl on line 19
2022-11-02 10:00:42 - PHP Notice:  Undefined index: class in C:\xampp\htdocs\php_milwa_trading\admin\view\template\inventory\sale_tax_invoice_list.tpl on line 19
2022-11-02 10:00:42 - PHP Notice:  Undefined variable: column_right in C:\xampp\htdocs\php_milwa_trading\admin\view\template\inventory\sale_tax_invoice_list.tpl on line 79
2022-11-02 12:04:45 - PHP Notice:  Undefined index: from_time in C:\xampp\htdocs\php_milwa_trading\admin\controller\common\login.php on line 102
2022-11-02 12:04:45 - PHP Notice:  Undefined index: to_time in C:\xampp\htdocs\php_milwa_trading\admin\controller\common\login.php on line 103
2022-11-02 12:04:50 - PHP Notice:  Undefined index: from_time in C:\xampp\htdocs\php_milwa_trading\admin\controller\common\login.php on line 102
2022-11-02 12:04:50 - PHP Notice:  Undefined index: to_time in C:\xampp\htdocs\php_milwa_trading\admin\controller\common\login.php on line 103
2022-11-02 12:04:54 - PHP Notice:  Undefined index: from_time in C:\xampp\htdocs\php_milwa_trading\admin\controller\common\login.php on line 102
2022-11-02 12:04:54 - PHP Notice:  Undefined index: to_time in C:\xampp\htdocs\php_milwa_trading\admin\controller\common\login.php on line 103
2022-11-02 12:05:00 - PHP Notice:  Undefined index: db_name in C:\xampp\htdocs\php_milwa_trading\system\engine\hmodel.php on line 12
2022-11-02 12:05:00 - PHP Warning:  Invalid argument supplied for foreach() in C:\xampp\htdocs\php_milwa_trading\admin\view\template\common\preset.tpl on line 52
2022-11-02 12:05:03 - PHP Notice:  Undefined index: db_name in C:\xampp\htdocs\php_milwa_trading\system\engine\hmodel.php on line 12
2022-11-02 12:05:03 - PHP Notice:  Undefined index: case_id in C:\xampp\htdocs\php_milwa_trading\admin\controller\common\home.php on line 55
2022-11-02 12:05:03 - PHP Notice:  Undefined index: case_id in C:\xampp\htdocs\php_milwa_trading\admin\controller\common\home.php on line 56
2022-11-02 12:05:03 - PHP Notice:  Undefined variable: href_gl_mapping_account in C:\xampp\htdocs\php_milwa_trading\admin\view\template\common\column_left.tpl on line 66
2022-11-02 12:05:03 - PHP Notice:  Undefined index: gl_mapping_account in C:\xampp\htdocs\php_milwa_trading\admin\view\template\common\column_left.tpl on line 66
2022-11-02 12:05:03 - PHP Notice:  Undefined variable: href_tool_dashboard in C:\xampp\htdocs\php_milwa_trading\admin\view\template\common\column_left.tpl on line 229
2022-11-02 12:05:04 - PHP Notice:  Undefined variable: bank_receipts in C:\xampp\htdocs\php_milwa_trading\admin\view\template\common\home.tpl on line 258
2022-11-02 12:05:04 - PHP Warning:  Invalid argument supplied for foreach() in C:\xampp\htdocs\php_milwa_trading\admin\view\template\common\home.tpl on line 258
2022-11-02 12:05:06 - PHP Notice:  Undefined variable: href_gl_mapping_account in C:\xampp\htdocs\php_milwa_trading\admin\view\template\common\column_left.tpl on line 66
2022-11-02 12:05:06 - PHP Notice:  Undefined index: gl_mapping_account in C:\xampp\htdocs\php_milwa_trading\admin\view\template\common\column_left.tpl on line 66
2022-11-02 12:05:06 - PHP Notice:  Undefined variable: href_tool_dashboard in C:\xampp\htdocs\php_milwa_trading\admin\view\template\common\column_left.tpl on line 229
2022-11-02 12:05:06 - PHP Notice:  Undefined index: class in C:\xampp\htdocs\php_milwa_trading\admin\view\template\inventory\sale_tax_invoice_list.tpl on line 19
2022-11-02 12:05:06 - PHP Notice:  Undefined index: class in C:\xampp\htdocs\php_milwa_trading\admin\view\template\inventory\sale_tax_invoice_list.tpl on line 19
2022-11-02 12:05:06 - PHP Notice:  Undefined index: class in C:\xampp\htdocs\php_milwa_trading\admin\view\template\inventory\sale_tax_invoice_list.tpl on line 19
2022-11-02 12:05:06 - PHP Notice:  Undefined variable: column_right in C:\xampp\htdocs\php_milwa_trading\admin\view\template\inventory\sale_tax_invoice_list.tpl on line 79
2022-11-02 12:05:56 - PHP Warning:  Invalid argument supplied for foreach() in C:\xampp\htdocs\php_milwa_trading\admin\view\template\common\preset.tpl on line 52
2022-11-02 12:06:00 - PHP Notice:  Undefined index: case_id in C:\xampp\htdocs\php_milwa_trading\admin\controller\common\home.php on line 55
2022-11-02 12:06:00 - PHP Notice:  Undefined index: case_id in C:\xampp\htdocs\php_milwa_trading\admin\controller\common\home.php on line 56
2022-11-02 12:06:00 - PHP Notice:  Undefined variable: href_gl_mapping_account in C:\xampp\htdocs\php_milwa_trading\admin\view\template\common\column_left.tpl on line 66
2022-11-02 12:06:00 - PHP Notice:  Undefined index: gl_mapping_account in C:\xampp\htdocs\php_milwa_trading\admin\view\template\common\column_left.tpl on line 66
2022-11-02 12:06:00 - PHP Notice:  Undefined variable: href_tool_dashboard in C:\xampp\htdocs\php_milwa_trading\admin\view\template\common\column_left.tpl on line 229
2022-11-02 12:06:00 - PHP Notice:  Undefined variable: bank_receipts in C:\xampp\htdocs\php_milwa_trading\admin\view\template\common\home.tpl on line 258
2022-11-02 12:06:00 - PHP Warning:  Invalid argument supplied for foreach() in C:\xampp\htdocs\php_milwa_trading\admin\view\template\common\home.tpl on line 258
2022-11-02 12:06:02 - PHP Notice:  Undefined variable: href_gl_mapping_account in C:\xampp\htdocs\php_milwa_trading\admin\view\template\common\column_left.tpl on line 66
2022-11-02 12:06:02 - PHP Notice:  Undefined index: gl_mapping_account in C:\xampp\htdocs\php_milwa_trading\admin\view\template\common\column_left.tpl on line 66
2022-11-02 12:06:02 - PHP Notice:  Undefined variable: href_tool_dashboard in C:\xampp\htdocs\php_milwa_trading\admin\view\template\common\column_left.tpl on line 229
2022-11-02 12:06:02 - PHP Notice:  Undefined index: class in C:\xampp\htdocs\php_milwa_trading\admin\view\template\inventory\sale_tax_invoice_list.tpl on line 19
2022-11-02 12:06:02 - PHP Notice:  Undefined index: class in C:\xampp\htdocs\php_milwa_trading\admin\view\template\inventory\sale_tax_invoice_list.tpl on line 19
2022-11-02 12:06:02 - PHP Notice:  Undefined index: class in C:\xampp\htdocs\php_milwa_trading\admin\view\template\inventory\sale_tax_invoice_list.tpl on line 19
2022-11-02 12:06:02 - PHP Notice:  Undefined variable: column_right in C:\xampp\htdocs\php_milwa_trading\admin\view\template\inventory\sale_tax_invoice_list.tpl on line 79
2022-11-02 12:06:04 - PHP Warning:  Invalid argument supplied for foreach() in C:\xampp\htdocs\php_milwa_trading\admin\controller\inventory\sale_tax_invoice.php on line 2189
2022-11-02 12:06:04 - PHP Warning:  chr() expects parameter 1 to be int, string given in C:\xampp\htdocs\php_milwa_trading\system\library\tcpdf\include\tcpdf_fonts.php on line 1671
2022-11-02 12:06:04 - PHP Notice:  Undefined index: company_branch_id in C:\xampp\htdocs\php_milwa_trading\admin\controller\inventory\sale_tax_invoice.php on line 3266
2022-11-02 12:06:04 - PHP Notice:  Undefined index: company_branch_id in C:\xampp\htdocs\php_milwa_trading\admin\controller\inventory\sale_tax_invoice.php on line 3347
2022-11-02 12:06:04 - PHP Notice:  Undefined offset: 0 in C:\xampp\htdocs\php_milwa_trading\system\helper\utility.php on line 401
2022-11-02 12:06:04 - PHP Notice:  Undefined offset: 1 in C:\xampp\htdocs\php_milwa_trading\admin\controller\inventory\sale_tax_invoice.php on line 2354
2022-11-02 12:06:06 - PHP Warning:  Invalid argument supplied for foreach() in C:\xampp\htdocs\php_milwa_trading\admin\controller\inventory\sale_tax_invoice.php on line 2547
2022-11-02 12:06:06 - PHP Warning:  chr() expects parameter 1 to be int, string given in C:\xampp\htdocs\php_milwa_trading\system\library\tcpdf\include\tcpdf_fonts.php on line 1671
2022-11-02 12:06:06 - PHP Notice:  Undefined offset: 0 in C:\xampp\htdocs\php_milwa_trading\system\helper\utility.php on line 401
2022-11-02 12:06:07 - PHP Notice:  Undefined offset: 1 in C:\xampp\htdocs\php_milwa_trading\admin\controller\inventory\sale_tax_invoice.php on line 2722
2022-11-02 17:17:56 - PHP Notice:  Undefined index: from_time in C:\xampp\htdocs\php_milwa_trading\admin\controller\common\login.php on line 102
2022-11-02 17:17:56 - PHP Notice:  Undefined index: to_time in C:\xampp\htdocs\php_milwa_trading\admin\controller\common\login.php on line 103
2022-11-02 17:18:02 - PHP Notice:  Undefined index: from_time in C:\xampp\htdocs\php_milwa_trading\admin\controller\common\login.php on line 102
2022-11-02 17:18:02 - PHP Notice:  Undefined index: to_time in C:\xampp\htdocs\php_milwa_trading\admin\controller\common\login.php on line 103
2022-11-02 17:18:06 - PHP Notice:  Undefined index: db_name in C:\xampp\htdocs\php_milwa_trading\system\engine\hmodel.php on line 12
2022-11-02 17:18:06 - PHP Warning:  Invalid argument supplied for foreach() in C:\xampp\htdocs\php_milwa_trading\admin\view\template\common\preset.tpl on line 52
2022-11-02 17:18:08 - PHP Notice:  Undefined index: db_name in C:\xampp\htdocs\php_milwa_trading\system\engine\hmodel.php on line 12
2022-11-02 17:18:08 - PHP Notice:  Undefined index: case_id in C:\xampp\htdocs\php_milwa_trading\admin\controller\common\home.php on line 55
2022-11-02 17:18:08 - PHP Notice:  Undefined index: case_id in C:\xampp\htdocs\php_milwa_trading\admin\controller\common\home.php on line 56
2022-11-02 17:18:09 - PHP Notice:  Undefined variable: href_gl_mapping_account in C:\xampp\htdocs\php_milwa_trading\admin\view\template\common\column_left.tpl on line 66
2022-11-02 17:18:09 - PHP Notice:  Undefined index: gl_mapping_account in C:\xampp\htdocs\php_milwa_trading\admin\view\template\common\column_left.tpl on line 66
2022-11-02 17:18:09 - PHP Notice:  Undefined variable: href_tool_dashboard in C:\xampp\htdocs\php_milwa_trading\admin\view\template\common\column_left.tpl on line 229
2022-11-02 17:18:09 - PHP Notice:  Undefined variable: bank_receipts in C:\xampp\htdocs\php_milwa_trading\admin\view\template\common\home.tpl on line 258
2022-11-02 17:18:09 - PHP Warning:  Invalid argument supplied for foreach() in C:\xampp\htdocs\php_milwa_trading\admin\view\template\common\home.tpl on line 258
2022-11-02 17:18:41 - PHP Notice:  Undefined variable: href_gl_mapping_account in C:\xampp\htdocs\php_milwa_trading\admin\view\template\common\column_left.tpl on line 66
2022-11-02 17:18:41 - PHP Notice:  Undefined index: gl_mapping_account in C:\xampp\htdocs\php_milwa_trading\admin\view\template\common\column_left.tpl on line 66
2022-11-02 17:18:41 - PHP Notice:  Undefined variable: href_tool_dashboard in C:\xampp\htdocs\php_milwa_trading\admin\view\template\common\column_left.tpl on line 229
2022-11-02 17:18:42 - PHP Notice:  Undefined index: class in C:\xampp\htdocs\php_milwa_trading\admin\view\template\inventory\sale_tax_invoice_list.tpl on line 19
2022-11-02 17:18:42 - PHP Notice:  Undefined index: class in C:\xampp\htdocs\php_milwa_trading\admin\view\template\inventory\sale_tax_invoice_list.tpl on line 19
2022-11-02 17:18:42 - PHP Notice:  Undefined index: class in C:\xampp\htdocs\php_milwa_trading\admin\view\template\inventory\sale_tax_invoice_list.tpl on line 19
2022-11-02 17:18:42 - PHP Notice:  Undefined variable: column_right in C:\xampp\htdocs\php_milwa_trading\admin\view\template\inventory\sale_tax_invoice_list.tpl on line 79
2022-11-02 17:18:45 - PHP Warning:  Invalid argument supplied for foreach() in C:\xampp\htdocs\php_milwa_trading\admin\view\template\common\preset.tpl on line 52
2022-11-02 17:18:47 - PHP Notice:  Undefined index: case_id in C:\xampp\htdocs\php_milwa_trading\admin\controller\common\home.php on line 55
2022-11-02 17:18:47 - PHP Notice:  Undefined index: case_id in C:\xampp\htdocs\php_milwa_trading\admin\controller\common\home.php on line 56
2022-11-02 17:18:47 - PHP Notice:  Undefined variable: href_gl_mapping_account in C:\xampp\htdocs\php_milwa_trading\admin\view\template\common\column_left.tpl on line 66
2022-11-02 17:18:47 - PHP Notice:  Undefined index: gl_mapping_account in C:\xampp\htdocs\php_milwa_trading\admin\view\template\common\column_left.tpl on line 66
2022-11-02 17:18:47 - PHP Notice:  Undefined variable: href_tool_dashboard in C:\xampp\htdocs\php_milwa_trading\admin\view\template\common\column_left.tpl on line 229
2022-11-02 17:18:47 - PHP Notice:  Undefined variable: bank_receipts in C:\xampp\htdocs\php_milwa_trading\admin\view\template\common\home.tpl on line 258
2022-11-02 17:18:47 - PHP Warning:  Invalid argument supplied for foreach() in C:\xampp\htdocs\php_milwa_trading\admin\view\template\common\home.tpl on line 258
2022-11-02 17:18:55 - PHP Notice:  Undefined variable: href_gl_mapping_account in C:\xampp\htdocs\php_milwa_trading\admin\view\template\common\column_left.tpl on line 66
2022-11-02 17:18:55 - PHP Notice:  Undefined index: gl_mapping_account in C:\xampp\htdocs\php_milwa_trading\admin\view\template\common\column_left.tpl on line 66
2022-11-02 17:18:55 - PHP Notice:  Undefined variable: href_tool_dashboard in C:\xampp\htdocs\php_milwa_trading\admin\view\template\common\column_left.tpl on line 229
2022-11-02 17:18:55 - PHP Notice:  Undefined index: class in C:\xampp\htdocs\php_milwa_trading\admin\view\template\inventory\sale_tax_invoice_list.tpl on line 19
2022-11-02 17:18:55 - PHP Notice:  Undefined index: class in C:\xampp\htdocs\php_milwa_trading\admin\view\template\inventory\sale_tax_invoice_list.tpl on line 19
2022-11-02 17:18:55 - PHP Notice:  Undefined index: class in C:\xampp\htdocs\php_milwa_trading\admin\view\template\inventory\sale_tax_invoice_list.tpl on line 19
2022-11-02 17:18:55 - PHP Notice:  Undefined variable: column_right in C:\xampp\htdocs\php_milwa_trading\admin\view\template\inventory\sale_tax_invoice_list.tpl on line 79
2022-11-02 17:18:57 - PHP Warning:  Invalid argument supplied for foreach() in C:\xampp\htdocs\php_milwa_trading\admin\controller\inventory\sale_tax_invoice.php on line 2547
2022-11-02 17:18:57 - PHP Warning:  chr() expects parameter 1 to be int, string given in C:\xampp\htdocs\php_milwa_trading\system\library\tcpdf\include\tcpdf_fonts.php on line 1671
2022-11-02 17:18:57 - PHP Notice:  Undefined offset: 0 in C:\xampp\htdocs\php_milwa_trading\system\helper\utility.php on line 418
2022-11-02 17:18:57 - PHP Notice:  Undefined offset: 1 in C:\xampp\htdocs\php_milwa_trading\admin\controller\inventory\sale_tax_invoice.php on line 2722
2022-11-02 17:18:57 - PHP Notice:  Undefined offset: 0 in C:\xampp\htdocs\php_milwa_trading\system\helper\utility.php on line 340
2022-11-02 17:24:20 - PHP Warning:  Invalid argument supplied for foreach() in C:\xampp\htdocs\php_milwa_trading\admin\controller\inventory\sale_tax_invoice.php on line 2547
2022-11-02 17:24:20 - PHP Warning:  chr() expects parameter 1 to be int, string given in C:\xampp\htdocs\php_milwa_trading\system\library\tcpdf\include\tcpdf_fonts.php on line 1671
2022-11-02 17:24:20 - PHP Notice:  Undefined offset: 0 in C:\xampp\htdocs\php_milwa_trading\system\helper\utility.php on line 419
2022-11-02 17:24:20 - PHP Notice:  Undefined offset: 1 in C:\xampp\htdocs\php_milwa_trading\admin\controller\inventory\sale_tax_invoice.php on line 2722
2022-11-02 17:24:20 - PHP Notice:  Undefined offset: 0 in C:\xampp\htdocs\php_milwa_trading\system\helper\utility.php on line 341
2022-11-02 18:39:15 - PHP Warning:  Invalid argument supplied for foreach() in C:\xampp\htdocs\php_milwa_trading\admin\controller\inventory\sale_tax_invoice.php on line 2547
2022-11-02 18:39:15 - PHP Warning:  chr() expects parameter 1 to be int, string given in C:\xampp\htdocs\php_milwa_trading\system\library\tcpdf\include\tcpdf_fonts.php on line 1671
2022-11-02 18:39:15 - PHP Notice:  Undefined offset: 0 in C:\xampp\htdocs\php_milwa_trading\system\helper\utility.php on line 419
2022-11-02 18:39:15 - PHP Notice:  Undefined offset: 1 in C:\xampp\htdocs\php_milwa_trading\admin\controller\inventory\sale_tax_invoice.php on line 2722
2022-11-02 18:39:15 - PHP Notice:  Undefined offset: 0 in C:\xampp\htdocs\php_milwa_trading\system\helper\utility.php on line 331
2022-11-02 18:39:15 - PHP Notice:  Undefined offset: 1 in C:\xampp\htdocs\php_milwa_trading\system\helper\utility.php on line 340
2022-11-02 18:39:47 - PHP Warning:  implode(): Invalid arguments passed in C:\xampp\htdocs\php_milwa_trading\admin\controller\inventory\sale_tax_invoice.php on line 285
2022-11-02 18:39:47 - PHP Notice:  Undefined index: announcement_id in C:\xampp\htdocs\php_milwa_trading\admin\controller\inventory\sale_tax_invoice.php on line 323
2022-11-02 18:39:47 - PHP Notice:  Undefined variable: href_gl_mapping_account in C:\xampp\htdocs\php_milwa_trading\admin\view\template\common\column_left.tpl on line 66
2022-11-02 18:39:47 - PHP Notice:  Undefined index: gl_mapping_account in C:\xampp\htdocs\php_milwa_trading\admin\view\template\common\column_left.tpl on line 66
2022-11-02 18:39:47 - PHP Notice:  Undefined variable: href_tool_dashboard in C:\xampp\htdocs\php_milwa_trading\admin\view\template\common\column_left.tpl on line 229
2022-11-02 18:39:47 - PHP Notice:  Undefined index: class in C:\xampp\htdocs\php_milwa_trading\admin\view\template\inventory\sale_tax_invoice_form.tpl on line 19
2022-11-02 18:39:47 - PHP Notice:  Undefined index: class in C:\xampp\htdocs\php_milwa_trading\admin\view\template\inventory\sale_tax_invoice_form.tpl on line 19
2022-11-02 18:39:47 - PHP Notice:  Undefined index: class in C:\xampp\htdocs\php_milwa_trading\admin\view\template\inventory\sale_tax_invoice_form.tpl on line 19
2022-11-02 18:39:47 - PHP Notice:  Undefined variable: action_cash_receipt in C:\xampp\htdocs\php_milwa_trading\admin\view\template\inventory\sale_tax_invoice_form.tpl on line 29
2022-11-02 18:39:47 - PHP Notice:  Undefined variable: action in C:\xampp\htdocs\php_milwa_trading\admin\view\template\inventory\sale_tax_invoice_form.tpl on line 96
2022-11-02 18:39:47 - PHP Notice:  Undefined variable: last_rate in C:\xampp\htdocs\php_milwa_trading\admin\view\template\inventory\sale_tax_invoice_form.tpl on line 303
2022-11-02 18:39:47 - PHP Notice:  Undefined index: href in C:\xampp\htdocs\php_milwa_trading\admin\view\template\inventory\sale_tax_invoice_form.tpl on line 344
2022-11-02 18:39:47 - PHP Notice:  Undefined variable: products in C:\xampp\htdocs\php_milwa_trading\admin\view\template\inventory\sale_tax_invoice_form.tpl on line 365
2022-11-02 18:39:47 - PHP Warning:  Invalid argument supplied for foreach() in C:\xampp\htdocs\php_milwa_trading\admin\view\template\inventory\sale_tax_invoice_form.tpl on line 365
2022-11-02 18:39:47 - PHP Notice:  Undefined variable: tax_per in C:\xampp\htdocs\php_milwa_trading\admin\view\template\inventory\sale_tax_invoice_form.tpl on line 478
2022-11-02 18:39:47 - PHP Notice:  Undefined variable: action_cash_receipt in C:\xampp\htdocs\php_milwa_trading\admin\view\template\inventory\sale_tax_invoice_form.tpl on line 519
2022-11-02 18:39:47 - PHP Notice:  Undefined variable: products in C:\xampp\htdocs\php_milwa_trading\admin\view\template\inventory\sale_tax_invoice_form.tpl on line 594
2022-11-02 18:39:47 - PHP Notice:  Undefined variable: column_right in C:\xampp\htdocs\php_milwa_trading\admin\view\template\inventory\sale_tax_invoice_form.tpl on line 736
2022-11-02 18:40:47 - PHP Notice:  Undefined index: bilty_date in C:\xampp\htdocs\php_milwa_trading\admin\controller\inventory\sale_tax_invoice.php on line 1413
2022-11-02 18:40:47 - PHP Notice:  Undefined index: exempted in C:\xampp\htdocs\php_milwa_trading\admin\controller\inventory\sale_tax_invoice.php on line 1422
2022-11-02 18:40:47 - PHP Warning:  mysqli::real_escape_string() expects parameter 1 to be string, array given in C:\xampp\htdocs\php_milwa_trading\system\database\dbmysqli.php on line 93
2022-11-02 18:40:47 - PHP Notice:  Undefined index: is_auto_increment in C:\xampp\htdocs\php_milwa_trading\system\engine\hmodel.php on line 196
2022-11-02 18:40:47 - PHP Notice:  Undefined index: column in C:\xampp\htdocs\php_milwa_trading\system\engine\hmodel.php on line 198
2022-11-02 18:40:47 - PHP Notice:  Undefined index: column in C:\xampp\htdocs\php_milwa_trading\system\engine\hmodel.php on line 199
2022-11-02 18:40:47 - PHP Notice:  Undefined index: is_auto_increment in C:\xampp\htdocs\php_milwa_trading\system\engine\hmodel.php on line 217
2022-11-02 18:40:48 - PHP Notice:  Undefined index: column in C:\xampp\htdocs\php_milwa_trading\system\engine\hmodel.php on line 220
2022-11-02 18:40:48 - PHP Notice:  Undefined index: container_no in C:\xampp\htdocs\php_milwa_trading\admin\controller\inventory\sale_tax_invoice.php on line 1622
2022-11-02 18:40:48 - PHP Notice:  Undefined index: batch_no in C:\xampp\htdocs\php_milwa_trading\admin\controller\inventory\sale_tax_invoice.php on line 1623
2022-11-02 18:40:48 - PHP Notice:  Undefined index: ref_document_id in C:\xampp\htdocs\php_milwa_trading\admin\controller\inventory\sale_tax_invoice.php on line 1664
2022-11-02 18:40:48 - PHP Notice:  Undefined index: ref_document_id in C:\xampp\htdocs\php_milwa_trading\admin\controller\inventory\sale_tax_invoice.php on line 1684
2022-11-02 18:40:48 - PHP Notice:  Undefined index: labour_charges in C:\xampp\htdocs\php_milwa_trading\admin\controller\inventory\sale_tax_invoice.php on line 1765
2022-11-02 18:40:48 - PHP Notice:  Undefined index: misc_charges in C:\xampp\htdocs\php_milwa_trading\admin\controller\inventory\sale_tax_invoice.php on line 1778
2022-11-02 18:40:48 - PHP Notice:  Undefined index: rent_charges in C:\xampp\htdocs\php_milwa_trading\admin\controller\inventory\sale_tax_invoice.php on line 1791
2022-11-02 18:40:48 - PHP Notice:  Undefined index: invoice_type in C:\xampp\htdocs\php_milwa_trading\admin\controller\inventory\sale_tax_invoice.php on line 1841
2022-11-02 18:40:48 - PHP Notice:  Undefined variable: href_gl_mapping_account in C:\xampp\htdocs\php_milwa_trading\admin\view\template\common\column_left.tpl on line 66
2022-11-02 18:40:48 - PHP Notice:  Undefined index: gl_mapping_account in C:\xampp\htdocs\php_milwa_trading\admin\view\template\common\column_left.tpl on line 66
2022-11-02 18:40:48 - PHP Notice:  Undefined variable: href_tool_dashboard in C:\xampp\htdocs\php_milwa_trading\admin\view\template\common\column_left.tpl on line 229
2022-11-02 18:40:48 - PHP Notice:  Undefined index: class in C:\xampp\htdocs\php_milwa_trading\admin\view\template\inventory\sale_tax_invoice_list.tpl on line 19
2022-11-02 18:40:48 - PHP Notice:  Undefined index: class in C:\xampp\htdocs\php_milwa_trading\admin\view\template\inventory\sale_tax_invoice_list.tpl on line 19
2022-11-02 18:40:48 - PHP Notice:  Undefined index: class in C:\xampp\htdocs\php_milwa_trading\admin\view\template\inventory\sale_tax_invoice_list.tpl on line 19
2022-11-02 18:40:48 - PHP Notice:  Undefined variable: column_right in C:\xampp\htdocs\php_milwa_trading\admin\view\template\inventory\sale_tax_invoice_list.tpl on line 79
2022-11-02 18:41:04 - PHP Warning:  Invalid argument supplied for foreach() in C:\xampp\htdocs\php_milwa_trading\admin\controller\inventory\sale_tax_invoice.php on line 2547
2022-11-02 18:41:04 - PHP Warning:  chr() expects parameter 1 to be int, string given in C:\xampp\htdocs\php_milwa_trading\system\library\tcpdf\include\tcpdf_fonts.php on line 1671
2022-11-02 18:41:05 - PHP Notice:  Undefined offset: 0 in C:\xampp\htdocs\php_milwa_trading\system\helper\utility.php on line 419
2022-11-02 18:41:05 - PHP Notice:  Undefined offset: 1 in C:\xampp\htdocs\php_milwa_trading\admin\controller\inventory\sale_tax_invoice.php on line 2722
2022-11-02 18:41:05 - PHP Notice:  Undefined offset: 0 in C:\xampp\htdocs\php_milwa_trading\system\helper\utility.php on line 331
2022-11-02 18:41:05 - PHP Notice:  Undefined offset: 1 in C:\xampp\htdocs\php_milwa_trading\system\helper\utility.php on line 340
2022-11-02 18:41:05 - PHP Notice:  Undefined offset: 1 in C:\xampp\htdocs\php_milwa_trading\system\helper\utility.php on line 341
2022-11-02 18:42:45 - PHP Warning:  implode(): Invalid arguments passed in C:\xampp\htdocs\php_milwa_trading\admin\controller\inventory\sale_tax_invoice.php on line 285
2022-11-02 18:42:45 - PHP Notice:  Undefined index: announcement_id in C:\xampp\htdocs\php_milwa_trading\admin\controller\inventory\sale_tax_invoice.php on line 323
2022-11-02 18:42:45 - PHP Notice:  Undefined variable: href_gl_mapping_account in C:\xampp\htdocs\php_milwa_trading\admin\view\template\common\column_left.tpl on line 66
2022-11-02 18:42:45 - PHP Notice:  Undefined index: gl_mapping_account in C:\xampp\htdocs\php_milwa_trading\admin\view\template\common\column_left.tpl on line 66
2022-11-02 18:42:45 - PHP Notice:  Undefined variable: href_tool_dashboard in C:\xampp\htdocs\php_milwa_trading\admin\view\template\common\column_left.tpl on line 229
2022-11-02 18:42:45 - PHP Notice:  Undefined index: class in C:\xampp\htdocs\php_milwa_trading\admin\view\template\inventory\sale_tax_invoice_form.tpl on line 19
2022-11-02 18:42:45 - PHP Notice:  Undefined index: class in C:\xampp\htdocs\php_milwa_trading\admin\view\template\inventory\sale_tax_invoice_form.tpl on line 19
2022-11-02 18:42:45 - PHP Notice:  Undefined index: class in C:\xampp\htdocs\php_milwa_trading\admin\view\template\inventory\sale_tax_invoice_form.tpl on line 19
2022-11-02 18:42:45 - PHP Notice:  Undefined variable: action_cash_receipt in C:\xampp\htdocs\php_milwa_trading\admin\view\template\inventory\sale_tax_invoice_form.tpl on line 29
2022-11-02 18:42:45 - PHP Notice:  Undefined variable: action in C:\xampp\htdocs\php_milwa_trading\admin\view\template\inventory\sale_tax_invoice_form.tpl on line 96
2022-11-02 18:42:45 - PHP Notice:  Undefined variable: last_rate in C:\xampp\htdocs\php_milwa_trading\admin\view\template\inventory\sale_tax_invoice_form.tpl on line 303
2022-11-02 18:42:45 - PHP Notice:  Undefined index: href in C:\xampp\htdocs\php_milwa_trading\admin\view\template\inventory\sale_tax_invoice_form.tpl on line 344
2022-11-02 18:42:45 - PHP Notice:  Undefined variable: products in C:\xampp\htdocs\php_milwa_trading\admin\view\template\inventory\sale_tax_invoice_form.tpl on line 365
2022-11-02 18:42:45 - PHP Warning:  Invalid argument supplied for foreach() in C:\xampp\htdocs\php_milwa_trading\admin\view\template\inventory\sale_tax_invoice_form.tpl on line 365
2022-11-02 18:42:45 - PHP Notice:  Undefined variable: tax_per in C:\xampp\htdocs\php_milwa_trading\admin\view\template\inventory\sale_tax_invoice_form.tpl on line 478
2022-11-02 18:42:45 - PHP Notice:  Undefined variable: action_cash_receipt in C:\xampp\htdocs\php_milwa_trading\admin\view\template\inventory\sale_tax_invoice_form.tpl on line 519
2022-11-02 18:42:45 - PHP Notice:  Undefined variable: products in C:\xampp\htdocs\php_milwa_trading\admin\view\template\inventory\sale_tax_invoice_form.tpl on line 594
2022-11-02 18:42:45 - PHP Notice:  Undefined variable: column_right in C:\xampp\htdocs\php_milwa_trading\admin\view\template\inventory\sale_tax_invoice_form.tpl on line 736
2022-11-02 18:42:53 - PHP Notice:  Undefined index: bilty_date in C:\xampp\htdocs\php_milwa_trading\admin\controller\inventory\sale_tax_invoice.php on line 1413
2022-11-02 18:42:53 - PHP Notice:  Undefined index: exempted in C:\xampp\htdocs\php_milwa_trading\admin\controller\inventory\sale_tax_invoice.php on line 1422
2022-11-02 18:42:53 - PHP Warning:  mysqli::real_escape_string() expects parameter 1 to be string, array given in C:\xampp\htdocs\php_milwa_trading\system\database\dbmysqli.php on line 93
2022-11-02 18:42:54 - PHP Notice:  Undefined index: is_auto_increment in C:\xampp\htdocs\php_milwa_trading\system\engine\hmodel.php on line 196
2022-11-02 18:42:54 - PHP Notice:  Undefined index: column in C:\xampp\htdocs\php_milwa_trading\system\engine\hmodel.php on line 198
2022-11-02 18:42:54 - PHP Notice:  Undefined index: column in C:\xampp\htdocs\php_milwa_trading\system\engine\hmodel.php on line 199
2022-11-02 18:42:54 - PHP Notice:  Undefined index: is_auto_increment in C:\xampp\htdocs\php_milwa_trading\system\engine\hmodel.php on line 217
2022-11-02 18:42:54 - PHP Notice:  Undefined index: column in C:\xampp\htdocs\php_milwa_trading\system\engine\hmodel.php on line 220
2022-11-02 18:42:54 - PHP Notice:  Undefined index: container_no in C:\xampp\htdocs\php_milwa_trading\admin\controller\inventory\sale_tax_invoice.php on line 1622
2022-11-02 18:42:54 - PHP Notice:  Undefined index: batch_no in C:\xampp\htdocs\php_milwa_trading\admin\controller\inventory\sale_tax_invoice.php on line 1623
2022-11-02 18:42:54 - PHP Notice:  Undefined index: ref_document_id in C:\xampp\htdocs\php_milwa_trading\admin\controller\inventory\sale_tax_invoice.php on line 1664
2022-11-02 18:42:54 - PHP Notice:  Undefined index: ref_document_id in C:\xampp\htdocs\php_milwa_trading\admin\controller\inventory\sale_tax_invoice.php on line 1684
2022-11-02 18:42:54 - PHP Notice:  Undefined index: labour_charges in C:\xampp\htdocs\php_milwa_trading\admin\controller\inventory\sale_tax_invoice.php on line 1765
2022-11-02 18:42:54 - PHP Notice:  Undefined index: misc_charges in C:\xampp\htdocs\php_milwa_trading\admin\controller\inventory\sale_tax_invoice.php on line 1778
2022-11-02 18:42:54 - PHP Notice:  Undefined index: rent_charges in C:\xampp\htdocs\php_milwa_trading\admin\controller\inventory\sale_tax_invoice.php on line 1791
2022-11-02 18:42:54 - PHP Notice:  Undefined index: invoice_type in C:\xampp\htdocs\php_milwa_trading\admin\controller\inventory\sale_tax_invoice.php on line 1841
2022-11-02 18:42:54 - PHP Notice:  Undefined variable: href_gl_mapping_account in C:\xampp\htdocs\php_milwa_trading\admin\view\template\common\column_left.tpl on line 66
2022-11-02 18:42:54 - PHP Notice:  Undefined index: gl_mapping_account in C:\xampp\htdocs\php_milwa_trading\admin\view\template\common\column_left.tpl on line 66
2022-11-02 18:42:54 - PHP Notice:  Undefined variable: href_tool_dashboard in C:\xampp\htdocs\php_milwa_trading\admin\view\template\common\column_left.tpl on line 229
2022-11-02 18:42:54 - PHP Notice:  Undefined index: class in C:\xampp\htdocs\php_milwa_trading\admin\view\template\inventory\sale_tax_invoice_list.tpl on line 19
2022-11-02 18:42:54 - PHP Notice:  Undefined index: class in C:\xampp\htdocs\php_milwa_trading\admin\view\template\inventory\sale_tax_invoice_list.tpl on line 19
2022-11-02 18:42:54 - PHP Notice:  Undefined index: class in C:\xampp\htdocs\php_milwa_trading\admin\view\template\inventory\sale_tax_invoice_list.tpl on line 19
2022-11-02 18:42:54 - PHP Notice:  Undefined variable: column_right in C:\xampp\htdocs\php_milwa_trading\admin\view\template\inventory\sale_tax_invoice_list.tpl on line 79
2022-11-02 18:43:00 - PHP Warning:  implode(): Invalid arguments passed in C:\xampp\htdocs\php_milwa_trading\admin\controller\inventory\sale_tax_invoice.php on line 285
2022-11-02 18:43:00 - PHP Notice:  Undefined index: announcement_id in C:\xampp\htdocs\php_milwa_trading\admin\controller\inventory\sale_tax_invoice.php on line 323
2022-11-02 18:43:00 - PHP Notice:  Undefined variable: href_gl_mapping_account in C:\xampp\htdocs\php_milwa_trading\admin\view\template\common\column_left.tpl on line 66
2022-11-02 18:43:00 - PHP Notice:  Undefined index: gl_mapping_account in C:\xampp\htdocs\php_milwa_trading\admin\view\template\common\column_left.tpl on line 66
2022-11-02 18:43:00 - PHP Notice:  Undefined variable: href_tool_dashboard in C:\xampp\htdocs\php_milwa_trading\admin\view\template\common\column_left.tpl on line 229
2022-11-02 18:43:00 - PHP Notice:  Undefined index: class in C:\xampp\htdocs\php_milwa_trading\admin\view\template\inventory\sale_tax_invoice_form.tpl on line 19
2022-11-02 18:43:00 - PHP Notice:  Undefined index: class in C:\xampp\htdocs\php_milwa_trading\admin\view\template\inventory\sale_tax_invoice_form.tpl on line 19
2022-11-02 18:43:00 - PHP Notice:  Undefined index: class in C:\xampp\htdocs\php_milwa_trading\admin\view\template\inventory\sale_tax_invoice_form.tpl on line 19
2022-11-02 18:43:00 - PHP Notice:  Undefined variable: action_cash_receipt in C:\xampp\htdocs\php_milwa_trading\admin\view\template\inventory\sale_tax_invoice_form.tpl on line 29
2022-11-02 18:43:00 - PHP Notice:  Undefined variable: action in C:\xampp\htdocs\php_milwa_trading\admin\view\template\inventory\sale_tax_invoice_form.tpl on line 96
2022-11-02 18:43:00 - PHP Notice:  Undefined variable: last_rate in C:\xampp\htdocs\php_milwa_trading\admin\view\template\inventory\sale_tax_invoice_form.tpl on line 303
2022-11-02 18:43:00 - PHP Notice:  Undefined index: href in C:\xampp\htdocs\php_milwa_trading\admin\view\template\inventory\sale_tax_invoice_form.tpl on line 344
2022-11-02 18:43:00 - PHP Notice:  Undefined variable: products in C:\xampp\htdocs\php_milwa_trading\admin\view\template\inventory\sale_tax_invoice_form.tpl on line 365
2022-11-02 18:43:00 - PHP Warning:  Invalid argument supplied for foreach() in C:\xampp\htdocs\php_milwa_trading\admin\view\template\inventory\sale_tax_invoice_form.tpl on line 365
2022-11-02 18:43:00 - PHP Notice:  Undefined variable: tax_per in C:\xampp\htdocs\php_milwa_trading\admin\view\template\inventory\sale_tax_invoice_form.tpl on line 478
2022-11-02 18:43:00 - PHP Notice:  Undefined variable: action_cash_receipt in C:\xampp\htdocs\php_milwa_trading\admin\view\template\inventory\sale_tax_invoice_form.tpl on line 519
2022-11-02 18:43:00 - PHP Notice:  Undefined variable: products in C:\xampp\htdocs\php_milwa_trading\admin\view\template\inventory\sale_tax_invoice_form.tpl on line 594
2022-11-02 18:43:00 - PHP Notice:  Undefined variable: column_right in C:\xampp\htdocs\php_milwa_trading\admin\view\template\inventory\sale_tax_invoice_form.tpl on line 736
2022-11-02 18:43:06 - PHP Notice:  Undefined index: bilty_date in C:\xampp\htdocs\php_milwa_trading\admin\controller\inventory\sale_tax_invoice.php on line 1413
2022-11-02 18:43:07 - PHP Notice:  Undefined index: exempted in C:\xampp\htdocs\php_milwa_trading\admin\controller\inventory\sale_tax_invoice.php on line 1422
2022-11-02 18:43:07 - PHP Warning:  mysqli::real_escape_string() expects parameter 1 to be string, array given in C:\xampp\htdocs\php_milwa_trading\system\database\dbmysqli.php on line 93
2022-11-02 18:43:07 - PHP Notice:  Undefined index: is_auto_increment in C:\xampp\htdocs\php_milwa_trading\system\engine\hmodel.php on line 196
2022-11-02 18:43:07 - PHP Notice:  Undefined index: column in C:\xampp\htdocs\php_milwa_trading\system\engine\hmodel.php on line 198
2022-11-02 18:43:07 - PHP Notice:  Undefined index: column in C:\xampp\htdocs\php_milwa_trading\system\engine\hmodel.php on line 199
2022-11-02 18:43:07 - PHP Notice:  Undefined index: is_auto_increment in C:\xampp\htdocs\php_milwa_trading\system\engine\hmodel.php on line 217
2022-11-02 18:43:07 - PHP Notice:  Undefined index: column in C:\xampp\htdocs\php_milwa_trading\system\engine\hmodel.php on line 220
2022-11-02 18:43:07 - PHP Notice:  Undefined index: container_no in C:\xampp\htdocs\php_milwa_trading\admin\controller\inventory\sale_tax_invoice.php on line 1622
2022-11-02 18:43:07 - PHP Notice:  Undefined index: batch_no in C:\xampp\htdocs\php_milwa_trading\admin\controller\inventory\sale_tax_invoice.php on line 1623
2022-11-02 18:43:07 - PHP Notice:  Undefined index: ref_document_id in C:\xampp\htdocs\php_milwa_trading\admin\controller\inventory\sale_tax_invoice.php on line 1664
2022-11-02 18:43:07 - PHP Notice:  Undefined index: ref_document_id in C:\xampp\htdocs\php_milwa_trading\admin\controller\inventory\sale_tax_invoice.php on line 1684
2022-11-02 18:43:07 - PHP Notice:  Undefined index: labour_charges in C:\xampp\htdocs\php_milwa_trading\admin\controller\inventory\sale_tax_invoice.php on line 1765
2022-11-02 18:43:07 - PHP Notice:  Undefined index: misc_charges in C:\xampp\htdocs\php_milwa_trading\admin\controller\inventory\sale_tax_invoice.php on line 1778
2022-11-02 18:43:07 - PHP Notice:  Undefined index: rent_charges in C:\xampp\htdocs\php_milwa_trading\admin\controller\inventory\sale_tax_invoice.php on line 1791
2022-11-02 18:43:07 - PHP Notice:  Undefined index: invoice_type in C:\xampp\htdocs\php_milwa_trading\admin\controller\inventory\sale_tax_invoice.php on line 1841
2022-11-02 18:43:07 - PHP Notice:  Undefined variable: href_gl_mapping_account in C:\xampp\htdocs\php_milwa_trading\admin\view\template\common\column_left.tpl on line 66
2022-11-02 18:43:07 - PHP Notice:  Undefined index: gl_mapping_account in C:\xampp\htdocs\php_milwa_trading\admin\view\template\common\column_left.tpl on line 66
2022-11-02 18:43:07 - PHP Notice:  Undefined variable: href_tool_dashboard in C:\xampp\htdocs\php_milwa_trading\admin\view\template\common\column_left.tpl on line 229
2022-11-02 18:43:07 - PHP Notice:  Undefined index: class in C:\xampp\htdocs\php_milwa_trading\admin\view\template\inventory\sale_tax_invoice_list.tpl on line 19
2022-11-02 18:43:07 - PHP Notice:  Undefined index: class in C:\xampp\htdocs\php_milwa_trading\admin\view\template\inventory\sale_tax_invoice_list.tpl on line 19
2022-11-02 18:43:07 - PHP Notice:  Undefined index: class in C:\xampp\htdocs\php_milwa_trading\admin\view\template\inventory\sale_tax_invoice_list.tpl on line 19
2022-11-02 18:43:07 - PHP Notice:  Undefined variable: column_right in C:\xampp\htdocs\php_milwa_trading\admin\view\template\inventory\sale_tax_invoice_list.tpl on line 79
2022-11-02 18:43:11 - PHP Warning:  Invalid argument supplied for foreach() in C:\xampp\htdocs\php_milwa_trading\admin\controller\inventory\sale_tax_invoice.php on line 2547
2022-11-02 18:43:11 - PHP Warning:  chr() expects parameter 1 to be int, string given in C:\xampp\htdocs\php_milwa_trading\system\library\tcpdf\include\tcpdf_fonts.php on line 1671
2022-11-02 18:43:11 - PHP Notice:  Undefined offset: 0 in C:\xampp\htdocs\php_milwa_trading\system\helper\utility.php on line 419
2022-11-02 18:43:11 - PHP Notice:  Undefined offset: 1 in C:\xampp\htdocs\php_milwa_trading\admin\controller\inventory\sale_tax_invoice.php on line 2722
2022-11-02 18:43:41 - PHP Notice:  Undefined index: from_time in C:\xampp\htdocs\php_milwa_trading\admin\controller\common\login.php on line 102
2022-11-02 18:43:41 - PHP Notice:  Undefined index: to_time in C:\xampp\htdocs\php_milwa_trading\admin\controller\common\login.php on line 103
2022-11-02 18:43:45 - PHP Notice:  Undefined index: db_name in C:\xampp\htdocs\php_milwa_trading\system\engine\hmodel.php on line 12
2022-11-02 18:43:45 - PHP Warning:  Invalid argument supplied for foreach() in C:\xampp\htdocs\php_milwa_trading\admin\view\template\common\preset.tpl on line 52
2022-11-02 18:43:50 - PHP Notice:  Undefined index: db_name in C:\xampp\htdocs\php_milwa_trading\system\engine\hmodel.php on line 12
2022-11-02 18:43:50 - PHP Notice:  Undefined index: case_id in C:\xampp\htdocs\php_milwa_trading\admin\controller\common\home.php on line 55
2022-11-02 18:43:50 - PHP Notice:  Undefined index: case_id in C:\xampp\htdocs\php_milwa_trading\admin\controller\common\home.php on line 56
2022-11-02 18:43:50 - PHP Notice:  Undefined variable: href_gl_mapping_account in C:\xampp\htdocs\php_milwa_trading\admin\view\template\common\column_left.tpl on line 66
2022-11-02 18:43:50 - PHP Notice:  Undefined index: gl_mapping_account in C:\xampp\htdocs\php_milwa_trading\admin\view\template\common\column_left.tpl on line 66
2022-11-02 18:43:50 - PHP Notice:  Undefined variable: href_tool_dashboard in C:\xampp\htdocs\php_milwa_trading\admin\view\template\common\column_left.tpl on line 229
2022-11-02 18:43:50 - PHP Notice:  Undefined variable: bank_receipts in C:\xampp\htdocs\php_milwa_trading\admin\view\template\common\home.tpl on line 258
2022-11-02 18:43:50 - PHP Warning:  Invalid argument supplied for foreach() in C:\xampp\htdocs\php_milwa_trading\admin\view\template\common\home.tpl on line 258
2022-11-02 18:43:52 - PHP Warning:  Invalid argument supplied for foreach() in C:\xampp\htdocs\php_milwa_trading\admin\controller\inventory\sale_tax_invoice.php on line 2547
2022-11-02 18:43:53 - PHP Warning:  chr() expects parameter 1 to be int, string given in C:\xampp\htdocs\php_milwa_trading\system\library\tcpdf\include\tcpdf_fonts.php on line 1671
2022-11-02 18:43:53 - PHP Notice:  Undefined offset: 0 in C:\xampp\htdocs\php_milwa_trading\system\helper\utility.php on line 419
2022-11-02 18:43:53 - PHP Notice:  Undefined offset: 1 in C:\xampp\htdocs\php_milwa_trading\admin\controller\inventory\sale_tax_invoice.php on line 2694
2022-11-02 18:44:02 - PHP Warning:  Invalid argument supplied for foreach() in C:\xampp\htdocs\php_milwa_trading\admin\view\template\common\preset.tpl on line 52
2022-11-02 18:44:05 - PHP Notice:  Undefined index: case_id in C:\xampp\htdocs\php_milwa_trading\admin\controller\common\home.php on line 55
2022-11-02 18:44:05 - PHP Notice:  Undefined index: case_id in C:\xampp\htdocs\php_milwa_trading\admin\controller\common\home.php on line 56
2022-11-02 18:44:05 - PHP Notice:  Undefined variable: href_gl_mapping_account in C:\xampp\htdocs\php_milwa_trading\admin\view\template\common\column_left.tpl on line 66
2022-11-02 18:44:05 - PHP Notice:  Undefined index: gl_mapping_account in C:\xampp\htdocs\php_milwa_trading\admin\view\template\common\column_left.tpl on line 66
2022-11-02 18:44:05 - PHP Notice:  Undefined variable: href_tool_dashboard in C:\xampp\htdocs\php_milwa_trading\admin\view\template\common\column_left.tpl on line 229
2022-11-02 18:44:05 - PHP Notice:  Undefined variable: bank_receipts in C:\xampp\htdocs\php_milwa_trading\admin\view\template\common\home.tpl on line 258
2022-11-02 18:44:05 - PHP Warning:  Invalid argument supplied for foreach() in C:\xampp\htdocs\php_milwa_trading\admin\view\template\common\home.tpl on line 258
2022-11-02 18:44:08 - PHP Warning:  Invalid argument supplied for foreach() in C:\xampp\htdocs\php_milwa_trading\admin\controller\inventory\sale_tax_invoice.php on line 2547
2022-11-02 18:44:08 - PHP Warning:  chr() expects parameter 1 to be int, string given in C:\xampp\htdocs\php_milwa_trading\system\library\tcpdf\include\tcpdf_fonts.php on line 1671
2022-11-02 18:44:08 - PHP Notice:  Undefined offset: 0 in C:\xampp\htdocs\php_milwa_trading\system\helper\utility.php on line 419
2022-11-02 18:44:08 - PHP Notice:  Undefined offset: 1 in C:\xampp\htdocs\php_milwa_trading\admin\controller\inventory\sale_tax_invoice.php on line 2722
2022-11-02 18:44:52 - PHP Notice:  Undefined variable: href_gl_mapping_account in C:\xampp\htdocs\php_milwa_trading\admin\view\template\common\column_left.tpl on line 66
2022-11-02 18:44:52 - PHP Notice:  Undefined index: gl_mapping_account in C:\xampp\htdocs\php_milwa_trading\admin\view\template\common\column_left.tpl on line 66
2022-11-02 18:44:52 - PHP Notice:  Undefined variable: href_tool_dashboard in C:\xampp\htdocs\php_milwa_trading\admin\view\template\common\column_left.tpl on line 229
2022-11-02 18:44:52 - PHP Notice:  Undefined index: class in C:\xampp\htdocs\php_milwa_trading\admin\view\template\inventory\sale_tax_invoice_list.tpl on line 19
2022-11-02 18:44:52 - PHP Notice:  Undefined index: class in C:\xampp\htdocs\php_milwa_trading\admin\view\template\inventory\sale_tax_invoice_list.tpl on line 19
2022-11-02 18:44:52 - PHP Notice:  Undefined index: class in C:\xampp\htdocs\php_milwa_trading\admin\view\template\inventory\sale_tax_invoice_list.tpl on line 19
2022-11-02 18:44:52 - PHP Notice:  Undefined variable: column_right in C:\xampp\htdocs\php_milwa_trading\admin\view\template\inventory\sale_tax_invoice_list.tpl on line 79
2022-11-02 18:49:15 - PHP Warning:  Invalid argument supplied for foreach() in C:\xampp\htdocs\php_milwa_trading\admin\controller\inventory\sale_tax_invoice.php on line 2547
2022-11-02 18:49:15 - PHP Warning:  chr() expects parameter 1 to be int, string given in C:\xampp\htdocs\php_milwa_trading\system\library\tcpdf\include\tcpdf_fonts.php on line 1671
2022-11-02 18:49:15 - PHP Notice:  Undefined offset: 0 in C:\xampp\htdocs\php_milwa_trading\system\helper\utility.php on line 419
2022-11-02 18:49:15 - PHP Notice:  Undefined offset: 1 in C:\xampp\htdocs\php_milwa_trading\admin\controller\inventory\sale_tax_invoice.php on line 2722
2022-11-02 18:49:15 - PHP Notice:  Undefined offset: 0 in C:\xampp\htdocs\php_milwa_trading\system\helper\utility.php on line 419
2022-11-02 18:49:15 - PHP Notice:  Undefined offset: 0 in C:\xampp\htdocs\php_milwa_trading\system\helper\utility.php on line 331
2022-11-02 18:49:15 - PHP Notice:  Undefined index: 00 in C:\xampp\htdocs\php_milwa_trading\system\helper\utility.php on line 340
2022-11-02 18:49:15 - PHP Notice:  Undefined index: 00 in C:\xampp\htdocs\php_milwa_trading\system\helper\utility.php on line 341
2022-11-02 18:49:15 - PHP Notice:  Undefined offset: 1 in C:\xampp\htdocs\php_milwa_trading\system\helper\utility.php on line 340
2022-11-02 19:12:07 - PHP Notice:  Undefined index: from_time in C:\xampp\htdocs\php_milwa_trading\admin\controller\common\login.php on line 102
2022-11-02 19:12:07 - PHP Notice:  Undefined index: to_time in C:\xampp\htdocs\php_milwa_trading\admin\controller\common\login.php on line 103
2022-11-02 19:12:08 - PHP Notice:  Undefined index: from_time in C:\xampp\htdocs\php_milwa_trading\admin\controller\common\login.php on line 102
2022-11-02 19:12:08 - PHP Notice:  Undefined index: to_time in C:\xampp\htdocs\php_milwa_trading\admin\controller\common\login.php on line 103
2022-11-02 19:12:11 - PHP Notice:  Undefined index: from_time in C:\xampp\htdocs\php_milwa_trading\admin\controller\common\login.php on line 102
2022-11-02 19:12:11 - PHP Notice:  Undefined index: to_time in C:\xampp\htdocs\php_milwa_trading\admin\controller\common\login.php on line 103
2022-11-02 19:12:16 - PHP Notice:  Undefined index: db_name in C:\xampp\htdocs\php_milwa_trading\system\engine\hmodel.php on line 12
2022-11-02 19:12:17 - PHP Warning:  Invalid argument supplied for foreach() in C:\xampp\htdocs\php_milwa_trading\admin\view\template\common\preset.tpl on line 52
2022-11-02 19:12:18 - PHP Notice:  Undefined index: db_name in C:\xampp\htdocs\php_milwa_trading\system\engine\hmodel.php on line 12
2022-11-02 19:12:19 - PHP Notice:  Undefined index: case_id in C:\xampp\htdocs\php_milwa_trading\admin\controller\common\home.php on line 55
2022-11-02 19:12:19 - PHP Notice:  Undefined index: case_id in C:\xampp\htdocs\php_milwa_trading\admin\controller\common\home.php on line 56
2022-11-02 19:12:19 - PHP Notice:  Undefined variable: href_gl_mapping_account in C:\xampp\htdocs\php_milwa_trading\admin\view\template\common\column_left.tpl on line 66
2022-11-02 19:12:19 - PHP Notice:  Undefined index: gl_mapping_account in C:\xampp\htdocs\php_milwa_trading\admin\view\template\common\column_left.tpl on line 66
2022-11-02 19:12:19 - PHP Notice:  Undefined variable: href_tool_dashboard in C:\xampp\htdocs\php_milwa_trading\admin\view\template\common\column_left.tpl on line 229
2022-11-02 19:12:19 - PHP Notice:  Undefined variable: bank_receipts in C:\xampp\htdocs\php_milwa_trading\admin\view\template\common\home.tpl on line 258
2022-11-02 19:12:19 - PHP Warning:  Invalid argument supplied for foreach() in C:\xampp\htdocs\php_milwa_trading\admin\view\template\common\home.tpl on line 258
2022-11-02 19:12:21 - PHP Warning:  Invalid argument supplied for foreach() in C:\xampp\htdocs\php_milwa_trading\admin\view\template\common\preset.tpl on line 52
2022-11-02 19:12:25 - PHP Notice:  Undefined index: case_id in C:\xampp\htdocs\php_milwa_trading\admin\controller\common\home.php on line 55
2022-11-02 19:12:25 - PHP Notice:  Undefined index: case_id in C:\xampp\htdocs\php_milwa_trading\admin\controller\common\home.php on line 56
2022-11-02 19:12:25 - PHP Notice:  Undefined variable: href_gl_mapping_account in C:\xampp\htdocs\php_milwa_trading\admin\view\template\common\column_left.tpl on line 66
2022-11-02 19:12:25 - PHP Notice:  Undefined index: gl_mapping_account in C:\xampp\htdocs\php_milwa_trading\admin\view\template\common\column_left.tpl on line 66
2022-11-02 19:12:25 - PHP Notice:  Undefined variable: href_tool_dashboard in C:\xampp\htdocs\php_milwa_trading\admin\view\template\common\column_left.tpl on line 229
2022-11-02 19:12:25 - PHP Notice:  Undefined variable: bank_receipts in C:\xampp\htdocs\php_milwa_trading\admin\view\template\common\home.tpl on line 258
2022-11-02 19:12:25 - PHP Warning:  Invalid argument supplied for foreach() in C:\xampp\htdocs\php_milwa_trading\admin\view\template\common\home.tpl on line 258
2022-11-02 19:12:32 - PHP Warning:  Invalid argument supplied for foreach() in C:\xampp\htdocs\php_milwa_trading\admin\controller\inventory\sale_tax_invoice.php on line 2547
2022-11-02 19:12:32 - PHP Warning:  chr() expects parameter 1 to be int, string given in C:\xampp\htdocs\php_milwa_trading\system\library\tcpdf\include\tcpdf_fonts.php on line 1671
2022-11-02 19:12:32 - PHP Notice:  Undefined offset: 0 in C:\xampp\htdocs\php_milwa_trading\system\helper\utility.php on line 420
2022-11-02 19:12:32 - PHP Notice:  Undefined offset: 1 in C:\xampp\htdocs\php_milwa_trading\admin\controller\inventory\sale_tax_invoice.php on line 2722
2022-11-02 19:12:32 - PHP Notice:  Undefined offset: 0 in C:\xampp\htdocs\php_milwa_trading\system\helper\utility.php on line 420
2022-11-02 19:12:46 - PHP Warning:  Invalid argument supplied for foreach() in C:\xampp\htdocs\php_milwa_trading\admin\controller\inventory\sale_tax_invoice.php on line 2547
2022-11-02 19:12:46 - PHP Warning:  chr() expects parameter 1 to be int, string given in C:\xampp\htdocs\php_milwa_trading\system\library\tcpdf\include\tcpdf_fonts.php on line 1671
2022-11-02 19:12:46 - PHP Notice:  Undefined offset: 0 in C:\xampp\htdocs\php_milwa_trading\system\helper\utility.php on line 420
2022-11-02 19:12:46 - PHP Notice:  Undefined offset: 1 in C:\xampp\htdocs\php_milwa_trading\admin\controller\inventory\sale_tax_invoice.php on line 2722
2022-11-02 19:12:46 - PHP Notice:  Undefined offset: 0 in C:\xampp\htdocs\php_milwa_trading\system\helper\utility.php on line 329
2022-11-02 19:12:46 - PHP Notice:  Undefined offset: 1 in C:\xampp\htdocs\php_milwa_trading\system\helper\utility.php on line 337
2022-11-02 19:12:46 - PHP Notice:  Undefined offset: 1 in C:\xampp\htdocs\php_milwa_trading\system\helper\utility.php on line 338
2022-11-02 19:13:14 - PHP Warning:  Invalid argument supplied for foreach() in C:\xampp\htdocs\php_milwa_trading\admin\controller\inventory\sale_tax_invoice.php on line 2547
2022-11-02 19:13:14 - PHP Warning:  chr() expects parameter 1 to be int, string given in C:\xampp\htdocs\php_milwa_trading\system\library\tcpdf\include\tcpdf_fonts.php on line 1671
2022-11-02 19:13:14 - PHP Notice:  Undefined offset: 0 in C:\xampp\htdocs\php_milwa_trading\system\helper\utility.php on line 420
2022-11-02 19:13:14 - PHP Notice:  Undefined offset: 1 in C:\xampp\htdocs\php_milwa_trading\admin\controller\inventory\sale_tax_invoice.php on line 2722
2022-11-02 19:13:14 - PHP Notice:  Undefined offset: 0 in C:\xampp\htdocs\php_milwa_trading\system\helper\utility.php on line 420
2022-11-02 19:20:48 - PHP Warning:  implode(): Invalid arguments passed in C:\xampp\htdocs\php_milwa_trading\admin\controller\inventory\sale_tax_invoice.php on line 285
2022-11-02 19:20:48 - PHP Notice:  Undefined index: announcement_id in C:\xampp\htdocs\php_milwa_trading\admin\controller\inventory\sale_tax_invoice.php on line 323
2022-11-02 19:20:48 - PHP Notice:  Undefined variable: href_gl_mapping_account in C:\xampp\htdocs\php_milwa_trading\admin\view\template\common\column_left.tpl on line 66
2022-11-02 19:20:48 - PHP Notice:  Undefined index: gl_mapping_account in C:\xampp\htdocs\php_milwa_trading\admin\view\template\common\column_left.tpl on line 66
2022-11-02 19:20:48 - PHP Notice:  Undefined variable: href_tool_dashboard in C:\xampp\htdocs\php_milwa_trading\admin\view\template\common\column_left.tpl on line 229
2022-11-02 19:20:48 - PHP Notice:  Undefined index: class in C:\xampp\htdocs\php_milwa_trading\admin\view\template\inventory\sale_tax_invoice_form.tpl on line 19
2022-11-02 19:20:48 - PHP Notice:  Undefined index: class in C:\xampp\htdocs\php_milwa_trading\admin\view\template\inventory\sale_tax_invoice_form.tpl on line 19
2022-11-02 19:20:48 - PHP Notice:  Undefined index: class in C:\xampp\htdocs\php_milwa_trading\admin\view\template\inventory\sale_tax_invoice_form.tpl on line 19
2022-11-02 19:20:48 - PHP Notice:  Undefined variable: action_cash_receipt in C:\xampp\htdocs\php_milwa_trading\admin\view\template\inventory\sale_tax_invoice_form.tpl on line 29
2022-11-02 19:20:48 - PHP Notice:  Undefined variable: action in C:\xampp\htdocs\php_milwa_trading\admin\view\template\inventory\sale_tax_invoice_form.tpl on line 96
2022-11-02 19:20:48 - PHP Notice:  Undefined variable: last_rate in C:\xampp\htdocs\php_milwa_trading\admin\view\template\inventory\sale_tax_invoice_form.tpl on line 303
2022-11-02 19:20:48 - PHP Notice:  Undefined index: href in C:\xampp\htdocs\php_milwa_trading\admin\view\template\inventory\sale_tax_invoice_form.tpl on line 344
2022-11-02 19:20:48 - PHP Notice:  Undefined variable: products in C:\xampp\htdocs\php_milwa_trading\admin\view\template\inventory\sale_tax_invoice_form.tpl on line 365
2022-11-02 19:20:48 - PHP Warning:  Invalid argument supplied for foreach() in C:\xampp\htdocs\php_milwa_trading\admin\view\template\inventory\sale_tax_invoice_form.tpl on line 365
2022-11-02 19:20:48 - PHP Notice:  Undefined variable: tax_per in C:\xampp\htdocs\php_milwa_trading\admin\view\template\inventory\sale_tax_invoice_form.tpl on line 478
2022-11-02 19:20:48 - PHP Notice:  Undefined variable: action_cash_receipt in C:\xampp\htdocs\php_milwa_trading\admin\view\template\inventory\sale_tax_invoice_form.tpl on line 519
2022-11-02 19:20:48 - PHP Notice:  Undefined variable: products in C:\xampp\htdocs\php_milwa_trading\admin\view\template\inventory\sale_tax_invoice_form.tpl on line 594
2022-11-02 19:20:48 - PHP Notice:  Undefined variable: column_right in C:\xampp\htdocs\php_milwa_trading\admin\view\template\inventory\sale_tax_invoice_form.tpl on line 736
2022-11-02 19:20:58 - PHP Notice:  Undefined variable: href_gl_mapping_account in C:\xampp\htdocs\php_milwa_trading\admin\view\template\common\column_left.tpl on line 66
2022-11-02 19:20:58 - PHP Notice:  Undefined index: gl_mapping_account in C:\xampp\htdocs\php_milwa_trading\admin\view\template\common\column_left.tpl on line 66
2022-11-02 19:20:58 - PHP Notice:  Undefined variable: href_tool_dashboard in C:\xampp\htdocs\php_milwa_trading\admin\view\template\common\column_left.tpl on line 229
2022-11-02 19:20:58 - PHP Notice:  Undefined index: class in C:\xampp\htdocs\php_milwa_trading\admin\view\template\inventory\sale_tax_invoice_list.tpl on line 19
2022-11-02 19:20:58 - PHP Notice:  Undefined index: class in C:\xampp\htdocs\php_milwa_trading\admin\view\template\inventory\sale_tax_invoice_list.tpl on line 19
2022-11-02 19:20:58 - PHP Notice:  Undefined index: class in C:\xampp\htdocs\php_milwa_trading\admin\view\template\inventory\sale_tax_invoice_list.tpl on line 19
2022-11-02 19:20:58 - PHP Notice:  Undefined variable: column_right in C:\xampp\htdocs\php_milwa_trading\admin\view\template\inventory\sale_tax_invoice_list.tpl on line 79
2022-11-02 19:22:20 - PHP Warning:  implode(): Invalid arguments passed in C:\xampp\htdocs\php_milwa_trading\admin\controller\inventory\sale_tax_invoice.php on line 285
2022-11-02 19:22:20 - PHP Notice:  Undefined index: announcement_id in C:\xampp\htdocs\php_milwa_trading\admin\controller\inventory\sale_tax_invoice.php on line 323
2022-11-02 19:22:20 - PHP Notice:  Undefined variable: href_gl_mapping_account in C:\xampp\htdocs\php_milwa_trading\admin\view\template\common\column_left.tpl on line 66
2022-11-02 19:22:20 - PHP Notice:  Undefined index: gl_mapping_account in C:\xampp\htdocs\php_milwa_trading\admin\view\template\common\column_left.tpl on line 66
2022-11-02 19:22:20 - PHP Notice:  Undefined variable: href_tool_dashboard in C:\xampp\htdocs\php_milwa_trading\admin\view\template\common\column_left.tpl on line 229
2022-11-02 19:22:20 - PHP Notice:  Undefined index: class in C:\xampp\htdocs\php_milwa_trading\admin\view\template\inventory\sale_tax_invoice_form.tpl on line 19
2022-11-02 19:22:20 - PHP Notice:  Undefined index: class in C:\xampp\htdocs\php_milwa_trading\admin\view\template\inventory\sale_tax_invoice_form.tpl on line 19
2022-11-02 19:22:20 - PHP Notice:  Undefined index: class in C:\xampp\htdocs\php_milwa_trading\admin\view\template\inventory\sale_tax_invoice_form.tpl on line 19
2022-11-02 19:22:20 - PHP Notice:  Undefined variable: action_cash_receipt in C:\xampp\htdocs\php_milwa_trading\admin\view\template\inventory\sale_tax_invoice_form.tpl on line 29
2022-11-02 19:22:20 - PHP Notice:  Undefined variable: action in C:\xampp\htdocs\php_milwa_trading\admin\view\template\inventory\sale_tax_invoice_form.tpl on line 96
2022-11-02 19:22:20 - PHP Notice:  Undefined variable: last_rate in C:\xampp\htdocs\php_milwa_trading\admin\view\template\inventory\sale_tax_invoice_form.tpl on line 303
2022-11-02 19:22:20 - PHP Notice:  Undefined index: href in C:\xampp\htdocs\php_milwa_trading\admin\view\template\inventory\sale_tax_invoice_form.tpl on line 344
2022-11-02 19:22:20 - PHP Notice:  Undefined variable: products in C:\xampp\htdocs\php_milwa_trading\admin\view\template\inventory\sale_tax_invoice_form.tpl on line 365
2022-11-02 19:22:20 - PHP Warning:  Invalid argument supplied for foreach() in C:\xampp\htdocs\php_milwa_trading\admin\view\template\inventory\sale_tax_invoice_form.tpl on line 365
2022-11-02 19:22:20 - PHP Notice:  Undefined variable: tax_per in C:\xampp\htdocs\php_milwa_trading\admin\view\template\inventory\sale_tax_invoice_form.tpl on line 478
2022-11-02 19:22:20 - PHP Notice:  Undefined variable: action_cash_receipt in C:\xampp\htdocs\php_milwa_trading\admin\view\template\inventory\sale_tax_invoice_form.tpl on line 519
2022-11-02 19:22:20 - PHP Notice:  Undefined variable: products in C:\xampp\htdocs\php_milwa_trading\admin\view\template\inventory\sale_tax_invoice_form.tpl on line 594
2022-11-02 19:22:20 - PHP Notice:  Undefined variable: column_right in C:\xampp\htdocs\php_milwa_trading\admin\view\template\inventory\sale_tax_invoice_form.tpl on line 736
