2023-05-11 9:58:43 - PHP Notice:  Undefined index: db_name in C:\xampp\htdocs\php_milwa_trading\system\engine\hmodel.php on line 12
2023-05-11 9:58:43 - PHP Warning:  Invalid argument supplied for foreach() in C:\xampp\htdocs\php_milwa_trading\admin\view\template\common\preset.tpl on line 52
2023-05-11 9:58:45 - PHP Notice:  Undefined index: db_name in C:\xampp\htdocs\php_milwa_trading\system\engine\hmodel.php on line 12
2023-05-11 9:58:45 - PHP Notice:  Undefined index: case_id in C:\xampp\htdocs\php_milwa_trading\admin\controller\common\home.php on line 55
2023-05-11 9:58:45 - PHP Notice:  Undefined index: case_id in C:\xampp\htdocs\php_milwa_trading\admin\controller\common\home.php on line 56
2023-05-11 9:58:46 - PHP Notice:  Undefined variable: href_gl_mapping_account in C:\xampp\htdocs\php_milwa_trading\admin\view\template\common\column_left.tpl on line 68
2023-05-11 9:58:46 - PHP Notice:  Undefined index: gl_mapping_account in C:\xampp\htdocs\php_milwa_trading\admin\view\template\common\column_left.tpl on line 68
2023-05-11 9:58:46 - PHP Notice:  Undefined variable: href_tool_dashboard in C:\xampp\htdocs\php_milwa_trading\admin\view\template\common\column_left.tpl on line 231
2023-05-11 9:58:46 - PHP Notice:  Undefined variable: bank_receipts in C:\xampp\htdocs\php_milwa_trading\admin\view\template\common\home.tpl on line 258
2023-05-11 9:58:46 - PHP Warning:  Invalid argument supplied for foreach() in C:\xampp\htdocs\php_milwa_trading\admin\view\template\common\home.tpl on line 258
2023-05-11 9:58:53 - PHP Notice:  Undefined variable: href_gl_mapping_account in C:\xampp\htdocs\php_milwa_trading\admin\view\template\common\column_left.tpl on line 68
2023-05-11 9:58:53 - PHP Notice:  Undefined index: gl_mapping_account in C:\xampp\htdocs\php_milwa_trading\admin\view\template\common\column_left.tpl on line 68
2023-05-11 9:58:53 - PHP Notice:  Undefined variable: href_tool_dashboard in C:\xampp\htdocs\php_milwa_trading\admin\view\template\common\column_left.tpl on line 231
2023-05-11 9:58:53 - PHP Notice:  Undefined index: class in C:\xampp\htdocs\php_milwa_trading\admin\view\template\inventory\purchase_invoice_list.tpl on line 19
2023-05-11 9:58:53 - PHP Notice:  Undefined index: class in C:\xampp\htdocs\php_milwa_trading\admin\view\template\inventory\purchase_invoice_list.tpl on line 19
2023-05-11 9:58:53 - PHP Notice:  Undefined index: class in C:\xampp\htdocs\php_milwa_trading\admin\view\template\inventory\purchase_invoice_list.tpl on line 19
2023-05-11 9:58:53 - PHP Notice:  Undefined variable: column_right in C:\xampp\htdocs\php_milwa_trading\admin\view\template\inventory\purchase_invoice_list.tpl on line 78
2023-05-11 9:58:55 - PHP Notice:  Undefined index: purchase_invoice_id in C:\xampp\htdocs\php_milwa_trading\system\engine\hcontroller.php on line 223
2023-05-11 9:58:55 - PHP Notice:  Undefined index: purchase_invoice_id in C:\xampp\htdocs\php_milwa_trading\system\engine\hcontroller.php on line 224
2023-05-11 9:58:56 - PHP Notice:  Undefined index: product_id in C:\xampp\htdocs\php_milwa_trading\admin\controller\inventory\purchase_invoice.php on line 208
2023-05-11 9:58:56 - PHP Notice:  Undefined index: purchase_invoice_id in C:\xampp\htdocs\php_milwa_trading\admin\controller\inventory\purchase_invoice.php on line 300
2023-05-11 9:58:56 - PHP Notice:  Undefined index: purchase_invoice_id in C:\xampp\htdocs\php_milwa_trading\admin\controller\inventory\purchase_invoice.php on line 301
2023-05-11 9:58:56 - PHP Notice:  Undefined index: purchase_invoice_id in C:\xampp\htdocs\php_milwa_trading\admin\controller\inventory\purchase_invoice.php on line 302
2023-05-11 9:58:56 - PHP Notice:  Undefined index: purchase_invoice_id in C:\xampp\htdocs\php_milwa_trading\admin\controller\inventory\purchase_invoice.php on line 303
2023-05-11 9:58:56 - PHP Notice:  Undefined index: purchase_invoice_id in C:\xampp\htdocs\php_milwa_trading\admin\controller\inventory\purchase_invoice.php on line 304
2023-05-11 9:58:56 - PHP Notice:  Undefined index: purchase_invoice_id in C:\xampp\htdocs\php_milwa_trading\admin\controller\inventory\purchase_invoice.php on line 305
2023-05-11 9:58:56 - PHP Notice:  Undefined index: purchase_invoice_id in C:\xampp\htdocs\php_milwa_trading\admin\controller\inventory\purchase_invoice.php on line 306
2023-05-11 9:58:56 - PHP Notice:  Undefined variable: href_gl_mapping_account in C:\xampp\htdocs\php_milwa_trading\admin\view\template\common\column_left.tpl on line 68
2023-05-11 9:58:56 - PHP Notice:  Undefined index: gl_mapping_account in C:\xampp\htdocs\php_milwa_trading\admin\view\template\common\column_left.tpl on line 68
2023-05-11 9:58:56 - PHP Notice:  Undefined variable: href_tool_dashboard in C:\xampp\htdocs\php_milwa_trading\admin\view\template\common\column_left.tpl on line 231
2023-05-11 9:58:56 - PHP Notice:  Undefined index: class in C:\xampp\htdocs\php_milwa_trading\admin\view\template\inventory\purchase_invoice_form.tpl on line 19
2023-05-11 9:58:56 - PHP Notice:  Undefined index: class in C:\xampp\htdocs\php_milwa_trading\admin\view\template\inventory\purchase_invoice_form.tpl on line 19
2023-05-11 9:58:56 - PHP Notice:  Undefined index: class in C:\xampp\htdocs\php_milwa_trading\admin\view\template\inventory\purchase_invoice_form.tpl on line 19
2023-05-11 9:58:56 - PHP Notice:  Undefined variable: is_post in C:\xampp\htdocs\php_milwa_trading\admin\view\template\inventory\purchase_invoice_form.tpl on line 52
2023-05-11 9:58:56 - PHP Notice:  Undefined variable: action in C:\xampp\htdocs\php_milwa_trading\admin\view\template\inventory\purchase_invoice_form.tpl on line 80
2023-05-11 9:58:56 - PHP Notice:  Undefined variable: document_type_id in C:\xampp\htdocs\php_milwa_trading\admin\view\template\inventory\purchase_invoice_form.tpl on line 81
2023-05-11 9:58:56 - PHP Notice:  Undefined variable: purchase_invoice_id in C:\xampp\htdocs\php_milwa_trading\admin\view\template\inventory\purchase_invoice_form.tpl on line 82
2023-05-11 9:58:56 - PHP Notice:  Undefined index: payment_type in C:\xampp\htdocs\php_milwa_trading\admin\view\template\inventory\purchase_invoice_form.tpl on line 86
2023-05-11 9:58:56 - PHP Notice:  Undefined variable: payment_type in C:\xampp\htdocs\php_milwa_trading\admin\view\template\inventory\purchase_invoice_form.tpl on line 91
2023-05-11 9:58:56 - PHP Notice:  Undefined variable: payment_type in C:\xampp\htdocs\php_milwa_trading\admin\view\template\inventory\purchase_invoice_form.tpl on line 99
2023-05-11 9:58:56 - PHP Notice:  Undefined variable: document_identity in C:\xampp\htdocs\php_milwa_trading\admin\view\template\inventory\purchase_invoice_form.tpl on line 110
2023-05-11 9:58:56 - PHP Notice:  Undefined variable: partner_id in C:\xampp\htdocs\php_milwa_trading\admin\view\template\inventory\purchase_invoice_form.tpl on line 177
2023-05-11 9:58:56 - PHP Notice:  Undefined variable: partner_id in C:\xampp\htdocs\php_milwa_trading\admin\view\template\inventory\purchase_invoice_form.tpl on line 177
2023-05-11 9:58:56 - PHP Notice:  Undefined variable: partner_id in C:\xampp\htdocs\php_milwa_trading\admin\view\template\inventory\purchase_invoice_form.tpl on line 177
2023-05-11 9:58:56 - PHP Notice:  Undefined variable: partner_id in C:\xampp\htdocs\php_milwa_trading\admin\view\template\inventory\purchase_invoice_form.tpl on line 177
2023-05-11 9:58:56 - PHP Notice:  Undefined variable: ref_document_type_id in C:\xampp\htdocs\php_milwa_trading\admin\view\template\inventory\purchase_invoice_form.tpl on line 188
2023-05-11 9:58:56 - PHP Notice:  Undefined variable: document_currency_name in C:\xampp\htdocs\php_milwa_trading\admin\view\template\inventory\purchase_invoice_form.tpl on line 221
2023-05-11 9:58:56 - PHP Notice:  Undefined variable: remarks in C:\xampp\htdocs\php_milwa_trading\admin\view\template\inventory\purchase_invoice_form.tpl on line 235
2023-05-11 9:58:56 - PHP Notice:  Undefined variable: purchase_invoice_details in C:\xampp\htdocs\php_milwa_trading\admin\view\template\inventory\purchase_invoice_form.tpl on line 274
2023-05-11 9:58:56 - PHP Warning:  Invalid argument supplied for foreach() in C:\xampp\htdocs\php_milwa_trading\admin\view\template\inventory\purchase_invoice_form.tpl on line 274
2023-05-11 9:58:56 - PHP Notice:  Undefined variable: purchase_invoice_details in C:\xampp\htdocs\php_milwa_trading\admin\view\template\inventory\purchase_invoice_form.tpl on line 389
2023-05-11 9:58:56 - PHP Warning:  count(): Parameter must be an array or an object that implements Countable in C:\xampp\htdocs\php_milwa_trading\admin\view\template\inventory\purchase_invoice_form.tpl on line 389
2023-05-11 9:58:56 - PHP Notice:  Undefined variable: qty_master in C:\xampp\htdocs\php_milwa_trading\admin\view\template\inventory\purchase_invoice_form.tpl on line 395
2023-05-11 9:58:56 - PHP Notice:  Undefined variable: total_price_master in C:\xampp\htdocs\php_milwa_trading\admin\view\template\inventory\purchase_invoice_form.tpl on line 400
2023-05-11 9:58:56 - PHP Notice:  Undefined variable: total_price_pkr_master in C:\xampp\htdocs\php_milwa_trading\admin\view\template\inventory\purchase_invoice_form.tpl on line 404
2023-05-11 9:58:56 - PHP Notice:  Undefined variable: freight_master in C:\xampp\htdocs\php_milwa_trading\admin\view\template\inventory\purchase_invoice_form.tpl on line 408
2023-05-11 9:58:56 - PHP Notice:  Undefined variable: custom_duty_master in C:\xampp\htdocs\php_milwa_trading\admin\view\template\inventory\purchase_invoice_form.tpl on line 411
2023-05-11 9:58:56 - PHP Notice:  Undefined variable: additional_custom_duty_master in C:\xampp\htdocs\php_milwa_trading\admin\view\template\inventory\purchase_invoice_form.tpl on line 414
2023-05-11 9:58:56 - PHP Notice:  Undefined variable: regulatory_duty_master in C:\xampp\htdocs\php_milwa_trading\admin\view\template\inventory\purchase_invoice_form.tpl on line 417
2023-05-11 9:58:56 - PHP Notice:  Undefined variable: sales_tax_master in C:\xampp\htdocs\php_milwa_trading\admin\view\template\inventory\purchase_invoice_form.tpl on line 421
2023-05-11 9:58:56 - PHP Notice:  Undefined variable: additional_sales_tax_master in C:\xampp\htdocs\php_milwa_trading\admin\view\template\inventory\purchase_invoice_form.tpl on line 424
2023-05-11 9:58:56 - PHP Notice:  Undefined variable: income_tax_master in C:\xampp\htdocs\php_milwa_trading\admin\view\template\inventory\purchase_invoice_form.tpl on line 427
2023-05-11 9:58:56 - PHP Notice:  Undefined variable: total_duties_master in C:\xampp\htdocs\php_milwa_trading\admin\view\template\inventory\purchase_invoice_form.tpl on line 430
2023-05-11 9:58:56 - PHP Notice:  Undefined variable: total_other_expense_master in C:\xampp\htdocs\php_milwa_trading\admin\view\template\inventory\purchase_invoice_form.tpl on line 433
2023-05-11 9:58:56 - PHP Notice:  Undefined variable: total_other_duties_master in C:\xampp\htdocs\php_milwa_trading\admin\view\template\inventory\purchase_invoice_form.tpl on line 436
2023-05-11 9:58:56 - PHP Notice:  Undefined variable: total_landed_cost_master in C:\xampp\htdocs\php_milwa_trading\admin\view\template\inventory\purchase_invoice_form.tpl on line 439
2023-05-11 9:58:56 - PHP Notice:  Undefined variable: net_unit_cost_master in C:\xampp\htdocs\php_milwa_trading\admin\view\template\inventory\purchase_invoice_form.tpl on line 442
2023-05-11 9:58:56 - PHP Notice:  Undefined variable: purchase_invoice_expenses in C:\xampp\htdocs\php_milwa_trading\admin\view\template\inventory\purchase_invoice_form.tpl on line 467
2023-05-11 9:58:56 - PHP Warning:  Invalid argument supplied for foreach() in C:\xampp\htdocs\php_milwa_trading\admin\view\template\inventory\purchase_invoice_form.tpl on line 467
2023-05-11 9:58:56 - PHP Notice:  Undefined variable: expense_total in C:\xampp\htdocs\php_milwa_trading\admin\view\template\inventory\purchase_invoice_form.tpl on line 492
2023-05-11 9:58:56 - PHP Notice:  Undefined variable: purchase_invoice_sales_taxs in C:\xampp\htdocs\php_milwa_trading\admin\view\template\inventory\purchase_invoice_form.tpl on line 512
2023-05-11 9:58:56 - PHP Warning:  Invalid argument supplied for foreach() in C:\xampp\htdocs\php_milwa_trading\admin\view\template\inventory\purchase_invoice_form.tpl on line 512
2023-05-11 9:58:56 - PHP Notice:  Undefined variable: sales_tax_total in C:\xampp\htdocs\php_milwa_trading\admin\view\template\inventory\purchase_invoice_form.tpl on line 537
2023-05-11 9:58:56 - PHP Notice:  Undefined variable: is_post in C:\xampp\htdocs\php_milwa_trading\admin\view\template\inventory\purchase_invoice_form.tpl on line 572
2023-05-11 9:58:56 - PHP Notice:  Undefined variable: partner_id in C:\xampp\htdocs\php_milwa_trading\admin\view\template\inventory\purchase_invoice_form.tpl on line 591
2023-05-11 9:58:56 - PHP Notice:  Undefined variable: products in C:\xampp\htdocs\php_milwa_trading\admin\view\template\inventory\purchase_invoice_form.tpl on line 600
2023-05-11 9:58:56 - PHP Notice:  Undefined variable: sales_tax_adjustable_account in C:\xampp\htdocs\php_milwa_trading\admin\view\template\inventory\purchase_invoice_form.tpl on line 605
2023-05-11 9:58:56 - PHP Notice:  Undefined index: purchase_invoice_id in C:\xampp\htdocs\php_milwa_trading\admin\view\template\inventory\purchase_invoice_form.tpl on line 634
2023-05-11 9:58:56 - PHP Notice:  Undefined variable: column_right in C:\xampp\htdocs\php_milwa_trading\admin\view\template\inventory\purchase_invoice_form.tpl on line 721
2023-05-11 9:59:04 - PHP Notice:  Undefined index: page in C:\xampp\htdocs\php_milwa_trading\admin\controller\inventory\purchase_invoice.php on line 1955
2023-05-11 9:59:04 - PHP Notice:  Undefined index: partner_id in C:\xampp\htdocs\php_milwa_trading\admin\controller\common\function.php on line 167
2023-05-11 9:59:04 - PHP Notice:  Undefined index: branch_id in C:\xampp\htdocs\php_milwa_trading\admin\controller\common\function.php on line 168
2023-05-11 9:59:04 - PHP Notice:  Undefined index: rate in C:\xampp\htdocs\php_milwa_trading\admin\controller\common\function.php on line 176
2023-05-11 9:59:04 - PHP Notice:  Undefined index: rate in C:\xampp\htdocs\php_milwa_trading\admin\controller\common\function.php on line 180
2023-05-11 9:59:05 - PHP Notice:  Undefined index: partner_id in C:\xampp\htdocs\php_milwa_trading\admin\controller\common\function.php on line 118
2023-05-11 9:59:05 - PHP Notice:  Undefined index: branch_id in C:\xampp\htdocs\php_milwa_trading\admin\controller\common\function.php on line 119
2023-05-11 9:59:05 - PHP Notice:  Undefined index: rate in C:\xampp\htdocs\php_milwa_trading\admin\controller\common\function.php on line 130
2023-05-11 9:59:05 - PHP Notice:  Undefined index: rate in C:\xampp\htdocs\php_milwa_trading\admin\controller\common\function.php on line 134
2023-05-11 9:59:06 - PHP Notice:  Undefined index: page in C:\xampp\htdocs\php_milwa_trading\admin\controller\inventory\purchase_invoice.php on line 1955
2023-05-11 9:59:07 - PHP Notice:  Undefined index: partner_id in C:\xampp\htdocs\php_milwa_trading\admin\controller\common\function.php on line 167
2023-05-11 9:59:07 - PHP Notice:  Undefined index: branch_id in C:\xampp\htdocs\php_milwa_trading\admin\controller\common\function.php on line 168
2023-05-11 9:59:07 - PHP Notice:  Undefined index: rate in C:\xampp\htdocs\php_milwa_trading\admin\controller\common\function.php on line 176
2023-05-11 9:59:07 - PHP Notice:  Undefined index: rate in C:\xampp\htdocs\php_milwa_trading\admin\controller\common\function.php on line 180
2023-05-11 9:59:07 - PHP Notice:  Undefined index: partner_id in C:\xampp\htdocs\php_milwa_trading\admin\controller\common\function.php on line 118
2023-05-11 9:59:07 - PHP Notice:  Undefined index: branch_id in C:\xampp\htdocs\php_milwa_trading\admin\controller\common\function.php on line 119
2023-05-11 9:59:07 - PHP Notice:  Undefined index: rate in C:\xampp\htdocs\php_milwa_trading\admin\controller\common\function.php on line 130
2023-05-11 9:59:07 - PHP Notice:  Undefined index: rate in C:\xampp\htdocs\php_milwa_trading\admin\controller\common\function.php on line 134
2023-05-11 13:05:28 - PHP Notice:  Undefined index: db_name in C:\xampp\htdocs\php_milwa_trading\system\engine\hmodel.php on line 12
2023-05-11 13:05:28 - PHP Warning:  Invalid argument supplied for foreach() in C:\xampp\htdocs\php_milwa_trading\admin\view\template\common\preset.tpl on line 52
2023-05-11 13:05:30 - PHP Notice:  Undefined index: db_name in C:\xampp\htdocs\php_milwa_trading\system\engine\hmodel.php on line 12
2023-05-11 13:05:30 - PHP Notice:  Undefined index: case_id in C:\xampp\htdocs\php_milwa_trading\admin\controller\common\home.php on line 55
2023-05-11 13:05:30 - PHP Notice:  Undefined index: case_id in C:\xampp\htdocs\php_milwa_trading\admin\controller\common\home.php on line 56
2023-05-11 13:05:31 - PHP Notice:  Undefined variable: href_gl_mapping_account in C:\xampp\htdocs\php_milwa_trading\admin\view\template\common\column_left.tpl on line 68
2023-05-11 13:05:31 - PHP Notice:  Undefined index: gl_mapping_account in C:\xampp\htdocs\php_milwa_trading\admin\view\template\common\column_left.tpl on line 68
2023-05-11 13:05:31 - PHP Notice:  Undefined variable: href_tool_dashboard in C:\xampp\htdocs\php_milwa_trading\admin\view\template\common\column_left.tpl on line 231
2023-05-11 13:05:31 - PHP Notice:  Undefined variable: bank_receipts in C:\xampp\htdocs\php_milwa_trading\admin\view\template\common\home.tpl on line 258
2023-05-11 13:05:31 - PHP Warning:  Invalid argument supplied for foreach() in C:\xampp\htdocs\php_milwa_trading\admin\view\template\common\home.tpl on line 258
2023-05-11 13:05:39 - PHP Notice:  Undefined variable: href_gl_mapping_account in C:\xampp\htdocs\php_milwa_trading\admin\view\template\common\column_left.tpl on line 68
2023-05-11 13:05:39 - PHP Notice:  Undefined index: gl_mapping_account in C:\xampp\htdocs\php_milwa_trading\admin\view\template\common\column_left.tpl on line 68
2023-05-11 13:05:39 - PHP Notice:  Undefined variable: href_tool_dashboard in C:\xampp\htdocs\php_milwa_trading\admin\view\template\common\column_left.tpl on line 231
2023-05-11 13:05:39 - PHP Notice:  Undefined index: class in C:\xampp\htdocs\php_milwa_trading\admin\view\template\inventory\purchase_invoice_list.tpl on line 19
2023-05-11 13:05:39 - PHP Notice:  Undefined index: class in C:\xampp\htdocs\php_milwa_trading\admin\view\template\inventory\purchase_invoice_list.tpl on line 19
2023-05-11 13:05:39 - PHP Notice:  Undefined index: class in C:\xampp\htdocs\php_milwa_trading\admin\view\template\inventory\purchase_invoice_list.tpl on line 19
2023-05-11 13:05:39 - PHP Notice:  Undefined variable: column_right in C:\xampp\htdocs\php_milwa_trading\admin\view\template\inventory\purchase_invoice_list.tpl on line 78
2023-05-11 13:05:46 - PHP Notice:  Undefined index: purchase_invoice_id in C:\xampp\htdocs\php_milwa_trading\system\engine\hcontroller.php on line 223
2023-05-11 13:05:46 - PHP Notice:  Undefined index: purchase_invoice_id in C:\xampp\htdocs\php_milwa_trading\system\engine\hcontroller.php on line 224
2023-05-11 13:05:46 - PHP Notice:  Undefined index: product_id in C:\xampp\htdocs\php_milwa_trading\admin\controller\inventory\purchase_invoice.php on line 208
2023-05-11 13:05:46 - PHP Notice:  Undefined index: purchase_invoice_id in C:\xampp\htdocs\php_milwa_trading\admin\controller\inventory\purchase_invoice.php on line 300
2023-05-11 13:05:46 - PHP Notice:  Undefined index: purchase_invoice_id in C:\xampp\htdocs\php_milwa_trading\admin\controller\inventory\purchase_invoice.php on line 301
2023-05-11 13:05:46 - PHP Notice:  Undefined index: purchase_invoice_id in C:\xampp\htdocs\php_milwa_trading\admin\controller\inventory\purchase_invoice.php on line 302
2023-05-11 13:05:46 - PHP Notice:  Undefined index: purchase_invoice_id in C:\xampp\htdocs\php_milwa_trading\admin\controller\inventory\purchase_invoice.php on line 303
2023-05-11 13:05:46 - PHP Notice:  Undefined index: purchase_invoice_id in C:\xampp\htdocs\php_milwa_trading\admin\controller\inventory\purchase_invoice.php on line 304
2023-05-11 13:05:46 - PHP Notice:  Undefined index: purchase_invoice_id in C:\xampp\htdocs\php_milwa_trading\admin\controller\inventory\purchase_invoice.php on line 305
2023-05-11 13:05:46 - PHP Notice:  Undefined index: purchase_invoice_id in C:\xampp\htdocs\php_milwa_trading\admin\controller\inventory\purchase_invoice.php on line 306
2023-05-11 13:05:46 - PHP Notice:  Undefined variable: href_gl_mapping_account in C:\xampp\htdocs\php_milwa_trading\admin\view\template\common\column_left.tpl on line 68
2023-05-11 13:05:46 - PHP Notice:  Undefined index: gl_mapping_account in C:\xampp\htdocs\php_milwa_trading\admin\view\template\common\column_left.tpl on line 68
2023-05-11 13:05:46 - PHP Notice:  Undefined variable: href_tool_dashboard in C:\xampp\htdocs\php_milwa_trading\admin\view\template\common\column_left.tpl on line 231
2023-05-11 13:05:46 - PHP Notice:  Undefined index: class in C:\xampp\htdocs\php_milwa_trading\admin\view\template\inventory\purchase_invoice_form.tpl on line 19
2023-05-11 13:05:46 - PHP Notice:  Undefined index: class in C:\xampp\htdocs\php_milwa_trading\admin\view\template\inventory\purchase_invoice_form.tpl on line 19
2023-05-11 13:05:46 - PHP Notice:  Undefined index: class in C:\xampp\htdocs\php_milwa_trading\admin\view\template\inventory\purchase_invoice_form.tpl on line 19
2023-05-11 13:05:46 - PHP Notice:  Undefined variable: is_post in C:\xampp\htdocs\php_milwa_trading\admin\view\template\inventory\purchase_invoice_form.tpl on line 52
2023-05-11 13:05:46 - PHP Notice:  Undefined variable: action in C:\xampp\htdocs\php_milwa_trading\admin\view\template\inventory\purchase_invoice_form.tpl on line 80
2023-05-11 13:05:46 - PHP Notice:  Undefined variable: document_type_id in C:\xampp\htdocs\php_milwa_trading\admin\view\template\inventory\purchase_invoice_form.tpl on line 81
2023-05-11 13:05:46 - PHP Notice:  Undefined variable: purchase_invoice_id in C:\xampp\htdocs\php_milwa_trading\admin\view\template\inventory\purchase_invoice_form.tpl on line 82
2023-05-11 13:05:46 - PHP Notice:  Undefined index: payment_type in C:\xampp\htdocs\php_milwa_trading\admin\view\template\inventory\purchase_invoice_form.tpl on line 86
2023-05-11 13:05:47 - PHP Notice:  Undefined variable: payment_type in C:\xampp\htdocs\php_milwa_trading\admin\view\template\inventory\purchase_invoice_form.tpl on line 91
2023-05-11 13:05:47 - PHP Notice:  Undefined variable: payment_type in C:\xampp\htdocs\php_milwa_trading\admin\view\template\inventory\purchase_invoice_form.tpl on line 99
2023-05-11 13:05:47 - PHP Notice:  Undefined variable: document_identity in C:\xampp\htdocs\php_milwa_trading\admin\view\template\inventory\purchase_invoice_form.tpl on line 110
2023-05-11 13:05:47 - PHP Notice:  Undefined variable: partner_id in C:\xampp\htdocs\php_milwa_trading\admin\view\template\inventory\purchase_invoice_form.tpl on line 177
2023-05-11 13:05:47 - PHP Notice:  Undefined variable: partner_id in C:\xampp\htdocs\php_milwa_trading\admin\view\template\inventory\purchase_invoice_form.tpl on line 177
2023-05-11 13:05:47 - PHP Notice:  Undefined variable: partner_id in C:\xampp\htdocs\php_milwa_trading\admin\view\template\inventory\purchase_invoice_form.tpl on line 177
2023-05-11 13:05:47 - PHP Notice:  Undefined variable: partner_id in C:\xampp\htdocs\php_milwa_trading\admin\view\template\inventory\purchase_invoice_form.tpl on line 177
2023-05-11 13:05:47 - PHP Notice:  Undefined variable: ref_document_type_id in C:\xampp\htdocs\php_milwa_trading\admin\view\template\inventory\purchase_invoice_form.tpl on line 188
2023-05-11 13:05:47 - PHP Notice:  Undefined variable: document_currency_name in C:\xampp\htdocs\php_milwa_trading\admin\view\template\inventory\purchase_invoice_form.tpl on line 221
2023-05-11 13:05:47 - PHP Notice:  Undefined variable: remarks in C:\xampp\htdocs\php_milwa_trading\admin\view\template\inventory\purchase_invoice_form.tpl on line 235
2023-05-11 13:05:47 - PHP Notice:  Undefined variable: purchase_invoice_details in C:\xampp\htdocs\php_milwa_trading\admin\view\template\inventory\purchase_invoice_form.tpl on line 274
2023-05-11 13:05:47 - PHP Warning:  Invalid argument supplied for foreach() in C:\xampp\htdocs\php_milwa_trading\admin\view\template\inventory\purchase_invoice_form.tpl on line 274
2023-05-11 13:05:47 - PHP Notice:  Undefined variable: purchase_invoice_details in C:\xampp\htdocs\php_milwa_trading\admin\view\template\inventory\purchase_invoice_form.tpl on line 389
2023-05-11 13:05:47 - PHP Warning:  count(): Parameter must be an array or an object that implements Countable in C:\xampp\htdocs\php_milwa_trading\admin\view\template\inventory\purchase_invoice_form.tpl on line 389
2023-05-11 13:05:47 - PHP Notice:  Undefined variable: qty_master in C:\xampp\htdocs\php_milwa_trading\admin\view\template\inventory\purchase_invoice_form.tpl on line 395
2023-05-11 13:05:47 - PHP Notice:  Undefined variable: total_price_master in C:\xampp\htdocs\php_milwa_trading\admin\view\template\inventory\purchase_invoice_form.tpl on line 400
2023-05-11 13:05:47 - PHP Notice:  Undefined variable: total_price_pkr_master in C:\xampp\htdocs\php_milwa_trading\admin\view\template\inventory\purchase_invoice_form.tpl on line 404
2023-05-11 13:05:47 - PHP Notice:  Undefined variable: freight_master in C:\xampp\htdocs\php_milwa_trading\admin\view\template\inventory\purchase_invoice_form.tpl on line 408
2023-05-11 13:05:47 - PHP Notice:  Undefined variable: custom_duty_master in C:\xampp\htdocs\php_milwa_trading\admin\view\template\inventory\purchase_invoice_form.tpl on line 411
2023-05-11 13:05:47 - PHP Notice:  Undefined variable: additional_custom_duty_master in C:\xampp\htdocs\php_milwa_trading\admin\view\template\inventory\purchase_invoice_form.tpl on line 414
2023-05-11 13:05:47 - PHP Notice:  Undefined variable: regulatory_duty_master in C:\xampp\htdocs\php_milwa_trading\admin\view\template\inventory\purchase_invoice_form.tpl on line 417
2023-05-11 13:05:47 - PHP Notice:  Undefined variable: sales_tax_master in C:\xampp\htdocs\php_milwa_trading\admin\view\template\inventory\purchase_invoice_form.tpl on line 421
2023-05-11 13:05:47 - PHP Notice:  Undefined variable: additional_sales_tax_master in C:\xampp\htdocs\php_milwa_trading\admin\view\template\inventory\purchase_invoice_form.tpl on line 424
2023-05-11 13:05:47 - PHP Notice:  Undefined variable: income_tax_master in C:\xampp\htdocs\php_milwa_trading\admin\view\template\inventory\purchase_invoice_form.tpl on line 427
2023-05-11 13:05:47 - PHP Notice:  Undefined variable: total_duties_master in C:\xampp\htdocs\php_milwa_trading\admin\view\template\inventory\purchase_invoice_form.tpl on line 430
2023-05-11 13:05:47 - PHP Notice:  Undefined variable: total_other_expense_master in C:\xampp\htdocs\php_milwa_trading\admin\view\template\inventory\purchase_invoice_form.tpl on line 433
2023-05-11 13:05:47 - PHP Notice:  Undefined variable: total_other_duties_master in C:\xampp\htdocs\php_milwa_trading\admin\view\template\inventory\purchase_invoice_form.tpl on line 436
2023-05-11 13:05:47 - PHP Notice:  Undefined variable: total_landed_cost_master in C:\xampp\htdocs\php_milwa_trading\admin\view\template\inventory\purchase_invoice_form.tpl on line 439
2023-05-11 13:05:47 - PHP Notice:  Undefined variable: net_unit_cost_master in C:\xampp\htdocs\php_milwa_trading\admin\view\template\inventory\purchase_invoice_form.tpl on line 442
2023-05-11 13:05:47 - PHP Notice:  Undefined variable: purchase_invoice_expenses in C:\xampp\htdocs\php_milwa_trading\admin\view\template\inventory\purchase_invoice_form.tpl on line 467
2023-05-11 13:05:47 - PHP Warning:  Invalid argument supplied for foreach() in C:\xampp\htdocs\php_milwa_trading\admin\view\template\inventory\purchase_invoice_form.tpl on line 467
2023-05-11 13:05:47 - PHP Notice:  Undefined variable: expense_total in C:\xampp\htdocs\php_milwa_trading\admin\view\template\inventory\purchase_invoice_form.tpl on line 492
2023-05-11 13:05:47 - PHP Notice:  Undefined variable: purchase_invoice_sales_taxs in C:\xampp\htdocs\php_milwa_trading\admin\view\template\inventory\purchase_invoice_form.tpl on line 512
2023-05-11 13:05:47 - PHP Warning:  Invalid argument supplied for foreach() in C:\xampp\htdocs\php_milwa_trading\admin\view\template\inventory\purchase_invoice_form.tpl on line 512
2023-05-11 13:05:47 - PHP Notice:  Undefined variable: sales_tax_total in C:\xampp\htdocs\php_milwa_trading\admin\view\template\inventory\purchase_invoice_form.tpl on line 537
2023-05-11 13:05:47 - PHP Notice:  Undefined variable: is_post in C:\xampp\htdocs\php_milwa_trading\admin\view\template\inventory\purchase_invoice_form.tpl on line 572
2023-05-11 13:05:47 - PHP Notice:  Undefined variable: partner_id in C:\xampp\htdocs\php_milwa_trading\admin\view\template\inventory\purchase_invoice_form.tpl on line 591
2023-05-11 13:05:47 - PHP Notice:  Undefined variable: products in C:\xampp\htdocs\php_milwa_trading\admin\view\template\inventory\purchase_invoice_form.tpl on line 600
2023-05-11 13:05:47 - PHP Notice:  Undefined variable: sales_tax_adjustable_account in C:\xampp\htdocs\php_milwa_trading\admin\view\template\inventory\purchase_invoice_form.tpl on line 605
2023-05-11 13:05:47 - PHP Notice:  Undefined index: purchase_invoice_id in C:\xampp\htdocs\php_milwa_trading\admin\view\template\inventory\purchase_invoice_form.tpl on line 634
2023-05-11 13:05:47 - PHP Notice:  Undefined variable: column_right in C:\xampp\htdocs\php_milwa_trading\admin\view\template\inventory\purchase_invoice_form.tpl on line 721
2023-05-11 13:20:48 - PHP Warning:  Invalid argument supplied for foreach() in C:\xampp\htdocs\php_milwa_trading\admin\view\template\common\preset.tpl on line 52
2023-05-11 13:20:49 - PHP Notice:  Undefined index: case_id in C:\xampp\htdocs\php_milwa_trading\admin\controller\common\home.php on line 55
2023-05-11 13:20:49 - PHP Notice:  Undefined index: case_id in C:\xampp\htdocs\php_milwa_trading\admin\controller\common\home.php on line 56
2023-05-11 13:20:49 - PHP Notice:  Undefined variable: href_gl_mapping_account in C:\xampp\htdocs\php_milwa_trading\admin\view\template\common\column_left.tpl on line 68
2023-05-11 13:20:50 - PHP Notice:  Undefined index: gl_mapping_account in C:\xampp\htdocs\php_milwa_trading\admin\view\template\common\column_left.tpl on line 68
2023-05-11 13:20:50 - PHP Notice:  Undefined variable: href_tool_dashboard in C:\xampp\htdocs\php_milwa_trading\admin\view\template\common\column_left.tpl on line 231
2023-05-11 13:20:50 - PHP Notice:  Undefined variable: bank_receipts in C:\xampp\htdocs\php_milwa_trading\admin\view\template\common\home.tpl on line 258
2023-05-11 13:20:50 - PHP Warning:  Invalid argument supplied for foreach() in C:\xampp\htdocs\php_milwa_trading\admin\view\template\common\home.tpl on line 258
2023-05-11 13:20:54 - PHP Notice:  Undefined variable: href_gl_mapping_account in C:\xampp\htdocs\php_milwa_trading\admin\view\template\common\column_left.tpl on line 68
2023-05-11 13:20:54 - PHP Notice:  Undefined index: gl_mapping_account in C:\xampp\htdocs\php_milwa_trading\admin\view\template\common\column_left.tpl on line 68
2023-05-11 13:20:54 - PHP Notice:  Undefined variable: href_tool_dashboard in C:\xampp\htdocs\php_milwa_trading\admin\view\template\common\column_left.tpl on line 231
2023-05-11 13:20:54 - PHP Notice:  Undefined index: class in C:\xampp\htdocs\php_milwa_trading\admin\view\template\inventory\purchase_invoice_list.tpl on line 19
2023-05-11 13:20:54 - PHP Notice:  Undefined index: class in C:\xampp\htdocs\php_milwa_trading\admin\view\template\inventory\purchase_invoice_list.tpl on line 19
2023-05-11 13:20:54 - PHP Notice:  Undefined index: class in C:\xampp\htdocs\php_milwa_trading\admin\view\template\inventory\purchase_invoice_list.tpl on line 19
2023-05-11 13:20:54 - PHP Notice:  Undefined variable: column_right in C:\xampp\htdocs\php_milwa_trading\admin\view\template\inventory\purchase_invoice_list.tpl on line 78
2023-05-11 13:20:56 - PHP Notice:  Undefined index: purchase_invoice_id in C:\xampp\htdocs\php_milwa_trading\system\engine\hcontroller.php on line 223
2023-05-11 13:20:56 - PHP Notice:  Undefined index: purchase_invoice_id in C:\xampp\htdocs\php_milwa_trading\system\engine\hcontroller.php on line 224
2023-05-11 13:20:56 - PHP Notice:  Undefined index: product_id in C:\xampp\htdocs\php_milwa_trading\admin\controller\inventory\purchase_invoice.php on line 208
2023-05-11 13:20:56 - PHP Notice:  Undefined index: purchase_invoice_id in C:\xampp\htdocs\php_milwa_trading\admin\controller\inventory\purchase_invoice.php on line 300
2023-05-11 13:20:56 - PHP Notice:  Undefined index: purchase_invoice_id in C:\xampp\htdocs\php_milwa_trading\admin\controller\inventory\purchase_invoice.php on line 301
2023-05-11 13:20:56 - PHP Notice:  Undefined index: purchase_invoice_id in C:\xampp\htdocs\php_milwa_trading\admin\controller\inventory\purchase_invoice.php on line 302
2023-05-11 13:20:56 - PHP Notice:  Undefined index: purchase_invoice_id in C:\xampp\htdocs\php_milwa_trading\admin\controller\inventory\purchase_invoice.php on line 303
2023-05-11 13:20:56 - PHP Notice:  Undefined index: purchase_invoice_id in C:\xampp\htdocs\php_milwa_trading\admin\controller\inventory\purchase_invoice.php on line 304
2023-05-11 13:20:56 - PHP Notice:  Undefined index: purchase_invoice_id in C:\xampp\htdocs\php_milwa_trading\admin\controller\inventory\purchase_invoice.php on line 305
2023-05-11 13:20:56 - PHP Notice:  Undefined index: purchase_invoice_id in C:\xampp\htdocs\php_milwa_trading\admin\controller\inventory\purchase_invoice.php on line 306
2023-05-11 13:20:56 - PHP Notice:  Undefined variable: href_gl_mapping_account in C:\xampp\htdocs\php_milwa_trading\admin\view\template\common\column_left.tpl on line 68
2023-05-11 13:20:56 - PHP Notice:  Undefined index: gl_mapping_account in C:\xampp\htdocs\php_milwa_trading\admin\view\template\common\column_left.tpl on line 68
2023-05-11 13:20:56 - PHP Notice:  Undefined variable: href_tool_dashboard in C:\xampp\htdocs\php_milwa_trading\admin\view\template\common\column_left.tpl on line 231
2023-05-11 13:20:56 - PHP Notice:  Undefined index: class in C:\xampp\htdocs\php_milwa_trading\admin\view\template\inventory\purchase_invoice_form.tpl on line 19
2023-05-11 13:20:56 - PHP Notice:  Undefined index: class in C:\xampp\htdocs\php_milwa_trading\admin\view\template\inventory\purchase_invoice_form.tpl on line 19
2023-05-11 13:20:56 - PHP Notice:  Undefined index: class in C:\xampp\htdocs\php_milwa_trading\admin\view\template\inventory\purchase_invoice_form.tpl on line 19
2023-05-11 13:20:56 - PHP Notice:  Undefined variable: is_post in C:\xampp\htdocs\php_milwa_trading\admin\view\template\inventory\purchase_invoice_form.tpl on line 52
2023-05-11 13:20:57 - PHP Notice:  Undefined variable: action in C:\xampp\htdocs\php_milwa_trading\admin\view\template\inventory\purchase_invoice_form.tpl on line 80
2023-05-11 13:20:57 - PHP Notice:  Undefined variable: document_type_id in C:\xampp\htdocs\php_milwa_trading\admin\view\template\inventory\purchase_invoice_form.tpl on line 81
2023-05-11 13:20:57 - PHP Notice:  Undefined variable: purchase_invoice_id in C:\xampp\htdocs\php_milwa_trading\admin\view\template\inventory\purchase_invoice_form.tpl on line 82
2023-05-11 13:20:57 - PHP Notice:  Undefined index: payment_type in C:\xampp\htdocs\php_milwa_trading\admin\view\template\inventory\purchase_invoice_form.tpl on line 86
2023-05-11 13:20:57 - PHP Notice:  Undefined variable: payment_type in C:\xampp\htdocs\php_milwa_trading\admin\view\template\inventory\purchase_invoice_form.tpl on line 91
2023-05-11 13:20:57 - PHP Notice:  Undefined variable: payment_type in C:\xampp\htdocs\php_milwa_trading\admin\view\template\inventory\purchase_invoice_form.tpl on line 99
2023-05-11 13:20:57 - PHP Notice:  Undefined variable: document_identity in C:\xampp\htdocs\php_milwa_trading\admin\view\template\inventory\purchase_invoice_form.tpl on line 110
2023-05-11 13:20:57 - PHP Notice:  Undefined variable: partner_id in C:\xampp\htdocs\php_milwa_trading\admin\view\template\inventory\purchase_invoice_form.tpl on line 177
2023-05-11 13:20:57 - PHP Notice:  Undefined variable: partner_id in C:\xampp\htdocs\php_milwa_trading\admin\view\template\inventory\purchase_invoice_form.tpl on line 177
2023-05-11 13:20:57 - PHP Notice:  Undefined variable: partner_id in C:\xampp\htdocs\php_milwa_trading\admin\view\template\inventory\purchase_invoice_form.tpl on line 177
2023-05-11 13:20:57 - PHP Notice:  Undefined variable: partner_id in C:\xampp\htdocs\php_milwa_trading\admin\view\template\inventory\purchase_invoice_form.tpl on line 177
2023-05-11 13:20:57 - PHP Notice:  Undefined variable: ref_document_type_id in C:\xampp\htdocs\php_milwa_trading\admin\view\template\inventory\purchase_invoice_form.tpl on line 188
2023-05-11 13:20:57 - PHP Notice:  Undefined variable: document_currency_name in C:\xampp\htdocs\php_milwa_trading\admin\view\template\inventory\purchase_invoice_form.tpl on line 221
2023-05-11 13:20:57 - PHP Notice:  Undefined variable: remarks in C:\xampp\htdocs\php_milwa_trading\admin\view\template\inventory\purchase_invoice_form.tpl on line 235
2023-05-11 13:20:57 - PHP Notice:  Undefined variable: purchase_invoice_details in C:\xampp\htdocs\php_milwa_trading\admin\view\template\inventory\purchase_invoice_form.tpl on line 274
2023-05-11 13:20:57 - PHP Warning:  Invalid argument supplied for foreach() in C:\xampp\htdocs\php_milwa_trading\admin\view\template\inventory\purchase_invoice_form.tpl on line 274
2023-05-11 13:20:57 - PHP Notice:  Undefined variable: purchase_invoice_details in C:\xampp\htdocs\php_milwa_trading\admin\view\template\inventory\purchase_invoice_form.tpl on line 389
2023-05-11 13:20:57 - PHP Warning:  count(): Parameter must be an array or an object that implements Countable in C:\xampp\htdocs\php_milwa_trading\admin\view\template\inventory\purchase_invoice_form.tpl on line 389
2023-05-11 13:20:57 - PHP Notice:  Undefined variable: qty_master in C:\xampp\htdocs\php_milwa_trading\admin\view\template\inventory\purchase_invoice_form.tpl on line 395
2023-05-11 13:20:57 - PHP Notice:  Undefined variable: total_price_master in C:\xampp\htdocs\php_milwa_trading\admin\view\template\inventory\purchase_invoice_form.tpl on line 400
2023-05-11 13:20:57 - PHP Notice:  Undefined variable: total_price_pkr_master in C:\xampp\htdocs\php_milwa_trading\admin\view\template\inventory\purchase_invoice_form.tpl on line 404
2023-05-11 13:20:57 - PHP Notice:  Undefined variable: freight_master in C:\xampp\htdocs\php_milwa_trading\admin\view\template\inventory\purchase_invoice_form.tpl on line 408
2023-05-11 13:20:57 - PHP Notice:  Undefined variable: custom_duty_master in C:\xampp\htdocs\php_milwa_trading\admin\view\template\inventory\purchase_invoice_form.tpl on line 411
2023-05-11 13:20:57 - PHP Notice:  Undefined variable: additional_custom_duty_master in C:\xampp\htdocs\php_milwa_trading\admin\view\template\inventory\purchase_invoice_form.tpl on line 414
2023-05-11 13:20:57 - PHP Notice:  Undefined variable: regulatory_duty_master in C:\xampp\htdocs\php_milwa_trading\admin\view\template\inventory\purchase_invoice_form.tpl on line 417
2023-05-11 13:20:57 - PHP Notice:  Undefined variable: sales_tax_master in C:\xampp\htdocs\php_milwa_trading\admin\view\template\inventory\purchase_invoice_form.tpl on line 421
2023-05-11 13:20:57 - PHP Notice:  Undefined variable: additional_sales_tax_master in C:\xampp\htdocs\php_milwa_trading\admin\view\template\inventory\purchase_invoice_form.tpl on line 424
2023-05-11 13:20:57 - PHP Notice:  Undefined variable: income_tax_master in C:\xampp\htdocs\php_milwa_trading\admin\view\template\inventory\purchase_invoice_form.tpl on line 427
2023-05-11 13:20:57 - PHP Notice:  Undefined variable: total_duties_master in C:\xampp\htdocs\php_milwa_trading\admin\view\template\inventory\purchase_invoice_form.tpl on line 430
2023-05-11 13:20:57 - PHP Notice:  Undefined variable: total_other_expense_master in C:\xampp\htdocs\php_milwa_trading\admin\view\template\inventory\purchase_invoice_form.tpl on line 433
2023-05-11 13:20:57 - PHP Notice:  Undefined variable: total_other_duties_master in C:\xampp\htdocs\php_milwa_trading\admin\view\template\inventory\purchase_invoice_form.tpl on line 436
2023-05-11 13:20:57 - PHP Notice:  Undefined variable: total_landed_cost_master in C:\xampp\htdocs\php_milwa_trading\admin\view\template\inventory\purchase_invoice_form.tpl on line 439
2023-05-11 13:20:57 - PHP Notice:  Undefined variable: net_unit_cost_master in C:\xampp\htdocs\php_milwa_trading\admin\view\template\inventory\purchase_invoice_form.tpl on line 442
2023-05-11 13:20:57 - PHP Notice:  Undefined variable: purchase_invoice_expenses in C:\xampp\htdocs\php_milwa_trading\admin\view\template\inventory\purchase_invoice_form.tpl on line 467
2023-05-11 13:20:57 - PHP Warning:  Invalid argument supplied for foreach() in C:\xampp\htdocs\php_milwa_trading\admin\view\template\inventory\purchase_invoice_form.tpl on line 467
2023-05-11 13:20:57 - PHP Notice:  Undefined variable: expense_total in C:\xampp\htdocs\php_milwa_trading\admin\view\template\inventory\purchase_invoice_form.tpl on line 492
2023-05-11 13:20:57 - PHP Notice:  Undefined variable: purchase_invoice_sales_taxs in C:\xampp\htdocs\php_milwa_trading\admin\view\template\inventory\purchase_invoice_form.tpl on line 512
2023-05-11 13:20:57 - PHP Warning:  Invalid argument supplied for foreach() in C:\xampp\htdocs\php_milwa_trading\admin\view\template\inventory\purchase_invoice_form.tpl on line 512
2023-05-11 13:20:57 - PHP Notice:  Undefined variable: sales_tax_total in C:\xampp\htdocs\php_milwa_trading\admin\view\template\inventory\purchase_invoice_form.tpl on line 537
2023-05-11 13:20:57 - PHP Notice:  Undefined variable: is_post in C:\xampp\htdocs\php_milwa_trading\admin\view\template\inventory\purchase_invoice_form.tpl on line 572
2023-05-11 13:20:57 - PHP Notice:  Undefined variable: partner_id in C:\xampp\htdocs\php_milwa_trading\admin\view\template\inventory\purchase_invoice_form.tpl on line 591
2023-05-11 13:20:57 - PHP Notice:  Undefined variable: products in C:\xampp\htdocs\php_milwa_trading\admin\view\template\inventory\purchase_invoice_form.tpl on line 600
2023-05-11 13:20:57 - PHP Notice:  Undefined variable: sales_tax_adjustable_account in C:\xampp\htdocs\php_milwa_trading\admin\view\template\inventory\purchase_invoice_form.tpl on line 605
2023-05-11 13:20:57 - PHP Notice:  Undefined index: purchase_invoice_id in C:\xampp\htdocs\php_milwa_trading\admin\view\template\inventory\purchase_invoice_form.tpl on line 634
2023-05-11 13:20:57 - PHP Notice:  Undefined variable: column_right in C:\xampp\htdocs\php_milwa_trading\admin\view\template\inventory\purchase_invoice_form.tpl on line 721
2023-05-11 13:21:52 - PHP Notice:  Undefined variable: href_gl_mapping_account in C:\xampp\htdocs\php_milwa_trading\admin\view\template\common\column_left.tpl on line 68
2023-05-11 13:21:52 - PHP Notice:  Undefined index: gl_mapping_account in C:\xampp\htdocs\php_milwa_trading\admin\view\template\common\column_left.tpl on line 68
2023-05-11 13:21:52 - PHP Notice:  Undefined variable: href_tool_dashboard in C:\xampp\htdocs\php_milwa_trading\admin\view\template\common\column_left.tpl on line 231
2023-05-11 13:21:52 - PHP Notice:  Undefined index: class in C:\xampp\htdocs\php_milwa_trading\admin\view\template\inventory\purchase_invoice_list.tpl on line 19
2023-05-11 13:21:52 - PHP Notice:  Undefined index: class in C:\xampp\htdocs\php_milwa_trading\admin\view\template\inventory\purchase_invoice_list.tpl on line 19
2023-05-11 13:21:52 - PHP Notice:  Undefined index: class in C:\xampp\htdocs\php_milwa_trading\admin\view\template\inventory\purchase_invoice_list.tpl on line 19
2023-05-11 13:21:52 - PHP Notice:  Undefined variable: column_right in C:\xampp\htdocs\php_milwa_trading\admin\view\template\inventory\purchase_invoice_list.tpl on line 78
2023-05-11 13:22:00 - PHP Notice:  Undefined index: purchase_invoice_id in C:\xampp\htdocs\php_milwa_trading\system\engine\hcontroller.php on line 223
2023-05-11 13:22:00 - PHP Notice:  Undefined index: purchase_invoice_id in C:\xampp\htdocs\php_milwa_trading\system\engine\hcontroller.php on line 224
2023-05-11 13:22:00 - PHP Notice:  Undefined index: product_id in C:\xampp\htdocs\php_milwa_trading\admin\controller\inventory\purchase_invoice.php on line 208
2023-05-11 13:22:00 - PHP Notice:  Undefined index: purchase_invoice_id in C:\xampp\htdocs\php_milwa_trading\admin\controller\inventory\purchase_invoice.php on line 300
2023-05-11 13:22:00 - PHP Notice:  Undefined index: purchase_invoice_id in C:\xampp\htdocs\php_milwa_trading\admin\controller\inventory\purchase_invoice.php on line 301
2023-05-11 13:22:00 - PHP Notice:  Undefined index: purchase_invoice_id in C:\xampp\htdocs\php_milwa_trading\admin\controller\inventory\purchase_invoice.php on line 302
2023-05-11 13:22:00 - PHP Notice:  Undefined index: purchase_invoice_id in C:\xampp\htdocs\php_milwa_trading\admin\controller\inventory\purchase_invoice.php on line 303
2023-05-11 13:22:00 - PHP Notice:  Undefined index: purchase_invoice_id in C:\xampp\htdocs\php_milwa_trading\admin\controller\inventory\purchase_invoice.php on line 304
2023-05-11 13:22:00 - PHP Notice:  Undefined index: purchase_invoice_id in C:\xampp\htdocs\php_milwa_trading\admin\controller\inventory\purchase_invoice.php on line 305
2023-05-11 13:22:00 - PHP Notice:  Undefined index: purchase_invoice_id in C:\xampp\htdocs\php_milwa_trading\admin\controller\inventory\purchase_invoice.php on line 306
2023-05-11 13:22:00 - PHP Notice:  Undefined variable: href_gl_mapping_account in C:\xampp\htdocs\php_milwa_trading\admin\view\template\common\column_left.tpl on line 68
2023-05-11 13:22:00 - PHP Notice:  Undefined index: gl_mapping_account in C:\xampp\htdocs\php_milwa_trading\admin\view\template\common\column_left.tpl on line 68
2023-05-11 13:22:00 - PHP Notice:  Undefined variable: href_tool_dashboard in C:\xampp\htdocs\php_milwa_trading\admin\view\template\common\column_left.tpl on line 231
2023-05-11 13:22:00 - PHP Notice:  Undefined index: class in C:\xampp\htdocs\php_milwa_trading\admin\view\template\inventory\purchase_invoice_form.tpl on line 19
2023-05-11 13:22:00 - PHP Notice:  Undefined index: class in C:\xampp\htdocs\php_milwa_trading\admin\view\template\inventory\purchase_invoice_form.tpl on line 19
2023-05-11 13:22:00 - PHP Notice:  Undefined index: class in C:\xampp\htdocs\php_milwa_trading\admin\view\template\inventory\purchase_invoice_form.tpl on line 19
2023-05-11 13:22:00 - PHP Notice:  Undefined variable: is_post in C:\xampp\htdocs\php_milwa_trading\admin\view\template\inventory\purchase_invoice_form.tpl on line 52
2023-05-11 13:22:00 - PHP Notice:  Undefined variable: action in C:\xampp\htdocs\php_milwa_trading\admin\view\template\inventory\purchase_invoice_form.tpl on line 80
2023-05-11 13:22:00 - PHP Notice:  Undefined variable: document_type_id in C:\xampp\htdocs\php_milwa_trading\admin\view\template\inventory\purchase_invoice_form.tpl on line 81
2023-05-11 13:22:00 - PHP Notice:  Undefined variable: purchase_invoice_id in C:\xampp\htdocs\php_milwa_trading\admin\view\template\inventory\purchase_invoice_form.tpl on line 82
2023-05-11 13:22:00 - PHP Notice:  Undefined index: payment_type in C:\xampp\htdocs\php_milwa_trading\admin\view\template\inventory\purchase_invoice_form.tpl on line 86
2023-05-11 13:22:00 - PHP Notice:  Undefined variable: payment_type in C:\xampp\htdocs\php_milwa_trading\admin\view\template\inventory\purchase_invoice_form.tpl on line 91
2023-05-11 13:22:00 - PHP Notice:  Undefined variable: payment_type in C:\xampp\htdocs\php_milwa_trading\admin\view\template\inventory\purchase_invoice_form.tpl on line 99
2023-05-11 13:22:00 - PHP Notice:  Undefined variable: document_identity in C:\xampp\htdocs\php_milwa_trading\admin\view\template\inventory\purchase_invoice_form.tpl on line 110
2023-05-11 13:22:00 - PHP Notice:  Undefined variable: partner_id in C:\xampp\htdocs\php_milwa_trading\admin\view\template\inventory\purchase_invoice_form.tpl on line 177
2023-05-11 13:22:00 - PHP Notice:  Undefined variable: partner_id in C:\xampp\htdocs\php_milwa_trading\admin\view\template\inventory\purchase_invoice_form.tpl on line 177
2023-05-11 13:22:01 - PHP Notice:  Undefined variable: partner_id in C:\xampp\htdocs\php_milwa_trading\admin\view\template\inventory\purchase_invoice_form.tpl on line 177
2023-05-11 13:22:01 - PHP Notice:  Undefined variable: partner_id in C:\xampp\htdocs\php_milwa_trading\admin\view\template\inventory\purchase_invoice_form.tpl on line 177
2023-05-11 13:22:01 - PHP Notice:  Undefined variable: ref_document_type_id in C:\xampp\htdocs\php_milwa_trading\admin\view\template\inventory\purchase_invoice_form.tpl on line 188
2023-05-11 13:22:01 - PHP Notice:  Undefined variable: document_currency_name in C:\xampp\htdocs\php_milwa_trading\admin\view\template\inventory\purchase_invoice_form.tpl on line 221
2023-05-11 13:22:01 - PHP Notice:  Undefined variable: remarks in C:\xampp\htdocs\php_milwa_trading\admin\view\template\inventory\purchase_invoice_form.tpl on line 235
2023-05-11 13:22:01 - PHP Notice:  Undefined variable: purchase_invoice_details in C:\xampp\htdocs\php_milwa_trading\admin\view\template\inventory\purchase_invoice_form.tpl on line 274
2023-05-11 13:22:01 - PHP Warning:  Invalid argument supplied for foreach() in C:\xampp\htdocs\php_milwa_trading\admin\view\template\inventory\purchase_invoice_form.tpl on line 274
2023-05-11 13:22:01 - PHP Notice:  Undefined variable: purchase_invoice_details in C:\xampp\htdocs\php_milwa_trading\admin\view\template\inventory\purchase_invoice_form.tpl on line 389
2023-05-11 13:22:01 - PHP Warning:  count(): Parameter must be an array or an object that implements Countable in C:\xampp\htdocs\php_milwa_trading\admin\view\template\inventory\purchase_invoice_form.tpl on line 389
2023-05-11 13:22:01 - PHP Notice:  Undefined variable: qty_master in C:\xampp\htdocs\php_milwa_trading\admin\view\template\inventory\purchase_invoice_form.tpl on line 395
2023-05-11 13:22:01 - PHP Notice:  Undefined variable: total_price_master in C:\xampp\htdocs\php_milwa_trading\admin\view\template\inventory\purchase_invoice_form.tpl on line 400
2023-05-11 13:22:01 - PHP Notice:  Undefined variable: total_price_pkr_master in C:\xampp\htdocs\php_milwa_trading\admin\view\template\inventory\purchase_invoice_form.tpl on line 404
2023-05-11 13:22:01 - PHP Notice:  Undefined variable: freight_master in C:\xampp\htdocs\php_milwa_trading\admin\view\template\inventory\purchase_invoice_form.tpl on line 408
2023-05-11 13:22:01 - PHP Notice:  Undefined variable: custom_duty_master in C:\xampp\htdocs\php_milwa_trading\admin\view\template\inventory\purchase_invoice_form.tpl on line 411
2023-05-11 13:22:01 - PHP Notice:  Undefined variable: additional_custom_duty_master in C:\xampp\htdocs\php_milwa_trading\admin\view\template\inventory\purchase_invoice_form.tpl on line 414
2023-05-11 13:22:01 - PHP Notice:  Undefined variable: regulatory_duty_master in C:\xampp\htdocs\php_milwa_trading\admin\view\template\inventory\purchase_invoice_form.tpl on line 417
2023-05-11 13:22:01 - PHP Notice:  Undefined variable: sales_tax_master in C:\xampp\htdocs\php_milwa_trading\admin\view\template\inventory\purchase_invoice_form.tpl on line 421
2023-05-11 13:22:01 - PHP Notice:  Undefined variable: additional_sales_tax_master in C:\xampp\htdocs\php_milwa_trading\admin\view\template\inventory\purchase_invoice_form.tpl on line 424
2023-05-11 13:22:01 - PHP Notice:  Undefined variable: income_tax_master in C:\xampp\htdocs\php_milwa_trading\admin\view\template\inventory\purchase_invoice_form.tpl on line 427
2023-05-11 13:22:01 - PHP Notice:  Undefined variable: total_duties_master in C:\xampp\htdocs\php_milwa_trading\admin\view\template\inventory\purchase_invoice_form.tpl on line 430
2023-05-11 13:22:01 - PHP Notice:  Undefined variable: total_other_expense_master in C:\xampp\htdocs\php_milwa_trading\admin\view\template\inventory\purchase_invoice_form.tpl on line 433
2023-05-11 13:22:01 - PHP Notice:  Undefined variable: total_other_duties_master in C:\xampp\htdocs\php_milwa_trading\admin\view\template\inventory\purchase_invoice_form.tpl on line 436
2023-05-11 13:22:01 - PHP Notice:  Undefined variable: total_landed_cost_master in C:\xampp\htdocs\php_milwa_trading\admin\view\template\inventory\purchase_invoice_form.tpl on line 439
2023-05-11 13:22:01 - PHP Notice:  Undefined variable: net_unit_cost_master in C:\xampp\htdocs\php_milwa_trading\admin\view\template\inventory\purchase_invoice_form.tpl on line 442
2023-05-11 13:22:01 - PHP Notice:  Undefined variable: purchase_invoice_expenses in C:\xampp\htdocs\php_milwa_trading\admin\view\template\inventory\purchase_invoice_form.tpl on line 467
2023-05-11 13:22:01 - PHP Warning:  Invalid argument supplied for foreach() in C:\xampp\htdocs\php_milwa_trading\admin\view\template\inventory\purchase_invoice_form.tpl on line 467
2023-05-11 13:22:01 - PHP Notice:  Undefined variable: expense_total in C:\xampp\htdocs\php_milwa_trading\admin\view\template\inventory\purchase_invoice_form.tpl on line 492
2023-05-11 13:22:01 - PHP Notice:  Undefined variable: purchase_invoice_sales_taxs in C:\xampp\htdocs\php_milwa_trading\admin\view\template\inventory\purchase_invoice_form.tpl on line 512
2023-05-11 13:22:01 - PHP Warning:  Invalid argument supplied for foreach() in C:\xampp\htdocs\php_milwa_trading\admin\view\template\inventory\purchase_invoice_form.tpl on line 512
2023-05-11 13:22:01 - PHP Notice:  Undefined variable: sales_tax_total in C:\xampp\htdocs\php_milwa_trading\admin\view\template\inventory\purchase_invoice_form.tpl on line 537
2023-05-11 13:22:01 - PHP Notice:  Undefined variable: is_post in C:\xampp\htdocs\php_milwa_trading\admin\view\template\inventory\purchase_invoice_form.tpl on line 572
2023-05-11 13:22:01 - PHP Notice:  Undefined variable: partner_id in C:\xampp\htdocs\php_milwa_trading\admin\view\template\inventory\purchase_invoice_form.tpl on line 591
2023-05-11 13:22:01 - PHP Notice:  Undefined variable: products in C:\xampp\htdocs\php_milwa_trading\admin\view\template\inventory\purchase_invoice_form.tpl on line 600
2023-05-11 13:22:01 - PHP Notice:  Undefined variable: sales_tax_adjustable_account in C:\xampp\htdocs\php_milwa_trading\admin\view\template\inventory\purchase_invoice_form.tpl on line 605
2023-05-11 13:22:01 - PHP Notice:  Undefined index: purchase_invoice_id in C:\xampp\htdocs\php_milwa_trading\admin\view\template\inventory\purchase_invoice_form.tpl on line 634
2023-05-11 13:22:01 - PHP Notice:  Undefined variable: column_right in C:\xampp\htdocs\php_milwa_trading\admin\view\template\inventory\purchase_invoice_form.tpl on line 721
2023-05-11 13:22:21 - PHP Notice:  Undefined variable: href_gl_mapping_account in C:\xampp\htdocs\php_milwa_trading\admin\view\template\common\column_left.tpl on line 68
2023-05-11 13:22:21 - PHP Notice:  Undefined index: gl_mapping_account in C:\xampp\htdocs\php_milwa_trading\admin\view\template\common\column_left.tpl on line 68
2023-05-11 13:22:21 - PHP Notice:  Undefined variable: href_tool_dashboard in C:\xampp\htdocs\php_milwa_trading\admin\view\template\common\column_left.tpl on line 231
2023-05-11 13:22:22 - PHP Notice:  Undefined index: class in C:\xampp\htdocs\php_milwa_trading\admin\view\template\inventory\purchase_invoice_list.tpl on line 19
2023-05-11 13:22:22 - PHP Notice:  Undefined index: class in C:\xampp\htdocs\php_milwa_trading\admin\view\template\inventory\purchase_invoice_list.tpl on line 19
2023-05-11 13:22:22 - PHP Notice:  Undefined index: class in C:\xampp\htdocs\php_milwa_trading\admin\view\template\inventory\purchase_invoice_list.tpl on line 19
2023-05-11 13:22:22 - PHP Notice:  Undefined variable: column_right in C:\xampp\htdocs\php_milwa_trading\admin\view\template\inventory\purchase_invoice_list.tpl on line 78
2023-05-11 13:22:57 - PHP Notice:  Undefined index: purchase_invoice_id in C:\xampp\htdocs\php_milwa_trading\system\engine\hcontroller.php on line 223
2023-05-11 13:22:57 - PHP Notice:  Undefined index: purchase_invoice_id in C:\xampp\htdocs\php_milwa_trading\system\engine\hcontroller.php on line 224
2023-05-11 13:22:57 - PHP Notice:  Undefined index: product_id in C:\xampp\htdocs\php_milwa_trading\admin\controller\inventory\purchase_invoice.php on line 208
2023-05-11 13:22:57 - PHP Notice:  Undefined index: purchase_invoice_id in C:\xampp\htdocs\php_milwa_trading\admin\controller\inventory\purchase_invoice.php on line 300
2023-05-11 13:22:57 - PHP Notice:  Undefined index: purchase_invoice_id in C:\xampp\htdocs\php_milwa_trading\admin\controller\inventory\purchase_invoice.php on line 301
2023-05-11 13:22:58 - PHP Notice:  Undefined index: purchase_invoice_id in C:\xampp\htdocs\php_milwa_trading\admin\controller\inventory\purchase_invoice.php on line 302
2023-05-11 13:22:58 - PHP Notice:  Undefined index: purchase_invoice_id in C:\xampp\htdocs\php_milwa_trading\admin\controller\inventory\purchase_invoice.php on line 303
2023-05-11 13:22:58 - PHP Notice:  Undefined index: purchase_invoice_id in C:\xampp\htdocs\php_milwa_trading\admin\controller\inventory\purchase_invoice.php on line 304
2023-05-11 13:22:58 - PHP Notice:  Undefined index: purchase_invoice_id in C:\xampp\htdocs\php_milwa_trading\admin\controller\inventory\purchase_invoice.php on line 305
2023-05-11 13:22:58 - PHP Notice:  Undefined index: purchase_invoice_id in C:\xampp\htdocs\php_milwa_trading\admin\controller\inventory\purchase_invoice.php on line 306
2023-05-11 13:22:58 - PHP Notice:  Undefined variable: href_gl_mapping_account in C:\xampp\htdocs\php_milwa_trading\admin\view\template\common\column_left.tpl on line 68
2023-05-11 13:22:58 - PHP Notice:  Undefined index: gl_mapping_account in C:\xampp\htdocs\php_milwa_trading\admin\view\template\common\column_left.tpl on line 68
2023-05-11 13:22:58 - PHP Notice:  Undefined variable: href_tool_dashboard in C:\xampp\htdocs\php_milwa_trading\admin\view\template\common\column_left.tpl on line 231
2023-05-11 13:22:58 - PHP Notice:  Undefined index: class in C:\xampp\htdocs\php_milwa_trading\admin\view\template\inventory\purchase_invoice_form.tpl on line 19
2023-05-11 13:22:58 - PHP Notice:  Undefined index: class in C:\xampp\htdocs\php_milwa_trading\admin\view\template\inventory\purchase_invoice_form.tpl on line 19
2023-05-11 13:22:58 - PHP Notice:  Undefined index: class in C:\xampp\htdocs\php_milwa_trading\admin\view\template\inventory\purchase_invoice_form.tpl on line 19
2023-05-11 13:22:58 - PHP Notice:  Undefined variable: is_post in C:\xampp\htdocs\php_milwa_trading\admin\view\template\inventory\purchase_invoice_form.tpl on line 52
2023-05-11 13:22:58 - PHP Notice:  Undefined variable: action in C:\xampp\htdocs\php_milwa_trading\admin\view\template\inventory\purchase_invoice_form.tpl on line 80
2023-05-11 13:22:58 - PHP Notice:  Undefined variable: document_type_id in C:\xampp\htdocs\php_milwa_trading\admin\view\template\inventory\purchase_invoice_form.tpl on line 81
2023-05-11 13:22:58 - PHP Notice:  Undefined variable: purchase_invoice_id in C:\xampp\htdocs\php_milwa_trading\admin\view\template\inventory\purchase_invoice_form.tpl on line 82
2023-05-11 13:22:58 - PHP Notice:  Undefined index: payment_type in C:\xampp\htdocs\php_milwa_trading\admin\view\template\inventory\purchase_invoice_form.tpl on line 86
2023-05-11 13:22:58 - PHP Notice:  Undefined variable: payment_type in C:\xampp\htdocs\php_milwa_trading\admin\view\template\inventory\purchase_invoice_form.tpl on line 91
2023-05-11 13:22:58 - PHP Notice:  Undefined variable: payment_type in C:\xampp\htdocs\php_milwa_trading\admin\view\template\inventory\purchase_invoice_form.tpl on line 99
2023-05-11 13:22:58 - PHP Notice:  Undefined variable: document_identity in C:\xampp\htdocs\php_milwa_trading\admin\view\template\inventory\purchase_invoice_form.tpl on line 110
2023-05-11 13:22:58 - PHP Notice:  Undefined variable: partner_id in C:\xampp\htdocs\php_milwa_trading\admin\view\template\inventory\purchase_invoice_form.tpl on line 177
2023-05-11 13:22:58 - PHP Notice:  Undefined variable: partner_id in C:\xampp\htdocs\php_milwa_trading\admin\view\template\inventory\purchase_invoice_form.tpl on line 177
2023-05-11 13:22:58 - PHP Notice:  Undefined variable: partner_id in C:\xampp\htdocs\php_milwa_trading\admin\view\template\inventory\purchase_invoice_form.tpl on line 177
2023-05-11 13:22:58 - PHP Notice:  Undefined variable: partner_id in C:\xampp\htdocs\php_milwa_trading\admin\view\template\inventory\purchase_invoice_form.tpl on line 177
2023-05-11 13:22:58 - PHP Notice:  Undefined variable: ref_document_type_id in C:\xampp\htdocs\php_milwa_trading\admin\view\template\inventory\purchase_invoice_form.tpl on line 188
2023-05-11 13:22:58 - PHP Notice:  Undefined variable: document_currency_name in C:\xampp\htdocs\php_milwa_trading\admin\view\template\inventory\purchase_invoice_form.tpl on line 221
2023-05-11 13:22:58 - PHP Notice:  Undefined variable: remarks in C:\xampp\htdocs\php_milwa_trading\admin\view\template\inventory\purchase_invoice_form.tpl on line 235
2023-05-11 13:22:58 - PHP Notice:  Undefined variable: purchase_invoice_details in C:\xampp\htdocs\php_milwa_trading\admin\view\template\inventory\purchase_invoice_form.tpl on line 274
2023-05-11 13:22:58 - PHP Warning:  Invalid argument supplied for foreach() in C:\xampp\htdocs\php_milwa_trading\admin\view\template\inventory\purchase_invoice_form.tpl on line 274
2023-05-11 13:22:58 - PHP Notice:  Undefined variable: purchase_invoice_details in C:\xampp\htdocs\php_milwa_trading\admin\view\template\inventory\purchase_invoice_form.tpl on line 389
2023-05-11 13:22:58 - PHP Warning:  count(): Parameter must be an array or an object that implements Countable in C:\xampp\htdocs\php_milwa_trading\admin\view\template\inventory\purchase_invoice_form.tpl on line 389
2023-05-11 13:22:58 - PHP Notice:  Undefined variable: qty_master in C:\xampp\htdocs\php_milwa_trading\admin\view\template\inventory\purchase_invoice_form.tpl on line 395
2023-05-11 13:22:58 - PHP Notice:  Undefined variable: total_price_master in C:\xampp\htdocs\php_milwa_trading\admin\view\template\inventory\purchase_invoice_form.tpl on line 400
2023-05-11 13:22:58 - PHP Notice:  Undefined variable: total_price_pkr_master in C:\xampp\htdocs\php_milwa_trading\admin\view\template\inventory\purchase_invoice_form.tpl on line 404
2023-05-11 13:22:58 - PHP Notice:  Undefined variable: freight_master in C:\xampp\htdocs\php_milwa_trading\admin\view\template\inventory\purchase_invoice_form.tpl on line 408
2023-05-11 13:22:58 - PHP Notice:  Undefined variable: custom_duty_master in C:\xampp\htdocs\php_milwa_trading\admin\view\template\inventory\purchase_invoice_form.tpl on line 411
2023-05-11 13:22:58 - PHP Notice:  Undefined variable: additional_custom_duty_master in C:\xampp\htdocs\php_milwa_trading\admin\view\template\inventory\purchase_invoice_form.tpl on line 414
2023-05-11 13:22:58 - PHP Notice:  Undefined variable: regulatory_duty_master in C:\xampp\htdocs\php_milwa_trading\admin\view\template\inventory\purchase_invoice_form.tpl on line 417
2023-05-11 13:22:58 - PHP Notice:  Undefined variable: sales_tax_master in C:\xampp\htdocs\php_milwa_trading\admin\view\template\inventory\purchase_invoice_form.tpl on line 421
2023-05-11 13:22:58 - PHP Notice:  Undefined variable: additional_sales_tax_master in C:\xampp\htdocs\php_milwa_trading\admin\view\template\inventory\purchase_invoice_form.tpl on line 424
2023-05-11 13:22:58 - PHP Notice:  Undefined variable: income_tax_master in C:\xampp\htdocs\php_milwa_trading\admin\view\template\inventory\purchase_invoice_form.tpl on line 427
2023-05-11 13:22:58 - PHP Notice:  Undefined variable: total_duties_master in C:\xampp\htdocs\php_milwa_trading\admin\view\template\inventory\purchase_invoice_form.tpl on line 430
2023-05-11 13:22:58 - PHP Notice:  Undefined variable: total_other_expense_master in C:\xampp\htdocs\php_milwa_trading\admin\view\template\inventory\purchase_invoice_form.tpl on line 433
2023-05-11 13:22:58 - PHP Notice:  Undefined variable: total_other_duties_master in C:\xampp\htdocs\php_milwa_trading\admin\view\template\inventory\purchase_invoice_form.tpl on line 436
2023-05-11 13:22:58 - PHP Notice:  Undefined variable: total_landed_cost_master in C:\xampp\htdocs\php_milwa_trading\admin\view\template\inventory\purchase_invoice_form.tpl on line 439
2023-05-11 13:22:58 - PHP Notice:  Undefined variable: net_unit_cost_master in C:\xampp\htdocs\php_milwa_trading\admin\view\template\inventory\purchase_invoice_form.tpl on line 442
2023-05-11 13:22:58 - PHP Notice:  Undefined variable: purchase_invoice_expenses in C:\xampp\htdocs\php_milwa_trading\admin\view\template\inventory\purchase_invoice_form.tpl on line 467
2023-05-11 13:22:58 - PHP Warning:  Invalid argument supplied for foreach() in C:\xampp\htdocs\php_milwa_trading\admin\view\template\inventory\purchase_invoice_form.tpl on line 467
2023-05-11 13:22:58 - PHP Notice:  Undefined variable: expense_total in C:\xampp\htdocs\php_milwa_trading\admin\view\template\inventory\purchase_invoice_form.tpl on line 492
2023-05-11 13:22:58 - PHP Notice:  Undefined variable: purchase_invoice_sales_taxs in C:\xampp\htdocs\php_milwa_trading\admin\view\template\inventory\purchase_invoice_form.tpl on line 512
2023-05-11 13:22:58 - PHP Warning:  Invalid argument supplied for foreach() in C:\xampp\htdocs\php_milwa_trading\admin\view\template\inventory\purchase_invoice_form.tpl on line 512
2023-05-11 13:22:58 - PHP Notice:  Undefined variable: sales_tax_total in C:\xampp\htdocs\php_milwa_trading\admin\view\template\inventory\purchase_invoice_form.tpl on line 537
2023-05-11 13:22:58 - PHP Notice:  Undefined variable: is_post in C:\xampp\htdocs\php_milwa_trading\admin\view\template\inventory\purchase_invoice_form.tpl on line 572
2023-05-11 13:22:58 - PHP Notice:  Undefined variable: partner_id in C:\xampp\htdocs\php_milwa_trading\admin\view\template\inventory\purchase_invoice_form.tpl on line 591
2023-05-11 13:22:58 - PHP Notice:  Undefined variable: products in C:\xampp\htdocs\php_milwa_trading\admin\view\template\inventory\purchase_invoice_form.tpl on line 600
2023-05-11 13:22:58 - PHP Notice:  Undefined variable: sales_tax_adjustable_account in C:\xampp\htdocs\php_milwa_trading\admin\view\template\inventory\purchase_invoice_form.tpl on line 605
2023-05-11 13:22:58 - PHP Notice:  Undefined index: purchase_invoice_id in C:\xampp\htdocs\php_milwa_trading\admin\view\template\inventory\purchase_invoice_form.tpl on line 634
2023-05-11 13:22:58 - PHP Notice:  Undefined variable: column_right in C:\xampp\htdocs\php_milwa_trading\admin\view\template\inventory\purchase_invoice_form.tpl on line 721
2023-05-11 13:24:44 - PHP Notice:  Undefined variable: href_gl_mapping_account in C:\xampp\htdocs\php_milwa_trading\admin\view\template\common\column_left.tpl on line 68
2023-05-11 13:24:44 - PHP Notice:  Undefined index: gl_mapping_account in C:\xampp\htdocs\php_milwa_trading\admin\view\template\common\column_left.tpl on line 68
2023-05-11 13:24:44 - PHP Notice:  Undefined variable: href_tool_dashboard in C:\xampp\htdocs\php_milwa_trading\admin\view\template\common\column_left.tpl on line 231
2023-05-11 13:24:44 - PHP Notice:  Undefined index: class in C:\xampp\htdocs\php_milwa_trading\admin\view\template\inventory\purchase_invoice_list.tpl on line 19
2023-05-11 13:24:44 - PHP Notice:  Undefined index: class in C:\xampp\htdocs\php_milwa_trading\admin\view\template\inventory\purchase_invoice_list.tpl on line 19
2023-05-11 13:24:44 - PHP Notice:  Undefined index: class in C:\xampp\htdocs\php_milwa_trading\admin\view\template\inventory\purchase_invoice_list.tpl on line 19
2023-05-11 13:24:44 - PHP Notice:  Undefined variable: column_right in C:\xampp\htdocs\php_milwa_trading\admin\view\template\inventory\purchase_invoice_list.tpl on line 78
