2022-08-10 10:31:48 - PHP Notice:  Undefined index: db_name in C:\xampp\htdocs\php_milwa_trading\system\engine\hmodel.php on line 12
2022-08-10 10:31:48 - PHP Warning:  Invalid argument supplied for foreach() in C:\xampp\htdocs\php_milwa_trading\admin\view\template\common\preset.tpl on line 52
2022-08-10 10:31:49 - PHP Notice:  Undefined variable: fiscal_year_id in C:\xampp\htdocs\php_milwa_trading\admin\controller\common\preset.php on line 228
2022-08-10 10:31:50 - PHP Notice:  Undefined index: db_name in C:\xampp\htdocs\php_milwa_trading\system\engine\hmodel.php on line 12
2022-08-10 10:31:50 - PHP Notice:  Undefined index: case_id in C:\xampp\htdocs\php_milwa_trading\admin\controller\common\home.php on line 55
2022-08-10 10:31:50 - PHP Notice:  Undefined index: case_id in C:\xampp\htdocs\php_milwa_trading\admin\controller\common\home.php on line 56
2022-08-10 10:31:53 - PHP Notice:  Undefined variable: href_gl_mapping_account in C:\xampp\htdocs\php_milwa_trading\admin\view\template\common\column_left.tpl on line 66
2022-08-10 10:31:53 - PHP Notice:  Undefined index: gl_mapping_account in C:\xampp\htdocs\php_milwa_trading\admin\view\template\common\column_left.tpl on line 66
2022-08-10 10:31:53 - PHP Notice:  Undefined variable: href_tool_dashboard in C:\xampp\htdocs\php_milwa_trading\admin\view\template\common\column_left.tpl on line 229
2022-08-10 10:31:54 - PHP Notice:  Undefined variable: bank_receipts in C:\xampp\htdocs\php_milwa_trading\admin\view\template\common\home.tpl on line 258
2022-08-10 10:31:54 - PHP Warning:  Invalid argument supplied for foreach() in C:\xampp\htdocs\php_milwa_trading\admin\view\template\common\home.tpl on line 258
2022-08-10 10:32:01 - PHP Notice:  Undefined variable: href_gl_mapping_account in C:\xampp\htdocs\php_milwa_trading\admin\view\template\common\column_left.tpl on line 66
2022-08-10 10:32:01 - PHP Notice:  Undefined index: gl_mapping_account in C:\xampp\htdocs\php_milwa_trading\admin\view\template\common\column_left.tpl on line 66
2022-08-10 10:32:01 - PHP Notice:  Undefined variable: href_tool_dashboard in C:\xampp\htdocs\php_milwa_trading\admin\view\template\common\column_left.tpl on line 229
2022-08-10 10:32:02 - PHP Notice:  Undefined index: class in C:\xampp\htdocs\php_milwa_trading\admin\view\template\inventory\purchase_invoice_list.tpl on line 19
2022-08-10 10:32:02 - PHP Notice:  Undefined index: class in C:\xampp\htdocs\php_milwa_trading\admin\view\template\inventory\purchase_invoice_list.tpl on line 19
2022-08-10 10:32:02 - PHP Notice:  Undefined index: class in C:\xampp\htdocs\php_milwa_trading\admin\view\template\inventory\purchase_invoice_list.tpl on line 19
2022-08-10 10:32:02 - PHP Notice:  Undefined variable: column_right in C:\xampp\htdocs\php_milwa_trading\admin\view\template\inventory\purchase_invoice_list.tpl on line 78
2022-08-10 10:32:05 - PHP Notice:  Undefined index: purchase_invoice_id in C:\xampp\htdocs\php_milwa_trading\system\engine\hcontroller.php on line 223
2022-08-10 10:32:05 - PHP Notice:  Undefined index: purchase_invoice_id in C:\xampp\htdocs\php_milwa_trading\system\engine\hcontroller.php on line 224
2022-08-10 10:32:05 - PHP Notice:  Undefined index: product_id in C:\xampp\htdocs\php_milwa_trading\admin\controller\inventory\purchase_invoice.php on line 208
2022-08-10 10:32:06 - PHP Notice:  Undefined index: purchase_invoice_id in C:\xampp\htdocs\php_milwa_trading\admin\controller\inventory\purchase_invoice.php on line 300
2022-08-10 10:32:06 - PHP Notice:  Undefined index: purchase_invoice_id in C:\xampp\htdocs\php_milwa_trading\admin\controller\inventory\purchase_invoice.php on line 301
2022-08-10 10:32:06 - PHP Notice:  Undefined index: purchase_invoice_id in C:\xampp\htdocs\php_milwa_trading\admin\controller\inventory\purchase_invoice.php on line 302
2022-08-10 10:32:06 - PHP Notice:  Undefined index: purchase_invoice_id in C:\xampp\htdocs\php_milwa_trading\admin\controller\inventory\purchase_invoice.php on line 303
2022-08-10 10:32:06 - PHP Notice:  Undefined index: purchase_invoice_id in C:\xampp\htdocs\php_milwa_trading\admin\controller\inventory\purchase_invoice.php on line 304
2022-08-10 10:32:06 - PHP Notice:  Undefined index: purchase_invoice_id in C:\xampp\htdocs\php_milwa_trading\admin\controller\inventory\purchase_invoice.php on line 305
2022-08-10 10:32:06 - PHP Notice:  Undefined index: purchase_invoice_id in C:\xampp\htdocs\php_milwa_trading\admin\controller\inventory\purchase_invoice.php on line 306
2022-08-10 10:32:06 - PHP Notice:  Undefined variable: href_gl_mapping_account in C:\xampp\htdocs\php_milwa_trading\admin\view\template\common\column_left.tpl on line 66
2022-08-10 10:32:06 - PHP Notice:  Undefined index: gl_mapping_account in C:\xampp\htdocs\php_milwa_trading\admin\view\template\common\column_left.tpl on line 66
2022-08-10 10:32:06 - PHP Notice:  Undefined variable: href_tool_dashboard in C:\xampp\htdocs\php_milwa_trading\admin\view\template\common\column_left.tpl on line 229
2022-08-10 10:32:07 - PHP Notice:  Undefined index: class in C:\xampp\htdocs\php_milwa_trading\admin\view\template\inventory\purchase_invoice_form.tpl on line 19
2022-08-10 10:32:07 - PHP Notice:  Undefined index: class in C:\xampp\htdocs\php_milwa_trading\admin\view\template\inventory\purchase_invoice_form.tpl on line 19
2022-08-10 10:32:07 - PHP Notice:  Undefined index: class in C:\xampp\htdocs\php_milwa_trading\admin\view\template\inventory\purchase_invoice_form.tpl on line 19
2022-08-10 10:32:07 - PHP Notice:  Undefined variable: is_post in C:\xampp\htdocs\php_milwa_trading\admin\view\template\inventory\purchase_invoice_form.tpl on line 52
2022-08-10 10:32:07 - PHP Notice:  Undefined variable: action in C:\xampp\htdocs\php_milwa_trading\admin\view\template\inventory\purchase_invoice_form.tpl on line 80
2022-08-10 10:32:07 - PHP Notice:  Undefined variable: document_type_id in C:\xampp\htdocs\php_milwa_trading\admin\view\template\inventory\purchase_invoice_form.tpl on line 81
2022-08-10 10:32:07 - PHP Notice:  Undefined variable: purchase_invoice_id in C:\xampp\htdocs\php_milwa_trading\admin\view\template\inventory\purchase_invoice_form.tpl on line 82
2022-08-10 10:32:07 - PHP Notice:  Undefined index: payment_type in C:\xampp\htdocs\php_milwa_trading\admin\view\template\inventory\purchase_invoice_form.tpl on line 86
2022-08-10 10:32:07 - PHP Notice:  Undefined variable: payment_type in C:\xampp\htdocs\php_milwa_trading\admin\view\template\inventory\purchase_invoice_form.tpl on line 91
2022-08-10 10:32:07 - PHP Notice:  Undefined variable: payment_type in C:\xampp\htdocs\php_milwa_trading\admin\view\template\inventory\purchase_invoice_form.tpl on line 99
2022-08-10 10:32:07 - PHP Notice:  Undefined variable: document_identity in C:\xampp\htdocs\php_milwa_trading\admin\view\template\inventory\purchase_invoice_form.tpl on line 110
2022-08-10 10:32:07 - PHP Notice:  Undefined variable: partner_id in C:\xampp\htdocs\php_milwa_trading\admin\view\template\inventory\purchase_invoice_form.tpl on line 177
2022-08-10 10:32:07 - PHP Notice:  Undefined variable: partner_id in C:\xampp\htdocs\php_milwa_trading\admin\view\template\inventory\purchase_invoice_form.tpl on line 177
2022-08-10 10:32:07 - PHP Notice:  Undefined variable: ref_document_type_id in C:\xampp\htdocs\php_milwa_trading\admin\view\template\inventory\purchase_invoice_form.tpl on line 188
2022-08-10 10:32:07 - PHP Notice:  Undefined variable: document_currency_name in C:\xampp\htdocs\php_milwa_trading\admin\view\template\inventory\purchase_invoice_form.tpl on line 221
2022-08-10 10:32:07 - PHP Notice:  Undefined variable: remarks in C:\xampp\htdocs\php_milwa_trading\admin\view\template\inventory\purchase_invoice_form.tpl on line 235
2022-08-10 10:32:07 - PHP Notice:  Undefined variable: purchase_invoice_details in C:\xampp\htdocs\php_milwa_trading\admin\view\template\inventory\purchase_invoice_form.tpl on line 274
2022-08-10 10:32:07 - PHP Warning:  Invalid argument supplied for foreach() in C:\xampp\htdocs\php_milwa_trading\admin\view\template\inventory\purchase_invoice_form.tpl on line 274
2022-08-10 10:32:07 - PHP Notice:  Undefined variable: purchase_invoice_details in C:\xampp\htdocs\php_milwa_trading\admin\view\template\inventory\purchase_invoice_form.tpl on line 389
2022-08-10 10:32:07 - PHP Warning:  count(): Parameter must be an array or an object that implements Countable in C:\xampp\htdocs\php_milwa_trading\admin\view\template\inventory\purchase_invoice_form.tpl on line 389
2022-08-10 10:32:07 - PHP Notice:  Undefined variable: qty_master in C:\xampp\htdocs\php_milwa_trading\admin\view\template\inventory\purchase_invoice_form.tpl on line 395
2022-08-10 10:32:07 - PHP Notice:  Undefined variable: total_price_master in C:\xampp\htdocs\php_milwa_trading\admin\view\template\inventory\purchase_invoice_form.tpl on line 400
2022-08-10 10:32:07 - PHP Notice:  Undefined variable: total_price_pkr_master in C:\xampp\htdocs\php_milwa_trading\admin\view\template\inventory\purchase_invoice_form.tpl on line 404
2022-08-10 10:32:07 - PHP Notice:  Undefined variable: freight_master in C:\xampp\htdocs\php_milwa_trading\admin\view\template\inventory\purchase_invoice_form.tpl on line 408
2022-08-10 10:32:07 - PHP Notice:  Undefined variable: custom_duty_master in C:\xampp\htdocs\php_milwa_trading\admin\view\template\inventory\purchase_invoice_form.tpl on line 411
2022-08-10 10:32:07 - PHP Notice:  Undefined variable: additional_custom_duty_master in C:\xampp\htdocs\php_milwa_trading\admin\view\template\inventory\purchase_invoice_form.tpl on line 414
2022-08-10 10:32:07 - PHP Notice:  Undefined variable: regulatory_duty_master in C:\xampp\htdocs\php_milwa_trading\admin\view\template\inventory\purchase_invoice_form.tpl on line 417
2022-08-10 10:32:07 - PHP Notice:  Undefined variable: sales_tax_master in C:\xampp\htdocs\php_milwa_trading\admin\view\template\inventory\purchase_invoice_form.tpl on line 421
2022-08-10 10:32:07 - PHP Notice:  Undefined variable: additional_sales_tax_master in C:\xampp\htdocs\php_milwa_trading\admin\view\template\inventory\purchase_invoice_form.tpl on line 424
2022-08-10 10:32:07 - PHP Notice:  Undefined variable: income_tax_master in C:\xampp\htdocs\php_milwa_trading\admin\view\template\inventory\purchase_invoice_form.tpl on line 427
2022-08-10 10:32:07 - PHP Notice:  Undefined variable: total_duties_master in C:\xampp\htdocs\php_milwa_trading\admin\view\template\inventory\purchase_invoice_form.tpl on line 430
2022-08-10 10:32:07 - PHP Notice:  Undefined variable: total_other_expense_master in C:\xampp\htdocs\php_milwa_trading\admin\view\template\inventory\purchase_invoice_form.tpl on line 433
2022-08-10 10:32:07 - PHP Notice:  Undefined variable: total_other_duties_master in C:\xampp\htdocs\php_milwa_trading\admin\view\template\inventory\purchase_invoice_form.tpl on line 436
2022-08-10 10:32:07 - PHP Notice:  Undefined variable: total_landed_cost_master in C:\xampp\htdocs\php_milwa_trading\admin\view\template\inventory\purchase_invoice_form.tpl on line 439
2022-08-10 10:32:07 - PHP Notice:  Undefined variable: net_unit_cost_master in C:\xampp\htdocs\php_milwa_trading\admin\view\template\inventory\purchase_invoice_form.tpl on line 442
2022-08-10 10:32:07 - PHP Notice:  Undefined variable: purchase_invoice_expenses in C:\xampp\htdocs\php_milwa_trading\admin\view\template\inventory\purchase_invoice_form.tpl on line 467
2022-08-10 10:32:07 - PHP Warning:  Invalid argument supplied for foreach() in C:\xampp\htdocs\php_milwa_trading\admin\view\template\inventory\purchase_invoice_form.tpl on line 467
2022-08-10 10:32:07 - PHP Notice:  Undefined variable: expense_total in C:\xampp\htdocs\php_milwa_trading\admin\view\template\inventory\purchase_invoice_form.tpl on line 492
2022-08-10 10:32:07 - PHP Notice:  Undefined variable: purchase_invoice_sales_taxs in C:\xampp\htdocs\php_milwa_trading\admin\view\template\inventory\purchase_invoice_form.tpl on line 512
2022-08-10 10:32:07 - PHP Warning:  Invalid argument supplied for foreach() in C:\xampp\htdocs\php_milwa_trading\admin\view\template\inventory\purchase_invoice_form.tpl on line 512
2022-08-10 10:32:08 - PHP Notice:  Undefined variable: sales_tax_total in C:\xampp\htdocs\php_milwa_trading\admin\view\template\inventory\purchase_invoice_form.tpl on line 537
2022-08-10 10:32:08 - PHP Notice:  Undefined variable: is_post in C:\xampp\htdocs\php_milwa_trading\admin\view\template\inventory\purchase_invoice_form.tpl on line 572
2022-08-10 10:32:08 - PHP Notice:  Undefined variable: partner_id in C:\xampp\htdocs\php_milwa_trading\admin\view\template\inventory\purchase_invoice_form.tpl on line 591
2022-08-10 10:32:08 - PHP Notice:  Undefined variable: products in C:\xampp\htdocs\php_milwa_trading\admin\view\template\inventory\purchase_invoice_form.tpl on line 600
2022-08-10 10:32:08 - PHP Notice:  Undefined variable: sales_tax_adjustable_account in C:\xampp\htdocs\php_milwa_trading\admin\view\template\inventory\purchase_invoice_form.tpl on line 605
2022-08-10 10:32:08 - PHP Notice:  Undefined index: purchase_invoice_id in C:\xampp\htdocs\php_milwa_trading\admin\view\template\inventory\purchase_invoice_form.tpl on line 634
2022-08-10 10:32:08 - PHP Notice:  Undefined variable: column_right in C:\xampp\htdocs\php_milwa_trading\admin\view\template\inventory\purchase_invoice_form.tpl on line 721
2022-08-10 10:32:18 - PHP Notice:  Undefined index: page in C:\xampp\htdocs\php_milwa_trading\admin\controller\inventory\purchase_invoice.php on line 1955
2022-08-10 10:32:20 - PHP Notice:  Undefined index: partner_id in C:\xampp\htdocs\php_milwa_trading\admin\controller\common\function.php on line 167
2022-08-10 10:32:20 - PHP Notice:  Undefined index: branch_id in C:\xampp\htdocs\php_milwa_trading\admin\controller\common\function.php on line 168
2022-08-10 10:32:20 - PHP Notice:  Undefined index: rate in C:\xampp\htdocs\php_milwa_trading\admin\controller\common\function.php on line 176
2022-08-10 10:32:20 - PHP Notice:  Undefined index: product_id in C:\xampp\htdocs\php_milwa_trading\admin\controller\common\function.php on line 179
2022-08-10 10:32:20 - PHP Notice:  Undefined index: rate in C:\xampp\htdocs\php_milwa_trading\admin\controller\common\function.php on line 180
2022-08-10 10:32:26 - PHP Warning:  Declaration of ControllerInventoryProduct::validateDelete($id) should be compatible with HController::validateDelete($id = '') in C:\xampp\htdocs\php_milwa_trading\admin\controller\inventory\product.php on line 898
2022-08-10 10:32:26 - PHP Notice:  Undefined variable: href_gl_mapping_account in C:\xampp\htdocs\php_milwa_trading\admin\view\template\common\column_left.tpl on line 66
2022-08-10 10:32:26 - PHP Notice:  Undefined index: gl_mapping_account in C:\xampp\htdocs\php_milwa_trading\admin\view\template\common\column_left.tpl on line 66
2022-08-10 10:32:26 - PHP Notice:  Undefined variable: href_tool_dashboard in C:\xampp\htdocs\php_milwa_trading\admin\view\template\common\column_left.tpl on line 229
2022-08-10 10:32:27 - PHP Notice:  Undefined index: class in C:\xampp\htdocs\php_milwa_trading\admin\view\template\inventory\product_list.tpl on line 19
2022-08-10 10:32:27 - PHP Notice:  Undefined index: class in C:\xampp\htdocs\php_milwa_trading\admin\view\template\inventory\product_list.tpl on line 19
2022-08-10 10:32:27 - PHP Notice:  Undefined index: class in C:\xampp\htdocs\php_milwa_trading\admin\view\template\inventory\product_list.tpl on line 19
2022-08-10 10:32:27 - PHP Notice:  Undefined variable: product_category_id in C:\xampp\htdocs\php_milwa_trading\admin\view\template\inventory\product_list.tpl on line 46
2022-08-10 10:32:27 - PHP Notice:  Undefined variable: product_category_id in C:\xampp\htdocs\php_milwa_trading\admin\view\template\inventory\product_list.tpl on line 46
2022-08-10 10:32:27 - PHP Notice:  Undefined variable: product_sub_category_id in C:\xampp\htdocs\php_milwa_trading\admin\view\template\inventory\product_list.tpl on line 57
2022-08-10 10:32:27 - PHP Notice:  Undefined variable: brand_id in C:\xampp\htdocs\php_milwa_trading\admin\view\template\inventory\product_list.tpl on line 67
2022-08-10 10:32:27 - PHP Notice:  Undefined variable: column_right in C:\xampp\htdocs\php_milwa_trading\admin\view\template\inventory\product_list.tpl on line 128
2022-08-10 10:32:28 - PHP Warning:  Declaration of ControllerInventoryProduct::validateDelete($id) should be compatible with HController::validateDelete($id = '') in C:\xampp\htdocs\php_milwa_trading\admin\controller\inventory\product.php on line 898
2022-08-10 10:32:33 - PHP Notice:  Undefined index: page in C:\xampp\htdocs\php_milwa_trading\admin\controller\inventory\purchase_invoice.php on line 1955
2022-08-10 10:32:36 - PHP Notice:  Undefined index: page in C:\xampp\htdocs\php_milwa_trading\admin\controller\inventory\purchase_invoice.php on line 1955
2022-08-10 10:32:37 - PHP Notice:  Undefined index: partner_id in C:\xampp\htdocs\php_milwa_trading\admin\controller\common\function.php on line 167
2022-08-10 10:32:37 - PHP Notice:  Undefined index: branch_id in C:\xampp\htdocs\php_milwa_trading\admin\controller\common\function.php on line 168
2022-08-10 10:32:37 - PHP Notice:  Undefined index: rate in C:\xampp\htdocs\php_milwa_trading\admin\controller\common\function.php on line 176
2022-08-10 10:32:37 - PHP Notice:  Undefined index: rate in C:\xampp\htdocs\php_milwa_trading\admin\controller\common\function.php on line 180
2022-08-10 10:32:37 - PHP Notice:  Undefined index: partner_id in C:\xampp\htdocs\php_milwa_trading\admin\controller\common\function.php on line 118
2022-08-10 10:32:37 - PHP Notice:  Undefined index: branch_id in C:\xampp\htdocs\php_milwa_trading\admin\controller\common\function.php on line 119
2022-08-10 10:32:37 - PHP Notice:  Undefined index: rate in C:\xampp\htdocs\php_milwa_trading\admin\controller\common\function.php on line 130
2022-08-10 10:32:37 - PHP Notice:  Undefined index: rate in C:\xampp\htdocs\php_milwa_trading\admin\controller\common\function.php on line 134
2022-08-10 10:32:50 - PHP Notice:  Undefined index: page in C:\xampp\htdocs\php_milwa_trading\admin\controller\inventory\purchase_invoice.php on line 323
2022-08-10 10:33:01 - PHP Notice:  Undefined index: supplier_id in C:\xampp\htdocs\php_milwa_trading\admin\controller\inventory\purchase_invoice.php on line 374
2022-08-10 10:33:01 - PHP Notice:  Undefined index: net_amount in C:\xampp\htdocs\php_milwa_trading\admin\controller\inventory\purchase_invoice.php on line 390
2022-08-10 10:33:01 - PHP Warning:  mysqli::real_escape_string() expects parameter 1 to be string, array given in C:\xampp\htdocs\php_milwa_trading\system\database\dbmysqli.php on line 93
2022-08-10 10:33:01 - PHP Notice:  Undefined index: value in C:\xampp\htdocs\php_milwa_trading\admin\controller\inventory\purchase_invoice.php on line 448
2022-08-10 10:33:01 - PHP Notice:  Undefined index: purchase_invoice_expenses in C:\xampp\htdocs\php_milwa_trading\admin\controller\inventory\purchase_invoice.php on line 569
2022-08-10 10:33:01 - PHP Warning:  Invalid argument supplied for foreach() in C:\xampp\htdocs\php_milwa_trading\admin\controller\inventory\purchase_invoice.php on line 569
2022-08-10 10:33:01 - PHP Notice:  Undefined index: purchase_invoice_sales_tax in C:\xampp\htdocs\php_milwa_trading\admin\controller\inventory\purchase_invoice.php on line 610
2022-08-10 10:33:01 - PHP Warning:  Invalid argument supplied for foreach() in C:\xampp\htdocs\php_milwa_trading\admin\controller\inventory\purchase_invoice.php on line 610
2022-08-10 10:33:01 - PHP Notice:  Undefined index: net_amount in C:\xampp\htdocs\php_milwa_trading\admin\controller\inventory\purchase_invoice.php on line 664
2022-08-10 10:33:01 - PHP Notice:  Undefined index: calc_weight in C:\xampp\htdocs\php_milwa_trading\admin\controller\inventory\purchase_invoice.php on line 694
2022-08-10 10:33:01 - PHP Notice:  Undefined index: project_id in C:\xampp\htdocs\php_milwa_trading\admin\controller\inventory\purchase_invoice.php on line 1028
2022-08-10 10:33:01 - PHP Notice:  Undefined index: sub_project_id in C:\xampp\htdocs\php_milwa_trading\admin\controller\inventory\purchase_invoice.php on line 1029
2022-08-10 10:33:01 - PHP Notice:  Undefined index: project_id in C:\xampp\htdocs\php_milwa_trading\admin\controller\inventory\purchase_invoice.php on line 1051
2022-08-10 10:33:01 - PHP Notice:  Undefined index: sub_project_id in C:\xampp\htdocs\php_milwa_trading\admin\controller\inventory\purchase_invoice.php on line 1052
2022-08-10 10:33:03 - PHP Notice:  Undefined variable: href_gl_mapping_account in C:\xampp\htdocs\php_milwa_trading\admin\view\template\common\column_left.tpl on line 66
2022-08-10 10:33:03 - PHP Notice:  Undefined index: gl_mapping_account in C:\xampp\htdocs\php_milwa_trading\admin\view\template\common\column_left.tpl on line 66
2022-08-10 10:33:03 - PHP Notice:  Undefined variable: href_tool_dashboard in C:\xampp\htdocs\php_milwa_trading\admin\view\template\common\column_left.tpl on line 229
2022-08-10 10:33:03 - PHP Notice:  Undefined index: class in C:\xampp\htdocs\php_milwa_trading\admin\view\template\inventory\purchase_invoice_list.tpl on line 19
2022-08-10 10:33:03 - PHP Notice:  Undefined index: class in C:\xampp\htdocs\php_milwa_trading\admin\view\template\inventory\purchase_invoice_list.tpl on line 19
2022-08-10 10:33:03 - PHP Notice:  Undefined index: class in C:\xampp\htdocs\php_milwa_trading\admin\view\template\inventory\purchase_invoice_list.tpl on line 19
2022-08-10 10:33:03 - PHP Notice:  Undefined variable: column_right in C:\xampp\htdocs\php_milwa_trading\admin\view\template\inventory\purchase_invoice_list.tpl on line 78
2022-08-10 10:41:30 - PHP Notice:  Undefined index: purchase_invoice_id in C:\xampp\htdocs\php_milwa_trading\system\engine\hcontroller.php on line 223
2022-08-10 10:41:30 - PHP Notice:  Undefined index: purchase_invoice_id in C:\xampp\htdocs\php_milwa_trading\system\engine\hcontroller.php on line 224
2022-08-10 10:41:30 - PHP Notice:  Undefined index: product_id in C:\xampp\htdocs\php_milwa_trading\admin\controller\inventory\purchase_invoice.php on line 208
2022-08-10 10:41:30 - PHP Notice:  Undefined index: purchase_invoice_id in C:\xampp\htdocs\php_milwa_trading\admin\controller\inventory\purchase_invoice.php on line 300
2022-08-10 10:41:30 - PHP Notice:  Undefined index: purchase_invoice_id in C:\xampp\htdocs\php_milwa_trading\admin\controller\inventory\purchase_invoice.php on line 301
2022-08-10 10:41:30 - PHP Notice:  Undefined index: purchase_invoice_id in C:\xampp\htdocs\php_milwa_trading\admin\controller\inventory\purchase_invoice.php on line 302
2022-08-10 10:41:30 - PHP Notice:  Undefined index: purchase_invoice_id in C:\xampp\htdocs\php_milwa_trading\admin\controller\inventory\purchase_invoice.php on line 303
2022-08-10 10:41:30 - PHP Notice:  Undefined index: purchase_invoice_id in C:\xampp\htdocs\php_milwa_trading\admin\controller\inventory\purchase_invoice.php on line 304
2022-08-10 10:41:30 - PHP Notice:  Undefined index: purchase_invoice_id in C:\xampp\htdocs\php_milwa_trading\admin\controller\inventory\purchase_invoice.php on line 305
2022-08-10 10:41:30 - PHP Notice:  Undefined index: purchase_invoice_id in C:\xampp\htdocs\php_milwa_trading\admin\controller\inventory\purchase_invoice.php on line 306
2022-08-10 10:41:30 - PHP Notice:  Undefined variable: href_gl_mapping_account in C:\xampp\htdocs\php_milwa_trading\admin\view\template\common\column_left.tpl on line 66
2022-08-10 10:41:30 - PHP Notice:  Undefined index: gl_mapping_account in C:\xampp\htdocs\php_milwa_trading\admin\view\template\common\column_left.tpl on line 66
2022-08-10 10:41:30 - PHP Notice:  Undefined variable: href_tool_dashboard in C:\xampp\htdocs\php_milwa_trading\admin\view\template\common\column_left.tpl on line 229
2022-08-10 10:41:30 - PHP Notice:  Undefined index: class in C:\xampp\htdocs\php_milwa_trading\admin\view\template\inventory\purchase_invoice_form.tpl on line 19
2022-08-10 10:41:30 - PHP Notice:  Undefined index: class in C:\xampp\htdocs\php_milwa_trading\admin\view\template\inventory\purchase_invoice_form.tpl on line 19
2022-08-10 10:41:30 - PHP Notice:  Undefined index: class in C:\xampp\htdocs\php_milwa_trading\admin\view\template\inventory\purchase_invoice_form.tpl on line 19
2022-08-10 10:41:30 - PHP Notice:  Undefined variable: is_post in C:\xampp\htdocs\php_milwa_trading\admin\view\template\inventory\purchase_invoice_form.tpl on line 52
2022-08-10 10:41:30 - PHP Notice:  Undefined variable: action in C:\xampp\htdocs\php_milwa_trading\admin\view\template\inventory\purchase_invoice_form.tpl on line 80
2022-08-10 10:41:30 - PHP Notice:  Undefined variable: document_type_id in C:\xampp\htdocs\php_milwa_trading\admin\view\template\inventory\purchase_invoice_form.tpl on line 81
2022-08-10 10:41:30 - PHP Notice:  Undefined variable: purchase_invoice_id in C:\xampp\htdocs\php_milwa_trading\admin\view\template\inventory\purchase_invoice_form.tpl on line 82
2022-08-10 10:41:30 - PHP Notice:  Undefined index: payment_type in C:\xampp\htdocs\php_milwa_trading\admin\view\template\inventory\purchase_invoice_form.tpl on line 86
2022-08-10 10:41:30 - PHP Notice:  Undefined variable: payment_type in C:\xampp\htdocs\php_milwa_trading\admin\view\template\inventory\purchase_invoice_form.tpl on line 91
2022-08-10 10:41:30 - PHP Notice:  Undefined variable: payment_type in C:\xampp\htdocs\php_milwa_trading\admin\view\template\inventory\purchase_invoice_form.tpl on line 99
2022-08-10 10:41:30 - PHP Notice:  Undefined variable: document_identity in C:\xampp\htdocs\php_milwa_trading\admin\view\template\inventory\purchase_invoice_form.tpl on line 110
2022-08-10 10:41:30 - PHP Notice:  Undefined variable: partner_id in C:\xampp\htdocs\php_milwa_trading\admin\view\template\inventory\purchase_invoice_form.tpl on line 177
2022-08-10 10:41:30 - PHP Notice:  Undefined variable: partner_id in C:\xampp\htdocs\php_milwa_trading\admin\view\template\inventory\purchase_invoice_form.tpl on line 177
2022-08-10 10:41:30 - PHP Notice:  Undefined variable: ref_document_type_id in C:\xampp\htdocs\php_milwa_trading\admin\view\template\inventory\purchase_invoice_form.tpl on line 188
2022-08-10 10:41:30 - PHP Notice:  Undefined variable: document_currency_name in C:\xampp\htdocs\php_milwa_trading\admin\view\template\inventory\purchase_invoice_form.tpl on line 221
2022-08-10 10:41:30 - PHP Notice:  Undefined variable: remarks in C:\xampp\htdocs\php_milwa_trading\admin\view\template\inventory\purchase_invoice_form.tpl on line 235
2022-08-10 10:41:30 - PHP Notice:  Undefined variable: purchase_invoice_details in C:\xampp\htdocs\php_milwa_trading\admin\view\template\inventory\purchase_invoice_form.tpl on line 274
2022-08-10 10:41:30 - PHP Warning:  Invalid argument supplied for foreach() in C:\xampp\htdocs\php_milwa_trading\admin\view\template\inventory\purchase_invoice_form.tpl on line 274
2022-08-10 10:41:30 - PHP Notice:  Undefined variable: purchase_invoice_details in C:\xampp\htdocs\php_milwa_trading\admin\view\template\inventory\purchase_invoice_form.tpl on line 389
2022-08-10 10:41:30 - PHP Warning:  count(): Parameter must be an array or an object that implements Countable in C:\xampp\htdocs\php_milwa_trading\admin\view\template\inventory\purchase_invoice_form.tpl on line 389
2022-08-10 10:41:30 - PHP Notice:  Undefined variable: qty_master in C:\xampp\htdocs\php_milwa_trading\admin\view\template\inventory\purchase_invoice_form.tpl on line 395
2022-08-10 10:41:30 - PHP Notice:  Undefined variable: total_price_master in C:\xampp\htdocs\php_milwa_trading\admin\view\template\inventory\purchase_invoice_form.tpl on line 400
2022-08-10 10:41:30 - PHP Notice:  Undefined variable: total_price_pkr_master in C:\xampp\htdocs\php_milwa_trading\admin\view\template\inventory\purchase_invoice_form.tpl on line 404
2022-08-10 10:41:30 - PHP Notice:  Undefined variable: freight_master in C:\xampp\htdocs\php_milwa_trading\admin\view\template\inventory\purchase_invoice_form.tpl on line 408
2022-08-10 10:41:30 - PHP Notice:  Undefined variable: custom_duty_master in C:\xampp\htdocs\php_milwa_trading\admin\view\template\inventory\purchase_invoice_form.tpl on line 411
2022-08-10 10:41:30 - PHP Notice:  Undefined variable: additional_custom_duty_master in C:\xampp\htdocs\php_milwa_trading\admin\view\template\inventory\purchase_invoice_form.tpl on line 414
2022-08-10 10:41:30 - PHP Notice:  Undefined variable: regulatory_duty_master in C:\xampp\htdocs\php_milwa_trading\admin\view\template\inventory\purchase_invoice_form.tpl on line 417
2022-08-10 10:41:30 - PHP Notice:  Undefined variable: sales_tax_master in C:\xampp\htdocs\php_milwa_trading\admin\view\template\inventory\purchase_invoice_form.tpl on line 421
2022-08-10 10:41:30 - PHP Notice:  Undefined variable: additional_sales_tax_master in C:\xampp\htdocs\php_milwa_trading\admin\view\template\inventory\purchase_invoice_form.tpl on line 424
2022-08-10 10:41:30 - PHP Notice:  Undefined variable: income_tax_master in C:\xampp\htdocs\php_milwa_trading\admin\view\template\inventory\purchase_invoice_form.tpl on line 427
2022-08-10 10:41:30 - PHP Notice:  Undefined variable: total_duties_master in C:\xampp\htdocs\php_milwa_trading\admin\view\template\inventory\purchase_invoice_form.tpl on line 430
2022-08-10 10:41:30 - PHP Notice:  Undefined variable: total_other_expense_master in C:\xampp\htdocs\php_milwa_trading\admin\view\template\inventory\purchase_invoice_form.tpl on line 433
2022-08-10 10:41:30 - PHP Notice:  Undefined variable: total_other_duties_master in C:\xampp\htdocs\php_milwa_trading\admin\view\template\inventory\purchase_invoice_form.tpl on line 436
2022-08-10 10:41:30 - PHP Notice:  Undefined variable: total_landed_cost_master in C:\xampp\htdocs\php_milwa_trading\admin\view\template\inventory\purchase_invoice_form.tpl on line 439
2022-08-10 10:41:31 - PHP Notice:  Undefined variable: net_unit_cost_master in C:\xampp\htdocs\php_milwa_trading\admin\view\template\inventory\purchase_invoice_form.tpl on line 442
2022-08-10 10:41:31 - PHP Notice:  Undefined variable: purchase_invoice_expenses in C:\xampp\htdocs\php_milwa_trading\admin\view\template\inventory\purchase_invoice_form.tpl on line 467
2022-08-10 10:41:31 - PHP Warning:  Invalid argument supplied for foreach() in C:\xampp\htdocs\php_milwa_trading\admin\view\template\inventory\purchase_invoice_form.tpl on line 467
2022-08-10 10:41:31 - PHP Notice:  Undefined variable: expense_total in C:\xampp\htdocs\php_milwa_trading\admin\view\template\inventory\purchase_invoice_form.tpl on line 492
2022-08-10 10:41:31 - PHP Notice:  Undefined variable: purchase_invoice_sales_taxs in C:\xampp\htdocs\php_milwa_trading\admin\view\template\inventory\purchase_invoice_form.tpl on line 512
2022-08-10 10:41:31 - PHP Warning:  Invalid argument supplied for foreach() in C:\xampp\htdocs\php_milwa_trading\admin\view\template\inventory\purchase_invoice_form.tpl on line 512
2022-08-10 10:41:31 - PHP Notice:  Undefined variable: sales_tax_total in C:\xampp\htdocs\php_milwa_trading\admin\view\template\inventory\purchase_invoice_form.tpl on line 537
2022-08-10 10:41:31 - PHP Notice:  Undefined variable: is_post in C:\xampp\htdocs\php_milwa_trading\admin\view\template\inventory\purchase_invoice_form.tpl on line 572
2022-08-10 10:41:31 - PHP Notice:  Undefined variable: partner_id in C:\xampp\htdocs\php_milwa_trading\admin\view\template\inventory\purchase_invoice_form.tpl on line 591
2022-08-10 10:41:31 - PHP Notice:  Undefined variable: products in C:\xampp\htdocs\php_milwa_trading\admin\view\template\inventory\purchase_invoice_form.tpl on line 600
2022-08-10 10:41:31 - PHP Notice:  Undefined variable: sales_tax_adjustable_account in C:\xampp\htdocs\php_milwa_trading\admin\view\template\inventory\purchase_invoice_form.tpl on line 605
2022-08-10 10:41:31 - PHP Notice:  Undefined index: purchase_invoice_id in C:\xampp\htdocs\php_milwa_trading\admin\view\template\inventory\purchase_invoice_form.tpl on line 634
2022-08-10 10:41:31 - PHP Notice:  Undefined variable: column_right in C:\xampp\htdocs\php_milwa_trading\admin\view\template\inventory\purchase_invoice_form.tpl on line 721
2022-08-10 10:41:38 - PHP Notice:  Undefined index: page in C:\xampp\htdocs\php_milwa_trading\admin\controller\inventory\purchase_invoice.php on line 1955
2022-08-10 10:41:41 - PHP Notice:  Undefined index: page in C:\xampp\htdocs\php_milwa_trading\admin\controller\inventory\purchase_invoice.php on line 1955
2022-08-10 10:41:41 - PHP Notice:  Undefined index: page in C:\xampp\htdocs\php_milwa_trading\admin\controller\inventory\purchase_invoice.php on line 1955
2022-08-10 10:41:42 - PHP Notice:  Undefined index: partner_id in C:\xampp\htdocs\php_milwa_trading\admin\controller\common\function.php on line 167
2022-08-10 10:41:42 - PHP Notice:  Undefined index: branch_id in C:\xampp\htdocs\php_milwa_trading\admin\controller\common\function.php on line 168
2022-08-10 10:41:42 - PHP Notice:  Undefined index: rate in C:\xampp\htdocs\php_milwa_trading\admin\controller\common\function.php on line 176
2022-08-10 10:41:42 - PHP Notice:  Undefined index: rate in C:\xampp\htdocs\php_milwa_trading\admin\controller\common\function.php on line 180
2022-08-10 10:41:43 - PHP Notice:  Undefined index: partner_id in C:\xampp\htdocs\php_milwa_trading\admin\controller\common\function.php on line 118
2022-08-10 10:41:43 - PHP Notice:  Undefined index: branch_id in C:\xampp\htdocs\php_milwa_trading\admin\controller\common\function.php on line 119
2022-08-10 10:41:43 - PHP Notice:  Undefined index: rate in C:\xampp\htdocs\php_milwa_trading\admin\controller\common\function.php on line 130
2022-08-10 10:41:43 - PHP Notice:  Undefined index: rate in C:\xampp\htdocs\php_milwa_trading\admin\controller\common\function.php on line 134
2022-08-10 10:56:27 - PHP Notice:  Undefined index: purchase_invoice_id in C:\xampp\htdocs\php_milwa_trading\system\engine\hcontroller.php on line 223
2022-08-10 10:56:27 - PHP Notice:  Undefined index: purchase_invoice_id in C:\xampp\htdocs\php_milwa_trading\system\engine\hcontroller.php on line 224
2022-08-10 10:56:27 - PHP Notice:  Undefined index: product_id in C:\xampp\htdocs\php_milwa_trading\admin\controller\inventory\purchase_invoice.php on line 208
2022-08-10 10:56:28 - PHP Notice:  Undefined index: purchase_invoice_id in C:\xampp\htdocs\php_milwa_trading\admin\controller\inventory\purchase_invoice.php on line 300
2022-08-10 10:56:28 - PHP Notice:  Undefined index: purchase_invoice_id in C:\xampp\htdocs\php_milwa_trading\admin\controller\inventory\purchase_invoice.php on line 301
2022-08-10 10:56:28 - PHP Notice:  Undefined index: purchase_invoice_id in C:\xampp\htdocs\php_milwa_trading\admin\controller\inventory\purchase_invoice.php on line 302
2022-08-10 10:56:28 - PHP Notice:  Undefined index: purchase_invoice_id in C:\xampp\htdocs\php_milwa_trading\admin\controller\inventory\purchase_invoice.php on line 303
2022-08-10 10:56:28 - PHP Notice:  Undefined index: purchase_invoice_id in C:\xampp\htdocs\php_milwa_trading\admin\controller\inventory\purchase_invoice.php on line 304
2022-08-10 10:56:28 - PHP Notice:  Undefined index: purchase_invoice_id in C:\xampp\htdocs\php_milwa_trading\admin\controller\inventory\purchase_invoice.php on line 305
2022-08-10 10:56:28 - PHP Notice:  Undefined index: purchase_invoice_id in C:\xampp\htdocs\php_milwa_trading\admin\controller\inventory\purchase_invoice.php on line 306
2022-08-10 10:56:28 - PHP Notice:  Undefined variable: href_gl_mapping_account in C:\xampp\htdocs\php_milwa_trading\admin\view\template\common\column_left.tpl on line 66
2022-08-10 10:56:28 - PHP Notice:  Undefined index: gl_mapping_account in C:\xampp\htdocs\php_milwa_trading\admin\view\template\common\column_left.tpl on line 66
2022-08-10 10:56:28 - PHP Notice:  Undefined variable: href_tool_dashboard in C:\xampp\htdocs\php_milwa_trading\admin\view\template\common\column_left.tpl on line 229
2022-08-10 10:56:28 - PHP Notice:  Undefined index: class in C:\xampp\htdocs\php_milwa_trading\admin\view\template\inventory\purchase_invoice_form.tpl on line 19
2022-08-10 10:56:28 - PHP Notice:  Undefined index: class in C:\xampp\htdocs\php_milwa_trading\admin\view\template\inventory\purchase_invoice_form.tpl on line 19
2022-08-10 10:56:28 - PHP Notice:  Undefined index: class in C:\xampp\htdocs\php_milwa_trading\admin\view\template\inventory\purchase_invoice_form.tpl on line 19
2022-08-10 10:56:28 - PHP Notice:  Undefined variable: is_post in C:\xampp\htdocs\php_milwa_trading\admin\view\template\inventory\purchase_invoice_form.tpl on line 52
2022-08-10 10:56:28 - PHP Notice:  Undefined variable: action in C:\xampp\htdocs\php_milwa_trading\admin\view\template\inventory\purchase_invoice_form.tpl on line 80
2022-08-10 10:56:28 - PHP Notice:  Undefined variable: document_type_id in C:\xampp\htdocs\php_milwa_trading\admin\view\template\inventory\purchase_invoice_form.tpl on line 81
2022-08-10 10:56:28 - PHP Notice:  Undefined variable: purchase_invoice_id in C:\xampp\htdocs\php_milwa_trading\admin\view\template\inventory\purchase_invoice_form.tpl on line 82
2022-08-10 10:56:28 - PHP Notice:  Undefined index: payment_type in C:\xampp\htdocs\php_milwa_trading\admin\view\template\inventory\purchase_invoice_form.tpl on line 86
2022-08-10 10:56:28 - PHP Notice:  Undefined variable: payment_type in C:\xampp\htdocs\php_milwa_trading\admin\view\template\inventory\purchase_invoice_form.tpl on line 91
2022-08-10 10:56:28 - PHP Notice:  Undefined variable: payment_type in C:\xampp\htdocs\php_milwa_trading\admin\view\template\inventory\purchase_invoice_form.tpl on line 99
2022-08-10 10:56:28 - PHP Notice:  Undefined variable: document_identity in C:\xampp\htdocs\php_milwa_trading\admin\view\template\inventory\purchase_invoice_form.tpl on line 110
2022-08-10 10:56:28 - PHP Notice:  Undefined variable: partner_id in C:\xampp\htdocs\php_milwa_trading\admin\view\template\inventory\purchase_invoice_form.tpl on line 177
2022-08-10 10:56:28 - PHP Notice:  Undefined variable: partner_id in C:\xampp\htdocs\php_milwa_trading\admin\view\template\inventory\purchase_invoice_form.tpl on line 177
2022-08-10 10:56:28 - PHP Notice:  Undefined variable: ref_document_type_id in C:\xampp\htdocs\php_milwa_trading\admin\view\template\inventory\purchase_invoice_form.tpl on line 188
2022-08-10 10:56:28 - PHP Notice:  Undefined variable: document_currency_name in C:\xampp\htdocs\php_milwa_trading\admin\view\template\inventory\purchase_invoice_form.tpl on line 221
2022-08-10 10:56:28 - PHP Notice:  Undefined variable: remarks in C:\xampp\htdocs\php_milwa_trading\admin\view\template\inventory\purchase_invoice_form.tpl on line 235
2022-08-10 10:56:28 - PHP Notice:  Undefined variable: purchase_invoice_details in C:\xampp\htdocs\php_milwa_trading\admin\view\template\inventory\purchase_invoice_form.tpl on line 274
2022-08-10 10:56:28 - PHP Warning:  Invalid argument supplied for foreach() in C:\xampp\htdocs\php_milwa_trading\admin\view\template\inventory\purchase_invoice_form.tpl on line 274
2022-08-10 10:56:28 - PHP Notice:  Undefined variable: purchase_invoice_details in C:\xampp\htdocs\php_milwa_trading\admin\view\template\inventory\purchase_invoice_form.tpl on line 389
2022-08-10 10:56:28 - PHP Warning:  count(): Parameter must be an array or an object that implements Countable in C:\xampp\htdocs\php_milwa_trading\admin\view\template\inventory\purchase_invoice_form.tpl on line 389
2022-08-10 10:56:28 - PHP Notice:  Undefined variable: qty_master in C:\xampp\htdocs\php_milwa_trading\admin\view\template\inventory\purchase_invoice_form.tpl on line 395
2022-08-10 10:56:28 - PHP Notice:  Undefined variable: total_price_master in C:\xampp\htdocs\php_milwa_trading\admin\view\template\inventory\purchase_invoice_form.tpl on line 400
2022-08-10 10:56:28 - PHP Notice:  Undefined variable: total_price_pkr_master in C:\xampp\htdocs\php_milwa_trading\admin\view\template\inventory\purchase_invoice_form.tpl on line 404
2022-08-10 10:56:28 - PHP Notice:  Undefined variable: freight_master in C:\xampp\htdocs\php_milwa_trading\admin\view\template\inventory\purchase_invoice_form.tpl on line 408
2022-08-10 10:56:28 - PHP Notice:  Undefined variable: custom_duty_master in C:\xampp\htdocs\php_milwa_trading\admin\view\template\inventory\purchase_invoice_form.tpl on line 411
2022-08-10 10:56:28 - PHP Notice:  Undefined variable: additional_custom_duty_master in C:\xampp\htdocs\php_milwa_trading\admin\view\template\inventory\purchase_invoice_form.tpl on line 414
2022-08-10 10:56:28 - PHP Notice:  Undefined variable: regulatory_duty_master in C:\xampp\htdocs\php_milwa_trading\admin\view\template\inventory\purchase_invoice_form.tpl on line 417
2022-08-10 10:56:28 - PHP Notice:  Undefined variable: sales_tax_master in C:\xampp\htdocs\php_milwa_trading\admin\view\template\inventory\purchase_invoice_form.tpl on line 421
2022-08-10 10:56:28 - PHP Notice:  Undefined variable: additional_sales_tax_master in C:\xampp\htdocs\php_milwa_trading\admin\view\template\inventory\purchase_invoice_form.tpl on line 424
2022-08-10 10:56:28 - PHP Notice:  Undefined variable: income_tax_master in C:\xampp\htdocs\php_milwa_trading\admin\view\template\inventory\purchase_invoice_form.tpl on line 427
2022-08-10 10:56:28 - PHP Notice:  Undefined variable: total_duties_master in C:\xampp\htdocs\php_milwa_trading\admin\view\template\inventory\purchase_invoice_form.tpl on line 430
2022-08-10 10:56:28 - PHP Notice:  Undefined variable: total_other_expense_master in C:\xampp\htdocs\php_milwa_trading\admin\view\template\inventory\purchase_invoice_form.tpl on line 433
2022-08-10 10:56:28 - PHP Notice:  Undefined variable: total_other_duties_master in C:\xampp\htdocs\php_milwa_trading\admin\view\template\inventory\purchase_invoice_form.tpl on line 436
2022-08-10 10:56:28 - PHP Notice:  Undefined variable: total_landed_cost_master in C:\xampp\htdocs\php_milwa_trading\admin\view\template\inventory\purchase_invoice_form.tpl on line 439
2022-08-10 10:56:28 - PHP Notice:  Undefined variable: net_unit_cost_master in C:\xampp\htdocs\php_milwa_trading\admin\view\template\inventory\purchase_invoice_form.tpl on line 442
2022-08-10 10:56:28 - PHP Notice:  Undefined variable: purchase_invoice_expenses in C:\xampp\htdocs\php_milwa_trading\admin\view\template\inventory\purchase_invoice_form.tpl on line 467
2022-08-10 10:56:29 - PHP Warning:  Invalid argument supplied for foreach() in C:\xampp\htdocs\php_milwa_trading\admin\view\template\inventory\purchase_invoice_form.tpl on line 467
2022-08-10 10:56:29 - PHP Notice:  Undefined variable: expense_total in C:\xampp\htdocs\php_milwa_trading\admin\view\template\inventory\purchase_invoice_form.tpl on line 492
2022-08-10 10:56:29 - PHP Notice:  Undefined variable: purchase_invoice_sales_taxs in C:\xampp\htdocs\php_milwa_trading\admin\view\template\inventory\purchase_invoice_form.tpl on line 512
2022-08-10 10:56:29 - PHP Warning:  Invalid argument supplied for foreach() in C:\xampp\htdocs\php_milwa_trading\admin\view\template\inventory\purchase_invoice_form.tpl on line 512
2022-08-10 10:56:29 - PHP Notice:  Undefined variable: sales_tax_total in C:\xampp\htdocs\php_milwa_trading\admin\view\template\inventory\purchase_invoice_form.tpl on line 537
2022-08-10 10:56:29 - PHP Notice:  Undefined variable: is_post in C:\xampp\htdocs\php_milwa_trading\admin\view\template\inventory\purchase_invoice_form.tpl on line 572
2022-08-10 10:56:29 - PHP Notice:  Undefined variable: partner_id in C:\xampp\htdocs\php_milwa_trading\admin\view\template\inventory\purchase_invoice_form.tpl on line 591
2022-08-10 10:56:29 - PHP Notice:  Undefined variable: products in C:\xampp\htdocs\php_milwa_trading\admin\view\template\inventory\purchase_invoice_form.tpl on line 600
2022-08-10 10:56:29 - PHP Notice:  Undefined variable: sales_tax_adjustable_account in C:\xampp\htdocs\php_milwa_trading\admin\view\template\inventory\purchase_invoice_form.tpl on line 605
2022-08-10 10:56:29 - PHP Notice:  Undefined index: purchase_invoice_id in C:\xampp\htdocs\php_milwa_trading\admin\view\template\inventory\purchase_invoice_form.tpl on line 634
2022-08-10 10:56:29 - PHP Notice:  Undefined variable: column_right in C:\xampp\htdocs\php_milwa_trading\admin\view\template\inventory\purchase_invoice_form.tpl on line 721
2022-08-10 10:56:36 - PHP Notice:  Undefined index: page in C:\xampp\htdocs\php_milwa_trading\admin\controller\inventory\purchase_invoice.php on line 323
2022-08-10 10:56:41 - PHP Notice:  Undefined index: page in C:\xampp\htdocs\php_milwa_trading\admin\controller\inventory\purchase_invoice.php on line 1955
2022-08-10 10:56:42 - PHP Notice:  Undefined index: page in C:\xampp\htdocs\php_milwa_trading\admin\controller\inventory\purchase_invoice.php on line 1955
2022-08-10 10:56:43 - PHP Notice:  Undefined index: page in C:\xampp\htdocs\php_milwa_trading\admin\controller\inventory\purchase_invoice.php on line 1955
2022-08-10 10:56:44 - PHP Notice:  Undefined index: page in C:\xampp\htdocs\php_milwa_trading\admin\controller\inventory\purchase_invoice.php on line 1955
2022-08-10 10:56:45 - PHP Notice:  Undefined index: partner_id in C:\xampp\htdocs\php_milwa_trading\admin\controller\common\function.php on line 167
2022-08-10 10:56:45 - PHP Notice:  Undefined index: branch_id in C:\xampp\htdocs\php_milwa_trading\admin\controller\common\function.php on line 168
2022-08-10 10:56:45 - PHP Notice:  Undefined index: rate in C:\xampp\htdocs\php_milwa_trading\admin\controller\common\function.php on line 176
2022-08-10 10:56:45 - PHP Notice:  Undefined index: rate in C:\xampp\htdocs\php_milwa_trading\admin\controller\common\function.php on line 180
2022-08-10 10:56:45 - PHP Notice:  Undefined index: partner_id in C:\xampp\htdocs\php_milwa_trading\admin\controller\common\function.php on line 118
2022-08-10 10:56:45 - PHP Notice:  Undefined index: branch_id in C:\xampp\htdocs\php_milwa_trading\admin\controller\common\function.php on line 119
2022-08-10 10:56:45 - PHP Notice:  Undefined index: rate in C:\xampp\htdocs\php_milwa_trading\admin\controller\common\function.php on line 130
2022-08-10 10:56:45 - PHP Notice:  Undefined index: rate in C:\xampp\htdocs\php_milwa_trading\admin\controller\common\function.php on line 134
2022-08-10 10:57:06 - PHP Notice:  Undefined index: supplier_id in C:\xampp\htdocs\php_milwa_trading\admin\controller\inventory\purchase_invoice.php on line 374
2022-08-10 10:57:06 - PHP Notice:  Undefined index: net_amount in C:\xampp\htdocs\php_milwa_trading\admin\controller\inventory\purchase_invoice.php on line 390
2022-08-10 10:57:06 - PHP Warning:  mysqli::real_escape_string() expects parameter 1 to be string, array given in C:\xampp\htdocs\php_milwa_trading\system\database\dbmysqli.php on line 93
2022-08-10 10:57:06 - PHP Notice:  Undefined index: value in C:\xampp\htdocs\php_milwa_trading\admin\controller\inventory\purchase_invoice.php on line 448
2022-08-10 10:57:06 - PHP Notice:  Undefined index: purchase_invoice_expenses in C:\xampp\htdocs\php_milwa_trading\admin\controller\inventory\purchase_invoice.php on line 569
2022-08-10 10:57:06 - PHP Warning:  Invalid argument supplied for foreach() in C:\xampp\htdocs\php_milwa_trading\admin\controller\inventory\purchase_invoice.php on line 569
2022-08-10 10:57:06 - PHP Notice:  Undefined index: purchase_invoice_sales_tax in C:\xampp\htdocs\php_milwa_trading\admin\controller\inventory\purchase_invoice.php on line 610
2022-08-10 10:57:06 - PHP Warning:  Invalid argument supplied for foreach() in C:\xampp\htdocs\php_milwa_trading\admin\controller\inventory\purchase_invoice.php on line 610
2022-08-10 10:57:06 - PHP Notice:  Undefined index: net_amount in C:\xampp\htdocs\php_milwa_trading\admin\controller\inventory\purchase_invoice.php on line 664
2022-08-10 10:57:07 - PHP Notice:  Undefined index: calc_weight in C:\xampp\htdocs\php_milwa_trading\admin\controller\inventory\purchase_invoice.php on line 694
2022-08-10 10:57:07 - PHP Notice:  Undefined index: project_id in C:\xampp\htdocs\php_milwa_trading\admin\controller\inventory\purchase_invoice.php on line 1028
2022-08-10 10:57:07 - PHP Notice:  Undefined index: sub_project_id in C:\xampp\htdocs\php_milwa_trading\admin\controller\inventory\purchase_invoice.php on line 1029
2022-08-10 10:57:07 - PHP Notice:  Undefined index: project_id in C:\xampp\htdocs\php_milwa_trading\admin\controller\inventory\purchase_invoice.php on line 1051
2022-08-10 10:57:07 - PHP Notice:  Undefined index: sub_project_id in C:\xampp\htdocs\php_milwa_trading\admin\controller\inventory\purchase_invoice.php on line 1052
2022-08-10 10:57:08 - PHP Notice:  Undefined variable: href_gl_mapping_account in C:\xampp\htdocs\php_milwa_trading\admin\view\template\common\column_left.tpl on line 66
2022-08-10 10:57:08 - PHP Notice:  Undefined index: gl_mapping_account in C:\xampp\htdocs\php_milwa_trading\admin\view\template\common\column_left.tpl on line 66
2022-08-10 10:57:08 - PHP Notice:  Undefined variable: href_tool_dashboard in C:\xampp\htdocs\php_milwa_trading\admin\view\template\common\column_left.tpl on line 229
2022-08-10 10:57:08 - PHP Notice:  Undefined index: class in C:\xampp\htdocs\php_milwa_trading\admin\view\template\inventory\purchase_invoice_list.tpl on line 19
2022-08-10 10:57:08 - PHP Notice:  Undefined index: class in C:\xampp\htdocs\php_milwa_trading\admin\view\template\inventory\purchase_invoice_list.tpl on line 19
2022-08-10 10:57:08 - PHP Notice:  Undefined index: class in C:\xampp\htdocs\php_milwa_trading\admin\view\template\inventory\purchase_invoice_list.tpl on line 19
2022-08-10 10:57:08 - PHP Notice:  Undefined variable: column_right in C:\xampp\htdocs\php_milwa_trading\admin\view\template\inventory\purchase_invoice_list.tpl on line 78
2022-08-10 11:09:21 - PHP Notice:  Undefined offset: 0 in C:\xampp\htdocs\php_milwa_trading\system\helper\utility.php on line 397
2022-08-10 11:10:45 - PHP Notice:  Undefined offset: 0 in C:\xampp\htdocs\php_milwa_trading\system\helper\utility.php on line 397
2022-08-10 11:11:18 - PHP Notice:  Undefined offset: 0 in C:\xampp\htdocs\php_milwa_trading\system\helper\utility.php on line 397
2022-08-10 11:12:00 - PHP Notice:  Undefined offset: 0 in C:\xampp\htdocs\php_milwa_trading\system\helper\utility.php on line 397
2022-08-10 11:13:55 - PHP Notice:  Undefined variable: href_gl_mapping_account in C:\xampp\htdocs\php_milwa_trading\admin\view\template\common\column_left.tpl on line 66
2022-08-10 11:13:55 - PHP Notice:  Undefined index: gl_mapping_account in C:\xampp\htdocs\php_milwa_trading\admin\view\template\common\column_left.tpl on line 66
2022-08-10 11:13:55 - PHP Notice:  Undefined variable: href_tool_dashboard in C:\xampp\htdocs\php_milwa_trading\admin\view\template\common\column_left.tpl on line 229
2022-08-10 11:13:55 - PHP Notice:  Undefined index: class in C:\xampp\htdocs\php_milwa_trading\admin\view\template\inventory\sale_tax_invoice_list.tpl on line 19
2022-08-10 11:13:55 - PHP Notice:  Undefined index: class in C:\xampp\htdocs\php_milwa_trading\admin\view\template\inventory\sale_tax_invoice_list.tpl on line 19
2022-08-10 11:13:55 - PHP Notice:  Undefined index: class in C:\xampp\htdocs\php_milwa_trading\admin\view\template\inventory\sale_tax_invoice_list.tpl on line 19
2022-08-10 11:13:55 - PHP Notice:  Undefined variable: column_right in C:\xampp\htdocs\php_milwa_trading\admin\view\template\inventory\sale_tax_invoice_list.tpl on line 79
2022-08-10 11:14:38 - PHP Warning:  Invalid argument supplied for foreach() in C:\xampp\htdocs\php_milwa_trading\admin\controller\inventory\sale_tax_invoice.php on line 2415
2022-08-10 11:14:39 - PHP Notice:  Undefined offset: 0 in C:\xampp\htdocs\php_milwa_trading\system\helper\utility.php on line 397
2022-08-10 11:14:39 - PHP Notice:  Undefined offset: 1 in C:\xampp\htdocs\php_milwa_trading\admin\controller\inventory\sale_tax_invoice.php on line 2549
2022-08-10 11:14:41 - PHP Warning:  Invalid argument supplied for foreach() in C:\xampp\htdocs\php_milwa_trading\admin\controller\inventory\sale_tax_invoice.php on line 2415
2022-08-10 11:14:42 - PHP Notice:  Undefined offset: 0 in C:\xampp\htdocs\php_milwa_trading\system\helper\utility.php on line 397
2022-08-10 11:14:43 - PHP Notice:  Undefined offset: 1 in C:\xampp\htdocs\php_milwa_trading\admin\controller\inventory\sale_tax_invoice.php on line 2549
2022-08-10 11:14:43 - PHP Notice:  Undefined offset: 0 in C:\xampp\htdocs\php_milwa_trading\system\helper\utility.php on line 397
2022-08-10 11:41:43 - PHP Notice:  Undefined variable: href_gl_mapping_account in C:\xampp\htdocs\php_milwa_trading\admin\view\template\common\column_left.tpl on line 66
2022-08-10 11:41:43 - PHP Notice:  Undefined index: gl_mapping_account in C:\xampp\htdocs\php_milwa_trading\admin\view\template\common\column_left.tpl on line 66
2022-08-10 11:41:43 - PHP Notice:  Undefined variable: href_tool_dashboard in C:\xampp\htdocs\php_milwa_trading\admin\view\template\common\column_left.tpl on line 229
2022-08-10 11:41:43 - PHP Notice:  Undefined index: class in C:\xampp\htdocs\php_milwa_trading\admin\view\template\report\party_ledger.tpl on line 18
2022-08-10 11:41:43 - PHP Notice:  Undefined index: class in C:\xampp\htdocs\php_milwa_trading\admin\view\template\report\party_ledger.tpl on line 18
2022-08-10 11:41:43 - PHP Notice:  Undefined index: class in C:\xampp\htdocs\php_milwa_trading\admin\view\template\report\party_ledger.tpl on line 18
2022-08-10 11:41:43 - PHP Notice:  Undefined variable: column_right in C:\xampp\htdocs\php_milwa_trading\admin\view\template\report\party_ledger.tpl on line 172
2022-08-10 11:41:48 - PHP Notice:  Undefined variable: href_gl_mapping_account in C:\xampp\htdocs\php_milwa_trading\admin\view\template\common\column_left.tpl on line 66
2022-08-10 11:41:48 - PHP Notice:  Undefined index: gl_mapping_account in C:\xampp\htdocs\php_milwa_trading\admin\view\template\common\column_left.tpl on line 66
2022-08-10 11:41:48 - PHP Notice:  Undefined variable: href_tool_dashboard in C:\xampp\htdocs\php_milwa_trading\admin\view\template\common\column_left.tpl on line 229
2022-08-10 11:41:48 - PHP Notice:  Undefined index: class in C:\xampp\htdocs\php_milwa_trading\admin\view\template\inventory\sale_tax_invoice_list.tpl on line 19
2022-08-10 11:41:48 - PHP Notice:  Undefined index: class in C:\xampp\htdocs\php_milwa_trading\admin\view\template\inventory\sale_tax_invoice_list.tpl on line 19
2022-08-10 11:41:48 - PHP Notice:  Undefined index: class in C:\xampp\htdocs\php_milwa_trading\admin\view\template\inventory\sale_tax_invoice_list.tpl on line 19
2022-08-10 11:41:48 - PHP Notice:  Undefined variable: column_right in C:\xampp\htdocs\php_milwa_trading\admin\view\template\inventory\sale_tax_invoice_list.tpl on line 79
