2025-09-04 10:41:03 - PHP Notice:  Undefined index: db_name in C:\xampp\htdocs\boot_store\system\engine\hmodel.php on line 12
2025-09-04 10:41:03 - PHP Warning:  Invalid argument supplied for foreach() in C:\xampp\htdocs\boot_store\admin\view\template\common\preset.tpl on line 52
2025-09-04 10:41:04 - PHP Notice:  Undefined variable: fiscal_year_id in C:\xampp\htdocs\boot_store\admin\controller\common\preset.php on line 228
2025-09-04 10:41:11 - PHP Notice:  Undefined index: db_name in C:\xampp\htdocs\boot_store\system\engine\hmodel.php on line 12
2025-09-04 10:41:11 - PHP Notice:  Undefined index: case_id in C:\xampp\htdocs\boot_store\admin\controller\common\home.php on line 55
2025-09-04 10:41:11 - PHP Notice:  Undefined index: case_id in C:\xampp\htdocs\boot_store\admin\controller\common\home.php on line 56
2025-09-04 10:41:13 - PHP Notice:  Undefined variable: href_gl_mapping_account in C:\xampp\htdocs\boot_store\admin\view\template\common\column_left.tpl on line 68
2025-09-04 10:41:13 - PHP Notice:  Undefined index: gl_mapping_account in C:\xampp\htdocs\boot_store\admin\view\template\common\column_left.tpl on line 68
2025-09-04 10:41:13 - PHP Notice:  Undefined variable: href_tool_dashboard in C:\xampp\htdocs\boot_store\admin\view\template\common\column_left.tpl on line 231
2025-09-04 10:41:13 - PHP Notice:  Undefined index: inventory_sale_invoice in C:\xampp\htdocs\boot_store\admin\view\template\common\home.tpl on line 36
2025-09-04 10:41:26 - PHP Notice:  Undefined variable: href_gl_mapping_account in C:\xampp\htdocs\boot_store\admin\view\template\common\column_left.tpl on line 68
2025-09-04 10:41:26 - PHP Notice:  Undefined index: gl_mapping_account in C:\xampp\htdocs\boot_store\admin\view\template\common\column_left.tpl on line 68
2025-09-04 10:41:26 - PHP Notice:  Undefined variable: href_tool_dashboard in C:\xampp\htdocs\boot_store\admin\view\template\common\column_left.tpl on line 231
2025-09-04 10:41:26 - PHP Notice:  Undefined index: class in C:\xampp\htdocs\boot_store\admin\view\template\inventory\purchase_invoice_list.tpl on line 19
2025-09-04 10:41:26 - PHP Notice:  Undefined index: class in C:\xampp\htdocs\boot_store\admin\view\template\inventory\purchase_invoice_list.tpl on line 19
2025-09-04 10:41:26 - PHP Notice:  Undefined index: class in C:\xampp\htdocs\boot_store\admin\view\template\inventory\purchase_invoice_list.tpl on line 19
2025-09-04 10:41:26 - PHP Notice:  Undefined variable: column_right in C:\xampp\htdocs\boot_store\admin\view\template\inventory\purchase_invoice_list.tpl on line 78
2025-09-04 10:41:29 - PHP Notice:  Undefined index: purchase_invoice_id in C:\xampp\htdocs\boot_store\system\engine\hcontroller.php on line 223
2025-09-04 10:41:29 - PHP Notice:  Undefined index: purchase_invoice_id in C:\xampp\htdocs\boot_store\system\engine\hcontroller.php on line 224
2025-09-04 10:41:29 - PHP Notice:  Undefined index: purchase_invoice_id in C:\xampp\htdocs\boot_store\admin\controller\inventory\purchase_invoice.php on line 259
2025-09-04 10:41:29 - PHP Notice:  Undefined index: purchase_invoice_id in C:\xampp\htdocs\boot_store\admin\controller\inventory\purchase_invoice.php on line 261
2025-09-04 10:41:29 - PHP Notice:  Undefined index: purchase_invoice_id in C:\xampp\htdocs\boot_store\admin\controller\inventory\purchase_invoice.php on line 263
2025-09-04 10:41:29 - PHP Notice:  Undefined index: purchase_invoice_id in C:\xampp\htdocs\boot_store\admin\controller\inventory\purchase_invoice.php on line 264
2025-09-04 10:41:29 - PHP Notice:  Undefined index: purchase_invoice_id in C:\xampp\htdocs\boot_store\admin\controller\inventory\purchase_invoice.php on line 265
2025-09-04 10:41:29 - PHP Notice:  Undefined index: purchase_invoice_id in C:\xampp\htdocs\boot_store\admin\controller\inventory\purchase_invoice.php on line 266
2025-09-04 10:41:29 - PHP Notice:  Undefined index: purchase_invoice_id in C:\xampp\htdocs\boot_store\admin\controller\inventory\purchase_invoice.php on line 267
2025-09-04 10:41:29 - PHP Notice:  Undefined index: purchase_invoice_id in C:\xampp\htdocs\boot_store\admin\controller\inventory\purchase_invoice.php on line 270
2025-09-04 10:41:29 - PHP Notice:  Undefined variable: href_gl_mapping_account in C:\xampp\htdocs\boot_store\admin\view\template\common\column_left.tpl on line 68
2025-09-04 10:41:29 - PHP Notice:  Undefined index: gl_mapping_account in C:\xampp\htdocs\boot_store\admin\view\template\common\column_left.tpl on line 68
2025-09-04 10:41:29 - PHP Notice:  Undefined variable: href_tool_dashboard in C:\xampp\htdocs\boot_store\admin\view\template\common\column_left.tpl on line 231
2025-09-04 10:41:29 - PHP Notice:  Undefined index: class in C:\xampp\htdocs\boot_store\admin\view\template\inventory\purchase_invoice_form.tpl on line 18
2025-09-04 10:41:29 - PHP Notice:  Undefined index: class in C:\xampp\htdocs\boot_store\admin\view\template\inventory\purchase_invoice_form.tpl on line 18
2025-09-04 10:41:29 - PHP Notice:  Undefined index: class in C:\xampp\htdocs\boot_store\admin\view\template\inventory\purchase_invoice_form.tpl on line 18
2025-09-04 10:41:29 - PHP Notice:  Undefined variable: is_post in C:\xampp\htdocs\boot_store\admin\view\template\inventory\purchase_invoice_form.tpl on line 57
2025-09-04 10:41:29 - PHP Notice:  Undefined variable: action in C:\xampp\htdocs\boot_store\admin\view\template\inventory\purchase_invoice_form.tpl on line 85
2025-09-04 10:41:29 - PHP Notice:  Undefined variable: document_type_id in C:\xampp\htdocs\boot_store\admin\view\template\inventory\purchase_invoice_form.tpl on line 86
2025-09-04 10:41:29 - PHP Notice:  Undefined variable: purchase_invoice_id in C:\xampp\htdocs\boot_store\admin\view\template\inventory\purchase_invoice_form.tpl on line 87
2025-09-04 10:41:29 - PHP Notice:  Undefined variable: invoice_type in C:\xampp\htdocs\boot_store\admin\view\template\inventory\purchase_invoice_form.tpl on line 96
2025-09-04 10:41:29 - PHP Notice:  Undefined variable: invoice_type in C:\xampp\htdocs\boot_store\admin\view\template\inventory\purchase_invoice_form.tpl on line 104
2025-09-04 10:41:29 - PHP Notice:  Undefined variable: document_identity in C:\xampp\htdocs\boot_store\admin\view\template\inventory\purchase_invoice_form.tpl on line 115
2025-09-04 10:41:29 - PHP Notice:  Undefined variable: suppliers in C:\xampp\htdocs\boot_store\admin\view\template\inventory\purchase_invoice_form.tpl on line 173
2025-09-04 10:41:29 - PHP Warning:  Invalid argument supplied for foreach() in C:\xampp\htdocs\boot_store\admin\view\template\inventory\purchase_invoice_form.tpl on line 173
2025-09-04 10:41:29 - PHP Notice:  Undefined variable: remarks in C:\xampp\htdocs\boot_store\admin\view\template\inventory\purchase_invoice_form.tpl on line 206
2025-09-04 10:41:29 - PHP Notice:  Undefined variable: purchase_invoice_details in C:\xampp\htdocs\boot_store\admin\view\template\inventory\purchase_invoice_form.tpl on line 238
2025-09-04 10:41:29 - PHP Warning:  Invalid argument supplied for foreach() in C:\xampp\htdocs\boot_store\admin\view\template\inventory\purchase_invoice_form.tpl on line 238
2025-09-04 10:41:29 - PHP Notice:  Undefined variable: purchase_invoice_details in C:\xampp\htdocs\boot_store\admin\view\template\inventory\purchase_invoice_form.tpl on line 322
2025-09-04 10:41:29 - PHP Warning:  count(): Parameter must be an array or an object that implements Countable in C:\xampp\htdocs\boot_store\admin\view\template\inventory\purchase_invoice_form.tpl on line 322
2025-09-04 10:41:29 - PHP Notice:  Undefined variable: total_quantity in C:\xampp\htdocs\boot_store\admin\view\template\inventory\purchase_invoice_form.tpl on line 335
2025-09-04 10:41:29 - PHP Notice:  Undefined variable: item_amount in C:\xampp\htdocs\boot_store\admin\view\template\inventory\purchase_invoice_form.tpl on line 341
2025-09-04 10:41:29 - PHP Notice:  Undefined variable: item_discount in C:\xampp\htdocs\boot_store\admin\view\template\inventory\purchase_invoice_form.tpl on line 347
2025-09-04 10:41:29 - PHP Notice:  Undefined variable: item_tax in C:\xampp\htdocs\boot_store\admin\view\template\inventory\purchase_invoice_form.tpl on line 353
2025-09-04 10:41:29 - PHP Notice:  Undefined variable: freight_master in C:\xampp\htdocs\boot_store\admin\view\template\inventory\purchase_invoice_form.tpl on line 360
2025-09-04 10:41:29 - PHP Notice:  Undefined variable: item_total in C:\xampp\htdocs\boot_store\admin\view\template\inventory\purchase_invoice_form.tpl on line 367
2025-09-04 10:41:29 - PHP Notice:  Undefined variable: discount in C:\xampp\htdocs\boot_store\admin\view\template\inventory\purchase_invoice_form.tpl on line 375
2025-09-04 10:41:29 - PHP Notice:  Undefined variable: net_amount in C:\xampp\htdocs\boot_store\admin\view\template\inventory\purchase_invoice_form.tpl on line 382
2025-09-04 10:41:29 - PHP Notice:  Undefined variable: is_post in C:\xampp\htdocs\boot_store\admin\view\template\inventory\purchase_invoice_form.tpl on line 420
2025-09-04 10:41:29 - PHP Notice:  Undefined variable: partner_id in C:\xampp\htdocs\boot_store\admin\view\template\inventory\purchase_invoice_form.tpl on line 439
2025-09-04 10:41:29 - PHP Notice:  Undefined variable: products in C:\xampp\htdocs\boot_store\admin\view\template\inventory\purchase_invoice_form.tpl on line 449
2025-09-04 10:41:29 - PHP Notice:  Undefined index: purchase_invoice_id in C:\xampp\htdocs\boot_store\admin\view\template\inventory\purchase_invoice_form.tpl on line 475
2025-09-04 10:41:29 - PHP Notice:  Undefined variable: column_right in C:\xampp\htdocs\boot_store\admin\view\template\inventory\purchase_invoice_form.tpl on line 559
2025-09-04 10:42:07 - PHP Notice:  Undefined index: case_id in C:\xampp\htdocs\boot_store\admin\controller\common\home.php on line 55
2025-09-04 10:42:07 - PHP Notice:  Undefined index: case_id in C:\xampp\htdocs\boot_store\admin\controller\common\home.php on line 56
2025-09-04 10:42:07 - PHP Notice:  Undefined variable: href_gl_mapping_account in C:\xampp\htdocs\boot_store\admin\view\template\common\column_left.tpl on line 68
2025-09-04 10:42:07 - PHP Notice:  Undefined index: gl_mapping_account in C:\xampp\htdocs\boot_store\admin\view\template\common\column_left.tpl on line 68
2025-09-04 10:42:07 - PHP Notice:  Undefined variable: href_tool_dashboard in C:\xampp\htdocs\boot_store\admin\view\template\common\column_left.tpl on line 231
2025-09-04 10:42:07 - PHP Notice:  Undefined index: inventory_sale_invoice in C:\xampp\htdocs\boot_store\admin\view\template\common\home.tpl on line 36
2025-09-04 10:42:35 - PHP Notice:  Undefined variable: href_gl_mapping_account in C:\xampp\htdocs\boot_store\admin\view\template\common\column_left.tpl on line 68
2025-09-04 10:42:35 - PHP Notice:  Undefined index: gl_mapping_account in C:\xampp\htdocs\boot_store\admin\view\template\common\column_left.tpl on line 68
2025-09-04 10:42:35 - PHP Notice:  Undefined variable: href_tool_dashboard in C:\xampp\htdocs\boot_store\admin\view\template\common\column_left.tpl on line 231
2025-09-04 10:42:35 - PHP Notice:  Undefined index: class in C:\xampp\htdocs\boot_store\admin\view\template\setup\company_list.tpl on line 19
2025-09-04 10:42:35 - PHP Notice:  Undefined index: class in C:\xampp\htdocs\boot_store\admin\view\template\setup\company_list.tpl on line 19
2025-09-04 10:42:35 - PHP Notice:  Undefined index: class in C:\xampp\htdocs\boot_store\admin\view\template\setup\company_list.tpl on line 19
2025-09-04 10:42:35 - PHP Notice:  Undefined variable: column_right in C:\xampp\htdocs\boot_store\admin\view\template\setup\company_list.tpl on line 74
2025-09-04 10:42:40 - PHP Notice:  Undefined index: company_id in C:\xampp\htdocs\boot_store\system\engine\hcontroller.php on line 223
2025-09-04 10:42:40 - PHP Notice:  Undefined index: company_id in C:\xampp\htdocs\boot_store\system\engine\hcontroller.php on line 224
2025-09-04 10:42:40 - PHP Notice:  Undefined index: company_id in C:\xampp\htdocs\boot_store\admin\controller\setup\company.php on line 235
2025-09-04 10:42:40 - PHP Notice:  Undefined index: company_id in C:\xampp\htdocs\boot_store\admin\controller\setup\company.php on line 236
2025-09-04 10:42:40 - PHP Notice:  Undefined variable: href_gl_mapping_account in C:\xampp\htdocs\boot_store\admin\view\template\common\column_left.tpl on line 68
2025-09-04 10:42:40 - PHP Notice:  Undefined index: gl_mapping_account in C:\xampp\htdocs\boot_store\admin\view\template\common\column_left.tpl on line 68
2025-09-04 10:42:40 - PHP Notice:  Undefined variable: href_tool_dashboard in C:\xampp\htdocs\boot_store\admin\view\template\common\column_left.tpl on line 231
2025-09-04 10:42:40 - PHP Notice:  Undefined index: class in C:\xampp\htdocs\boot_store\admin\view\template\setup\company_form.tpl on line 18
2025-09-04 10:42:40 - PHP Notice:  Undefined index: class in C:\xampp\htdocs\boot_store\admin\view\template\setup\company_form.tpl on line 18
2025-09-04 10:42:40 - PHP Notice:  Undefined index: class in C:\xampp\htdocs\boot_store\admin\view\template\setup\company_form.tpl on line 18
2025-09-04 10:42:40 - PHP Notice:  Undefined variable: action in C:\xampp\htdocs\boot_store\admin\view\template\setup\company_form.tpl on line 59
2025-09-04 10:42:40 - PHP Notice:  Undefined variable: company_name in C:\xampp\htdocs\boot_store\admin\view\template\setup\company_form.tpl on line 65
2025-09-04 10:42:40 - PHP Notice:  Undefined variable: branch_code in C:\xampp\htdocs\boot_store\admin\view\template\setup\company_form.tpl on line 70
2025-09-04 10:42:40 - PHP Notice:  Undefined variable: branch_name in C:\xampp\htdocs\boot_store\admin\view\template\setup\company_form.tpl on line 74
2025-09-04 10:42:40 - PHP Notice:  Undefined variable: default_currency in C:\xampp\htdocs\boot_store\admin\view\template\setup\company_form.tpl on line 79
2025-09-04 10:42:40 - PHP Notice:  Undefined variable: fiscal_year_code in C:\xampp\htdocs\boot_store\admin\view\template\setup\company_form.tpl on line 84
2025-09-04 10:42:40 - PHP Notice:  Undefined variable: fiscal_year_title in C:\xampp\htdocs\boot_store\admin\view\template\setup\company_form.tpl on line 88
2025-09-04 10:42:40 - PHP Notice:  Undefined variable: date_from in C:\xampp\htdocs\boot_store\admin\view\template\setup\company_form.tpl on line 92
2025-09-04 10:42:40 - PHP Notice:  Undefined variable: date_to in C:\xampp\htdocs\boot_store\admin\view\template\setup\company_form.tpl on line 96
2025-09-04 10:42:40 - PHP Notice:  Undefined variable: user_name in C:\xampp\htdocs\boot_store\admin\view\template\setup\company_form.tpl on line 101
2025-09-04 10:42:40 - PHP Notice:  Undefined variable: user_password in C:\xampp\htdocs\boot_store\admin\view\template\setup\company_form.tpl on line 105
2025-09-04 10:42:40 - PHP Notice:  Undefined index: selected in C:\xampp\htdocs\boot_store\admin\view\template\setup\company_form.tpl on line 112
2025-09-04 10:42:40 - PHP Notice:  Undefined index: selected in C:\xampp\htdocs\boot_store\admin\view\template\setup\company_form.tpl on line 112
2025-09-04 10:42:40 - PHP Notice:  Undefined index: selected in C:\xampp\htdocs\boot_store\admin\view\template\setup\company_form.tpl on line 112
2025-09-04 10:42:40 - PHP Notice:  Undefined index: selected in C:\xampp\htdocs\boot_store\admin\view\template\setup\company_form.tpl on line 112
2025-09-04 10:42:40 - PHP Notice:  Undefined index: selected in C:\xampp\htdocs\boot_store\admin\view\template\setup\company_form.tpl on line 112
2025-09-04 10:42:40 - PHP Notice:  Undefined index: selected in C:\xampp\htdocs\boot_store\admin\view\template\setup\company_form.tpl on line 112
2025-09-04 10:42:40 - PHP Notice:  Undefined index: selected in C:\xampp\htdocs\boot_store\admin\view\template\setup\company_form.tpl on line 112
2025-09-04 10:42:40 - PHP Notice:  Undefined variable: column_right in C:\xampp\htdocs\boot_store\admin\view\template\setup\company_form.tpl on line 157
2025-09-04 10:42:50 - PHP Warning:  Declaration of ControllerSetupCompanySetting::updateData($data) should be compatible with HController::updateData($primary_key, $data) in C:\xampp\htdocs\boot_store\admin\controller\setup\company_setting.php on line 130
2025-09-04 10:42:50 - PHP Warning:  Declaration of ControllerSetupCompanySetting::updateData($data) should be compatible with HController::updateData($primary_key, $data) in C:\xampp\htdocs\boot_store\admin\controller\setup\company_setting.php on line 130
2025-09-04 10:42:50 - PHP Notice:  Undefined variable: href_gl_mapping_account in C:\xampp\htdocs\boot_store\admin\view\template\common\column_left.tpl on line 68
2025-09-04 10:42:50 - PHP Notice:  Undefined index: gl_mapping_account in C:\xampp\htdocs\boot_store\admin\view\template\common\column_left.tpl on line 68
2025-09-04 10:42:50 - PHP Notice:  Undefined variable: href_tool_dashboard in C:\xampp\htdocs\boot_store\admin\view\template\common\column_left.tpl on line 231
2025-09-04 10:42:51 - PHP Notice:  Undefined index: class in C:\xampp\htdocs\boot_store\admin\view\template\setup\company_setting_form.tpl on line 18
2025-09-04 10:42:51 - PHP Notice:  Undefined index: class in C:\xampp\htdocs\boot_store\admin\view\template\setup\company_setting_form.tpl on line 18
2025-09-04 10:42:51 - PHP Notice:  Undefined index: class in C:\xampp\htdocs\boot_store\admin\view\template\setup\company_setting_form.tpl on line 18
2025-09-04 10:42:51 - PHP Notice:  Undefined index: base_currency_account in C:\xampp\htdocs\boot_store\admin\view\template\setup\company_setting_form.tpl on line 68
2025-09-04 10:42:51 - PHP Notice:  Undefined index: description in C:\xampp\htdocs\boot_store\admin\view\template\setup\company_setting_form.tpl on line 117
2025-09-04 10:42:51 - PHP Notice:  Undefined variable: column_right in C:\xampp\htdocs\boot_store\admin\view\template\setup\company_setting_form.tpl on line 195
2025-09-04 10:42:52 - PHP Notice:  Undefined variable: href_gl_mapping_account in C:\xampp\htdocs\boot_store\admin\view\template\common\column_left.tpl on line 68
2025-09-04 10:42:52 - PHP Notice:  Undefined index: gl_mapping_account in C:\xampp\htdocs\boot_store\admin\view\template\common\column_left.tpl on line 68
2025-09-04 10:42:52 - PHP Notice:  Undefined variable: href_tool_dashboard in C:\xampp\htdocs\boot_store\admin\view\template\common\column_left.tpl on line 231
2025-09-04 10:42:52 - PHP Notice:  Undefined index: class in C:\xampp\htdocs\boot_store\admin\view\template\setup\company_list.tpl on line 19
2025-09-04 10:42:52 - PHP Notice:  Undefined index: class in C:\xampp\htdocs\boot_store\admin\view\template\setup\company_list.tpl on line 19
2025-09-04 10:42:52 - PHP Notice:  Undefined index: class in C:\xampp\htdocs\boot_store\admin\view\template\setup\company_list.tpl on line 19
2025-09-04 10:42:52 - PHP Notice:  Undefined variable: column_right in C:\xampp\htdocs\boot_store\admin\view\template\setup\company_list.tpl on line 74
2025-09-04 10:43:24 - PHP Warning:  Declaration of ControllerSetupCompanySetting::updateData($data) should be compatible with HController::updateData($primary_key, $data) in C:\xampp\htdocs\boot_store\admin\controller\setup\company_setting.php on line 130
2025-09-04 10:43:24 - PHP Warning:  Declaration of ControllerSetupCompanySetting::updateData($data) should be compatible with HController::updateData($primary_key, $data) in C:\xampp\htdocs\boot_store\admin\controller\setup\company_setting.php on line 130
2025-09-04 10:43:24 - PHP Notice:  Undefined variable: href_gl_mapping_account in C:\xampp\htdocs\boot_store\admin\view\template\common\column_left.tpl on line 68
2025-09-04 10:43:24 - PHP Notice:  Undefined index: gl_mapping_account in C:\xampp\htdocs\boot_store\admin\view\template\common\column_left.tpl on line 68
2025-09-04 10:43:24 - PHP Notice:  Undefined variable: href_tool_dashboard in C:\xampp\htdocs\boot_store\admin\view\template\common\column_left.tpl on line 231
2025-09-04 10:43:24 - PHP Notice:  Undefined index: class in C:\xampp\htdocs\boot_store\admin\view\template\setup\company_setting_form.tpl on line 18
2025-09-04 10:43:24 - PHP Notice:  Undefined index: class in C:\xampp\htdocs\boot_store\admin\view\template\setup\company_setting_form.tpl on line 18
2025-09-04 10:43:24 - PHP Notice:  Undefined index: class in C:\xampp\htdocs\boot_store\admin\view\template\setup\company_setting_form.tpl on line 18
2025-09-04 10:43:24 - PHP Notice:  Undefined index: base_currency_account in C:\xampp\htdocs\boot_store\admin\view\template\setup\company_setting_form.tpl on line 68
2025-09-04 10:43:24 - PHP Notice:  Undefined index: description in C:\xampp\htdocs\boot_store\admin\view\template\setup\company_setting_form.tpl on line 117
2025-09-04 10:43:24 - PHP Notice:  Undefined variable: column_right in C:\xampp\htdocs\boot_store\admin\view\template\setup\company_setting_form.tpl on line 195
2025-09-04 10:43:40 - PHP Notice:  Undefined index: case_id in C:\xampp\htdocs\boot_store\admin\controller\common\home.php on line 55
2025-09-04 10:43:40 - PHP Notice:  Undefined index: case_id in C:\xampp\htdocs\boot_store\admin\controller\common\home.php on line 56
2025-09-04 10:43:40 - PHP Notice:  Undefined variable: href_gl_mapping_account in C:\xampp\htdocs\boot_store\admin\view\template\common\column_left.tpl on line 68
2025-09-04 10:43:40 - PHP Notice:  Undefined index: gl_mapping_account in C:\xampp\htdocs\boot_store\admin\view\template\common\column_left.tpl on line 68
2025-09-04 10:43:40 - PHP Notice:  Undefined variable: href_tool_dashboard in C:\xampp\htdocs\boot_store\admin\view\template\common\column_left.tpl on line 231
2025-09-04 10:43:40 - PHP Notice:  Undefined index: inventory_sale_invoice in C:\xampp\htdocs\boot_store\admin\view\template\common\home.tpl on line 36
2025-09-04 10:43:54 - PHP Warning:  Declaration of ControllerSetupCompanySetting::updateData($data) should be compatible with HController::updateData($primary_key, $data) in C:\xampp\htdocs\boot_store\admin\controller\setup\company_setting.php on line 130
2025-09-04 10:43:54 - PHP Warning:  Declaration of ControllerSetupCompanySetting::updateData($data) should be compatible with HController::updateData($primary_key, $data) in C:\xampp\htdocs\boot_store\admin\controller\setup\company_setting.php on line 130
2025-09-04 10:43:54 - PHP Notice:  Undefined variable: href_gl_mapping_account in C:\xampp\htdocs\boot_store\admin\view\template\common\column_left.tpl on line 68
2025-09-04 10:43:54 - PHP Notice:  Undefined index: gl_mapping_account in C:\xampp\htdocs\boot_store\admin\view\template\common\column_left.tpl on line 68
2025-09-04 10:43:54 - PHP Notice:  Undefined variable: href_tool_dashboard in C:\xampp\htdocs\boot_store\admin\view\template\common\column_left.tpl on line 231
2025-09-04 10:43:54 - PHP Notice:  Undefined index: class in C:\xampp\htdocs\boot_store\admin\view\template\setup\company_setting_form.tpl on line 18
2025-09-04 10:43:54 - PHP Notice:  Undefined index: class in C:\xampp\htdocs\boot_store\admin\view\template\setup\company_setting_form.tpl on line 18
2025-09-04 10:43:54 - PHP Notice:  Undefined index: class in C:\xampp\htdocs\boot_store\admin\view\template\setup\company_setting_form.tpl on line 18
2025-09-04 10:43:54 - PHP Notice:  Undefined index: base_currency_account in C:\xampp\htdocs\boot_store\admin\view\template\setup\company_setting_form.tpl on line 68
2025-09-04 10:43:54 - PHP Notice:  Undefined index: description in C:\xampp\htdocs\boot_store\admin\view\template\setup\company_setting_form.tpl on line 117
2025-09-04 10:43:54 - PHP Notice:  Undefined variable: column_right in C:\xampp\htdocs\boot_store\admin\view\template\setup\company_setting_form.tpl on line 195
2025-09-04 10:44:18 - PHP Notice:  Undefined variable: href_gl_mapping_account in C:\xampp\htdocs\boot_store\admin\view\template\common\column_left.tpl on line 68
2025-09-04 10:44:18 - PHP Notice:  Undefined index: gl_mapping_account in C:\xampp\htdocs\boot_store\admin\view\template\common\column_left.tpl on line 68
2025-09-04 10:44:18 - PHP Notice:  Undefined variable: href_tool_dashboard in C:\xampp\htdocs\boot_store\admin\view\template\common\column_left.tpl on line 231
2025-09-04 10:44:18 - PHP Notice:  Undefined index: class in C:\xampp\htdocs\boot_store\admin\view\template\setup\company_branch_list.tpl on line 19
2025-09-04 10:44:18 - PHP Notice:  Undefined index: class in C:\xampp\htdocs\boot_store\admin\view\template\setup\company_branch_list.tpl on line 19
2025-09-04 10:44:18 - PHP Notice:  Undefined index: class in C:\xampp\htdocs\boot_store\admin\view\template\setup\company_branch_list.tpl on line 19
2025-09-04 10:44:18 - PHP Notice:  Undefined variable: column_right in C:\xampp\htdocs\boot_store\admin\view\template\setup\company_branch_list.tpl on line 74
2025-09-04 10:44:29 - PHP Notice:  Undefined variable: href_gl_mapping_account in C:\xampp\htdocs\boot_store\admin\view\template\common\column_left.tpl on line 68
2025-09-04 10:44:29 - PHP Notice:  Undefined index: gl_mapping_account in C:\xampp\htdocs\boot_store\admin\view\template\common\column_left.tpl on line 68
2025-09-04 10:44:29 - PHP Notice:  Undefined variable: href_tool_dashboard in C:\xampp\htdocs\boot_store\admin\view\template\common\column_left.tpl on line 231
2025-09-04 10:44:29 - PHP Notice:  Undefined index: class in C:\xampp\htdocs\boot_store\admin\view\template\setup\currency_list.tpl on line 19
2025-09-04 10:44:29 - PHP Notice:  Undefined index: class in C:\xampp\htdocs\boot_store\admin\view\template\setup\currency_list.tpl on line 19
2025-09-04 10:44:29 - PHP Notice:  Undefined index: class in C:\xampp\htdocs\boot_store\admin\view\template\setup\currency_list.tpl on line 19
2025-09-04 10:44:29 - PHP Notice:  Undefined index: column_created_at in C:\xampp\htdocs\boot_store\admin\view\template\setup\currency_list.tpl on line 60
2025-09-04 10:44:29 - PHP Notice:  Undefined variable: column_right in C:\xampp\htdocs\boot_store\admin\view\template\setup\currency_list.tpl on line 74
2025-09-04 10:44:29 - PHP Notice:  Undefined index: lang in C:\xampp\htdocs\boot_store\admin\controller\setup\currency.php on line 221
2025-09-04 10:44:29 - PHP Notice:  Trying to access array offset on value of type null in C:\xampp\htdocs\boot_store\admin\controller\setup\currency.php on line 221
2025-09-04 10:44:29 - PHP Notice:  Undefined index: lang in C:\xampp\htdocs\boot_store\admin\controller\setup\currency.php on line 228
2025-09-04 10:44:29 - PHP Notice:  Trying to access array offset on value of type null in C:\xampp\htdocs\boot_store\admin\controller\setup\currency.php on line 228
2025-09-04 10:44:48 - PHP Notice:  Undefined variable: href_gl_mapping_account in C:\xampp\htdocs\boot_store\admin\view\template\common\column_left.tpl on line 68
2025-09-04 10:44:48 - PHP Notice:  Undefined index: gl_mapping_account in C:\xampp\htdocs\boot_store\admin\view\template\common\column_left.tpl on line 68
2025-09-04 10:44:48 - PHP Notice:  Undefined variable: href_tool_dashboard in C:\xampp\htdocs\boot_store\admin\view\template\common\column_left.tpl on line 231
2025-09-04 10:44:48 - PHP Notice:  Undefined index: class in C:\xampp\htdocs\boot_store\admin\view\template\inventory\purchase_invoice_list.tpl on line 19
2025-09-04 10:44:48 - PHP Notice:  Undefined index: class in C:\xampp\htdocs\boot_store\admin\view\template\inventory\purchase_invoice_list.tpl on line 19
2025-09-04 10:44:48 - PHP Notice:  Undefined index: class in C:\xampp\htdocs\boot_store\admin\view\template\inventory\purchase_invoice_list.tpl on line 19
2025-09-04 10:44:48 - PHP Notice:  Undefined variable: column_right in C:\xampp\htdocs\boot_store\admin\view\template\inventory\purchase_invoice_list.tpl on line 78
2025-09-04 10:44:51 - PHP Notice:  Undefined index: purchase_invoice_id in C:\xampp\htdocs\boot_store\system\engine\hcontroller.php on line 223
2025-09-04 10:44:51 - PHP Notice:  Undefined index: purchase_invoice_id in C:\xampp\htdocs\boot_store\system\engine\hcontroller.php on line 224
2025-09-04 10:44:51 - PHP Notice:  Undefined index: purchase_invoice_id in C:\xampp\htdocs\boot_store\admin\controller\inventory\purchase_invoice.php on line 259
2025-09-04 10:44:51 - PHP Notice:  Undefined index: purchase_invoice_id in C:\xampp\htdocs\boot_store\admin\controller\inventory\purchase_invoice.php on line 261
2025-09-04 10:44:51 - PHP Notice:  Undefined index: purchase_invoice_id in C:\xampp\htdocs\boot_store\admin\controller\inventory\purchase_invoice.php on line 263
2025-09-04 10:44:51 - PHP Notice:  Undefined index: purchase_invoice_id in C:\xampp\htdocs\boot_store\admin\controller\inventory\purchase_invoice.php on line 264
2025-09-04 10:44:51 - PHP Notice:  Undefined index: purchase_invoice_id in C:\xampp\htdocs\boot_store\admin\controller\inventory\purchase_invoice.php on line 265
2025-09-04 10:44:51 - PHP Notice:  Undefined index: purchase_invoice_id in C:\xampp\htdocs\boot_store\admin\controller\inventory\purchase_invoice.php on line 266
2025-09-04 10:44:51 - PHP Notice:  Undefined index: purchase_invoice_id in C:\xampp\htdocs\boot_store\admin\controller\inventory\purchase_invoice.php on line 267
2025-09-04 10:44:51 - PHP Notice:  Undefined index: purchase_invoice_id in C:\xampp\htdocs\boot_store\admin\controller\inventory\purchase_invoice.php on line 270
2025-09-04 10:44:51 - PHP Notice:  Undefined variable: href_gl_mapping_account in C:\xampp\htdocs\boot_store\admin\view\template\common\column_left.tpl on line 68
2025-09-04 10:44:51 - PHP Notice:  Undefined index: gl_mapping_account in C:\xampp\htdocs\boot_store\admin\view\template\common\column_left.tpl on line 68
2025-09-04 10:44:51 - PHP Notice:  Undefined variable: href_tool_dashboard in C:\xampp\htdocs\boot_store\admin\view\template\common\column_left.tpl on line 231
2025-09-04 10:44:51 - PHP Notice:  Undefined index: class in C:\xampp\htdocs\boot_store\admin\view\template\inventory\purchase_invoice_form.tpl on line 18
2025-09-04 10:44:51 - PHP Notice:  Undefined index: class in C:\xampp\htdocs\boot_store\admin\view\template\inventory\purchase_invoice_form.tpl on line 18
2025-09-04 10:44:51 - PHP Notice:  Undefined index: class in C:\xampp\htdocs\boot_store\admin\view\template\inventory\purchase_invoice_form.tpl on line 18
2025-09-04 10:44:51 - PHP Notice:  Undefined variable: is_post in C:\xampp\htdocs\boot_store\admin\view\template\inventory\purchase_invoice_form.tpl on line 57
2025-09-04 10:44:51 - PHP Notice:  Undefined variable: action in C:\xampp\htdocs\boot_store\admin\view\template\inventory\purchase_invoice_form.tpl on line 85
2025-09-04 10:44:51 - PHP Notice:  Undefined variable: document_type_id in C:\xampp\htdocs\boot_store\admin\view\template\inventory\purchase_invoice_form.tpl on line 86
2025-09-04 10:44:51 - PHP Notice:  Undefined variable: purchase_invoice_id in C:\xampp\htdocs\boot_store\admin\view\template\inventory\purchase_invoice_form.tpl on line 87
2025-09-04 10:44:51 - PHP Notice:  Undefined variable: invoice_type in C:\xampp\htdocs\boot_store\admin\view\template\inventory\purchase_invoice_form.tpl on line 96
2025-09-04 10:44:51 - PHP Notice:  Undefined variable: invoice_type in C:\xampp\htdocs\boot_store\admin\view\template\inventory\purchase_invoice_form.tpl on line 104
2025-09-04 10:44:51 - PHP Notice:  Undefined variable: document_identity in C:\xampp\htdocs\boot_store\admin\view\template\inventory\purchase_invoice_form.tpl on line 115
2025-09-04 10:44:51 - PHP Notice:  Undefined variable: suppliers in C:\xampp\htdocs\boot_store\admin\view\template\inventory\purchase_invoice_form.tpl on line 173
2025-09-04 10:44:51 - PHP Warning:  Invalid argument supplied for foreach() in C:\xampp\htdocs\boot_store\admin\view\template\inventory\purchase_invoice_form.tpl on line 173
2025-09-04 10:44:51 - PHP Notice:  Undefined variable: remarks in C:\xampp\htdocs\boot_store\admin\view\template\inventory\purchase_invoice_form.tpl on line 206
2025-09-04 10:44:51 - PHP Notice:  Undefined variable: purchase_invoice_details in C:\xampp\htdocs\boot_store\admin\view\template\inventory\purchase_invoice_form.tpl on line 238
2025-09-04 10:44:51 - PHP Warning:  Invalid argument supplied for foreach() in C:\xampp\htdocs\boot_store\admin\view\template\inventory\purchase_invoice_form.tpl on line 238
2025-09-04 10:44:51 - PHP Notice:  Undefined variable: purchase_invoice_details in C:\xampp\htdocs\boot_store\admin\view\template\inventory\purchase_invoice_form.tpl on line 322
2025-09-04 10:44:51 - PHP Warning:  count(): Parameter must be an array or an object that implements Countable in C:\xampp\htdocs\boot_store\admin\view\template\inventory\purchase_invoice_form.tpl on line 322
2025-09-04 10:44:51 - PHP Notice:  Undefined variable: total_quantity in C:\xampp\htdocs\boot_store\admin\view\template\inventory\purchase_invoice_form.tpl on line 335
2025-09-04 10:44:51 - PHP Notice:  Undefined variable: item_amount in C:\xampp\htdocs\boot_store\admin\view\template\inventory\purchase_invoice_form.tpl on line 341
2025-09-04 10:44:51 - PHP Notice:  Undefined variable: item_discount in C:\xampp\htdocs\boot_store\admin\view\template\inventory\purchase_invoice_form.tpl on line 347
2025-09-04 10:44:51 - PHP Notice:  Undefined variable: item_tax in C:\xampp\htdocs\boot_store\admin\view\template\inventory\purchase_invoice_form.tpl on line 353
2025-09-04 10:44:51 - PHP Notice:  Undefined variable: freight_master in C:\xampp\htdocs\boot_store\admin\view\template\inventory\purchase_invoice_form.tpl on line 360
2025-09-04 10:44:51 - PHP Notice:  Undefined variable: item_total in C:\xampp\htdocs\boot_store\admin\view\template\inventory\purchase_invoice_form.tpl on line 367
2025-09-04 10:44:51 - PHP Notice:  Undefined variable: discount in C:\xampp\htdocs\boot_store\admin\view\template\inventory\purchase_invoice_form.tpl on line 375
2025-09-04 10:44:51 - PHP Notice:  Undefined variable: net_amount in C:\xampp\htdocs\boot_store\admin\view\template\inventory\purchase_invoice_form.tpl on line 382
2025-09-04 10:44:51 - PHP Notice:  Undefined variable: is_post in C:\xampp\htdocs\boot_store\admin\view\template\inventory\purchase_invoice_form.tpl on line 420
2025-09-04 10:44:51 - PHP Notice:  Undefined variable: partner_id in C:\xampp\htdocs\boot_store\admin\view\template\inventory\purchase_invoice_form.tpl on line 439
2025-09-04 10:44:51 - PHP Notice:  Undefined variable: products in C:\xampp\htdocs\boot_store\admin\view\template\inventory\purchase_invoice_form.tpl on line 449
2025-09-04 10:44:51 - PHP Notice:  Undefined index: purchase_invoice_id in C:\xampp\htdocs\boot_store\admin\view\template\inventory\purchase_invoice_form.tpl on line 475
2025-09-04 10:44:51 - PHP Notice:  Undefined variable: column_right in C:\xampp\htdocs\boot_store\admin\view\template\inventory\purchase_invoice_form.tpl on line 559
2025-09-04 10:44:55 - PHP Notice:  Undefined index: page in C:\xampp\htdocs\boot_store\admin\controller\inventory\purchase_invoice.php on line 293
2025-09-04 10:45:43 - PHP Notice:  Undefined index: partner_id in C:\xampp\htdocs\boot_store\admin\controller\common\function.php on line 168
2025-09-04 10:45:43 - PHP Notice:  Undefined index: branch_id in C:\xampp\htdocs\boot_store\admin\controller\common\function.php on line 169
2025-09-04 10:45:43 - PHP Notice:  Undefined index: partner_id in C:\xampp\htdocs\boot_store\admin\controller\common\function.php on line 118
2025-09-04 10:45:43 - PHP Notice:  Undefined index: branch_id in C:\xampp\htdocs\boot_store\admin\controller\common\function.php on line 119
2025-09-04 10:45:44 - PHP Notice:  Undefined index: product_id in C:\xampp\htdocs\boot_store\admin\controller\common\function.php on line 129
2025-09-04 10:45:44 - PHP Notice:  Undefined index: rate in C:\xampp\htdocs\boot_store\admin\controller\common\function.php on line 130
2025-09-04 10:45:44 - PHP Notice:  Undefined index: product_id in C:\xampp\htdocs\boot_store\admin\controller\common\function.php on line 133
2025-09-04 10:45:44 - PHP Notice:  Undefined index: rate in C:\xampp\htdocs\boot_store\admin\controller\common\function.php on line 134
2025-09-04 10:45:47 - PHP Notice:  Undefined index: partner_id in C:\xampp\htdocs\boot_store\admin\controller\common\function.php on line 168
2025-09-04 10:45:47 - PHP Notice:  Undefined index: branch_id in C:\xampp\htdocs\boot_store\admin\controller\common\function.php on line 169
2025-09-04 10:45:47 - PHP Notice:  Undefined index: partner_id in C:\xampp\htdocs\boot_store\admin\controller\common\function.php on line 118
2025-09-04 10:45:47 - PHP Notice:  Undefined index: branch_id in C:\xampp\htdocs\boot_store\admin\controller\common\function.php on line 119
2025-09-04 10:45:47 - PHP Notice:  Undefined index: product_id in C:\xampp\htdocs\boot_store\admin\controller\common\function.php on line 129
2025-09-04 10:45:47 - PHP Notice:  Undefined index: rate in C:\xampp\htdocs\boot_store\admin\controller\common\function.php on line 130
2025-09-04 10:45:47 - PHP Notice:  Undefined index: product_id in C:\xampp\htdocs\boot_store\admin\controller\common\function.php on line 133
2025-09-04 10:45:47 - PHP Notice:  Undefined index: rate in C:\xampp\htdocs\boot_store\admin\controller\common\function.php on line 134
2025-09-04 10:45:58 - PHP Warning:  Declaration of ControllerInventoryProduct::validateDelete($id) should be compatible with HController::validateDelete($id = '') in C:\xampp\htdocs\boot_store\admin\controller\inventory\product.php on line 1215
2025-09-04 10:45:58 - PHP Notice:  Undefined variable: href_gl_mapping_account in C:\xampp\htdocs\boot_store\admin\view\template\common\column_left.tpl on line 68
2025-09-04 10:45:58 - PHP Notice:  Undefined index: gl_mapping_account in C:\xampp\htdocs\boot_store\admin\view\template\common\column_left.tpl on line 68
2025-09-04 10:45:58 - PHP Notice:  Undefined variable: href_tool_dashboard in C:\xampp\htdocs\boot_store\admin\view\template\common\column_left.tpl on line 231
2025-09-04 10:45:58 - PHP Notice:  Undefined index: class in C:\xampp\htdocs\boot_store\admin\view\template\inventory\product_list.tpl on line 19
2025-09-04 10:45:58 - PHP Notice:  Undefined index: class in C:\xampp\htdocs\boot_store\admin\view\template\inventory\product_list.tpl on line 19
2025-09-04 10:45:58 - PHP Notice:  Undefined index: class in C:\xampp\htdocs\boot_store\admin\view\template\inventory\product_list.tpl on line 19
2025-09-04 10:45:58 - PHP Notice:  Undefined variable: product_category_id in C:\xampp\htdocs\boot_store\admin\view\template\inventory\product_list.tpl on line 46
2025-09-04 10:45:58 - PHP Notice:  Undefined variable: product_category_id in C:\xampp\htdocs\boot_store\admin\view\template\inventory\product_list.tpl on line 46
2025-09-04 10:45:58 - PHP Notice:  Undefined variable: product_category_id in C:\xampp\htdocs\boot_store\admin\view\template\inventory\product_list.tpl on line 46
2025-09-04 10:45:58 - PHP Notice:  Undefined variable: product_category_id in C:\xampp\htdocs\boot_store\admin\view\template\inventory\product_list.tpl on line 46
2025-09-04 10:45:58 - PHP Notice:  Undefined variable: product_category_id in C:\xampp\htdocs\boot_store\admin\view\template\inventory\product_list.tpl on line 46
2025-09-04 10:45:58 - PHP Notice:  Undefined variable: product_category_id in C:\xampp\htdocs\boot_store\admin\view\template\inventory\product_list.tpl on line 46
2025-09-04 10:45:58 - PHP Notice:  Undefined variable: product_sub_category_id in C:\xampp\htdocs\boot_store\admin\view\template\inventory\product_list.tpl on line 57
2025-09-04 10:45:58 - PHP Notice:  Undefined variable: product_sub_category_id in C:\xampp\htdocs\boot_store\admin\view\template\inventory\product_list.tpl on line 57
2025-09-04 10:45:58 - PHP Notice:  Undefined variable: brand_id in C:\xampp\htdocs\boot_store\admin\view\template\inventory\product_list.tpl on line 67
2025-09-04 10:45:58 - PHP Notice:  Undefined variable: brand_id in C:\xampp\htdocs\boot_store\admin\view\template\inventory\product_list.tpl on line 67
2025-09-04 10:45:58 - PHP Notice:  Undefined variable: brand_id in C:\xampp\htdocs\boot_store\admin\view\template\inventory\product_list.tpl on line 67
2025-09-04 10:45:58 - PHP Notice:  Undefined variable: brand_id in C:\xampp\htdocs\boot_store\admin\view\template\inventory\product_list.tpl on line 67
2025-09-04 10:45:58 - PHP Notice:  Undefined variable: brand_id in C:\xampp\htdocs\boot_store\admin\view\template\inventory\product_list.tpl on line 67
2025-09-04 10:45:58 - PHP Notice:  Undefined variable: brand_id in C:\xampp\htdocs\boot_store\admin\view\template\inventory\product_list.tpl on line 67
2025-09-04 10:45:58 - PHP Notice:  Undefined variable: brand_id in C:\xampp\htdocs\boot_store\admin\view\template\inventory\product_list.tpl on line 67
2025-09-04 10:45:58 - PHP Notice:  Undefined variable: brand_id in C:\xampp\htdocs\boot_store\admin\view\template\inventory\product_list.tpl on line 67
2025-09-04 10:45:58 - PHP Notice:  Undefined variable: brand_id in C:\xampp\htdocs\boot_store\admin\view\template\inventory\product_list.tpl on line 67
2025-09-04 10:45:58 - PHP Notice:  Undefined variable: brand_id in C:\xampp\htdocs\boot_store\admin\view\template\inventory\product_list.tpl on line 67
2025-09-04 10:45:58 - PHP Notice:  Undefined variable: brand_id in C:\xampp\htdocs\boot_store\admin\view\template\inventory\product_list.tpl on line 67
2025-09-04 10:45:58 - PHP Notice:  Undefined variable: brand_id in C:\xampp\htdocs\boot_store\admin\view\template\inventory\product_list.tpl on line 67
2025-09-04 10:45:58 - PHP Notice:  Undefined variable: column_right in C:\xampp\htdocs\boot_store\admin\view\template\inventory\product_list.tpl on line 128
2025-09-04 10:45:59 - PHP Warning:  Declaration of ControllerInventoryProduct::validateDelete($id) should be compatible with HController::validateDelete($id = '') in C:\xampp\htdocs\boot_store\admin\controller\inventory\product.php on line 1215
2025-09-04 10:46:06 - PHP Notice:  Undefined index: partner_id in C:\xampp\htdocs\boot_store\admin\controller\common\function.php on line 168
2025-09-04 10:46:06 - PHP Notice:  Undefined index: branch_id in C:\xampp\htdocs\boot_store\admin\controller\common\function.php on line 169
2025-09-04 10:46:06 - PHP Notice:  Undefined index: partner_id in C:\xampp\htdocs\boot_store\admin\controller\common\function.php on line 118
2025-09-04 10:46:06 - PHP Notice:  Undefined index: branch_id in C:\xampp\htdocs\boot_store\admin\controller\common\function.php on line 119
2025-09-04 10:46:06 - PHP Notice:  Undefined index: rate in C:\xampp\htdocs\boot_store\admin\controller\common\function.php on line 130
2025-09-04 10:46:06 - PHP Notice:  Undefined index: rate in C:\xampp\htdocs\boot_store\admin\controller\common\function.php on line 134
2025-09-04 10:46:32 - PHP Notice:  Undefined variable: href_gl_mapping_account in C:\xampp\htdocs\boot_store\admin\view\template\common\column_left.tpl on line 68
2025-09-04 10:46:32 - PHP Notice:  Undefined index: gl_mapping_account in C:\xampp\htdocs\boot_store\admin\view\template\common\column_left.tpl on line 68
2025-09-04 10:46:32 - PHP Notice:  Undefined variable: href_tool_dashboard in C:\xampp\htdocs\boot_store\admin\view\template\common\column_left.tpl on line 231
2025-09-04 10:46:32 - PHP Notice:  Undefined index: class in C:\xampp\htdocs\boot_store\admin\view\template\report\ledger_report.tpl on line 18
2025-09-04 10:46:32 - PHP Notice:  Undefined index: class in C:\xampp\htdocs\boot_store\admin\view\template\report\ledger_report.tpl on line 18
2025-09-04 10:46:32 - PHP Notice:  Undefined index: class in C:\xampp\htdocs\boot_store\admin\view\template\report\ledger_report.tpl on line 18
2025-09-04 10:46:32 - PHP Notice:  Undefined variable: coa_levels1 in C:\xampp\htdocs\boot_store\admin\view\template\report\ledger_report.tpl on line 66
2025-09-04 10:46:32 - PHP Warning:  Invalid argument supplied for foreach() in C:\xampp\htdocs\boot_store\admin\view\template\report\ledger_report.tpl on line 66
2025-09-04 10:46:32 - PHP Notice:  Undefined variable: coa_level3_id in C:\xampp\htdocs\boot_store\admin\view\template\report\ledger_report.tpl on line 90
2025-09-04 10:46:32 - PHP Notice:  Undefined variable: coa_level3_id in C:\xampp\htdocs\boot_store\admin\view\template\report\ledger_report.tpl on line 90
2025-09-04 10:46:32 - PHP Notice:  Undefined variable: coa_level3_id in C:\xampp\htdocs\boot_store\admin\view\template\report\ledger_report.tpl on line 90
2025-09-04 10:46:32 - PHP Notice:  Undefined variable: coa_level3_id in C:\xampp\htdocs\boot_store\admin\view\template\report\ledger_report.tpl on line 90
2025-09-04 10:46:32 - PHP Notice:  Undefined variable: coa_level3_id in C:\xampp\htdocs\boot_store\admin\view\template\report\ledger_report.tpl on line 90
2025-09-04 10:46:32 - PHP Notice:  Undefined variable: coa_level3_id in C:\xampp\htdocs\boot_store\admin\view\template\report\ledger_report.tpl on line 90
2025-09-04 10:46:32 - PHP Notice:  Undefined variable: coa_level3_id in C:\xampp\htdocs\boot_store\admin\view\template\report\ledger_report.tpl on line 90
2025-09-04 10:46:32 - PHP Notice:  Undefined variable: coa_level3_id in C:\xampp\htdocs\boot_store\admin\view\template\report\ledger_report.tpl on line 90
2025-09-04 10:46:32 - PHP Notice:  Undefined variable: coa_level3_id in C:\xampp\htdocs\boot_store\admin\view\template\report\ledger_report.tpl on line 90
2025-09-04 10:46:32 - PHP Notice:  Undefined variable: coa_level3_id in C:\xampp\htdocs\boot_store\admin\view\template\report\ledger_report.tpl on line 90
2025-09-04 10:46:32 - PHP Notice:  Undefined variable: coa_level3_id in C:\xampp\htdocs\boot_store\admin\view\template\report\ledger_report.tpl on line 90
2025-09-04 10:46:32 - PHP Notice:  Undefined variable: coa_level3_id in C:\xampp\htdocs\boot_store\admin\view\template\report\ledger_report.tpl on line 90
2025-09-04 10:46:32 - PHP Notice:  Undefined variable: coa_level3_id in C:\xampp\htdocs\boot_store\admin\view\template\report\ledger_report.tpl on line 90
2025-09-04 10:46:32 - PHP Notice:  Undefined variable: coa_level3_id in C:\xampp\htdocs\boot_store\admin\view\template\report\ledger_report.tpl on line 90
2025-09-04 10:46:32 - PHP Notice:  Undefined variable: coa_level3_id in C:\xampp\htdocs\boot_store\admin\view\template\report\ledger_report.tpl on line 90
2025-09-04 10:46:32 - PHP Notice:  Undefined variable: coa_level3_id in C:\xampp\htdocs\boot_store\admin\view\template\report\ledger_report.tpl on line 90
2025-09-04 10:46:32 - PHP Notice:  Undefined variable: coa_level3_id in C:\xampp\htdocs\boot_store\admin\view\template\report\ledger_report.tpl on line 90
2025-09-04 10:46:32 - PHP Notice:  Undefined variable: coa_level3_id in C:\xampp\htdocs\boot_store\admin\view\template\report\ledger_report.tpl on line 90
2025-09-04 10:46:32 - PHP Notice:  Undefined variable: coa_level3_id in C:\xampp\htdocs\boot_store\admin\view\template\report\ledger_report.tpl on line 90
2025-09-04 10:46:32 - PHP Notice:  Undefined variable: coa_level3_id in C:\xampp\htdocs\boot_store\admin\view\template\report\ledger_report.tpl on line 90
2025-09-04 10:46:32 - PHP Notice:  Undefined variable: coa_level3_id in C:\xampp\htdocs\boot_store\admin\view\template\report\ledger_report.tpl on line 90
2025-09-04 10:46:32 - PHP Notice:  Undefined variable: coa_level3_id in C:\xampp\htdocs\boot_store\admin\view\template\report\ledger_report.tpl on line 90
2025-09-04 10:46:32 - PHP Notice:  Undefined variable: coa_level3_id in C:\xampp\htdocs\boot_store\admin\view\template\report\ledger_report.tpl on line 90
2025-09-04 10:46:32 - PHP Notice:  Undefined variable: coa_level3_id in C:\xampp\htdocs\boot_store\admin\view\template\report\ledger_report.tpl on line 90
2025-09-04 10:46:32 - PHP Notice:  Undefined variable: coa_level3_id in C:\xampp\htdocs\boot_store\admin\view\template\report\ledger_report.tpl on line 90
2025-09-04 10:46:32 - PHP Notice:  Undefined variable: coa_level3_id in C:\xampp\htdocs\boot_store\admin\view\template\report\ledger_report.tpl on line 90
2025-09-04 10:46:32 - PHP Notice:  Undefined variable: coa_level3_id in C:\xampp\htdocs\boot_store\admin\view\template\report\ledger_report.tpl on line 90
2025-09-04 10:46:32 - PHP Notice:  Undefined variable: coa_level3_id in C:\xampp\htdocs\boot_store\admin\view\template\report\ledger_report.tpl on line 90
2025-09-04 10:46:32 - PHP Notice:  Undefined variable: coa_level3_id in C:\xampp\htdocs\boot_store\admin\view\template\report\ledger_report.tpl on line 90
2025-09-04 10:46:32 - PHP Notice:  Undefined variable: coa_level3_id in C:\xampp\htdocs\boot_store\admin\view\template\report\ledger_report.tpl on line 90
2025-09-04 10:46:32 - PHP Notice:  Undefined variable: coa_level3_id in C:\xampp\htdocs\boot_store\admin\view\template\report\ledger_report.tpl on line 90
2025-09-04 10:46:32 - PHP Notice:  Undefined variable: coa_level3_id in C:\xampp\htdocs\boot_store\admin\view\template\report\ledger_report.tpl on line 90
2025-09-04 10:46:32 - PHP Notice:  Undefined variable: coa_level3_id in C:\xampp\htdocs\boot_store\admin\view\template\report\ledger_report.tpl on line 90
2025-09-04 10:46:32 - PHP Notice:  Undefined variable: coa_level3_id in C:\xampp\htdocs\boot_store\admin\view\template\report\ledger_report.tpl on line 90
2025-09-04 10:46:32 - PHP Notice:  Undefined variable: coa_level3_id in C:\xampp\htdocs\boot_store\admin\view\template\report\ledger_report.tpl on line 90
2025-09-04 10:46:32 - PHP Notice:  Undefined variable: coa_level3_id in C:\xampp\htdocs\boot_store\admin\view\template\report\ledger_report.tpl on line 90
2025-09-04 10:46:32 - PHP Notice:  Undefined variable: coa_level3_id in C:\xampp\htdocs\boot_store\admin\view\template\report\ledger_report.tpl on line 90
2025-09-04 10:46:32 - PHP Notice:  Undefined variable: coa_level3_id in C:\xampp\htdocs\boot_store\admin\view\template\report\ledger_report.tpl on line 90
2025-09-04 10:46:32 - PHP Notice:  Undefined variable: coa_level3_id in C:\xampp\htdocs\boot_store\admin\view\template\report\ledger_report.tpl on line 90
2025-09-04 10:46:32 - PHP Notice:  Undefined variable: coa_level3_id in C:\xampp\htdocs\boot_store\admin\view\template\report\ledger_report.tpl on line 90
2025-09-04 10:46:32 - PHP Notice:  Undefined variable: coa_level3_id in C:\xampp\htdocs\boot_store\admin\view\template\report\ledger_report.tpl on line 90
2025-09-04 10:46:32 - PHP Notice:  Undefined variable: coa_level3_id in C:\xampp\htdocs\boot_store\admin\view\template\report\ledger_report.tpl on line 90
2025-09-04 10:46:32 - PHP Notice:  Undefined variable: coa_level3_id in C:\xampp\htdocs\boot_store\admin\view\template\report\ledger_report.tpl on line 90
2025-09-04 10:46:32 - PHP Notice:  Undefined variable: coa_level3_id in C:\xampp\htdocs\boot_store\admin\view\template\report\ledger_report.tpl on line 90
2025-09-04 10:46:32 - PHP Notice:  Undefined variable: coa_level3_id in C:\xampp\htdocs\boot_store\admin\view\template\report\ledger_report.tpl on line 90
2025-09-04 10:46:32 - PHP Notice:  Undefined variable: coa_level3_id in C:\xampp\htdocs\boot_store\admin\view\template\report\ledger_report.tpl on line 90
2025-09-04 10:46:32 - PHP Notice:  Undefined variable: coa_level3_id in C:\xampp\htdocs\boot_store\admin\view\template\report\ledger_report.tpl on line 90
2025-09-04 10:46:32 - PHP Notice:  Undefined variable: coa_level3_id in C:\xampp\htdocs\boot_store\admin\view\template\report\ledger_report.tpl on line 90
2025-09-04 10:46:32 - PHP Notice:  Undefined variable: coa_level3_id in C:\xampp\htdocs\boot_store\admin\view\template\report\ledger_report.tpl on line 90
2025-09-04 10:46:32 - PHP Notice:  Undefined variable: coa_level3_id in C:\xampp\htdocs\boot_store\admin\view\template\report\ledger_report.tpl on line 90
2025-09-04 10:46:32 - PHP Notice:  Undefined variable: coa_level3_id in C:\xampp\htdocs\boot_store\admin\view\template\report\ledger_report.tpl on line 90
2025-09-04 10:46:32 - PHP Notice:  Undefined variable: coa_level3_id in C:\xampp\htdocs\boot_store\admin\view\template\report\ledger_report.tpl on line 90
2025-09-04 10:46:32 - PHP Notice:  Undefined variable: coa_level3_id in C:\xampp\htdocs\boot_store\admin\view\template\report\ledger_report.tpl on line 90
2025-09-04 10:46:32 - PHP Notice:  Undefined variable: coa_level3_id in C:\xampp\htdocs\boot_store\admin\view\template\report\ledger_report.tpl on line 90
2025-09-04 10:46:32 - PHP Notice:  Undefined variable: coa_level3_id in C:\xampp\htdocs\boot_store\admin\view\template\report\ledger_report.tpl on line 90
2025-09-04 10:46:32 - PHP Notice:  Undefined variable: coa_level3_id in C:\xampp\htdocs\boot_store\admin\view\template\report\ledger_report.tpl on line 90
2025-09-04 10:46:32 - PHP Notice:  Undefined variable: coa_level3_id in C:\xampp\htdocs\boot_store\admin\view\template\report\ledger_report.tpl on line 90
2025-09-04 10:46:32 - PHP Notice:  Undefined variable: coa_level3_id in C:\xampp\htdocs\boot_store\admin\view\template\report\ledger_report.tpl on line 90
2025-09-04 10:46:32 - PHP Notice:  Undefined variable: coa_level3_id in C:\xampp\htdocs\boot_store\admin\view\template\report\ledger_report.tpl on line 90
2025-09-04 10:46:32 - PHP Notice:  Undefined variable: coa_level3_id in C:\xampp\htdocs\boot_store\admin\view\template\report\ledger_report.tpl on line 90
2025-09-04 10:46:32 - PHP Notice:  Undefined variable: coa_level3_id in C:\xampp\htdocs\boot_store\admin\view\template\report\ledger_report.tpl on line 90
2025-09-04 10:46:32 - PHP Notice:  Undefined variable: coa_level3_id in C:\xampp\htdocs\boot_store\admin\view\template\report\ledger_report.tpl on line 90
2025-09-04 10:46:32 - PHP Notice:  Undefined variable: coa_level3_id in C:\xampp\htdocs\boot_store\admin\view\template\report\ledger_report.tpl on line 90
2025-09-04 10:46:32 - PHP Notice:  Undefined variable: coa_level3_id in C:\xampp\htdocs\boot_store\admin\view\template\report\ledger_report.tpl on line 90
2025-09-04 10:46:32 - PHP Notice:  Undefined variable: coa_level3_id in C:\xampp\htdocs\boot_store\admin\view\template\report\ledger_report.tpl on line 90
2025-09-04 10:46:32 - PHP Notice:  Undefined variable: coa_level3_id in C:\xampp\htdocs\boot_store\admin\view\template\report\ledger_report.tpl on line 90
2025-09-04 10:46:32 - PHP Notice:  Undefined variable: coa_level3_id in C:\xampp\htdocs\boot_store\admin\view\template\report\ledger_report.tpl on line 90
2025-09-04 10:46:32 - PHP Notice:  Undefined variable: coa_level3_id in C:\xampp\htdocs\boot_store\admin\view\template\report\ledger_report.tpl on line 90
2025-09-04 10:46:32 - PHP Notice:  Undefined variable: coa_level3_id in C:\xampp\htdocs\boot_store\admin\view\template\report\ledger_report.tpl on line 90
2025-09-04 10:46:32 - PHP Notice:  Undefined variable: coa_level3_id in C:\xampp\htdocs\boot_store\admin\view\template\report\ledger_report.tpl on line 90
2025-09-04 10:46:32 - PHP Notice:  Undefined variable: coa_level3_id in C:\xampp\htdocs\boot_store\admin\view\template\report\ledger_report.tpl on line 90
2025-09-04 10:46:32 - PHP Notice:  Undefined variable: coa_level3_id in C:\xampp\htdocs\boot_store\admin\view\template\report\ledger_report.tpl on line 90
2025-09-04 10:46:32 - PHP Notice:  Undefined variable: coa_level3_id in C:\xampp\htdocs\boot_store\admin\view\template\report\ledger_report.tpl on line 90
2025-09-04 10:46:32 - PHP Notice:  Undefined variable: coa_level3_id in C:\xampp\htdocs\boot_store\admin\view\template\report\ledger_report.tpl on line 90
2025-09-04 10:46:32 - PHP Notice:  Undefined variable: coa_level3_id in C:\xampp\htdocs\boot_store\admin\view\template\report\ledger_report.tpl on line 90
2025-09-04 10:46:32 - PHP Notice:  Undefined variable: coa_level3_id in C:\xampp\htdocs\boot_store\admin\view\template\report\ledger_report.tpl on line 90
2025-09-04 10:46:32 - PHP Notice:  Undefined variable: coa_level3_id in C:\xampp\htdocs\boot_store\admin\view\template\report\ledger_report.tpl on line 90
2025-09-04 10:46:32 - PHP Notice:  Undefined variable: coa_level3_id in C:\xampp\htdocs\boot_store\admin\view\template\report\ledger_report.tpl on line 90
2025-09-04 10:46:32 - PHP Notice:  Undefined variable: coa_level3_id in C:\xampp\htdocs\boot_store\admin\view\template\report\ledger_report.tpl on line 90
2025-09-04 10:46:32 - PHP Notice:  Undefined variable: coa_level3_id in C:\xampp\htdocs\boot_store\admin\view\template\report\ledger_report.tpl on line 90
2025-09-04 10:46:32 - PHP Notice:  Undefined variable: coa_level3_id in C:\xampp\htdocs\boot_store\admin\view\template\report\ledger_report.tpl on line 90
2025-09-04 10:46:32 - PHP Notice:  Undefined variable: coa_level3_id in C:\xampp\htdocs\boot_store\admin\view\template\report\ledger_report.tpl on line 90
2025-09-04 10:46:32 - PHP Notice:  Undefined variable: coa_level3_id in C:\xampp\htdocs\boot_store\admin\view\template\report\ledger_report.tpl on line 90
2025-09-04 10:46:32 - PHP Notice:  Undefined variable: coa_level3_id in C:\xampp\htdocs\boot_store\admin\view\template\report\ledger_report.tpl on line 90
2025-09-04 10:46:32 - PHP Notice:  Undefined variable: coa_level3_id in C:\xampp\htdocs\boot_store\admin\view\template\report\ledger_report.tpl on line 90
2025-09-04 10:46:32 - PHP Notice:  Undefined variable: coa_level3_id in C:\xampp\htdocs\boot_store\admin\view\template\report\ledger_report.tpl on line 90
2025-09-04 10:46:32 - PHP Notice:  Undefined variable: coa_level3_id in C:\xampp\htdocs\boot_store\admin\view\template\report\ledger_report.tpl on line 90
2025-09-04 10:46:32 - PHP Notice:  Undefined variable: coa_level3_id in C:\xampp\htdocs\boot_store\admin\view\template\report\ledger_report.tpl on line 90
2025-09-04 10:46:32 - PHP Notice:  Undefined variable: coa_level3_id in C:\xampp\htdocs\boot_store\admin\view\template\report\ledger_report.tpl on line 90
2025-09-04 10:46:32 - PHP Notice:  Undefined variable: coa_level3_id in C:\xampp\htdocs\boot_store\admin\view\template\report\ledger_report.tpl on line 90
2025-09-04 10:46:32 - PHP Notice:  Undefined variable: coa_level3_id in C:\xampp\htdocs\boot_store\admin\view\template\report\ledger_report.tpl on line 90
2025-09-04 10:46:32 - PHP Notice:  Undefined variable: coa_level3_id in C:\xampp\htdocs\boot_store\admin\view\template\report\ledger_report.tpl on line 90
2025-09-04 10:46:32 - PHP Notice:  Undefined variable: coa_level3_id in C:\xampp\htdocs\boot_store\admin\view\template\report\ledger_report.tpl on line 90
2025-09-04 10:46:32 - PHP Notice:  Undefined variable: coa_level3_id in C:\xampp\htdocs\boot_store\admin\view\template\report\ledger_report.tpl on line 90
2025-09-04 10:46:32 - PHP Notice:  Undefined variable: coa_level3_id in C:\xampp\htdocs\boot_store\admin\view\template\report\ledger_report.tpl on line 90
2025-09-04 10:46:32 - PHP Notice:  Undefined variable: coa_level3_id in C:\xampp\htdocs\boot_store\admin\view\template\report\ledger_report.tpl on line 90
2025-09-04 10:46:32 - PHP Notice:  Undefined variable: coa_level3_id in C:\xampp\htdocs\boot_store\admin\view\template\report\ledger_report.tpl on line 90
2025-09-04 10:46:32 - PHP Notice:  Undefined variable: coa_level3_id in C:\xampp\htdocs\boot_store\admin\view\template\report\ledger_report.tpl on line 90
2025-09-04 10:46:32 - PHP Notice:  Undefined variable: coa_level3_id in C:\xampp\htdocs\boot_store\admin\view\template\report\ledger_report.tpl on line 90
2025-09-04 10:46:32 - PHP Notice:  Undefined variable: coa_level3_id in C:\xampp\htdocs\boot_store\admin\view\template\report\ledger_report.tpl on line 90
2025-09-04 10:46:32 - PHP Notice:  Undefined variable: coa_level3_id in C:\xampp\htdocs\boot_store\admin\view\template\report\ledger_report.tpl on line 90
2025-09-04 10:46:32 - PHP Notice:  Undefined variable: coa_level3_id in C:\xampp\htdocs\boot_store\admin\view\template\report\ledger_report.tpl on line 90
2025-09-04 10:46:32 - PHP Notice:  Undefined variable: coa_level3_id in C:\xampp\htdocs\boot_store\admin\view\template\report\ledger_report.tpl on line 90
2025-09-04 10:46:32 - PHP Notice:  Undefined variable: coa_level3_id in C:\xampp\htdocs\boot_store\admin\view\template\report\ledger_report.tpl on line 90
2025-09-04 10:46:32 - PHP Notice:  Undefined variable: coa_level3_id in C:\xampp\htdocs\boot_store\admin\view\template\report\ledger_report.tpl on line 90
2025-09-04 10:46:32 - PHP Notice:  Undefined variable: coa_level3_id in C:\xampp\htdocs\boot_store\admin\view\template\report\ledger_report.tpl on line 90
2025-09-04 10:46:32 - PHP Notice:  Undefined variable: coa_level3_id in C:\xampp\htdocs\boot_store\admin\view\template\report\ledger_report.tpl on line 90
2025-09-04 10:46:32 - PHP Notice:  Undefined variable: coa_level3_id in C:\xampp\htdocs\boot_store\admin\view\template\report\ledger_report.tpl on line 90
2025-09-04 10:46:32 - PHP Notice:  Undefined variable: coa_level3_id in C:\xampp\htdocs\boot_store\admin\view\template\report\ledger_report.tpl on line 90
2025-09-04 10:46:32 - PHP Notice:  Undefined variable: coa_level3_id in C:\xampp\htdocs\boot_store\admin\view\template\report\ledger_report.tpl on line 90
2025-09-04 10:46:32 - PHP Notice:  Undefined variable: coa_level3_id in C:\xampp\htdocs\boot_store\admin\view\template\report\ledger_report.tpl on line 90
2025-09-04 10:46:32 - PHP Notice:  Undefined variable: coa_level3_id in C:\xampp\htdocs\boot_store\admin\view\template\report\ledger_report.tpl on line 90
2025-09-04 10:46:32 - PHP Notice:  Undefined variable: coa_level3_id in C:\xampp\htdocs\boot_store\admin\view\template\report\ledger_report.tpl on line 90
2025-09-04 10:46:32 - PHP Notice:  Undefined variable: coa_level3_id in C:\xampp\htdocs\boot_store\admin\view\template\report\ledger_report.tpl on line 90
2025-09-04 10:46:32 - PHP Notice:  Undefined variable: coa_level3_id in C:\xampp\htdocs\boot_store\admin\view\template\report\ledger_report.tpl on line 90
2025-09-04 10:46:32 - PHP Notice:  Undefined variable: coa_level3_id in C:\xampp\htdocs\boot_store\admin\view\template\report\ledger_report.tpl on line 90
2025-09-04 10:46:32 - PHP Notice:  Undefined variable: coa_level3_id in C:\xampp\htdocs\boot_store\admin\view\template\report\ledger_report.tpl on line 90
2025-09-04 10:46:32 - PHP Notice:  Undefined variable: coa_level3_id in C:\xampp\htdocs\boot_store\admin\view\template\report\ledger_report.tpl on line 90
2025-09-04 10:46:32 - PHP Notice:  Undefined variable: coa_level3_id in C:\xampp\htdocs\boot_store\admin\view\template\report\ledger_report.tpl on line 90
2025-09-04 10:46:32 - PHP Notice:  Undefined variable: coa_level3_id in C:\xampp\htdocs\boot_store\admin\view\template\report\ledger_report.tpl on line 90
2025-09-04 10:46:32 - PHP Notice:  Undefined variable: coa_level3_id in C:\xampp\htdocs\boot_store\admin\view\template\report\ledger_report.tpl on line 90
2025-09-04 10:46:32 - PHP Notice:  Undefined variable: coa_level3_id in C:\xampp\htdocs\boot_store\admin\view\template\report\ledger_report.tpl on line 90
2025-09-04 10:46:32 - PHP Notice:  Undefined variable: coa_level3_id in C:\xampp\htdocs\boot_store\admin\view\template\report\ledger_report.tpl on line 90
2025-09-04 10:46:32 - PHP Notice:  Undefined variable: coa_level3_id in C:\xampp\htdocs\boot_store\admin\view\template\report\ledger_report.tpl on line 90
2025-09-04 10:46:32 - PHP Notice:  Undefined variable: coa_level3_id in C:\xampp\htdocs\boot_store\admin\view\template\report\ledger_report.tpl on line 90
2025-09-04 10:46:32 - PHP Notice:  Undefined variable: coa_level3_id in C:\xampp\htdocs\boot_store\admin\view\template\report\ledger_report.tpl on line 90
2025-09-04 10:46:32 - PHP Notice:  Undefined variable: coa_level3_id in C:\xampp\htdocs\boot_store\admin\view\template\report\ledger_report.tpl on line 90
2025-09-04 10:46:32 - PHP Notice:  Undefined variable: coa_level3_id in C:\xampp\htdocs\boot_store\admin\view\template\report\ledger_report.tpl on line 90
2025-09-04 10:46:32 - PHP Notice:  Undefined variable: column_right in C:\xampp\htdocs\boot_store\admin\view\template\report\ledger_report.tpl on line 156
2025-09-04 10:46:37 - PHP Notice:  Undefined variable: href_gl_mapping_account in C:\xampp\htdocs\boot_store\admin\view\template\common\column_left.tpl on line 68
2025-09-04 10:46:37 - PHP Notice:  Undefined index: gl_mapping_account in C:\xampp\htdocs\boot_store\admin\view\template\common\column_left.tpl on line 68
2025-09-04 10:46:37 - PHP Notice:  Undefined variable: href_tool_dashboard in C:\xampp\htdocs\boot_store\admin\view\template\common\column_left.tpl on line 231
2025-09-04 10:46:37 - PHP Notice:  Undefined index: class in C:\xampp\htdocs\boot_store\admin\view\template\report\party_ledger.tpl on line 18
2025-09-04 10:46:37 - PHP Notice:  Undefined index: class in C:\xampp\htdocs\boot_store\admin\view\template\report\party_ledger.tpl on line 18
2025-09-04 10:46:37 - PHP Notice:  Undefined index: class in C:\xampp\htdocs\boot_store\admin\view\template\report\party_ledger.tpl on line 18
2025-09-04 10:46:37 - PHP Notice:  Undefined variable: column_right in C:\xampp\htdocs\boot_store\admin\view\template\report\party_ledger.tpl on line 172
2025-09-04 10:46:39 - PHP Notice:  Undefined variable: href_gl_mapping_account in C:\xampp\htdocs\boot_store\admin\view\template\common\column_left.tpl on line 68
2025-09-04 10:46:39 - PHP Notice:  Undefined index: gl_mapping_account in C:\xampp\htdocs\boot_store\admin\view\template\common\column_left.tpl on line 68
2025-09-04 10:46:39 - PHP Notice:  Undefined variable: href_tool_dashboard in C:\xampp\htdocs\boot_store\admin\view\template\common\column_left.tpl on line 231
2025-09-04 10:46:39 - PHP Notice:  Undefined index: class in C:\xampp\htdocs\boot_store\admin\view\template\report\income_statement.tpl on line 18
2025-09-04 10:46:39 - PHP Notice:  Undefined index: class in C:\xampp\htdocs\boot_store\admin\view\template\report\income_statement.tpl on line 18
2025-09-04 10:46:39 - PHP Notice:  Undefined index: class in C:\xampp\htdocs\boot_store\admin\view\template\report\income_statement.tpl on line 18
2025-09-04 10:46:39 - PHP Warning:  Use of undefined constant entry_from_date - assumed 'entry_from_date' (this will throw an Error in a future version of PHP) in C:\xampp\htdocs\boot_store\admin\view\template\report\income_statement.tpl on line 61
2025-09-04 10:46:39 - PHP Warning:  Use of undefined constant entry_to_date - assumed 'entry_to_date' (this will throw an Error in a future version of PHP) in C:\xampp\htdocs\boot_store\admin\view\template\report\income_statement.tpl on line 67
2025-09-04 10:46:39 - PHP Notice:  Undefined variable: column_right in C:\xampp\htdocs\boot_store\admin\view\template\report\income_statement.tpl on line 106
2025-09-04 10:46:54 - PHP Warning:  Declaration of ControllerGLModuleSetting::updateData($data) should be compatible with HController::updateData($primary_key, $data) in C:\xampp\htdocs\boot_store\admin\controller\gl\module_setting.php on line 92
2025-09-04 10:46:54 - PHP Notice:  Undefined index: school_id in C:\xampp\htdocs\boot_store\admin\controller\gl\module_setting.php on line 26
2025-09-04 10:46:55 - PHP Warning:  Declaration of ControllerGLModuleSetting::updateData($data) should be compatible with HController::updateData($primary_key, $data) in C:\xampp\htdocs\boot_store\admin\controller\gl\module_setting.php on line 92
2025-09-04 10:46:55 - PHP Notice:  Undefined index: setting_id in C:\xampp\htdocs\boot_store\system\engine\hcontroller.php on line 223
2025-09-04 10:46:55 - PHP Notice:  Undefined index: setting_id in C:\xampp\htdocs\boot_store\system\engine\hcontroller.php on line 224
2025-09-04 10:46:55 - PHP Notice:  Undefined variable: href_gl_mapping_account in C:\xampp\htdocs\boot_store\admin\view\template\common\column_left.tpl on line 68
2025-09-04 10:46:55 - PHP Notice:  Undefined index: gl_mapping_account in C:\xampp\htdocs\boot_store\admin\view\template\common\column_left.tpl on line 68
2025-09-04 10:46:55 - PHP Notice:  Undefined variable: href_tool_dashboard in C:\xampp\htdocs\boot_store\admin\view\template\common\column_left.tpl on line 231
2025-09-04 10:46:55 - PHP Notice:  Undefined index: class in C:\xampp\htdocs\boot_store\admin\view\template\gl\module_setting_form.tpl on line 18
2025-09-04 10:46:55 - PHP Notice:  Undefined index: class in C:\xampp\htdocs\boot_store\admin\view\template\gl\module_setting_form.tpl on line 18
2025-09-04 10:46:55 - PHP Notice:  Undefined index: class in C:\xampp\htdocs\boot_store\admin\view\template\gl\module_setting_form.tpl on line 18
2025-09-04 10:46:55 - PHP Notice:  Undefined variable: column_right in C:\xampp\htdocs\boot_store\admin\view\template\gl\module_setting_form.tpl on line 213
2025-09-04 10:46:56 - PHP Warning:  Declaration of ControllerGlCOALevel1::validateDelete() should be compatible with HController::validateDelete($id = '') in C:\xampp\htdocs\boot_store\admin\controller\gl\coa_level1.php on line 312
2025-09-04 10:46:56 - PHP Notice:  Undefined variable: href_gl_mapping_account in C:\xampp\htdocs\boot_store\admin\view\template\common\column_left.tpl on line 68
2025-09-04 10:46:56 - PHP Notice:  Undefined index: gl_mapping_account in C:\xampp\htdocs\boot_store\admin\view\template\common\column_left.tpl on line 68
2025-09-04 10:46:56 - PHP Notice:  Undefined variable: href_tool_dashboard in C:\xampp\htdocs\boot_store\admin\view\template\common\column_left.tpl on line 231
2025-09-04 10:46:56 - PHP Notice:  Undefined index: class in C:\xampp\htdocs\boot_store\admin\view\template\gl\coa_level1_list.tpl on line 19
2025-09-04 10:46:56 - PHP Notice:  Undefined index: class in C:\xampp\htdocs\boot_store\admin\view\template\gl\coa_level1_list.tpl on line 19
2025-09-04 10:46:56 - PHP Notice:  Undefined index: class in C:\xampp\htdocs\boot_store\admin\view\template\gl\coa_level1_list.tpl on line 19
2025-09-04 10:46:56 - PHP Notice:  Undefined variable: column_right in C:\xampp\htdocs\boot_store\admin\view\template\gl\coa_level1_list.tpl on line 76
2025-09-04 10:46:57 - PHP Warning:  Declaration of ControllerGlCOALevel1::validateDelete() should be compatible with HController::validateDelete($id = '') in C:\xampp\htdocs\boot_store\admin\controller\gl\coa_level1.php on line 312
2025-09-04 10:46:57 - PHP Notice:  Undefined index: lang in C:\xampp\htdocs\boot_store\admin\controller\gl\coa_level1.php on line 112
2025-09-04 10:46:57 - PHP Notice:  Trying to access array offset on value of type null in C:\xampp\htdocs\boot_store\admin\controller\gl\coa_level1.php on line 112
2025-09-04 10:46:57 - PHP Notice:  Undefined index: lang in C:\xampp\htdocs\boot_store\admin\controller\gl\coa_level1.php on line 119
2025-09-04 10:46:57 - PHP Notice:  Trying to access array offset on value of type null in C:\xampp\htdocs\boot_store\admin\controller\gl\coa_level1.php on line 119
2025-09-04 10:46:57 - PHP Notice:  Undefined index: is_post in C:\xampp\htdocs\boot_store\admin\controller\gl\coa_level1.php on line 144
2025-09-04 10:46:57 - PHP Notice:  Undefined index: lang in C:\xampp\htdocs\boot_store\admin\controller\gl\coa_level1.php on line 112
2025-09-04 10:46:57 - PHP Notice:  Trying to access array offset on value of type null in C:\xampp\htdocs\boot_store\admin\controller\gl\coa_level1.php on line 112
2025-09-04 10:46:57 - PHP Notice:  Undefined index: lang in C:\xampp\htdocs\boot_store\admin\controller\gl\coa_level1.php on line 119
2025-09-04 10:46:57 - PHP Notice:  Trying to access array offset on value of type null in C:\xampp\htdocs\boot_store\admin\controller\gl\coa_level1.php on line 119
2025-09-04 10:46:57 - PHP Notice:  Undefined index: is_post in C:\xampp\htdocs\boot_store\admin\controller\gl\coa_level1.php on line 144
2025-09-04 10:46:57 - PHP Notice:  Undefined index: lang in C:\xampp\htdocs\boot_store\admin\controller\gl\coa_level1.php on line 112
2025-09-04 10:46:57 - PHP Notice:  Trying to access array offset on value of type null in C:\xampp\htdocs\boot_store\admin\controller\gl\coa_level1.php on line 112
2025-09-04 10:46:57 - PHP Notice:  Undefined index: lang in C:\xampp\htdocs\boot_store\admin\controller\gl\coa_level1.php on line 119
2025-09-04 10:46:57 - PHP Notice:  Trying to access array offset on value of type null in C:\xampp\htdocs\boot_store\admin\controller\gl\coa_level1.php on line 119
2025-09-04 10:46:57 - PHP Notice:  Undefined index: is_post in C:\xampp\htdocs\boot_store\admin\controller\gl\coa_level1.php on line 144
2025-09-04 10:46:57 - PHP Notice:  Undefined index: lang in C:\xampp\htdocs\boot_store\admin\controller\gl\coa_level1.php on line 112
2025-09-04 10:46:57 - PHP Notice:  Trying to access array offset on value of type null in C:\xampp\htdocs\boot_store\admin\controller\gl\coa_level1.php on line 112
2025-09-04 10:46:57 - PHP Notice:  Undefined index: lang in C:\xampp\htdocs\boot_store\admin\controller\gl\coa_level1.php on line 119
2025-09-04 10:46:57 - PHP Notice:  Trying to access array offset on value of type null in C:\xampp\htdocs\boot_store\admin\controller\gl\coa_level1.php on line 119
2025-09-04 10:46:57 - PHP Notice:  Undefined index: is_post in C:\xampp\htdocs\boot_store\admin\controller\gl\coa_level1.php on line 144
2025-09-04 10:46:57 - PHP Notice:  Undefined index: lang in C:\xampp\htdocs\boot_store\admin\controller\gl\coa_level1.php on line 112
2025-09-04 10:46:57 - PHP Notice:  Trying to access array offset on value of type null in C:\xampp\htdocs\boot_store\admin\controller\gl\coa_level1.php on line 112
2025-09-04 10:46:57 - PHP Notice:  Undefined index: lang in C:\xampp\htdocs\boot_store\admin\controller\gl\coa_level1.php on line 119
2025-09-04 10:46:57 - PHP Notice:  Trying to access array offset on value of type null in C:\xampp\htdocs\boot_store\admin\controller\gl\coa_level1.php on line 119
2025-09-04 10:46:57 - PHP Notice:  Undefined index: is_post in C:\xampp\htdocs\boot_store\admin\controller\gl\coa_level1.php on line 144
2025-09-04 10:46:57 - PHP Notice:  Undefined index: lang in C:\xampp\htdocs\boot_store\admin\controller\gl\coa_level1.php on line 112
2025-09-04 10:46:57 - PHP Notice:  Trying to access array offset on value of type null in C:\xampp\htdocs\boot_store\admin\controller\gl\coa_level1.php on line 112
2025-09-04 10:46:57 - PHP Notice:  Undefined index: lang in C:\xampp\htdocs\boot_store\admin\controller\gl\coa_level1.php on line 119
2025-09-04 10:46:57 - PHP Notice:  Trying to access array offset on value of type null in C:\xampp\htdocs\boot_store\admin\controller\gl\coa_level1.php on line 119
2025-09-04 10:46:57 - PHP Notice:  Undefined index: is_post in C:\xampp\htdocs\boot_store\admin\controller\gl\coa_level1.php on line 144
2025-09-04 10:46:57 - PHP Notice:  Undefined index: lang in C:\xampp\htdocs\boot_store\admin\controller\gl\coa_level1.php on line 112
2025-09-04 10:46:57 - PHP Notice:  Trying to access array offset on value of type null in C:\xampp\htdocs\boot_store\admin\controller\gl\coa_level1.php on line 112
2025-09-04 10:46:57 - PHP Notice:  Undefined index: lang in C:\xampp\htdocs\boot_store\admin\controller\gl\coa_level1.php on line 119
2025-09-04 10:46:57 - PHP Notice:  Trying to access array offset on value of type null in C:\xampp\htdocs\boot_store\admin\controller\gl\coa_level1.php on line 119
2025-09-04 10:46:57 - PHP Notice:  Undefined index: is_post in C:\xampp\htdocs\boot_store\admin\controller\gl\coa_level1.php on line 144
2025-09-04 10:46:57 - PHP Notice:  Undefined index: lang in C:\xampp\htdocs\boot_store\admin\controller\gl\coa_level1.php on line 112
2025-09-04 10:46:57 - PHP Notice:  Trying to access array offset on value of type null in C:\xampp\htdocs\boot_store\admin\controller\gl\coa_level1.php on line 112
2025-09-04 10:46:57 - PHP Notice:  Undefined index: lang in C:\xampp\htdocs\boot_store\admin\controller\gl\coa_level1.php on line 119
2025-09-04 10:46:57 - PHP Notice:  Trying to access array offset on value of type null in C:\xampp\htdocs\boot_store\admin\controller\gl\coa_level1.php on line 119
2025-09-04 10:46:57 - PHP Notice:  Undefined index: is_post in C:\xampp\htdocs\boot_store\admin\controller\gl\coa_level1.php on line 144
2025-09-04 10:46:57 - PHP Notice:  Undefined index: lang in C:\xampp\htdocs\boot_store\admin\controller\gl\coa_level1.php on line 112
2025-09-04 10:46:57 - PHP Notice:  Trying to access array offset on value of type null in C:\xampp\htdocs\boot_store\admin\controller\gl\coa_level1.php on line 112
2025-09-04 10:46:57 - PHP Notice:  Undefined index: lang in C:\xampp\htdocs\boot_store\admin\controller\gl\coa_level1.php on line 119
2025-09-04 10:46:57 - PHP Notice:  Trying to access array offset on value of type null in C:\xampp\htdocs\boot_store\admin\controller\gl\coa_level1.php on line 119
2025-09-04 10:46:57 - PHP Notice:  Undefined index: is_post in C:\xampp\htdocs\boot_store\admin\controller\gl\coa_level1.php on line 144
2025-09-04 10:46:57 - PHP Notice:  Undefined index: lang in C:\xampp\htdocs\boot_store\admin\controller\gl\coa_level1.php on line 112
2025-09-04 10:46:57 - PHP Notice:  Trying to access array offset on value of type null in C:\xampp\htdocs\boot_store\admin\controller\gl\coa_level1.php on line 112
2025-09-04 10:46:57 - PHP Notice:  Undefined index: lang in C:\xampp\htdocs\boot_store\admin\controller\gl\coa_level1.php on line 119
2025-09-04 10:46:57 - PHP Notice:  Trying to access array offset on value of type null in C:\xampp\htdocs\boot_store\admin\controller\gl\coa_level1.php on line 119
2025-09-04 10:46:57 - PHP Notice:  Undefined index: is_post in C:\xampp\htdocs\boot_store\admin\controller\gl\coa_level1.php on line 144
2025-09-04 10:46:59 - PHP Warning:  Declaration of ControllerGlCOALevel1::validateDelete() should be compatible with HController::validateDelete($id = '') in C:\xampp\htdocs\boot_store\admin\controller\gl\coa_level1.php on line 312
2025-09-04 10:46:59 - PHP Notice:  Undefined index: coa_level1_id in C:\xampp\htdocs\boot_store\system\engine\hcontroller.php on line 223
2025-09-04 10:46:59 - PHP Notice:  Undefined index: coa_level1_id in C:\xampp\htdocs\boot_store\system\engine\hcontroller.php on line 224
2025-09-04 10:46:59 - PHP Notice:  Undefined index: coa_level1_id in C:\xampp\htdocs\boot_store\admin\controller\gl\coa_level1.php on line 180
2025-09-04 10:46:59 - PHP Notice:  Undefined index: coa_level1_id in C:\xampp\htdocs\boot_store\admin\controller\gl\coa_level1.php on line 183
2025-09-04 10:46:59 - PHP Notice:  Undefined index: coa_level1_id in C:\xampp\htdocs\boot_store\admin\controller\gl\coa_level1.php on line 184
2025-09-04 10:46:59 - PHP Notice:  Undefined variable: href_gl_mapping_account in C:\xampp\htdocs\boot_store\admin\view\template\common\column_left.tpl on line 68
2025-09-04 10:46:59 - PHP Notice:  Undefined index: gl_mapping_account in C:\xampp\htdocs\boot_store\admin\view\template\common\column_left.tpl on line 68
2025-09-04 10:46:59 - PHP Notice:  Undefined variable: href_tool_dashboard in C:\xampp\htdocs\boot_store\admin\view\template\common\column_left.tpl on line 231
2025-09-04 10:47:00 - PHP Notice:  Undefined index: class in C:\xampp\htdocs\boot_store\admin\view\template\gl\coa_level1_form.tpl on line 18
2025-09-04 10:47:00 - PHP Notice:  Undefined index: class in C:\xampp\htdocs\boot_store\admin\view\template\gl\coa_level1_form.tpl on line 18
2025-09-04 10:47:00 - PHP Notice:  Undefined index: class in C:\xampp\htdocs\boot_store\admin\view\template\gl\coa_level1_form.tpl on line 18
2025-09-04 10:47:00 - PHP Notice:  Undefined variable: action in C:\xampp\htdocs\boot_store\admin\view\template\gl\coa_level1_form.tpl on line 59
2025-09-04 10:47:00 - PHP Notice:  Undefined variable: isEdit in C:\xampp\htdocs\boot_store\admin\view\template\gl\coa_level1_form.tpl on line 64
2025-09-04 10:47:00 - PHP Notice:  Undefined variable: gl_type_id in C:\xampp\htdocs\boot_store\admin\view\template\gl\coa_level1_form.tpl on line 66
2025-09-04 10:47:00 - PHP Notice:  Undefined variable: gl_type_id in C:\xampp\htdocs\boot_store\admin\view\template\gl\coa_level1_form.tpl on line 66
2025-09-04 10:47:00 - PHP Notice:  Undefined variable: gl_type_id in C:\xampp\htdocs\boot_store\admin\view\template\gl\coa_level1_form.tpl on line 66
2025-09-04 10:47:00 - PHP Notice:  Undefined variable: gl_type_id in C:\xampp\htdocs\boot_store\admin\view\template\gl\coa_level1_form.tpl on line 66
2025-09-04 10:47:00 - PHP Notice:  Undefined variable: gl_type_id in C:\xampp\htdocs\boot_store\admin\view\template\gl\coa_level1_form.tpl on line 66
2025-09-04 10:47:00 - PHP Notice:  Undefined variable: isEdit in C:\xampp\htdocs\boot_store\admin\view\template\gl\coa_level1_form.tpl on line 72
2025-09-04 10:47:00 - PHP Notice:  Undefined variable: level1_code in C:\xampp\htdocs\boot_store\admin\view\template\gl\coa_level1_form.tpl on line 72
2025-09-04 10:47:00 - PHP Notice:  Undefined variable: name in C:\xampp\htdocs\boot_store\admin\view\template\gl\coa_level1_form.tpl on line 76
2025-09-04 10:47:00 - PHP Notice:  Undefined variable: column_right in C:\xampp\htdocs\boot_store\admin\view\template\gl\coa_level1_form.tpl on line 124
2025-09-04 10:47:00 - PHP Warning:  Declaration of ControllerGlCOALevel1::validateDelete() should be compatible with HController::validateDelete($id = '') in C:\xampp\htdocs\boot_store\admin\controller\gl\coa_level1.php on line 312
2025-09-04 10:47:03 - PHP Warning:  Declaration of ControllerGlCOALevel1::validateDelete() should be compatible with HController::validateDelete($id = '') in C:\xampp\htdocs\boot_store\admin\controller\gl\coa_level1.php on line 312
