2023-02-10 12:20:21 - PHP Notice:  Undefined index: db_name in C:\xampp\htdocs\php_milwa_trading\system\engine\hmodel.php on line 12
2023-02-10 12:20:21 - PHP Warning:  Invalid argument supplied for foreach() in C:\xampp\htdocs\php_milwa_trading\admin\view\template\common\preset.tpl on line 52
2023-02-10 12:20:22 - PHP Notice:  Undefined index: db_name in C:\xampp\htdocs\php_milwa_trading\system\engine\hmodel.php on line 12
2023-02-10 12:20:22 - PHP Notice:  Undefined index: case_id in C:\xampp\htdocs\php_milwa_trading\admin\controller\common\home.php on line 55
2023-02-10 12:20:22 - PHP Notice:  Undefined index: case_id in C:\xampp\htdocs\php_milwa_trading\admin\controller\common\home.php on line 56
2023-02-10 12:20:23 - PHP Notice:  Undefined variable: href_gl_mapping_account in C:\xampp\htdocs\php_milwa_trading\admin\view\template\common\column_left.tpl on line 68
2023-02-10 12:20:23 - PHP Notice:  Undefined index: gl_mapping_account in C:\xampp\htdocs\php_milwa_trading\admin\view\template\common\column_left.tpl on line 68
2023-02-10 12:20:23 - PHP Notice:  Undefined variable: href_tool_dashboard in C:\xampp\htdocs\php_milwa_trading\admin\view\template\common\column_left.tpl on line 231
2023-02-10 12:20:23 - PHP Notice:  Undefined variable: bank_receipts in C:\xampp\htdocs\php_milwa_trading\admin\view\template\common\home.tpl on line 258
2023-02-10 12:20:23 - PHP Warning:  Invalid argument supplied for foreach() in C:\xampp\htdocs\php_milwa_trading\admin\view\template\common\home.tpl on line 258
2023-02-10 12:20:25 - PHP Notice:  Undefined variable: href_gl_mapping_account in C:\xampp\htdocs\php_milwa_trading\admin\view\template\common\column_left.tpl on line 68
2023-02-10 12:20:25 - PHP Notice:  Undefined index: gl_mapping_account in C:\xampp\htdocs\php_milwa_trading\admin\view\template\common\column_left.tpl on line 68
2023-02-10 12:20:25 - PHP Notice:  Undefined variable: href_tool_dashboard in C:\xampp\htdocs\php_milwa_trading\admin\view\template\common\column_left.tpl on line 231
2023-02-10 12:20:26 - PHP Notice:  Undefined index: class in C:\xampp\htdocs\php_milwa_trading\admin\view\template\inventory\sale_tax_invoice_list.tpl on line 19
2023-02-10 12:20:26 - PHP Notice:  Undefined index: class in C:\xampp\htdocs\php_milwa_trading\admin\view\template\inventory\sale_tax_invoice_list.tpl on line 19
2023-02-10 12:20:26 - PHP Notice:  Undefined index: class in C:\xampp\htdocs\php_milwa_trading\admin\view\template\inventory\sale_tax_invoice_list.tpl on line 19
2023-02-10 12:20:26 - PHP Notice:  Undefined variable: column_right in C:\xampp\htdocs\php_milwa_trading\admin\view\template\inventory\sale_tax_invoice_list.tpl on line 79
2023-02-10 12:20:30 - PHP Warning:  Invalid argument supplied for foreach() in C:\xampp\htdocs\php_milwa_trading\admin\controller\inventory\sale_tax_invoice.php on line 2199
2023-02-10 12:20:30 - PHP Warning:  chr() expects parameter 1 to be int, string given in C:\xampp\htdocs\php_milwa_trading\system\library\tcpdf\include\tcpdf_fonts.php on line 1671
2023-02-10 12:20:30 - PHP Notice:  Undefined index: company_branch_id in C:\xampp\htdocs\php_milwa_trading\admin\controller\inventory\sale_tax_invoice.php on line 3378
2023-02-10 12:20:30 - PHP Notice:  Undefined offset: 0 in C:\xampp\htdocs\php_milwa_trading\system\helper\utility.php on line 420
2023-02-10 12:20:30 - PHP Notice:  Undefined offset: 2 in C:\xampp\htdocs\php_milwa_trading\admin\controller\inventory\sale_tax_invoice.php on line 2341
2023-02-10 12:20:30 - PHP Notice:  Undefined offset: 0 in C:\xampp\htdocs\php_milwa_trading\system\helper\utility.php on line 420
2023-02-10 12:20:33 - PHP Warning:  Invalid argument supplied for foreach() in C:\xampp\htdocs\php_milwa_trading\admin\view\template\common\preset.tpl on line 52
2023-02-10 12:20:38 - PHP Notice:  Undefined index: case_id in C:\xampp\htdocs\php_milwa_trading\admin\controller\common\home.php on line 55
2023-02-10 12:20:38 - PHP Notice:  Undefined index: case_id in C:\xampp\htdocs\php_milwa_trading\admin\controller\common\home.php on line 56
2023-02-10 12:20:38 - PHP Notice:  Undefined variable: href_gl_mapping_account in C:\xampp\htdocs\php_milwa_trading\admin\view\template\common\column_left.tpl on line 68
2023-02-10 12:20:38 - PHP Notice:  Undefined index: gl_mapping_account in C:\xampp\htdocs\php_milwa_trading\admin\view\template\common\column_left.tpl on line 68
2023-02-10 12:20:38 - PHP Notice:  Undefined variable: href_tool_dashboard in C:\xampp\htdocs\php_milwa_trading\admin\view\template\common\column_left.tpl on line 231
2023-02-10 12:20:38 - PHP Notice:  Undefined variable: bank_receipts in C:\xampp\htdocs\php_milwa_trading\admin\view\template\common\home.tpl on line 258
2023-02-10 12:20:38 - PHP Warning:  Invalid argument supplied for foreach() in C:\xampp\htdocs\php_milwa_trading\admin\view\template\common\home.tpl on line 258
2023-02-10 12:20:43 - PHP Notice:  Undefined variable: href_gl_mapping_account in C:\xampp\htdocs\php_milwa_trading\admin\view\template\common\column_left.tpl on line 68
2023-02-10 12:20:43 - PHP Notice:  Undefined index: gl_mapping_account in C:\xampp\htdocs\php_milwa_trading\admin\view\template\common\column_left.tpl on line 68
2023-02-10 12:20:43 - PHP Notice:  Undefined variable: href_tool_dashboard in C:\xampp\htdocs\php_milwa_trading\admin\view\template\common\column_left.tpl on line 231
2023-02-10 12:20:43 - PHP Notice:  Undefined index: class in C:\xampp\htdocs\php_milwa_trading\admin\view\template\inventory\sale_tax_invoice_list.tpl on line 19
2023-02-10 12:20:43 - PHP Notice:  Undefined index: class in C:\xampp\htdocs\php_milwa_trading\admin\view\template\inventory\sale_tax_invoice_list.tpl on line 19
2023-02-10 12:20:43 - PHP Notice:  Undefined index: class in C:\xampp\htdocs\php_milwa_trading\admin\view\template\inventory\sale_tax_invoice_list.tpl on line 19
2023-02-10 12:20:43 - PHP Notice:  Undefined variable: column_right in C:\xampp\htdocs\php_milwa_trading\admin\view\template\inventory\sale_tax_invoice_list.tpl on line 79
2023-02-10 12:20:45 - PHP Warning:  Invalid argument supplied for foreach() in C:\xampp\htdocs\php_milwa_trading\admin\controller\inventory\sale_tax_invoice.php on line 2199
2023-02-10 12:20:45 - PHP Warning:  chr() expects parameter 1 to be int, string given in C:\xampp\htdocs\php_milwa_trading\system\library\tcpdf\include\tcpdf_fonts.php on line 1671
2023-02-10 12:20:45 - PHP Notice:  Undefined index: company_branch_id in C:\xampp\htdocs\php_milwa_trading\admin\controller\inventory\sale_tax_invoice.php on line 3297
2023-02-10 12:20:45 - PHP Notice:  Undefined index: company_branch_id in C:\xampp\htdocs\php_milwa_trading\admin\controller\inventory\sale_tax_invoice.php on line 3378
2023-02-10 12:20:45 - PHP Notice:  Undefined offset: 0 in C:\xampp\htdocs\php_milwa_trading\system\helper\utility.php on line 420
2023-02-10 12:20:45 - PHP Notice:  Undefined offset: 1 in C:\xampp\htdocs\php_milwa_trading\admin\controller\inventory\sale_tax_invoice.php on line 2374
2023-02-10 12:20:45 - PHP Notice:  Undefined offset: 0 in C:\xampp\htdocs\php_milwa_trading\system\helper\utility.php on line 329
2023-02-10 12:20:45 - PHP Notice:  Undefined offset: 1 in C:\xampp\htdocs\php_milwa_trading\system\helper\utility.php on line 337
2023-02-10 12:20:45 - PHP Notice:  Undefined offset: 1 in C:\xampp\htdocs\php_milwa_trading\system\helper\utility.php on line 338
2023-02-10 12:28:47 - PHP Warning:  Invalid argument supplied for foreach() in C:\xampp\htdocs\php_milwa_trading\admin\controller\inventory\sale_tax_invoice.php on line 2199
2023-02-10 12:28:47 - PHP Warning:  chr() expects parameter 1 to be int, string given in C:\xampp\htdocs\php_milwa_trading\system\library\tcpdf\include\tcpdf_fonts.php on line 1671
2023-02-10 12:28:47 - PHP Notice:  Undefined index: company_branch_id in C:\xampp\htdocs\php_milwa_trading\admin\controller\inventory\sale_tax_invoice.php on line 3297
2023-02-10 12:28:47 - PHP Notice:  Undefined index: company_branch_id in C:\xampp\htdocs\php_milwa_trading\admin\controller\inventory\sale_tax_invoice.php on line 3378
2023-02-10 12:28:47 - PHP Notice:  Undefined offset: 0 in C:\xampp\htdocs\php_milwa_trading\system\helper\utility.php on line 420
2023-02-10 12:28:47 - PHP Notice:  Undefined offset: 1 in C:\xampp\htdocs\php_milwa_trading\admin\controller\inventory\sale_tax_invoice.php on line 2374
2023-02-10 12:28:47 - PHP Notice:  Undefined offset: 0 in C:\xampp\htdocs\php_milwa_trading\system\helper\utility.php on line 329
2023-02-10 12:28:47 - PHP Notice:  Undefined offset: 1 in C:\xampp\htdocs\php_milwa_trading\system\helper\utility.php on line 337
2023-02-10 12:28:47 - PHP Notice:  Undefined offset: 1 in C:\xampp\htdocs\php_milwa_trading\system\helper\utility.php on line 338
2023-02-10 12:29:03 - PHP Warning:  Invalid argument supplied for foreach() in C:\xampp\htdocs\php_milwa_trading\admin\controller\inventory\sale_tax_invoice.php on line 2199
2023-02-10 12:29:03 - PHP Warning:  chr() expects parameter 1 to be int, string given in C:\xampp\htdocs\php_milwa_trading\system\library\tcpdf\include\tcpdf_fonts.php on line 1671
2023-02-10 12:29:03 - PHP Notice:  Undefined index: company_branch_id in C:\xampp\htdocs\php_milwa_trading\admin\controller\inventory\sale_tax_invoice.php on line 3297
2023-02-10 12:29:03 - PHP Notice:  Undefined index: company_branch_id in C:\xampp\htdocs\php_milwa_trading\admin\controller\inventory\sale_tax_invoice.php on line 3378
2023-02-10 12:29:03 - PHP Notice:  Undefined offset: 0 in C:\xampp\htdocs\php_milwa_trading\system\helper\utility.php on line 420
2023-02-10 12:29:03 - PHP Notice:  Undefined offset: 1 in C:\xampp\htdocs\php_milwa_trading\admin\controller\inventory\sale_tax_invoice.php on line 2374
2023-02-10 12:29:03 - PHP Notice:  Undefined offset: 0 in C:\xampp\htdocs\php_milwa_trading\system\helper\utility.php on line 329
2023-02-10 12:29:03 - PHP Notice:  Undefined offset: 1 in C:\xampp\htdocs\php_milwa_trading\system\helper\utility.php on line 337
2023-02-10 12:29:03 - PHP Notice:  Undefined offset: 1 in C:\xampp\htdocs\php_milwa_trading\system\helper\utility.php on line 338
2023-02-10 12:35:54 - PHP Warning:  Invalid argument supplied for foreach() in C:\xampp\htdocs\php_milwa_trading\admin\view\template\common\preset.tpl on line 52
2023-02-10 12:35:56 - PHP Notice:  Undefined index: case_id in C:\xampp\htdocs\php_milwa_trading\admin\controller\common\home.php on line 55
2023-02-10 12:35:56 - PHP Notice:  Undefined index: case_id in C:\xampp\htdocs\php_milwa_trading\admin\controller\common\home.php on line 56
2023-02-10 12:35:56 - PHP Notice:  Undefined variable: href_gl_mapping_account in C:\xampp\htdocs\php_milwa_trading\admin\view\template\common\column_left.tpl on line 68
2023-02-10 12:35:56 - PHP Notice:  Undefined index: gl_mapping_account in C:\xampp\htdocs\php_milwa_trading\admin\view\template\common\column_left.tpl on line 68
2023-02-10 12:35:56 - PHP Notice:  Undefined variable: href_tool_dashboard in C:\xampp\htdocs\php_milwa_trading\admin\view\template\common\column_left.tpl on line 231
2023-02-10 12:35:56 - PHP Notice:  Undefined variable: bank_receipts in C:\xampp\htdocs\php_milwa_trading\admin\view\template\common\home.tpl on line 258
2023-02-10 12:35:56 - PHP Warning:  Invalid argument supplied for foreach() in C:\xampp\htdocs\php_milwa_trading\admin\view\template\common\home.tpl on line 258
2023-02-10 12:35:59 - PHP Warning:  Declaration of ControllerInventoryPurchaseOrder::validateDelete() should be compatible with HController::validateDelete($id = '') in C:\xampp\htdocs\php_milwa_trading\admin\controller\inventory\purchase_order.php on line 362
2023-02-10 12:35:59 - PHP Notice:  Undefined variable: href_gl_mapping_account in C:\xampp\htdocs\php_milwa_trading\admin\view\template\common\column_left.tpl on line 68
2023-02-10 12:35:59 - PHP Notice:  Undefined index: gl_mapping_account in C:\xampp\htdocs\php_milwa_trading\admin\view\template\common\column_left.tpl on line 68
2023-02-10 12:35:59 - PHP Notice:  Undefined variable: href_tool_dashboard in C:\xampp\htdocs\php_milwa_trading\admin\view\template\common\column_left.tpl on line 231
2023-02-10 12:35:59 - PHP Notice:  Undefined index: class in C:\xampp\htdocs\php_milwa_trading\admin\view\template\inventory\purchase_order_list.tpl on line 19
2023-02-10 12:35:59 - PHP Notice:  Undefined index: class in C:\xampp\htdocs\php_milwa_trading\admin\view\template\inventory\purchase_order_list.tpl on line 19
2023-02-10 12:35:59 - PHP Notice:  Undefined index: class in C:\xampp\htdocs\php_milwa_trading\admin\view\template\inventory\purchase_order_list.tpl on line 19
2023-02-10 12:35:59 - PHP Notice:  Undefined variable: column_right in C:\xampp\htdocs\php_milwa_trading\admin\view\template\inventory\purchase_order_list.tpl on line 76
2023-02-10 12:36:00 - PHP Warning:  Declaration of ControllerInventoryPurchaseOrder::validateDelete() should be compatible with HController::validateDelete($id = '') in C:\xampp\htdocs\php_milwa_trading\admin\controller\inventory\purchase_order.php on line 362
2023-02-10 12:36:03 - PHP Notice:  Undefined variable: href_gl_mapping_account in C:\xampp\htdocs\php_milwa_trading\admin\view\template\common\column_left.tpl on line 68
2023-02-10 12:36:03 - PHP Notice:  Undefined index: gl_mapping_account in C:\xampp\htdocs\php_milwa_trading\admin\view\template\common\column_left.tpl on line 68
2023-02-10 12:36:03 - PHP Notice:  Undefined variable: href_tool_dashboard in C:\xampp\htdocs\php_milwa_trading\admin\view\template\common\column_left.tpl on line 231
2023-02-10 12:36:03 - PHP Notice:  Undefined index: class in C:\xampp\htdocs\php_milwa_trading\admin\view\template\inventory\purchase_invoice_list.tpl on line 19
2023-02-10 12:36:03 - PHP Notice:  Undefined index: class in C:\xampp\htdocs\php_milwa_trading\admin\view\template\inventory\purchase_invoice_list.tpl on line 19
2023-02-10 12:36:03 - PHP Notice:  Undefined index: class in C:\xampp\htdocs\php_milwa_trading\admin\view\template\inventory\purchase_invoice_list.tpl on line 19
2023-02-10 12:36:03 - PHP Notice:  Undefined variable: column_right in C:\xampp\htdocs\php_milwa_trading\admin\view\template\inventory\purchase_invoice_list.tpl on line 78
2023-02-10 12:36:07 - PHP Notice:  Undefined index: product_id in C:\xampp\htdocs\php_milwa_trading\admin\controller\inventory\purchase_invoice.php on line 208
2023-02-10 12:36:07 - PHP Notice:  Undefined variable: href_gl_mapping_account in C:\xampp\htdocs\php_milwa_trading\admin\view\template\common\column_left.tpl on line 68
2023-02-10 12:36:07 - PHP Notice:  Undefined index: gl_mapping_account in C:\xampp\htdocs\php_milwa_trading\admin\view\template\common\column_left.tpl on line 68
2023-02-10 12:36:07 - PHP Notice:  Undefined variable: href_tool_dashboard in C:\xampp\htdocs\php_milwa_trading\admin\view\template\common\column_left.tpl on line 231
2023-02-10 12:36:07 - PHP Notice:  Undefined index: class in C:\xampp\htdocs\php_milwa_trading\admin\view\template\inventory\purchase_invoice_form.tpl on line 19
2023-02-10 12:36:07 - PHP Notice:  Undefined index: class in C:\xampp\htdocs\php_milwa_trading\admin\view\template\inventory\purchase_invoice_form.tpl on line 19
2023-02-10 12:36:07 - PHP Notice:  Undefined index: class in C:\xampp\htdocs\php_milwa_trading\admin\view\template\inventory\purchase_invoice_form.tpl on line 19
2023-02-10 12:36:07 - PHP Notice:  Undefined variable: action in C:\xampp\htdocs\php_milwa_trading\admin\view\template\inventory\purchase_invoice_form.tpl on line 80
2023-02-10 12:36:07 - PHP Notice:  Undefined index: payment_type in C:\xampp\htdocs\php_milwa_trading\admin\view\template\inventory\purchase_invoice_form.tpl on line 86
2023-02-10 12:36:07 - PHP Notice:  Undefined variable: payment_type in C:\xampp\htdocs\php_milwa_trading\admin\view\template\inventory\purchase_invoice_form.tpl on line 91
2023-02-10 12:36:07 - PHP Notice:  Undefined variable: payment_type in C:\xampp\htdocs\php_milwa_trading\admin\view\template\inventory\purchase_invoice_form.tpl on line 99
2023-02-10 12:36:07 - PHP Notice:  Undefined index: href in C:\xampp\htdocs\php_milwa_trading\admin\view\template\inventory\purchase_invoice_form.tpl on line 284
2023-02-10 12:36:07 - PHP Notice:  Undefined variable: net_unit_cost_master in C:\xampp\htdocs\php_milwa_trading\admin\view\template\inventory\purchase_invoice_form.tpl on line 442
2023-02-10 12:36:07 - PHP Notice:  Undefined variable: products in C:\xampp\htdocs\php_milwa_trading\admin\view\template\inventory\purchase_invoice_form.tpl on line 600
2023-02-10 12:36:07 - PHP Notice:  Undefined variable: sales_tax_adjustable_account in C:\xampp\htdocs\php_milwa_trading\admin\view\template\inventory\purchase_invoice_form.tpl on line 605
2023-02-10 12:36:07 - PHP Notice:  Undefined variable: column_right in C:\xampp\htdocs\php_milwa_trading\admin\view\template\inventory\purchase_invoice_form.tpl on line 721
2023-02-10 12:36:15 - PHP Notice:  Undefined variable: href_gl_mapping_account in C:\xampp\htdocs\php_milwa_trading\admin\view\template\common\column_left.tpl on line 68
2023-02-10 12:36:15 - PHP Notice:  Undefined index: gl_mapping_account in C:\xampp\htdocs\php_milwa_trading\admin\view\template\common\column_left.tpl on line 68
2023-02-10 12:36:15 - PHP Notice:  Undefined variable: href_tool_dashboard in C:\xampp\htdocs\php_milwa_trading\admin\view\template\common\column_left.tpl on line 231
2023-02-10 12:36:15 - PHP Notice:  Undefined index: class in C:\xampp\htdocs\php_milwa_trading\admin\view\template\inventory\purchase_invoice_list.tpl on line 19
2023-02-10 12:36:15 - PHP Notice:  Undefined index: class in C:\xampp\htdocs\php_milwa_trading\admin\view\template\inventory\purchase_invoice_list.tpl on line 19
2023-02-10 12:36:15 - PHP Notice:  Undefined index: class in C:\xampp\htdocs\php_milwa_trading\admin\view\template\inventory\purchase_invoice_list.tpl on line 19
2023-02-10 12:36:15 - PHP Notice:  Undefined variable: column_right in C:\xampp\htdocs\php_milwa_trading\admin\view\template\inventory\purchase_invoice_list.tpl on line 78
2023-02-10 12:36:16 - PHP Notice:  Undefined index: product_id in C:\xampp\htdocs\php_milwa_trading\admin\controller\inventory\purchase_invoice.php on line 208
2023-02-10 12:36:16 - PHP Notice:  Undefined variable: href_gl_mapping_account in C:\xampp\htdocs\php_milwa_trading\admin\view\template\common\column_left.tpl on line 68
2023-02-10 12:36:16 - PHP Notice:  Undefined index: gl_mapping_account in C:\xampp\htdocs\php_milwa_trading\admin\view\template\common\column_left.tpl on line 68
2023-02-10 12:36:16 - PHP Notice:  Undefined variable: href_tool_dashboard in C:\xampp\htdocs\php_milwa_trading\admin\view\template\common\column_left.tpl on line 231
2023-02-10 12:36:16 - PHP Notice:  Undefined index: class in C:\xampp\htdocs\php_milwa_trading\admin\view\template\inventory\purchase_invoice_form.tpl on line 19
2023-02-10 12:36:16 - PHP Notice:  Undefined index: class in C:\xampp\htdocs\php_milwa_trading\admin\view\template\inventory\purchase_invoice_form.tpl on line 19
2023-02-10 12:36:16 - PHP Notice:  Undefined index: class in C:\xampp\htdocs\php_milwa_trading\admin\view\template\inventory\purchase_invoice_form.tpl on line 19
2023-02-10 12:36:16 - PHP Notice:  Undefined variable: action in C:\xampp\htdocs\php_milwa_trading\admin\view\template\inventory\purchase_invoice_form.tpl on line 80
2023-02-10 12:36:16 - PHP Notice:  Undefined index: payment_type in C:\xampp\htdocs\php_milwa_trading\admin\view\template\inventory\purchase_invoice_form.tpl on line 86
2023-02-10 12:36:16 - PHP Notice:  Undefined variable: payment_type in C:\xampp\htdocs\php_milwa_trading\admin\view\template\inventory\purchase_invoice_form.tpl on line 91
2023-02-10 12:36:16 - PHP Notice:  Undefined variable: payment_type in C:\xampp\htdocs\php_milwa_trading\admin\view\template\inventory\purchase_invoice_form.tpl on line 99
2023-02-10 12:36:16 - PHP Notice:  Undefined index: href in C:\xampp\htdocs\php_milwa_trading\admin\view\template\inventory\purchase_invoice_form.tpl on line 284
2023-02-10 12:36:16 - PHP Notice:  Undefined index: href in C:\xampp\htdocs\php_milwa_trading\admin\view\template\inventory\purchase_invoice_form.tpl on line 284
2023-02-10 12:36:16 - PHP Notice:  Undefined index: href in C:\xampp\htdocs\php_milwa_trading\admin\view\template\inventory\purchase_invoice_form.tpl on line 284
2023-02-10 12:36:16 - PHP Notice:  Undefined index: href in C:\xampp\htdocs\php_milwa_trading\admin\view\template\inventory\purchase_invoice_form.tpl on line 284
2023-02-10 12:36:16 - PHP Notice:  Undefined index: href in C:\xampp\htdocs\php_milwa_trading\admin\view\template\inventory\purchase_invoice_form.tpl on line 284
2023-02-10 12:36:16 - PHP Notice:  Undefined index: href in C:\xampp\htdocs\php_milwa_trading\admin\view\template\inventory\purchase_invoice_form.tpl on line 284
2023-02-10 12:36:16 - PHP Notice:  Undefined index: href in C:\xampp\htdocs\php_milwa_trading\admin\view\template\inventory\purchase_invoice_form.tpl on line 284
2023-02-10 12:36:16 - PHP Notice:  Undefined index: href in C:\xampp\htdocs\php_milwa_trading\admin\view\template\inventory\purchase_invoice_form.tpl on line 284
2023-02-10 12:36:16 - PHP Notice:  Undefined index: href in C:\xampp\htdocs\php_milwa_trading\admin\view\template\inventory\purchase_invoice_form.tpl on line 284
2023-02-10 12:36:16 - PHP Notice:  Undefined index: href in C:\xampp\htdocs\php_milwa_trading\admin\view\template\inventory\purchase_invoice_form.tpl on line 284
2023-02-10 12:36:16 - PHP Notice:  Undefined index: href in C:\xampp\htdocs\php_milwa_trading\admin\view\template\inventory\purchase_invoice_form.tpl on line 284
2023-02-10 12:36:16 - PHP Notice:  Undefined index: href in C:\xampp\htdocs\php_milwa_trading\admin\view\template\inventory\purchase_invoice_form.tpl on line 284
2023-02-10 12:36:16 - PHP Notice:  Undefined variable: net_unit_cost_master in C:\xampp\htdocs\php_milwa_trading\admin\view\template\inventory\purchase_invoice_form.tpl on line 442
2023-02-10 12:36:16 - PHP Notice:  Undefined variable: products in C:\xampp\htdocs\php_milwa_trading\admin\view\template\inventory\purchase_invoice_form.tpl on line 600
2023-02-10 12:36:16 - PHP Notice:  Undefined variable: sales_tax_adjustable_account in C:\xampp\htdocs\php_milwa_trading\admin\view\template\inventory\purchase_invoice_form.tpl on line 605
2023-02-10 12:36:16 - PHP Notice:  Undefined variable: column_right in C:\xampp\htdocs\php_milwa_trading\admin\view\template\inventory\purchase_invoice_form.tpl on line 721
