2022-11-03 9:08:33 - PHP Notice:  Undefined variable: href_gl_mapping_account in C:\xampp\htdocs\php_milwa_trading\admin\view\template\common\column_left.tpl on line 66
2022-11-03 9:08:33 - PHP Notice:  Undefined index: gl_mapping_account in C:\xampp\htdocs\php_milwa_trading\admin\view\template\common\column_left.tpl on line 66
2022-11-03 9:08:33 - PHP Notice:  Undefined variable: href_tool_dashboard in C:\xampp\htdocs\php_milwa_trading\admin\view\template\common\column_left.tpl on line 229
2022-11-03 9:08:33 - PHP Notice:  Undefined index: class in C:\xampp\htdocs\php_milwa_trading\admin\view\template\inventory\sale_tax_invoice_list.tpl on line 19
2022-11-03 9:08:33 - PHP Notice:  Undefined index: class in C:\xampp\htdocs\php_milwa_trading\admin\view\template\inventory\sale_tax_invoice_list.tpl on line 19
2022-11-03 9:08:33 - PHP Notice:  Undefined index: class in C:\xampp\htdocs\php_milwa_trading\admin\view\template\inventory\sale_tax_invoice_list.tpl on line 19
2022-11-03 9:08:33 - PHP Notice:  Undefined variable: column_right in C:\xampp\htdocs\php_milwa_trading\admin\view\template\inventory\sale_tax_invoice_list.tpl on line 79
2022-11-03 9:10:26 - PHP Notice:  Undefined variable: href_gl_mapping_account in C:\xampp\htdocs\php_milwa_trading\admin\view\template\common\column_left.tpl on line 66
2022-11-03 9:10:26 - PHP Notice:  Undefined index: gl_mapping_account in C:\xampp\htdocs\php_milwa_trading\admin\view\template\common\column_left.tpl on line 66
2022-11-03 9:10:26 - PHP Notice:  Undefined variable: href_tool_dashboard in C:\xampp\htdocs\php_milwa_trading\admin\view\template\common\column_left.tpl on line 229
2022-11-03 9:10:26 - PHP Notice:  Undefined index: class in C:\xampp\htdocs\php_milwa_trading\admin\view\template\inventory\sale_tax_invoice_list.tpl on line 19
2022-11-03 9:10:26 - PHP Notice:  Undefined index: class in C:\xampp\htdocs\php_milwa_trading\admin\view\template\inventory\sale_tax_invoice_list.tpl on line 19
2022-11-03 9:10:26 - PHP Notice:  Undefined index: class in C:\xampp\htdocs\php_milwa_trading\admin\view\template\inventory\sale_tax_invoice_list.tpl on line 19
2022-11-03 9:10:26 - PHP Notice:  Undefined variable: column_right in C:\xampp\htdocs\php_milwa_trading\admin\view\template\inventory\sale_tax_invoice_list.tpl on line 79
2022-11-03 9:31:06 - PHP Notice:  Undefined variable: href_gl_mapping_account in C:\xampp\htdocs\php_milwa_trading\admin\view\template\common\column_left.tpl on line 66
2022-11-03 9:31:06 - PHP Notice:  Undefined index: gl_mapping_account in C:\xampp\htdocs\php_milwa_trading\admin\view\template\common\column_left.tpl on line 66
2022-11-03 9:31:06 - PHP Notice:  Undefined variable: href_tool_dashboard in C:\xampp\htdocs\php_milwa_trading\admin\view\template\common\column_left.tpl on line 229
2022-11-03 9:31:06 - PHP Notice:  Undefined index: class in C:\xampp\htdocs\php_milwa_trading\admin\view\template\inventory\sale_tax_invoice_list.tpl on line 19
2022-11-03 9:31:07 - PHP Notice:  Undefined index: class in C:\xampp\htdocs\php_milwa_trading\admin\view\template\inventory\sale_tax_invoice_list.tpl on line 19
2022-11-03 9:31:07 - PHP Notice:  Undefined index: class in C:\xampp\htdocs\php_milwa_trading\admin\view\template\inventory\sale_tax_invoice_list.tpl on line 19
2022-11-03 9:31:07 - PHP Notice:  Undefined variable: column_right in C:\xampp\htdocs\php_milwa_trading\admin\view\template\inventory\sale_tax_invoice_list.tpl on line 79
