2023-05-04 10:25:26 - PHP Notice:  Undefined index: db_name in C:\xampp\htdocs\php_milwa_trading\system\engine\hmodel.php on line 12
2023-05-04 10:25:26 - PHP Warning:  Invalid argument supplied for foreach() in C:\xampp\htdocs\php_milwa_trading\admin\view\template\common\preset.tpl on line 52
2023-05-04 10:25:27 - PHP Notice:  Undefined index: db_name in C:\xampp\htdocs\php_milwa_trading\system\engine\hmodel.php on line 12
2023-05-04 10:25:28 - PHP Notice:  Undefined index: case_id in C:\xampp\htdocs\php_milwa_trading\admin\controller\common\home.php on line 55
2023-05-04 10:25:28 - PHP Notice:  Undefined index: case_id in C:\xampp\htdocs\php_milwa_trading\admin\controller\common\home.php on line 56
2023-05-04 10:25:29 - PHP Notice:  Undefined variable: href_gl_mapping_account in C:\xampp\htdocs\php_milwa_trading\admin\view\template\common\column_left.tpl on line 68
2023-05-04 10:25:29 - PHP Notice:  Undefined index: gl_mapping_account in C:\xampp\htdocs\php_milwa_trading\admin\view\template\common\column_left.tpl on line 68
2023-05-04 10:25:29 - PHP Notice:  Undefined variable: href_tool_dashboard in C:\xampp\htdocs\php_milwa_trading\admin\view\template\common\column_left.tpl on line 231
2023-05-04 10:25:29 - PHP Notice:  Undefined variable: bank_receipts in C:\xampp\htdocs\php_milwa_trading\admin\view\template\common\home.tpl on line 258
2023-05-04 10:25:29 - PHP Warning:  Invalid argument supplied for foreach() in C:\xampp\htdocs\php_milwa_trading\admin\view\template\common\home.tpl on line 258
2023-05-04 10:25:33 - PHP Warning:  Declaration of ControllerGLModuleSetting::updateData($data) should be compatible with HController::updateData($primary_key, $data) in C:\xampp\htdocs\php_milwa_trading\admin\controller\gl\module_setting.php on line 92
2023-05-04 10:25:33 - PHP Notice:  Undefined index: school_id in C:\xampp\htdocs\php_milwa_trading\admin\controller\gl\module_setting.php on line 26
2023-05-04 10:25:34 - PHP Warning:  Declaration of ControllerGLModuleSetting::updateData($data) should be compatible with HController::updateData($primary_key, $data) in C:\xampp\htdocs\php_milwa_trading\admin\controller\gl\module_setting.php on line 92
2023-05-04 10:25:34 - PHP Notice:  Undefined index: setting_id in C:\xampp\htdocs\php_milwa_trading\system\engine\hcontroller.php on line 223
2023-05-04 10:25:34 - PHP Notice:  Undefined index: setting_id in C:\xampp\htdocs\php_milwa_trading\system\engine\hcontroller.php on line 224
2023-05-04 10:25:34 - PHP Notice:  Undefined variable: href_gl_mapping_account in C:\xampp\htdocs\php_milwa_trading\admin\view\template\common\column_left.tpl on line 68
2023-05-04 10:25:34 - PHP Notice:  Undefined index: gl_mapping_account in C:\xampp\htdocs\php_milwa_trading\admin\view\template\common\column_left.tpl on line 68
2023-05-04 10:25:34 - PHP Notice:  Undefined variable: href_tool_dashboard in C:\xampp\htdocs\php_milwa_trading\admin\view\template\common\column_left.tpl on line 231
2023-05-04 10:25:34 - PHP Notice:  Undefined index: class in C:\xampp\htdocs\php_milwa_trading\admin\view\template\gl\module_setting_form.tpl on line 18
2023-05-04 10:25:34 - PHP Notice:  Undefined index: class in C:\xampp\htdocs\php_milwa_trading\admin\view\template\gl\module_setting_form.tpl on line 18
2023-05-04 10:25:34 - PHP Notice:  Undefined index: class in C:\xampp\htdocs\php_milwa_trading\admin\view\template\gl\module_setting_form.tpl on line 18
2023-05-04 10:25:34 - PHP Notice:  Undefined variable: withholding_tax_account_id_receipt in C:\xampp\htdocs\php_milwa_trading\admin\view\template\gl\module_setting_form.tpl on line 104
2023-05-04 10:25:34 - PHP Notice:  Undefined variable: withholding_tax_account_id_receipt in C:\xampp\htdocs\php_milwa_trading\admin\view\template\gl\module_setting_form.tpl on line 104
2023-05-04 10:25:34 - PHP Notice:  Undefined variable: withholding_tax_account_id_receipt in C:\xampp\htdocs\php_milwa_trading\admin\view\template\gl\module_setting_form.tpl on line 104
2023-05-04 10:25:34 - PHP Notice:  Undefined variable: withholding_tax_account_id_receipt in C:\xampp\htdocs\php_milwa_trading\admin\view\template\gl\module_setting_form.tpl on line 104
2023-05-04 10:25:34 - PHP Notice:  Undefined variable: withholding_tax_account_id_receipt in C:\xampp\htdocs\php_milwa_trading\admin\view\template\gl\module_setting_form.tpl on line 104
2023-05-04 10:25:34 - PHP Notice:  Undefined variable: withholding_tax_account_id_receipt in C:\xampp\htdocs\php_milwa_trading\admin\view\template\gl\module_setting_form.tpl on line 104
2023-05-04 10:25:34 - PHP Notice:  Undefined variable: withholding_tax_account_id_receipt in C:\xampp\htdocs\php_milwa_trading\admin\view\template\gl\module_setting_form.tpl on line 104
2023-05-04 10:25:34 - PHP Notice:  Undefined variable: withholding_tax_account_id_receipt in C:\xampp\htdocs\php_milwa_trading\admin\view\template\gl\module_setting_form.tpl on line 104
2023-05-04 10:25:34 - PHP Notice:  Undefined variable: withholding_tax_account_id_receipt in C:\xampp\htdocs\php_milwa_trading\admin\view\template\gl\module_setting_form.tpl on line 104
2023-05-04 10:25:34 - PHP Notice:  Undefined variable: withholding_tax_account_id_receipt in C:\xampp\htdocs\php_milwa_trading\admin\view\template\gl\module_setting_form.tpl on line 104
2023-05-04 10:25:34 - PHP Notice:  Undefined variable: withholding_tax_account_id_receipt in C:\xampp\htdocs\php_milwa_trading\admin\view\template\gl\module_setting_form.tpl on line 104
2023-05-04 10:25:34 - PHP Notice:  Undefined variable: withholding_tax_account_id_receipt in C:\xampp\htdocs\php_milwa_trading\admin\view\template\gl\module_setting_form.tpl on line 104
2023-05-04 10:25:34 - PHP Notice:  Undefined variable: withholding_tax_account_id_receipt in C:\xampp\htdocs\php_milwa_trading\admin\view\template\gl\module_setting_form.tpl on line 104
2023-05-04 10:25:34 - PHP Notice:  Undefined variable: withholding_tax_account_id_receipt in C:\xampp\htdocs\php_milwa_trading\admin\view\template\gl\module_setting_form.tpl on line 104
2023-05-04 10:25:34 - PHP Notice:  Undefined variable: withholding_tax_account_id_receipt in C:\xampp\htdocs\php_milwa_trading\admin\view\template\gl\module_setting_form.tpl on line 104
2023-05-04 10:25:34 - PHP Notice:  Undefined variable: withholding_tax_account_id_receipt in C:\xampp\htdocs\php_milwa_trading\admin\view\template\gl\module_setting_form.tpl on line 104
2023-05-04 10:25:34 - PHP Notice:  Undefined variable: withholding_tax_account_id_receipt in C:\xampp\htdocs\php_milwa_trading\admin\view\template\gl\module_setting_form.tpl on line 104
2023-05-04 10:25:34 - PHP Notice:  Undefined variable: withholding_tax_account_id_receipt in C:\xampp\htdocs\php_milwa_trading\admin\view\template\gl\module_setting_form.tpl on line 104
2023-05-04 10:25:34 - PHP Notice:  Undefined variable: withholding_tax_account_id_receipt in C:\xampp\htdocs\php_milwa_trading\admin\view\template\gl\module_setting_form.tpl on line 104
2023-05-04 10:25:34 - PHP Notice:  Undefined variable: withholding_tax_account_id_receipt in C:\xampp\htdocs\php_milwa_trading\admin\view\template\gl\module_setting_form.tpl on line 104
2023-05-04 10:25:34 - PHP Notice:  Undefined variable: withholding_tax_account_id_receipt in C:\xampp\htdocs\php_milwa_trading\admin\view\template\gl\module_setting_form.tpl on line 104
2023-05-04 10:25:34 - PHP Notice:  Undefined variable: withholding_tax_account_id_receipt in C:\xampp\htdocs\php_milwa_trading\admin\view\template\gl\module_setting_form.tpl on line 104
2023-05-04 10:25:34 - PHP Notice:  Undefined variable: withholding_tax_account_id_receipt in C:\xampp\htdocs\php_milwa_trading\admin\view\template\gl\module_setting_form.tpl on line 104
2023-05-04 10:25:34 - PHP Notice:  Undefined variable: withholding_tax_account_id_receipt in C:\xampp\htdocs\php_milwa_trading\admin\view\template\gl\module_setting_form.tpl on line 104
2023-05-04 10:25:34 - PHP Notice:  Undefined variable: withholding_tax_account_id_receipt in C:\xampp\htdocs\php_milwa_trading\admin\view\template\gl\module_setting_form.tpl on line 104
2023-05-04 10:25:34 - PHP Notice:  Undefined variable: withholding_tax_account_id_receipt in C:\xampp\htdocs\php_milwa_trading\admin\view\template\gl\module_setting_form.tpl on line 104
2023-05-04 10:25:34 - PHP Notice:  Undefined variable: withholding_tax_account_id_receipt in C:\xampp\htdocs\php_milwa_trading\admin\view\template\gl\module_setting_form.tpl on line 104
2023-05-04 10:25:34 - PHP Notice:  Undefined variable: withholding_tax_account_id_receipt in C:\xampp\htdocs\php_milwa_trading\admin\view\template\gl\module_setting_form.tpl on line 104
2023-05-04 10:25:34 - PHP Notice:  Undefined variable: withholding_tax_account_id_receipt in C:\xampp\htdocs\php_milwa_trading\admin\view\template\gl\module_setting_form.tpl on line 104
2023-05-04 10:25:34 - PHP Notice:  Undefined variable: withholding_tax_account_id_receipt in C:\xampp\htdocs\php_milwa_trading\admin\view\template\gl\module_setting_form.tpl on line 104
2023-05-04 10:25:34 - PHP Notice:  Undefined variable: withholding_tax_account_id_receipt in C:\xampp\htdocs\php_milwa_trading\admin\view\template\gl\module_setting_form.tpl on line 104
2023-05-04 10:25:34 - PHP Notice:  Undefined variable: withholding_tax_account_id_receipt in C:\xampp\htdocs\php_milwa_trading\admin\view\template\gl\module_setting_form.tpl on line 104
2023-05-04 10:25:34 - PHP Notice:  Undefined variable: withholding_tax_account_id_receipt in C:\xampp\htdocs\php_milwa_trading\admin\view\template\gl\module_setting_form.tpl on line 104
2023-05-04 10:25:34 - PHP Notice:  Undefined variable: withholding_tax_account_id_receipt in C:\xampp\htdocs\php_milwa_trading\admin\view\template\gl\module_setting_form.tpl on line 104
2023-05-04 10:25:34 - PHP Notice:  Undefined variable: withholding_tax_account_id_receipt in C:\xampp\htdocs\php_milwa_trading\admin\view\template\gl\module_setting_form.tpl on line 104
2023-05-04 10:25:34 - PHP Notice:  Undefined variable: withholding_tax_account_id_receipt in C:\xampp\htdocs\php_milwa_trading\admin\view\template\gl\module_setting_form.tpl on line 104
2023-05-04 10:25:34 - PHP Notice:  Undefined variable: withholding_tax_account_id_receipt in C:\xampp\htdocs\php_milwa_trading\admin\view\template\gl\module_setting_form.tpl on line 104
2023-05-04 10:25:34 - PHP Notice:  Undefined variable: withholding_tax_account_id_receipt in C:\xampp\htdocs\php_milwa_trading\admin\view\template\gl\module_setting_form.tpl on line 104
2023-05-04 10:25:34 - PHP Notice:  Undefined variable: withholding_tax_account_id_receipt in C:\xampp\htdocs\php_milwa_trading\admin\view\template\gl\module_setting_form.tpl on line 104
2023-05-04 10:25:34 - PHP Notice:  Undefined variable: withholding_tax_account_id_receipt in C:\xampp\htdocs\php_milwa_trading\admin\view\template\gl\module_setting_form.tpl on line 104
2023-05-04 10:25:34 - PHP Notice:  Undefined variable: withholding_tax_account_id_receipt in C:\xampp\htdocs\php_milwa_trading\admin\view\template\gl\module_setting_form.tpl on line 104
2023-05-04 10:25:34 - PHP Notice:  Undefined variable: withholding_tax_account_id_receipt in C:\xampp\htdocs\php_milwa_trading\admin\view\template\gl\module_setting_form.tpl on line 104
2023-05-04 10:25:34 - PHP Notice:  Undefined variable: withholding_tax_account_id_receipt in C:\xampp\htdocs\php_milwa_trading\admin\view\template\gl\module_setting_form.tpl on line 104
2023-05-04 10:25:34 - PHP Notice:  Undefined variable: withholding_tax_account_id_receipt in C:\xampp\htdocs\php_milwa_trading\admin\view\template\gl\module_setting_form.tpl on line 104
2023-05-04 10:25:34 - PHP Notice:  Undefined variable: withholding_tax_account_id_receipt in C:\xampp\htdocs\php_milwa_trading\admin\view\template\gl\module_setting_form.tpl on line 104
2023-05-04 10:25:34 - PHP Notice:  Undefined variable: withholding_tax_account_id_receipt in C:\xampp\htdocs\php_milwa_trading\admin\view\template\gl\module_setting_form.tpl on line 104
2023-05-04 10:25:34 - PHP Notice:  Undefined variable: withholding_tax_account_id_receipt in C:\xampp\htdocs\php_milwa_trading\admin\view\template\gl\module_setting_form.tpl on line 104
2023-05-04 10:25:34 - PHP Notice:  Undefined variable: withholding_tax_account_id_receipt in C:\xampp\htdocs\php_milwa_trading\admin\view\template\gl\module_setting_form.tpl on line 104
2023-05-04 10:25:34 - PHP Notice:  Undefined variable: withholding_tax_account_id_receipt in C:\xampp\htdocs\php_milwa_trading\admin\view\template\gl\module_setting_form.tpl on line 104
2023-05-04 10:25:34 - PHP Notice:  Undefined variable: withholding_tax_account_id_receipt in C:\xampp\htdocs\php_milwa_trading\admin\view\template\gl\module_setting_form.tpl on line 104
2023-05-04 10:25:34 - PHP Notice:  Undefined variable: withholding_tax_account_id_receipt in C:\xampp\htdocs\php_milwa_trading\admin\view\template\gl\module_setting_form.tpl on line 104
2023-05-04 10:25:34 - PHP Notice:  Undefined variable: withholding_tax_account_id_receipt in C:\xampp\htdocs\php_milwa_trading\admin\view\template\gl\module_setting_form.tpl on line 104
2023-05-04 10:25:34 - PHP Notice:  Undefined variable: withholding_tax_account_id_receipt in C:\xampp\htdocs\php_milwa_trading\admin\view\template\gl\module_setting_form.tpl on line 104
2023-05-04 10:25:34 - PHP Notice:  Undefined variable: withholding_tax_account_id_receipt in C:\xampp\htdocs\php_milwa_trading\admin\view\template\gl\module_setting_form.tpl on line 104
2023-05-04 10:25:34 - PHP Notice:  Undefined variable: withholding_tax_account_id_receipt in C:\xampp\htdocs\php_milwa_trading\admin\view\template\gl\module_setting_form.tpl on line 104
2023-05-04 10:25:34 - PHP Notice:  Undefined variable: withholding_tax_account_id_receipt in C:\xampp\htdocs\php_milwa_trading\admin\view\template\gl\module_setting_form.tpl on line 104
2023-05-04 10:25:34 - PHP Notice:  Undefined variable: withholding_tax_account_id_receipt in C:\xampp\htdocs\php_milwa_trading\admin\view\template\gl\module_setting_form.tpl on line 104
2023-05-04 10:25:34 - PHP Notice:  Undefined variable: withholding_tax_account_id_receipt in C:\xampp\htdocs\php_milwa_trading\admin\view\template\gl\module_setting_form.tpl on line 104
2023-05-04 10:25:34 - PHP Notice:  Undefined variable: withholding_tax_account_id_receipt in C:\xampp\htdocs\php_milwa_trading\admin\view\template\gl\module_setting_form.tpl on line 104
2023-05-04 10:25:34 - PHP Notice:  Undefined variable: withholding_tax_account_id_receipt in C:\xampp\htdocs\php_milwa_trading\admin\view\template\gl\module_setting_form.tpl on line 104
2023-05-04 10:25:34 - PHP Notice:  Undefined variable: withholding_tax_account_id_receipt in C:\xampp\htdocs\php_milwa_trading\admin\view\template\gl\module_setting_form.tpl on line 104
2023-05-04 10:25:34 - PHP Notice:  Undefined variable: withholding_tax_account_id_receipt in C:\xampp\htdocs\php_milwa_trading\admin\view\template\gl\module_setting_form.tpl on line 104
2023-05-04 10:25:34 - PHP Notice:  Undefined variable: withholding_tax_account_id_receipt in C:\xampp\htdocs\php_milwa_trading\admin\view\template\gl\module_setting_form.tpl on line 104
2023-05-04 10:25:34 - PHP Notice:  Undefined variable: withholding_tax_account_id_receipt in C:\xampp\htdocs\php_milwa_trading\admin\view\template\gl\module_setting_form.tpl on line 104
2023-05-04 10:25:34 - PHP Notice:  Undefined variable: withholding_tax_account_id_receipt in C:\xampp\htdocs\php_milwa_trading\admin\view\template\gl\module_setting_form.tpl on line 104
2023-05-04 10:25:34 - PHP Notice:  Undefined variable: withholding_tax_account_id_receipt in C:\xampp\htdocs\php_milwa_trading\admin\view\template\gl\module_setting_form.tpl on line 104
2023-05-04 10:25:34 - PHP Notice:  Undefined variable: withholding_tax_account_id_receipt in C:\xampp\htdocs\php_milwa_trading\admin\view\template\gl\module_setting_form.tpl on line 104
2023-05-04 10:25:34 - PHP Notice:  Undefined variable: withholding_tax_account_id_receipt in C:\xampp\htdocs\php_milwa_trading\admin\view\template\gl\module_setting_form.tpl on line 104
2023-05-04 10:25:34 - PHP Notice:  Undefined variable: withholding_tax_account_id_receipt in C:\xampp\htdocs\php_milwa_trading\admin\view\template\gl\module_setting_form.tpl on line 104
2023-05-04 10:25:34 - PHP Notice:  Undefined variable: withholding_tax_account_id_receipt in C:\xampp\htdocs\php_milwa_trading\admin\view\template\gl\module_setting_form.tpl on line 104
2023-05-04 10:25:34 - PHP Notice:  Undefined variable: withholding_tax_account_id_receipt in C:\xampp\htdocs\php_milwa_trading\admin\view\template\gl\module_setting_form.tpl on line 104
2023-05-04 10:25:34 - PHP Notice:  Undefined variable: withholding_tax_account_id_receipt in C:\xampp\htdocs\php_milwa_trading\admin\view\template\gl\module_setting_form.tpl on line 104
2023-05-04 10:25:34 - PHP Notice:  Undefined variable: withholding_tax_account_id_receipt in C:\xampp\htdocs\php_milwa_trading\admin\view\template\gl\module_setting_form.tpl on line 104
2023-05-04 10:25:34 - PHP Notice:  Undefined variable: withholding_tax_account_id_receipt in C:\xampp\htdocs\php_milwa_trading\admin\view\template\gl\module_setting_form.tpl on line 104
2023-05-04 10:25:34 - PHP Notice:  Undefined variable: withholding_tax_account_id_receipt in C:\xampp\htdocs\php_milwa_trading\admin\view\template\gl\module_setting_form.tpl on line 104
2023-05-04 10:25:34 - PHP Notice:  Undefined variable: withholding_tax_account_id_receipt in C:\xampp\htdocs\php_milwa_trading\admin\view\template\gl\module_setting_form.tpl on line 104
2023-05-04 10:25:34 - PHP Notice:  Undefined variable: withholding_tax_account_id_receipt in C:\xampp\htdocs\php_milwa_trading\admin\view\template\gl\module_setting_form.tpl on line 104
2023-05-04 10:25:34 - PHP Notice:  Undefined variable: withholding_tax_account_id_receipt in C:\xampp\htdocs\php_milwa_trading\admin\view\template\gl\module_setting_form.tpl on line 104
2023-05-04 10:25:34 - PHP Notice:  Undefined variable: withholding_tax_account_id_receipt in C:\xampp\htdocs\php_milwa_trading\admin\view\template\gl\module_setting_form.tpl on line 104
2023-05-04 10:25:34 - PHP Notice:  Undefined variable: withholding_tax_account_id_receipt in C:\xampp\htdocs\php_milwa_trading\admin\view\template\gl\module_setting_form.tpl on line 104
2023-05-04 10:25:34 - PHP Notice:  Undefined variable: withholding_tax_account_id_receipt in C:\xampp\htdocs\php_milwa_trading\admin\view\template\gl\module_setting_form.tpl on line 104
2023-05-04 10:25:34 - PHP Notice:  Undefined variable: withholding_tax_account_id_receipt in C:\xampp\htdocs\php_milwa_trading\admin\view\template\gl\module_setting_form.tpl on line 104
2023-05-04 10:25:34 - PHP Notice:  Undefined variable: withholding_tax_account_id_receipt in C:\xampp\htdocs\php_milwa_trading\admin\view\template\gl\module_setting_form.tpl on line 104
2023-05-04 10:25:34 - PHP Notice:  Undefined variable: withholding_tax_account_id_receipt in C:\xampp\htdocs\php_milwa_trading\admin\view\template\gl\module_setting_form.tpl on line 104
2023-05-04 10:25:34 - PHP Notice:  Undefined variable: withholding_tax_account_id_receipt in C:\xampp\htdocs\php_milwa_trading\admin\view\template\gl\module_setting_form.tpl on line 104
2023-05-04 10:25:34 - PHP Notice:  Undefined variable: withholding_tax_account_id_receipt in C:\xampp\htdocs\php_milwa_trading\admin\view\template\gl\module_setting_form.tpl on line 104
2023-05-04 10:25:34 - PHP Notice:  Undefined variable: withholding_tax_account_id_receipt in C:\xampp\htdocs\php_milwa_trading\admin\view\template\gl\module_setting_form.tpl on line 104
2023-05-04 10:25:34 - PHP Notice:  Undefined variable: withholding_tax_account_id_receipt in C:\xampp\htdocs\php_milwa_trading\admin\view\template\gl\module_setting_form.tpl on line 104
2023-05-04 10:25:34 - PHP Notice:  Undefined variable: withholding_tax_account_id_receipt in C:\xampp\htdocs\php_milwa_trading\admin\view\template\gl\module_setting_form.tpl on line 104
2023-05-04 10:25:34 - PHP Notice:  Undefined variable: withholding_tax_account_id_receipt in C:\xampp\htdocs\php_milwa_trading\admin\view\template\gl\module_setting_form.tpl on line 104
2023-05-04 10:25:34 - PHP Notice:  Undefined variable: withholding_tax_account_id_receipt in C:\xampp\htdocs\php_milwa_trading\admin\view\template\gl\module_setting_form.tpl on line 104
2023-05-04 10:25:34 - PHP Notice:  Undefined variable: withholding_tax_account_id_receipt in C:\xampp\htdocs\php_milwa_trading\admin\view\template\gl\module_setting_form.tpl on line 104
2023-05-04 10:25:34 - PHP Notice:  Undefined variable: withholding_tax_account_id_receipt in C:\xampp\htdocs\php_milwa_trading\admin\view\template\gl\module_setting_form.tpl on line 104
2023-05-04 10:25:34 - PHP Notice:  Undefined variable: withholding_tax_account_id_receipt in C:\xampp\htdocs\php_milwa_trading\admin\view\template\gl\module_setting_form.tpl on line 104
2023-05-04 10:25:34 - PHP Notice:  Undefined variable: withholding_tax_account_id_receipt in C:\xampp\htdocs\php_milwa_trading\admin\view\template\gl\module_setting_form.tpl on line 104
2023-05-04 10:25:35 - PHP Notice:  Undefined variable: withholding_tax_account_id_receipt in C:\xampp\htdocs\php_milwa_trading\admin\view\template\gl\module_setting_form.tpl on line 104
2023-05-04 10:25:35 - PHP Notice:  Undefined variable: withholding_tax_account_id_receipt in C:\xampp\htdocs\php_milwa_trading\admin\view\template\gl\module_setting_form.tpl on line 104
2023-05-04 10:25:35 - PHP Notice:  Undefined variable: withholding_tax_account_id_receipt in C:\xampp\htdocs\php_milwa_trading\admin\view\template\gl\module_setting_form.tpl on line 104
2023-05-04 10:25:35 - PHP Notice:  Undefined variable: withholding_tax_account_id_receipt in C:\xampp\htdocs\php_milwa_trading\admin\view\template\gl\module_setting_form.tpl on line 104
2023-05-04 10:25:35 - PHP Notice:  Undefined variable: withholding_tax_account_id_receipt in C:\xampp\htdocs\php_milwa_trading\admin\view\template\gl\module_setting_form.tpl on line 104
2023-05-04 10:25:35 - PHP Notice:  Undefined variable: withholding_tax_account_id_receipt in C:\xampp\htdocs\php_milwa_trading\admin\view\template\gl\module_setting_form.tpl on line 104
2023-05-04 10:25:35 - PHP Notice:  Undefined variable: withholding_tax_account_id_receipt in C:\xampp\htdocs\php_milwa_trading\admin\view\template\gl\module_setting_form.tpl on line 104
2023-05-04 10:25:35 - PHP Notice:  Undefined variable: withholding_tax_account_id_receipt in C:\xampp\htdocs\php_milwa_trading\admin\view\template\gl\module_setting_form.tpl on line 104
2023-05-04 10:25:35 - PHP Notice:  Undefined variable: withholding_tax_account_id_receipt in C:\xampp\htdocs\php_milwa_trading\admin\view\template\gl\module_setting_form.tpl on line 104
2023-05-04 10:25:35 - PHP Notice:  Undefined variable: withholding_tax_account_id_receipt in C:\xampp\htdocs\php_milwa_trading\admin\view\template\gl\module_setting_form.tpl on line 104
2023-05-04 10:25:35 - PHP Notice:  Undefined variable: withholding_tax_account_id_receipt in C:\xampp\htdocs\php_milwa_trading\admin\view\template\gl\module_setting_form.tpl on line 104
2023-05-04 10:25:35 - PHP Notice:  Undefined variable: other_tax_account_id_receipt in C:\xampp\htdocs\php_milwa_trading\admin\view\template\gl\module_setting_form.tpl on line 131
2023-05-04 10:25:35 - PHP Notice:  Undefined variable: other_tax_account_id_receipt in C:\xampp\htdocs\php_milwa_trading\admin\view\template\gl\module_setting_form.tpl on line 131
2023-05-04 10:25:35 - PHP Notice:  Undefined variable: other_tax_account_id_receipt in C:\xampp\htdocs\php_milwa_trading\admin\view\template\gl\module_setting_form.tpl on line 131
2023-05-04 10:25:35 - PHP Notice:  Undefined variable: other_tax_account_id_receipt in C:\xampp\htdocs\php_milwa_trading\admin\view\template\gl\module_setting_form.tpl on line 131
2023-05-04 10:25:35 - PHP Notice:  Undefined variable: other_tax_account_id_receipt in C:\xampp\htdocs\php_milwa_trading\admin\view\template\gl\module_setting_form.tpl on line 131
2023-05-04 10:25:35 - PHP Notice:  Undefined variable: other_tax_account_id_receipt in C:\xampp\htdocs\php_milwa_trading\admin\view\template\gl\module_setting_form.tpl on line 131
2023-05-04 10:25:35 - PHP Notice:  Undefined variable: other_tax_account_id_receipt in C:\xampp\htdocs\php_milwa_trading\admin\view\template\gl\module_setting_form.tpl on line 131
2023-05-04 10:25:35 - PHP Notice:  Undefined variable: other_tax_account_id_receipt in C:\xampp\htdocs\php_milwa_trading\admin\view\template\gl\module_setting_form.tpl on line 131
2023-05-04 10:25:35 - PHP Notice:  Undefined variable: other_tax_account_id_receipt in C:\xampp\htdocs\php_milwa_trading\admin\view\template\gl\module_setting_form.tpl on line 131
2023-05-04 10:25:35 - PHP Notice:  Undefined variable: other_tax_account_id_receipt in C:\xampp\htdocs\php_milwa_trading\admin\view\template\gl\module_setting_form.tpl on line 131
2023-05-04 10:25:35 - PHP Notice:  Undefined variable: other_tax_account_id_receipt in C:\xampp\htdocs\php_milwa_trading\admin\view\template\gl\module_setting_form.tpl on line 131
2023-05-04 10:25:35 - PHP Notice:  Undefined variable: other_tax_account_id_receipt in C:\xampp\htdocs\php_milwa_trading\admin\view\template\gl\module_setting_form.tpl on line 131
2023-05-04 10:25:35 - PHP Notice:  Undefined variable: other_tax_account_id_receipt in C:\xampp\htdocs\php_milwa_trading\admin\view\template\gl\module_setting_form.tpl on line 131
2023-05-04 10:25:35 - PHP Notice:  Undefined variable: other_tax_account_id_receipt in C:\xampp\htdocs\php_milwa_trading\admin\view\template\gl\module_setting_form.tpl on line 131
2023-05-04 10:25:35 - PHP Notice:  Undefined variable: other_tax_account_id_receipt in C:\xampp\htdocs\php_milwa_trading\admin\view\template\gl\module_setting_form.tpl on line 131
2023-05-04 10:25:35 - PHP Notice:  Undefined variable: other_tax_account_id_receipt in C:\xampp\htdocs\php_milwa_trading\admin\view\template\gl\module_setting_form.tpl on line 131
2023-05-04 10:25:35 - PHP Notice:  Undefined variable: other_tax_account_id_receipt in C:\xampp\htdocs\php_milwa_trading\admin\view\template\gl\module_setting_form.tpl on line 131
2023-05-04 10:25:35 - PHP Notice:  Undefined variable: other_tax_account_id_receipt in C:\xampp\htdocs\php_milwa_trading\admin\view\template\gl\module_setting_form.tpl on line 131
2023-05-04 10:25:35 - PHP Notice:  Undefined variable: other_tax_account_id_receipt in C:\xampp\htdocs\php_milwa_trading\admin\view\template\gl\module_setting_form.tpl on line 131
2023-05-04 10:25:35 - PHP Notice:  Undefined variable: other_tax_account_id_receipt in C:\xampp\htdocs\php_milwa_trading\admin\view\template\gl\module_setting_form.tpl on line 131
2023-05-04 10:25:35 - PHP Notice:  Undefined variable: other_tax_account_id_receipt in C:\xampp\htdocs\php_milwa_trading\admin\view\template\gl\module_setting_form.tpl on line 131
2023-05-04 10:25:35 - PHP Notice:  Undefined variable: other_tax_account_id_receipt in C:\xampp\htdocs\php_milwa_trading\admin\view\template\gl\module_setting_form.tpl on line 131
2023-05-04 10:25:35 - PHP Notice:  Undefined variable: other_tax_account_id_receipt in C:\xampp\htdocs\php_milwa_trading\admin\view\template\gl\module_setting_form.tpl on line 131
2023-05-04 10:25:35 - PHP Notice:  Undefined variable: other_tax_account_id_receipt in C:\xampp\htdocs\php_milwa_trading\admin\view\template\gl\module_setting_form.tpl on line 131
2023-05-04 10:25:35 - PHP Notice:  Undefined variable: other_tax_account_id_receipt in C:\xampp\htdocs\php_milwa_trading\admin\view\template\gl\module_setting_form.tpl on line 131
2023-05-04 10:25:35 - PHP Notice:  Undefined variable: other_tax_account_id_receipt in C:\xampp\htdocs\php_milwa_trading\admin\view\template\gl\module_setting_form.tpl on line 131
2023-05-04 10:25:35 - PHP Notice:  Undefined variable: other_tax_account_id_receipt in C:\xampp\htdocs\php_milwa_trading\admin\view\template\gl\module_setting_form.tpl on line 131
2023-05-04 10:25:35 - PHP Notice:  Undefined variable: other_tax_account_id_receipt in C:\xampp\htdocs\php_milwa_trading\admin\view\template\gl\module_setting_form.tpl on line 131
2023-05-04 10:25:35 - PHP Notice:  Undefined variable: other_tax_account_id_receipt in C:\xampp\htdocs\php_milwa_trading\admin\view\template\gl\module_setting_form.tpl on line 131
2023-05-04 10:25:35 - PHP Notice:  Undefined variable: other_tax_account_id_receipt in C:\xampp\htdocs\php_milwa_trading\admin\view\template\gl\module_setting_form.tpl on line 131
2023-05-04 10:25:35 - PHP Notice:  Undefined variable: other_tax_account_id_receipt in C:\xampp\htdocs\php_milwa_trading\admin\view\template\gl\module_setting_form.tpl on line 131
2023-05-04 10:25:35 - PHP Notice:  Undefined variable: other_tax_account_id_receipt in C:\xampp\htdocs\php_milwa_trading\admin\view\template\gl\module_setting_form.tpl on line 131
2023-05-04 10:25:35 - PHP Notice:  Undefined variable: other_tax_account_id_receipt in C:\xampp\htdocs\php_milwa_trading\admin\view\template\gl\module_setting_form.tpl on line 131
2023-05-04 10:25:35 - PHP Notice:  Undefined variable: other_tax_account_id_receipt in C:\xampp\htdocs\php_milwa_trading\admin\view\template\gl\module_setting_form.tpl on line 131
2023-05-04 10:25:35 - PHP Notice:  Undefined variable: other_tax_account_id_receipt in C:\xampp\htdocs\php_milwa_trading\admin\view\template\gl\module_setting_form.tpl on line 131
2023-05-04 10:25:35 - PHP Notice:  Undefined variable: other_tax_account_id_receipt in C:\xampp\htdocs\php_milwa_trading\admin\view\template\gl\module_setting_form.tpl on line 131
2023-05-04 10:25:35 - PHP Notice:  Undefined variable: other_tax_account_id_receipt in C:\xampp\htdocs\php_milwa_trading\admin\view\template\gl\module_setting_form.tpl on line 131
2023-05-04 10:25:35 - PHP Notice:  Undefined variable: other_tax_account_id_receipt in C:\xampp\htdocs\php_milwa_trading\admin\view\template\gl\module_setting_form.tpl on line 131
2023-05-04 10:25:35 - PHP Notice:  Undefined variable: other_tax_account_id_receipt in C:\xampp\htdocs\php_milwa_trading\admin\view\template\gl\module_setting_form.tpl on line 131
2023-05-04 10:25:35 - PHP Notice:  Undefined variable: other_tax_account_id_receipt in C:\xampp\htdocs\php_milwa_trading\admin\view\template\gl\module_setting_form.tpl on line 131
2023-05-04 10:25:35 - PHP Notice:  Undefined variable: other_tax_account_id_receipt in C:\xampp\htdocs\php_milwa_trading\admin\view\template\gl\module_setting_form.tpl on line 131
2023-05-04 10:25:35 - PHP Notice:  Undefined variable: other_tax_account_id_receipt in C:\xampp\htdocs\php_milwa_trading\admin\view\template\gl\module_setting_form.tpl on line 131
2023-05-04 10:25:35 - PHP Notice:  Undefined variable: other_tax_account_id_receipt in C:\xampp\htdocs\php_milwa_trading\admin\view\template\gl\module_setting_form.tpl on line 131
2023-05-04 10:25:35 - PHP Notice:  Undefined variable: other_tax_account_id_receipt in C:\xampp\htdocs\php_milwa_trading\admin\view\template\gl\module_setting_form.tpl on line 131
2023-05-04 10:25:35 - PHP Notice:  Undefined variable: other_tax_account_id_receipt in C:\xampp\htdocs\php_milwa_trading\admin\view\template\gl\module_setting_form.tpl on line 131
2023-05-04 10:25:35 - PHP Notice:  Undefined variable: other_tax_account_id_receipt in C:\xampp\htdocs\php_milwa_trading\admin\view\template\gl\module_setting_form.tpl on line 131
2023-05-04 10:25:35 - PHP Notice:  Undefined variable: other_tax_account_id_receipt in C:\xampp\htdocs\php_milwa_trading\admin\view\template\gl\module_setting_form.tpl on line 131
2023-05-04 10:25:35 - PHP Notice:  Undefined variable: other_tax_account_id_receipt in C:\xampp\htdocs\php_milwa_trading\admin\view\template\gl\module_setting_form.tpl on line 131
2023-05-04 10:25:35 - PHP Notice:  Undefined variable: other_tax_account_id_receipt in C:\xampp\htdocs\php_milwa_trading\admin\view\template\gl\module_setting_form.tpl on line 131
2023-05-04 10:25:35 - PHP Notice:  Undefined variable: other_tax_account_id_receipt in C:\xampp\htdocs\php_milwa_trading\admin\view\template\gl\module_setting_form.tpl on line 131
2023-05-04 10:25:35 - PHP Notice:  Undefined variable: other_tax_account_id_receipt in C:\xampp\htdocs\php_milwa_trading\admin\view\template\gl\module_setting_form.tpl on line 131
2023-05-04 10:25:35 - PHP Notice:  Undefined variable: other_tax_account_id_receipt in C:\xampp\htdocs\php_milwa_trading\admin\view\template\gl\module_setting_form.tpl on line 131
2023-05-04 10:25:35 - PHP Notice:  Undefined variable: other_tax_account_id_receipt in C:\xampp\htdocs\php_milwa_trading\admin\view\template\gl\module_setting_form.tpl on line 131
2023-05-04 10:25:35 - PHP Notice:  Undefined variable: other_tax_account_id_receipt in C:\xampp\htdocs\php_milwa_trading\admin\view\template\gl\module_setting_form.tpl on line 131
2023-05-04 10:25:35 - PHP Notice:  Undefined variable: other_tax_account_id_receipt in C:\xampp\htdocs\php_milwa_trading\admin\view\template\gl\module_setting_form.tpl on line 131
2023-05-04 10:25:35 - PHP Notice:  Undefined variable: other_tax_account_id_receipt in C:\xampp\htdocs\php_milwa_trading\admin\view\template\gl\module_setting_form.tpl on line 131
2023-05-04 10:25:35 - PHP Notice:  Undefined variable: other_tax_account_id_receipt in C:\xampp\htdocs\php_milwa_trading\admin\view\template\gl\module_setting_form.tpl on line 131
2023-05-04 10:25:35 - PHP Notice:  Undefined variable: other_tax_account_id_receipt in C:\xampp\htdocs\php_milwa_trading\admin\view\template\gl\module_setting_form.tpl on line 131
2023-05-04 10:25:35 - PHP Notice:  Undefined variable: other_tax_account_id_receipt in C:\xampp\htdocs\php_milwa_trading\admin\view\template\gl\module_setting_form.tpl on line 131
2023-05-04 10:25:35 - PHP Notice:  Undefined variable: other_tax_account_id_receipt in C:\xampp\htdocs\php_milwa_trading\admin\view\template\gl\module_setting_form.tpl on line 131
2023-05-04 10:25:35 - PHP Notice:  Undefined variable: other_tax_account_id_receipt in C:\xampp\htdocs\php_milwa_trading\admin\view\template\gl\module_setting_form.tpl on line 131
2023-05-04 10:25:35 - PHP Notice:  Undefined variable: other_tax_account_id_receipt in C:\xampp\htdocs\php_milwa_trading\admin\view\template\gl\module_setting_form.tpl on line 131
2023-05-04 10:25:35 - PHP Notice:  Undefined variable: other_tax_account_id_receipt in C:\xampp\htdocs\php_milwa_trading\admin\view\template\gl\module_setting_form.tpl on line 131
2023-05-04 10:25:35 - PHP Notice:  Undefined variable: other_tax_account_id_receipt in C:\xampp\htdocs\php_milwa_trading\admin\view\template\gl\module_setting_form.tpl on line 131
2023-05-04 10:25:35 - PHP Notice:  Undefined variable: other_tax_account_id_receipt in C:\xampp\htdocs\php_milwa_trading\admin\view\template\gl\module_setting_form.tpl on line 131
2023-05-04 10:25:36 - PHP Notice:  Undefined variable: other_tax_account_id_receipt in C:\xampp\htdocs\php_milwa_trading\admin\view\template\gl\module_setting_form.tpl on line 131
2023-05-04 10:25:36 - PHP Notice:  Undefined variable: other_tax_account_id_receipt in C:\xampp\htdocs\php_milwa_trading\admin\view\template\gl\module_setting_form.tpl on line 131
2023-05-04 10:25:36 - PHP Notice:  Undefined variable: other_tax_account_id_receipt in C:\xampp\htdocs\php_milwa_trading\admin\view\template\gl\module_setting_form.tpl on line 131
2023-05-04 10:25:36 - PHP Notice:  Undefined variable: other_tax_account_id_receipt in C:\xampp\htdocs\php_milwa_trading\admin\view\template\gl\module_setting_form.tpl on line 131
2023-05-04 10:25:36 - PHP Notice:  Undefined variable: other_tax_account_id_receipt in C:\xampp\htdocs\php_milwa_trading\admin\view\template\gl\module_setting_form.tpl on line 131
2023-05-04 10:25:36 - PHP Notice:  Undefined variable: other_tax_account_id_receipt in C:\xampp\htdocs\php_milwa_trading\admin\view\template\gl\module_setting_form.tpl on line 131
2023-05-04 10:25:36 - PHP Notice:  Undefined variable: other_tax_account_id_receipt in C:\xampp\htdocs\php_milwa_trading\admin\view\template\gl\module_setting_form.tpl on line 131
2023-05-04 10:25:36 - PHP Notice:  Undefined variable: other_tax_account_id_receipt in C:\xampp\htdocs\php_milwa_trading\admin\view\template\gl\module_setting_form.tpl on line 131
2023-05-04 10:25:36 - PHP Notice:  Undefined variable: other_tax_account_id_receipt in C:\xampp\htdocs\php_milwa_trading\admin\view\template\gl\module_setting_form.tpl on line 131
2023-05-04 10:25:36 - PHP Notice:  Undefined variable: other_tax_account_id_receipt in C:\xampp\htdocs\php_milwa_trading\admin\view\template\gl\module_setting_form.tpl on line 131
2023-05-04 10:25:36 - PHP Notice:  Undefined variable: other_tax_account_id_receipt in C:\xampp\htdocs\php_milwa_trading\admin\view\template\gl\module_setting_form.tpl on line 131
2023-05-04 10:25:36 - PHP Notice:  Undefined variable: other_tax_account_id_receipt in C:\xampp\htdocs\php_milwa_trading\admin\view\template\gl\module_setting_form.tpl on line 131
2023-05-04 10:25:36 - PHP Notice:  Undefined variable: other_tax_account_id_receipt in C:\xampp\htdocs\php_milwa_trading\admin\view\template\gl\module_setting_form.tpl on line 131
2023-05-04 10:25:36 - PHP Notice:  Undefined variable: other_tax_account_id_receipt in C:\xampp\htdocs\php_milwa_trading\admin\view\template\gl\module_setting_form.tpl on line 131
2023-05-04 10:25:36 - PHP Notice:  Undefined variable: other_tax_account_id_receipt in C:\xampp\htdocs\php_milwa_trading\admin\view\template\gl\module_setting_form.tpl on line 131
2023-05-04 10:25:36 - PHP Notice:  Undefined variable: other_tax_account_id_receipt in C:\xampp\htdocs\php_milwa_trading\admin\view\template\gl\module_setting_form.tpl on line 131
2023-05-04 10:25:36 - PHP Notice:  Undefined variable: other_tax_account_id_receipt in C:\xampp\htdocs\php_milwa_trading\admin\view\template\gl\module_setting_form.tpl on line 131
2023-05-04 10:25:36 - PHP Notice:  Undefined variable: other_tax_account_id_receipt in C:\xampp\htdocs\php_milwa_trading\admin\view\template\gl\module_setting_form.tpl on line 131
2023-05-04 10:25:36 - PHP Notice:  Undefined variable: other_tax_account_id_receipt in C:\xampp\htdocs\php_milwa_trading\admin\view\template\gl\module_setting_form.tpl on line 131
2023-05-04 10:25:36 - PHP Notice:  Undefined variable: other_tax_account_id_receipt in C:\xampp\htdocs\php_milwa_trading\admin\view\template\gl\module_setting_form.tpl on line 131
2023-05-04 10:25:36 - PHP Notice:  Undefined variable: other_tax_account_id_receipt in C:\xampp\htdocs\php_milwa_trading\admin\view\template\gl\module_setting_form.tpl on line 131
2023-05-04 10:25:36 - PHP Notice:  Undefined variable: other_tax_account_id_receipt in C:\xampp\htdocs\php_milwa_trading\admin\view\template\gl\module_setting_form.tpl on line 131
2023-05-04 10:25:36 - PHP Notice:  Undefined variable: other_tax_account_id_receipt in C:\xampp\htdocs\php_milwa_trading\admin\view\template\gl\module_setting_form.tpl on line 131
2023-05-04 10:25:36 - PHP Notice:  Undefined variable: other_tax_account_id_receipt in C:\xampp\htdocs\php_milwa_trading\admin\view\template\gl\module_setting_form.tpl on line 131
2023-05-04 10:25:36 - PHP Notice:  Undefined variable: other_tax_account_id_receipt in C:\xampp\htdocs\php_milwa_trading\admin\view\template\gl\module_setting_form.tpl on line 131
2023-05-04 10:25:36 - PHP Notice:  Undefined variable: other_tax_account_id_receipt in C:\xampp\htdocs\php_milwa_trading\admin\view\template\gl\module_setting_form.tpl on line 131
2023-05-04 10:25:36 - PHP Notice:  Undefined variable: other_tax_account_id_receipt in C:\xampp\htdocs\php_milwa_trading\admin\view\template\gl\module_setting_form.tpl on line 131
2023-05-04 10:25:36 - PHP Notice:  Undefined variable: other_tax_account_id_receipt in C:\xampp\htdocs\php_milwa_trading\admin\view\template\gl\module_setting_form.tpl on line 131
2023-05-04 10:25:36 - PHP Notice:  Undefined variable: other_tax_account_id_receipt in C:\xampp\htdocs\php_milwa_trading\admin\view\template\gl\module_setting_form.tpl on line 131
2023-05-04 10:25:36 - PHP Notice:  Undefined variable: other_tax_account_id_receipt in C:\xampp\htdocs\php_milwa_trading\admin\view\template\gl\module_setting_form.tpl on line 131
2023-05-04 10:25:36 - PHP Notice:  Undefined variable: other_tax_account_id_receipt in C:\xampp\htdocs\php_milwa_trading\admin\view\template\gl\module_setting_form.tpl on line 131
2023-05-04 10:25:36 - PHP Notice:  Undefined variable: other_tax_account_id_receipt in C:\xampp\htdocs\php_milwa_trading\admin\view\template\gl\module_setting_form.tpl on line 131
2023-05-04 10:25:36 - PHP Notice:  Undefined variable: other_tax_account_id_receipt in C:\xampp\htdocs\php_milwa_trading\admin\view\template\gl\module_setting_form.tpl on line 131
2023-05-04 10:25:36 - PHP Notice:  Undefined variable: other_tax_account_id_receipt in C:\xampp\htdocs\php_milwa_trading\admin\view\template\gl\module_setting_form.tpl on line 131
2023-05-04 10:25:36 - PHP Notice:  Undefined variable: other_tax_account_id_receipt in C:\xampp\htdocs\php_milwa_trading\admin\view\template\gl\module_setting_form.tpl on line 131
2023-05-04 10:25:36 - PHP Notice:  Undefined variable: other_tax_account_id_receipt in C:\xampp\htdocs\php_milwa_trading\admin\view\template\gl\module_setting_form.tpl on line 131
2023-05-04 10:25:36 - PHP Notice:  Undefined variable: other_tax_account_id_receipt in C:\xampp\htdocs\php_milwa_trading\admin\view\template\gl\module_setting_form.tpl on line 131
2023-05-04 10:25:36 - PHP Notice:  Undefined variable: other_tax_account_id_receipt in C:\xampp\htdocs\php_milwa_trading\admin\view\template\gl\module_setting_form.tpl on line 131
2023-05-04 10:25:36 - PHP Notice:  Undefined variable: other_tax_account_id_receipt in C:\xampp\htdocs\php_milwa_trading\admin\view\template\gl\module_setting_form.tpl on line 131
2023-05-04 10:25:36 - PHP Notice:  Undefined variable: other_tax_account_id_receipt in C:\xampp\htdocs\php_milwa_trading\admin\view\template\gl\module_setting_form.tpl on line 131
2023-05-04 10:25:36 - PHP Notice:  Undefined variable: other_tax_account_id_receipt in C:\xampp\htdocs\php_milwa_trading\admin\view\template\gl\module_setting_form.tpl on line 131
2023-05-04 10:25:36 - PHP Notice:  Undefined variable: column_right in C:\xampp\htdocs\php_milwa_trading\admin\view\template\gl\module_setting_form.tpl on line 213
2023-05-04 10:25:38 - PHP Notice:  Undefined variable: href_gl_mapping_account in C:\xampp\htdocs\php_milwa_trading\admin\view\template\common\column_left.tpl on line 68
2023-05-04 10:25:38 - PHP Notice:  Undefined index: gl_mapping_account in C:\xampp\htdocs\php_milwa_trading\admin\view\template\common\column_left.tpl on line 68
2023-05-04 10:25:38 - PHP Notice:  Undefined variable: href_tool_dashboard in C:\xampp\htdocs\php_milwa_trading\admin\view\template\common\column_left.tpl on line 231
2023-05-04 10:25:38 - PHP Notice:  Undefined index: class in C:\xampp\htdocs\php_milwa_trading\admin\view\template\gl\receipts_list.tpl on line 19
2023-05-04 10:25:38 - PHP Notice:  Undefined index: class in C:\xampp\htdocs\php_milwa_trading\admin\view\template\gl\receipts_list.tpl on line 19
2023-05-04 10:25:38 - PHP Notice:  Undefined index: class in C:\xampp\htdocs\php_milwa_trading\admin\view\template\gl\receipts_list.tpl on line 19
2023-05-04 10:25:38 - PHP Notice:  Undefined variable: column_right in C:\xampp\htdocs\php_milwa_trading\admin\view\template\gl\receipts_list.tpl on line 79
2023-05-04 10:26:40 - PHP Warning:  Declaration of ControllerGLModuleSetting::updateData($data) should be compatible with HController::updateData($primary_key, $data) in C:\xampp\htdocs\php_milwa_trading\admin\controller\gl\module_setting.php on line 92
2023-05-04 10:26:40 - PHP Warning:  Declaration of ControllerGLModuleSetting::updateData($data) should be compatible with HController::updateData($primary_key, $data) in C:\xampp\htdocs\php_milwa_trading\admin\controller\gl\module_setting.php on line 92
2023-05-04 10:26:40 - PHP Notice:  Undefined index: school_id in C:\xampp\htdocs\php_milwa_trading\admin\controller\gl\module_setting.php on line 26
2023-05-04 10:26:40 - PHP Warning:  Declaration of ControllerGLModuleSetting::updateData($data) should be compatible with HController::updateData($primary_key, $data) in C:\xampp\htdocs\php_milwa_trading\admin\controller\gl\module_setting.php on line 92
2023-05-04 10:26:40 - PHP Notice:  Undefined index: setting_id in C:\xampp\htdocs\php_milwa_trading\system\engine\hcontroller.php on line 223
2023-05-04 10:26:40 - PHP Notice:  Undefined index: setting_id in C:\xampp\htdocs\php_milwa_trading\system\engine\hcontroller.php on line 224
2023-05-04 10:26:40 - PHP Notice:  Undefined variable: href_gl_mapping_account in C:\xampp\htdocs\php_milwa_trading\admin\view\template\common\column_left.tpl on line 68
2023-05-04 10:26:40 - PHP Notice:  Undefined index: gl_mapping_account in C:\xampp\htdocs\php_milwa_trading\admin\view\template\common\column_left.tpl on line 68
2023-05-04 10:26:40 - PHP Notice:  Undefined variable: href_tool_dashboard in C:\xampp\htdocs\php_milwa_trading\admin\view\template\common\column_left.tpl on line 231
2023-05-04 10:26:40 - PHP Notice:  Undefined index: class in C:\xampp\htdocs\php_milwa_trading\admin\view\template\gl\module_setting_form.tpl on line 18
2023-05-04 10:26:40 - PHP Notice:  Undefined index: class in C:\xampp\htdocs\php_milwa_trading\admin\view\template\gl\module_setting_form.tpl on line 18
2023-05-04 10:26:40 - PHP Notice:  Undefined index: class in C:\xampp\htdocs\php_milwa_trading\admin\view\template\gl\module_setting_form.tpl on line 18
2023-05-04 10:26:40 - PHP Notice:  Undefined variable: column_right in C:\xampp\htdocs\php_milwa_trading\admin\view\template\gl\module_setting_form.tpl on line 213
2023-05-04 10:26:45 - PHP Notice:  Undefined variable: href_gl_mapping_account in C:\xampp\htdocs\php_milwa_trading\admin\view\template\common\column_left.tpl on line 68
2023-05-04 10:26:45 - PHP Notice:  Undefined index: gl_mapping_account in C:\xampp\htdocs\php_milwa_trading\admin\view\template\common\column_left.tpl on line 68
2023-05-04 10:26:45 - PHP Notice:  Undefined variable: href_tool_dashboard in C:\xampp\htdocs\php_milwa_trading\admin\view\template\common\column_left.tpl on line 231
2023-05-04 10:26:46 - PHP Notice:  Undefined index: class in C:\xampp\htdocs\php_milwa_trading\admin\view\template\gl\receipts_form.tpl on line 18
2023-05-04 10:26:46 - PHP Notice:  Undefined index: class in C:\xampp\htdocs\php_milwa_trading\admin\view\template\gl\receipts_form.tpl on line 18
2023-05-04 10:26:46 - PHP Notice:  Undefined index: class in C:\xampp\htdocs\php_milwa_trading\admin\view\template\gl\receipts_form.tpl on line 18
2023-05-04 10:26:46 - PHP Notice:  Undefined variable: action in C:\xampp\htdocs\php_milwa_trading\admin\view\template\gl\receipts_form.tpl on line 82
2023-05-04 10:26:46 - PHP Notice:  Undefined variable: partner_categorys in C:\xampp\htdocs\php_milwa_trading\admin\view\template\gl\receipts_form.tpl on line 133
2023-05-04 10:26:46 - PHP Warning:  Invalid argument supplied for foreach() in C:\xampp\htdocs\php_milwa_trading\admin\view\template\gl\receipts_form.tpl on line 133
2023-05-04 10:26:46 - PHP Notice:  Undefined variable: job_carts in C:\xampp\htdocs\php_milwa_trading\admin\view\template\gl\receipts_form.tpl on line 188
2023-05-04 10:26:46 - PHP Warning:  Invalid argument supplied for foreach() in C:\xampp\htdocs\php_milwa_trading\admin\view\template\gl\receipts_form.tpl on line 188
2023-05-04 10:26:46 - PHP Notice:  Undefined variable: wht_per in C:\xampp\htdocs\php_milwa_trading\admin\view\template\gl\receipts_form.tpl on line 199
2023-05-04 10:26:46 - PHP Notice:  Undefined variable: bank_name in C:\xampp\htdocs\php_milwa_trading\admin\view\template\gl\receipts_form.tpl on line 207
2023-05-04 10:26:46 - PHP Notice:  Undefined variable: cheque_date in C:\xampp\htdocs\php_milwa_trading\admin\view\template\gl\receipts_form.tpl on line 213
2023-05-04 10:26:46 - PHP Notice:  Undefined variable: cheque_no in C:\xampp\htdocs\php_milwa_trading\admin\view\template\gl\receipts_form.tpl on line 219
2023-05-04 10:26:46 - PHP Notice:  Undefined index: href in C:\xampp\htdocs\php_milwa_trading\admin\view\template\gl\receipts_form.tpl on line 295
2023-05-04 10:26:46 - PHP Notice:  Undefined index: sale_tax_invoice_id in C:\xampp\htdocs\php_milwa_trading\admin\view\template\gl\receipts_form.tpl on line 466
2023-05-04 10:26:46 - PHP Notice:  Undefined variable: column_right in C:\xampp\htdocs\php_milwa_trading\admin\view\template\gl\receipts_form.tpl on line 495
2023-05-04 10:27:03 - PHP Warning:  mysqli::real_escape_string() expects parameter 1 to be string, array given in C:\xampp\htdocs\php_milwa_trading\system\database\dbmysqli.php on line 93
2023-05-04 10:27:03 - PHP Notice:  Undefined index: cheque_date in C:\xampp\htdocs\php_milwa_trading\admin\controller\gl\receipts.php on line 836
2023-05-04 10:27:03 - PHP Notice:  Undefined index: cheque_date in C:\xampp\htdocs\php_milwa_trading\admin\controller\gl\receipts.php on line 858
2023-05-04 10:27:03 - PHP Notice:  Undefined index: cheque_date in C:\xampp\htdocs\php_milwa_trading\admin\controller\gl\receipts.php on line 882
2023-05-04 10:27:03 - PHP Notice:  Undefined index: cheque_date in C:\xampp\htdocs\php_milwa_trading\admin\controller\gl\receipts.php on line 904
2023-05-04 10:27:03 - PHP Notice:  Undefined variable: href_gl_mapping_account in C:\xampp\htdocs\php_milwa_trading\admin\view\template\common\column_left.tpl on line 68
2023-05-04 10:27:03 - PHP Notice:  Undefined index: gl_mapping_account in C:\xampp\htdocs\php_milwa_trading\admin\view\template\common\column_left.tpl on line 68
2023-05-04 10:27:03 - PHP Notice:  Undefined variable: href_tool_dashboard in C:\xampp\htdocs\php_milwa_trading\admin\view\template\common\column_left.tpl on line 231
2023-05-04 10:27:03 - PHP Notice:  Undefined index: class in C:\xampp\htdocs\php_milwa_trading\admin\view\template\gl\receipts_list.tpl on line 19
2023-05-04 10:27:03 - PHP Notice:  Undefined index: class in C:\xampp\htdocs\php_milwa_trading\admin\view\template\gl\receipts_list.tpl on line 19
2023-05-04 10:27:03 - PHP Notice:  Undefined index: class in C:\xampp\htdocs\php_milwa_trading\admin\view\template\gl\receipts_list.tpl on line 19
2023-05-04 10:27:03 - PHP Notice:  Undefined variable: column_right in C:\xampp\htdocs\php_milwa_trading\admin\view\template\gl\receipts_list.tpl on line 79
2023-05-04 10:27:06 - PHP Notice:  Undefined variable: href_gl_mapping_account in C:\xampp\htdocs\php_milwa_trading\admin\view\template\common\column_left.tpl on line 68
2023-05-04 10:27:06 - PHP Notice:  Undefined index: gl_mapping_account in C:\xampp\htdocs\php_milwa_trading\admin\view\template\common\column_left.tpl on line 68
2023-05-04 10:27:06 - PHP Notice:  Undefined variable: href_tool_dashboard in C:\xampp\htdocs\php_milwa_trading\admin\view\template\common\column_left.tpl on line 231
2023-05-04 10:27:06 - PHP Notice:  Undefined index: class in C:\xampp\htdocs\php_milwa_trading\admin\view\template\gl\receipts_form.tpl on line 18
2023-05-04 10:27:06 - PHP Notice:  Undefined index: class in C:\xampp\htdocs\php_milwa_trading\admin\view\template\gl\receipts_form.tpl on line 18
2023-05-04 10:27:06 - PHP Notice:  Undefined index: class in C:\xampp\htdocs\php_milwa_trading\admin\view\template\gl\receipts_form.tpl on line 18
2023-05-04 10:27:06 - PHP Notice:  Undefined variable: action in C:\xampp\htdocs\php_milwa_trading\admin\view\template\gl\receipts_form.tpl on line 82
2023-05-04 10:27:06 - PHP Notice:  Undefined variable: partner_categorys in C:\xampp\htdocs\php_milwa_trading\admin\view\template\gl\receipts_form.tpl on line 133
2023-05-04 10:27:07 - PHP Warning:  Invalid argument supplied for foreach() in C:\xampp\htdocs\php_milwa_trading\admin\view\template\gl\receipts_form.tpl on line 133
2023-05-04 10:27:07 - PHP Notice:  Undefined variable: job_carts in C:\xampp\htdocs\php_milwa_trading\admin\view\template\gl\receipts_form.tpl on line 188
2023-05-04 10:27:07 - PHP Warning:  Invalid argument supplied for foreach() in C:\xampp\htdocs\php_milwa_trading\admin\view\template\gl\receipts_form.tpl on line 188
2023-05-04 10:27:07 - PHP Notice:  Undefined variable: wht_per in C:\xampp\htdocs\php_milwa_trading\admin\view\template\gl\receipts_form.tpl on line 199
2023-05-04 10:27:07 - PHP Notice:  Undefined variable: bank_name in C:\xampp\htdocs\php_milwa_trading\admin\view\template\gl\receipts_form.tpl on line 207
2023-05-04 10:27:07 - PHP Notice:  Undefined variable: cheque_date in C:\xampp\htdocs\php_milwa_trading\admin\view\template\gl\receipts_form.tpl on line 213
2023-05-04 10:27:07 - PHP Notice:  Undefined variable: cheque_no in C:\xampp\htdocs\php_milwa_trading\admin\view\template\gl\receipts_form.tpl on line 219
2023-05-04 10:27:07 - PHP Notice:  Undefined index: href in C:\xampp\htdocs\php_milwa_trading\admin\view\template\gl\receipts_form.tpl on line 295
2023-05-04 10:27:07 - PHP Notice:  Undefined index: sale_tax_invoice_id in C:\xampp\htdocs\php_milwa_trading\admin\view\template\gl\receipts_form.tpl on line 466
2023-05-04 10:27:07 - PHP Notice:  Undefined variable: column_right in C:\xampp\htdocs\php_milwa_trading\admin\view\template\gl\receipts_form.tpl on line 495
2023-05-04 10:27:15 - PHP Notice:  Undefined variable: href_gl_mapping_account in C:\xampp\htdocs\php_milwa_trading\admin\view\template\common\column_left.tpl on line 68
2023-05-04 10:27:15 - PHP Notice:  Undefined index: gl_mapping_account in C:\xampp\htdocs\php_milwa_trading\admin\view\template\common\column_left.tpl on line 68
2023-05-04 10:27:15 - PHP Notice:  Undefined variable: href_tool_dashboard in C:\xampp\htdocs\php_milwa_trading\admin\view\template\common\column_left.tpl on line 231
2023-05-04 10:27:15 - PHP Notice:  Undefined index: class in C:\xampp\htdocs\php_milwa_trading\admin\view\template\gl\receipts_list.tpl on line 19
2023-05-04 10:27:15 - PHP Notice:  Undefined index: class in C:\xampp\htdocs\php_milwa_trading\admin\view\template\gl\receipts_list.tpl on line 19
2023-05-04 10:27:15 - PHP Notice:  Undefined index: class in C:\xampp\htdocs\php_milwa_trading\admin\view\template\gl\receipts_list.tpl on line 19
2023-05-04 10:27:15 - PHP Notice:  Undefined variable: column_right in C:\xampp\htdocs\php_milwa_trading\admin\view\template\gl\receipts_list.tpl on line 79
2023-05-04 10:27:17 - PHP Notice:  Undefined index: receipt_id in C:\xampp\htdocs\php_milwa_trading\system\engine\hcontroller.php on line 223
2023-05-04 10:27:17 - PHP Notice:  Undefined index: receipt_id in C:\xampp\htdocs\php_milwa_trading\system\engine\hcontroller.php on line 224
2023-05-04 10:27:17 - PHP Notice:  Undefined index: receipt_id in C:\xampp\htdocs\php_milwa_trading\admin\controller\gl\receipts.php on line 331
2023-05-04 10:27:17 - PHP Notice:  Undefined index: receipt_id in C:\xampp\htdocs\php_milwa_trading\admin\controller\gl\receipts.php on line 340
2023-05-04 10:27:17 - PHP Notice:  Undefined index: receipt_id in C:\xampp\htdocs\php_milwa_trading\admin\controller\gl\receipts.php on line 341
2023-05-04 10:27:17 - PHP Notice:  Undefined index: receipt_id in C:\xampp\htdocs\php_milwa_trading\admin\controller\gl\receipts.php on line 342
2023-05-04 10:27:17 - PHP Notice:  Undefined variable: href_gl_mapping_account in C:\xampp\htdocs\php_milwa_trading\admin\view\template\common\column_left.tpl on line 68
2023-05-04 10:27:17 - PHP Notice:  Undefined index: gl_mapping_account in C:\xampp\htdocs\php_milwa_trading\admin\view\template\common\column_left.tpl on line 68
2023-05-04 10:27:17 - PHP Notice:  Undefined variable: href_tool_dashboard in C:\xampp\htdocs\php_milwa_trading\admin\view\template\common\column_left.tpl on line 231
2023-05-04 10:27:17 - PHP Notice:  Undefined index: class in C:\xampp\htdocs\php_milwa_trading\admin\view\template\gl\receipts_form.tpl on line 18
2023-05-04 10:27:17 - PHP Notice:  Undefined index: class in C:\xampp\htdocs\php_milwa_trading\admin\view\template\gl\receipts_form.tpl on line 18
2023-05-04 10:27:17 - PHP Notice:  Undefined index: class in C:\xampp\htdocs\php_milwa_trading\admin\view\template\gl\receipts_form.tpl on line 18
2023-05-04 10:27:17 - PHP Notice:  Undefined variable: is_post in C:\xampp\htdocs\php_milwa_trading\admin\view\template\gl\receipts_form.tpl on line 53
2023-05-04 10:27:17 - PHP Notice:  Undefined variable: document_type_id in C:\xampp\htdocs\php_milwa_trading\admin\view\template\gl\receipts_form.tpl on line 80
2023-05-04 10:27:17 - PHP Notice:  Undefined variable: document_id in C:\xampp\htdocs\php_milwa_trading\admin\view\template\gl\receipts_form.tpl on line 81
2023-05-04 10:27:17 - PHP Notice:  Undefined variable: action in C:\xampp\htdocs\php_milwa_trading\admin\view\template\gl\receipts_form.tpl on line 82
2023-05-04 10:27:17 - PHP Notice:  Undefined variable: manual_ref_no in C:\xampp\htdocs\php_milwa_trading\admin\view\template\gl\receipts_form.tpl on line 99
2023-05-04 10:27:17 - PHP Notice:  Undefined variable: transaction_account_id in C:\xampp\htdocs\php_milwa_trading\admin\view\template\gl\receipts_form.tpl on line 108
2023-05-04 10:27:17 - PHP Notice:  Undefined variable: transaction_account_id in C:\xampp\htdocs\php_milwa_trading\admin\view\template\gl\receipts_form.tpl on line 108
2023-05-04 10:27:17 - PHP Notice:  Undefined variable: transaction_account_id in C:\xampp\htdocs\php_milwa_trading\admin\view\template\gl\receipts_form.tpl on line 108
2023-05-04 10:27:17 - PHP Notice:  Undefined variable: partner_type_id in C:\xampp\htdocs\php_milwa_trading\admin\view\template\gl\receipts_form.tpl on line 122
2023-05-04 10:27:17 - PHP Notice:  Undefined variable: partner_type_id in C:\xampp\htdocs\php_milwa_trading\admin\view\template\gl\receipts_form.tpl on line 122
2023-05-04 10:27:17 - PHP Notice:  Undefined variable: partner_categorys in C:\xampp\htdocs\php_milwa_trading\admin\view\template\gl\receipts_form.tpl on line 133
2023-05-04 10:27:17 - PHP Warning:  Invalid argument supplied for foreach() in C:\xampp\htdocs\php_milwa_trading\admin\view\template\gl\receipts_form.tpl on line 133
2023-05-04 10:27:17 - PHP Notice:  Undefined variable: job_carts in C:\xampp\htdocs\php_milwa_trading\admin\view\template\gl\receipts_form.tpl on line 188
2023-05-04 10:27:17 - PHP Warning:  Invalid argument supplied for foreach() in C:\xampp\htdocs\php_milwa_trading\admin\view\template\gl\receipts_form.tpl on line 188
2023-05-04 10:27:17 - PHP Notice:  Undefined variable: wht_per in C:\xampp\htdocs\php_milwa_trading\admin\view\template\gl\receipts_form.tpl on line 199
2023-05-04 10:27:17 - PHP Notice:  Undefined variable: bank_name in C:\xampp\htdocs\php_milwa_trading\admin\view\template\gl\receipts_form.tpl on line 207
2023-05-04 10:27:17 - PHP Notice:  Undefined variable: cheque_date in C:\xampp\htdocs\php_milwa_trading\admin\view\template\gl\receipts_form.tpl on line 213
2023-05-04 10:27:17 - PHP Notice:  Undefined variable: cheque_no in C:\xampp\htdocs\php_milwa_trading\admin\view\template\gl\receipts_form.tpl on line 219
2023-05-04 10:27:17 - PHP Notice:  Undefined variable: remarks in C:\xampp\htdocs\php_milwa_trading\admin\view\template\gl\receipts_form.tpl on line 227
2023-05-04 10:27:17 - PHP Notice:  Undefined variable: receipt_details in C:\xampp\htdocs\php_milwa_trading\admin\view\template\gl\receipts_form.tpl on line 286
2023-05-04 10:27:17 - PHP Warning:  Invalid argument supplied for foreach() in C:\xampp\htdocs\php_milwa_trading\admin\view\template\gl\receipts_form.tpl on line 286
2023-05-04 10:27:17 - PHP Notice:  Undefined variable: total_amount in C:\xampp\htdocs\php_milwa_trading\admin\view\template\gl\receipts_form.tpl on line 374
2023-05-04 10:27:17 - PHP Notice:  Undefined variable: wht_tax_per in C:\xampp\htdocs\php_milwa_trading\admin\view\template\gl\receipts_form.tpl on line 380
2023-05-04 10:27:17 - PHP Notice:  Undefined variable: total_wht_amount in C:\xampp\htdocs\php_milwa_trading\admin\view\template\gl\receipts_form.tpl on line 386
2023-05-04 10:27:17 - PHP Notice:  Undefined variable: ot_tax_per in C:\xampp\htdocs\php_milwa_trading\admin\view\template\gl\receipts_form.tpl on line 392
2023-05-04 10:27:17 - PHP Notice:  Undefined variable: total_other_tax_amount in C:\xampp\htdocs\php_milwa_trading\admin\view\template\gl\receipts_form.tpl on line 398
2023-05-04 10:27:17 - PHP Notice:  Undefined variable: total_net_amount in C:\xampp\htdocs\php_milwa_trading\admin\view\template\gl\receipts_form.tpl on line 404
2023-05-04 10:27:17 - PHP Notice:  Undefined variable: total_other_deduction_amount in C:\xampp\htdocs\php_milwa_trading\admin\view\template\gl\receipts_form.tpl on line 411
2023-05-04 10:27:17 - PHP Notice:  Undefined variable: is_post in C:\xampp\htdocs\php_milwa_trading\admin\view\template\gl\receipts_form.tpl on line 445
2023-05-04 10:27:17 - PHP Notice:  Undefined variable: isEdit in C:\xampp\htdocs\php_milwa_trading\admin\view\template\gl\receipts_form.tpl on line 465
2023-05-04 10:27:17 - PHP Notice:  Undefined index: sale_tax_invoice_id in C:\xampp\htdocs\php_milwa_trading\admin\view\template\gl\receipts_form.tpl on line 466
2023-05-04 10:27:17 - PHP Notice:  Undefined variable: partner_id in C:\xampp\htdocs\php_milwa_trading\admin\view\template\gl\receipts_form.tpl on line 468
2023-05-04 10:27:17 - PHP Notice:  Undefined variable: sub_project_id in C:\xampp\htdocs\php_milwa_trading\admin\view\template\gl\receipts_form.tpl on line 482
2023-05-04 10:27:17 - PHP Notice:  Undefined index: receipt_id in C:\xampp\htdocs\php_milwa_trading\admin\view\template\gl\receipts_form.tpl on line 485
2023-05-04 10:27:17 - PHP Notice:  Undefined variable: column_right in C:\xampp\htdocs\php_milwa_trading\admin\view\template\gl\receipts_form.tpl on line 495
2023-05-04 10:27:37 - PHP Notice:  Undefined variable: href_gl_mapping_account in C:\xampp\htdocs\php_milwa_trading\admin\view\template\common\column_left.tpl on line 68
2023-05-04 10:27:37 - PHP Notice:  Undefined index: gl_mapping_account in C:\xampp\htdocs\php_milwa_trading\admin\view\template\common\column_left.tpl on line 68
2023-05-04 10:27:37 - PHP Notice:  Undefined variable: href_tool_dashboard in C:\xampp\htdocs\php_milwa_trading\admin\view\template\common\column_left.tpl on line 231
2023-05-04 10:27:37 - PHP Notice:  Undefined index: class in C:\xampp\htdocs\php_milwa_trading\admin\view\template\inventory\sale_tax_invoice_list.tpl on line 19
2023-05-04 10:27:37 - PHP Notice:  Undefined index: class in C:\xampp\htdocs\php_milwa_trading\admin\view\template\inventory\sale_tax_invoice_list.tpl on line 19
2023-05-04 10:27:37 - PHP Notice:  Undefined index: class in C:\xampp\htdocs\php_milwa_trading\admin\view\template\inventory\sale_tax_invoice_list.tpl on line 19
2023-05-04 10:27:37 - PHP Notice:  Undefined variable: column_right in C:\xampp\htdocs\php_milwa_trading\admin\view\template\inventory\sale_tax_invoice_list.tpl on line 79
2023-05-04 10:28:00 - PHP Warning:  mysqli::real_escape_string() expects parameter 1 to be string, array given in C:\xampp\htdocs\php_milwa_trading\system\database\dbmysqli.php on line 93
2023-05-04 10:28:00 - PHP Notice:  Undefined index: cheque_date in C:\xampp\htdocs\php_milwa_trading\admin\controller\gl\receipts.php on line 642
2023-05-04 10:28:00 - PHP Notice:  Undefined index: cheque_date in C:\xampp\htdocs\php_milwa_trading\admin\controller\gl\receipts.php on line 665
2023-05-04 10:28:00 - PHP Notice:  Undefined index: cheque_date in C:\xampp\htdocs\php_milwa_trading\admin\controller\gl\receipts.php on line 688
2023-05-04 10:28:01 - PHP Notice:  Undefined variable: href_gl_mapping_account in C:\xampp\htdocs\php_milwa_trading\admin\view\template\common\column_left.tpl on line 68
2023-05-04 10:28:01 - PHP Notice:  Undefined index: gl_mapping_account in C:\xampp\htdocs\php_milwa_trading\admin\view\template\common\column_left.tpl on line 68
2023-05-04 10:28:01 - PHP Notice:  Undefined variable: href_tool_dashboard in C:\xampp\htdocs\php_milwa_trading\admin\view\template\common\column_left.tpl on line 231
2023-05-04 10:28:01 - PHP Notice:  Undefined index: class in C:\xampp\htdocs\php_milwa_trading\admin\view\template\gl\receipts_list.tpl on line 19
2023-05-04 10:28:01 - PHP Notice:  Undefined index: class in C:\xampp\htdocs\php_milwa_trading\admin\view\template\gl\receipts_list.tpl on line 19
2023-05-04 10:28:01 - PHP Notice:  Undefined index: class in C:\xampp\htdocs\php_milwa_trading\admin\view\template\gl\receipts_list.tpl on line 19
2023-05-04 10:28:01 - PHP Notice:  Undefined variable: column_right in C:\xampp\htdocs\php_milwa_trading\admin\view\template\gl\receipts_list.tpl on line 79
2023-05-04 10:28:05 - PHP Notice:  Undefined variable: href_gl_mapping_account in C:\xampp\htdocs\php_milwa_trading\admin\view\template\common\column_left.tpl on line 68
2023-05-04 10:28:05 - PHP Notice:  Undefined index: gl_mapping_account in C:\xampp\htdocs\php_milwa_trading\admin\view\template\common\column_left.tpl on line 68
2023-05-04 10:28:05 - PHP Notice:  Undefined variable: href_tool_dashboard in C:\xampp\htdocs\php_milwa_trading\admin\view\template\common\column_left.tpl on line 231
2023-05-04 10:28:05 - PHP Notice:  Undefined index: class in C:\xampp\htdocs\php_milwa_trading\admin\view\template\gl\receipts_form.tpl on line 18
2023-05-04 10:28:05 - PHP Notice:  Undefined index: class in C:\xampp\htdocs\php_milwa_trading\admin\view\template\gl\receipts_form.tpl on line 18
2023-05-04 10:28:05 - PHP Notice:  Undefined index: class in C:\xampp\htdocs\php_milwa_trading\admin\view\template\gl\receipts_form.tpl on line 18
2023-05-04 10:28:05 - PHP Notice:  Undefined variable: action in C:\xampp\htdocs\php_milwa_trading\admin\view\template\gl\receipts_form.tpl on line 82
2023-05-04 10:28:05 - PHP Notice:  Undefined variable: partner_categorys in C:\xampp\htdocs\php_milwa_trading\admin\view\template\gl\receipts_form.tpl on line 133
2023-05-04 10:28:05 - PHP Warning:  Invalid argument supplied for foreach() in C:\xampp\htdocs\php_milwa_trading\admin\view\template\gl\receipts_form.tpl on line 133
2023-05-04 10:28:05 - PHP Notice:  Undefined variable: job_carts in C:\xampp\htdocs\php_milwa_trading\admin\view\template\gl\receipts_form.tpl on line 188
2023-05-04 10:28:05 - PHP Warning:  Invalid argument supplied for foreach() in C:\xampp\htdocs\php_milwa_trading\admin\view\template\gl\receipts_form.tpl on line 188
2023-05-04 10:28:05 - PHP Notice:  Undefined variable: wht_per in C:\xampp\htdocs\php_milwa_trading\admin\view\template\gl\receipts_form.tpl on line 199
2023-05-04 10:28:05 - PHP Notice:  Undefined variable: bank_name in C:\xampp\htdocs\php_milwa_trading\admin\view\template\gl\receipts_form.tpl on line 207
2023-05-04 10:28:05 - PHP Notice:  Undefined variable: cheque_date in C:\xampp\htdocs\php_milwa_trading\admin\view\template\gl\receipts_form.tpl on line 213
2023-05-04 10:28:05 - PHP Notice:  Undefined variable: cheque_no in C:\xampp\htdocs\php_milwa_trading\admin\view\template\gl\receipts_form.tpl on line 219
2023-05-04 10:28:05 - PHP Notice:  Undefined index: sale_tax_invoice_id in C:\xampp\htdocs\php_milwa_trading\admin\view\template\gl\receipts_form.tpl on line 466
2023-05-04 10:28:05 - PHP Notice:  Undefined variable: column_right in C:\xampp\htdocs\php_milwa_trading\admin\view\template\gl\receipts_form.tpl on line 495
2023-05-04 10:28:14 - PHP Notice:  Undefined variable: href_gl_mapping_account in C:\xampp\htdocs\php_milwa_trading\admin\view\template\common\column_left.tpl on line 68
2023-05-04 10:28:14 - PHP Notice:  Undefined index: gl_mapping_account in C:\xampp\htdocs\php_milwa_trading\admin\view\template\common\column_left.tpl on line 68
2023-05-04 10:28:14 - PHP Notice:  Undefined variable: href_tool_dashboard in C:\xampp\htdocs\php_milwa_trading\admin\view\template\common\column_left.tpl on line 231
2023-05-04 10:28:14 - PHP Notice:  Undefined index: class in C:\xampp\htdocs\php_milwa_trading\admin\view\template\gl\receipts_list.tpl on line 19
2023-05-04 10:28:14 - PHP Notice:  Undefined index: class in C:\xampp\htdocs\php_milwa_trading\admin\view\template\gl\receipts_list.tpl on line 19
2023-05-04 10:28:14 - PHP Notice:  Undefined index: class in C:\xampp\htdocs\php_milwa_trading\admin\view\template\gl\receipts_list.tpl on line 19
2023-05-04 10:28:14 - PHP Notice:  Undefined variable: column_right in C:\xampp\htdocs\php_milwa_trading\admin\view\template\gl\receipts_list.tpl on line 79
2023-05-04 10:32:34 - PHP Notice:  Undefined index: case_id in C:\xampp\htdocs\php_milwa_trading\admin\controller\common\home.php on line 55
2023-05-04 10:32:34 - PHP Notice:  Undefined index: case_id in C:\xampp\htdocs\php_milwa_trading\admin\controller\common\home.php on line 56
2023-05-04 10:32:34 - PHP Notice:  Undefined variable: href_gl_mapping_account in C:\xampp\htdocs\php_milwa_trading\admin\view\template\common\column_left.tpl on line 68
2023-05-04 10:32:34 - PHP Notice:  Undefined index: gl_mapping_account in C:\xampp\htdocs\php_milwa_trading\admin\view\template\common\column_left.tpl on line 68
2023-05-04 10:32:34 - PHP Notice:  Undefined variable: href_tool_dashboard in C:\xampp\htdocs\php_milwa_trading\admin\view\template\common\column_left.tpl on line 231
2023-05-04 10:32:35 - PHP Notice:  Undefined variable: bank_receipts in C:\xampp\htdocs\php_milwa_trading\admin\view\template\common\home.tpl on line 258
2023-05-04 10:32:35 - PHP Warning:  Invalid argument supplied for foreach() in C:\xampp\htdocs\php_milwa_trading\admin\view\template\common\home.tpl on line 258
