2022-11-04 17:12:11 - PHP Notice:  Undefined index: from_time in C:\xampp\htdocs\php_milwa_trading\admin\controller\common\login.php on line 102
2022-11-04 17:12:11 - PHP Notice:  Undefined index: to_time in C:\xampp\htdocs\php_milwa_trading\admin\controller\common\login.php on line 103
2022-11-04 17:12:20 - PHP Notice:  Undefined index: from_time in C:\xampp\htdocs\php_milwa_trading\admin\controller\common\login.php on line 102
2022-11-04 17:12:20 - PHP Notice:  Undefined index: to_time in C:\xampp\htdocs\php_milwa_trading\admin\controller\common\login.php on line 103
2022-11-04 17:12:29 - PHP Notice:  Undefined index: db_name in C:\xampp\htdocs\php_milwa_trading\system\engine\hmodel.php on line 12
2022-11-04 17:12:29 - PHP Warning:  Invalid argument supplied for foreach() in C:\xampp\htdocs\php_milwa_trading\admin\view\template\common\preset.tpl on line 52
2022-11-04 17:12:31 - PHP Notice:  Undefined index: db_name in C:\xampp\htdocs\php_milwa_trading\system\engine\hmodel.php on line 12
2022-11-04 17:12:31 - PHP Notice:  Undefined index: case_id in C:\xampp\htdocs\php_milwa_trading\admin\controller\common\home.php on line 55
2022-11-04 17:12:31 - PHP Notice:  Undefined index: case_id in C:\xampp\htdocs\php_milwa_trading\admin\controller\common\home.php on line 56
2022-11-04 17:12:32 - PHP Notice:  Undefined variable: href_gl_mapping_account in C:\xampp\htdocs\php_milwa_trading\admin\view\template\common\column_left.tpl on line 66
2022-11-04 17:12:32 - PHP Notice:  Undefined index: gl_mapping_account in C:\xampp\htdocs\php_milwa_trading\admin\view\template\common\column_left.tpl on line 66
2022-11-04 17:12:32 - PHP Notice:  Undefined variable: href_tool_dashboard in C:\xampp\htdocs\php_milwa_trading\admin\view\template\common\column_left.tpl on line 229
2022-11-04 17:12:32 - PHP Notice:  Undefined variable: bank_receipts in C:\xampp\htdocs\php_milwa_trading\admin\view\template\common\home.tpl on line 258
2022-11-04 17:12:32 - PHP Warning:  Invalid argument supplied for foreach() in C:\xampp\htdocs\php_milwa_trading\admin\view\template\common\home.tpl on line 258
2022-11-04 17:12:59 - PHP Notice:  Undefined variable: href_gl_mapping_account in C:\xampp\htdocs\php_milwa_trading\admin\view\template\common\column_left.tpl on line 66
2022-11-04 17:12:59 - PHP Notice:  Undefined index: gl_mapping_account in C:\xampp\htdocs\php_milwa_trading\admin\view\template\common\column_left.tpl on line 66
2022-11-04 17:12:59 - PHP Notice:  Undefined variable: href_tool_dashboard in C:\xampp\htdocs\php_milwa_trading\admin\view\template\common\column_left.tpl on line 229
2022-11-04 17:12:59 - PHP Notice:  Undefined index: class in C:\xampp\htdocs\php_milwa_trading\admin\view\template\gl\receipts_list.tpl on line 19
2022-11-04 17:12:59 - PHP Notice:  Undefined index: class in C:\xampp\htdocs\php_milwa_trading\admin\view\template\gl\receipts_list.tpl on line 19
2022-11-04 17:12:59 - PHP Notice:  Undefined index: class in C:\xampp\htdocs\php_milwa_trading\admin\view\template\gl\receipts_list.tpl on line 19
2022-11-04 17:12:59 - PHP Notice:  Undefined variable: column_right in C:\xampp\htdocs\php_milwa_trading\admin\view\template\gl\receipts_list.tpl on line 79
2022-11-04 17:22:49 - PHP Notice:  Undefined index: receipt_id in C:\xampp\htdocs\php_milwa_trading\system\engine\hcontroller.php on line 223
2022-11-04 17:22:49 - PHP Notice:  Undefined index: receipt_id in C:\xampp\htdocs\php_milwa_trading\system\engine\hcontroller.php on line 224
2022-11-04 17:22:49 - PHP Notice:  Undefined index: receipt_id in C:\xampp\htdocs\php_milwa_trading\admin\controller\gl\receipts.php on line 330
2022-11-04 17:22:49 - PHP Notice:  Undefined index: receipt_id in C:\xampp\htdocs\php_milwa_trading\admin\controller\gl\receipts.php on line 339
2022-11-04 17:22:49 - PHP Notice:  Undefined index: receipt_id in C:\xampp\htdocs\php_milwa_trading\admin\controller\gl\receipts.php on line 340
2022-11-04 17:22:49 - PHP Notice:  Undefined index: receipt_id in C:\xampp\htdocs\php_milwa_trading\admin\controller\gl\receipts.php on line 341
2022-11-04 17:22:49 - PHP Notice:  Undefined variable: href_gl_mapping_account in C:\xampp\htdocs\php_milwa_trading\admin\view\template\common\column_left.tpl on line 66
2022-11-04 17:22:49 - PHP Notice:  Undefined index: gl_mapping_account in C:\xampp\htdocs\php_milwa_trading\admin\view\template\common\column_left.tpl on line 66
2022-11-04 17:22:49 - PHP Notice:  Undefined variable: href_tool_dashboard in C:\xampp\htdocs\php_milwa_trading\admin\view\template\common\column_left.tpl on line 229
2022-11-04 17:22:49 - PHP Notice:  Undefined index: class in C:\xampp\htdocs\php_milwa_trading\admin\view\template\gl\receipts_form.tpl on line 18
2022-11-04 17:22:49 - PHP Notice:  Undefined index: class in C:\xampp\htdocs\php_milwa_trading\admin\view\template\gl\receipts_form.tpl on line 18
2022-11-04 17:22:49 - PHP Notice:  Undefined index: class in C:\xampp\htdocs\php_milwa_trading\admin\view\template\gl\receipts_form.tpl on line 18
2022-11-04 17:22:49 - PHP Notice:  Undefined variable: is_post in C:\xampp\htdocs\php_milwa_trading\admin\view\template\gl\receipts_form.tpl on line 53
2022-11-04 17:22:49 - PHP Notice:  Undefined variable: document_type_id in C:\xampp\htdocs\php_milwa_trading\admin\view\template\gl\receipts_form.tpl on line 80
2022-11-04 17:22:49 - PHP Notice:  Undefined variable: document_id in C:\xampp\htdocs\php_milwa_trading\admin\view\template\gl\receipts_form.tpl on line 81
2022-11-04 17:22:49 - PHP Notice:  Undefined variable: action in C:\xampp\htdocs\php_milwa_trading\admin\view\template\gl\receipts_form.tpl on line 82
2022-11-04 17:22:49 - PHP Notice:  Undefined variable: manual_ref_no in C:\xampp\htdocs\php_milwa_trading\admin\view\template\gl\receipts_form.tpl on line 99
2022-11-04 17:22:49 - PHP Notice:  Undefined variable: transaction_account_id in C:\xampp\htdocs\php_milwa_trading\admin\view\template\gl\receipts_form.tpl on line 108
2022-11-04 17:22:49 - PHP Notice:  Undefined variable: transaction_account_id in C:\xampp\htdocs\php_milwa_trading\admin\view\template\gl\receipts_form.tpl on line 108
2022-11-04 17:22:49 - PHP Notice:  Undefined variable: transaction_account_id in C:\xampp\htdocs\php_milwa_trading\admin\view\template\gl\receipts_form.tpl on line 108
2022-11-04 17:22:49 - PHP Notice:  Undefined variable: partner_type_id in C:\xampp\htdocs\php_milwa_trading\admin\view\template\gl\receipts_form.tpl on line 122
2022-11-04 17:22:49 - PHP Notice:  Undefined variable: partner_type_id in C:\xampp\htdocs\php_milwa_trading\admin\view\template\gl\receipts_form.tpl on line 122
2022-11-04 17:22:49 - PHP Notice:  Undefined variable: partner_categorys in C:\xampp\htdocs\php_milwa_trading\admin\view\template\gl\receipts_form.tpl on line 133
2022-11-04 17:22:49 - PHP Warning:  Invalid argument supplied for foreach() in C:\xampp\htdocs\php_milwa_trading\admin\view\template\gl\receipts_form.tpl on line 133
2022-11-04 17:22:49 - PHP Notice:  Undefined variable: job_carts in C:\xampp\htdocs\php_milwa_trading\admin\view\template\gl\receipts_form.tpl on line 188
2022-11-04 17:22:49 - PHP Warning:  Invalid argument supplied for foreach() in C:\xampp\htdocs\php_milwa_trading\admin\view\template\gl\receipts_form.tpl on line 188
2022-11-04 17:22:49 - PHP Notice:  Undefined variable: wht_per in C:\xampp\htdocs\php_milwa_trading\admin\view\template\gl\receipts_form.tpl on line 199
2022-11-04 17:22:49 - PHP Notice:  Undefined variable: bank_name in C:\xampp\htdocs\php_milwa_trading\admin\view\template\gl\receipts_form.tpl on line 207
2022-11-04 17:22:49 - PHP Notice:  Undefined variable: cheque_date in C:\xampp\htdocs\php_milwa_trading\admin\view\template\gl\receipts_form.tpl on line 213
2022-11-04 17:22:49 - PHP Notice:  Undefined variable: cheque_no in C:\xampp\htdocs\php_milwa_trading\admin\view\template\gl\receipts_form.tpl on line 219
2022-11-04 17:22:49 - PHP Notice:  Undefined variable: remarks in C:\xampp\htdocs\php_milwa_trading\admin\view\template\gl\receipts_form.tpl on line 227
2022-11-04 17:22:49 - PHP Notice:  Undefined variable: receipt_details in C:\xampp\htdocs\php_milwa_trading\admin\view\template\gl\receipts_form.tpl on line 285
2022-11-04 17:22:49 - PHP Warning:  Invalid argument supplied for foreach() in C:\xampp\htdocs\php_milwa_trading\admin\view\template\gl\receipts_form.tpl on line 285
2022-11-04 17:22:49 - PHP Notice:  Undefined variable: total_amount in C:\xampp\htdocs\php_milwa_trading\admin\view\template\gl\receipts_form.tpl on line 369
2022-11-04 17:22:49 - PHP Notice:  Undefined variable: wht_tax_per in C:\xampp\htdocs\php_milwa_trading\admin\view\template\gl\receipts_form.tpl on line 375
2022-11-04 17:22:49 - PHP Notice:  Undefined variable: total_wht_amount in C:\xampp\htdocs\php_milwa_trading\admin\view\template\gl\receipts_form.tpl on line 381
2022-11-04 17:22:49 - PHP Notice:  Undefined variable: ot_tax_per in C:\xampp\htdocs\php_milwa_trading\admin\view\template\gl\receipts_form.tpl on line 387
2022-11-04 17:22:49 - PHP Notice:  Undefined variable: total_other_tax_amount in C:\xampp\htdocs\php_milwa_trading\admin\view\template\gl\receipts_form.tpl on line 393
2022-11-04 17:22:49 - PHP Notice:  Undefined variable: total_net_amount in C:\xampp\htdocs\php_milwa_trading\admin\view\template\gl\receipts_form.tpl on line 399
2022-11-04 17:22:49 - PHP Notice:  Undefined variable: is_post in C:\xampp\htdocs\php_milwa_trading\admin\view\template\gl\receipts_form.tpl on line 433
2022-11-04 17:22:49 - PHP Notice:  Undefined variable: isEdit in C:\xampp\htdocs\php_milwa_trading\admin\view\template\gl\receipts_form.tpl on line 453
2022-11-04 17:22:49 - PHP Notice:  Undefined index: sale_tax_invoice_id in C:\xampp\htdocs\php_milwa_trading\admin\view\template\gl\receipts_form.tpl on line 454
2022-11-04 17:22:49 - PHP Notice:  Undefined variable: partner_id in C:\xampp\htdocs\php_milwa_trading\admin\view\template\gl\receipts_form.tpl on line 456
2022-11-04 17:22:49 - PHP Notice:  Undefined variable: sub_project_id in C:\xampp\htdocs\php_milwa_trading\admin\view\template\gl\receipts_form.tpl on line 470
2022-11-04 17:22:49 - PHP Notice:  Undefined index: receipt_id in C:\xampp\htdocs\php_milwa_trading\admin\view\template\gl\receipts_form.tpl on line 473
2022-11-04 17:22:49 - PHP Notice:  Undefined variable: column_right in C:\xampp\htdocs\php_milwa_trading\admin\view\template\gl\receipts_form.tpl on line 483
2022-11-04 17:22:56 - PHP Notice:  Undefined variable: href_gl_mapping_account in C:\xampp\htdocs\php_milwa_trading\admin\view\template\common\column_left.tpl on line 66
2022-11-04 17:22:56 - PHP Notice:  Undefined index: gl_mapping_account in C:\xampp\htdocs\php_milwa_trading\admin\view\template\common\column_left.tpl on line 66
2022-11-04 17:22:56 - PHP Notice:  Undefined variable: href_tool_dashboard in C:\xampp\htdocs\php_milwa_trading\admin\view\template\common\column_left.tpl on line 229
2022-11-04 17:22:56 - PHP Notice:  Undefined index: class in C:\xampp\htdocs\php_milwa_trading\admin\view\template\gl\receipts_list.tpl on line 19
2022-11-04 17:22:56 - PHP Notice:  Undefined index: class in C:\xampp\htdocs\php_milwa_trading\admin\view\template\gl\receipts_list.tpl on line 19
2022-11-04 17:22:56 - PHP Notice:  Undefined index: class in C:\xampp\htdocs\php_milwa_trading\admin\view\template\gl\receipts_list.tpl on line 19
2022-11-04 17:22:56 - PHP Notice:  Undefined variable: column_right in C:\xampp\htdocs\php_milwa_trading\admin\view\template\gl\receipts_list.tpl on line 79
2022-11-04 17:23:04 - PHP Notice:  Undefined index: receipt_id in C:\xampp\htdocs\php_milwa_trading\system\engine\hcontroller.php on line 223
2022-11-04 17:23:04 - PHP Notice:  Undefined index: receipt_id in C:\xampp\htdocs\php_milwa_trading\system\engine\hcontroller.php on line 224
2022-11-04 17:23:04 - PHP Notice:  Undefined index: receipt_id in C:\xampp\htdocs\php_milwa_trading\admin\controller\gl\receipts.php on line 330
2022-11-04 17:23:04 - PHP Notice:  Undefined index: receipt_id in C:\xampp\htdocs\php_milwa_trading\admin\controller\gl\receipts.php on line 339
2022-11-04 17:23:04 - PHP Notice:  Undefined index: receipt_id in C:\xampp\htdocs\php_milwa_trading\admin\controller\gl\receipts.php on line 340
2022-11-04 17:23:04 - PHP Notice:  Undefined index: receipt_id in C:\xampp\htdocs\php_milwa_trading\admin\controller\gl\receipts.php on line 341
2022-11-04 17:23:04 - PHP Notice:  Undefined variable: href_gl_mapping_account in C:\xampp\htdocs\php_milwa_trading\admin\view\template\common\column_left.tpl on line 66
2022-11-04 17:23:04 - PHP Notice:  Undefined index: gl_mapping_account in C:\xampp\htdocs\php_milwa_trading\admin\view\template\common\column_left.tpl on line 66
2022-11-04 17:23:04 - PHP Notice:  Undefined variable: href_tool_dashboard in C:\xampp\htdocs\php_milwa_trading\admin\view\template\common\column_left.tpl on line 229
2022-11-04 17:23:04 - PHP Notice:  Undefined index: class in C:\xampp\htdocs\php_milwa_trading\admin\view\template\gl\receipts_form.tpl on line 18
2022-11-04 17:23:04 - PHP Notice:  Undefined index: class in C:\xampp\htdocs\php_milwa_trading\admin\view\template\gl\receipts_form.tpl on line 18
2022-11-04 17:23:04 - PHP Notice:  Undefined index: class in C:\xampp\htdocs\php_milwa_trading\admin\view\template\gl\receipts_form.tpl on line 18
2022-11-04 17:23:04 - PHP Notice:  Undefined variable: is_post in C:\xampp\htdocs\php_milwa_trading\admin\view\template\gl\receipts_form.tpl on line 53
2022-11-04 17:23:04 - PHP Notice:  Undefined variable: document_type_id in C:\xampp\htdocs\php_milwa_trading\admin\view\template\gl\receipts_form.tpl on line 80
2022-11-04 17:23:04 - PHP Notice:  Undefined variable: document_id in C:\xampp\htdocs\php_milwa_trading\admin\view\template\gl\receipts_form.tpl on line 81
2022-11-04 17:23:04 - PHP Notice:  Undefined variable: action in C:\xampp\htdocs\php_milwa_trading\admin\view\template\gl\receipts_form.tpl on line 82
2022-11-04 17:23:04 - PHP Notice:  Undefined variable: manual_ref_no in C:\xampp\htdocs\php_milwa_trading\admin\view\template\gl\receipts_form.tpl on line 99
2022-11-04 17:23:04 - PHP Notice:  Undefined variable: transaction_account_id in C:\xampp\htdocs\php_milwa_trading\admin\view\template\gl\receipts_form.tpl on line 108
2022-11-04 17:23:04 - PHP Notice:  Undefined variable: transaction_account_id in C:\xampp\htdocs\php_milwa_trading\admin\view\template\gl\receipts_form.tpl on line 108
2022-11-04 17:23:04 - PHP Notice:  Undefined variable: transaction_account_id in C:\xampp\htdocs\php_milwa_trading\admin\view\template\gl\receipts_form.tpl on line 108
2022-11-04 17:23:04 - PHP Notice:  Undefined variable: partner_type_id in C:\xampp\htdocs\php_milwa_trading\admin\view\template\gl\receipts_form.tpl on line 122
2022-11-04 17:23:04 - PHP Notice:  Undefined variable: partner_type_id in C:\xampp\htdocs\php_milwa_trading\admin\view\template\gl\receipts_form.tpl on line 122
2022-11-04 17:23:04 - PHP Notice:  Undefined variable: partner_categorys in C:\xampp\htdocs\php_milwa_trading\admin\view\template\gl\receipts_form.tpl on line 133
2022-11-04 17:23:04 - PHP Warning:  Invalid argument supplied for foreach() in C:\xampp\htdocs\php_milwa_trading\admin\view\template\gl\receipts_form.tpl on line 133
2022-11-04 17:23:04 - PHP Notice:  Undefined variable: job_carts in C:\xampp\htdocs\php_milwa_trading\admin\view\template\gl\receipts_form.tpl on line 188
2022-11-04 17:23:04 - PHP Warning:  Invalid argument supplied for foreach() in C:\xampp\htdocs\php_milwa_trading\admin\view\template\gl\receipts_form.tpl on line 188
2022-11-04 17:23:04 - PHP Notice:  Undefined variable: wht_per in C:\xampp\htdocs\php_milwa_trading\admin\view\template\gl\receipts_form.tpl on line 199
2022-11-04 17:23:04 - PHP Notice:  Undefined variable: bank_name in C:\xampp\htdocs\php_milwa_trading\admin\view\template\gl\receipts_form.tpl on line 207
2022-11-04 17:23:04 - PHP Notice:  Undefined variable: cheque_date in C:\xampp\htdocs\php_milwa_trading\admin\view\template\gl\receipts_form.tpl on line 213
2022-11-04 17:23:04 - PHP Notice:  Undefined variable: cheque_no in C:\xampp\htdocs\php_milwa_trading\admin\view\template\gl\receipts_form.tpl on line 219
2022-11-04 17:23:04 - PHP Notice:  Undefined variable: remarks in C:\xampp\htdocs\php_milwa_trading\admin\view\template\gl\receipts_form.tpl on line 227
2022-11-04 17:23:04 - PHP Notice:  Undefined variable: receipt_details in C:\xampp\htdocs\php_milwa_trading\admin\view\template\gl\receipts_form.tpl on line 285
2022-11-04 17:23:04 - PHP Warning:  Invalid argument supplied for foreach() in C:\xampp\htdocs\php_milwa_trading\admin\view\template\gl\receipts_form.tpl on line 285
2022-11-04 17:23:04 - PHP Notice:  Undefined variable: total_amount in C:\xampp\htdocs\php_milwa_trading\admin\view\template\gl\receipts_form.tpl on line 369
2022-11-04 17:23:04 - PHP Notice:  Undefined variable: wht_tax_per in C:\xampp\htdocs\php_milwa_trading\admin\view\template\gl\receipts_form.tpl on line 375
2022-11-04 17:23:04 - PHP Notice:  Undefined variable: total_wht_amount in C:\xampp\htdocs\php_milwa_trading\admin\view\template\gl\receipts_form.tpl on line 381
2022-11-04 17:23:04 - PHP Notice:  Undefined variable: ot_tax_per in C:\xampp\htdocs\php_milwa_trading\admin\view\template\gl\receipts_form.tpl on line 387
2022-11-04 17:23:04 - PHP Notice:  Undefined variable: total_other_tax_amount in C:\xampp\htdocs\php_milwa_trading\admin\view\template\gl\receipts_form.tpl on line 393
2022-11-04 17:23:04 - PHP Notice:  Undefined variable: total_net_amount in C:\xampp\htdocs\php_milwa_trading\admin\view\template\gl\receipts_form.tpl on line 399
2022-11-04 17:23:04 - PHP Notice:  Undefined variable: is_post in C:\xampp\htdocs\php_milwa_trading\admin\view\template\gl\receipts_form.tpl on line 433
2022-11-04 17:23:04 - PHP Notice:  Undefined variable: isEdit in C:\xampp\htdocs\php_milwa_trading\admin\view\template\gl\receipts_form.tpl on line 453
2022-11-04 17:23:04 - PHP Notice:  Undefined index: sale_tax_invoice_id in C:\xampp\htdocs\php_milwa_trading\admin\view\template\gl\receipts_form.tpl on line 454
2022-11-04 17:23:04 - PHP Notice:  Undefined variable: partner_id in C:\xampp\htdocs\php_milwa_trading\admin\view\template\gl\receipts_form.tpl on line 456
2022-11-04 17:23:04 - PHP Notice:  Undefined variable: sub_project_id in C:\xampp\htdocs\php_milwa_trading\admin\view\template\gl\receipts_form.tpl on line 470
2022-11-04 17:23:04 - PHP Notice:  Undefined index: receipt_id in C:\xampp\htdocs\php_milwa_trading\admin\view\template\gl\receipts_form.tpl on line 473
2022-11-04 17:23:04 - PHP Notice:  Undefined variable: column_right in C:\xampp\htdocs\php_milwa_trading\admin\view\template\gl\receipts_form.tpl on line 483
2022-11-04 17:23:16 - PHP Notice:  Undefined variable: href_gl_mapping_account in C:\xampp\htdocs\php_milwa_trading\admin\view\template\common\column_left.tpl on line 66
2022-11-04 17:23:16 - PHP Notice:  Undefined index: gl_mapping_account in C:\xampp\htdocs\php_milwa_trading\admin\view\template\common\column_left.tpl on line 66
2022-11-04 17:23:16 - PHP Notice:  Undefined variable: href_tool_dashboard in C:\xampp\htdocs\php_milwa_trading\admin\view\template\common\column_left.tpl on line 229
2022-11-04 17:23:16 - PHP Notice:  Undefined index: class in C:\xampp\htdocs\php_milwa_trading\admin\view\template\inventory\sale_tax_invoice_list.tpl on line 19
2022-11-04 17:23:16 - PHP Notice:  Undefined index: class in C:\xampp\htdocs\php_milwa_trading\admin\view\template\inventory\sale_tax_invoice_list.tpl on line 19
2022-11-04 17:23:16 - PHP Notice:  Undefined index: class in C:\xampp\htdocs\php_milwa_trading\admin\view\template\inventory\sale_tax_invoice_list.tpl on line 19
2022-11-04 17:23:16 - PHP Notice:  Undefined variable: column_right in C:\xampp\htdocs\php_milwa_trading\admin\view\template\inventory\sale_tax_invoice_list.tpl on line 79
2022-11-04 17:24:09 - PHP Warning:  mysqli::real_escape_string() expects parameter 1 to be string, array given in C:\xampp\htdocs\php_milwa_trading\system\database\dbmysqli.php on line 93
2022-11-04 17:24:09 - PHP Notice:  Undefined index: cheque_date in C:\xampp\htdocs\php_milwa_trading\admin\controller\gl\receipts.php on line 634
2022-11-04 17:24:09 - PHP Notice:  Undefined index: cheque_date in C:\xampp\htdocs\php_milwa_trading\admin\controller\gl\receipts.php on line 657
2022-11-04 17:24:09 - PHP Notice:  Undefined index: cheque_date in C:\xampp\htdocs\php_milwa_trading\admin\controller\gl\receipts.php on line 681
2022-11-04 17:24:10 - PHP Notice:  Undefined variable: href_gl_mapping_account in C:\xampp\htdocs\php_milwa_trading\admin\view\template\common\column_left.tpl on line 66
2022-11-04 17:24:10 - PHP Notice:  Undefined index: gl_mapping_account in C:\xampp\htdocs\php_milwa_trading\admin\view\template\common\column_left.tpl on line 66
2022-11-04 17:24:10 - PHP Notice:  Undefined variable: href_tool_dashboard in C:\xampp\htdocs\php_milwa_trading\admin\view\template\common\column_left.tpl on line 229
2022-11-04 17:24:10 - PHP Notice:  Undefined index: class in C:\xampp\htdocs\php_milwa_trading\admin\view\template\gl\receipts_list.tpl on line 19
2022-11-04 17:24:10 - PHP Notice:  Undefined index: class in C:\xampp\htdocs\php_milwa_trading\admin\view\template\gl\receipts_list.tpl on line 19
2022-11-04 17:24:10 - PHP Notice:  Undefined index: class in C:\xampp\htdocs\php_milwa_trading\admin\view\template\gl\receipts_list.tpl on line 19
2022-11-04 17:24:10 - PHP Notice:  Undefined variable: column_right in C:\xampp\htdocs\php_milwa_trading\admin\view\template\gl\receipts_list.tpl on line 79
2022-11-04 17:24:12 - PHP Notice:  Undefined variable: href_gl_mapping_account in C:\xampp\htdocs\php_milwa_trading\admin\view\template\common\column_left.tpl on line 66
2022-11-04 17:24:12 - PHP Notice:  Undefined index: gl_mapping_account in C:\xampp\htdocs\php_milwa_trading\admin\view\template\common\column_left.tpl on line 66
2022-11-04 17:24:12 - PHP Notice:  Undefined variable: href_tool_dashboard in C:\xampp\htdocs\php_milwa_trading\admin\view\template\common\column_left.tpl on line 229
2022-11-04 17:24:12 - PHP Notice:  Undefined index: class in C:\xampp\htdocs\php_milwa_trading\admin\view\template\gl\receipts_form.tpl on line 18
2022-11-04 17:24:12 - PHP Notice:  Undefined index: class in C:\xampp\htdocs\php_milwa_trading\admin\view\template\gl\receipts_form.tpl on line 18
2022-11-04 17:24:12 - PHP Notice:  Undefined index: class in C:\xampp\htdocs\php_milwa_trading\admin\view\template\gl\receipts_form.tpl on line 18
2022-11-04 17:24:12 - PHP Notice:  Undefined variable: action in C:\xampp\htdocs\php_milwa_trading\admin\view\template\gl\receipts_form.tpl on line 82
2022-11-04 17:24:12 - PHP Notice:  Undefined variable: partner_categorys in C:\xampp\htdocs\php_milwa_trading\admin\view\template\gl\receipts_form.tpl on line 133
2022-11-04 17:24:12 - PHP Warning:  Invalid argument supplied for foreach() in C:\xampp\htdocs\php_milwa_trading\admin\view\template\gl\receipts_form.tpl on line 133
2022-11-04 17:24:12 - PHP Notice:  Undefined variable: job_carts in C:\xampp\htdocs\php_milwa_trading\admin\view\template\gl\receipts_form.tpl on line 188
2022-11-04 17:24:12 - PHP Warning:  Invalid argument supplied for foreach() in C:\xampp\htdocs\php_milwa_trading\admin\view\template\gl\receipts_form.tpl on line 188
2022-11-04 17:24:12 - PHP Notice:  Undefined variable: wht_per in C:\xampp\htdocs\php_milwa_trading\admin\view\template\gl\receipts_form.tpl on line 199
2022-11-04 17:24:12 - PHP Notice:  Undefined variable: bank_name in C:\xampp\htdocs\php_milwa_trading\admin\view\template\gl\receipts_form.tpl on line 207
2022-11-04 17:24:12 - PHP Notice:  Undefined variable: cheque_date in C:\xampp\htdocs\php_milwa_trading\admin\view\template\gl\receipts_form.tpl on line 213
2022-11-04 17:24:12 - PHP Notice:  Undefined variable: cheque_no in C:\xampp\htdocs\php_milwa_trading\admin\view\template\gl\receipts_form.tpl on line 219
2022-11-04 17:24:12 - PHP Notice:  Undefined index: sale_tax_invoice_id in C:\xampp\htdocs\php_milwa_trading\admin\view\template\gl\receipts_form.tpl on line 454
2022-11-04 17:24:12 - PHP Notice:  Undefined variable: column_right in C:\xampp\htdocs\php_milwa_trading\admin\view\template\gl\receipts_form.tpl on line 483
2022-11-04 17:29:36 - PHP Notice:  Undefined variable: href_gl_mapping_account in C:\xampp\htdocs\php_milwa_trading\admin\view\template\common\column_left.tpl on line 66
2022-11-04 17:29:36 - PHP Notice:  Undefined index: gl_mapping_account in C:\xampp\htdocs\php_milwa_trading\admin\view\template\common\column_left.tpl on line 66
2022-11-04 17:29:36 - PHP Notice:  Undefined variable: href_tool_dashboard in C:\xampp\htdocs\php_milwa_trading\admin\view\template\common\column_left.tpl on line 229
2022-11-04 17:29:36 - PHP Notice:  Undefined index: class in C:\xampp\htdocs\php_milwa_trading\admin\view\template\gl\receipts_list.tpl on line 19
2022-11-04 17:29:36 - PHP Notice:  Undefined index: class in C:\xampp\htdocs\php_milwa_trading\admin\view\template\gl\receipts_list.tpl on line 19
2022-11-04 17:29:36 - PHP Notice:  Undefined index: class in C:\xampp\htdocs\php_milwa_trading\admin\view\template\gl\receipts_list.tpl on line 19
2022-11-04 17:29:36 - PHP Notice:  Undefined variable: column_right in C:\xampp\htdocs\php_milwa_trading\admin\view\template\gl\receipts_list.tpl on line 79
2022-11-04 17:33:45 - PHP Warning:  Declaration of ControllerGLModuleSetting::updateData($data) should be compatible with HController::updateData($primary_key, $data) in C:\xampp\htdocs\php_milwa_trading\admin\controller\gl\module_setting.php on line 91
2022-11-04 17:33:45 - PHP Notice:  Undefined index: school_id in C:\xampp\htdocs\php_milwa_trading\admin\controller\gl\module_setting.php on line 26
2022-11-04 17:33:45 - PHP Warning:  Declaration of ControllerGLModuleSetting::updateData($data) should be compatible with HController::updateData($primary_key, $data) in C:\xampp\htdocs\php_milwa_trading\admin\controller\gl\module_setting.php on line 91
2022-11-04 17:33:45 - PHP Notice:  Undefined index: setting_id in C:\xampp\htdocs\php_milwa_trading\system\engine\hcontroller.php on line 223
2022-11-04 17:33:45 - PHP Notice:  Undefined index: setting_id in C:\xampp\htdocs\php_milwa_trading\system\engine\hcontroller.php on line 224
2022-11-04 17:33:45 - PHP Notice:  Undefined variable: href_gl_mapping_account in C:\xampp\htdocs\php_milwa_trading\admin\view\template\common\column_left.tpl on line 66
2022-11-04 17:33:45 - PHP Notice:  Undefined index: gl_mapping_account in C:\xampp\htdocs\php_milwa_trading\admin\view\template\common\column_left.tpl on line 66
2022-11-04 17:33:45 - PHP Notice:  Undefined variable: href_tool_dashboard in C:\xampp\htdocs\php_milwa_trading\admin\view\template\common\column_left.tpl on line 229
2022-11-04 17:33:45 - PHP Notice:  Undefined index: class in C:\xampp\htdocs\php_milwa_trading\admin\view\template\gl\module_setting_form.tpl on line 18
2022-11-04 17:33:45 - PHP Notice:  Undefined index: class in C:\xampp\htdocs\php_milwa_trading\admin\view\template\gl\module_setting_form.tpl on line 18
2022-11-04 17:33:45 - PHP Notice:  Undefined index: class in C:\xampp\htdocs\php_milwa_trading\admin\view\template\gl\module_setting_form.tpl on line 18
2022-11-04 17:33:45 - PHP Notice:  Undefined variable: column_right in C:\xampp\htdocs\php_milwa_trading\admin\view\template\gl\module_setting_form.tpl on line 169
