2022-12-06 9:51:40 - PHP Notice:  Undefined variable: href_gl_mapping_account in C:\xampp\htdocs\php_milwa_trading\admin\view\template\common\column_left.tpl on line 66
2022-12-06 9:51:40 - PHP Notice:  Undefined index: gl_mapping_account in C:\xampp\htdocs\php_milwa_trading\admin\view\template\common\column_left.tpl on line 66
2022-12-06 9:51:40 - PHP Notice:  Undefined variable: href_tool_dashboard in C:\xampp\htdocs\php_milwa_trading\admin\view\template\common\column_left.tpl on line 229
2022-12-06 9:51:40 - PHP Notice:  Undefined index: class in C:\xampp\htdocs\php_milwa_trading\admin\view\template\inventory\sale_tax_invoice_list.tpl on line 19
2022-12-06 9:51:40 - PHP Notice:  Undefined index: class in C:\xampp\htdocs\php_milwa_trading\admin\view\template\inventory\sale_tax_invoice_list.tpl on line 19
2022-12-06 9:51:40 - PHP Notice:  Undefined index: class in C:\xampp\htdocs\php_milwa_trading\admin\view\template\inventory\sale_tax_invoice_list.tpl on line 19
2022-12-06 9:51:40 - PHP Notice:  Undefined variable: column_right in C:\xampp\htdocs\php_milwa_trading\admin\view\template\inventory\sale_tax_invoice_list.tpl on line 79
2022-12-06 9:51:46 - PHP Warning:  implode(): Invalid arguments passed in C:\xampp\htdocs\php_milwa_trading\admin\controller\inventory\sale_tax_invoice.php on line 285
2022-12-06 9:51:46 - PHP Notice:  Undefined index: announcement_id in C:\xampp\htdocs\php_milwa_trading\admin\controller\inventory\sale_tax_invoice.php on line 323
2022-12-06 9:51:46 - PHP Notice:  Undefined variable: href_gl_mapping_account in C:\xampp\htdocs\php_milwa_trading\admin\view\template\common\column_left.tpl on line 66
2022-12-06 9:51:46 - PHP Notice:  Undefined index: gl_mapping_account in C:\xampp\htdocs\php_milwa_trading\admin\view\template\common\column_left.tpl on line 66
2022-12-06 9:51:46 - PHP Notice:  Undefined variable: href_tool_dashboard in C:\xampp\htdocs\php_milwa_trading\admin\view\template\common\column_left.tpl on line 229
2022-12-06 9:51:46 - PHP Notice:  Undefined index: class in C:\xampp\htdocs\php_milwa_trading\admin\view\template\inventory\sale_tax_invoice_form.tpl on line 19
2022-12-06 9:51:46 - PHP Notice:  Undefined index: class in C:\xampp\htdocs\php_milwa_trading\admin\view\template\inventory\sale_tax_invoice_form.tpl on line 19
2022-12-06 9:51:46 - PHP Notice:  Undefined index: class in C:\xampp\htdocs\php_milwa_trading\admin\view\template\inventory\sale_tax_invoice_form.tpl on line 19
2022-12-06 9:51:46 - PHP Notice:  Undefined variable: action_cash_receipt in C:\xampp\htdocs\php_milwa_trading\admin\view\template\inventory\sale_tax_invoice_form.tpl on line 29
2022-12-06 9:51:46 - PHP Notice:  Undefined variable: action in C:\xampp\htdocs\php_milwa_trading\admin\view\template\inventory\sale_tax_invoice_form.tpl on line 96
2022-12-06 9:51:46 - PHP Notice:  Undefined variable: last_rate in C:\xampp\htdocs\php_milwa_trading\admin\view\template\inventory\sale_tax_invoice_form.tpl on line 303
2022-12-06 9:51:46 - PHP Notice:  Undefined index: href in C:\xampp\htdocs\php_milwa_trading\admin\view\template\inventory\sale_tax_invoice_form.tpl on line 344
2022-12-06 9:51:46 - PHP Notice:  Undefined variable: products in C:\xampp\htdocs\php_milwa_trading\admin\view\template\inventory\sale_tax_invoice_form.tpl on line 365
2022-12-06 9:51:46 - PHP Warning:  Invalid argument supplied for foreach() in C:\xampp\htdocs\php_milwa_trading\admin\view\template\inventory\sale_tax_invoice_form.tpl on line 365
2022-12-06 9:51:46 - PHP Notice:  Undefined variable: tax_per in C:\xampp\htdocs\php_milwa_trading\admin\view\template\inventory\sale_tax_invoice_form.tpl on line 478
2022-12-06 9:51:46 - PHP Notice:  Undefined variable: action_cash_receipt in C:\xampp\htdocs\php_milwa_trading\admin\view\template\inventory\sale_tax_invoice_form.tpl on line 519
2022-12-06 9:51:46 - PHP Notice:  Undefined variable: products in C:\xampp\htdocs\php_milwa_trading\admin\view\template\inventory\sale_tax_invoice_form.tpl on line 594
2022-12-06 9:51:46 - PHP Notice:  Undefined variable: column_right in C:\xampp\htdocs\php_milwa_trading\admin\view\template\inventory\sale_tax_invoice_form.tpl on line 736
2022-12-06 9:51:50 - PHP Notice:  Undefined variable: href_gl_mapping_account in C:\xampp\htdocs\php_milwa_trading\admin\view\template\common\column_left.tpl on line 66
2022-12-06 9:51:50 - PHP Notice:  Undefined index: gl_mapping_account in C:\xampp\htdocs\php_milwa_trading\admin\view\template\common\column_left.tpl on line 66
2022-12-06 9:51:50 - PHP Notice:  Undefined variable: href_tool_dashboard in C:\xampp\htdocs\php_milwa_trading\admin\view\template\common\column_left.tpl on line 229
2022-12-06 9:51:50 - PHP Notice:  Undefined index: class in C:\xampp\htdocs\php_milwa_trading\admin\view\template\inventory\sale_tax_invoice_list.tpl on line 19
2022-12-06 9:51:50 - PHP Notice:  Undefined index: class in C:\xampp\htdocs\php_milwa_trading\admin\view\template\inventory\sale_tax_invoice_list.tpl on line 19
2022-12-06 9:51:50 - PHP Notice:  Undefined index: class in C:\xampp\htdocs\php_milwa_trading\admin\view\template\inventory\sale_tax_invoice_list.tpl on line 19
2022-12-06 9:51:50 - PHP Notice:  Undefined variable: column_right in C:\xampp\htdocs\php_milwa_trading\admin\view\template\inventory\sale_tax_invoice_list.tpl on line 79
2022-12-06 9:51:53 - PHP Warning:  implode(): Invalid arguments passed in C:\xampp\htdocs\php_milwa_trading\admin\controller\inventory\sale_tax_invoice.php on line 285
2022-12-06 9:51:53 - PHP Notice:  Undefined index: announcement_id in C:\xampp\htdocs\php_milwa_trading\admin\controller\inventory\sale_tax_invoice.php on line 323
2022-12-06 9:51:53 - PHP Notice:  Undefined variable: href_gl_mapping_account in C:\xampp\htdocs\php_milwa_trading\admin\view\template\common\column_left.tpl on line 66
2022-12-06 9:51:53 - PHP Notice:  Undefined index: gl_mapping_account in C:\xampp\htdocs\php_milwa_trading\admin\view\template\common\column_left.tpl on line 66
2022-12-06 9:51:53 - PHP Notice:  Undefined variable: href_tool_dashboard in C:\xampp\htdocs\php_milwa_trading\admin\view\template\common\column_left.tpl on line 229
2022-12-06 9:51:53 - PHP Notice:  Undefined index: class in C:\xampp\htdocs\php_milwa_trading\admin\view\template\inventory\sale_tax_invoice_form.tpl on line 19
2022-12-06 9:51:53 - PHP Notice:  Undefined index: class in C:\xampp\htdocs\php_milwa_trading\admin\view\template\inventory\sale_tax_invoice_form.tpl on line 19
2022-12-06 9:51:53 - PHP Notice:  Undefined index: class in C:\xampp\htdocs\php_milwa_trading\admin\view\template\inventory\sale_tax_invoice_form.tpl on line 19
2022-12-06 9:51:53 - PHP Notice:  Undefined variable: action_cash_receipt in C:\xampp\htdocs\php_milwa_trading\admin\view\template\inventory\sale_tax_invoice_form.tpl on line 29
2022-12-06 9:51:53 - PHP Notice:  Undefined variable: action in C:\xampp\htdocs\php_milwa_trading\admin\view\template\inventory\sale_tax_invoice_form.tpl on line 96
2022-12-06 9:51:53 - PHP Notice:  Undefined variable: last_rate in C:\xampp\htdocs\php_milwa_trading\admin\view\template\inventory\sale_tax_invoice_form.tpl on line 303
2022-12-06 9:51:53 - PHP Notice:  Undefined index: href in C:\xampp\htdocs\php_milwa_trading\admin\view\template\inventory\sale_tax_invoice_form.tpl on line 344
2022-12-06 9:51:53 - PHP Notice:  Undefined variable: products in C:\xampp\htdocs\php_milwa_trading\admin\view\template\inventory\sale_tax_invoice_form.tpl on line 365
2022-12-06 9:51:53 - PHP Warning:  Invalid argument supplied for foreach() in C:\xampp\htdocs\php_milwa_trading\admin\view\template\inventory\sale_tax_invoice_form.tpl on line 365
2022-12-06 9:51:53 - PHP Notice:  Undefined variable: tax_per in C:\xampp\htdocs\php_milwa_trading\admin\view\template\inventory\sale_tax_invoice_form.tpl on line 478
2022-12-06 9:51:53 - PHP Notice:  Undefined variable: action_cash_receipt in C:\xampp\htdocs\php_milwa_trading\admin\view\template\inventory\sale_tax_invoice_form.tpl on line 519
2022-12-06 9:51:53 - PHP Notice:  Undefined variable: products in C:\xampp\htdocs\php_milwa_trading\admin\view\template\inventory\sale_tax_invoice_form.tpl on line 594
2022-12-06 9:51:53 - PHP Notice:  Undefined variable: column_right in C:\xampp\htdocs\php_milwa_trading\admin\view\template\inventory\sale_tax_invoice_form.tpl on line 736
2022-12-06 9:52:56 - PHP Warning:  implode(): Invalid arguments passed in C:\xampp\htdocs\php_milwa_trading\admin\controller\inventory\sale_tax_invoice.php on line 284
2022-12-06 9:52:56 - PHP Notice:  Undefined index: announcement_id in C:\xampp\htdocs\php_milwa_trading\admin\controller\inventory\sale_tax_invoice.php on line 330
2022-12-06 9:52:56 - PHP Notice:  Undefined variable: href_gl_mapping_account in C:\xampp\htdocs\php_milwa_trading\admin\view\template\common\column_left.tpl on line 66
2022-12-06 9:52:56 - PHP Notice:  Undefined index: gl_mapping_account in C:\xampp\htdocs\php_milwa_trading\admin\view\template\common\column_left.tpl on line 66
2022-12-06 9:52:56 - PHP Notice:  Undefined variable: href_tool_dashboard in C:\xampp\htdocs\php_milwa_trading\admin\view\template\common\column_left.tpl on line 229
2022-12-06 9:52:56 - PHP Notice:  Undefined index: class in C:\xampp\htdocs\php_milwa_trading\admin\view\template\inventory\sale_tax_invoice_form.tpl on line 19
2022-12-06 9:52:56 - PHP Notice:  Undefined index: class in C:\xampp\htdocs\php_milwa_trading\admin\view\template\inventory\sale_tax_invoice_form.tpl on line 19
2022-12-06 9:52:56 - PHP Notice:  Undefined index: class in C:\xampp\htdocs\php_milwa_trading\admin\view\template\inventory\sale_tax_invoice_form.tpl on line 19
2022-12-06 9:52:56 - PHP Notice:  Undefined variable: action_cash_receipt in C:\xampp\htdocs\php_milwa_trading\admin\view\template\inventory\sale_tax_invoice_form.tpl on line 29
2022-12-06 9:52:56 - PHP Notice:  Undefined variable: action in C:\xampp\htdocs\php_milwa_trading\admin\view\template\inventory\sale_tax_invoice_form.tpl on line 96
2022-12-06 9:52:56 - PHP Notice:  Undefined variable: last_rate in C:\xampp\htdocs\php_milwa_trading\admin\view\template\inventory\sale_tax_invoice_form.tpl on line 303
2022-12-06 9:52:56 - PHP Notice:  Undefined index: href in C:\xampp\htdocs\php_milwa_trading\admin\view\template\inventory\sale_tax_invoice_form.tpl on line 344
2022-12-06 9:52:56 - PHP Notice:  Undefined variable: products in C:\xampp\htdocs\php_milwa_trading\admin\view\template\inventory\sale_tax_invoice_form.tpl on line 365
2022-12-06 9:52:56 - PHP Warning:  Invalid argument supplied for foreach() in C:\xampp\htdocs\php_milwa_trading\admin\view\template\inventory\sale_tax_invoice_form.tpl on line 365
2022-12-06 9:52:56 - PHP Notice:  Undefined variable: tax_per in C:\xampp\htdocs\php_milwa_trading\admin\view\template\inventory\sale_tax_invoice_form.tpl on line 478
2022-12-06 9:52:56 - PHP Notice:  Undefined variable: action_cash_receipt in C:\xampp\htdocs\php_milwa_trading\admin\view\template\inventory\sale_tax_invoice_form.tpl on line 519
2022-12-06 9:52:56 - PHP Notice:  Undefined variable: products in C:\xampp\htdocs\php_milwa_trading\admin\view\template\inventory\sale_tax_invoice_form.tpl on line 594
2022-12-06 9:52:56 - PHP Notice:  Undefined variable: column_right in C:\xampp\htdocs\php_milwa_trading\admin\view\template\inventory\sale_tax_invoice_form.tpl on line 735
2022-12-06 9:54:17 - PHP Notice:  Undefined index: bilty_date in C:\xampp\htdocs\php_milwa_trading\admin\controller\inventory\sale_tax_invoice.php on line 1423
2022-12-06 9:54:17 - PHP Notice:  Undefined index: exempted in C:\xampp\htdocs\php_milwa_trading\admin\controller\inventory\sale_tax_invoice.php on line 1432
2022-12-06 9:54:17 - PHP Warning:  mysqli::real_escape_string() expects parameter 1 to be string, array given in C:\xampp\htdocs\php_milwa_trading\system\database\dbmysqli.php on line 93
2022-12-06 9:54:17 - PHP Notice:  Undefined index: warehouse_id in C:\xampp\htdocs\php_milwa_trading\admin\controller\inventory\sale_tax_invoice.php on line 1544
2022-12-06 9:54:17 - PHP Notice:  Undefined index: is_auto_increment in C:\xampp\htdocs\php_milwa_trading\system\engine\hmodel.php on line 196
2022-12-06 9:54:17 - PHP Notice:  Undefined index: column in C:\xampp\htdocs\php_milwa_trading\system\engine\hmodel.php on line 198
2022-12-06 9:54:17 - PHP Notice:  Undefined index: column in C:\xampp\htdocs\php_milwa_trading\system\engine\hmodel.php on line 199
2022-12-06 9:54:17 - PHP Notice:  Undefined index: is_auto_increment in C:\xampp\htdocs\php_milwa_trading\system\engine\hmodel.php on line 217
2022-12-06 9:54:17 - PHP Notice:  Undefined index: column in C:\xampp\htdocs\php_milwa_trading\system\engine\hmodel.php on line 220
2022-12-06 9:54:17 - PHP Notice:  Undefined index: labour_charges in C:\xampp\htdocs\php_milwa_trading\admin\controller\inventory\sale_tax_invoice.php on line 1775
2022-12-06 9:54:17 - PHP Notice:  Undefined index: misc_charges in C:\xampp\htdocs\php_milwa_trading\admin\controller\inventory\sale_tax_invoice.php on line 1788
2022-12-06 9:54:17 - PHP Notice:  Undefined index: rent_charges in C:\xampp\htdocs\php_milwa_trading\admin\controller\inventory\sale_tax_invoice.php on line 1801
2022-12-06 9:54:17 - PHP Notice:  Undefined index: invoice_type in C:\xampp\htdocs\php_milwa_trading\admin\controller\inventory\sale_tax_invoice.php on line 1851
2022-12-06 9:54:18 - PHP Notice:  Undefined variable: href_gl_mapping_account in C:\xampp\htdocs\php_milwa_trading\admin\view\template\common\column_left.tpl on line 66
2022-12-06 9:54:18 - PHP Notice:  Undefined index: gl_mapping_account in C:\xampp\htdocs\php_milwa_trading\admin\view\template\common\column_left.tpl on line 66
2022-12-06 9:54:18 - PHP Notice:  Undefined variable: href_tool_dashboard in C:\xampp\htdocs\php_milwa_trading\admin\view\template\common\column_left.tpl on line 229
2022-12-06 9:54:18 - PHP Notice:  Undefined index: class in C:\xampp\htdocs\php_milwa_trading\admin\view\template\inventory\sale_tax_invoice_list.tpl on line 19
2022-12-06 9:54:18 - PHP Notice:  Undefined index: class in C:\xampp\htdocs\php_milwa_trading\admin\view\template\inventory\sale_tax_invoice_list.tpl on line 19
2022-12-06 9:54:18 - PHP Notice:  Undefined index: class in C:\xampp\htdocs\php_milwa_trading\admin\view\template\inventory\sale_tax_invoice_list.tpl on line 19
2022-12-06 9:54:18 - PHP Notice:  Undefined variable: column_right in C:\xampp\htdocs\php_milwa_trading\admin\view\template\inventory\sale_tax_invoice_list.tpl on line 79
2022-12-06 9:54:22 - PHP Warning:  implode(): Invalid arguments passed in C:\xampp\htdocs\php_milwa_trading\admin\controller\inventory\sale_tax_invoice.php on line 284
2022-12-06 9:54:22 - PHP Notice:  Undefined index: announcement_id in C:\xampp\htdocs\php_milwa_trading\admin\controller\inventory\sale_tax_invoice.php on line 330
2022-12-06 9:54:22 - PHP Notice:  Undefined variable: href_gl_mapping_account in C:\xampp\htdocs\php_milwa_trading\admin\view\template\common\column_left.tpl on line 66
2022-12-06 9:54:22 - PHP Notice:  Undefined index: gl_mapping_account in C:\xampp\htdocs\php_milwa_trading\admin\view\template\common\column_left.tpl on line 66
2022-12-06 9:54:22 - PHP Notice:  Undefined variable: href_tool_dashboard in C:\xampp\htdocs\php_milwa_trading\admin\view\template\common\column_left.tpl on line 229
2022-12-06 9:54:22 - PHP Notice:  Undefined index: class in C:\xampp\htdocs\php_milwa_trading\admin\view\template\inventory\sale_tax_invoice_form.tpl on line 19
2022-12-06 9:54:22 - PHP Notice:  Undefined index: class in C:\xampp\htdocs\php_milwa_trading\admin\view\template\inventory\sale_tax_invoice_form.tpl on line 19
2022-12-06 9:54:22 - PHP Notice:  Undefined index: class in C:\xampp\htdocs\php_milwa_trading\admin\view\template\inventory\sale_tax_invoice_form.tpl on line 19
2022-12-06 9:54:22 - PHP Notice:  Undefined variable: action_cash_receipt in C:\xampp\htdocs\php_milwa_trading\admin\view\template\inventory\sale_tax_invoice_form.tpl on line 29
2022-12-06 9:54:22 - PHP Notice:  Undefined variable: action in C:\xampp\htdocs\php_milwa_trading\admin\view\template\inventory\sale_tax_invoice_form.tpl on line 96
2022-12-06 9:54:22 - PHP Notice:  Undefined variable: last_rate in C:\xampp\htdocs\php_milwa_trading\admin\view\template\inventory\sale_tax_invoice_form.tpl on line 303
2022-12-06 9:54:22 - PHP Notice:  Undefined index: href in C:\xampp\htdocs\php_milwa_trading\admin\view\template\inventory\sale_tax_invoice_form.tpl on line 344
2022-12-06 9:54:22 - PHP Notice:  Undefined variable: products in C:\xampp\htdocs\php_milwa_trading\admin\view\template\inventory\sale_tax_invoice_form.tpl on line 365
2022-12-06 9:54:22 - PHP Warning:  Invalid argument supplied for foreach() in C:\xampp\htdocs\php_milwa_trading\admin\view\template\inventory\sale_tax_invoice_form.tpl on line 365
2022-12-06 9:54:22 - PHP Notice:  Undefined variable: tax_per in C:\xampp\htdocs\php_milwa_trading\admin\view\template\inventory\sale_tax_invoice_form.tpl on line 478
2022-12-06 9:54:22 - PHP Notice:  Undefined variable: action_cash_receipt in C:\xampp\htdocs\php_milwa_trading\admin\view\template\inventory\sale_tax_invoice_form.tpl on line 519
2022-12-06 9:54:22 - PHP Notice:  Undefined variable: products in C:\xampp\htdocs\php_milwa_trading\admin\view\template\inventory\sale_tax_invoice_form.tpl on line 594
2022-12-06 9:54:22 - PHP Notice:  Undefined variable: column_right in C:\xampp\htdocs\php_milwa_trading\admin\view\template\inventory\sale_tax_invoice_form.tpl on line 735
2022-12-06 9:54:31 - PHP Warning:  Invalid argument supplied for foreach() in C:\xampp\htdocs\php_milwa_trading\admin\controller\inventory\sale_tax_invoice.php on line 2567
2022-12-06 9:54:31 - PHP Warning:  chr() expects parameter 1 to be int, string given in C:\xampp\htdocs\php_milwa_trading\system\library\tcpdf\include\tcpdf_fonts.php on line 1671
2022-12-06 9:54:32 - PHP Notice:  Undefined offset: 0 in C:\xampp\htdocs\php_milwa_trading\system\helper\utility.php on line 420
2022-12-06 9:54:32 - PHP Notice:  Undefined offset: 2 in C:\xampp\htdocs\php_milwa_trading\admin\controller\inventory\sale_tax_invoice.php on line 2719
2022-12-06 10:12:23 - PHP Notice:  Undefined index: db_name in C:\xampp\htdocs\php_milwa_trading\system\engine\hmodel.php on line 12
2022-12-06 10:12:23 - PHP Warning:  Invalid argument supplied for foreach() in C:\xampp\htdocs\php_milwa_trading\admin\view\template\common\preset.tpl on line 52
2022-12-06 10:12:25 - PHP Notice:  Undefined index: db_name in C:\xampp\htdocs\php_milwa_trading\system\engine\hmodel.php on line 12
2022-12-06 10:12:25 - PHP Notice:  Undefined index: case_id in C:\xampp\htdocs\php_milwa_trading\admin\controller\common\home.php on line 55
2022-12-06 10:12:25 - PHP Notice:  Undefined index: case_id in C:\xampp\htdocs\php_milwa_trading\admin\controller\common\home.php on line 56
2022-12-06 10:12:25 - PHP Notice:  Undefined variable: href_gl_mapping_account in C:\xampp\htdocs\php_milwa_trading\admin\view\template\common\column_left.tpl on line 66
2022-12-06 10:12:25 - PHP Notice:  Undefined index: gl_mapping_account in C:\xampp\htdocs\php_milwa_trading\admin\view\template\common\column_left.tpl on line 66
2022-12-06 10:12:25 - PHP Notice:  Undefined variable: href_tool_dashboard in C:\xampp\htdocs\php_milwa_trading\admin\view\template\common\column_left.tpl on line 229
2022-12-06 10:12:26 - PHP Notice:  Undefined variable: bank_receipts in C:\xampp\htdocs\php_milwa_trading\admin\view\template\common\home.tpl on line 258
2022-12-06 10:12:26 - PHP Warning:  Invalid argument supplied for foreach() in C:\xampp\htdocs\php_milwa_trading\admin\view\template\common\home.tpl on line 258
2022-12-06 10:12:46 - PHP Notice:  Undefined variable: href_gl_mapping_account in C:\xampp\htdocs\php_milwa_trading\admin\view\template\common\column_left.tpl on line 66
2022-12-06 10:12:46 - PHP Notice:  Undefined index: gl_mapping_account in C:\xampp\htdocs\php_milwa_trading\admin\view\template\common\column_left.tpl on line 66
2022-12-06 10:12:46 - PHP Notice:  Undefined variable: href_tool_dashboard in C:\xampp\htdocs\php_milwa_trading\admin\view\template\common\column_left.tpl on line 229
2022-12-06 10:12:46 - PHP Notice:  Undefined index: class in C:\xampp\htdocs\php_milwa_trading\admin\view\template\inventory\sale_tax_invoice_list.tpl on line 19
2022-12-06 10:12:46 - PHP Notice:  Undefined index: class in C:\xampp\htdocs\php_milwa_trading\admin\view\template\inventory\sale_tax_invoice_list.tpl on line 19
2022-12-06 10:12:46 - PHP Notice:  Undefined index: class in C:\xampp\htdocs\php_milwa_trading\admin\view\template\inventory\sale_tax_invoice_list.tpl on line 19
2022-12-06 10:12:46 - PHP Notice:  Undefined variable: column_right in C:\xampp\htdocs\php_milwa_trading\admin\view\template\inventory\sale_tax_invoice_list.tpl on line 79
2022-12-06 10:12:50 - PHP Notice:  Undefined index: sale_tax_invoice_id in C:\xampp\htdocs\php_milwa_trading\system\engine\hcontroller.php on line 223
2022-12-06 10:12:50 - PHP Notice:  Undefined index: sale_tax_invoice_id in C:\xampp\htdocs\php_milwa_trading\system\engine\hcontroller.php on line 224
2022-12-06 10:12:50 - PHP Notice:  Undefined index: sale_tax_invoice_id in C:\xampp\htdocs\php_milwa_trading\admin\controller\inventory\sale_tax_invoice.php on line 326
2022-12-06 10:12:50 - PHP Notice:  Undefined index: sale_tax_invoice_id in C:\xampp\htdocs\php_milwa_trading\admin\controller\inventory\sale_tax_invoice.php on line 328
2022-12-06 10:12:50 - PHP Notice:  Undefined index: announcement_id in C:\xampp\htdocs\php_milwa_trading\admin\controller\inventory\sale_tax_invoice.php on line 330
2022-12-06 10:12:50 - PHP Notice:  Undefined index: sale_tax_invoice_id in C:\xampp\htdocs\php_milwa_trading\admin\controller\inventory\sale_tax_invoice.php on line 332
2022-12-06 10:12:50 - PHP Notice:  Undefined index: sale_tax_invoice_id in C:\xampp\htdocs\php_milwa_trading\admin\controller\inventory\sale_tax_invoice.php on line 334
2022-12-06 10:12:50 - PHP Notice:  Undefined index: sale_tax_invoice_id in C:\xampp\htdocs\php_milwa_trading\admin\controller\inventory\sale_tax_invoice.php on line 336
2022-12-06 10:12:50 - PHP Notice:  Undefined index: sale_tax_invoice_id in C:\xampp\htdocs\php_milwa_trading\admin\controller\inventory\sale_tax_invoice.php on line 338
2022-12-06 10:12:50 - PHP Notice:  Undefined index: sale_tax_invoice_id in C:\xampp\htdocs\php_milwa_trading\admin\controller\inventory\sale_tax_invoice.php on line 340
2022-12-06 10:12:50 - PHP Notice:  Undefined index: sale_tax_invoice_id in C:\xampp\htdocs\php_milwa_trading\admin\controller\inventory\sale_tax_invoice.php on line 342
2022-12-06 10:12:50 - PHP Notice:  Undefined index: sale_tax_invoice_id in C:\xampp\htdocs\php_milwa_trading\admin\controller\inventory\sale_tax_invoice.php on line 344
2022-12-06 10:12:50 - PHP Notice:  Undefined index: sale_tax_invoice_id in C:\xampp\htdocs\php_milwa_trading\admin\controller\inventory\sale_tax_invoice.php on line 346
2022-12-06 10:12:50 - PHP Notice:  Undefined variable: href_gl_mapping_account in C:\xampp\htdocs\php_milwa_trading\admin\view\template\common\column_left.tpl on line 66
2022-12-06 10:12:50 - PHP Notice:  Undefined index: gl_mapping_account in C:\xampp\htdocs\php_milwa_trading\admin\view\template\common\column_left.tpl on line 66
2022-12-06 10:12:50 - PHP Notice:  Undefined variable: href_tool_dashboard in C:\xampp\htdocs\php_milwa_trading\admin\view\template\common\column_left.tpl on line 229
2022-12-06 10:12:50 - PHP Notice:  Undefined index: class in C:\xampp\htdocs\php_milwa_trading\admin\view\template\inventory\sale_tax_invoice_form.tpl on line 19
2022-12-06 10:12:50 - PHP Notice:  Undefined index: class in C:\xampp\htdocs\php_milwa_trading\admin\view\template\inventory\sale_tax_invoice_form.tpl on line 19
2022-12-06 10:12:50 - PHP Notice:  Undefined index: class in C:\xampp\htdocs\php_milwa_trading\admin\view\template\inventory\sale_tax_invoice_form.tpl on line 19
2022-12-06 10:12:50 - PHP Notice:  Undefined variable: is_post in C:\xampp\htdocs\php_milwa_trading\admin\view\template\inventory\sale_tax_invoice_form.tpl on line 68
2022-12-06 10:12:50 - PHP Notice:  Undefined variable: action in C:\xampp\htdocs\php_milwa_trading\admin\view\template\inventory\sale_tax_invoice_form.tpl on line 96
2022-12-06 10:12:50 - PHP Notice:  Undefined variable: document_type_id in C:\xampp\htdocs\php_milwa_trading\admin\view\template\inventory\sale_tax_invoice_form.tpl on line 98
2022-12-06 10:12:50 - PHP Notice:  Undefined variable: sale_tax_invoice_id in C:\xampp\htdocs\php_milwa_trading\admin\view\template\inventory\sale_tax_invoice_form.tpl on line 99
2022-12-06 10:12:50 - PHP Notice:  Undefined variable: invoice_type in C:\xampp\htdocs\php_milwa_trading\admin\view\template\inventory\sale_tax_invoice_form.tpl on line 130
2022-12-06 10:12:50 - PHP Notice:  Undefined variable: invoice_type in C:\xampp\htdocs\php_milwa_trading\admin\view\template\inventory\sale_tax_invoice_form.tpl on line 138
2022-12-06 10:12:50 - PHP Notice:  Undefined variable: document_identity in C:\xampp\htdocs\php_milwa_trading\admin\view\template\inventory\sale_tax_invoice_form.tpl on line 149
2022-12-06 10:12:50 - PHP Notice:  Undefined variable: manual_ref_no in C:\xampp\htdocs\php_milwa_trading\admin\view\template\inventory\sale_tax_invoice_form.tpl on line 161
2022-12-06 10:12:50 - PHP Notice:  Undefined variable: hs_code in C:\xampp\htdocs\php_milwa_trading\admin\view\template\inventory\sale_tax_invoice_form.tpl on line 167
2022-12-06 10:12:50 - PHP Notice:  Undefined variable: ref_documents in C:\xampp\htdocs\php_milwa_trading\admin\view\template\inventory\sale_tax_invoice_form.tpl on line 210
2022-12-06 10:12:50 - PHP Warning:  Invalid argument supplied for foreach() in C:\xampp\htdocs\php_milwa_trading\admin\view\template\inventory\sale_tax_invoice_form.tpl on line 210
2022-12-06 10:12:50 - PHP Notice:  Undefined variable: po_no in C:\xampp\htdocs\php_milwa_trading\admin\view\template\inventory\sale_tax_invoice_form.tpl on line 265
2022-12-06 10:12:50 - PHP Notice:  Undefined variable: dc_no in C:\xampp\htdocs\php_milwa_trading\admin\view\template\inventory\sale_tax_invoice_form.tpl on line 266
2022-12-06 10:12:50 - PHP Notice:  Undefined variable: po_date in C:\xampp\htdocs\php_milwa_trading\admin\view\template\inventory\sale_tax_invoice_form.tpl on line 273
2022-12-06 10:12:50 - PHP Notice:  Undefined variable: billty_no in C:\xampp\htdocs\php_milwa_trading\admin\view\template\inventory\sale_tax_invoice_form.tpl on line 279
2022-12-06 10:12:50 - PHP Notice:  Undefined variable: billty_date in C:\xampp\htdocs\php_milwa_trading\admin\view\template\inventory\sale_tax_invoice_form.tpl on line 285
2022-12-06 10:12:50 - PHP Notice:  Undefined variable: customer_remarks in C:\xampp\htdocs\php_milwa_trading\admin\view\template\inventory\sale_tax_invoice_form.tpl on line 291
2022-12-06 10:12:50 - PHP Notice:  Undefined variable: remarks in C:\xampp\htdocs\php_milwa_trading\admin\view\template\inventory\sale_tax_invoice_form.tpl on line 297
2022-12-06 10:12:50 - PHP Notice:  Undefined variable: last_rate in C:\xampp\htdocs\php_milwa_trading\admin\view\template\inventory\sale_tax_invoice_form.tpl on line 303
2022-12-06 10:12:50 - PHP Notice:  Undefined variable: sale_tax_invoice_details in C:\xampp\htdocs\php_milwa_trading\admin\view\template\inventory\sale_tax_invoice_form.tpl on line 336
2022-12-06 10:12:50 - PHP Warning:  Invalid argument supplied for foreach() in C:\xampp\htdocs\php_milwa_trading\admin\view\template\inventory\sale_tax_invoice_form.tpl on line 336
2022-12-06 10:12:50 - PHP Notice:  Undefined variable: sale_tax_invoice_details in C:\xampp\htdocs\php_milwa_trading\admin\view\template\inventory\sale_tax_invoice_form.tpl on line 440
2022-12-06 10:12:50 - PHP Warning:  count(): Parameter must be an array or an object that implements Countable in C:\xampp\htdocs\php_milwa_trading\admin\view\template\inventory\sale_tax_invoice_form.tpl on line 440
2022-12-06 10:12:50 - PHP Notice:  Undefined variable: item_amount in C:\xampp\htdocs\php_milwa_trading\admin\view\template\inventory\sale_tax_invoice_form.tpl on line 452
2022-12-06 10:12:50 - PHP Notice:  Undefined variable: item_discount in C:\xampp\htdocs\php_milwa_trading\admin\view\template\inventory\sale_tax_invoice_form.tpl on line 458
2022-12-06 10:12:50 - PHP Notice:  Undefined variable: item_tax in C:\xampp\htdocs\php_milwa_trading\admin\view\template\inventory\sale_tax_invoice_form.tpl on line 464
2022-12-06 10:12:50 - PHP Notice:  Undefined variable: item_total in C:\xampp\htdocs\php_milwa_trading\admin\view\template\inventory\sale_tax_invoice_form.tpl on line 470
2022-12-06 10:12:50 - PHP Notice:  Undefined variable: tax_per in C:\xampp\htdocs\php_milwa_trading\admin\view\template\inventory\sale_tax_invoice_form.tpl on line 478
2022-12-06 10:12:50 - PHP Notice:  Undefined variable: discount_amount in C:\xampp\htdocs\php_milwa_trading\admin\view\template\inventory\sale_tax_invoice_form.tpl on line 484
2022-12-06 10:12:50 - PHP Notice:  Undefined variable: cartage in C:\xampp\htdocs\php_milwa_trading\admin\view\template\inventory\sale_tax_invoice_form.tpl on line 490
2022-12-06 10:12:50 - PHP Notice:  Undefined variable: net_amount in C:\xampp\htdocs\php_milwa_trading\admin\view\template\inventory\sale_tax_invoice_form.tpl on line 496
2022-12-06 10:12:50 - PHP Notice:  Undefined variable: cash_received in C:\xampp\htdocs\php_milwa_trading\admin\view\template\inventory\sale_tax_invoice_form.tpl on line 504
2022-12-06 10:12:50 - PHP Notice:  Undefined variable: balance_amount in C:\xampp\htdocs\php_milwa_trading\admin\view\template\inventory\sale_tax_invoice_form.tpl on line 510
2022-12-06 10:12:50 - PHP Notice:  Undefined variable: is_post in C:\xampp\htdocs\php_milwa_trading\admin\view\template\inventory\sale_tax_invoice_form.tpl on line 558
2022-12-06 10:12:50 - PHP Notice:  Undefined variable: isEdit in C:\xampp\htdocs\php_milwa_trading\admin\view\template\inventory\sale_tax_invoice_form.tpl on line 580
2022-12-06 10:12:50 - PHP Notice:  Undefined variable: sale_type in C:\xampp\htdocs\php_milwa_trading\admin\view\template\inventory\sale_tax_invoice_form.tpl on line 582
2022-12-06 10:12:50 - PHP Notice:  Undefined variable: partner_id in C:\xampp\htdocs\php_milwa_trading\admin\view\template\inventory\sale_tax_invoice_form.tpl on line 585
2022-12-06 10:12:50 - PHP Notice:  Undefined variable: products in C:\xampp\htdocs\php_milwa_trading\admin\view\template\inventory\sale_tax_invoice_form.tpl on line 594
2022-12-06 10:12:50 - PHP Notice:  Undefined index: sale_tax_invoice_id in C:\xampp\htdocs\php_milwa_trading\admin\view\template\inventory\sale_tax_invoice_form.tpl on line 650
2022-12-06 10:12:50 - PHP Notice:  Undefined variable: column_right in C:\xampp\htdocs\php_milwa_trading\admin\view\template\inventory\sale_tax_invoice_form.tpl on line 735
2022-12-06 10:12:55 - PHP Warning:  Declaration of ControllerInventoryModuleSetting::updateData($data) should be compatible with HController::updateData($primary_key, $data) in C:\xampp\htdocs\php_milwa_trading\admin\controller\inventory\module_setting.php on line 115
2022-12-06 10:12:55 - PHP Notice:  Undefined index: school_id in C:\xampp\htdocs\php_milwa_trading\admin\controller\inventory\module_setting.php on line 26
2022-12-06 10:12:55 - PHP Warning:  Declaration of ControllerInventoryModuleSetting::updateData($data) should be compatible with HController::updateData($primary_key, $data) in C:\xampp\htdocs\php_milwa_trading\admin\controller\inventory\module_setting.php on line 115
2022-12-06 10:12:55 - PHP Notice:  Undefined index: setting_id in C:\xampp\htdocs\php_milwa_trading\system\engine\hcontroller.php on line 223
2022-12-06 10:12:55 - PHP Notice:  Undefined index: setting_id in C:\xampp\htdocs\php_milwa_trading\system\engine\hcontroller.php on line 224
2022-12-06 10:12:55 - PHP Notice:  Undefined variable: href_gl_mapping_account in C:\xampp\htdocs\php_milwa_trading\admin\view\template\common\column_left.tpl on line 66
2022-12-06 10:12:55 - PHP Notice:  Undefined index: gl_mapping_account in C:\xampp\htdocs\php_milwa_trading\admin\view\template\common\column_left.tpl on line 66
2022-12-06 10:12:55 - PHP Notice:  Undefined variable: href_tool_dashboard in C:\xampp\htdocs\php_milwa_trading\admin\view\template\common\column_left.tpl on line 229
2022-12-06 10:12:55 - PHP Notice:  Undefined index: class in C:\xampp\htdocs\php_milwa_trading\admin\view\template\inventory\module_setting_form.tpl on line 19
2022-12-06 10:12:55 - PHP Notice:  Undefined index: class in C:\xampp\htdocs\php_milwa_trading\admin\view\template\inventory\module_setting_form.tpl on line 19
2022-12-06 10:12:55 - PHP Notice:  Undefined index: class in C:\xampp\htdocs\php_milwa_trading\admin\view\template\inventory\module_setting_form.tpl on line 19
2022-12-06 10:12:55 - PHP Notice:  Undefined variable: auto_generate_product_code in C:\xampp\htdocs\php_milwa_trading\admin\view\template\inventory\module_setting_form.tpl on line 405
2022-12-06 10:12:55 - PHP Notice:  Undefined variable: column_right in C:\xampp\htdocs\php_milwa_trading\admin\view\template\inventory\module_setting_form.tpl on line 439
2022-12-06 10:13:00 - PHP Warning:  Declaration of ControllerInventoryModuleSetting::updateData($data) should be compatible with HController::updateData($primary_key, $data) in C:\xampp\htdocs\php_milwa_trading\admin\controller\inventory\module_setting.php on line 115
2022-12-06 10:13:00 - PHP Warning:  Declaration of ControllerInventoryModuleSetting::updateData($data) should be compatible with HController::updateData($primary_key, $data) in C:\xampp\htdocs\php_milwa_trading\admin\controller\inventory\module_setting.php on line 115
2022-12-06 10:13:00 - PHP Notice:  Undefined index: school_id in C:\xampp\htdocs\php_milwa_trading\admin\controller\inventory\module_setting.php on line 26
2022-12-06 10:13:00 - PHP Warning:  Declaration of ControllerInventoryModuleSetting::updateData($data) should be compatible with HController::updateData($primary_key, $data) in C:\xampp\htdocs\php_milwa_trading\admin\controller\inventory\module_setting.php on line 115
2022-12-06 10:13:00 - PHP Notice:  Undefined index: setting_id in C:\xampp\htdocs\php_milwa_trading\system\engine\hcontroller.php on line 223
2022-12-06 10:13:00 - PHP Notice:  Undefined index: setting_id in C:\xampp\htdocs\php_milwa_trading\system\engine\hcontroller.php on line 224
2022-12-06 10:13:00 - PHP Notice:  Undefined variable: href_gl_mapping_account in C:\xampp\htdocs\php_milwa_trading\admin\view\template\common\column_left.tpl on line 66
2022-12-06 10:13:00 - PHP Notice:  Undefined index: gl_mapping_account in C:\xampp\htdocs\php_milwa_trading\admin\view\template\common\column_left.tpl on line 66
2022-12-06 10:13:00 - PHP Notice:  Undefined variable: href_tool_dashboard in C:\xampp\htdocs\php_milwa_trading\admin\view\template\common\column_left.tpl on line 229
2022-12-06 10:13:00 - PHP Notice:  Undefined index: class in C:\xampp\htdocs\php_milwa_trading\admin\view\template\inventory\module_setting_form.tpl on line 19
2022-12-06 10:13:00 - PHP Notice:  Undefined index: class in C:\xampp\htdocs\php_milwa_trading\admin\view\template\inventory\module_setting_form.tpl on line 19
2022-12-06 10:13:00 - PHP Notice:  Undefined index: class in C:\xampp\htdocs\php_milwa_trading\admin\view\template\inventory\module_setting_form.tpl on line 19
2022-12-06 10:13:00 - PHP Notice:  Undefined variable: auto_generate_product_code in C:\xampp\htdocs\php_milwa_trading\admin\view\template\inventory\module_setting_form.tpl on line 405
2022-12-06 10:13:00 - PHP Notice:  Undefined variable: allow_out_of_stock in C:\xampp\htdocs\php_milwa_trading\admin\view\template\inventory\module_setting_form.tpl on line 411
2022-12-06 10:13:00 - PHP Notice:  Undefined variable: column_right in C:\xampp\htdocs\php_milwa_trading\admin\view\template\inventory\module_setting_form.tpl on line 439
2022-12-06 10:13:04 - PHP Notice:  Undefined variable: href_gl_mapping_account in C:\xampp\htdocs\php_milwa_trading\admin\view\template\common\column_left.tpl on line 66
2022-12-06 10:13:04 - PHP Notice:  Undefined index: gl_mapping_account in C:\xampp\htdocs\php_milwa_trading\admin\view\template\common\column_left.tpl on line 66
2022-12-06 10:13:04 - PHP Notice:  Undefined variable: href_tool_dashboard in C:\xampp\htdocs\php_milwa_trading\admin\view\template\common\column_left.tpl on line 229
2022-12-06 10:13:04 - PHP Notice:  Undefined index: class in C:\xampp\htdocs\php_milwa_trading\admin\view\template\report\stock.tpl on line 18
2022-12-06 10:13:04 - PHP Notice:  Undefined index: class in C:\xampp\htdocs\php_milwa_trading\admin\view\template\report\stock.tpl on line 18
2022-12-06 10:13:04 - PHP Notice:  Undefined index: class in C:\xampp\htdocs\php_milwa_trading\admin\view\template\report\stock.tpl on line 18
2022-12-06 10:13:04 - PHP Notice:  Undefined variable: container_no in C:\xampp\htdocs\php_milwa_trading\admin\view\template\report\stock.tpl on line 89
2022-12-06 10:13:04 - PHP Notice:  Undefined variable: href_print_excel in C:\xampp\htdocs\php_milwa_trading\admin\view\template\report\stock.tpl on line 191
2022-12-06 10:13:04 - PHP Notice:  Undefined variable: column_right in C:\xampp\htdocs\php_milwa_trading\admin\view\template\report\stock.tpl on line 277
2022-12-06 10:13:09 - PHP Notice:  Undefined index: product_id in C:\xampp\htdocs\php_milwa_trading\admin\controller\report\stock.php on line 1455
2022-12-06 10:13:09 - PHP Notice:  Undefined index: brand_id in C:\xampp\htdocs\php_milwa_trading\admin\controller\report\stock.php on line 1459
2022-12-06 10:13:09 - PHP Notice:  Undefined index: output in C:\xampp\htdocs\php_milwa_trading\admin\controller\report\stock.php on line 1496
2022-12-06 10:13:09 - PHP Warning:  chr() expects parameter 1 to be int, string given in C:\xampp\htdocs\php_milwa_trading\system\library\tcpdf\include\tcpdf_fonts.php on line 1671
2022-12-06 10:13:09 - PHP Notice:  Undefined index: brand_id in C:\xampp\htdocs\php_milwa_trading\admin\controller\report\stock.php on line 1649
2022-12-06 10:13:09 - PHP Notice:  Undefined index: name in C:\xampp\htdocs\php_milwa_trading\admin\controller\report\stock.php on line 1659
2022-12-06 10:13:10 - PHP Notice:  Undefined index: name in C:\xampp\htdocs\php_milwa_trading\admin\controller\report\stock.php on line 1660
2022-12-06 10:13:16 - PHP Notice:  Undefined index: product_id in C:\xampp\htdocs\php_milwa_trading\admin\controller\report\stock.php on line 1455
2022-12-06 10:13:16 - PHP Notice:  Undefined index: brand_id in C:\xampp\htdocs\php_milwa_trading\admin\controller\report\stock.php on line 1459
2022-12-06 10:13:16 - PHP Notice:  Undefined index: output in C:\xampp\htdocs\php_milwa_trading\admin\controller\report\stock.php on line 1496
2022-12-06 10:13:16 - PHP Warning:  chr() expects parameter 1 to be int, string given in C:\xampp\htdocs\php_milwa_trading\system\library\tcpdf\include\tcpdf_fonts.php on line 1671
2022-12-06 10:13:16 - PHP Notice:  Undefined index: brand_id in C:\xampp\htdocs\php_milwa_trading\admin\controller\report\stock.php on line 1649
2022-12-06 10:13:16 - PHP Notice:  Undefined index: name in C:\xampp\htdocs\php_milwa_trading\admin\controller\report\stock.php on line 1659
2022-12-06 10:13:16 - PHP Notice:  Undefined index: name in C:\xampp\htdocs\php_milwa_trading\admin\controller\report\stock.php on line 1660
2022-12-06 10:13:24 - PHP Notice:  Undefined index: page in C:\xampp\htdocs\php_milwa_trading\admin\controller\inventory\sale_tax_invoice.php on line 372
2022-12-06 10:13:27 - PHP Notice:  Undefined index: branch_id in C:\xampp\htdocs\php_milwa_trading\admin\controller\common\function.php on line 119
2022-12-06 10:13:28 - PHP Notice:  Undefined index: rate in C:\xampp\htdocs\php_milwa_trading\admin\controller\common\function.php on line 130
2022-12-06 10:13:28 - PHP Notice:  Undefined index: rate in C:\xampp\htdocs\php_milwa_trading\admin\controller\common\function.php on line 134
2022-12-06 10:13:46 - PHP Notice:  Undefined index: ref_document_id in C:\xampp\htdocs\php_milwa_trading\admin\controller\inventory\sale_tax_invoice.php on line 904
2022-12-06 10:13:46 - PHP Notice:  Undefined index: bilty_date in C:\xampp\htdocs\php_milwa_trading\admin\controller\inventory\sale_tax_invoice.php on line 918
2022-12-06 10:13:46 - PHP Warning:  mysqli::real_escape_string() expects parameter 1 to be string, array given in C:\xampp\htdocs\php_milwa_trading\system\database\dbmysqli.php on line 93
2022-12-06 10:13:46 - PHP Notice:  Undefined index: exempted in C:\xampp\htdocs\php_milwa_trading\admin\controller\inventory\sale_tax_invoice.php on line 956
2022-12-06 10:13:46 - PHP Notice:  Undefined index: is_auto_increment in C:\xampp\htdocs\php_milwa_trading\system\engine\hmodel.php on line 196
2022-12-06 10:13:46 - PHP Notice:  Undefined index: column in C:\xampp\htdocs\php_milwa_trading\system\engine\hmodel.php on line 198
2022-12-06 10:13:46 - PHP Notice:  Undefined index: column in C:\xampp\htdocs\php_milwa_trading\system\engine\hmodel.php on line 199
2022-12-06 10:13:46 - PHP Notice:  Undefined index: is_auto_increment in C:\xampp\htdocs\php_milwa_trading\system\engine\hmodel.php on line 217
2022-12-06 10:13:46 - PHP Notice:  Undefined index: column in C:\xampp\htdocs\php_milwa_trading\system\engine\hmodel.php on line 220
2022-12-06 10:13:46 - PHP Notice:  Undefined index: container_no in C:\xampp\htdocs\php_milwa_trading\admin\controller\inventory\sale_tax_invoice.php on line 1126
2022-12-06 10:13:46 - PHP Notice:  Undefined index: batch_no in C:\xampp\htdocs\php_milwa_trading\admin\controller\inventory\sale_tax_invoice.php on line 1127
2022-12-06 10:13:46 - PHP Notice:  Undefined index: ref_document_id in C:\xampp\htdocs\php_milwa_trading\admin\controller\inventory\sale_tax_invoice.php on line 1169
2022-12-06 10:13:46 - PHP Notice:  Undefined index: ref_document_id in C:\xampp\htdocs\php_milwa_trading\admin\controller\inventory\sale_tax_invoice.php on line 1189
2022-12-06 10:13:46 - PHP Notice:  Undefined index: labour_charges in C:\xampp\htdocs\php_milwa_trading\admin\controller\inventory\sale_tax_invoice.php on line 1272
2022-12-06 10:13:46 - PHP Notice:  Undefined index: misc_charges in C:\xampp\htdocs\php_milwa_trading\admin\controller\inventory\sale_tax_invoice.php on line 1285
2022-12-06 10:13:46 - PHP Notice:  Undefined index: rent_charges in C:\xampp\htdocs\php_milwa_trading\admin\controller\inventory\sale_tax_invoice.php on line 1298
2022-12-06 10:13:46 - PHP Notice:  Undefined index: invoice_type in C:\xampp\htdocs\php_milwa_trading\admin\controller\inventory\sale_tax_invoice.php on line 1348
2022-12-06 10:13:47 - PHP Warning:  implode(): Invalid arguments passed in C:\xampp\htdocs\php_milwa_trading\admin\controller\inventory\sale_tax_invoice.php on line 284
2022-12-06 10:13:47 - PHP Notice:  Undefined index: manual_ref_no in C:\xampp\htdocs\php_milwa_trading\admin\controller\inventory\sale_tax_invoice.php on line 303
2022-12-06 10:13:47 - PHP Notice:  Undefined index: announcement_id in C:\xampp\htdocs\php_milwa_trading\admin\controller\inventory\sale_tax_invoice.php on line 330
2022-12-06 10:13:47 - PHP Notice:  Undefined variable: href_gl_mapping_account in C:\xampp\htdocs\php_milwa_trading\admin\view\template\common\column_left.tpl on line 66
2022-12-06 10:13:47 - PHP Notice:  Undefined index: gl_mapping_account in C:\xampp\htdocs\php_milwa_trading\admin\view\template\common\column_left.tpl on line 66
2022-12-06 10:13:47 - PHP Notice:  Undefined variable: href_tool_dashboard in C:\xampp\htdocs\php_milwa_trading\admin\view\template\common\column_left.tpl on line 229
2022-12-06 10:13:47 - PHP Notice:  Undefined index: class in C:\xampp\htdocs\php_milwa_trading\admin\view\template\inventory\sale_tax_invoice_form.tpl on line 19
2022-12-06 10:13:47 - PHP Notice:  Undefined index: class in C:\xampp\htdocs\php_milwa_trading\admin\view\template\inventory\sale_tax_invoice_form.tpl on line 19
2022-12-06 10:13:47 - PHP Notice:  Undefined index: class in C:\xampp\htdocs\php_milwa_trading\admin\view\template\inventory\sale_tax_invoice_form.tpl on line 19
2022-12-06 10:13:47 - PHP Notice:  Undefined variable: action_cash_receipt in C:\xampp\htdocs\php_milwa_trading\admin\view\template\inventory\sale_tax_invoice_form.tpl on line 29
2022-12-06 10:13:47 - PHP Notice:  Undefined variable: action in C:\xampp\htdocs\php_milwa_trading\admin\view\template\inventory\sale_tax_invoice_form.tpl on line 96
2022-12-06 10:13:47 - PHP Notice:  Undefined variable: last_rate in C:\xampp\htdocs\php_milwa_trading\admin\view\template\inventory\sale_tax_invoice_form.tpl on line 303
2022-12-06 10:13:47 - PHP Notice:  Undefined index: href in C:\xampp\htdocs\php_milwa_trading\admin\view\template\inventory\sale_tax_invoice_form.tpl on line 344
2022-12-06 10:13:47 - PHP Notice:  Undefined variable: products in C:\xampp\htdocs\php_milwa_trading\admin\view\template\inventory\sale_tax_invoice_form.tpl on line 365
2022-12-06 10:13:47 - PHP Warning:  Invalid argument supplied for foreach() in C:\xampp\htdocs\php_milwa_trading\admin\view\template\inventory\sale_tax_invoice_form.tpl on line 365
2022-12-06 10:13:47 - PHP Notice:  Undefined variable: tax_per in C:\xampp\htdocs\php_milwa_trading\admin\view\template\inventory\sale_tax_invoice_form.tpl on line 478
2022-12-06 10:13:47 - PHP Notice:  Undefined variable: action_cash_receipt in C:\xampp\htdocs\php_milwa_trading\admin\view\template\inventory\sale_tax_invoice_form.tpl on line 519
2022-12-06 10:13:47 - PHP Notice:  Undefined variable: products in C:\xampp\htdocs\php_milwa_trading\admin\view\template\inventory\sale_tax_invoice_form.tpl on line 594
2022-12-06 10:13:47 - PHP Notice:  Undefined variable: column_right in C:\xampp\htdocs\php_milwa_trading\admin\view\template\inventory\sale_tax_invoice_form.tpl on line 735
2022-12-06 10:14:03 - PHP Notice:  Undefined variable: href_gl_mapping_account in C:\xampp\htdocs\php_milwa_trading\admin\view\template\common\column_left.tpl on line 66
2022-12-06 10:14:03 - PHP Notice:  Undefined index: gl_mapping_account in C:\xampp\htdocs\php_milwa_trading\admin\view\template\common\column_left.tpl on line 66
2022-12-06 10:14:03 - PHP Notice:  Undefined variable: href_tool_dashboard in C:\xampp\htdocs\php_milwa_trading\admin\view\template\common\column_left.tpl on line 229
2022-12-06 10:14:03 - PHP Notice:  Undefined index: class in C:\xampp\htdocs\php_milwa_trading\admin\view\template\inventory\sale_tax_invoice_list.tpl on line 19
2022-12-06 10:14:03 - PHP Notice:  Undefined index: class in C:\xampp\htdocs\php_milwa_trading\admin\view\template\inventory\sale_tax_invoice_list.tpl on line 19
2022-12-06 10:14:03 - PHP Notice:  Undefined index: class in C:\xampp\htdocs\php_milwa_trading\admin\view\template\inventory\sale_tax_invoice_list.tpl on line 19
2022-12-06 10:14:03 - PHP Notice:  Undefined variable: column_right in C:\xampp\htdocs\php_milwa_trading\admin\view\template\inventory\sale_tax_invoice_list.tpl on line 79
2022-12-06 10:14:19 - PHP Warning:  implode(): Invalid arguments passed in C:\xampp\htdocs\php_milwa_trading\admin\controller\inventory\sale_tax_invoice.php on line 284
2022-12-06 10:14:19 - PHP Notice:  Undefined index: manual_ref_no in C:\xampp\htdocs\php_milwa_trading\admin\controller\inventory\sale_tax_invoice.php on line 303
2022-12-06 10:14:19 - PHP Notice:  Undefined index: announcement_id in C:\xampp\htdocs\php_milwa_trading\admin\controller\inventory\sale_tax_invoice.php on line 330
2022-12-06 10:14:19 - PHP Notice:  Undefined variable: href_gl_mapping_account in C:\xampp\htdocs\php_milwa_trading\admin\view\template\common\column_left.tpl on line 66
2022-12-06 10:14:19 - PHP Notice:  Undefined index: gl_mapping_account in C:\xampp\htdocs\php_milwa_trading\admin\view\template\common\column_left.tpl on line 66
2022-12-06 10:14:19 - PHP Notice:  Undefined variable: href_tool_dashboard in C:\xampp\htdocs\php_milwa_trading\admin\view\template\common\column_left.tpl on line 229
2022-12-06 10:14:19 - PHP Notice:  Undefined index: class in C:\xampp\htdocs\php_milwa_trading\admin\view\template\inventory\sale_tax_invoice_form.tpl on line 19
2022-12-06 10:14:19 - PHP Notice:  Undefined index: class in C:\xampp\htdocs\php_milwa_trading\admin\view\template\inventory\sale_tax_invoice_form.tpl on line 19
2022-12-06 10:14:19 - PHP Notice:  Undefined index: class in C:\xampp\htdocs\php_milwa_trading\admin\view\template\inventory\sale_tax_invoice_form.tpl on line 19
2022-12-06 10:14:19 - PHP Notice:  Undefined variable: action_cash_receipt in C:\xampp\htdocs\php_milwa_trading\admin\view\template\inventory\sale_tax_invoice_form.tpl on line 29
2022-12-06 10:14:19 - PHP Notice:  Undefined variable: action in C:\xampp\htdocs\php_milwa_trading\admin\view\template\inventory\sale_tax_invoice_form.tpl on line 96
2022-12-06 10:14:19 - PHP Notice:  Undefined variable: last_rate in C:\xampp\htdocs\php_milwa_trading\admin\view\template\inventory\sale_tax_invoice_form.tpl on line 303
2022-12-06 10:14:19 - PHP Notice:  Undefined index: href in C:\xampp\htdocs\php_milwa_trading\admin\view\template\inventory\sale_tax_invoice_form.tpl on line 344
2022-12-06 10:14:19 - PHP Notice:  Undefined variable: products in C:\xampp\htdocs\php_milwa_trading\admin\view\template\inventory\sale_tax_invoice_form.tpl on line 365
2022-12-06 10:14:19 - PHP Warning:  Invalid argument supplied for foreach() in C:\xampp\htdocs\php_milwa_trading\admin\view\template\inventory\sale_tax_invoice_form.tpl on line 365
2022-12-06 10:14:19 - PHP Notice:  Undefined variable: tax_per in C:\xampp\htdocs\php_milwa_trading\admin\view\template\inventory\sale_tax_invoice_form.tpl on line 478
2022-12-06 10:14:19 - PHP Notice:  Undefined variable: action_cash_receipt in C:\xampp\htdocs\php_milwa_trading\admin\view\template\inventory\sale_tax_invoice_form.tpl on line 519
2022-12-06 10:14:19 - PHP Notice:  Undefined variable: products in C:\xampp\htdocs\php_milwa_trading\admin\view\template\inventory\sale_tax_invoice_form.tpl on line 594
2022-12-06 10:14:19 - PHP Notice:  Undefined variable: column_right in C:\xampp\htdocs\php_milwa_trading\admin\view\template\inventory\sale_tax_invoice_form.tpl on line 735
2022-12-06 16:45:57 - PHP Warning:  Declaration of ControllerInventoryBranchStockTransfer::validateDelete() should be compatible with HController::validateDelete($id = '') in C:\xampp\htdocs\php_milwa_trading\admin\controller\inventory\branch_stock_transfer.php on line 1022
2022-12-06 16:45:58 - PHP Notice:  Undefined variable: href_gl_mapping_account in C:\xampp\htdocs\php_milwa_trading\admin\view\template\common\column_left.tpl on line 66
2022-12-06 16:45:58 - PHP Notice:  Undefined index: gl_mapping_account in C:\xampp\htdocs\php_milwa_trading\admin\view\template\common\column_left.tpl on line 66
2022-12-06 16:45:58 - PHP Notice:  Undefined variable: href_tool_dashboard in C:\xampp\htdocs\php_milwa_trading\admin\view\template\common\column_left.tpl on line 229
2022-12-06 16:45:58 - PHP Notice:  Undefined index: class in C:\xampp\htdocs\php_milwa_trading\admin\view\template\inventory\branch_stock_transfer_list.tpl on line 19
2022-12-06 16:45:58 - PHP Notice:  Undefined index: class in C:\xampp\htdocs\php_milwa_trading\admin\view\template\inventory\branch_stock_transfer_list.tpl on line 19
2022-12-06 16:45:58 - PHP Notice:  Undefined index: class in C:\xampp\htdocs\php_milwa_trading\admin\view\template\inventory\branch_stock_transfer_list.tpl on line 19
2022-12-06 16:45:58 - PHP Notice:  Undefined variable: column_right in C:\xampp\htdocs\php_milwa_trading\admin\view\template\inventory\branch_stock_transfer_list.tpl on line 77
2022-12-06 16:45:59 - PHP Warning:  Declaration of ControllerInventoryBranchStockTransfer::validateDelete() should be compatible with HController::validateDelete($id = '') in C:\xampp\htdocs\php_milwa_trading\admin\controller\inventory\branch_stock_transfer.php on line 1022
2022-12-06 16:50:00 - PHP Warning:  Declaration of ControllerInventoryBranchStockTransfer::validateDelete() should be compatible with HController::validateDelete($id = '') in C:\xampp\htdocs\php_milwa_trading\admin\controller\inventory\branch_stock_transfer.php on line 1022
2022-12-06 16:50:00 - PHP Notice:  Undefined index: branch_stock_transfer_id in C:\xampp\htdocs\php_milwa_trading\system\engine\hcontroller.php on line 223
2022-12-06 16:50:00 - PHP Notice:  Undefined index: branch_stock_transfer_id in C:\xampp\htdocs\php_milwa_trading\system\engine\hcontroller.php on line 224
2022-12-06 16:50:00 - PHP Notice:  Undefined index: branch_stock_transfer_id in C:\xampp\htdocs\php_milwa_trading\admin\controller\inventory\branch_stock_transfer.php on line 239
2022-12-06 16:50:00 - PHP Notice:  Undefined index: branch_stock_transfer_id in C:\xampp\htdocs\php_milwa_trading\admin\controller\inventory\branch_stock_transfer.php on line 240
2022-12-06 16:50:00 - PHP Notice:  Undefined index: branch_stock_transfer_id in C:\xampp\htdocs\php_milwa_trading\admin\controller\inventory\branch_stock_transfer.php on line 242
2022-12-06 16:50:00 - PHP Notice:  Undefined index: branch_stock_transfer_id in C:\xampp\htdocs\php_milwa_trading\admin\controller\inventory\branch_stock_transfer.php on line 243
2022-12-06 16:50:00 - PHP Notice:  Undefined index: branch_stock_transfer_id in C:\xampp\htdocs\php_milwa_trading\admin\controller\inventory\branch_stock_transfer.php on line 244
2022-12-06 16:50:00 - PHP Notice:  Undefined index: branch_stock_transfer_id in C:\xampp\htdocs\php_milwa_trading\admin\controller\inventory\branch_stock_transfer.php on line 245
2022-12-06 16:50:00 - PHP Notice:  Undefined variable: href_gl_mapping_account in C:\xampp\htdocs\php_milwa_trading\admin\view\template\common\column_left.tpl on line 66
2022-12-06 16:50:00 - PHP Notice:  Undefined index: gl_mapping_account in C:\xampp\htdocs\php_milwa_trading\admin\view\template\common\column_left.tpl on line 66
2022-12-06 16:50:00 - PHP Notice:  Undefined variable: href_tool_dashboard in C:\xampp\htdocs\php_milwa_trading\admin\view\template\common\column_left.tpl on line 229
2022-12-06 16:50:00 - PHP Notice:  Undefined index: class in C:\xampp\htdocs\php_milwa_trading\admin\view\template\inventory\branch_stock_transfer_form.tpl on line 20
2022-12-06 16:50:00 - PHP Notice:  Undefined index: class in C:\xampp\htdocs\php_milwa_trading\admin\view\template\inventory\branch_stock_transfer_form.tpl on line 20
2022-12-06 16:50:00 - PHP Notice:  Undefined index: class in C:\xampp\htdocs\php_milwa_trading\admin\view\template\inventory\branch_stock_transfer_form.tpl on line 20
2022-12-06 16:50:00 - PHP Notice:  Undefined variable: is_post in C:\xampp\htdocs\php_milwa_trading\admin\view\template\inventory\branch_stock_transfer_form.tpl on line 55
2022-12-06 16:50:01 - PHP Notice:  Undefined variable: action in C:\xampp\htdocs\php_milwa_trading\admin\view\template\inventory\branch_stock_transfer_form.tpl on line 83
2022-12-06 16:50:01 - PHP Notice:  Undefined variable: document_type_id in C:\xampp\htdocs\php_milwa_trading\admin\view\template\inventory\branch_stock_transfer_form.tpl on line 84
2022-12-06 16:50:01 - PHP Notice:  Undefined variable: branch_stock_transfer_id in C:\xampp\htdocs\php_milwa_trading\admin\view\template\inventory\branch_stock_transfer_form.tpl on line 85
2022-12-06 16:50:01 - PHP Notice:  Undefined variable: document_identity in C:\xampp\htdocs\php_milwa_trading\admin\view\template\inventory\branch_stock_transfer_form.tpl on line 90
2022-12-06 16:50:01 - PHP Notice:  Undefined variable: warehouse_id in C:\xampp\htdocs\php_milwa_trading\admin\view\template\inventory\branch_stock_transfer_form.tpl on line 105
2022-12-06 16:50:01 - PHP Notice:  Undefined variable: warehouse_id in C:\xampp\htdocs\php_milwa_trading\admin\view\template\inventory\branch_stock_transfer_form.tpl on line 105
2022-12-06 16:50:01 - PHP Notice:  Undefined variable: warehouse_id in C:\xampp\htdocs\php_milwa_trading\admin\view\template\inventory\branch_stock_transfer_form.tpl on line 105
2022-12-06 16:50:01 - PHP Notice:  Undefined variable: remarks in C:\xampp\htdocs\php_milwa_trading\admin\view\template\inventory\branch_stock_transfer_form.tpl on line 141
2022-12-06 16:50:01 - PHP Notice:  Undefined variable: branch_stock_transfer_details in C:\xampp\htdocs\php_milwa_trading\admin\view\template\inventory\branch_stock_transfer_form.tpl on line 166
2022-12-06 16:50:01 - PHP Warning:  Invalid argument supplied for foreach() in C:\xampp\htdocs\php_milwa_trading\admin\view\template\inventory\branch_stock_transfer_form.tpl on line 166
2022-12-06 16:50:01 - PHP Notice:  Undefined variable: total_qty in C:\xampp\htdocs\php_milwa_trading\admin\view\template\inventory\branch_stock_transfer_form.tpl on line 236
2022-12-06 16:50:01 - PHP Notice:  Undefined variable: total_amount in C:\xampp\htdocs\php_milwa_trading\admin\view\template\inventory\branch_stock_transfer_form.tpl on line 238
2022-12-06 16:50:01 - PHP Notice:  Undefined variable: is_post in C:\xampp\htdocs\php_milwa_trading\admin\view\template\inventory\branch_stock_transfer_form.tpl on line 273
2022-12-06 16:50:01 - PHP Notice:  Undefined variable: partner_id in C:\xampp\htdocs\php_milwa_trading\admin\view\template\inventory\branch_stock_transfer_form.tpl on line 292
2022-12-06 16:50:01 - PHP Notice:  Undefined variable: products in C:\xampp\htdocs\php_milwa_trading\admin\view\template\inventory\branch_stock_transfer_form.tpl on line 295
2022-12-06 16:50:01 - PHP Notice:  Undefined index: branch_stock_transfer_id in C:\xampp\htdocs\php_milwa_trading\admin\view\template\inventory\branch_stock_transfer_form.tpl on line 343
2022-12-06 16:50:01 - PHP Notice:  Undefined variable: column_right in C:\xampp\htdocs\php_milwa_trading\admin\view\template\inventory\branch_stock_transfer_form.tpl on line 388
2022-12-06 16:53:11 - PHP Notice:  Undefined variable: href_gl_mapping_account in C:\xampp\htdocs\php_milwa_trading\admin\view\template\common\column_left.tpl on line 66
2022-12-06 16:53:11 - PHP Notice:  Undefined index: gl_mapping_account in C:\xampp\htdocs\php_milwa_trading\admin\view\template\common\column_left.tpl on line 66
2022-12-06 16:53:11 - PHP Notice:  Undefined variable: href_tool_dashboard in C:\xampp\htdocs\php_milwa_trading\admin\view\template\common\column_left.tpl on line 229
2022-12-06 16:53:11 - PHP Notice:  Undefined index: class in C:\xampp\htdocs\php_milwa_trading\admin\view\template\report\stock.tpl on line 18
2022-12-06 16:53:11 - PHP Notice:  Undefined index: class in C:\xampp\htdocs\php_milwa_trading\admin\view\template\report\stock.tpl on line 18
2022-12-06 16:53:11 - PHP Notice:  Undefined index: class in C:\xampp\htdocs\php_milwa_trading\admin\view\template\report\stock.tpl on line 18
2022-12-06 16:53:11 - PHP Notice:  Undefined variable: container_no in C:\xampp\htdocs\php_milwa_trading\admin\view\template\report\stock.tpl on line 89
2022-12-06 16:53:11 - PHP Notice:  Undefined variable: href_print_excel in C:\xampp\htdocs\php_milwa_trading\admin\view\template\report\stock.tpl on line 191
2022-12-06 16:53:11 - PHP Notice:  Undefined variable: column_right in C:\xampp\htdocs\php_milwa_trading\admin\view\template\report\stock.tpl on line 277
2022-12-06 16:53:19 - PHP Notice:  Undefined index: product_id in C:\xampp\htdocs\php_milwa_trading\admin\controller\report\stock.php on line 1455
2022-12-06 16:53:19 - PHP Notice:  Undefined index: brand_id in C:\xampp\htdocs\php_milwa_trading\admin\controller\report\stock.php on line 1459
2022-12-06 16:53:19 - PHP Notice:  Undefined index: output in C:\xampp\htdocs\php_milwa_trading\admin\controller\report\stock.php on line 1496
2022-12-06 16:53:19 - PHP Warning:  chr() expects parameter 1 to be int, string given in C:\xampp\htdocs\php_milwa_trading\system\library\tcpdf\include\tcpdf_fonts.php on line 1671
2022-12-06 16:53:19 - PHP Notice:  Undefined index: brand_id in C:\xampp\htdocs\php_milwa_trading\admin\controller\report\stock.php on line 1649
2022-12-06 16:53:19 - PHP Notice:  Undefined index: name in C:\xampp\htdocs\php_milwa_trading\admin\controller\report\stock.php on line 1659
2022-12-06 16:53:19 - PHP Notice:  Undefined index: name in C:\xampp\htdocs\php_milwa_trading\admin\controller\report\stock.php on line 1660
2022-12-06 16:53:43 - PHP Notice:  Undefined index: partner_id in C:\xampp\htdocs\php_milwa_trading\admin\controller\common\function.php on line 118
2022-12-06 16:53:44 - PHP Notice:  Undefined index: branch_id in C:\xampp\htdocs\php_milwa_trading\admin\controller\common\function.php on line 119
2022-12-06 16:53:44 - PHP Notice:  Undefined index: rate in C:\xampp\htdocs\php_milwa_trading\admin\controller\common\function.php on line 130
2022-12-06 16:53:44 - PHP Notice:  Undefined index: rate in C:\xampp\htdocs\php_milwa_trading\admin\controller\common\function.php on line 134
2022-12-06 16:53:44 - PHP Notice:  Undefined index: document_identity in C:\xampp\htdocs\php_milwa_trading\admin\controller\common\function.php on line 670
2022-12-06 16:53:44 - PHP Notice:  Undefined index: document_date in C:\xampp\htdocs\php_milwa_trading\admin\controller\common\function.php on line 670
2022-12-06 16:53:48 - PHP Warning:  Declaration of ControllerInventoryBranchStockTransfer::validateDelete() should be compatible with HController::validateDelete($id = '') in C:\xampp\htdocs\php_milwa_trading\admin\controller\inventory\branch_stock_transfer.php on line 1022
2022-12-06 16:54:12 - PHP Warning:  Declaration of ControllerInventoryBranchStockTransfer::validateDelete() should be compatible with HController::validateDelete($id = '') in C:\xampp\htdocs\php_milwa_trading\admin\controller\inventory\branch_stock_transfer.php on line 1022
2022-12-06 16:54:12 - PHP Notice:  Undefined index: page in C:\xampp\htdocs\php_milwa_trading\admin\controller\inventory\branch_stock_transfer.php on line 310
2022-12-06 16:54:13 - PHP Notice:  Undefined index: document_identity in C:\xampp\htdocs\php_milwa_trading\admin\controller\common\function.php on line 670
2022-12-06 16:54:13 - PHP Notice:  Undefined index: document_date in C:\xampp\htdocs\php_milwa_trading\admin\controller\common\function.php on line 670
2022-12-06 16:54:13 - PHP Notice:  Undefined index: partner_id in C:\xampp\htdocs\php_milwa_trading\admin\controller\common\function.php on line 167
2022-12-06 16:54:13 - PHP Notice:  Undefined index: branch_id in C:\xampp\htdocs\php_milwa_trading\admin\controller\common\function.php on line 168
2022-12-06 16:54:13 - PHP Notice:  Undefined index: rate in C:\xampp\htdocs\php_milwa_trading\admin\controller\common\function.php on line 176
2022-12-06 16:54:13 - PHP Notice:  Undefined index: rate in C:\xampp\htdocs\php_milwa_trading\admin\controller\common\function.php on line 180
2022-12-06 16:54:16 - PHP Warning:  Declaration of ControllerInventoryBranchStockTransfer::validateDelete() should be compatible with HController::validateDelete($id = '') in C:\xampp\htdocs\php_milwa_trading\admin\controller\inventory\branch_stock_transfer.php on line 1022
2022-12-06 16:54:22 - PHP Notice:  Undefined index: sEcho in C:\xampp\htdocs\php_milwa_trading\admin\controller\common\function.php on line 336
2022-12-06 16:54:22 - PHP Notice:  Undefined index: customer_id in C:\xampp\htdocs\php_milwa_trading\admin\controller\common\function.php on line 353
2022-12-06 16:54:22 - PHP Notice:  Undefined index: rate in C:\xampp\htdocs\php_milwa_trading\admin\controller\common\function.php on line 354
2022-12-06 16:54:22 - PHP Notice:  Undefined index: to_branch_id in C:\xampp\htdocs\php_milwa_trading\admin\controller\common\function.php on line 357
2022-12-06 16:54:22 - PHP Notice:  Undefined index: rate in C:\xampp\htdocs\php_milwa_trading\admin\controller\common\function.php on line 358
2022-12-06 16:54:22 - PHP Notice:  Undefined index: cubic_meter in C:\xampp\htdocs\php_milwa_trading\admin\controller\common\function.php on line 367
2022-12-06 16:54:22 - PHP Notice:  Undefined index: cubic_feet in C:\xampp\htdocs\php_milwa_trading\admin\controller\common\function.php on line 368
2022-12-06 16:54:22 - PHP Notice:  Undefined index: customer_id in C:\xampp\htdocs\php_milwa_trading\admin\controller\common\function.php on line 353
2022-12-06 16:54:22 - PHP Notice:  Undefined index: rate in C:\xampp\htdocs\php_milwa_trading\admin\controller\common\function.php on line 354
2022-12-06 16:54:22 - PHP Notice:  Undefined index: to_branch_id in C:\xampp\htdocs\php_milwa_trading\admin\controller\common\function.php on line 357
2022-12-06 16:54:22 - PHP Notice:  Undefined index: rate in C:\xampp\htdocs\php_milwa_trading\admin\controller\common\function.php on line 358
2022-12-06 16:54:22 - PHP Notice:  Undefined index: cubic_meter in C:\xampp\htdocs\php_milwa_trading\admin\controller\common\function.php on line 367
2022-12-06 16:54:22 - PHP Notice:  Undefined index: cubic_feet in C:\xampp\htdocs\php_milwa_trading\admin\controller\common\function.php on line 368
2022-12-06 16:54:22 - PHP Notice:  Undefined index: customer_id in C:\xampp\htdocs\php_milwa_trading\admin\controller\common\function.php on line 353
2022-12-06 16:54:22 - PHP Notice:  Undefined index: rate in C:\xampp\htdocs\php_milwa_trading\admin\controller\common\function.php on line 354
2022-12-06 16:54:22 - PHP Notice:  Undefined index: to_branch_id in C:\xampp\htdocs\php_milwa_trading\admin\controller\common\function.php on line 357
2022-12-06 16:54:22 - PHP Notice:  Undefined index: rate in C:\xampp\htdocs\php_milwa_trading\admin\controller\common\function.php on line 358
2022-12-06 16:54:22 - PHP Notice:  Undefined index: cubic_meter in C:\xampp\htdocs\php_milwa_trading\admin\controller\common\function.php on line 367
2022-12-06 16:54:22 - PHP Notice:  Undefined index: cubic_feet in C:\xampp\htdocs\php_milwa_trading\admin\controller\common\function.php on line 368
2022-12-06 16:54:22 - PHP Notice:  Undefined index: customer_id in C:\xampp\htdocs\php_milwa_trading\admin\controller\common\function.php on line 353
2022-12-06 16:54:22 - PHP Notice:  Undefined index: rate in C:\xampp\htdocs\php_milwa_trading\admin\controller\common\function.php on line 354
2022-12-06 16:54:22 - PHP Notice:  Undefined index: to_branch_id in C:\xampp\htdocs\php_milwa_trading\admin\controller\common\function.php on line 357
2022-12-06 16:54:22 - PHP Notice:  Undefined index: rate in C:\xampp\htdocs\php_milwa_trading\admin\controller\common\function.php on line 358
2022-12-06 16:54:22 - PHP Notice:  Undefined index: cubic_meter in C:\xampp\htdocs\php_milwa_trading\admin\controller\common\function.php on line 367
2022-12-06 16:54:22 - PHP Notice:  Undefined index: cubic_feet in C:\xampp\htdocs\php_milwa_trading\admin\controller\common\function.php on line 368
2022-12-06 16:54:22 - PHP Notice:  Undefined index: customer_id in C:\xampp\htdocs\php_milwa_trading\admin\controller\common\function.php on line 353
2022-12-06 16:54:22 - PHP Notice:  Undefined index: rate in C:\xampp\htdocs\php_milwa_trading\admin\controller\common\function.php on line 354
2022-12-06 16:54:22 - PHP Notice:  Undefined index: to_branch_id in C:\xampp\htdocs\php_milwa_trading\admin\controller\common\function.php on line 357
2022-12-06 16:54:22 - PHP Notice:  Undefined index: rate in C:\xampp\htdocs\php_milwa_trading\admin\controller\common\function.php on line 358
2022-12-06 16:54:22 - PHP Notice:  Undefined index: cubic_meter in C:\xampp\htdocs\php_milwa_trading\admin\controller\common\function.php on line 367
2022-12-06 16:54:22 - PHP Notice:  Undefined index: cubic_feet in C:\xampp\htdocs\php_milwa_trading\admin\controller\common\function.php on line 368
2022-12-06 16:54:22 - PHP Notice:  Undefined index: customer_id in C:\xampp\htdocs\php_milwa_trading\admin\controller\common\function.php on line 353
2022-12-06 16:54:22 - PHP Notice:  Undefined index: rate in C:\xampp\htdocs\php_milwa_trading\admin\controller\common\function.php on line 354
2022-12-06 16:54:22 - PHP Notice:  Undefined index: to_branch_id in C:\xampp\htdocs\php_milwa_trading\admin\controller\common\function.php on line 357
2022-12-06 16:54:22 - PHP Notice:  Undefined index: rate in C:\xampp\htdocs\php_milwa_trading\admin\controller\common\function.php on line 358
2022-12-06 16:54:22 - PHP Notice:  Undefined index: cubic_meter in C:\xampp\htdocs\php_milwa_trading\admin\controller\common\function.php on line 367
2022-12-06 16:54:22 - PHP Notice:  Undefined index: cubic_feet in C:\xampp\htdocs\php_milwa_trading\admin\controller\common\function.php on line 368
2022-12-06 16:54:22 - PHP Notice:  Undefined index: customer_id in C:\xampp\htdocs\php_milwa_trading\admin\controller\common\function.php on line 353
2022-12-06 16:54:22 - PHP Notice:  Undefined index: rate in C:\xampp\htdocs\php_milwa_trading\admin\controller\common\function.php on line 354
2022-12-06 16:54:22 - PHP Notice:  Undefined index: to_branch_id in C:\xampp\htdocs\php_milwa_trading\admin\controller\common\function.php on line 357
2022-12-06 16:54:22 - PHP Notice:  Undefined index: rate in C:\xampp\htdocs\php_milwa_trading\admin\controller\common\function.php on line 358
2022-12-06 16:54:22 - PHP Notice:  Undefined index: cubic_meter in C:\xampp\htdocs\php_milwa_trading\admin\controller\common\function.php on line 367
2022-12-06 16:54:22 - PHP Notice:  Undefined index: cubic_feet in C:\xampp\htdocs\php_milwa_trading\admin\controller\common\function.php on line 368
2022-12-06 16:54:22 - PHP Notice:  Undefined index: customer_id in C:\xampp\htdocs\php_milwa_trading\admin\controller\common\function.php on line 353
2022-12-06 16:54:22 - PHP Notice:  Undefined index: rate in C:\xampp\htdocs\php_milwa_trading\admin\controller\common\function.php on line 354
2022-12-06 16:54:22 - PHP Notice:  Undefined index: to_branch_id in C:\xampp\htdocs\php_milwa_trading\admin\controller\common\function.php on line 357
2022-12-06 16:54:22 - PHP Notice:  Undefined index: rate in C:\xampp\htdocs\php_milwa_trading\admin\controller\common\function.php on line 358
2022-12-06 16:54:22 - PHP Notice:  Undefined index: cubic_meter in C:\xampp\htdocs\php_milwa_trading\admin\controller\common\function.php on line 367
2022-12-06 16:54:22 - PHP Notice:  Undefined index: cubic_feet in C:\xampp\htdocs\php_milwa_trading\admin\controller\common\function.php on line 368
2022-12-06 16:54:22 - PHP Notice:  Undefined index: customer_id in C:\xampp\htdocs\php_milwa_trading\admin\controller\common\function.php on line 353
2022-12-06 16:54:22 - PHP Notice:  Undefined index: rate in C:\xampp\htdocs\php_milwa_trading\admin\controller\common\function.php on line 354
2022-12-06 16:54:22 - PHP Notice:  Undefined index: to_branch_id in C:\xampp\htdocs\php_milwa_trading\admin\controller\common\function.php on line 357
2022-12-06 16:54:22 - PHP Notice:  Undefined index: rate in C:\xampp\htdocs\php_milwa_trading\admin\controller\common\function.php on line 358
2022-12-06 16:54:22 - PHP Notice:  Undefined index: cubic_meter in C:\xampp\htdocs\php_milwa_trading\admin\controller\common\function.php on line 367
2022-12-06 16:54:22 - PHP Notice:  Undefined index: cubic_feet in C:\xampp\htdocs\php_milwa_trading\admin\controller\common\function.php on line 368
2022-12-06 16:54:22 - PHP Notice:  Undefined index: customer_id in C:\xampp\htdocs\php_milwa_trading\admin\controller\common\function.php on line 353
2022-12-06 16:54:22 - PHP Notice:  Undefined index: rate in C:\xampp\htdocs\php_milwa_trading\admin\controller\common\function.php on line 354
2022-12-06 16:54:22 - PHP Notice:  Undefined index: to_branch_id in C:\xampp\htdocs\php_milwa_trading\admin\controller\common\function.php on line 357
2022-12-06 16:54:22 - PHP Notice:  Undefined index: rate in C:\xampp\htdocs\php_milwa_trading\admin\controller\common\function.php on line 358
2022-12-06 16:54:22 - PHP Notice:  Undefined index: cubic_meter in C:\xampp\htdocs\php_milwa_trading\admin\controller\common\function.php on line 367
2022-12-06 16:54:22 - PHP Notice:  Undefined index: cubic_feet in C:\xampp\htdocs\php_milwa_trading\admin\controller\common\function.php on line 368
2022-12-06 16:54:25 - PHP Notice:  Undefined index: sEcho in C:\xampp\htdocs\php_milwa_trading\admin\controller\common\function.php on line 336
2022-12-06 16:54:25 - PHP Notice:  Undefined index: customer_id in C:\xampp\htdocs\php_milwa_trading\admin\controller\common\function.php on line 353
2022-12-06 16:54:25 - PHP Notice:  Undefined index: rate in C:\xampp\htdocs\php_milwa_trading\admin\controller\common\function.php on line 354
2022-12-06 16:54:25 - PHP Notice:  Undefined index: to_branch_id in C:\xampp\htdocs\php_milwa_trading\admin\controller\common\function.php on line 357
2022-12-06 16:54:25 - PHP Notice:  Undefined index: rate in C:\xampp\htdocs\php_milwa_trading\admin\controller\common\function.php on line 358
2022-12-06 16:54:25 - PHP Notice:  Undefined index: cubic_meter in C:\xampp\htdocs\php_milwa_trading\admin\controller\common\function.php on line 367
2022-12-06 16:54:25 - PHP Notice:  Undefined index: cubic_feet in C:\xampp\htdocs\php_milwa_trading\admin\controller\common\function.php on line 368
2022-12-06 16:54:28 - PHP Warning:  Declaration of ControllerInventoryBranchStockTransfer::validateDelete() should be compatible with HController::validateDelete($id = '') in C:\xampp\htdocs\php_milwa_trading\admin\controller\inventory\branch_stock_transfer.php on line 1022
2022-12-06 17:08:56 - PHP Notice:  Undefined index: partner_id in C:\xampp\htdocs\php_milwa_trading\admin\controller\common\function.php on line 118
2022-12-06 17:08:56 - PHP Notice:  Undefined index: branch_id in C:\xampp\htdocs\php_milwa_trading\admin\controller\common\function.php on line 119
2022-12-06 17:08:56 - PHP Notice:  Undefined index: rate in C:\xampp\htdocs\php_milwa_trading\admin\controller\common\function.php on line 130
2022-12-06 17:08:56 - PHP Notice:  Undefined index: rate in C:\xampp\htdocs\php_milwa_trading\admin\controller\common\function.php on line 134
2022-12-06 17:08:56 - PHP Notice:  Undefined index: document_identity in C:\xampp\htdocs\php_milwa_trading\admin\controller\common\function.php on line 670
2022-12-06 17:08:56 - PHP Notice:  Undefined index: document_date in C:\xampp\htdocs\php_milwa_trading\admin\controller\common\function.php on line 670
2022-12-06 17:09:00 - PHP Warning:  Declaration of ControllerInventoryBranchStockTransfer::validateDelete() should be compatible with HController::validateDelete($id = '') in C:\xampp\htdocs\php_milwa_trading\admin\controller\inventory\branch_stock_transfer.php on line 1022
2022-12-06 17:12:32 - PHP Warning:  Declaration of ControllerInventoryModuleSetting::updateData($data) should be compatible with HController::updateData($primary_key, $data) in C:\xampp\htdocs\php_milwa_trading\admin\controller\inventory\module_setting.php on line 115
2022-12-06 17:12:32 - PHP Notice:  Undefined index: school_id in C:\xampp\htdocs\php_milwa_trading\admin\controller\inventory\module_setting.php on line 26
2022-12-06 17:12:32 - PHP Warning:  Declaration of ControllerInventoryModuleSetting::updateData($data) should be compatible with HController::updateData($primary_key, $data) in C:\xampp\htdocs\php_milwa_trading\admin\controller\inventory\module_setting.php on line 115
2022-12-06 17:12:33 - PHP Notice:  Undefined index: setting_id in C:\xampp\htdocs\php_milwa_trading\system\engine\hcontroller.php on line 223
2022-12-06 17:12:33 - PHP Notice:  Undefined index: setting_id in C:\xampp\htdocs\php_milwa_trading\system\engine\hcontroller.php on line 224
2022-12-06 17:12:33 - PHP Notice:  Undefined variable: href_gl_mapping_account in C:\xampp\htdocs\php_milwa_trading\admin\view\template\common\column_left.tpl on line 66
2022-12-06 17:12:33 - PHP Notice:  Undefined index: gl_mapping_account in C:\xampp\htdocs\php_milwa_trading\admin\view\template\common\column_left.tpl on line 66
2022-12-06 17:12:33 - PHP Notice:  Undefined variable: href_tool_dashboard in C:\xampp\htdocs\php_milwa_trading\admin\view\template\common\column_left.tpl on line 229
2022-12-06 17:12:33 - PHP Notice:  Undefined index: class in C:\xampp\htdocs\php_milwa_trading\admin\view\template\inventory\module_setting_form.tpl on line 19
2022-12-06 17:12:33 - PHP Notice:  Undefined index: class in C:\xampp\htdocs\php_milwa_trading\admin\view\template\inventory\module_setting_form.tpl on line 19
2022-12-06 17:12:33 - PHP Notice:  Undefined index: class in C:\xampp\htdocs\php_milwa_trading\admin\view\template\inventory\module_setting_form.tpl on line 19
2022-12-06 17:12:33 - PHP Notice:  Undefined variable: auto_generate_product_code in C:\xampp\htdocs\php_milwa_trading\admin\view\template\inventory\module_setting_form.tpl on line 405
2022-12-06 17:12:33 - PHP Notice:  Undefined variable: allow_out_of_stock in C:\xampp\htdocs\php_milwa_trading\admin\view\template\inventory\module_setting_form.tpl on line 411
2022-12-06 17:12:33 - PHP Notice:  Undefined variable: column_right in C:\xampp\htdocs\php_milwa_trading\admin\view\template\inventory\module_setting_form.tpl on line 439
