2025-04-29 9:48:33 - PHP Notice:  Undefined index: db_name in C:\xampp\htdocs\boot_store\system\engine\hmodel.php on line 12
2025-04-29 9:48:34 - PHP Warning:  Invalid argument supplied for foreach() in C:\xampp\htdocs\boot_store\admin\view\template\common\preset.tpl on line 52
2025-04-29 9:48:40 - PHP Notice:  Undefined index: db_name in C:\xampp\htdocs\boot_store\system\engine\hmodel.php on line 12
2025-04-29 9:48:40 - PHP Notice:  Undefined index: case_id in C:\xampp\htdocs\boot_store\admin\controller\common\home.php on line 55
2025-04-29 9:48:40 - PHP Notice:  Undefined index: case_id in C:\xampp\htdocs\boot_store\admin\controller\common\home.php on line 56
2025-04-29 9:48:44 - PHP Notice:  Undefined variable: href_gl_mapping_account in C:\xampp\htdocs\boot_store\admin\view\template\common\column_left.tpl on line 68
2025-04-29 9:48:44 - PHP Notice:  Undefined index: gl_mapping_account in C:\xampp\htdocs\boot_store\admin\view\template\common\column_left.tpl on line 68
2025-04-29 9:48:44 - PHP Notice:  Undefined variable: href_tool_dashboard in C:\xampp\htdocs\boot_store\admin\view\template\common\column_left.tpl on line 231
2025-04-29 9:48:44 - PHP Notice:  Undefined index: inventory_sale_invoice in C:\xampp\htdocs\boot_store\admin\view\template\common\home.tpl on line 36
2025-04-29 9:48:56 - PHP Warning:  Declaration of ControllerUserUser::validateDelete() should be compatible with HController::validateDelete($id = '') in C:\xampp\htdocs\boot_store\admin\controller\user\user.php on line 296
2025-04-29 9:48:56 - PHP Notice:  Undefined variable: href_gl_mapping_account in C:\xampp\htdocs\boot_store\admin\view\template\common\column_left.tpl on line 68
2025-04-29 9:48:56 - PHP Notice:  Undefined index: gl_mapping_account in C:\xampp\htdocs\boot_store\admin\view\template\common\column_left.tpl on line 68
2025-04-29 9:48:56 - PHP Notice:  Undefined variable: href_tool_dashboard in C:\xampp\htdocs\boot_store\admin\view\template\common\column_left.tpl on line 231
2025-04-29 9:48:57 - PHP Notice:  Undefined index: class in C:\xampp\htdocs\boot_store\admin\view\template\user\user_list.tpl on line 19
2025-04-29 9:48:57 - PHP Notice:  Undefined index: class in C:\xampp\htdocs\boot_store\admin\view\template\user\user_list.tpl on line 19
2025-04-29 9:48:57 - PHP Notice:  Undefined index: class in C:\xampp\htdocs\boot_store\admin\view\template\user\user_list.tpl on line 19
2025-04-29 9:48:57 - PHP Notice:  Undefined variable: column_right in C:\xampp\htdocs\boot_store\admin\view\template\user\user_list.tpl on line 79
2025-04-29 9:48:57 - PHP Warning:  Declaration of ControllerUserUser::validateDelete() should be compatible with HController::validateDelete($id = '') in C:\xampp\htdocs\boot_store\admin\controller\user\user.php on line 296
2025-04-29 9:49:02 - PHP Notice:  Undefined index: case_id in C:\xampp\htdocs\boot_store\admin\controller\common\home.php on line 55
2025-04-29 9:49:02 - PHP Notice:  Undefined index: case_id in C:\xampp\htdocs\boot_store\admin\controller\common\home.php on line 56
2025-04-29 9:49:02 - PHP Notice:  Undefined variable: href_gl_mapping_account in C:\xampp\htdocs\boot_store\admin\view\template\common\column_left.tpl on line 68
2025-04-29 9:49:02 - PHP Notice:  Undefined index: gl_mapping_account in C:\xampp\htdocs\boot_store\admin\view\template\common\column_left.tpl on line 68
2025-04-29 9:49:02 - PHP Notice:  Undefined variable: href_tool_dashboard in C:\xampp\htdocs\boot_store\admin\view\template\common\column_left.tpl on line 231
2025-04-29 9:49:02 - PHP Notice:  Undefined index: inventory_sale_invoice in C:\xampp\htdocs\boot_store\admin\view\template\common\home.tpl on line 36
2025-04-29 9:52:35 - PHP Warning:  Declaration of ControllerInventoryProduct::validateDelete($id) should be compatible with HController::validateDelete($id = '') in C:\xampp\htdocs\boot_store\admin\controller\inventory\product.php on line 1215
2025-04-29 9:52:35 - PHP Notice:  Undefined variable: href_gl_mapping_account in C:\xampp\htdocs\boot_store\admin\view\template\common\column_left.tpl on line 68
2025-04-29 9:52:35 - PHP Notice:  Undefined index: gl_mapping_account in C:\xampp\htdocs\boot_store\admin\view\template\common\column_left.tpl on line 68
2025-04-29 9:52:35 - PHP Notice:  Undefined variable: href_tool_dashboard in C:\xampp\htdocs\boot_store\admin\view\template\common\column_left.tpl on line 231
2025-04-29 9:52:35 - PHP Notice:  Undefined index: class in C:\xampp\htdocs\boot_store\admin\view\template\inventory\product_list.tpl on line 19
2025-04-29 9:52:35 - PHP Notice:  Undefined index: class in C:\xampp\htdocs\boot_store\admin\view\template\inventory\product_list.tpl on line 19
2025-04-29 9:52:35 - PHP Notice:  Undefined index: class in C:\xampp\htdocs\boot_store\admin\view\template\inventory\product_list.tpl on line 19
2025-04-29 9:52:35 - PHP Notice:  Undefined variable: product_category_id in C:\xampp\htdocs\boot_store\admin\view\template\inventory\product_list.tpl on line 46
2025-04-29 9:52:35 - PHP Notice:  Undefined variable: product_category_id in C:\xampp\htdocs\boot_store\admin\view\template\inventory\product_list.tpl on line 46
2025-04-29 9:52:35 - PHP Notice:  Undefined variable: product_category_id in C:\xampp\htdocs\boot_store\admin\view\template\inventory\product_list.tpl on line 46
2025-04-29 9:52:35 - PHP Notice:  Undefined variable: product_category_id in C:\xampp\htdocs\boot_store\admin\view\template\inventory\product_list.tpl on line 46
2025-04-29 9:52:35 - PHP Notice:  Undefined variable: product_category_id in C:\xampp\htdocs\boot_store\admin\view\template\inventory\product_list.tpl on line 46
2025-04-29 9:52:35 - PHP Notice:  Undefined variable: product_category_id in C:\xampp\htdocs\boot_store\admin\view\template\inventory\product_list.tpl on line 46
2025-04-29 9:52:35 - PHP Notice:  Undefined variable: product_sub_category_id in C:\xampp\htdocs\boot_store\admin\view\template\inventory\product_list.tpl on line 57
2025-04-29 9:52:35 - PHP Notice:  Undefined variable: brand_id in C:\xampp\htdocs\boot_store\admin\view\template\inventory\product_list.tpl on line 67
2025-04-29 9:52:35 - PHP Notice:  Undefined variable: brand_id in C:\xampp\htdocs\boot_store\admin\view\template\inventory\product_list.tpl on line 67
2025-04-29 9:52:35 - PHP Notice:  Undefined variable: brand_id in C:\xampp\htdocs\boot_store\admin\view\template\inventory\product_list.tpl on line 67
2025-04-29 9:52:35 - PHP Notice:  Undefined variable: brand_id in C:\xampp\htdocs\boot_store\admin\view\template\inventory\product_list.tpl on line 67
2025-04-29 9:52:35 - PHP Notice:  Undefined variable: brand_id in C:\xampp\htdocs\boot_store\admin\view\template\inventory\product_list.tpl on line 67
2025-04-29 9:52:35 - PHP Notice:  Undefined variable: brand_id in C:\xampp\htdocs\boot_store\admin\view\template\inventory\product_list.tpl on line 67
2025-04-29 9:52:35 - PHP Notice:  Undefined variable: brand_id in C:\xampp\htdocs\boot_store\admin\view\template\inventory\product_list.tpl on line 67
2025-04-29 9:52:35 - PHP Notice:  Undefined variable: brand_id in C:\xampp\htdocs\boot_store\admin\view\template\inventory\product_list.tpl on line 67
2025-04-29 9:52:35 - PHP Notice:  Undefined variable: brand_id in C:\xampp\htdocs\boot_store\admin\view\template\inventory\product_list.tpl on line 67
2025-04-29 9:52:35 - PHP Notice:  Undefined variable: brand_id in C:\xampp\htdocs\boot_store\admin\view\template\inventory\product_list.tpl on line 67
2025-04-29 9:52:35 - PHP Notice:  Undefined variable: brand_id in C:\xampp\htdocs\boot_store\admin\view\template\inventory\product_list.tpl on line 67
2025-04-29 9:52:35 - PHP Notice:  Undefined variable: brand_id in C:\xampp\htdocs\boot_store\admin\view\template\inventory\product_list.tpl on line 67
2025-04-29 9:52:35 - PHP Notice:  Undefined variable: column_right in C:\xampp\htdocs\boot_store\admin\view\template\inventory\product_list.tpl on line 128
2025-04-29 9:52:35 - PHP Warning:  Declaration of ControllerInventoryProduct::validateDelete($id) should be compatible with HController::validateDelete($id = '') in C:\xampp\htdocs\boot_store\admin\controller\inventory\product.php on line 1215
2025-04-29 9:52:40 - PHP Warning:  Declaration of ControllerInventoryProduct::validateDelete($id) should be compatible with HController::validateDelete($id = '') in C:\xampp\htdocs\boot_store\admin\controller\inventory\product.php on line 1215
2025-04-29 9:52:40 - PHP Unknown:  Array and string offset access syntax with curly braces is deprecated in C:\xampp\htdocs\boot_store\system\library\PHPExcel\Calculation.php on line 2561
2025-04-29 9:52:40 - PHP Unknown:  Array and string offset access syntax with curly braces is deprecated in C:\xampp\htdocs\boot_store\system\library\PHPExcel\Calculation.php on line 2561
2025-04-29 9:52:40 - PHP Unknown:  Array and string offset access syntax with curly braces is deprecated in C:\xampp\htdocs\boot_store\system\library\PHPExcel\Calculation.php on line 2682
2025-04-29 9:52:40 - PHP Unknown:  Array and string offset access syntax with curly braces is deprecated in C:\xampp\htdocs\boot_store\system\library\PHPExcel\Calculation.php on line 2682
2025-04-29 9:52:40 - PHP Unknown:  Array and string offset access syntax with curly braces is deprecated in C:\xampp\htdocs\boot_store\system\library\PHPExcel\Calculation.php on line 2686
2025-04-29 9:52:40 - PHP Unknown:  Array and string offset access syntax with curly braces is deprecated in C:\xampp\htdocs\boot_store\system\library\PHPExcel\Calculation.php on line 2774
2025-04-29 9:52:40 - PHP Unknown:  Array and string offset access syntax with curly braces is deprecated in C:\xampp\htdocs\boot_store\system\library\PHPExcel\Calculation.php on line 2778
2025-04-29 9:52:40 - PHP Unknown:  Array and string offset access syntax with curly braces is deprecated in C:\xampp\htdocs\boot_store\system\library\PHPExcel\Calculation.php on line 2790
2025-04-29 9:52:40 - PHP Unknown:  Array and string offset access syntax with curly braces is deprecated in C:\xampp\htdocs\boot_store\system\library\PHPExcel\Calculation.php on line 3044
2025-04-29 9:52:40 - PHP Unknown:  Array and string offset access syntax with curly braces is deprecated in C:\xampp\htdocs\boot_store\system\library\PHPExcel\Calculation.php on line 3176
2025-04-29 9:52:40 - PHP Unknown:  Array and string offset access syntax with curly braces is deprecated in C:\xampp\htdocs\boot_store\system\library\PHPExcel\Calculation.php on line 3178
2025-04-29 9:52:40 - PHP Unknown:  Array and string offset access syntax with curly braces is deprecated in C:\xampp\htdocs\boot_store\system\library\PHPExcel\Calculation.php on line 3179
2025-04-29 9:52:40 - PHP Unknown:  Array and string offset access syntax with curly braces is deprecated in C:\xampp\htdocs\boot_store\system\library\PHPExcel\Calculation.php on line 3467
2025-04-29 9:52:40 - PHP Unknown:  Array and string offset access syntax with curly braces is deprecated in C:\xampp\htdocs\boot_store\system\library\PHPExcel\Calculation.php on line 3467
2025-04-29 9:52:40 - PHP Unknown:  Array and string offset access syntax with curly braces is deprecated in C:\xampp\htdocs\boot_store\system\library\PHPExcel\Calculation.php on line 3470
2025-04-29 9:52:40 - PHP Unknown:  Array and string offset access syntax with curly braces is deprecated in C:\xampp\htdocs\boot_store\system\library\PHPExcel\Calculation.php on line 3471
2025-04-29 9:52:40 - PHP Unknown:  Array and string offset access syntax with curly braces is deprecated in C:\xampp\htdocs\boot_store\system\library\PHPExcel\Calculation.php on line 3901
2025-04-29 9:52:40 - PHP Unknown:  Array and string offset access syntax with curly braces is deprecated in C:\xampp\htdocs\boot_store\system\library\PHPExcel\Calculation.php on line 3901
2025-04-29 9:52:40 - PHP Unknown:  Array and string offset access syntax with curly braces is deprecated in C:\xampp\htdocs\boot_store\system\library\PHPExcel\Calculation.php on line 3946
2025-04-29 9:52:40 - PHP Unknown:  Array and string offset access syntax with curly braces is deprecated in C:\xampp\htdocs\boot_store\system\library\PHPExcel\Calculation.php on line 3952
2025-04-29 9:52:40 - PHP Unknown:  Array and string offset access syntax with curly braces is deprecated in C:\xampp\htdocs\boot_store\system\library\PHPExcel\Calculation.php on line 4008
2025-04-29 9:52:40 - PHP Unknown:  Array and string offset access syntax with curly braces is deprecated in C:\xampp\htdocs\boot_store\system\library\PHPExcel\Calculation.php on line 4011
2025-04-29 9:52:41 - PHP Unknown:  Array and string offset access syntax with curly braces is deprecated in C:\xampp\htdocs\boot_store\system\library\PHPExcel\Worksheet\AutoFilter.php on line 720
2025-04-29 9:52:41 - PHP Unknown:  Array and string offset access syntax with curly braces is deprecated in C:\xampp\htdocs\boot_store\system\library\PHPExcel\Worksheet\AutoFilter.php on line 720
2025-04-29 9:52:42 - PHP Unknown:  Array and string offset access syntax with curly braces is deprecated in C:\xampp\htdocs\boot_store\system\library\PHPExcel\Cell.php on line 812
2025-04-29 9:52:42 - PHP Unknown:  Array and string offset access syntax with curly braces is deprecated in C:\xampp\htdocs\boot_store\system\library\PHPExcel\Cell.php on line 813
2025-04-29 9:52:42 - PHP Unknown:  Array and string offset access syntax with curly braces is deprecated in C:\xampp\htdocs\boot_store\system\library\PHPExcel\Cell.php on line 816
2025-04-29 9:52:42 - PHP Unknown:  Array and string offset access syntax with curly braces is deprecated in C:\xampp\htdocs\boot_store\system\library\PHPExcel\Cell.php on line 817
2025-04-29 9:52:42 - PHP Unknown:  Array and string offset access syntax with curly braces is deprecated in C:\xampp\htdocs\boot_store\system\library\PHPExcel\Cell.php on line 817
2025-04-29 9:52:42 - PHP Unknown:  Array and string offset access syntax with curly braces is deprecated in C:\xampp\htdocs\boot_store\system\library\PHPExcel\Cell.php on line 819
2025-04-29 9:52:42 - PHP Unknown:  Array and string offset access syntax with curly braces is deprecated in C:\xampp\htdocs\boot_store\system\library\PHPExcel\Cell.php on line 820
2025-04-29 9:52:42 - PHP Unknown:  Array and string offset access syntax with curly braces is deprecated in C:\xampp\htdocs\boot_store\system\library\PHPExcel\Cell.php on line 820
2025-04-29 9:52:42 - PHP Unknown:  Array and string offset access syntax with curly braces is deprecated in C:\xampp\htdocs\boot_store\system\library\PHPExcel\Cell.php on line 820
2025-04-29 9:52:42 - PHP Unknown:  Array and string offset access syntax with curly braces is deprecated in C:\xampp\htdocs\boot_store\system\library\PHPExcel\Cell.php on line 824
2025-04-29 9:52:42 - PHP Unknown:  Array and string offset access syntax with curly braces is deprecated in C:\xampp\htdocs\boot_store\system\library\PHPExcel\Cell\DefaultValueBinder.php on line 82
2025-04-29 9:52:42 - PHP Unknown:  Array and string offset access syntax with curly braces is deprecated in C:\xampp\htdocs\boot_store\system\library\PHPExcel\Cell\DefaultValueBinder.php on line 90
2025-04-29 9:52:42 - PHP Unknown:  Array and string offset access syntax with curly braces is deprecated in C:\xampp\htdocs\boot_store\system\library\PHPExcel\Cell\DefaultValueBinder.php on line 90
2025-04-29 9:52:43 - PHP Unknown:  Array and string offset access syntax with curly braces is deprecated in C:\xampp\htdocs\boot_store\system\library\PHPExcel\Calculation\Functions.php on line 321
2025-04-29 9:52:43 - PHP Unknown:  Array and string offset access syntax with curly braces is deprecated in C:\xampp\htdocs\boot_store\system\library\PHPExcel\Calculation\Functions.php on line 324
2025-04-29 9:52:43 - PHP Unknown:  Array and string offset access syntax with curly braces is deprecated in C:\xampp\htdocs\boot_store\system\library\PHPExcel\Calculation\Functions.php on line 564
2025-04-29 9:52:43 - PHP Unknown:  Array and string offset access syntax with curly braces is deprecated in C:\xampp\htdocs\boot_store\system\library\PHPExcel\Calculation\Functions.php on line 614
2025-04-29 9:52:47 - PHP Warning:  Declaration of ControllerInventoryProduct::validateDelete($id) should be compatible with HController::validateDelete($id = '') in C:\xampp\htdocs\boot_store\admin\controller\inventory\product.php on line 1215
2025-04-29 9:52:47 - PHP Notice:  Undefined index: product_id in C:\xampp\htdocs\boot_store\system\engine\hcontroller.php on line 223
2025-04-29 9:52:47 - PHP Notice:  Undefined index: product_id in C:\xampp\htdocs\boot_store\system\engine\hcontroller.php on line 224
2025-04-29 9:52:47 - PHP Notice:  Undefined index: product_id in C:\xampp\htdocs\boot_store\admin\controller\inventory\product.php on line 312
2025-04-29 9:52:47 - PHP Notice:  Undefined index: auto_generate_product_code in C:\xampp\htdocs\boot_store\admin\controller\inventory\product.php on line 340
2025-04-29 9:52:47 - PHP Notice:  Undefined variable: result in C:\xampp\htdocs\boot_store\admin\controller\inventory\product.php on line 360
2025-04-29 9:52:47 - PHP Notice:  Trying to access array offset on value of type null in C:\xampp\htdocs\boot_store\admin\controller\inventory\product.php on line 360
2025-04-29 9:52:47 - PHP Notice:  Undefined index: product_image in C:\xampp\htdocs\boot_store\admin\controller\inventory\product.php on line 365
2025-04-29 9:52:47 - PHP Notice:  Undefined index: product_id in C:\xampp\htdocs\boot_store\admin\controller\inventory\product.php on line 389
2025-04-29 9:52:47 - PHP Notice:  Undefined index: duplicate in C:\xampp\htdocs\boot_store\admin\controller\inventory\product.php on line 391
2025-04-29 9:52:47 - PHP Notice:  Undefined index: product_id in C:\xampp\htdocs\boot_store\admin\controller\inventory\product.php on line 392
2025-04-29 9:52:47 - PHP Notice:  Undefined index: product_id in C:\xampp\htdocs\boot_store\admin\controller\inventory\product.php on line 393
2025-04-29 9:52:47 - PHP Notice:  Undefined variable: href_gl_mapping_account in C:\xampp\htdocs\boot_store\admin\view\template\common\column_left.tpl on line 68
2025-04-29 9:52:47 - PHP Notice:  Undefined index: gl_mapping_account in C:\xampp\htdocs\boot_store\admin\view\template\common\column_left.tpl on line 68
2025-04-29 9:52:47 - PHP Notice:  Undefined variable: href_tool_dashboard in C:\xampp\htdocs\boot_store\admin\view\template\common\column_left.tpl on line 231
2025-04-29 9:52:48 - PHP Notice:  Undefined index: class in C:\xampp\htdocs\boot_store\admin\view\template\inventory\product_form.tpl on line 18
2025-04-29 9:52:48 - PHP Notice:  Undefined index: class in C:\xampp\htdocs\boot_store\admin\view\template\inventory\product_form.tpl on line 18
2025-04-29 9:52:48 - PHP Notice:  Undefined index: class in C:\xampp\htdocs\boot_store\admin\view\template\inventory\product_form.tpl on line 18
2025-04-29 9:52:48 - PHP Notice:  Undefined variable: action in C:\xampp\htdocs\boot_store\admin\view\template\inventory\product_form.tpl on line 65
2025-04-29 9:52:48 - PHP Notice:  Undefined variable: product_category_id in C:\xampp\htdocs\boot_store\admin\view\template\inventory\product_form.tpl on line 73
2025-04-29 9:52:48 - PHP Notice:  Undefined variable: product_category_id in C:\xampp\htdocs\boot_store\admin\view\template\inventory\product_form.tpl on line 73
2025-04-29 9:52:48 - PHP Notice:  Undefined variable: product_category_id in C:\xampp\htdocs\boot_store\admin\view\template\inventory\product_form.tpl on line 73
2025-04-29 9:52:48 - PHP Notice:  Undefined variable: product_category_id in C:\xampp\htdocs\boot_store\admin\view\template\inventory\product_form.tpl on line 73
2025-04-29 9:52:48 - PHP Notice:  Undefined variable: product_category_id in C:\xampp\htdocs\boot_store\admin\view\template\inventory\product_form.tpl on line 73
2025-04-29 9:52:48 - PHP Notice:  Undefined variable: product_category_id in C:\xampp\htdocs\boot_store\admin\view\template\inventory\product_form.tpl on line 73
2025-04-29 9:52:48 - PHP Notice:  Undefined variable: auto_generate_product_code in C:\xampp\htdocs\boot_store\admin\view\template\inventory\product_form.tpl on line 89
2025-04-29 9:52:48 - PHP Notice:  Undefined variable: product_sub_categories in C:\xampp\htdocs\boot_store\admin\view\template\inventory\product_form.tpl on line 98
2025-04-29 9:52:48 - PHP Warning:  Invalid argument supplied for foreach() in C:\xampp\htdocs\boot_store\admin\view\template\inventory\product_form.tpl on line 98
2025-04-29 9:52:48 - PHP Notice:  Undefined variable: brand_id in C:\xampp\htdocs\boot_store\admin\view\template\inventory\product_form.tpl on line 118
2025-04-29 9:52:48 - PHP Notice:  Undefined variable: brand_id in C:\xampp\htdocs\boot_store\admin\view\template\inventory\product_form.tpl on line 118
2025-04-29 9:52:48 - PHP Notice:  Undefined variable: brand_id in C:\xampp\htdocs\boot_store\admin\view\template\inventory\product_form.tpl on line 118
2025-04-29 9:52:48 - PHP Notice:  Undefined variable: brand_id in C:\xampp\htdocs\boot_store\admin\view\template\inventory\product_form.tpl on line 118
2025-04-29 9:52:48 - PHP Notice:  Undefined variable: brand_id in C:\xampp\htdocs\boot_store\admin\view\template\inventory\product_form.tpl on line 118
2025-04-29 9:52:48 - PHP Notice:  Undefined variable: brand_id in C:\xampp\htdocs\boot_store\admin\view\template\inventory\product_form.tpl on line 118
2025-04-29 9:52:48 - PHP Notice:  Undefined variable: brand_id in C:\xampp\htdocs\boot_store\admin\view\template\inventory\product_form.tpl on line 118
2025-04-29 9:52:48 - PHP Notice:  Undefined variable: brand_id in C:\xampp\htdocs\boot_store\admin\view\template\inventory\product_form.tpl on line 118
2025-04-29 9:52:48 - PHP Notice:  Undefined variable: brand_id in C:\xampp\htdocs\boot_store\admin\view\template\inventory\product_form.tpl on line 118
2025-04-29 9:52:48 - PHP Notice:  Undefined variable: brand_id in C:\xampp\htdocs\boot_store\admin\view\template\inventory\product_form.tpl on line 118
2025-04-29 9:52:48 - PHP Notice:  Undefined variable: brand_id in C:\xampp\htdocs\boot_store\admin\view\template\inventory\product_form.tpl on line 118
2025-04-29 9:52:48 - PHP Notice:  Undefined variable: brand_id in C:\xampp\htdocs\boot_store\admin\view\template\inventory\product_form.tpl on line 118
2025-04-29 9:52:48 - PHP Notice:  Undefined variable: model_id in C:\xampp\htdocs\boot_store\admin\view\template\inventory\product_form.tpl on line 154
2025-04-29 9:52:48 - PHP Notice:  Undefined variable: model_id in C:\xampp\htdocs\boot_store\admin\view\template\inventory\product_form.tpl on line 154
2025-04-29 9:52:48 - PHP Notice:  Undefined variable: model_id in C:\xampp\htdocs\boot_store\admin\view\template\inventory\product_form.tpl on line 154
2025-04-29 9:52:48 - PHP Notice:  Undefined variable: model_id in C:\xampp\htdocs\boot_store\admin\view\template\inventory\product_form.tpl on line 154
2025-04-29 9:52:48 - PHP Notice:  Undefined variable: unit_id in C:\xampp\htdocs\boot_store\admin\view\template\inventory\product_form.tpl on line 187
2025-04-29 9:52:48 - PHP Notice:  Undefined variable: unit_id in C:\xampp\htdocs\boot_store\admin\view\template\inventory\product_form.tpl on line 187
2025-04-29 9:52:48 - PHP Notice:  Undefined variable: unit_id in C:\xampp\htdocs\boot_store\admin\view\template\inventory\product_form.tpl on line 187
2025-04-29 9:52:48 - PHP Notice:  Undefined index: unit_id in C:\xampp\htdocs\boot_store\admin\view\template\inventory\product_form.tpl on line 190
2025-04-29 9:52:48 - PHP Notice:  Undefined variable: cogs_account_id in C:\xampp\htdocs\boot_store\admin\view\template\inventory\product_form.tpl on line 229
2025-04-29 9:52:48 - PHP Notice:  Undefined variable: inventory_account_id in C:\xampp\htdocs\boot_store\admin\view\template\inventory\product_form.tpl on line 239
2025-04-29 9:52:48 - PHP Notice:  Undefined variable: revenue_account_id in C:\xampp\htdocs\boot_store\admin\view\template\inventory\product_form.tpl on line 249
2025-04-29 9:52:48 - PHP Notice:  Undefined variable: adjustment_account_id in C:\xampp\htdocs\boot_store\admin\view\template\inventory\product_form.tpl on line 259
2025-04-29 9:52:48 - PHP Notice:  Undefined variable: product_image in C:\xampp\htdocs\boot_store\admin\view\template\inventory\product_form.tpl on line 270
2025-04-29 9:52:48 - PHP Notice:  Undefined variable: product_sub_category_id in C:\xampp\htdocs\boot_store\admin\view\template\inventory\product_form.tpl on line 356
2025-04-29 9:52:48 - PHP Notice:  Undefined variable: url_add_make in C:\xampp\htdocs\boot_store\admin\view\template\inventory\product_form.tpl on line 361
2025-04-29 9:52:48 - PHP Notice:  Undefined variable: url_add_make in C:\xampp\htdocs\boot_store\admin\view\template\inventory\product_form.tpl on line 368
2025-04-29 9:52:48 - PHP Notice:  Undefined index: product_id in C:\xampp\htdocs\boot_store\admin\view\template\inventory\product_form.tpl on line 433
2025-04-29 9:52:48 - PHP Notice:  Undefined variable: column_right in C:\xampp\htdocs\boot_store\admin\view\template\inventory\product_form.tpl on line 442
2025-04-29 9:53:16 - PHP Warning:  Declaration of ControllerInventoryStockIn::validateDelete() should be compatible with HController::validateDelete($id = '') in C:\xampp\htdocs\boot_store\admin\controller\inventory\stock_in.php on line 536
2025-04-29 9:53:17 - PHP Notice:  Undefined variable: href_gl_mapping_account in C:\xampp\htdocs\boot_store\admin\view\template\common\column_left.tpl on line 68
2025-04-29 9:53:17 - PHP Notice:  Undefined index: gl_mapping_account in C:\xampp\htdocs\boot_store\admin\view\template\common\column_left.tpl on line 68
2025-04-29 9:53:17 - PHP Notice:  Undefined variable: href_tool_dashboard in C:\xampp\htdocs\boot_store\admin\view\template\common\column_left.tpl on line 231
2025-04-29 9:53:17 - PHP Notice:  Undefined index: class in C:\xampp\htdocs\boot_store\admin\view\template\inventory\stock_in_list.tpl on line 19
2025-04-29 9:53:17 - PHP Notice:  Undefined index: class in C:\xampp\htdocs\boot_store\admin\view\template\inventory\stock_in_list.tpl on line 19
2025-04-29 9:53:17 - PHP Notice:  Undefined index: class in C:\xampp\htdocs\boot_store\admin\view\template\inventory\stock_in_list.tpl on line 19
2025-04-29 9:53:17 - PHP Notice:  Undefined variable: column_right in C:\xampp\htdocs\boot_store\admin\view\template\inventory\stock_in_list.tpl on line 77
2025-04-29 9:53:17 - PHP Warning:  Declaration of ControllerInventoryStockIn::validateDelete() should be compatible with HController::validateDelete($id = '') in C:\xampp\htdocs\boot_store\admin\controller\inventory\stock_in.php on line 536
2025-04-29 9:53:19 - PHP Warning:  Declaration of ControllerInventoryStockIn::validateDelete() should be compatible with HController::validateDelete($id = '') in C:\xampp\htdocs\boot_store\admin\controller\inventory\stock_in.php on line 536
2025-04-29 9:53:19 - PHP Notice:  Undefined index: stock_in_id in C:\xampp\htdocs\boot_store\system\engine\hcontroller.php on line 223
2025-04-29 9:53:19 - PHP Notice:  Undefined index: stock_in_id in C:\xampp\htdocs\boot_store\system\engine\hcontroller.php on line 224
2025-04-29 9:53:19 - PHP Notice:  Undefined index: stock_in_id in C:\xampp\htdocs\boot_store\admin\controller\inventory\stock_in.php on line 212
2025-04-29 9:53:19 - PHP Notice:  Undefined index: stock_in_id in C:\xampp\htdocs\boot_store\admin\controller\inventory\stock_in.php on line 213
2025-04-29 9:53:19 - PHP Notice:  Undefined index: stock_in_id in C:\xampp\htdocs\boot_store\admin\controller\inventory\stock_in.php on line 214
2025-04-29 9:53:19 - PHP Notice:  Undefined index: stock_in_id in C:\xampp\htdocs\boot_store\admin\controller\inventory\stock_in.php on line 215
2025-04-29 9:53:19 - PHP Notice:  Undefined variable: href_gl_mapping_account in C:\xampp\htdocs\boot_store\admin\view\template\common\column_left.tpl on line 68
2025-04-29 9:53:19 - PHP Notice:  Undefined index: gl_mapping_account in C:\xampp\htdocs\boot_store\admin\view\template\common\column_left.tpl on line 68
2025-04-29 9:53:19 - PHP Notice:  Undefined variable: href_tool_dashboard in C:\xampp\htdocs\boot_store\admin\view\template\common\column_left.tpl on line 231
2025-04-29 9:53:19 - PHP Notice:  Undefined index: class in C:\xampp\htdocs\boot_store\admin\view\template\inventory\stock_in_form.tpl on line 18
2025-04-29 9:53:19 - PHP Notice:  Undefined index: class in C:\xampp\htdocs\boot_store\admin\view\template\inventory\stock_in_form.tpl on line 18
2025-04-29 9:53:19 - PHP Notice:  Undefined index: class in C:\xampp\htdocs\boot_store\admin\view\template\inventory\stock_in_form.tpl on line 18
2025-04-29 9:53:19 - PHP Notice:  Undefined variable: is_post in C:\xampp\htdocs\boot_store\admin\view\template\inventory\stock_in_form.tpl on line 47
2025-04-29 9:53:19 - PHP Notice:  Undefined variable: action in C:\xampp\htdocs\boot_store\admin\view\template\inventory\stock_in_form.tpl on line 75
2025-04-29 9:53:19 - PHP Notice:  Undefined variable: document_type_id in C:\xampp\htdocs\boot_store\admin\view\template\inventory\stock_in_form.tpl on line 76
2025-04-29 9:53:19 - PHP Notice:  Undefined variable: stock_in_id in C:\xampp\htdocs\boot_store\admin\view\template\inventory\stock_in_form.tpl on line 77
2025-04-29 9:53:19 - PHP Notice:  Undefined variable: document_identity in C:\xampp\htdocs\boot_store\admin\view\template\inventory\stock_in_form.tpl on line 82
2025-04-29 9:53:19 - PHP Notice:  Undefined variable: warehouse_id in C:\xampp\htdocs\boot_store\admin\view\template\inventory\stock_in_form.tpl on line 97
2025-04-29 9:53:19 - PHP Notice:  Undefined variable: remarks in C:\xampp\htdocs\boot_store\admin\view\template\inventory\stock_in_form.tpl on line 133
2025-04-29 9:53:19 - PHP Notice:  Undefined variable: stock_in_details in C:\xampp\htdocs\boot_store\admin\view\template\inventory\stock_in_form.tpl on line 184
2025-04-29 9:53:19 - PHP Warning:  count(): Parameter must be an array or an object that implements Countable in C:\xampp\htdocs\boot_store\admin\view\template\inventory\stock_in_form.tpl on line 184
2025-04-29 9:53:19 - PHP Notice:  Undefined variable: stock_in_details in C:\xampp\htdocs\boot_store\admin\view\template\inventory\stock_in_form.tpl on line 184
2025-04-29 9:53:19 - PHP Warning:  count(): Parameter must be an array or an object that implements Countable in C:\xampp\htdocs\boot_store\admin\view\template\inventory\stock_in_form.tpl on line 184
2025-04-29 9:53:19 - PHP Notice:  Undefined variable: stock_in_details in C:\xampp\htdocs\boot_store\admin\view\template\inventory\stock_in_form.tpl on line 185
2025-04-29 9:53:19 - PHP Warning:  Invalid argument supplied for foreach() in C:\xampp\htdocs\boot_store\admin\view\template\inventory\stock_in_form.tpl on line 185
2025-04-29 9:53:19 - PHP Notice:  Undefined variable: total_qty in C:\xampp\htdocs\boot_store\admin\view\template\inventory\stock_in_form.tpl on line 222
2025-04-29 9:53:19 - PHP Notice:  Undefined variable: total_amount in C:\xampp\htdocs\boot_store\admin\view\template\inventory\stock_in_form.tpl on line 228
2025-04-29 9:53:19 - PHP Notice:  Undefined variable: is_post in C:\xampp\htdocs\boot_store\admin\view\template\inventory\stock_in_form.tpl on line 256
2025-04-29 9:53:19 - PHP Notice:  Undefined variable: column_right in C:\xampp\htdocs\boot_store\admin\view\template\inventory\stock_in_form.tpl on line 310
2025-04-29 9:53:38 - PHP Notice:  Undefined variable: href_gl_mapping_account in C:\xampp\htdocs\boot_store\admin\view\template\common\column_left.tpl on line 68
2025-04-29 9:53:38 - PHP Notice:  Undefined index: gl_mapping_account in C:\xampp\htdocs\boot_store\admin\view\template\common\column_left.tpl on line 68
2025-04-29 9:53:38 - PHP Notice:  Undefined variable: href_tool_dashboard in C:\xampp\htdocs\boot_store\admin\view\template\common\column_left.tpl on line 231
2025-04-29 9:53:38 - PHP Notice:  Undefined index: class in C:\xampp\htdocs\boot_store\admin\view\template\inventory\purchase_invoice_list.tpl on line 19
2025-04-29 9:53:38 - PHP Notice:  Undefined index: class in C:\xampp\htdocs\boot_store\admin\view\template\inventory\purchase_invoice_list.tpl on line 19
2025-04-29 9:53:38 - PHP Notice:  Undefined index: class in C:\xampp\htdocs\boot_store\admin\view\template\inventory\purchase_invoice_list.tpl on line 19
2025-04-29 9:53:38 - PHP Notice:  Undefined variable: column_right in C:\xampp\htdocs\boot_store\admin\view\template\inventory\purchase_invoice_list.tpl on line 78
2025-04-29 9:53:42 - PHP Notice:  Undefined index: ref_document_id in C:\xampp\htdocs\boot_store\admin\controller\inventory\purchase_invoice.php on line 1824
2025-04-29 9:53:42 - PHP Notice:  Undefined index: customer_unit_id in C:\xampp\htdocs\boot_store\admin\controller\inventory\purchase_invoice.php on line 1827
2025-04-29 9:53:42 - PHP Notice:  Undefined index: ref_document_id in C:\xampp\htdocs\boot_store\admin\controller\inventory\purchase_invoice.php on line 1837
2025-04-29 9:53:42 - PHP Warning:  Invalid argument supplied for foreach() in C:\xampp\htdocs\boot_store\admin\controller\inventory\purchase_invoice.php on line 1839
2025-04-29 9:53:42 - PHP Warning:  chr() expects parameter 1 to be int, string given in C:\xampp\htdocs\boot_store\system\library\tcpdf\include\tcpdf_fonts.php on line 1671
2025-04-29 9:53:43 - PHP Notice:  Undefined index: po_date in C:\xampp\htdocs\boot_store\admin\controller\inventory\purchase_invoice.php on line 1878
2025-04-29 9:53:43 - PHP Notice:  Undefined index: po_date in C:\xampp\htdocs\boot_store\admin\controller\inventory\purchase_invoice.php on line 1951
2025-04-29 9:53:43 - PHP Notice:  Undefined offset: 0 in C:\xampp\htdocs\boot_store\system\helper\utility.php on line 420
2025-04-29 9:53:43 - PHP Notice:  Undefined index: freight_master in C:\xampp\htdocs\boot_store\admin\controller\inventory\purchase_invoice.php on line 2272
2025-04-29 9:53:43 - PHP Notice:  Undefined index: freight_master in C:\xampp\htdocs\boot_store\admin\controller\inventory\purchase_invoice.php on line 2279
2025-04-29 9:54:03 - PHP Notice:  Undefined variable: href_gl_mapping_account in C:\xampp\htdocs\boot_store\admin\view\template\common\column_left.tpl on line 68
2025-04-29 9:54:03 - PHP Notice:  Undefined index: gl_mapping_account in C:\xampp\htdocs\boot_store\admin\view\template\common\column_left.tpl on line 68
2025-04-29 9:54:03 - PHP Notice:  Undefined variable: href_tool_dashboard in C:\xampp\htdocs\boot_store\admin\view\template\common\column_left.tpl on line 231
2025-04-29 9:54:04 - PHP Notice:  Undefined index: class in C:\xampp\htdocs\boot_store\admin\view\template\inventory\purchase_invoice_form.tpl on line 18
2025-04-29 9:54:04 - PHP Notice:  Undefined index: class in C:\xampp\htdocs\boot_store\admin\view\template\inventory\purchase_invoice_form.tpl on line 18
2025-04-29 9:54:04 - PHP Notice:  Undefined index: class in C:\xampp\htdocs\boot_store\admin\view\template\inventory\purchase_invoice_form.tpl on line 18
2025-04-29 9:54:04 - PHP Notice:  Undefined variable: action in C:\xampp\htdocs\boot_store\admin\view\template\inventory\purchase_invoice_form.tpl on line 85
2025-04-29 9:54:04 - PHP Notice:  Undefined variable: invoice_type in C:\xampp\htdocs\boot_store\admin\view\template\inventory\purchase_invoice_form.tpl on line 96
2025-04-29 9:54:04 - PHP Notice:  Undefined variable: invoice_type in C:\xampp\htdocs\boot_store\admin\view\template\inventory\purchase_invoice_form.tpl on line 104
2025-04-29 9:54:04 - PHP Notice:  Undefined variable: suppliers in C:\xampp\htdocs\boot_store\admin\view\template\inventory\purchase_invoice_form.tpl on line 173
2025-04-29 9:54:04 - PHP Warning:  Invalid argument supplied for foreach() in C:\xampp\htdocs\boot_store\admin\view\template\inventory\purchase_invoice_form.tpl on line 173
2025-04-29 9:54:04 - PHP Notice:  Undefined index: sale_rate in C:\xampp\htdocs\boot_store\admin\view\template\inventory\purchase_invoice_form.tpl on line 288
2025-04-29 9:54:04 - PHP Notice:  Undefined variable: total_quantity in C:\xampp\htdocs\boot_store\admin\view\template\inventory\purchase_invoice_form.tpl on line 335
2025-04-29 9:54:04 - PHP Notice:  Undefined variable: freight_master in C:\xampp\htdocs\boot_store\admin\view\template\inventory\purchase_invoice_form.tpl on line 360
2025-04-29 9:54:04 - PHP Notice:  Undefined variable: products in C:\xampp\htdocs\boot_store\admin\view\template\inventory\purchase_invoice_form.tpl on line 449
2025-04-29 9:54:04 - PHP Notice:  Undefined variable: column_right in C:\xampp\htdocs\boot_store\admin\view\template\inventory\purchase_invoice_form.tpl on line 559
2025-04-29 9:54:24 - PHP Notice:  Undefined variable: href_gl_mapping_account in C:\xampp\htdocs\boot_store\admin\view\template\common\column_left.tpl on line 68
2025-04-29 9:54:24 - PHP Notice:  Undefined index: gl_mapping_account in C:\xampp\htdocs\boot_store\admin\view\template\common\column_left.tpl on line 68
2025-04-29 9:54:24 - PHP Notice:  Undefined variable: href_tool_dashboard in C:\xampp\htdocs\boot_store\admin\view\template\common\column_left.tpl on line 231
2025-04-29 9:54:24 - PHP Notice:  Undefined index: class in C:\xampp\htdocs\boot_store\admin\view\template\inventory\purchase_return_list.tpl on line 19
2025-04-29 9:54:24 - PHP Notice:  Undefined index: class in C:\xampp\htdocs\boot_store\admin\view\template\inventory\purchase_return_list.tpl on line 19
2025-04-29 9:54:24 - PHP Notice:  Undefined index: class in C:\xampp\htdocs\boot_store\admin\view\template\inventory\purchase_return_list.tpl on line 19
2025-04-29 9:54:24 - PHP Notice:  Undefined variable: column_right in C:\xampp\htdocs\boot_store\admin\view\template\inventory\purchase_return_list.tpl on line 79
2025-04-29 9:54:26 - PHP Notice:  Undefined index: purchase_return_id in C:\xampp\htdocs\boot_store\system\engine\hcontroller.php on line 223
2025-04-29 9:54:26 - PHP Notice:  Undefined index: purchase_return_id in C:\xampp\htdocs\boot_store\system\engine\hcontroller.php on line 224
2025-04-29 9:54:26 - PHP Notice:  Undefined index: purchase_return_id in C:\xampp\htdocs\boot_store\admin\controller\inventory\purchase_return.php on line 237
2025-04-29 9:54:26 - PHP Notice:  Undefined index: purchase_return_id in C:\xampp\htdocs\boot_store\admin\controller\inventory\purchase_return.php on line 239
2025-04-29 9:54:26 - PHP Notice:  Undefined index: purchase_return_id in C:\xampp\htdocs\boot_store\admin\controller\inventory\purchase_return.php on line 240
2025-04-29 9:54:26 - PHP Notice:  Undefined index: purchase_return_id in C:\xampp\htdocs\boot_store\admin\controller\inventory\purchase_return.php on line 241
2025-04-29 9:54:26 - PHP Notice:  Undefined index: purchase_return_id in C:\xampp\htdocs\boot_store\admin\controller\inventory\purchase_return.php on line 242
2025-04-29 9:54:26 - PHP Notice:  Undefined variable: href_gl_mapping_account in C:\xampp\htdocs\boot_store\admin\view\template\common\column_left.tpl on line 68
2025-04-29 9:54:26 - PHP Notice:  Undefined index: gl_mapping_account in C:\xampp\htdocs\boot_store\admin\view\template\common\column_left.tpl on line 68
2025-04-29 9:54:26 - PHP Notice:  Undefined variable: href_tool_dashboard in C:\xampp\htdocs\boot_store\admin\view\template\common\column_left.tpl on line 231
2025-04-29 9:54:26 - PHP Notice:  Undefined index: class in C:\xampp\htdocs\boot_store\admin\view\template\inventory\purchase_return_form.tpl on line 18
2025-04-29 9:54:26 - PHP Notice:  Undefined index: class in C:\xampp\htdocs\boot_store\admin\view\template\inventory\purchase_return_form.tpl on line 18
2025-04-29 9:54:26 - PHP Notice:  Undefined index: class in C:\xampp\htdocs\boot_store\admin\view\template\inventory\purchase_return_form.tpl on line 18
2025-04-29 9:54:26 - PHP Notice:  Undefined variable: is_post in C:\xampp\htdocs\boot_store\admin\view\template\inventory\purchase_return_form.tpl on line 47
2025-04-29 9:54:26 - PHP Notice:  Undefined variable: action in C:\xampp\htdocs\boot_store\admin\view\template\inventory\purchase_return_form.tpl on line 75
2025-04-29 9:54:26 - PHP Notice:  Undefined variable: document_type_id in C:\xampp\htdocs\boot_store\admin\view\template\inventory\purchase_return_form.tpl on line 76
2025-04-29 9:54:26 - PHP Notice:  Undefined variable: purchase_return_id in C:\xampp\htdocs\boot_store\admin\view\template\inventory\purchase_return_form.tpl on line 77
2025-04-29 9:54:26 - PHP Notice:  Undefined variable: document_identity in C:\xampp\htdocs\boot_store\admin\view\template\inventory\purchase_return_form.tpl on line 82
2025-04-29 9:54:26 - PHP Notice:  Undefined variable: remarks in C:\xampp\htdocs\boot_store\admin\view\template\inventory\purchase_return_form.tpl on line 162
2025-04-29 9:54:26 - PHP Notice:  Undefined variable: remarks2 in C:\xampp\htdocs\boot_store\admin\view\template\inventory\purchase_return_form.tpl on line 168
2025-04-29 9:54:26 - PHP Notice:  Undefined variable: purchase_return_details in C:\xampp\htdocs\boot_store\admin\view\template\inventory\purchase_return_form.tpl on line 200
2025-04-29 9:54:26 - PHP Warning:  Invalid argument supplied for foreach() in C:\xampp\htdocs\boot_store\admin\view\template\inventory\purchase_return_form.tpl on line 200
2025-04-29 9:54:26 - PHP Notice:  Undefined variable: item_amount in C:\xampp\htdocs\boot_store\admin\view\template\inventory\purchase_return_form.tpl on line 301
2025-04-29 9:54:26 - PHP Notice:  Undefined variable: item_discount in C:\xampp\htdocs\boot_store\admin\view\template\inventory\purchase_return_form.tpl on line 307
2025-04-29 9:54:26 - PHP Notice:  Undefined variable: item_tax in C:\xampp\htdocs\boot_store\admin\view\template\inventory\purchase_return_form.tpl on line 313
2025-04-29 9:54:26 - PHP Notice:  Undefined variable: item_total in C:\xampp\htdocs\boot_store\admin\view\template\inventory\purchase_return_form.tpl on line 319
2025-04-29 9:54:26 - PHP Notice:  Undefined variable: deduction_amount in C:\xampp\htdocs\boot_store\admin\view\template\inventory\purchase_return_form.tpl on line 327
2025-04-29 9:54:26 - PHP Notice:  Undefined variable: net_amount in C:\xampp\htdocs\boot_store\admin\view\template\inventory\purchase_return_form.tpl on line 333
2025-04-29 9:54:26 - PHP Notice:  Undefined variable: cash_received in C:\xampp\htdocs\boot_store\admin\view\template\inventory\purchase_return_form.tpl on line 341
2025-04-29 9:54:26 - PHP Notice:  Undefined variable: balance_amount in C:\xampp\htdocs\boot_store\admin\view\template\inventory\purchase_return_form.tpl on line 347
2025-04-29 9:54:26 - PHP Notice:  Undefined variable: is_post in C:\xampp\htdocs\boot_store\admin\view\template\inventory\purchase_return_form.tpl on line 375
2025-04-29 9:54:26 - PHP Notice:  Undefined variable: partner_id in C:\xampp\htdocs\boot_store\admin\view\template\inventory\purchase_return_form.tpl on line 394
2025-04-29 9:54:26 - PHP Notice:  Undefined variable: ref_document_type_id in C:\xampp\htdocs\boot_store\admin\view\template\inventory\purchase_return_form.tpl on line 395
2025-04-29 9:54:26 - PHP Notice:  Undefined variable: ref_document_identity in C:\xampp\htdocs\boot_store\admin\view\template\inventory\purchase_return_form.tpl on line 396
2025-04-29 9:54:26 - PHP Notice:  Undefined variable: products in C:\xampp\htdocs\boot_store\admin\view\template\inventory\purchase_return_form.tpl on line 405
2025-04-29 9:54:26 - PHP Notice:  Undefined index: purchase_return_id in C:\xampp\htdocs\boot_store\admin\view\template\inventory\purchase_return_form.tpl on line 436
2025-04-29 9:54:26 - PHP Notice:  Undefined variable: column_right in C:\xampp\htdocs\boot_store\admin\view\template\inventory\purchase_return_form.tpl on line 519
2025-04-29 9:54:34 - PHP Notice:  Undefined variable: href_gl_mapping_account in C:\xampp\htdocs\boot_store\admin\view\template\common\column_left.tpl on line 68
2025-04-29 9:54:34 - PHP Notice:  Undefined index: gl_mapping_account in C:\xampp\htdocs\boot_store\admin\view\template\common\column_left.tpl on line 68
2025-04-29 9:54:34 - PHP Notice:  Undefined variable: href_tool_dashboard in C:\xampp\htdocs\boot_store\admin\view\template\common\column_left.tpl on line 231
2025-04-29 9:54:34 - PHP Notice:  Undefined index: class in C:\xampp\htdocs\boot_store\admin\view\template\report\ledger_report.tpl on line 18
2025-04-29 9:54:34 - PHP Notice:  Undefined index: class in C:\xampp\htdocs\boot_store\admin\view\template\report\ledger_report.tpl on line 18
2025-04-29 9:54:34 - PHP Notice:  Undefined index: class in C:\xampp\htdocs\boot_store\admin\view\template\report\ledger_report.tpl on line 18
2025-04-29 9:54:34 - PHP Notice:  Undefined variable: coa_levels1 in C:\xampp\htdocs\boot_store\admin\view\template\report\ledger_report.tpl on line 66
2025-04-29 9:54:34 - PHP Warning:  Invalid argument supplied for foreach() in C:\xampp\htdocs\boot_store\admin\view\template\report\ledger_report.tpl on line 66
2025-04-29 9:54:34 - PHP Notice:  Undefined variable: coa_level3_id in C:\xampp\htdocs\boot_store\admin\view\template\report\ledger_report.tpl on line 90
2025-04-29 9:54:34 - PHP Notice:  Undefined variable: coa_level3_id in C:\xampp\htdocs\boot_store\admin\view\template\report\ledger_report.tpl on line 90
2025-04-29 9:54:34 - PHP Notice:  Undefined variable: coa_level3_id in C:\xampp\htdocs\boot_store\admin\view\template\report\ledger_report.tpl on line 90
2025-04-29 9:54:34 - PHP Notice:  Undefined variable: coa_level3_id in C:\xampp\htdocs\boot_store\admin\view\template\report\ledger_report.tpl on line 90
2025-04-29 9:54:34 - PHP Notice:  Undefined variable: coa_level3_id in C:\xampp\htdocs\boot_store\admin\view\template\report\ledger_report.tpl on line 90
2025-04-29 9:54:34 - PHP Notice:  Undefined variable: coa_level3_id in C:\xampp\htdocs\boot_store\admin\view\template\report\ledger_report.tpl on line 90
2025-04-29 9:54:34 - PHP Notice:  Undefined variable: coa_level3_id in C:\xampp\htdocs\boot_store\admin\view\template\report\ledger_report.tpl on line 90
2025-04-29 9:54:34 - PHP Notice:  Undefined variable: coa_level3_id in C:\xampp\htdocs\boot_store\admin\view\template\report\ledger_report.tpl on line 90
2025-04-29 9:54:34 - PHP Notice:  Undefined variable: coa_level3_id in C:\xampp\htdocs\boot_store\admin\view\template\report\ledger_report.tpl on line 90
2025-04-29 9:54:34 - PHP Notice:  Undefined variable: coa_level3_id in C:\xampp\htdocs\boot_store\admin\view\template\report\ledger_report.tpl on line 90
2025-04-29 9:54:34 - PHP Notice:  Undefined variable: coa_level3_id in C:\xampp\htdocs\boot_store\admin\view\template\report\ledger_report.tpl on line 90
2025-04-29 9:54:34 - PHP Notice:  Undefined variable: coa_level3_id in C:\xampp\htdocs\boot_store\admin\view\template\report\ledger_report.tpl on line 90
2025-04-29 9:54:34 - PHP Notice:  Undefined variable: coa_level3_id in C:\xampp\htdocs\boot_store\admin\view\template\report\ledger_report.tpl on line 90
2025-04-29 9:54:34 - PHP Notice:  Undefined variable: coa_level3_id in C:\xampp\htdocs\boot_store\admin\view\template\report\ledger_report.tpl on line 90
2025-04-29 9:54:34 - PHP Notice:  Undefined variable: coa_level3_id in C:\xampp\htdocs\boot_store\admin\view\template\report\ledger_report.tpl on line 90
2025-04-29 9:54:34 - PHP Notice:  Undefined variable: coa_level3_id in C:\xampp\htdocs\boot_store\admin\view\template\report\ledger_report.tpl on line 90
2025-04-29 9:54:34 - PHP Notice:  Undefined variable: coa_level3_id in C:\xampp\htdocs\boot_store\admin\view\template\report\ledger_report.tpl on line 90
2025-04-29 9:54:34 - PHP Notice:  Undefined variable: coa_level3_id in C:\xampp\htdocs\boot_store\admin\view\template\report\ledger_report.tpl on line 90
2025-04-29 9:54:34 - PHP Notice:  Undefined variable: coa_level3_id in C:\xampp\htdocs\boot_store\admin\view\template\report\ledger_report.tpl on line 90
2025-04-29 9:54:34 - PHP Notice:  Undefined variable: coa_level3_id in C:\xampp\htdocs\boot_store\admin\view\template\report\ledger_report.tpl on line 90
2025-04-29 9:54:34 - PHP Notice:  Undefined variable: coa_level3_id in C:\xampp\htdocs\boot_store\admin\view\template\report\ledger_report.tpl on line 90
2025-04-29 9:54:34 - PHP Notice:  Undefined variable: coa_level3_id in C:\xampp\htdocs\boot_store\admin\view\template\report\ledger_report.tpl on line 90
2025-04-29 9:54:34 - PHP Notice:  Undefined variable: coa_level3_id in C:\xampp\htdocs\boot_store\admin\view\template\report\ledger_report.tpl on line 90
2025-04-29 9:54:34 - PHP Notice:  Undefined variable: coa_level3_id in C:\xampp\htdocs\boot_store\admin\view\template\report\ledger_report.tpl on line 90
2025-04-29 9:54:34 - PHP Notice:  Undefined variable: coa_level3_id in C:\xampp\htdocs\boot_store\admin\view\template\report\ledger_report.tpl on line 90
2025-04-29 9:54:34 - PHP Notice:  Undefined variable: coa_level3_id in C:\xampp\htdocs\boot_store\admin\view\template\report\ledger_report.tpl on line 90
2025-04-29 9:54:34 - PHP Notice:  Undefined variable: coa_level3_id in C:\xampp\htdocs\boot_store\admin\view\template\report\ledger_report.tpl on line 90
2025-04-29 9:54:34 - PHP Notice:  Undefined variable: coa_level3_id in C:\xampp\htdocs\boot_store\admin\view\template\report\ledger_report.tpl on line 90
2025-04-29 9:54:34 - PHP Notice:  Undefined variable: coa_level3_id in C:\xampp\htdocs\boot_store\admin\view\template\report\ledger_report.tpl on line 90
2025-04-29 9:54:34 - PHP Notice:  Undefined variable: coa_level3_id in C:\xampp\htdocs\boot_store\admin\view\template\report\ledger_report.tpl on line 90
2025-04-29 9:54:34 - PHP Notice:  Undefined variable: coa_level3_id in C:\xampp\htdocs\boot_store\admin\view\template\report\ledger_report.tpl on line 90
2025-04-29 9:54:34 - PHP Notice:  Undefined variable: coa_level3_id in C:\xampp\htdocs\boot_store\admin\view\template\report\ledger_report.tpl on line 90
2025-04-29 9:54:34 - PHP Notice:  Undefined variable: coa_level3_id in C:\xampp\htdocs\boot_store\admin\view\template\report\ledger_report.tpl on line 90
2025-04-29 9:54:34 - PHP Notice:  Undefined variable: coa_level3_id in C:\xampp\htdocs\boot_store\admin\view\template\report\ledger_report.tpl on line 90
2025-04-29 9:54:34 - PHP Notice:  Undefined variable: coa_level3_id in C:\xampp\htdocs\boot_store\admin\view\template\report\ledger_report.tpl on line 90
2025-04-29 9:54:34 - PHP Notice:  Undefined variable: coa_level3_id in C:\xampp\htdocs\boot_store\admin\view\template\report\ledger_report.tpl on line 90
2025-04-29 9:54:34 - PHP Notice:  Undefined variable: coa_level3_id in C:\xampp\htdocs\boot_store\admin\view\template\report\ledger_report.tpl on line 90
2025-04-29 9:54:34 - PHP Notice:  Undefined variable: coa_level3_id in C:\xampp\htdocs\boot_store\admin\view\template\report\ledger_report.tpl on line 90
2025-04-29 9:54:34 - PHP Notice:  Undefined variable: coa_level3_id in C:\xampp\htdocs\boot_store\admin\view\template\report\ledger_report.tpl on line 90
2025-04-29 9:54:34 - PHP Notice:  Undefined variable: coa_level3_id in C:\xampp\htdocs\boot_store\admin\view\template\report\ledger_report.tpl on line 90
2025-04-29 9:54:34 - PHP Notice:  Undefined variable: coa_level3_id in C:\xampp\htdocs\boot_store\admin\view\template\report\ledger_report.tpl on line 90
2025-04-29 9:54:34 - PHP Notice:  Undefined variable: coa_level3_id in C:\xampp\htdocs\boot_store\admin\view\template\report\ledger_report.tpl on line 90
2025-04-29 9:54:34 - PHP Notice:  Undefined variable: coa_level3_id in C:\xampp\htdocs\boot_store\admin\view\template\report\ledger_report.tpl on line 90
2025-04-29 9:54:34 - PHP Notice:  Undefined variable: coa_level3_id in C:\xampp\htdocs\boot_store\admin\view\template\report\ledger_report.tpl on line 90
2025-04-29 9:54:34 - PHP Notice:  Undefined variable: coa_level3_id in C:\xampp\htdocs\boot_store\admin\view\template\report\ledger_report.tpl on line 90
2025-04-29 9:54:34 - PHP Notice:  Undefined variable: coa_level3_id in C:\xampp\htdocs\boot_store\admin\view\template\report\ledger_report.tpl on line 90
2025-04-29 9:54:34 - PHP Notice:  Undefined variable: coa_level3_id in C:\xampp\htdocs\boot_store\admin\view\template\report\ledger_report.tpl on line 90
2025-04-29 9:54:34 - PHP Notice:  Undefined variable: coa_level3_id in C:\xampp\htdocs\boot_store\admin\view\template\report\ledger_report.tpl on line 90
2025-04-29 9:54:34 - PHP Notice:  Undefined variable: coa_level3_id in C:\xampp\htdocs\boot_store\admin\view\template\report\ledger_report.tpl on line 90
2025-04-29 9:54:34 - PHP Notice:  Undefined variable: coa_level3_id in C:\xampp\htdocs\boot_store\admin\view\template\report\ledger_report.tpl on line 90
2025-04-29 9:54:34 - PHP Notice:  Undefined variable: coa_level3_id in C:\xampp\htdocs\boot_store\admin\view\template\report\ledger_report.tpl on line 90
2025-04-29 9:54:34 - PHP Notice:  Undefined variable: coa_level3_id in C:\xampp\htdocs\boot_store\admin\view\template\report\ledger_report.tpl on line 90
2025-04-29 9:54:34 - PHP Notice:  Undefined variable: coa_level3_id in C:\xampp\htdocs\boot_store\admin\view\template\report\ledger_report.tpl on line 90
2025-04-29 9:54:34 - PHP Notice:  Undefined variable: coa_level3_id in C:\xampp\htdocs\boot_store\admin\view\template\report\ledger_report.tpl on line 90
2025-04-29 9:54:34 - PHP Notice:  Undefined variable: coa_level3_id in C:\xampp\htdocs\boot_store\admin\view\template\report\ledger_report.tpl on line 90
2025-04-29 9:54:34 - PHP Notice:  Undefined variable: coa_level3_id in C:\xampp\htdocs\boot_store\admin\view\template\report\ledger_report.tpl on line 90
2025-04-29 9:54:34 - PHP Notice:  Undefined variable: coa_level3_id in C:\xampp\htdocs\boot_store\admin\view\template\report\ledger_report.tpl on line 90
2025-04-29 9:54:34 - PHP Notice:  Undefined variable: coa_level3_id in C:\xampp\htdocs\boot_store\admin\view\template\report\ledger_report.tpl on line 90
2025-04-29 9:54:34 - PHP Notice:  Undefined variable: coa_level3_id in C:\xampp\htdocs\boot_store\admin\view\template\report\ledger_report.tpl on line 90
2025-04-29 9:54:34 - PHP Notice:  Undefined variable: coa_level3_id in C:\xampp\htdocs\boot_store\admin\view\template\report\ledger_report.tpl on line 90
2025-04-29 9:54:34 - PHP Notice:  Undefined variable: coa_level3_id in C:\xampp\htdocs\boot_store\admin\view\template\report\ledger_report.tpl on line 90
2025-04-29 9:54:34 - PHP Notice:  Undefined variable: coa_level3_id in C:\xampp\htdocs\boot_store\admin\view\template\report\ledger_report.tpl on line 90
2025-04-29 9:54:34 - PHP Notice:  Undefined variable: coa_level3_id in C:\xampp\htdocs\boot_store\admin\view\template\report\ledger_report.tpl on line 90
2025-04-29 9:54:34 - PHP Notice:  Undefined variable: coa_level3_id in C:\xampp\htdocs\boot_store\admin\view\template\report\ledger_report.tpl on line 90
2025-04-29 9:54:34 - PHP Notice:  Undefined variable: coa_level3_id in C:\xampp\htdocs\boot_store\admin\view\template\report\ledger_report.tpl on line 90
2025-04-29 9:54:34 - PHP Notice:  Undefined variable: coa_level3_id in C:\xampp\htdocs\boot_store\admin\view\template\report\ledger_report.tpl on line 90
2025-04-29 9:54:34 - PHP Notice:  Undefined variable: coa_level3_id in C:\xampp\htdocs\boot_store\admin\view\template\report\ledger_report.tpl on line 90
2025-04-29 9:54:34 - PHP Notice:  Undefined variable: coa_level3_id in C:\xampp\htdocs\boot_store\admin\view\template\report\ledger_report.tpl on line 90
2025-04-29 9:54:34 - PHP Notice:  Undefined variable: coa_level3_id in C:\xampp\htdocs\boot_store\admin\view\template\report\ledger_report.tpl on line 90
2025-04-29 9:54:34 - PHP Notice:  Undefined variable: coa_level3_id in C:\xampp\htdocs\boot_store\admin\view\template\report\ledger_report.tpl on line 90
2025-04-29 9:54:34 - PHP Notice:  Undefined variable: coa_level3_id in C:\xampp\htdocs\boot_store\admin\view\template\report\ledger_report.tpl on line 90
2025-04-29 9:54:34 - PHP Notice:  Undefined variable: coa_level3_id in C:\xampp\htdocs\boot_store\admin\view\template\report\ledger_report.tpl on line 90
2025-04-29 9:54:34 - PHP Notice:  Undefined variable: coa_level3_id in C:\xampp\htdocs\boot_store\admin\view\template\report\ledger_report.tpl on line 90
2025-04-29 9:54:34 - PHP Notice:  Undefined variable: coa_level3_id in C:\xampp\htdocs\boot_store\admin\view\template\report\ledger_report.tpl on line 90
2025-04-29 9:54:34 - PHP Notice:  Undefined variable: coa_level3_id in C:\xampp\htdocs\boot_store\admin\view\template\report\ledger_report.tpl on line 90
2025-04-29 9:54:34 - PHP Notice:  Undefined variable: coa_level3_id in C:\xampp\htdocs\boot_store\admin\view\template\report\ledger_report.tpl on line 90
2025-04-29 9:54:34 - PHP Notice:  Undefined variable: coa_level3_id in C:\xampp\htdocs\boot_store\admin\view\template\report\ledger_report.tpl on line 90
2025-04-29 9:54:34 - PHP Notice:  Undefined variable: coa_level3_id in C:\xampp\htdocs\boot_store\admin\view\template\report\ledger_report.tpl on line 90
2025-04-29 9:54:34 - PHP Notice:  Undefined variable: coa_level3_id in C:\xampp\htdocs\boot_store\admin\view\template\report\ledger_report.tpl on line 90
2025-04-29 9:54:34 - PHP Notice:  Undefined variable: coa_level3_id in C:\xampp\htdocs\boot_store\admin\view\template\report\ledger_report.tpl on line 90
2025-04-29 9:54:34 - PHP Notice:  Undefined variable: coa_level3_id in C:\xampp\htdocs\boot_store\admin\view\template\report\ledger_report.tpl on line 90
2025-04-29 9:54:34 - PHP Notice:  Undefined variable: coa_level3_id in C:\xampp\htdocs\boot_store\admin\view\template\report\ledger_report.tpl on line 90
2025-04-29 9:54:34 - PHP Notice:  Undefined variable: coa_level3_id in C:\xampp\htdocs\boot_store\admin\view\template\report\ledger_report.tpl on line 90
2025-04-29 9:54:34 - PHP Notice:  Undefined variable: coa_level3_id in C:\xampp\htdocs\boot_store\admin\view\template\report\ledger_report.tpl on line 90
2025-04-29 9:54:34 - PHP Notice:  Undefined variable: coa_level3_id in C:\xampp\htdocs\boot_store\admin\view\template\report\ledger_report.tpl on line 90
2025-04-29 9:54:34 - PHP Notice:  Undefined variable: coa_level3_id in C:\xampp\htdocs\boot_store\admin\view\template\report\ledger_report.tpl on line 90
2025-04-29 9:54:34 - PHP Notice:  Undefined variable: coa_level3_id in C:\xampp\htdocs\boot_store\admin\view\template\report\ledger_report.tpl on line 90
2025-04-29 9:54:34 - PHP Notice:  Undefined variable: coa_level3_id in C:\xampp\htdocs\boot_store\admin\view\template\report\ledger_report.tpl on line 90
2025-04-29 9:54:34 - PHP Notice:  Undefined variable: coa_level3_id in C:\xampp\htdocs\boot_store\admin\view\template\report\ledger_report.tpl on line 90
2025-04-29 9:54:34 - PHP Notice:  Undefined variable: coa_level3_id in C:\xampp\htdocs\boot_store\admin\view\template\report\ledger_report.tpl on line 90
2025-04-29 9:54:34 - PHP Notice:  Undefined variable: coa_level3_id in C:\xampp\htdocs\boot_store\admin\view\template\report\ledger_report.tpl on line 90
2025-04-29 9:54:34 - PHP Notice:  Undefined variable: coa_level3_id in C:\xampp\htdocs\boot_store\admin\view\template\report\ledger_report.tpl on line 90
2025-04-29 9:54:34 - PHP Notice:  Undefined variable: coa_level3_id in C:\xampp\htdocs\boot_store\admin\view\template\report\ledger_report.tpl on line 90
2025-04-29 9:54:34 - PHP Notice:  Undefined variable: coa_level3_id in C:\xampp\htdocs\boot_store\admin\view\template\report\ledger_report.tpl on line 90
2025-04-29 9:54:34 - PHP Notice:  Undefined variable: coa_level3_id in C:\xampp\htdocs\boot_store\admin\view\template\report\ledger_report.tpl on line 90
2025-04-29 9:54:34 - PHP Notice:  Undefined variable: coa_level3_id in C:\xampp\htdocs\boot_store\admin\view\template\report\ledger_report.tpl on line 90
2025-04-29 9:54:34 - PHP Notice:  Undefined variable: coa_level3_id in C:\xampp\htdocs\boot_store\admin\view\template\report\ledger_report.tpl on line 90
2025-04-29 9:54:34 - PHP Notice:  Undefined variable: coa_level3_id in C:\xampp\htdocs\boot_store\admin\view\template\report\ledger_report.tpl on line 90
2025-04-29 9:54:34 - PHP Notice:  Undefined variable: coa_level3_id in C:\xampp\htdocs\boot_store\admin\view\template\report\ledger_report.tpl on line 90
2025-04-29 9:54:34 - PHP Notice:  Undefined variable: coa_level3_id in C:\xampp\htdocs\boot_store\admin\view\template\report\ledger_report.tpl on line 90
2025-04-29 9:54:34 - PHP Notice:  Undefined variable: coa_level3_id in C:\xampp\htdocs\boot_store\admin\view\template\report\ledger_report.tpl on line 90
2025-04-29 9:54:34 - PHP Notice:  Undefined variable: coa_level3_id in C:\xampp\htdocs\boot_store\admin\view\template\report\ledger_report.tpl on line 90
2025-04-29 9:54:34 - PHP Notice:  Undefined variable: coa_level3_id in C:\xampp\htdocs\boot_store\admin\view\template\report\ledger_report.tpl on line 90
2025-04-29 9:54:34 - PHP Notice:  Undefined variable: coa_level3_id in C:\xampp\htdocs\boot_store\admin\view\template\report\ledger_report.tpl on line 90
2025-04-29 9:54:34 - PHP Notice:  Undefined variable: coa_level3_id in C:\xampp\htdocs\boot_store\admin\view\template\report\ledger_report.tpl on line 90
2025-04-29 9:54:34 - PHP Notice:  Undefined variable: coa_level3_id in C:\xampp\htdocs\boot_store\admin\view\template\report\ledger_report.tpl on line 90
2025-04-29 9:54:34 - PHP Notice:  Undefined variable: coa_level3_id in C:\xampp\htdocs\boot_store\admin\view\template\report\ledger_report.tpl on line 90
2025-04-29 9:54:34 - PHP Notice:  Undefined variable: coa_level3_id in C:\xampp\htdocs\boot_store\admin\view\template\report\ledger_report.tpl on line 90
2025-04-29 9:54:34 - PHP Notice:  Undefined variable: coa_level3_id in C:\xampp\htdocs\boot_store\admin\view\template\report\ledger_report.tpl on line 90
2025-04-29 9:54:34 - PHP Notice:  Undefined variable: coa_level3_id in C:\xampp\htdocs\boot_store\admin\view\template\report\ledger_report.tpl on line 90
2025-04-29 9:54:34 - PHP Notice:  Undefined variable: coa_level3_id in C:\xampp\htdocs\boot_store\admin\view\template\report\ledger_report.tpl on line 90
2025-04-29 9:54:34 - PHP Notice:  Undefined variable: coa_level3_id in C:\xampp\htdocs\boot_store\admin\view\template\report\ledger_report.tpl on line 90
2025-04-29 9:54:34 - PHP Notice:  Undefined variable: coa_level3_id in C:\xampp\htdocs\boot_store\admin\view\template\report\ledger_report.tpl on line 90
2025-04-29 9:54:34 - PHP Notice:  Undefined variable: coa_level3_id in C:\xampp\htdocs\boot_store\admin\view\template\report\ledger_report.tpl on line 90
2025-04-29 9:54:34 - PHP Notice:  Undefined variable: coa_level3_id in C:\xampp\htdocs\boot_store\admin\view\template\report\ledger_report.tpl on line 90
2025-04-29 9:54:34 - PHP Notice:  Undefined variable: coa_level3_id in C:\xampp\htdocs\boot_store\admin\view\template\report\ledger_report.tpl on line 90
2025-04-29 9:54:34 - PHP Notice:  Undefined variable: coa_level3_id in C:\xampp\htdocs\boot_store\admin\view\template\report\ledger_report.tpl on line 90
2025-04-29 9:54:34 - PHP Notice:  Undefined variable: coa_level3_id in C:\xampp\htdocs\boot_store\admin\view\template\report\ledger_report.tpl on line 90
2025-04-29 9:54:34 - PHP Notice:  Undefined variable: coa_level3_id in C:\xampp\htdocs\boot_store\admin\view\template\report\ledger_report.tpl on line 90
2025-04-29 9:54:34 - PHP Notice:  Undefined variable: coa_level3_id in C:\xampp\htdocs\boot_store\admin\view\template\report\ledger_report.tpl on line 90
2025-04-29 9:54:34 - PHP Notice:  Undefined variable: coa_level3_id in C:\xampp\htdocs\boot_store\admin\view\template\report\ledger_report.tpl on line 90
2025-04-29 9:54:34 - PHP Notice:  Undefined variable: coa_level3_id in C:\xampp\htdocs\boot_store\admin\view\template\report\ledger_report.tpl on line 90
2025-04-29 9:54:34 - PHP Notice:  Undefined variable: coa_level3_id in C:\xampp\htdocs\boot_store\admin\view\template\report\ledger_report.tpl on line 90
2025-04-29 9:54:34 - PHP Notice:  Undefined variable: coa_level3_id in C:\xampp\htdocs\boot_store\admin\view\template\report\ledger_report.tpl on line 90
2025-04-29 9:54:34 - PHP Notice:  Undefined variable: coa_level3_id in C:\xampp\htdocs\boot_store\admin\view\template\report\ledger_report.tpl on line 90
2025-04-29 9:54:34 - PHP Notice:  Undefined variable: coa_level3_id in C:\xampp\htdocs\boot_store\admin\view\template\report\ledger_report.tpl on line 90
2025-04-29 9:54:34 - PHP Notice:  Undefined variable: coa_level3_id in C:\xampp\htdocs\boot_store\admin\view\template\report\ledger_report.tpl on line 90
2025-04-29 9:54:34 - PHP Notice:  Undefined variable: coa_level3_id in C:\xampp\htdocs\boot_store\admin\view\template\report\ledger_report.tpl on line 90
2025-04-29 9:54:34 - PHP Notice:  Undefined variable: column_right in C:\xampp\htdocs\boot_store\admin\view\template\report\ledger_report.tpl on line 156
2025-04-29 9:54:41 - PHP Notice:  Undefined variable: href_gl_mapping_account in C:\xampp\htdocs\boot_store\admin\view\template\common\column_left.tpl on line 68
2025-04-29 9:54:41 - PHP Notice:  Undefined index: gl_mapping_account in C:\xampp\htdocs\boot_store\admin\view\template\common\column_left.tpl on line 68
2025-04-29 9:54:41 - PHP Notice:  Undefined variable: href_tool_dashboard in C:\xampp\htdocs\boot_store\admin\view\template\common\column_left.tpl on line 231
2025-04-29 9:54:41 - PHP Notice:  Undefined index: class in C:\xampp\htdocs\boot_store\admin\view\template\report\party_ledger.tpl on line 18
2025-04-29 9:54:41 - PHP Notice:  Undefined index: class in C:\xampp\htdocs\boot_store\admin\view\template\report\party_ledger.tpl on line 18
2025-04-29 9:54:41 - PHP Notice:  Undefined index: class in C:\xampp\htdocs\boot_store\admin\view\template\report\party_ledger.tpl on line 18
2025-04-29 9:54:41 - PHP Notice:  Undefined variable: column_right in C:\xampp\htdocs\boot_store\admin\view\template\report\party_ledger.tpl on line 172
2025-04-29 9:54:45 - PHP Warning:  chr() expects parameter 1 to be int, string given in C:\xampp\htdocs\boot_store\system\library\tcpdf\include\tcpdf_fonts.php on line 1671
2025-04-29 9:54:45 - PHP Notice:  Undefined index: po_no in C:\xampp\htdocs\boot_store\admin\controller\report\party_ledger.php on line 236
2025-04-29 9:54:45 - PHP Notice:  Undefined index: po_no in C:\xampp\htdocs\boot_store\admin\controller\report\party_ledger.php on line 238
2025-04-29 9:55:15 - PHP Notice:  Undefined variable: href_gl_mapping_account in C:\xampp\htdocs\boot_store\admin\view\template\common\column_left.tpl on line 68
2025-04-29 9:55:15 - PHP Notice:  Undefined index: gl_mapping_account in C:\xampp\htdocs\boot_store\admin\view\template\common\column_left.tpl on line 68
2025-04-29 9:55:15 - PHP Notice:  Undefined variable: href_tool_dashboard in C:\xampp\htdocs\boot_store\admin\view\template\common\column_left.tpl on line 231
2025-04-29 9:55:15 - PHP Notice:  Undefined index: class in C:\xampp\htdocs\boot_store\admin\view\template\report\purchase_invoice_report.tpl on line 18
2025-04-29 9:55:15 - PHP Notice:  Undefined index: class in C:\xampp\htdocs\boot_store\admin\view\template\report\purchase_invoice_report.tpl on line 18
2025-04-29 9:55:15 - PHP Notice:  Undefined index: class in C:\xampp\htdocs\boot_store\admin\view\template\report\purchase_invoice_report.tpl on line 18
2025-04-29 9:55:15 - PHP Warning:  Use of undefined constant from_date - assumed 'from_date' (this will throw an Error in a future version of PHP) in C:\xampp\htdocs\boot_store\admin\view\template\report\purchase_invoice_report.tpl on line 61
2025-04-29 9:55:15 - PHP Warning:  Use of undefined constant to_date - assumed 'to_date' (this will throw an Error in a future version of PHP) in C:\xampp\htdocs\boot_store\admin\view\template\report\purchase_invoice_report.tpl on line 67
2025-04-29 9:55:15 - PHP Notice:  Undefined variable: partner_type_id in C:\xampp\htdocs\boot_store\admin\view\template\report\purchase_invoice_report.tpl on line 79
2025-04-29 9:55:15 - PHP Notice:  Undefined variable: partner_type_id in C:\xampp\htdocs\boot_store\admin\view\template\report\purchase_invoice_report.tpl on line 79
2025-04-29 9:55:15 - PHP Notice:  Undefined variable: container_no in C:\xampp\htdocs\boot_store\admin\view\template\report\purchase_invoice_report.tpl on line 128
2025-04-29 9:55:15 - PHP Warning:  Use of undefined constant group_by - assumed 'group_by' (this will throw an Error in a future version of PHP) in C:\xampp\htdocs\boot_store\admin\view\template\report\purchase_invoice_report.tpl on line 133
2025-04-29 9:55:15 - PHP Warning:  Use of undefined constant text_document - assumed 'text_document' (this will throw an Error in a future version of PHP) in C:\xampp\htdocs\boot_store\admin\view\template\report\purchase_invoice_report.tpl on line 135
2025-04-29 9:55:15 - PHP Warning:  Use of undefined constant text_partner - assumed 'text_partner' (this will throw an Error in a future version of PHP) in C:\xampp\htdocs\boot_store\admin\view\template\report\purchase_invoice_report.tpl on line 136
2025-04-29 9:55:15 - PHP Warning:  Use of undefined constant text_warehouse - assumed 'text_warehouse' (this will throw an Error in a future version of PHP) in C:\xampp\htdocs\boot_store\admin\view\template\report\purchase_invoice_report.tpl on line 137
2025-04-29 9:55:15 - PHP Warning:  Use of undefined constant text_product - assumed 'text_product' (this will throw an Error in a future version of PHP) in C:\xampp\htdocs\boot_store\admin\view\template\report\purchase_invoice_report.tpl on line 138
2025-04-29 9:55:15 - PHP Warning:  Use of undefined constant text_container - assumed 'text_container' (this will throw an Error in a future version of PHP) in C:\xampp\htdocs\boot_store\admin\view\template\report\purchase_invoice_report.tpl on line 139
2025-04-29 9:55:15 - PHP Notice:  Undefined variable: column_right in C:\xampp\htdocs\boot_store\admin\view\template\report\purchase_invoice_report.tpl on line 278
2025-04-29 9:55:23 - PHP Notice:  Undefined variable: href_gl_mapping_account in C:\xampp\htdocs\boot_store\admin\view\template\common\column_left.tpl on line 68
2025-04-29 9:55:23 - PHP Notice:  Undefined index: gl_mapping_account in C:\xampp\htdocs\boot_store\admin\view\template\common\column_left.tpl on line 68
2025-04-29 9:55:23 - PHP Notice:  Undefined variable: href_tool_dashboard in C:\xampp\htdocs\boot_store\admin\view\template\common\column_left.tpl on line 231
2025-04-29 9:55:24 - PHP Notice:  Undefined index: class in C:\xampp\htdocs\boot_store\admin\view\template\report\outstanding_report.tpl on line 18
2025-04-29 9:55:24 - PHP Notice:  Undefined index: class in C:\xampp\htdocs\boot_store\admin\view\template\report\outstanding_report.tpl on line 18
2025-04-29 9:55:24 - PHP Notice:  Undefined index: class in C:\xampp\htdocs\boot_store\admin\view\template\report\outstanding_report.tpl on line 18
2025-04-29 9:55:24 - PHP Notice:  Undefined variable: partner_categorys in C:\xampp\htdocs\boot_store\admin\view\template\report\outstanding_report.tpl on line 78
2025-04-29 9:55:24 - PHP Warning:  Invalid argument supplied for foreach() in C:\xampp\htdocs\boot_store\admin\view\template\report\outstanding_report.tpl on line 78
2025-04-29 9:55:24 - PHP Notice:  Undefined variable: column_right in C:\xampp\htdocs\boot_store\admin\view\template\report\outstanding_report.tpl on line 184
2025-04-29 9:55:26 - PHP Notice:  Undefined index: partner_category_id in C:\xampp\htdocs\boot_store\admin\controller\report\outstanding_report.php on line 278
2025-04-29 9:55:26 - PHP Notice:  Undefined index: customer_unit_id in C:\xampp\htdocs\boot_store\admin\controller\report\outstanding_report.php on line 302
2025-04-29 9:55:26 - PHP Notice:  Undefined index: customer_unit in C:\xampp\htdocs\boot_store\admin\controller\report\outstanding_report.php on line 303
2025-04-29 9:55:26 - PHP Warning:  chr() expects parameter 1 to be int, string given in C:\xampp\htdocs\boot_store\system\library\tcpdf\include\tcpdf_fonts.php on line 1671
2025-04-29 9:55:36 - PHP Notice:  Undefined index: partner_category_id in C:\xampp\htdocs\boot_store\admin\controller\report\outstanding_report.php on line 278
2025-04-29 9:55:36 - PHP Warning:  chr() expects parameter 1 to be int, string given in C:\xampp\htdocs\boot_store\system\library\tcpdf\include\tcpdf_fonts.php on line 1671
2025-04-29 9:55:45 - PHP Notice:  Undefined index: partner_category_id in C:\xampp\htdocs\boot_store\admin\controller\report\outstanding_report.php on line 278
2025-04-29 9:55:45 - PHP Notice:  Undefined index: customer_unit_id in C:\xampp\htdocs\boot_store\admin\controller\report\outstanding_report.php on line 302
2025-04-29 9:55:45 - PHP Notice:  Undefined index: customer_unit in C:\xampp\htdocs\boot_store\admin\controller\report\outstanding_report.php on line 303
2025-04-29 9:55:45 - PHP Warning:  chr() expects parameter 1 to be int, string given in C:\xampp\htdocs\boot_store\system\library\tcpdf\include\tcpdf_fonts.php on line 1671
