2022-07-29 12:57:10 - PHP Notice:  Undefined index: from_time in C:\xampp\htdocs\php_milwa_trading\admin\controller\common\login.php on line 102
2022-07-29 12:57:10 - PHP Notice:  Undefined index: to_time in C:\xampp\htdocs\php_milwa_trading\admin\controller\common\login.php on line 103
2022-07-29 12:57:13 - PHP Notice:  Undefined index: db_name in C:\xampp\htdocs\php_milwa_trading\system\engine\hmodel.php on line 12
2022-07-29 12:57:13 - PHP Warning:  Invalid argument supplied for foreach() in C:\xampp\htdocs\php_milwa_trading\admin\view\template\common\preset.tpl on line 52
2022-07-29 12:57:15 - PHP Notice:  Undefined index: db_name in C:\xampp\htdocs\php_milwa_trading\system\engine\hmodel.php on line 12
2022-07-29 12:57:15 - PHP Notice:  Undefined index: case_id in C:\xampp\htdocs\php_milwa_trading\admin\controller\common\home.php on line 55
2022-07-29 12:57:15 - PHP Notice:  Undefined index: case_id in C:\xampp\htdocs\php_milwa_trading\admin\controller\common\home.php on line 56
2022-07-29 12:57:18 - PHP Notice:  Undefined variable: href_gl_mapping_account in C:\xampp\htdocs\php_milwa_trading\admin\view\template\common\column_left.tpl on line 66
2022-07-29 12:57:18 - PHP Notice:  Undefined index: gl_mapping_account in C:\xampp\htdocs\php_milwa_trading\admin\view\template\common\column_left.tpl on line 66
2022-07-29 12:57:18 - PHP Notice:  Undefined variable: href_tool_dashboard in C:\xampp\htdocs\php_milwa_trading\admin\view\template\common\column_left.tpl on line 229
2022-07-29 12:57:19 - PHP Notice:  Undefined variable: bank_receipts in C:\xampp\htdocs\php_milwa_trading\admin\view\template\common\home.tpl on line 258
2022-07-29 12:57:19 - PHP Warning:  Invalid argument supplied for foreach() in C:\xampp\htdocs\php_milwa_trading\admin\view\template\common\home.tpl on line 258
2022-07-29 12:57:26 - PHP Notice:  Undefined variable: href_gl_mapping_account in C:\xampp\htdocs\php_milwa_trading\admin\view\template\common\column_left.tpl on line 66
2022-07-29 12:57:26 - PHP Notice:  Undefined index: gl_mapping_account in C:\xampp\htdocs\php_milwa_trading\admin\view\template\common\column_left.tpl on line 66
2022-07-29 12:57:26 - PHP Notice:  Undefined variable: href_tool_dashboard in C:\xampp\htdocs\php_milwa_trading\admin\view\template\common\column_left.tpl on line 229
2022-07-29 12:57:26 - PHP Notice:  Undefined index: class in C:\xampp\htdocs\php_milwa_trading\admin\view\template\gl\payments_list.tpl on line 19
2022-07-29 12:57:26 - PHP Notice:  Undefined index: class in C:\xampp\htdocs\php_milwa_trading\admin\view\template\gl\payments_list.tpl on line 19
2022-07-29 12:57:27 - PHP Notice:  Undefined index: class in C:\xampp\htdocs\php_milwa_trading\admin\view\template\gl\payments_list.tpl on line 19
2022-07-29 12:57:27 - PHP Notice:  Undefined variable: column_right in C:\xampp\htdocs\php_milwa_trading\admin\view\template\gl\payments_list.tpl on line 79
2022-07-29 12:57:36 - PHP Notice:  Undefined index: dc_no in C:\xampp\htdocs\php_milwa_trading\admin\controller\gl\payments.php on line 925
2022-07-29 12:57:36 - PHP Notice:  Undefined index: ref_document_identity in C:\xampp\htdocs\php_milwa_trading\admin\controller\gl\payments.php on line 928
2022-07-29 12:57:36 - PHP Notice:  Undefined index: ref_document_type_id in C:\xampp\htdocs\php_milwa_trading\admin\controller\gl\payments.php on line 929
2022-07-29 13:49:51 - PHP Notice:  Undefined index: dc_no in C:\xampp\htdocs\php_milwa_trading\admin\controller\gl\payments.php on line 925
2022-07-29 13:49:51 - PHP Notice:  Undefined index: ref_document_identity in C:\xampp\htdocs\php_milwa_trading\admin\controller\gl\payments.php on line 928
2022-07-29 13:49:51 - PHP Notice:  Undefined index: ref_document_type_id in C:\xampp\htdocs\php_milwa_trading\admin\controller\gl\payments.php on line 929
2022-07-29 13:50:17 - PHP Notice:  Undefined index: dc_no in C:\xampp\htdocs\php_milwa_trading\admin\controller\gl\payments.php on line 925
2022-07-29 13:50:17 - PHP Notice:  Undefined index: ref_document_identity in C:\xampp\htdocs\php_milwa_trading\admin\controller\gl\payments.php on line 928
2022-07-29 13:50:17 - PHP Notice:  Undefined index: ref_document_type_id in C:\xampp\htdocs\php_milwa_trading\admin\controller\gl\payments.php on line 929
2022-07-29 13:50:45 - PHP Notice:  Undefined index: dc_no in C:\xampp\htdocs\php_milwa_trading\admin\controller\gl\payments.php on line 925
2022-07-29 13:50:45 - PHP Notice:  Undefined index: ref_document_identity in C:\xampp\htdocs\php_milwa_trading\admin\controller\gl\payments.php on line 928
2022-07-29 13:50:45 - PHP Notice:  Undefined index: ref_document_type_id in C:\xampp\htdocs\php_milwa_trading\admin\controller\gl\payments.php on line 929
2022-07-29 13:50:59 - PHP Notice:  Undefined index: dc_no in C:\xampp\htdocs\php_milwa_trading\admin\controller\gl\payments.php on line 925
2022-07-29 13:51:00 - PHP Notice:  Undefined index: ref_document_identity in C:\xampp\htdocs\php_milwa_trading\admin\controller\gl\payments.php on line 928
2022-07-29 13:51:00 - PHP Notice:  Undefined index: ref_document_type_id in C:\xampp\htdocs\php_milwa_trading\admin\controller\gl\payments.php on line 929
2022-07-29 13:51:21 - PHP Notice:  Undefined index: dc_no in C:\xampp\htdocs\php_milwa_trading\admin\controller\gl\payments.php on line 925
2022-07-29 13:51:21 - PHP Notice:  Undefined index: ref_document_identity in C:\xampp\htdocs\php_milwa_trading\admin\controller\gl\payments.php on line 928
2022-07-29 13:51:21 - PHP Notice:  Undefined index: ref_document_type_id in C:\xampp\htdocs\php_milwa_trading\admin\controller\gl\payments.php on line 929
2022-07-29 13:52:10 - PHP Notice:  Undefined index: dc_no in C:\xampp\htdocs\php_milwa_trading\admin\controller\gl\payments.php on line 925
2022-07-29 13:52:10 - PHP Notice:  Undefined index: ref_document_identity in C:\xampp\htdocs\php_milwa_trading\admin\controller\gl\payments.php on line 928
2022-07-29 13:52:10 - PHP Notice:  Undefined index: ref_document_type_id in C:\xampp\htdocs\php_milwa_trading\admin\controller\gl\payments.php on line 929
2022-07-29 13:52:28 - PHP Notice:  Undefined index: dc_no in C:\xampp\htdocs\php_milwa_trading\admin\controller\gl\payments.php on line 925
2022-07-29 13:52:28 - PHP Notice:  Undefined index: ref_document_identity in C:\xampp\htdocs\php_milwa_trading\admin\controller\gl\payments.php on line 928
2022-07-29 13:52:28 - PHP Notice:  Undefined index: ref_document_type_id in C:\xampp\htdocs\php_milwa_trading\admin\controller\gl\payments.php on line 929
2022-07-29 13:53:35 - PHP Notice:  Undefined index: dc_no in C:\xampp\htdocs\php_milwa_trading\admin\controller\gl\payments.php on line 925
2022-07-29 13:53:35 - PHP Notice:  Undefined index: ref_document_identity in C:\xampp\htdocs\php_milwa_trading\admin\controller\gl\payments.php on line 928
2022-07-29 13:53:35 - PHP Notice:  Undefined index: ref_document_type_id in C:\xampp\htdocs\php_milwa_trading\admin\controller\gl\payments.php on line 929
2022-07-29 13:54:13 - PHP Notice:  Undefined variable: href_gl_mapping_account in C:\xampp\htdocs\php_milwa_trading\admin\view\template\common\column_left.tpl on line 66
2022-07-29 13:54:13 - PHP Notice:  Undefined index: gl_mapping_account in C:\xampp\htdocs\php_milwa_trading\admin\view\template\common\column_left.tpl on line 66
2022-07-29 13:54:13 - PHP Notice:  Undefined variable: href_tool_dashboard in C:\xampp\htdocs\php_milwa_trading\admin\view\template\common\column_left.tpl on line 229
2022-07-29 13:54:14 - PHP Notice:  Undefined index: class in C:\xampp\htdocs\php_milwa_trading\admin\view\template\gl\receipts_list.tpl on line 19
2022-07-29 13:54:14 - PHP Notice:  Undefined index: class in C:\xampp\htdocs\php_milwa_trading\admin\view\template\gl\receipts_list.tpl on line 19
2022-07-29 13:54:14 - PHP Notice:  Undefined index: class in C:\xampp\htdocs\php_milwa_trading\admin\view\template\gl\receipts_list.tpl on line 19
2022-07-29 13:54:14 - PHP Notice:  Undefined variable: column_right in C:\xampp\htdocs\php_milwa_trading\admin\view\template\gl\receipts_list.tpl on line 79
2022-07-29 13:54:22 - PHP Notice:  Undefined index: cost_center_name in C:\xampp\htdocs\php_milwa_trading\admin\controller\gl\receipts.php on line 959
2022-07-29 13:55:46 - PHP Notice:  Undefined index: cost_center_name in C:\xampp\htdocs\php_milwa_trading\admin\controller\gl\receipts.php on line 959
2022-07-29 13:56:14 - PHP Notice:  Undefined index: cost_center_name in C:\xampp\htdocs\php_milwa_trading\admin\controller\gl\receipts.php on line 959
2022-07-29 13:56:32 - PHP Notice:  Undefined index: cost_center_name in C:\xampp\htdocs\php_milwa_trading\admin\controller\gl\receipts.php on line 959
2022-07-29 13:56:47 - PHP Notice:  Undefined index: cost_center_name in C:\xampp\htdocs\php_milwa_trading\admin\controller\gl\receipts.php on line 959
2022-07-29 13:58:25 - PHP Notice:  Undefined index: cost_center_name in C:\xampp\htdocs\php_milwa_trading\admin\controller\gl\receipts.php on line 959
2022-07-29 13:58:54 - PHP Notice:  Undefined variable: href_gl_mapping_account in C:\xampp\htdocs\php_milwa_trading\admin\view\template\common\column_left.tpl on line 66
2022-07-29 13:58:54 - PHP Notice:  Undefined index: gl_mapping_account in C:\xampp\htdocs\php_milwa_trading\admin\view\template\common\column_left.tpl on line 66
2022-07-29 13:58:54 - PHP Notice:  Undefined variable: href_tool_dashboard in C:\xampp\htdocs\php_milwa_trading\admin\view\template\common\column_left.tpl on line 229
2022-07-29 13:58:54 - PHP Notice:  Undefined index: class in C:\xampp\htdocs\php_milwa_trading\admin\view\template\gl\fund_transfer_list.tpl on line 19
2022-07-29 13:58:54 - PHP Notice:  Undefined index: class in C:\xampp\htdocs\php_milwa_trading\admin\view\template\gl\fund_transfer_list.tpl on line 19
2022-07-29 13:58:54 - PHP Notice:  Undefined index: class in C:\xampp\htdocs\php_milwa_trading\admin\view\template\gl\fund_transfer_list.tpl on line 19
2022-07-29 13:58:54 - PHP Notice:  Undefined variable: column_right in C:\xampp\htdocs\php_milwa_trading\admin\view\template\gl\fund_transfer_list.tpl on line 79
2022-07-29 13:58:58 - PHP Notice:  Undefined index: cost_center_name in C:\xampp\htdocs\php_milwa_trading\admin\controller\gl\fund_transfer.php on line 916
2022-07-29 14:00:03 - PHP Notice:  Undefined index: cost_center_name in C:\xampp\htdocs\php_milwa_trading\admin\controller\gl\fund_transfer.php on line 916
2022-07-29 14:00:44 - PHP Notice:  Undefined index: cost_center_name in C:\xampp\htdocs\php_milwa_trading\admin\controller\gl\fund_transfer.php on line 916
2022-07-29 14:01:31 - PHP Notice:  Undefined index: cost_center_name in C:\xampp\htdocs\php_milwa_trading\admin\controller\gl\fund_transfer.php on line 916
2022-07-29 14:01:55 - PHP Notice:  Undefined variable: href_gl_mapping_account in C:\xampp\htdocs\php_milwa_trading\admin\view\template\common\column_left.tpl on line 66
2022-07-29 14:01:55 - PHP Notice:  Undefined index: gl_mapping_account in C:\xampp\htdocs\php_milwa_trading\admin\view\template\common\column_left.tpl on line 66
2022-07-29 14:01:55 - PHP Notice:  Undefined variable: href_tool_dashboard in C:\xampp\htdocs\php_milwa_trading\admin\view\template\common\column_left.tpl on line 229
2022-07-29 14:01:56 - PHP Notice:  Undefined index: class in C:\xampp\htdocs\php_milwa_trading\admin\view\template\gl\fund_transfer_form.tpl on line 18
2022-07-29 14:01:56 - PHP Notice:  Undefined index: class in C:\xampp\htdocs\php_milwa_trading\admin\view\template\gl\fund_transfer_form.tpl on line 18
2022-07-29 14:01:56 - PHP Notice:  Undefined index: class in C:\xampp\htdocs\php_milwa_trading\admin\view\template\gl\fund_transfer_form.tpl on line 18
2022-07-29 14:01:56 - PHP Notice:  Undefined variable: action in C:\xampp\htdocs\php_milwa_trading\admin\view\template\gl\fund_transfer_form.tpl on line 76
2022-07-29 14:01:56 - PHP Notice:  Undefined variable: job_carts in C:\xampp\htdocs\php_milwa_trading\admin\view\template\gl\fund_transfer_form.tpl on line 185
2022-07-29 14:01:56 - PHP Warning:  Invalid argument supplied for foreach() in C:\xampp\htdocs\php_milwa_trading\admin\view\template\gl\fund_transfer_form.tpl on line 185
2022-07-29 14:01:56 - PHP Notice:  Undefined index: href in C:\xampp\htdocs\php_milwa_trading\admin\view\template\gl\fund_transfer_form.tpl on line 259
2022-07-29 14:01:56 - PHP Notice:  Undefined variable: column_right in C:\xampp\htdocs\php_milwa_trading\admin\view\template\gl\fund_transfer_form.tpl on line 401
2022-07-29 14:02:25 - PHP Warning:  mysqli::real_escape_string() expects parameter 1 to be string, array given in C:\xampp\htdocs\php_milwa_trading\system\database\dbmysqli.php on line 93
2022-07-29 14:02:25 - PHP Notice:  Undefined index: base_amount in C:\xampp\htdocs\php_milwa_trading\admin\controller\gl\fund_transfer.php on line 607
2022-07-29 14:02:26 - PHP Notice:  Undefined index: cheque_date in C:\xampp\htdocs\php_milwa_trading\admin\controller\gl\fund_transfer.php on line 644
2022-07-29 14:02:26 - PHP Notice:  Undefined variable: href_gl_mapping_account in C:\xampp\htdocs\php_milwa_trading\admin\view\template\common\column_left.tpl on line 66
2022-07-29 14:02:26 - PHP Notice:  Undefined index: gl_mapping_account in C:\xampp\htdocs\php_milwa_trading\admin\view\template\common\column_left.tpl on line 66
2022-07-29 14:02:26 - PHP Notice:  Undefined variable: href_tool_dashboard in C:\xampp\htdocs\php_milwa_trading\admin\view\template\common\column_left.tpl on line 229
2022-07-29 14:02:26 - PHP Notice:  Undefined index: class in C:\xampp\htdocs\php_milwa_trading\admin\view\template\gl\fund_transfer_list.tpl on line 19
2022-07-29 14:02:26 - PHP Notice:  Undefined index: class in C:\xampp\htdocs\php_milwa_trading\admin\view\template\gl\fund_transfer_list.tpl on line 19
2022-07-29 14:02:26 - PHP Notice:  Undefined index: class in C:\xampp\htdocs\php_milwa_trading\admin\view\template\gl\fund_transfer_list.tpl on line 19
2022-07-29 14:02:26 - PHP Notice:  Undefined variable: column_right in C:\xampp\htdocs\php_milwa_trading\admin\view\template\gl\fund_transfer_list.tpl on line 79
2022-07-29 14:02:45 - PHP Notice:  Undefined variable: href_gl_mapping_account in C:\xampp\htdocs\php_milwa_trading\admin\view\template\common\column_left.tpl on line 66
2022-07-29 14:02:45 - PHP Notice:  Undefined index: gl_mapping_account in C:\xampp\htdocs\php_milwa_trading\admin\view\template\common\column_left.tpl on line 66
2022-07-29 14:02:45 - PHP Notice:  Undefined variable: href_tool_dashboard in C:\xampp\htdocs\php_milwa_trading\admin\view\template\common\column_left.tpl on line 229
2022-07-29 14:02:45 - PHP Notice:  Undefined index: class in C:\xampp\htdocs\php_milwa_trading\admin\view\template\gl\fund_transfer_form.tpl on line 18
2022-07-29 14:02:45 - PHP Notice:  Undefined index: class in C:\xampp\htdocs\php_milwa_trading\admin\view\template\gl\fund_transfer_form.tpl on line 18
2022-07-29 14:02:45 - PHP Notice:  Undefined index: class in C:\xampp\htdocs\php_milwa_trading\admin\view\template\gl\fund_transfer_form.tpl on line 18
2022-07-29 14:02:45 - PHP Notice:  Undefined variable: action in C:\xampp\htdocs\php_milwa_trading\admin\view\template\gl\fund_transfer_form.tpl on line 76
2022-07-29 14:02:45 - PHP Notice:  Undefined variable: job_carts in C:\xampp\htdocs\php_milwa_trading\admin\view\template\gl\fund_transfer_form.tpl on line 185
2022-07-29 14:02:45 - PHP Warning:  Invalid argument supplied for foreach() in C:\xampp\htdocs\php_milwa_trading\admin\view\template\gl\fund_transfer_form.tpl on line 185
2022-07-29 14:02:45 - PHP Notice:  Undefined index: href in C:\xampp\htdocs\php_milwa_trading\admin\view\template\gl\fund_transfer_form.tpl on line 259
2022-07-29 14:02:45 - PHP Notice:  Undefined variable: column_right in C:\xampp\htdocs\php_milwa_trading\admin\view\template\gl\fund_transfer_form.tpl on line 401
2022-07-29 14:03:12 - PHP Notice:  Undefined index: cost_center_name in C:\xampp\htdocs\php_milwa_trading\admin\controller\gl\fund_transfer.php on line 916
2022-07-29 14:03:29 - PHP Notice:  Undefined variable: href_gl_mapping_account in C:\xampp\htdocs\php_milwa_trading\admin\view\template\common\column_left.tpl on line 66
2022-07-29 14:03:29 - PHP Notice:  Undefined index: gl_mapping_account in C:\xampp\htdocs\php_milwa_trading\admin\view\template\common\column_left.tpl on line 66
2022-07-29 14:03:29 - PHP Notice:  Undefined variable: href_tool_dashboard in C:\xampp\htdocs\php_milwa_trading\admin\view\template\common\column_left.tpl on line 229
2022-07-29 14:03:30 - PHP Notice:  Undefined index: class in C:\xampp\htdocs\php_milwa_trading\admin\view\template\gl\journal_voucher_list.tpl on line 19
2022-07-29 14:03:30 - PHP Notice:  Undefined index: class in C:\xampp\htdocs\php_milwa_trading\admin\view\template\gl\journal_voucher_list.tpl on line 19
2022-07-29 14:03:30 - PHP Notice:  Undefined index: class in C:\xampp\htdocs\php_milwa_trading\admin\view\template\gl\journal_voucher_list.tpl on line 19
2022-07-29 14:03:30 - PHP Notice:  Undefined variable: column_right in C:\xampp\htdocs\php_milwa_trading\admin\view\template\gl\journal_voucher_list.tpl on line 82
2022-07-29 14:03:33 - PHP Notice:  Undefined index: ntn_no in C:\xampp\htdocs\php_milwa_trading\admin\controller\gl\journal_voucher.php on line 608
2022-07-29 14:03:35 - PHP Notice:  Undefined index: name in C:\xampp\htdocs\php_milwa_trading\admin\controller\gl\journal_voucher.php on line 698
2022-07-29 14:03:35 - PHP Notice:  Undefined index: name in C:\xampp\htdocs\php_milwa_trading\admin\controller\gl\journal_voucher.php on line 698
2022-07-29 14:04:18 - PHP Notice:  Undefined index: ntn_no in C:\xampp\htdocs\php_milwa_trading\admin\controller\gl\journal_voucher.php on line 608
2022-07-29 14:04:20 - PHP Notice:  Undefined index: name in C:\xampp\htdocs\php_milwa_trading\admin\controller\gl\journal_voucher.php on line 698
2022-07-29 14:04:20 - PHP Notice:  Undefined index: name in C:\xampp\htdocs\php_milwa_trading\admin\controller\gl\journal_voucher.php on line 698
2022-07-29 14:04:34 - PHP Notice:  Undefined index: ntn_no in C:\xampp\htdocs\php_milwa_trading\admin\controller\gl\journal_voucher.php on line 608
2022-07-29 14:04:37 - PHP Notice:  Undefined index: name in C:\xampp\htdocs\php_milwa_trading\admin\controller\gl\journal_voucher.php on line 698
2022-07-29 14:04:37 - PHP Notice:  Undefined index: name in C:\xampp\htdocs\php_milwa_trading\admin\controller\gl\journal_voucher.php on line 698
2022-07-29 14:04:55 - PHP Notice:  Undefined index: ntn_no in C:\xampp\htdocs\php_milwa_trading\admin\controller\gl\journal_voucher.php on line 608
2022-07-29 14:04:58 - PHP Notice:  Undefined index: name in C:\xampp\htdocs\php_milwa_trading\admin\controller\gl\journal_voucher.php on line 698
2022-07-29 14:04:58 - PHP Notice:  Undefined index: name in C:\xampp\htdocs\php_milwa_trading\admin\controller\gl\journal_voucher.php on line 698
2022-07-29 14:05:09 - PHP Notice:  Undefined index: ntn_no in C:\xampp\htdocs\php_milwa_trading\admin\controller\gl\journal_voucher.php on line 608
2022-07-29 14:05:11 - PHP Notice:  Undefined index: name in C:\xampp\htdocs\php_milwa_trading\admin\controller\gl\journal_voucher.php on line 698
2022-07-29 14:05:11 - PHP Notice:  Undefined index: name in C:\xampp\htdocs\php_milwa_trading\admin\controller\gl\journal_voucher.php on line 698
