2022-06-29 9:29:13 - PHP Notice:  Undefined index: db_name in C:\xampp\htdocs\php_milwa_trading\system\engine\hmodel.php on line 12
2022-06-29 9:29:15 - PHP Warning:  Invalid argument supplied for foreach() in C:\xampp\htdocs\php_milwa_trading\admin\view\template\common\preset.tpl on line 52
2022-06-29 9:29:41 - PHP Notice:  Undefined index: db_name in C:\xampp\htdocs\php_milwa_trading\system\engine\hmodel.php on line 12
2022-06-29 9:30:02 - PHP Notice:  Undefined index: case_id in C:\xampp\htdocs\php_milwa_trading\admin\controller\common\home.php on line 55
2022-06-29 9:30:02 - PHP Notice:  Undefined index: case_id in C:\xampp\htdocs\php_milwa_trading\admin\controller\common\home.php on line 56
2022-06-29 9:30:14 - PHP Notice:  Undefined variable: href_gl_mapping_account in C:\xampp\htdocs\php_milwa_trading\admin\view\template\common\column_left.tpl on line 66
2022-06-29 9:30:14 - PHP Notice:  Undefined index: gl_mapping_account in C:\xampp\htdocs\php_milwa_trading\admin\view\template\common\column_left.tpl on line 66
2022-06-29 9:30:14 - PHP Notice:  Undefined variable: href_tool_dashboard in C:\xampp\htdocs\php_milwa_trading\admin\view\template\common\column_left.tpl on line 229
2022-06-29 9:30:15 - PHP Notice:  Undefined variable: sale_order_details in C:\xampp\htdocs\php_milwa_trading\admin\view\template\common\home.tpl on line 174
2022-06-29 9:30:15 - PHP Warning:  Invalid argument supplied for foreach() in C:\xampp\htdocs\php_milwa_trading\admin\view\template\common\home.tpl on line 174
2022-06-29 9:30:15 - PHP Notice:  Undefined variable: bank_receipts in C:\xampp\htdocs\php_milwa_trading\admin\view\template\common\home.tpl on line 258
2022-06-29 9:30:15 - PHP Warning:  Invalid argument supplied for foreach() in C:\xampp\htdocs\php_milwa_trading\admin\view\template\common\home.tpl on line 258
2022-06-29 9:31:13 - PHP Notice:  Undefined variable: href_gl_mapping_account in C:\xampp\htdocs\php_milwa_trading\admin\view\template\common\column_left.tpl on line 66
2022-06-29 9:31:13 - PHP Notice:  Undefined index: gl_mapping_account in C:\xampp\htdocs\php_milwa_trading\admin\view\template\common\column_left.tpl on line 66
2022-06-29 9:31:13 - PHP Notice:  Undefined variable: href_tool_dashboard in C:\xampp\htdocs\php_milwa_trading\admin\view\template\common\column_left.tpl on line 229
2022-06-29 9:31:13 - PHP Notice:  Undefined index: class in C:\xampp\htdocs\php_milwa_trading\admin\view\template\inventory\stock_adjustment_list.tpl on line 19
2022-06-29 9:31:13 - PHP Notice:  Undefined index: class in C:\xampp\htdocs\php_milwa_trading\admin\view\template\inventory\stock_adjustment_list.tpl on line 19
2022-06-29 9:31:14 - PHP Notice:  Undefined index: class in C:\xampp\htdocs\php_milwa_trading\admin\view\template\inventory\stock_adjustment_list.tpl on line 19
2022-06-29 9:31:14 - PHP Notice:  Undefined variable: column_right in C:\xampp\htdocs\php_milwa_trading\admin\view\template\inventory\stock_adjustment_list.tpl on line 77
2022-06-29 9:31:22 - PHP Notice:  Undefined variable: href_gl_mapping_account in C:\xampp\htdocs\php_milwa_trading\admin\view\template\common\column_left.tpl on line 66
2022-06-29 9:31:22 - PHP Notice:  Undefined index: gl_mapping_account in C:\xampp\htdocs\php_milwa_trading\admin\view\template\common\column_left.tpl on line 66
2022-06-29 9:31:22 - PHP Notice:  Undefined variable: href_tool_dashboard in C:\xampp\htdocs\php_milwa_trading\admin\view\template\common\column_left.tpl on line 229
2022-06-29 9:31:22 - PHP Notice:  Undefined index: class in C:\xampp\htdocs\php_milwa_trading\admin\view\template\report\stock.tpl on line 18
2022-06-29 9:31:22 - PHP Notice:  Undefined index: class in C:\xampp\htdocs\php_milwa_trading\admin\view\template\report\stock.tpl on line 18
2022-06-29 9:31:22 - PHP Notice:  Undefined index: class in C:\xampp\htdocs\php_milwa_trading\admin\view\template\report\stock.tpl on line 18
2022-06-29 9:31:22 - PHP Notice:  Undefined variable: container_no in C:\xampp\htdocs\php_milwa_trading\admin\view\template\report\stock.tpl on line 89
2022-06-29 9:31:22 - PHP Notice:  Undefined variable: href_print_excel in C:\xampp\htdocs\php_milwa_trading\admin\view\template\report\stock.tpl on line 191
2022-06-29 9:31:22 - PHP Notice:  Undefined variable: column_right in C:\xampp\htdocs\php_milwa_trading\admin\view\template\report\stock.tpl on line 277
2022-06-29 9:31:23 - PHP Notice:  Undefined index: stock_adjustment_id in C:\xampp\htdocs\php_milwa_trading\system\engine\hcontroller.php on line 223
2022-06-29 9:31:23 - PHP Notice:  Undefined index: stock_adjustment_id in C:\xampp\htdocs\php_milwa_trading\system\engine\hcontroller.php on line 224
2022-06-29 9:31:23 - PHP Notice:  Undefined index: stock_adjustment_id in C:\xampp\htdocs\php_milwa_trading\admin\controller\inventory\stock_adjustment.php on line 218
2022-06-29 9:31:23 - PHP Notice:  Undefined index: stock_adjustment_id in C:\xampp\htdocs\php_milwa_trading\admin\controller\inventory\stock_adjustment.php on line 220
2022-06-29 9:31:23 - PHP Notice:  Undefined index: stock_adjustment_id in C:\xampp\htdocs\php_milwa_trading\admin\controller\inventory\stock_adjustment.php on line 221
2022-06-29 9:31:23 - PHP Notice:  Undefined index: stock_adjustment_id in C:\xampp\htdocs\php_milwa_trading\admin\controller\inventory\stock_adjustment.php on line 222
2022-06-29 9:31:23 - PHP Notice:  Undefined index: stock_adjustment_id in C:\xampp\htdocs\php_milwa_trading\admin\controller\inventory\stock_adjustment.php on line 223
2022-06-29 9:31:23 - PHP Notice:  Undefined variable: href_gl_mapping_account in C:\xampp\htdocs\php_milwa_trading\admin\view\template\common\column_left.tpl on line 66
2022-06-29 9:31:23 - PHP Notice:  Undefined index: gl_mapping_account in C:\xampp\htdocs\php_milwa_trading\admin\view\template\common\column_left.tpl on line 66
2022-06-29 9:31:24 - PHP Notice:  Undefined variable: href_tool_dashboard in C:\xampp\htdocs\php_milwa_trading\admin\view\template\common\column_left.tpl on line 229
2022-06-29 9:31:24 - PHP Notice:  Undefined index: class in C:\xampp\htdocs\php_milwa_trading\admin\view\template\inventory\stock_adjustment_form.tpl on line 18
2022-06-29 9:31:24 - PHP Notice:  Undefined index: class in C:\xampp\htdocs\php_milwa_trading\admin\view\template\inventory\stock_adjustment_form.tpl on line 18
2022-06-29 9:31:24 - PHP Notice:  Undefined index: class in C:\xampp\htdocs\php_milwa_trading\admin\view\template\inventory\stock_adjustment_form.tpl on line 18
2022-06-29 9:31:24 - PHP Notice:  Undefined variable: is_post in C:\xampp\htdocs\php_milwa_trading\admin\view\template\inventory\stock_adjustment_form.tpl on line 49
2022-06-29 9:31:24 - PHP Notice:  Undefined variable: isEdit in C:\xampp\htdocs\php_milwa_trading\admin\view\template\inventory\stock_adjustment_form.tpl on line 49
2022-06-29 9:31:24 - PHP Notice:  Undefined variable: action in C:\xampp\htdocs\php_milwa_trading\admin\view\template\inventory\stock_adjustment_form.tpl on line 100
2022-06-29 9:31:24 - PHP Notice:  Undefined variable: document_type_id in C:\xampp\htdocs\php_milwa_trading\admin\view\template\inventory\stock_adjustment_form.tpl on line 101
2022-06-29 9:31:24 - PHP Notice:  Undefined variable: stock_adjustment_id in C:\xampp\htdocs\php_milwa_trading\admin\view\template\inventory\stock_adjustment_form.tpl on line 102
2022-06-29 9:31:24 - PHP Notice:  Undefined variable: document_identity in C:\xampp\htdocs\php_milwa_trading\admin\view\template\inventory\stock_adjustment_form.tpl on line 108
2022-06-29 9:31:24 - PHP Notice:  Undefined variable: warehouse_id in C:\xampp\htdocs\php_milwa_trading\admin\view\template\inventory\stock_adjustment_form.tpl on line 123
2022-06-29 9:31:24 - PHP Notice:  Undefined variable: remarks in C:\xampp\htdocs\php_milwa_trading\admin\view\template\inventory\stock_adjustment_form.tpl on line 160
2022-06-29 9:31:24 - PHP Notice:  Undefined variable: stock_adjustment_details in C:\xampp\htdocs\php_milwa_trading\admin\view\template\inventory\stock_adjustment_form.tpl on line 182
2022-06-29 9:31:25 - PHP Warning:  Invalid argument supplied for foreach() in C:\xampp\htdocs\php_milwa_trading\admin\view\template\inventory\stock_adjustment_form.tpl on line 182
2022-06-29 9:31:25 - PHP Notice:  Undefined variable: total_qty in C:\xampp\htdocs\php_milwa_trading\admin\view\template\inventory\stock_adjustment_form.tpl on line 233
2022-06-29 9:31:25 - PHP Notice:  Undefined variable: total_amount in C:\xampp\htdocs\php_milwa_trading\admin\view\template\inventory\stock_adjustment_form.tpl on line 239
2022-06-29 9:31:25 - PHP Notice:  Undefined variable: is_post in C:\xampp\htdocs\php_milwa_trading\admin\view\template\inventory\stock_adjustment_form.tpl on line 269
2022-06-29 9:31:25 - PHP Notice:  Undefined variable: isEdit in C:\xampp\htdocs\php_milwa_trading\admin\view\template\inventory\stock_adjustment_form.tpl on line 269
2022-06-29 9:31:25 - PHP Notice:  Undefined variable: column_right in C:\xampp\htdocs\php_milwa_trading\admin\view\template\inventory\stock_adjustment_form.tpl on line 325
2022-06-29 9:31:27 - PHP Notice:  Undefined index: product_id in C:\xampp\htdocs\php_milwa_trading\admin\controller\report\stock.php on line 1118
2022-06-29 9:31:28 - PHP Notice:  Undefined index: brand_id in C:\xampp\htdocs\php_milwa_trading\admin\controller\report\stock.php on line 1126
2022-06-29 9:31:28 - PHP Notice:  Undefined index: brand in C:\xampp\htdocs\php_milwa_trading\admin\controller\report\stock.php on line 1139
2022-06-29 9:31:28 - PHP Notice:  Undefined index: container_no in C:\xampp\htdocs\php_milwa_trading\admin\controller\report\stock.php on line 1140
2022-06-29 9:31:28 - PHP Notice:  Undefined index: batch_no in C:\xampp\htdocs\php_milwa_trading\admin\controller\report\stock.php on line 1141
2022-06-29 9:31:28 - PHP Notice:  Undefined index: brand in C:\xampp\htdocs\php_milwa_trading\admin\controller\report\stock.php on line 1139
2022-06-29 9:31:28 - PHP Notice:  Undefined index: container_no in C:\xampp\htdocs\php_milwa_trading\admin\controller\report\stock.php on line 1140
2022-06-29 9:31:28 - PHP Notice:  Undefined index: batch_no in C:\xampp\htdocs\php_milwa_trading\admin\controller\report\stock.php on line 1141
2022-06-29 9:31:28 - PHP Notice:  Undefined index: brand in C:\xampp\htdocs\php_milwa_trading\admin\controller\report\stock.php on line 1139
2022-06-29 9:31:28 - PHP Notice:  Undefined index: container_no in C:\xampp\htdocs\php_milwa_trading\admin\controller\report\stock.php on line 1140
2022-06-29 9:31:28 - PHP Notice:  Undefined index: batch_no in C:\xampp\htdocs\php_milwa_trading\admin\controller\report\stock.php on line 1141
2022-06-29 9:31:28 - PHP Notice:  Undefined index: brand in C:\xampp\htdocs\php_milwa_trading\admin\controller\report\stock.php on line 1139
2022-06-29 9:31:28 - PHP Notice:  Undefined index: container_no in C:\xampp\htdocs\php_milwa_trading\admin\controller\report\stock.php on line 1140
2022-06-29 9:31:28 - PHP Notice:  Undefined index: batch_no in C:\xampp\htdocs\php_milwa_trading\admin\controller\report\stock.php on line 1141
2022-06-29 9:31:28 - PHP Notice:  Undefined index: brand in C:\xampp\htdocs\php_milwa_trading\admin\controller\report\stock.php on line 1139
2022-06-29 9:31:28 - PHP Notice:  Undefined index: container_no in C:\xampp\htdocs\php_milwa_trading\admin\controller\report\stock.php on line 1140
2022-06-29 9:31:28 - PHP Notice:  Undefined index: batch_no in C:\xampp\htdocs\php_milwa_trading\admin\controller\report\stock.php on line 1141
2022-06-29 9:31:28 - PHP Notice:  Undefined index: brand in C:\xampp\htdocs\php_milwa_trading\admin\controller\report\stock.php on line 1139
2022-06-29 9:31:28 - PHP Notice:  Undefined index: container_no in C:\xampp\htdocs\php_milwa_trading\admin\controller\report\stock.php on line 1140
2022-06-29 9:31:28 - PHP Notice:  Undefined index: batch_no in C:\xampp\htdocs\php_milwa_trading\admin\controller\report\stock.php on line 1141
2022-06-29 9:31:28 - PHP Notice:  Undefined index: brand in C:\xampp\htdocs\php_milwa_trading\admin\controller\report\stock.php on line 1139
2022-06-29 9:31:28 - PHP Notice:  Undefined index: container_no in C:\xampp\htdocs\php_milwa_trading\admin\controller\report\stock.php on line 1140
2022-06-29 9:31:28 - PHP Notice:  Undefined index: batch_no in C:\xampp\htdocs\php_milwa_trading\admin\controller\report\stock.php on line 1141
2022-06-29 9:31:28 - PHP Notice:  Undefined index: brand in C:\xampp\htdocs\php_milwa_trading\admin\controller\report\stock.php on line 1139
2022-06-29 9:31:28 - PHP Notice:  Undefined index: container_no in C:\xampp\htdocs\php_milwa_trading\admin\controller\report\stock.php on line 1140
2022-06-29 9:31:28 - PHP Notice:  Undefined index: batch_no in C:\xampp\htdocs\php_milwa_trading\admin\controller\report\stock.php on line 1141
2022-06-29 9:31:28 - PHP Notice:  Undefined index: brand in C:\xampp\htdocs\php_milwa_trading\admin\controller\report\stock.php on line 1139
2022-06-29 9:31:28 - PHP Notice:  Undefined index: container_no in C:\xampp\htdocs\php_milwa_trading\admin\controller\report\stock.php on line 1140
2022-06-29 9:31:28 - PHP Notice:  Undefined index: batch_no in C:\xampp\htdocs\php_milwa_trading\admin\controller\report\stock.php on line 1141
2022-06-29 9:31:28 - PHP Notice:  Undefined index: brand in C:\xampp\htdocs\php_milwa_trading\admin\controller\report\stock.php on line 1139
2022-06-29 9:31:28 - PHP Notice:  Undefined index: container_no in C:\xampp\htdocs\php_milwa_trading\admin\controller\report\stock.php on line 1140
2022-06-29 9:31:28 - PHP Notice:  Undefined index: batch_no in C:\xampp\htdocs\php_milwa_trading\admin\controller\report\stock.php on line 1141
2022-06-29 9:31:28 - PHP Notice:  Undefined index: brand in C:\xampp\htdocs\php_milwa_trading\admin\controller\report\stock.php on line 1139
2022-06-29 9:31:28 - PHP Notice:  Undefined index: container_no in C:\xampp\htdocs\php_milwa_trading\admin\controller\report\stock.php on line 1140
2022-06-29 9:31:28 - PHP Notice:  Undefined index: batch_no in C:\xampp\htdocs\php_milwa_trading\admin\controller\report\stock.php on line 1141
2022-06-29 9:31:28 - PHP Notice:  Undefined index: brand in C:\xampp\htdocs\php_milwa_trading\admin\controller\report\stock.php on line 1139
2022-06-29 9:31:28 - PHP Notice:  Undefined index: container_no in C:\xampp\htdocs\php_milwa_trading\admin\controller\report\stock.php on line 1140
2022-06-29 9:31:28 - PHP Notice:  Undefined index: batch_no in C:\xampp\htdocs\php_milwa_trading\admin\controller\report\stock.php on line 1141
2022-06-29 9:31:28 - PHP Notice:  Undefined index: brand in C:\xampp\htdocs\php_milwa_trading\admin\controller\report\stock.php on line 1139
2022-06-29 9:31:28 - PHP Notice:  Undefined index: container_no in C:\xampp\htdocs\php_milwa_trading\admin\controller\report\stock.php on line 1140
2022-06-29 9:31:28 - PHP Notice:  Undefined index: batch_no in C:\xampp\htdocs\php_milwa_trading\admin\controller\report\stock.php on line 1141
2022-06-29 9:31:28 - PHP Notice:  Undefined index: brand in C:\xampp\htdocs\php_milwa_trading\admin\controller\report\stock.php on line 1139
2022-06-29 9:31:29 - PHP Notice:  Undefined index: container_no in C:\xampp\htdocs\php_milwa_trading\admin\controller\report\stock.php on line 1140
2022-06-29 9:31:29 - PHP Notice:  Undefined index: batch_no in C:\xampp\htdocs\php_milwa_trading\admin\controller\report\stock.php on line 1141
2022-06-29 9:31:29 - PHP Notice:  Undefined index: brand in C:\xampp\htdocs\php_milwa_trading\admin\controller\report\stock.php on line 1139
2022-06-29 9:31:29 - PHP Notice:  Undefined index: container_no in C:\xampp\htdocs\php_milwa_trading\admin\controller\report\stock.php on line 1140
2022-06-29 9:31:29 - PHP Notice:  Undefined index: batch_no in C:\xampp\htdocs\php_milwa_trading\admin\controller\report\stock.php on line 1141
2022-06-29 9:31:29 - PHP Notice:  Undefined index: brand in C:\xampp\htdocs\php_milwa_trading\admin\controller\report\stock.php on line 1139
2022-06-29 9:31:29 - PHP Notice:  Undefined index: container_no in C:\xampp\htdocs\php_milwa_trading\admin\controller\report\stock.php on line 1140
2022-06-29 9:31:29 - PHP Notice:  Undefined index: batch_no in C:\xampp\htdocs\php_milwa_trading\admin\controller\report\stock.php on line 1141
2022-06-29 9:31:29 - PHP Notice:  Undefined index: brand in C:\xampp\htdocs\php_milwa_trading\admin\controller\report\stock.php on line 1139
2022-06-29 9:31:29 - PHP Notice:  Undefined index: container_no in C:\xampp\htdocs\php_milwa_trading\admin\controller\report\stock.php on line 1140
2022-06-29 9:31:29 - PHP Notice:  Undefined index: batch_no in C:\xampp\htdocs\php_milwa_trading\admin\controller\report\stock.php on line 1141
2022-06-29 9:31:29 - PHP Notice:  Undefined index: brand in C:\xampp\htdocs\php_milwa_trading\admin\controller\report\stock.php on line 1139
2022-06-29 9:31:29 - PHP Notice:  Undefined index: container_no in C:\xampp\htdocs\php_milwa_trading\admin\controller\report\stock.php on line 1140
2022-06-29 9:31:29 - PHP Notice:  Undefined index: batch_no in C:\xampp\htdocs\php_milwa_trading\admin\controller\report\stock.php on line 1141
2022-06-29 9:31:29 - PHP Notice:  Undefined index: brand in C:\xampp\htdocs\php_milwa_trading\admin\controller\report\stock.php on line 1139
2022-06-29 9:31:29 - PHP Notice:  Undefined index: container_no in C:\xampp\htdocs\php_milwa_trading\admin\controller\report\stock.php on line 1140
2022-06-29 9:31:29 - PHP Notice:  Undefined index: batch_no in C:\xampp\htdocs\php_milwa_trading\admin\controller\report\stock.php on line 1141
2022-06-29 9:31:29 - PHP Notice:  Undefined index: brand in C:\xampp\htdocs\php_milwa_trading\admin\controller\report\stock.php on line 1139
2022-06-29 9:31:29 - PHP Notice:  Undefined index: container_no in C:\xampp\htdocs\php_milwa_trading\admin\controller\report\stock.php on line 1140
2022-06-29 9:31:29 - PHP Notice:  Undefined index: batch_no in C:\xampp\htdocs\php_milwa_trading\admin\controller\report\stock.php on line 1141
2022-06-29 9:31:29 - PHP Notice:  Undefined index: brand in C:\xampp\htdocs\php_milwa_trading\admin\controller\report\stock.php on line 1139
2022-06-29 9:31:30 - PHP Notice:  Undefined index: container_no in C:\xampp\htdocs\php_milwa_trading\admin\controller\report\stock.php on line 1140
2022-06-29 9:31:30 - PHP Notice:  Undefined index: batch_no in C:\xampp\htdocs\php_milwa_trading\admin\controller\report\stock.php on line 1141
2022-06-29 9:31:30 - PHP Notice:  Undefined index: brand in C:\xampp\htdocs\php_milwa_trading\admin\controller\report\stock.php on line 1139
2022-06-29 9:31:30 - PHP Notice:  Undefined index: container_no in C:\xampp\htdocs\php_milwa_trading\admin\controller\report\stock.php on line 1140
2022-06-29 9:31:30 - PHP Notice:  Undefined index: batch_no in C:\xampp\htdocs\php_milwa_trading\admin\controller\report\stock.php on line 1141
2022-06-29 9:31:30 - PHP Notice:  Undefined index: brand in C:\xampp\htdocs\php_milwa_trading\admin\controller\report\stock.php on line 1139
2022-06-29 9:31:30 - PHP Notice:  Undefined index: container_no in C:\xampp\htdocs\php_milwa_trading\admin\controller\report\stock.php on line 1140
2022-06-29 9:31:30 - PHP Notice:  Undefined index: batch_no in C:\xampp\htdocs\php_milwa_trading\admin\controller\report\stock.php on line 1141
2022-06-29 9:31:30 - PHP Notice:  Undefined index: brand in C:\xampp\htdocs\php_milwa_trading\admin\controller\report\stock.php on line 1139
2022-06-29 9:31:30 - PHP Notice:  Undefined index: container_no in C:\xampp\htdocs\php_milwa_trading\admin\controller\report\stock.php on line 1140
2022-06-29 9:31:30 - PHP Notice:  Undefined index: batch_no in C:\xampp\htdocs\php_milwa_trading\admin\controller\report\stock.php on line 1141
2022-06-29 9:31:30 - PHP Notice:  Undefined index: brand in C:\xampp\htdocs\php_milwa_trading\admin\controller\report\stock.php on line 1139
2022-06-29 9:31:30 - PHP Notice:  Undefined index: container_no in C:\xampp\htdocs\php_milwa_trading\admin\controller\report\stock.php on line 1140
2022-06-29 9:31:30 - PHP Notice:  Undefined index: batch_no in C:\xampp\htdocs\php_milwa_trading\admin\controller\report\stock.php on line 1141
2022-06-29 9:31:30 - PHP Notice:  Undefined index: brand in C:\xampp\htdocs\php_milwa_trading\admin\controller\report\stock.php on line 1139
2022-06-29 9:31:30 - PHP Notice:  Undefined index: container_no in C:\xampp\htdocs\php_milwa_trading\admin\controller\report\stock.php on line 1140
2022-06-29 9:31:30 - PHP Notice:  Undefined index: batch_no in C:\xampp\htdocs\php_milwa_trading\admin\controller\report\stock.php on line 1141
2022-06-29 9:31:30 - PHP Notice:  Undefined index: brand in C:\xampp\htdocs\php_milwa_trading\admin\controller\report\stock.php on line 1139
2022-06-29 9:31:30 - PHP Notice:  Undefined index: container_no in C:\xampp\htdocs\php_milwa_trading\admin\controller\report\stock.php on line 1140
2022-06-29 9:31:30 - PHP Notice:  Undefined index: batch_no in C:\xampp\htdocs\php_milwa_trading\admin\controller\report\stock.php on line 1141
2022-06-29 9:31:30 - PHP Notice:  Undefined index: brand in C:\xampp\htdocs\php_milwa_trading\admin\controller\report\stock.php on line 1139
2022-06-29 9:31:30 - PHP Notice:  Undefined index: container_no in C:\xampp\htdocs\php_milwa_trading\admin\controller\report\stock.php on line 1140
2022-06-29 9:31:30 - PHP Notice:  Undefined index: batch_no in C:\xampp\htdocs\php_milwa_trading\admin\controller\report\stock.php on line 1141
2022-06-29 9:31:30 - PHP Notice:  Undefined index: brand in C:\xampp\htdocs\php_milwa_trading\admin\controller\report\stock.php on line 1139
2022-06-29 9:31:30 - PHP Notice:  Undefined index: container_no in C:\xampp\htdocs\php_milwa_trading\admin\controller\report\stock.php on line 1140
2022-06-29 9:31:30 - PHP Notice:  Undefined index: batch_no in C:\xampp\htdocs\php_milwa_trading\admin\controller\report\stock.php on line 1141
2022-06-29 9:31:30 - PHP Notice:  Undefined index: brand in C:\xampp\htdocs\php_milwa_trading\admin\controller\report\stock.php on line 1139
2022-06-29 9:31:30 - PHP Notice:  Undefined index: container_no in C:\xampp\htdocs\php_milwa_trading\admin\controller\report\stock.php on line 1140
2022-06-29 9:31:30 - PHP Notice:  Undefined index: batch_no in C:\xampp\htdocs\php_milwa_trading\admin\controller\report\stock.php on line 1141
2022-06-29 9:31:30 - PHP Notice:  Undefined index: brand in C:\xampp\htdocs\php_milwa_trading\admin\controller\report\stock.php on line 1139
2022-06-29 9:31:30 - PHP Notice:  Undefined index: container_no in C:\xampp\htdocs\php_milwa_trading\admin\controller\report\stock.php on line 1140
2022-06-29 9:31:30 - PHP Notice:  Undefined index: batch_no in C:\xampp\htdocs\php_milwa_trading\admin\controller\report\stock.php on line 1141
2022-06-29 9:31:30 - PHP Notice:  Undefined index: brand in C:\xampp\htdocs\php_milwa_trading\admin\controller\report\stock.php on line 1139
2022-06-29 9:31:30 - PHP Notice:  Undefined index: container_no in C:\xampp\htdocs\php_milwa_trading\admin\controller\report\stock.php on line 1140
2022-06-29 9:31:30 - PHP Notice:  Undefined index: batch_no in C:\xampp\htdocs\php_milwa_trading\admin\controller\report\stock.php on line 1141
2022-06-29 9:31:30 - PHP Notice:  Undefined index: brand in C:\xampp\htdocs\php_milwa_trading\admin\controller\report\stock.php on line 1139
2022-06-29 9:31:30 - PHP Notice:  Undefined index: container_no in C:\xampp\htdocs\php_milwa_trading\admin\controller\report\stock.php on line 1140
2022-06-29 9:31:30 - PHP Notice:  Undefined index: batch_no in C:\xampp\htdocs\php_milwa_trading\admin\controller\report\stock.php on line 1141
2022-06-29 9:31:30 - PHP Notice:  Undefined index: brand in C:\xampp\htdocs\php_milwa_trading\admin\controller\report\stock.php on line 1139
2022-06-29 9:31:30 - PHP Notice:  Undefined index: container_no in C:\xampp\htdocs\php_milwa_trading\admin\controller\report\stock.php on line 1140
2022-06-29 9:31:30 - PHP Notice:  Undefined index: batch_no in C:\xampp\htdocs\php_milwa_trading\admin\controller\report\stock.php on line 1141
2022-06-29 9:31:30 - PHP Notice:  Undefined index: brand in C:\xampp\htdocs\php_milwa_trading\admin\controller\report\stock.php on line 1139
2022-06-29 9:31:30 - PHP Notice:  Undefined index: container_no in C:\xampp\htdocs\php_milwa_trading\admin\controller\report\stock.php on line 1140
2022-06-29 9:31:30 - PHP Notice:  Undefined index: batch_no in C:\xampp\htdocs\php_milwa_trading\admin\controller\report\stock.php on line 1141
2022-06-29 9:31:30 - PHP Notice:  Undefined index: brand in C:\xampp\htdocs\php_milwa_trading\admin\controller\report\stock.php on line 1139
2022-06-29 9:31:30 - PHP Notice:  Undefined index: container_no in C:\xampp\htdocs\php_milwa_trading\admin\controller\report\stock.php on line 1140
2022-06-29 9:31:31 - PHP Notice:  Undefined index: batch_no in C:\xampp\htdocs\php_milwa_trading\admin\controller\report\stock.php on line 1141
2022-06-29 9:31:31 - PHP Notice:  Undefined index: brand in C:\xampp\htdocs\php_milwa_trading\admin\controller\report\stock.php on line 1139
2022-06-29 9:31:31 - PHP Notice:  Undefined index: container_no in C:\xampp\htdocs\php_milwa_trading\admin\controller\report\stock.php on line 1140
2022-06-29 9:31:31 - PHP Notice:  Undefined index: batch_no in C:\xampp\htdocs\php_milwa_trading\admin\controller\report\stock.php on line 1141
2022-06-29 9:31:31 - PHP Notice:  Undefined index: brand in C:\xampp\htdocs\php_milwa_trading\admin\controller\report\stock.php on line 1139
2022-06-29 9:31:31 - PHP Notice:  Undefined index: container_no in C:\xampp\htdocs\php_milwa_trading\admin\controller\report\stock.php on line 1140
2022-06-29 9:31:31 - PHP Notice:  Undefined index: batch_no in C:\xampp\htdocs\php_milwa_trading\admin\controller\report\stock.php on line 1141
2022-06-29 9:31:31 - PHP Notice:  Undefined index: brand in C:\xampp\htdocs\php_milwa_trading\admin\controller\report\stock.php on line 1139
2022-06-29 9:31:31 - PHP Notice:  Undefined index: container_no in C:\xampp\htdocs\php_milwa_trading\admin\controller\report\stock.php on line 1140
2022-06-29 9:31:31 - PHP Notice:  Undefined index: batch_no in C:\xampp\htdocs\php_milwa_trading\admin\controller\report\stock.php on line 1141
2022-06-29 9:31:31 - PHP Notice:  Undefined index: brand in C:\xampp\htdocs\php_milwa_trading\admin\controller\report\stock.php on line 1139
2022-06-29 9:31:31 - PHP Notice:  Undefined index: container_no in C:\xampp\htdocs\php_milwa_trading\admin\controller\report\stock.php on line 1140
2022-06-29 9:31:31 - PHP Notice:  Undefined index: batch_no in C:\xampp\htdocs\php_milwa_trading\admin\controller\report\stock.php on line 1141
2022-06-29 9:31:31 - PHP Notice:  Undefined index: brand in C:\xampp\htdocs\php_milwa_trading\admin\controller\report\stock.php on line 1139
2022-06-29 9:31:31 - PHP Notice:  Undefined index: container_no in C:\xampp\htdocs\php_milwa_trading\admin\controller\report\stock.php on line 1140
2022-06-29 9:31:31 - PHP Notice:  Undefined index: batch_no in C:\xampp\htdocs\php_milwa_trading\admin\controller\report\stock.php on line 1141
2022-06-29 9:31:31 - PHP Notice:  Undefined index: output in C:\xampp\htdocs\php_milwa_trading\admin\controller\report\stock.php on line 1166
2022-06-29 9:31:31 - PHP Notice:  Undefined index: brand_id in C:\xampp\htdocs\php_milwa_trading\admin\controller\report\stock.php on line 1339
2022-06-29 9:31:31 - PHP Notice:  Undefined index: name in C:\xampp\htdocs\php_milwa_trading\admin\controller\report\stock.php on line 1348
2022-06-29 9:31:31 - PHP Notice:  Undefined index: name in C:\xampp\htdocs\php_milwa_trading\admin\controller\report\stock.php on line 1349
2022-06-29 9:31:31 - PHP Notice:  Undefined index: name in C:\xampp\htdocs\php_milwa_trading\admin\controller\report\stock.php on line 1350
2022-06-29 9:31:31 - PHP Warning:  Division by zero in C:\xampp\htdocs\php_milwa_trading\admin\controller\report\stock.php on line 1381
2022-06-29 9:31:31 - PHP Warning:  Division by zero in C:\xampp\htdocs\php_milwa_trading\admin\controller\report\stock.php on line 1381
2022-06-29 9:32:16 - PHP Notice:  Undefined index: branch_id in C:\xampp\htdocs\php_milwa_trading\admin\controller\common\function.php on line 119
2022-06-29 9:32:17 - PHP Notice:  Undefined index: rate in C:\xampp\htdocs\php_milwa_trading\admin\controller\common\function.php on line 130
2022-06-29 9:32:17 - PHP Notice:  Undefined index: rate in C:\xampp\htdocs\php_milwa_trading\admin\controller\common\function.php on line 134
2022-06-29 9:32:40 - PHP Notice:  Undefined index: branch_id in C:\xampp\htdocs\php_milwa_trading\admin\controller\common\function.php on line 119
2022-06-29 9:32:40 - PHP Notice:  Undefined index: rate in C:\xampp\htdocs\php_milwa_trading\admin\controller\common\function.php on line 130
2022-06-29 9:32:40 - PHP Notice:  Undefined index: rate in C:\xampp\htdocs\php_milwa_trading\admin\controller\common\function.php on line 134
2022-06-29 9:32:55 - PHP Warning:  mysqli::real_escape_string() expects parameter 1 to be string, array given in C:\xampp\htdocs\php_milwa_trading\system\database\dbmysqli.php on line 93
2022-06-29 9:32:55 - PHP Notice:  Undefined index: partner_type_id in C:\xampp\htdocs\php_milwa_trading\admin\controller\inventory\stock_adjustment.php on line 437
2022-06-29 9:32:55 - PHP Notice:  Undefined index: partner_id in C:\xampp\htdocs\php_milwa_trading\admin\controller\inventory\stock_adjustment.php on line 438
2022-06-29 9:32:56 - PHP Notice:  Undefined index: partner_type_id in C:\xampp\htdocs\php_milwa_trading\admin\controller\inventory\stock_adjustment.php on line 615
2022-06-29 9:32:56 - PHP Notice:  Undefined index: partner_id in C:\xampp\htdocs\php_milwa_trading\admin\controller\inventory\stock_adjustment.php on line 616
2022-06-29 9:32:56 - PHP Notice:  Undefined index: partner_type_id in C:\xampp\htdocs\php_milwa_trading\admin\controller\inventory\stock_adjustment.php on line 615
2022-06-29 9:32:56 - PHP Notice:  Undefined index: partner_id in C:\xampp\htdocs\php_milwa_trading\admin\controller\inventory\stock_adjustment.php on line 616
2022-06-29 9:32:56 - PHP Notice:  Undefined index: partner_type_id in C:\xampp\htdocs\php_milwa_trading\admin\controller\inventory\stock_adjustment.php on line 615
2022-06-29 9:32:56 - PHP Notice:  Undefined index: partner_id in C:\xampp\htdocs\php_milwa_trading\admin\controller\inventory\stock_adjustment.php on line 616
2022-06-29 9:32:56 - PHP Notice:  Undefined index: partner_type_id in C:\xampp\htdocs\php_milwa_trading\admin\controller\inventory\stock_adjustment.php on line 615
2022-06-29 9:32:56 - PHP Notice:  Undefined index: partner_id in C:\xampp\htdocs\php_milwa_trading\admin\controller\inventory\stock_adjustment.php on line 616
2022-06-29 9:32:58 - PHP Notice:  Undefined variable: href_gl_mapping_account in C:\xampp\htdocs\php_milwa_trading\admin\view\template\common\column_left.tpl on line 66
2022-06-29 9:32:58 - PHP Notice:  Undefined index: gl_mapping_account in C:\xampp\htdocs\php_milwa_trading\admin\view\template\common\column_left.tpl on line 66
2022-06-29 9:32:58 - PHP Notice:  Undefined variable: href_tool_dashboard in C:\xampp\htdocs\php_milwa_trading\admin\view\template\common\column_left.tpl on line 229
2022-06-29 9:32:58 - PHP Notice:  Undefined index: class in C:\xampp\htdocs\php_milwa_trading\admin\view\template\inventory\stock_adjustment_form.tpl on line 18
2022-06-29 9:32:58 - PHP Notice:  Undefined index: class in C:\xampp\htdocs\php_milwa_trading\admin\view\template\inventory\stock_adjustment_form.tpl on line 18
2022-06-29 9:32:58 - PHP Notice:  Undefined index: class in C:\xampp\htdocs\php_milwa_trading\admin\view\template\inventory\stock_adjustment_form.tpl on line 18
2022-06-29 9:32:58 - PHP Notice:  Undefined variable: action in C:\xampp\htdocs\php_milwa_trading\admin\view\template\inventory\stock_adjustment_form.tpl on line 100
2022-06-29 9:32:58 - PHP Notice:  Undefined variable: column_right in C:\xampp\htdocs\php_milwa_trading\admin\view\template\inventory\stock_adjustment_form.tpl on line 325
2022-06-29 9:33:04 - PHP Notice:  Undefined index: product_id in C:\xampp\htdocs\php_milwa_trading\admin\controller\report\stock.php on line 1118
2022-06-29 9:33:04 - PHP Notice:  Undefined index: brand_id in C:\xampp\htdocs\php_milwa_trading\admin\controller\report\stock.php on line 1126
2022-06-29 9:33:04 - PHP Notice:  Undefined index: brand in C:\xampp\htdocs\php_milwa_trading\admin\controller\report\stock.php on line 1139
2022-06-29 9:33:04 - PHP Notice:  Undefined index: container_no in C:\xampp\htdocs\php_milwa_trading\admin\controller\report\stock.php on line 1140
2022-06-29 9:33:04 - PHP Notice:  Undefined index: batch_no in C:\xampp\htdocs\php_milwa_trading\admin\controller\report\stock.php on line 1141
2022-06-29 9:33:04 - PHP Notice:  Undefined index: brand in C:\xampp\htdocs\php_milwa_trading\admin\controller\report\stock.php on line 1139
2022-06-29 9:33:04 - PHP Notice:  Undefined index: container_no in C:\xampp\htdocs\php_milwa_trading\admin\controller\report\stock.php on line 1140
2022-06-29 9:33:04 - PHP Notice:  Undefined index: batch_no in C:\xampp\htdocs\php_milwa_trading\admin\controller\report\stock.php on line 1141
2022-06-29 9:33:04 - PHP Notice:  Undefined index: brand in C:\xampp\htdocs\php_milwa_trading\admin\controller\report\stock.php on line 1139
2022-06-29 9:33:04 - PHP Notice:  Undefined index: container_no in C:\xampp\htdocs\php_milwa_trading\admin\controller\report\stock.php on line 1140
2022-06-29 9:33:04 - PHP Notice:  Undefined index: batch_no in C:\xampp\htdocs\php_milwa_trading\admin\controller\report\stock.php on line 1141
2022-06-29 9:33:04 - PHP Notice:  Undefined index: brand in C:\xampp\htdocs\php_milwa_trading\admin\controller\report\stock.php on line 1139
2022-06-29 9:33:04 - PHP Notice:  Undefined index: container_no in C:\xampp\htdocs\php_milwa_trading\admin\controller\report\stock.php on line 1140
2022-06-29 9:33:04 - PHP Notice:  Undefined index: batch_no in C:\xampp\htdocs\php_milwa_trading\admin\controller\report\stock.php on line 1141
2022-06-29 9:33:04 - PHP Notice:  Undefined index: brand in C:\xampp\htdocs\php_milwa_trading\admin\controller\report\stock.php on line 1139
2022-06-29 9:33:04 - PHP Notice:  Undefined index: container_no in C:\xampp\htdocs\php_milwa_trading\admin\controller\report\stock.php on line 1140
2022-06-29 9:33:04 - PHP Notice:  Undefined index: batch_no in C:\xampp\htdocs\php_milwa_trading\admin\controller\report\stock.php on line 1141
2022-06-29 9:33:04 - PHP Notice:  Undefined index: brand in C:\xampp\htdocs\php_milwa_trading\admin\controller\report\stock.php on line 1139
2022-06-29 9:33:04 - PHP Notice:  Undefined index: container_no in C:\xampp\htdocs\php_milwa_trading\admin\controller\report\stock.php on line 1140
2022-06-29 9:33:04 - PHP Notice:  Undefined index: batch_no in C:\xampp\htdocs\php_milwa_trading\admin\controller\report\stock.php on line 1141
2022-06-29 9:33:04 - PHP Notice:  Undefined index: brand in C:\xampp\htdocs\php_milwa_trading\admin\controller\report\stock.php on line 1139
2022-06-29 9:33:04 - PHP Notice:  Undefined index: container_no in C:\xampp\htdocs\php_milwa_trading\admin\controller\report\stock.php on line 1140
2022-06-29 9:33:04 - PHP Notice:  Undefined index: batch_no in C:\xampp\htdocs\php_milwa_trading\admin\controller\report\stock.php on line 1141
2022-06-29 9:33:04 - PHP Notice:  Undefined index: brand in C:\xampp\htdocs\php_milwa_trading\admin\controller\report\stock.php on line 1139
2022-06-29 9:33:04 - PHP Notice:  Undefined index: container_no in C:\xampp\htdocs\php_milwa_trading\admin\controller\report\stock.php on line 1140
2022-06-29 9:33:04 - PHP Notice:  Undefined index: batch_no in C:\xampp\htdocs\php_milwa_trading\admin\controller\report\stock.php on line 1141
2022-06-29 9:33:04 - PHP Notice:  Undefined index: brand in C:\xampp\htdocs\php_milwa_trading\admin\controller\report\stock.php on line 1139
2022-06-29 9:33:04 - PHP Notice:  Undefined index: container_no in C:\xampp\htdocs\php_milwa_trading\admin\controller\report\stock.php on line 1140
2022-06-29 9:33:04 - PHP Notice:  Undefined index: batch_no in C:\xampp\htdocs\php_milwa_trading\admin\controller\report\stock.php on line 1141
2022-06-29 9:33:04 - PHP Notice:  Undefined index: brand in C:\xampp\htdocs\php_milwa_trading\admin\controller\report\stock.php on line 1139
2022-06-29 9:33:04 - PHP Notice:  Undefined index: container_no in C:\xampp\htdocs\php_milwa_trading\admin\controller\report\stock.php on line 1140
2022-06-29 9:33:04 - PHP Notice:  Undefined index: batch_no in C:\xampp\htdocs\php_milwa_trading\admin\controller\report\stock.php on line 1141
2022-06-29 9:33:04 - PHP Notice:  Undefined index: brand in C:\xampp\htdocs\php_milwa_trading\admin\controller\report\stock.php on line 1139
2022-06-29 9:33:04 - PHP Notice:  Undefined index: container_no in C:\xampp\htdocs\php_milwa_trading\admin\controller\report\stock.php on line 1140
2022-06-29 9:33:04 - PHP Notice:  Undefined index: batch_no in C:\xampp\htdocs\php_milwa_trading\admin\controller\report\stock.php on line 1141
2022-06-29 9:33:04 - PHP Notice:  Undefined index: brand in C:\xampp\htdocs\php_milwa_trading\admin\controller\report\stock.php on line 1139
2022-06-29 9:33:05 - PHP Notice:  Undefined index: container_no in C:\xampp\htdocs\php_milwa_trading\admin\controller\report\stock.php on line 1140
2022-06-29 9:33:05 - PHP Notice:  Undefined index: batch_no in C:\xampp\htdocs\php_milwa_trading\admin\controller\report\stock.php on line 1141
2022-06-29 9:33:05 - PHP Notice:  Undefined index: brand in C:\xampp\htdocs\php_milwa_trading\admin\controller\report\stock.php on line 1139
2022-06-29 9:33:05 - PHP Notice:  Undefined index: container_no in C:\xampp\htdocs\php_milwa_trading\admin\controller\report\stock.php on line 1140
2022-06-29 9:33:05 - PHP Notice:  Undefined index: batch_no in C:\xampp\htdocs\php_milwa_trading\admin\controller\report\stock.php on line 1141
2022-06-29 9:33:05 - PHP Notice:  Undefined index: brand in C:\xampp\htdocs\php_milwa_trading\admin\controller\report\stock.php on line 1139
2022-06-29 9:33:05 - PHP Notice:  Undefined index: container_no in C:\xampp\htdocs\php_milwa_trading\admin\controller\report\stock.php on line 1140
2022-06-29 9:33:05 - PHP Notice:  Undefined index: batch_no in C:\xampp\htdocs\php_milwa_trading\admin\controller\report\stock.php on line 1141
2022-06-29 9:33:05 - PHP Notice:  Undefined index: brand in C:\xampp\htdocs\php_milwa_trading\admin\controller\report\stock.php on line 1139
2022-06-29 9:33:05 - PHP Notice:  Undefined index: container_no in C:\xampp\htdocs\php_milwa_trading\admin\controller\report\stock.php on line 1140
2022-06-29 9:33:05 - PHP Notice:  Undefined index: batch_no in C:\xampp\htdocs\php_milwa_trading\admin\controller\report\stock.php on line 1141
2022-06-29 9:33:05 - PHP Notice:  Undefined index: brand in C:\xampp\htdocs\php_milwa_trading\admin\controller\report\stock.php on line 1139
2022-06-29 9:33:05 - PHP Notice:  Undefined index: container_no in C:\xampp\htdocs\php_milwa_trading\admin\controller\report\stock.php on line 1140
2022-06-29 9:33:05 - PHP Notice:  Undefined index: batch_no in C:\xampp\htdocs\php_milwa_trading\admin\controller\report\stock.php on line 1141
2022-06-29 9:33:05 - PHP Notice:  Undefined index: brand in C:\xampp\htdocs\php_milwa_trading\admin\controller\report\stock.php on line 1139
2022-06-29 9:33:05 - PHP Notice:  Undefined index: container_no in C:\xampp\htdocs\php_milwa_trading\admin\controller\report\stock.php on line 1140
2022-06-29 9:33:05 - PHP Notice:  Undefined index: batch_no in C:\xampp\htdocs\php_milwa_trading\admin\controller\report\stock.php on line 1141
2022-06-29 9:33:05 - PHP Notice:  Undefined index: brand in C:\xampp\htdocs\php_milwa_trading\admin\controller\report\stock.php on line 1139
2022-06-29 9:33:05 - PHP Notice:  Undefined index: container_no in C:\xampp\htdocs\php_milwa_trading\admin\controller\report\stock.php on line 1140
2022-06-29 9:33:05 - PHP Notice:  Undefined index: batch_no in C:\xampp\htdocs\php_milwa_trading\admin\controller\report\stock.php on line 1141
2022-06-29 9:33:05 - PHP Notice:  Undefined index: brand in C:\xampp\htdocs\php_milwa_trading\admin\controller\report\stock.php on line 1139
2022-06-29 9:33:05 - PHP Notice:  Undefined index: container_no in C:\xampp\htdocs\php_milwa_trading\admin\controller\report\stock.php on line 1140
2022-06-29 9:33:05 - PHP Notice:  Undefined index: batch_no in C:\xampp\htdocs\php_milwa_trading\admin\controller\report\stock.php on line 1141
2022-06-29 9:33:05 - PHP Notice:  Undefined index: brand in C:\xampp\htdocs\php_milwa_trading\admin\controller\report\stock.php on line 1139
2022-06-29 9:33:05 - PHP Notice:  Undefined index: container_no in C:\xampp\htdocs\php_milwa_trading\admin\controller\report\stock.php on line 1140
2022-06-29 9:33:05 - PHP Notice:  Undefined index: batch_no in C:\xampp\htdocs\php_milwa_trading\admin\controller\report\stock.php on line 1141
2022-06-29 9:33:05 - PHP Notice:  Undefined index: brand in C:\xampp\htdocs\php_milwa_trading\admin\controller\report\stock.php on line 1139
2022-06-29 9:33:05 - PHP Notice:  Undefined index: container_no in C:\xampp\htdocs\php_milwa_trading\admin\controller\report\stock.php on line 1140
2022-06-29 9:33:05 - PHP Notice:  Undefined index: batch_no in C:\xampp\htdocs\php_milwa_trading\admin\controller\report\stock.php on line 1141
2022-06-29 9:33:05 - PHP Notice:  Undefined index: brand in C:\xampp\htdocs\php_milwa_trading\admin\controller\report\stock.php on line 1139
2022-06-29 9:33:05 - PHP Notice:  Undefined index: container_no in C:\xampp\htdocs\php_milwa_trading\admin\controller\report\stock.php on line 1140
2022-06-29 9:33:05 - PHP Notice:  Undefined index: batch_no in C:\xampp\htdocs\php_milwa_trading\admin\controller\report\stock.php on line 1141
2022-06-29 9:33:05 - PHP Notice:  Undefined index: brand in C:\xampp\htdocs\php_milwa_trading\admin\controller\report\stock.php on line 1139
2022-06-29 9:33:05 - PHP Notice:  Undefined index: container_no in C:\xampp\htdocs\php_milwa_trading\admin\controller\report\stock.php on line 1140
2022-06-29 9:33:05 - PHP Notice:  Undefined index: batch_no in C:\xampp\htdocs\php_milwa_trading\admin\controller\report\stock.php on line 1141
2022-06-29 9:33:05 - PHP Notice:  Undefined index: brand in C:\xampp\htdocs\php_milwa_trading\admin\controller\report\stock.php on line 1139
2022-06-29 9:33:05 - PHP Notice:  Undefined index: container_no in C:\xampp\htdocs\php_milwa_trading\admin\controller\report\stock.php on line 1140
2022-06-29 9:33:05 - PHP Notice:  Undefined index: batch_no in C:\xampp\htdocs\php_milwa_trading\admin\controller\report\stock.php on line 1141
2022-06-29 9:33:05 - PHP Notice:  Undefined index: brand in C:\xampp\htdocs\php_milwa_trading\admin\controller\report\stock.php on line 1139
2022-06-29 9:33:05 - PHP Notice:  Undefined index: container_no in C:\xampp\htdocs\php_milwa_trading\admin\controller\report\stock.php on line 1140
2022-06-29 9:33:05 - PHP Notice:  Undefined index: batch_no in C:\xampp\htdocs\php_milwa_trading\admin\controller\report\stock.php on line 1141
2022-06-29 9:33:05 - PHP Notice:  Undefined index: brand in C:\xampp\htdocs\php_milwa_trading\admin\controller\report\stock.php on line 1139
2022-06-29 9:33:05 - PHP Notice:  Undefined index: container_no in C:\xampp\htdocs\php_milwa_trading\admin\controller\report\stock.php on line 1140
2022-06-29 9:33:05 - PHP Notice:  Undefined index: batch_no in C:\xampp\htdocs\php_milwa_trading\admin\controller\report\stock.php on line 1141
2022-06-29 9:33:05 - PHP Notice:  Undefined index: brand in C:\xampp\htdocs\php_milwa_trading\admin\controller\report\stock.php on line 1139
2022-06-29 9:33:05 - PHP Notice:  Undefined index: container_no in C:\xampp\htdocs\php_milwa_trading\admin\controller\report\stock.php on line 1140
2022-06-29 9:33:05 - PHP Notice:  Undefined index: batch_no in C:\xampp\htdocs\php_milwa_trading\admin\controller\report\stock.php on line 1141
2022-06-29 9:33:05 - PHP Notice:  Undefined index: brand in C:\xampp\htdocs\php_milwa_trading\admin\controller\report\stock.php on line 1139
2022-06-29 9:33:05 - PHP Notice:  Undefined index: container_no in C:\xampp\htdocs\php_milwa_trading\admin\controller\report\stock.php on line 1140
2022-06-29 9:33:05 - PHP Notice:  Undefined index: batch_no in C:\xampp\htdocs\php_milwa_trading\admin\controller\report\stock.php on line 1141
2022-06-29 9:33:05 - PHP Notice:  Undefined index: brand in C:\xampp\htdocs\php_milwa_trading\admin\controller\report\stock.php on line 1139
2022-06-29 9:33:05 - PHP Notice:  Undefined index: container_no in C:\xampp\htdocs\php_milwa_trading\admin\controller\report\stock.php on line 1140
2022-06-29 9:33:05 - PHP Notice:  Undefined index: batch_no in C:\xampp\htdocs\php_milwa_trading\admin\controller\report\stock.php on line 1141
2022-06-29 9:33:06 - PHP Notice:  Undefined index: brand in C:\xampp\htdocs\php_milwa_trading\admin\controller\report\stock.php on line 1139
2022-06-29 9:33:06 - PHP Notice:  Undefined index: container_no in C:\xampp\htdocs\php_milwa_trading\admin\controller\report\stock.php on line 1140
2022-06-29 9:33:06 - PHP Notice:  Undefined index: batch_no in C:\xampp\htdocs\php_milwa_trading\admin\controller\report\stock.php on line 1141
2022-06-29 9:33:06 - PHP Notice:  Undefined index: brand in C:\xampp\htdocs\php_milwa_trading\admin\controller\report\stock.php on line 1139
2022-06-29 9:33:06 - PHP Notice:  Undefined index: container_no in C:\xampp\htdocs\php_milwa_trading\admin\controller\report\stock.php on line 1140
2022-06-29 9:33:06 - PHP Notice:  Undefined index: batch_no in C:\xampp\htdocs\php_milwa_trading\admin\controller\report\stock.php on line 1141
2022-06-29 9:33:06 - PHP Notice:  Undefined index: brand in C:\xampp\htdocs\php_milwa_trading\admin\controller\report\stock.php on line 1139
2022-06-29 9:33:06 - PHP Notice:  Undefined index: container_no in C:\xampp\htdocs\php_milwa_trading\admin\controller\report\stock.php on line 1140
2022-06-29 9:33:06 - PHP Notice:  Undefined index: batch_no in C:\xampp\htdocs\php_milwa_trading\admin\controller\report\stock.php on line 1141
2022-06-29 9:33:06 - PHP Notice:  Undefined index: brand in C:\xampp\htdocs\php_milwa_trading\admin\controller\report\stock.php on line 1139
2022-06-29 9:33:06 - PHP Notice:  Undefined index: container_no in C:\xampp\htdocs\php_milwa_trading\admin\controller\report\stock.php on line 1140
2022-06-29 9:33:06 - PHP Notice:  Undefined index: batch_no in C:\xampp\htdocs\php_milwa_trading\admin\controller\report\stock.php on line 1141
2022-06-29 9:33:06 - PHP Notice:  Undefined index: brand in C:\xampp\htdocs\php_milwa_trading\admin\controller\report\stock.php on line 1139
2022-06-29 9:33:06 - PHP Notice:  Undefined index: container_no in C:\xampp\htdocs\php_milwa_trading\admin\controller\report\stock.php on line 1140
2022-06-29 9:33:06 - PHP Notice:  Undefined index: batch_no in C:\xampp\htdocs\php_milwa_trading\admin\controller\report\stock.php on line 1141
2022-06-29 9:33:06 - PHP Notice:  Undefined index: brand in C:\xampp\htdocs\php_milwa_trading\admin\controller\report\stock.php on line 1139
2022-06-29 9:33:06 - PHP Notice:  Undefined index: container_no in C:\xampp\htdocs\php_milwa_trading\admin\controller\report\stock.php on line 1140
2022-06-29 9:33:06 - PHP Notice:  Undefined index: batch_no in C:\xampp\htdocs\php_milwa_trading\admin\controller\report\stock.php on line 1141
2022-06-29 9:33:06 - PHP Notice:  Undefined index: brand in C:\xampp\htdocs\php_milwa_trading\admin\controller\report\stock.php on line 1139
2022-06-29 9:33:06 - PHP Notice:  Undefined index: container_no in C:\xampp\htdocs\php_milwa_trading\admin\controller\report\stock.php on line 1140
2022-06-29 9:33:06 - PHP Notice:  Undefined index: batch_no in C:\xampp\htdocs\php_milwa_trading\admin\controller\report\stock.php on line 1141
2022-06-29 9:33:06 - PHP Notice:  Undefined index: brand in C:\xampp\htdocs\php_milwa_trading\admin\controller\report\stock.php on line 1139
2022-06-29 9:33:06 - PHP Notice:  Undefined index: container_no in C:\xampp\htdocs\php_milwa_trading\admin\controller\report\stock.php on line 1140
2022-06-29 9:33:06 - PHP Notice:  Undefined index: batch_no in C:\xampp\htdocs\php_milwa_trading\admin\controller\report\stock.php on line 1141
2022-06-29 9:33:06 - PHP Notice:  Undefined index: brand in C:\xampp\htdocs\php_milwa_trading\admin\controller\report\stock.php on line 1139
2022-06-29 9:33:06 - PHP Notice:  Undefined index: container_no in C:\xampp\htdocs\php_milwa_trading\admin\controller\report\stock.php on line 1140
2022-06-29 9:33:06 - PHP Notice:  Undefined index: batch_no in C:\xampp\htdocs\php_milwa_trading\admin\controller\report\stock.php on line 1141
2022-06-29 9:33:06 - PHP Notice:  Undefined index: brand in C:\xampp\htdocs\php_milwa_trading\admin\controller\report\stock.php on line 1139
2022-06-29 9:33:06 - PHP Notice:  Undefined index: container_no in C:\xampp\htdocs\php_milwa_trading\admin\controller\report\stock.php on line 1140
2022-06-29 9:33:06 - PHP Notice:  Undefined index: batch_no in C:\xampp\htdocs\php_milwa_trading\admin\controller\report\stock.php on line 1141
2022-06-29 9:33:06 - PHP Notice:  Undefined index: brand in C:\xampp\htdocs\php_milwa_trading\admin\controller\report\stock.php on line 1139
2022-06-29 9:33:06 - PHP Notice:  Undefined index: container_no in C:\xampp\htdocs\php_milwa_trading\admin\controller\report\stock.php on line 1140
2022-06-29 9:33:06 - PHP Notice:  Undefined index: batch_no in C:\xampp\htdocs\php_milwa_trading\admin\controller\report\stock.php on line 1141
2022-06-29 9:33:06 - PHP Notice:  Undefined index: brand in C:\xampp\htdocs\php_milwa_trading\admin\controller\report\stock.php on line 1139
2022-06-29 9:33:06 - PHP Notice:  Undefined index: container_no in C:\xampp\htdocs\php_milwa_trading\admin\controller\report\stock.php on line 1140
2022-06-29 9:33:06 - PHP Notice:  Undefined index: batch_no in C:\xampp\htdocs\php_milwa_trading\admin\controller\report\stock.php on line 1141
2022-06-29 9:33:06 - PHP Notice:  Undefined index: brand in C:\xampp\htdocs\php_milwa_trading\admin\controller\report\stock.php on line 1139
2022-06-29 9:33:06 - PHP Notice:  Undefined index: container_no in C:\xampp\htdocs\php_milwa_trading\admin\controller\report\stock.php on line 1140
2022-06-29 9:33:06 - PHP Notice:  Undefined index: batch_no in C:\xampp\htdocs\php_milwa_trading\admin\controller\report\stock.php on line 1141
2022-06-29 9:33:06 - PHP Notice:  Undefined index: brand in C:\xampp\htdocs\php_milwa_trading\admin\controller\report\stock.php on line 1139
2022-06-29 9:33:06 - PHP Notice:  Undefined index: container_no in C:\xampp\htdocs\php_milwa_trading\admin\controller\report\stock.php on line 1140
2022-06-29 9:33:06 - PHP Notice:  Undefined index: batch_no in C:\xampp\htdocs\php_milwa_trading\admin\controller\report\stock.php on line 1141
2022-06-29 9:33:06 - PHP Notice:  Undefined index: output in C:\xampp\htdocs\php_milwa_trading\admin\controller\report\stock.php on line 1166
2022-06-29 9:33:06 - PHP Notice:  Undefined index: brand_id in C:\xampp\htdocs\php_milwa_trading\admin\controller\report\stock.php on line 1339
2022-06-29 9:33:06 - PHP Notice:  Undefined index: name in C:\xampp\htdocs\php_milwa_trading\admin\controller\report\stock.php on line 1348
2022-06-29 9:33:06 - PHP Notice:  Undefined index: name in C:\xampp\htdocs\php_milwa_trading\admin\controller\report\stock.php on line 1349
2022-06-29 9:33:06 - PHP Notice:  Undefined index: name in C:\xampp\htdocs\php_milwa_trading\admin\controller\report\stock.php on line 1350
2022-06-29 9:33:06 - PHP Warning:  Division by zero in C:\xampp\htdocs\php_milwa_trading\admin\controller\report\stock.php on line 1381
2022-06-29 9:33:06 - PHP Warning:  Division by zero in C:\xampp\htdocs\php_milwa_trading\admin\controller\report\stock.php on line 1381
2022-06-29 9:33:06 - PHP Warning:  Division by zero in C:\xampp\htdocs\php_milwa_trading\admin\controller\report\stock.php on line 1381
2022-06-29 9:33:56 - PHP Notice:  Undefined variable: href_gl_mapping_account in C:\xampp\htdocs\php_milwa_trading\admin\view\template\common\column_left.tpl on line 66
2022-06-29 9:33:56 - PHP Notice:  Undefined index: gl_mapping_account in C:\xampp\htdocs\php_milwa_trading\admin\view\template\common\column_left.tpl on line 66
2022-06-29 9:33:56 - PHP Notice:  Undefined variable: href_tool_dashboard in C:\xampp\htdocs\php_milwa_trading\admin\view\template\common\column_left.tpl on line 229
2022-06-29 9:33:56 - PHP Notice:  Undefined index: class in C:\xampp\htdocs\php_milwa_trading\admin\view\template\inventory\stock_adjustment_list.tpl on line 19
2022-06-29 9:33:56 - PHP Notice:  Undefined index: class in C:\xampp\htdocs\php_milwa_trading\admin\view\template\inventory\stock_adjustment_list.tpl on line 19
2022-06-29 9:33:56 - PHP Notice:  Undefined index: class in C:\xampp\htdocs\php_milwa_trading\admin\view\template\inventory\stock_adjustment_list.tpl on line 19
2022-06-29 9:33:56 - PHP Notice:  Undefined variable: column_right in C:\xampp\htdocs\php_milwa_trading\admin\view\template\inventory\stock_adjustment_list.tpl on line 77
2022-06-29 9:33:59 - PHP Notice:  Undefined index: stock_adjustment_id in C:\xampp\htdocs\php_milwa_trading\system\engine\hcontroller.php on line 223
2022-06-29 9:33:59 - PHP Notice:  Undefined index: stock_adjustment_id in C:\xampp\htdocs\php_milwa_trading\system\engine\hcontroller.php on line 224
2022-06-29 9:33:59 - PHP Notice:  Undefined index: stock_adjustment_id in C:\xampp\htdocs\php_milwa_trading\admin\controller\inventory\stock_adjustment.php on line 218
2022-06-29 9:33:59 - PHP Notice:  Undefined index: stock_adjustment_id in C:\xampp\htdocs\php_milwa_trading\admin\controller\inventory\stock_adjustment.php on line 220
2022-06-29 9:33:59 - PHP Notice:  Undefined index: stock_adjustment_id in C:\xampp\htdocs\php_milwa_trading\admin\controller\inventory\stock_adjustment.php on line 221
2022-06-29 9:33:59 - PHP Notice:  Undefined index: stock_adjustment_id in C:\xampp\htdocs\php_milwa_trading\admin\controller\inventory\stock_adjustment.php on line 222
2022-06-29 9:33:59 - PHP Notice:  Undefined index: stock_adjustment_id in C:\xampp\htdocs\php_milwa_trading\admin\controller\inventory\stock_adjustment.php on line 223
2022-06-29 9:33:59 - PHP Notice:  Undefined variable: href_gl_mapping_account in C:\xampp\htdocs\php_milwa_trading\admin\view\template\common\column_left.tpl on line 66
2022-06-29 9:33:59 - PHP Notice:  Undefined index: gl_mapping_account in C:\xampp\htdocs\php_milwa_trading\admin\view\template\common\column_left.tpl on line 66
2022-06-29 9:33:59 - PHP Notice:  Undefined variable: href_tool_dashboard in C:\xampp\htdocs\php_milwa_trading\admin\view\template\common\column_left.tpl on line 229
2022-06-29 9:33:59 - PHP Notice:  Undefined index: class in C:\xampp\htdocs\php_milwa_trading\admin\view\template\inventory\stock_adjustment_form.tpl on line 18
2022-06-29 9:33:59 - PHP Notice:  Undefined index: class in C:\xampp\htdocs\php_milwa_trading\admin\view\template\inventory\stock_adjustment_form.tpl on line 18
2022-06-29 9:33:59 - PHP Notice:  Undefined index: class in C:\xampp\htdocs\php_milwa_trading\admin\view\template\inventory\stock_adjustment_form.tpl on line 18
2022-06-29 9:33:59 - PHP Notice:  Undefined variable: is_post in C:\xampp\htdocs\php_milwa_trading\admin\view\template\inventory\stock_adjustment_form.tpl on line 49
2022-06-29 9:33:59 - PHP Notice:  Undefined variable: isEdit in C:\xampp\htdocs\php_milwa_trading\admin\view\template\inventory\stock_adjustment_form.tpl on line 49
2022-06-29 9:33:59 - PHP Notice:  Undefined variable: action in C:\xampp\htdocs\php_milwa_trading\admin\view\template\inventory\stock_adjustment_form.tpl on line 100
2022-06-29 9:33:59 - PHP Notice:  Undefined variable: document_type_id in C:\xampp\htdocs\php_milwa_trading\admin\view\template\inventory\stock_adjustment_form.tpl on line 101
2022-06-29 9:33:59 - PHP Notice:  Undefined variable: stock_adjustment_id in C:\xampp\htdocs\php_milwa_trading\admin\view\template\inventory\stock_adjustment_form.tpl on line 102
2022-06-29 9:33:59 - PHP Notice:  Undefined variable: document_identity in C:\xampp\htdocs\php_milwa_trading\admin\view\template\inventory\stock_adjustment_form.tpl on line 108
2022-06-29 9:33:59 - PHP Notice:  Undefined variable: warehouse_id in C:\xampp\htdocs\php_milwa_trading\admin\view\template\inventory\stock_adjustment_form.tpl on line 123
2022-06-29 9:33:59 - PHP Notice:  Undefined variable: remarks in C:\xampp\htdocs\php_milwa_trading\admin\view\template\inventory\stock_adjustment_form.tpl on line 160
2022-06-29 9:33:59 - PHP Notice:  Undefined variable: stock_adjustment_details in C:\xampp\htdocs\php_milwa_trading\admin\view\template\inventory\stock_adjustment_form.tpl on line 182
2022-06-29 9:33:59 - PHP Warning:  Invalid argument supplied for foreach() in C:\xampp\htdocs\php_milwa_trading\admin\view\template\inventory\stock_adjustment_form.tpl on line 182
2022-06-29 9:33:59 - PHP Notice:  Undefined variable: total_qty in C:\xampp\htdocs\php_milwa_trading\admin\view\template\inventory\stock_adjustment_form.tpl on line 233
2022-06-29 9:33:59 - PHP Notice:  Undefined variable: total_amount in C:\xampp\htdocs\php_milwa_trading\admin\view\template\inventory\stock_adjustment_form.tpl on line 239
2022-06-29 9:33:59 - PHP Notice:  Undefined variable: is_post in C:\xampp\htdocs\php_milwa_trading\admin\view\template\inventory\stock_adjustment_form.tpl on line 269
2022-06-29 9:33:59 - PHP Notice:  Undefined variable: isEdit in C:\xampp\htdocs\php_milwa_trading\admin\view\template\inventory\stock_adjustment_form.tpl on line 269
2022-06-29 9:33:59 - PHP Notice:  Undefined variable: column_right in C:\xampp\htdocs\php_milwa_trading\admin\view\template\inventory\stock_adjustment_form.tpl on line 325
2022-06-29 9:34:11 - PHP Notice:  Undefined index: branch_id in C:\xampp\htdocs\php_milwa_trading\admin\controller\common\function.php on line 119
2022-06-29 9:34:11 - PHP Notice:  Undefined index: rate in C:\xampp\htdocs\php_milwa_trading\admin\controller\common\function.php on line 130
2022-06-29 9:34:11 - PHP Notice:  Undefined index: rate in C:\xampp\htdocs\php_milwa_trading\admin\controller\common\function.php on line 134
2022-06-29 9:34:28 - PHP Warning:  mysqli::real_escape_string() expects parameter 1 to be string, array given in C:\xampp\htdocs\php_milwa_trading\system\database\dbmysqli.php on line 93
2022-06-29 9:34:28 - PHP Notice:  Undefined index: partner_type_id in C:\xampp\htdocs\php_milwa_trading\admin\controller\inventory\stock_adjustment.php on line 437
2022-06-29 9:34:28 - PHP Notice:  Undefined index: partner_id in C:\xampp\htdocs\php_milwa_trading\admin\controller\inventory\stock_adjustment.php on line 438
2022-06-29 9:34:28 - PHP Notice:  Undefined index: partner_type_id in C:\xampp\htdocs\php_milwa_trading\admin\controller\inventory\stock_adjustment.php on line 615
2022-06-29 9:34:28 - PHP Notice:  Undefined index: partner_id in C:\xampp\htdocs\php_milwa_trading\admin\controller\inventory\stock_adjustment.php on line 616
2022-06-29 9:34:29 - PHP Notice:  Undefined index: partner_type_id in C:\xampp\htdocs\php_milwa_trading\admin\controller\inventory\stock_adjustment.php on line 615
2022-06-29 9:34:29 - PHP Notice:  Undefined index: partner_id in C:\xampp\htdocs\php_milwa_trading\admin\controller\inventory\stock_adjustment.php on line 616
2022-06-29 9:34:29 - PHP Notice:  Undefined index: partner_type_id in C:\xampp\htdocs\php_milwa_trading\admin\controller\inventory\stock_adjustment.php on line 615
2022-06-29 9:34:29 - PHP Notice:  Undefined index: partner_id in C:\xampp\htdocs\php_milwa_trading\admin\controller\inventory\stock_adjustment.php on line 616
2022-06-29 9:34:29 - PHP Notice:  Undefined index: partner_type_id in C:\xampp\htdocs\php_milwa_trading\admin\controller\inventory\stock_adjustment.php on line 615
2022-06-29 9:34:29 - PHP Notice:  Undefined index: partner_id in C:\xampp\htdocs\php_milwa_trading\admin\controller\inventory\stock_adjustment.php on line 616
2022-06-29 9:34:30 - PHP Notice:  Undefined variable: href_gl_mapping_account in C:\xampp\htdocs\php_milwa_trading\admin\view\template\common\column_left.tpl on line 66
2022-06-29 9:34:30 - PHP Notice:  Undefined index: gl_mapping_account in C:\xampp\htdocs\php_milwa_trading\admin\view\template\common\column_left.tpl on line 66
2022-06-29 9:34:30 - PHP Notice:  Undefined variable: href_tool_dashboard in C:\xampp\htdocs\php_milwa_trading\admin\view\template\common\column_left.tpl on line 229
2022-06-29 9:34:30 - PHP Notice:  Undefined index: class in C:\xampp\htdocs\php_milwa_trading\admin\view\template\inventory\stock_adjustment_form.tpl on line 18
2022-06-29 9:34:30 - PHP Notice:  Undefined index: class in C:\xampp\htdocs\php_milwa_trading\admin\view\template\inventory\stock_adjustment_form.tpl on line 18
2022-06-29 9:34:30 - PHP Notice:  Undefined index: class in C:\xampp\htdocs\php_milwa_trading\admin\view\template\inventory\stock_adjustment_form.tpl on line 18
2022-06-29 9:34:30 - PHP Notice:  Undefined variable: action in C:\xampp\htdocs\php_milwa_trading\admin\view\template\inventory\stock_adjustment_form.tpl on line 100
2022-06-29 9:34:30 - PHP Notice:  Undefined variable: column_right in C:\xampp\htdocs\php_milwa_trading\admin\view\template\inventory\stock_adjustment_form.tpl on line 325
2022-06-29 9:34:36 - PHP Notice:  Undefined index: product_id in C:\xampp\htdocs\php_milwa_trading\admin\controller\report\stock.php on line 1118
2022-06-29 9:34:37 - PHP Notice:  Undefined index: brand_id in C:\xampp\htdocs\php_milwa_trading\admin\controller\report\stock.php on line 1126
2022-06-29 9:34:37 - PHP Notice:  Undefined index: brand in C:\xampp\htdocs\php_milwa_trading\admin\controller\report\stock.php on line 1139
2022-06-29 9:34:37 - PHP Notice:  Undefined index: container_no in C:\xampp\htdocs\php_milwa_trading\admin\controller\report\stock.php on line 1140
2022-06-29 9:34:37 - PHP Notice:  Undefined index: batch_no in C:\xampp\htdocs\php_milwa_trading\admin\controller\report\stock.php on line 1141
2022-06-29 9:34:37 - PHP Notice:  Undefined index: brand in C:\xampp\htdocs\php_milwa_trading\admin\controller\report\stock.php on line 1139
2022-06-29 9:34:37 - PHP Notice:  Undefined index: container_no in C:\xampp\htdocs\php_milwa_trading\admin\controller\report\stock.php on line 1140
2022-06-29 9:34:37 - PHP Notice:  Undefined index: batch_no in C:\xampp\htdocs\php_milwa_trading\admin\controller\report\stock.php on line 1141
2022-06-29 9:34:37 - PHP Notice:  Undefined index: brand in C:\xampp\htdocs\php_milwa_trading\admin\controller\report\stock.php on line 1139
2022-06-29 9:34:37 - PHP Notice:  Undefined index: container_no in C:\xampp\htdocs\php_milwa_trading\admin\controller\report\stock.php on line 1140
2022-06-29 9:34:37 - PHP Notice:  Undefined index: batch_no in C:\xampp\htdocs\php_milwa_trading\admin\controller\report\stock.php on line 1141
2022-06-29 9:34:37 - PHP Notice:  Undefined index: brand in C:\xampp\htdocs\php_milwa_trading\admin\controller\report\stock.php on line 1139
2022-06-29 9:34:37 - PHP Notice:  Undefined index: container_no in C:\xampp\htdocs\php_milwa_trading\admin\controller\report\stock.php on line 1140
2022-06-29 9:34:37 - PHP Notice:  Undefined index: batch_no in C:\xampp\htdocs\php_milwa_trading\admin\controller\report\stock.php on line 1141
2022-06-29 9:34:37 - PHP Notice:  Undefined index: brand in C:\xampp\htdocs\php_milwa_trading\admin\controller\report\stock.php on line 1139
2022-06-29 9:34:37 - PHP Notice:  Undefined index: container_no in C:\xampp\htdocs\php_milwa_trading\admin\controller\report\stock.php on line 1140
2022-06-29 9:34:37 - PHP Notice:  Undefined index: batch_no in C:\xampp\htdocs\php_milwa_trading\admin\controller\report\stock.php on line 1141
2022-06-29 9:34:37 - PHP Notice:  Undefined index: brand in C:\xampp\htdocs\php_milwa_trading\admin\controller\report\stock.php on line 1139
2022-06-29 9:34:37 - PHP Notice:  Undefined index: container_no in C:\xampp\htdocs\php_milwa_trading\admin\controller\report\stock.php on line 1140
2022-06-29 9:34:37 - PHP Notice:  Undefined index: batch_no in C:\xampp\htdocs\php_milwa_trading\admin\controller\report\stock.php on line 1141
2022-06-29 9:34:37 - PHP Notice:  Undefined index: brand in C:\xampp\htdocs\php_milwa_trading\admin\controller\report\stock.php on line 1139
2022-06-29 9:34:37 - PHP Notice:  Undefined index: container_no in C:\xampp\htdocs\php_milwa_trading\admin\controller\report\stock.php on line 1140
2022-06-29 9:34:37 - PHP Notice:  Undefined index: batch_no in C:\xampp\htdocs\php_milwa_trading\admin\controller\report\stock.php on line 1141
2022-06-29 9:34:37 - PHP Notice:  Undefined index: brand in C:\xampp\htdocs\php_milwa_trading\admin\controller\report\stock.php on line 1139
2022-06-29 9:34:37 - PHP Notice:  Undefined index: container_no in C:\xampp\htdocs\php_milwa_trading\admin\controller\report\stock.php on line 1140
2022-06-29 9:34:37 - PHP Notice:  Undefined index: batch_no in C:\xampp\htdocs\php_milwa_trading\admin\controller\report\stock.php on line 1141
2022-06-29 9:34:37 - PHP Notice:  Undefined index: brand in C:\xampp\htdocs\php_milwa_trading\admin\controller\report\stock.php on line 1139
2022-06-29 9:34:37 - PHP Notice:  Undefined index: container_no in C:\xampp\htdocs\php_milwa_trading\admin\controller\report\stock.php on line 1140
2022-06-29 9:34:37 - PHP Notice:  Undefined index: batch_no in C:\xampp\htdocs\php_milwa_trading\admin\controller\report\stock.php on line 1141
2022-06-29 9:34:37 - PHP Notice:  Undefined index: brand in C:\xampp\htdocs\php_milwa_trading\admin\controller\report\stock.php on line 1139
2022-06-29 9:34:37 - PHP Notice:  Undefined index: container_no in C:\xampp\htdocs\php_milwa_trading\admin\controller\report\stock.php on line 1140
2022-06-29 9:34:37 - PHP Notice:  Undefined index: batch_no in C:\xampp\htdocs\php_milwa_trading\admin\controller\report\stock.php on line 1141
2022-06-29 9:34:37 - PHP Notice:  Undefined index: brand in C:\xampp\htdocs\php_milwa_trading\admin\controller\report\stock.php on line 1139
2022-06-29 9:34:37 - PHP Notice:  Undefined index: container_no in C:\xampp\htdocs\php_milwa_trading\admin\controller\report\stock.php on line 1140
2022-06-29 9:34:37 - PHP Notice:  Undefined index: batch_no in C:\xampp\htdocs\php_milwa_trading\admin\controller\report\stock.php on line 1141
2022-06-29 9:34:37 - PHP Notice:  Undefined index: brand in C:\xampp\htdocs\php_milwa_trading\admin\controller\report\stock.php on line 1139
2022-06-29 9:34:37 - PHP Notice:  Undefined index: container_no in C:\xampp\htdocs\php_milwa_trading\admin\controller\report\stock.php on line 1140
2022-06-29 9:34:37 - PHP Notice:  Undefined index: batch_no in C:\xampp\htdocs\php_milwa_trading\admin\controller\report\stock.php on line 1141
2022-06-29 9:34:38 - PHP Notice:  Undefined index: brand in C:\xampp\htdocs\php_milwa_trading\admin\controller\report\stock.php on line 1139
2022-06-29 9:34:38 - PHP Notice:  Undefined index: container_no in C:\xampp\htdocs\php_milwa_trading\admin\controller\report\stock.php on line 1140
2022-06-29 9:34:38 - PHP Notice:  Undefined index: batch_no in C:\xampp\htdocs\php_milwa_trading\admin\controller\report\stock.php on line 1141
2022-06-29 9:34:38 - PHP Notice:  Undefined index: brand in C:\xampp\htdocs\php_milwa_trading\admin\controller\report\stock.php on line 1139
2022-06-29 9:34:38 - PHP Notice:  Undefined index: container_no in C:\xampp\htdocs\php_milwa_trading\admin\controller\report\stock.php on line 1140
2022-06-29 9:34:38 - PHP Notice:  Undefined index: batch_no in C:\xampp\htdocs\php_milwa_trading\admin\controller\report\stock.php on line 1141
2022-06-29 9:34:38 - PHP Notice:  Undefined index: brand in C:\xampp\htdocs\php_milwa_trading\admin\controller\report\stock.php on line 1139
2022-06-29 9:34:38 - PHP Notice:  Undefined index: container_no in C:\xampp\htdocs\php_milwa_trading\admin\controller\report\stock.php on line 1140
2022-06-29 9:34:38 - PHP Notice:  Undefined index: batch_no in C:\xampp\htdocs\php_milwa_trading\admin\controller\report\stock.php on line 1141
2022-06-29 9:34:38 - PHP Notice:  Undefined index: brand in C:\xampp\htdocs\php_milwa_trading\admin\controller\report\stock.php on line 1139
2022-06-29 9:34:38 - PHP Notice:  Undefined index: container_no in C:\xampp\htdocs\php_milwa_trading\admin\controller\report\stock.php on line 1140
2022-06-29 9:34:38 - PHP Notice:  Undefined index: batch_no in C:\xampp\htdocs\php_milwa_trading\admin\controller\report\stock.php on line 1141
2022-06-29 9:34:38 - PHP Notice:  Undefined index: brand in C:\xampp\htdocs\php_milwa_trading\admin\controller\report\stock.php on line 1139
2022-06-29 9:34:38 - PHP Notice:  Undefined index: container_no in C:\xampp\htdocs\php_milwa_trading\admin\controller\report\stock.php on line 1140
2022-06-29 9:34:38 - PHP Notice:  Undefined index: batch_no in C:\xampp\htdocs\php_milwa_trading\admin\controller\report\stock.php on line 1141
2022-06-29 9:34:38 - PHP Notice:  Undefined index: brand in C:\xampp\htdocs\php_milwa_trading\admin\controller\report\stock.php on line 1139
2022-06-29 9:34:38 - PHP Notice:  Undefined index: container_no in C:\xampp\htdocs\php_milwa_trading\admin\controller\report\stock.php on line 1140
2022-06-29 9:34:38 - PHP Notice:  Undefined index: batch_no in C:\xampp\htdocs\php_milwa_trading\admin\controller\report\stock.php on line 1141
2022-06-29 9:34:38 - PHP Notice:  Undefined index: brand in C:\xampp\htdocs\php_milwa_trading\admin\controller\report\stock.php on line 1139
2022-06-29 9:34:38 - PHP Notice:  Undefined index: container_no in C:\xampp\htdocs\php_milwa_trading\admin\controller\report\stock.php on line 1140
2022-06-29 9:34:38 - PHP Notice:  Undefined index: batch_no in C:\xampp\htdocs\php_milwa_trading\admin\controller\report\stock.php on line 1141
2022-06-29 9:34:38 - PHP Notice:  Undefined index: brand in C:\xampp\htdocs\php_milwa_trading\admin\controller\report\stock.php on line 1139
2022-06-29 9:34:38 - PHP Notice:  Undefined index: container_no in C:\xampp\htdocs\php_milwa_trading\admin\controller\report\stock.php on line 1140
2022-06-29 9:34:38 - PHP Notice:  Undefined index: batch_no in C:\xampp\htdocs\php_milwa_trading\admin\controller\report\stock.php on line 1141
2022-06-29 9:34:38 - PHP Notice:  Undefined index: brand in C:\xampp\htdocs\php_milwa_trading\admin\controller\report\stock.php on line 1139
2022-06-29 9:34:38 - PHP Notice:  Undefined index: container_no in C:\xampp\htdocs\php_milwa_trading\admin\controller\report\stock.php on line 1140
2022-06-29 9:34:38 - PHP Notice:  Undefined index: batch_no in C:\xampp\htdocs\php_milwa_trading\admin\controller\report\stock.php on line 1141
2022-06-29 9:34:38 - PHP Notice:  Undefined index: brand in C:\xampp\htdocs\php_milwa_trading\admin\controller\report\stock.php on line 1139
2022-06-29 9:34:38 - PHP Notice:  Undefined index: container_no in C:\xampp\htdocs\php_milwa_trading\admin\controller\report\stock.php on line 1140
2022-06-29 9:34:38 - PHP Notice:  Undefined index: batch_no in C:\xampp\htdocs\php_milwa_trading\admin\controller\report\stock.php on line 1141
2022-06-29 9:34:38 - PHP Notice:  Undefined index: brand in C:\xampp\htdocs\php_milwa_trading\admin\controller\report\stock.php on line 1139
2022-06-29 9:34:38 - PHP Notice:  Undefined index: container_no in C:\xampp\htdocs\php_milwa_trading\admin\controller\report\stock.php on line 1140
2022-06-29 9:34:38 - PHP Notice:  Undefined index: batch_no in C:\xampp\htdocs\php_milwa_trading\admin\controller\report\stock.php on line 1141
2022-06-29 9:34:38 - PHP Notice:  Undefined index: brand in C:\xampp\htdocs\php_milwa_trading\admin\controller\report\stock.php on line 1139
2022-06-29 9:34:38 - PHP Notice:  Undefined index: container_no in C:\xampp\htdocs\php_milwa_trading\admin\controller\report\stock.php on line 1140
2022-06-29 9:34:38 - PHP Notice:  Undefined index: batch_no in C:\xampp\htdocs\php_milwa_trading\admin\controller\report\stock.php on line 1141
2022-06-29 9:34:39 - PHP Notice:  Undefined index: brand in C:\xampp\htdocs\php_milwa_trading\admin\controller\report\stock.php on line 1139
2022-06-29 9:34:39 - PHP Notice:  Undefined index: container_no in C:\xampp\htdocs\php_milwa_trading\admin\controller\report\stock.php on line 1140
2022-06-29 9:34:39 - PHP Notice:  Undefined index: batch_no in C:\xampp\htdocs\php_milwa_trading\admin\controller\report\stock.php on line 1141
2022-06-29 9:34:39 - PHP Notice:  Undefined index: brand in C:\xampp\htdocs\php_milwa_trading\admin\controller\report\stock.php on line 1139
2022-06-29 9:34:39 - PHP Notice:  Undefined index: container_no in C:\xampp\htdocs\php_milwa_trading\admin\controller\report\stock.php on line 1140
2022-06-29 9:34:39 - PHP Notice:  Undefined index: batch_no in C:\xampp\htdocs\php_milwa_trading\admin\controller\report\stock.php on line 1141
2022-06-29 9:34:39 - PHP Notice:  Undefined index: brand in C:\xampp\htdocs\php_milwa_trading\admin\controller\report\stock.php on line 1139
2022-06-29 9:34:39 - PHP Notice:  Undefined index: container_no in C:\xampp\htdocs\php_milwa_trading\admin\controller\report\stock.php on line 1140
2022-06-29 9:34:39 - PHP Notice:  Undefined index: batch_no in C:\xampp\htdocs\php_milwa_trading\admin\controller\report\stock.php on line 1141
2022-06-29 9:34:39 - PHP Notice:  Undefined index: brand in C:\xampp\htdocs\php_milwa_trading\admin\controller\report\stock.php on line 1139
2022-06-29 9:34:39 - PHP Notice:  Undefined index: container_no in C:\xampp\htdocs\php_milwa_trading\admin\controller\report\stock.php on line 1140
2022-06-29 9:34:39 - PHP Notice:  Undefined index: batch_no in C:\xampp\htdocs\php_milwa_trading\admin\controller\report\stock.php on line 1141
2022-06-29 9:34:39 - PHP Notice:  Undefined index: brand in C:\xampp\htdocs\php_milwa_trading\admin\controller\report\stock.php on line 1139
2022-06-29 9:34:39 - PHP Notice:  Undefined index: container_no in C:\xampp\htdocs\php_milwa_trading\admin\controller\report\stock.php on line 1140
2022-06-29 9:34:39 - PHP Notice:  Undefined index: batch_no in C:\xampp\htdocs\php_milwa_trading\admin\controller\report\stock.php on line 1141
2022-06-29 9:34:39 - PHP Notice:  Undefined index: brand in C:\xampp\htdocs\php_milwa_trading\admin\controller\report\stock.php on line 1139
2022-06-29 9:34:39 - PHP Notice:  Undefined index: container_no in C:\xampp\htdocs\php_milwa_trading\admin\controller\report\stock.php on line 1140
2022-06-29 9:34:39 - PHP Notice:  Undefined index: batch_no in C:\xampp\htdocs\php_milwa_trading\admin\controller\report\stock.php on line 1141
2022-06-29 9:34:39 - PHP Notice:  Undefined index: brand in C:\xampp\htdocs\php_milwa_trading\admin\controller\report\stock.php on line 1139
2022-06-29 9:34:39 - PHP Notice:  Undefined index: container_no in C:\xampp\htdocs\php_milwa_trading\admin\controller\report\stock.php on line 1140
2022-06-29 9:34:39 - PHP Notice:  Undefined index: batch_no in C:\xampp\htdocs\php_milwa_trading\admin\controller\report\stock.php on line 1141
2022-06-29 9:34:39 - PHP Notice:  Undefined index: brand in C:\xampp\htdocs\php_milwa_trading\admin\controller\report\stock.php on line 1139
2022-06-29 9:34:39 - PHP Notice:  Undefined index: container_no in C:\xampp\htdocs\php_milwa_trading\admin\controller\report\stock.php on line 1140
2022-06-29 9:34:39 - PHP Notice:  Undefined index: batch_no in C:\xampp\htdocs\php_milwa_trading\admin\controller\report\stock.php on line 1141
2022-06-29 9:34:39 - PHP Notice:  Undefined index: brand in C:\xampp\htdocs\php_milwa_trading\admin\controller\report\stock.php on line 1139
2022-06-29 9:34:39 - PHP Notice:  Undefined index: container_no in C:\xampp\htdocs\php_milwa_trading\admin\controller\report\stock.php on line 1140
2022-06-29 9:34:39 - PHP Notice:  Undefined index: batch_no in C:\xampp\htdocs\php_milwa_trading\admin\controller\report\stock.php on line 1141
2022-06-29 9:34:39 - PHP Notice:  Undefined index: brand in C:\xampp\htdocs\php_milwa_trading\admin\controller\report\stock.php on line 1139
2022-06-29 9:34:39 - PHP Notice:  Undefined index: container_no in C:\xampp\htdocs\php_milwa_trading\admin\controller\report\stock.php on line 1140
2022-06-29 9:34:39 - PHP Notice:  Undefined index: batch_no in C:\xampp\htdocs\php_milwa_trading\admin\controller\report\stock.php on line 1141
2022-06-29 9:34:39 - PHP Notice:  Undefined index: brand in C:\xampp\htdocs\php_milwa_trading\admin\controller\report\stock.php on line 1139
2022-06-29 9:34:39 - PHP Notice:  Undefined index: container_no in C:\xampp\htdocs\php_milwa_trading\admin\controller\report\stock.php on line 1140
2022-06-29 9:34:39 - PHP Notice:  Undefined index: batch_no in C:\xampp\htdocs\php_milwa_trading\admin\controller\report\stock.php on line 1141
2022-06-29 9:34:39 - PHP Notice:  Undefined index: brand in C:\xampp\htdocs\php_milwa_trading\admin\controller\report\stock.php on line 1139
2022-06-29 9:34:39 - PHP Notice:  Undefined index: container_no in C:\xampp\htdocs\php_milwa_trading\admin\controller\report\stock.php on line 1140
2022-06-29 9:34:39 - PHP Notice:  Undefined index: batch_no in C:\xampp\htdocs\php_milwa_trading\admin\controller\report\stock.php on line 1141
2022-06-29 9:34:39 - PHP Notice:  Undefined index: brand in C:\xampp\htdocs\php_milwa_trading\admin\controller\report\stock.php on line 1139
2022-06-29 9:34:39 - PHP Notice:  Undefined index: container_no in C:\xampp\htdocs\php_milwa_trading\admin\controller\report\stock.php on line 1140
2022-06-29 9:34:39 - PHP Notice:  Undefined index: batch_no in C:\xampp\htdocs\php_milwa_trading\admin\controller\report\stock.php on line 1141
2022-06-29 9:34:39 - PHP Notice:  Undefined index: brand in C:\xampp\htdocs\php_milwa_trading\admin\controller\report\stock.php on line 1139
2022-06-29 9:34:39 - PHP Notice:  Undefined index: container_no in C:\xampp\htdocs\php_milwa_trading\admin\controller\report\stock.php on line 1140
2022-06-29 9:34:39 - PHP Notice:  Undefined index: batch_no in C:\xampp\htdocs\php_milwa_trading\admin\controller\report\stock.php on line 1141
2022-06-29 9:34:39 - PHP Notice:  Undefined index: brand in C:\xampp\htdocs\php_milwa_trading\admin\controller\report\stock.php on line 1139
2022-06-29 9:34:39 - PHP Notice:  Undefined index: container_no in C:\xampp\htdocs\php_milwa_trading\admin\controller\report\stock.php on line 1140
2022-06-29 9:34:39 - PHP Notice:  Undefined index: batch_no in C:\xampp\htdocs\php_milwa_trading\admin\controller\report\stock.php on line 1141
2022-06-29 9:34:39 - PHP Notice:  Undefined index: brand in C:\xampp\htdocs\php_milwa_trading\admin\controller\report\stock.php on line 1139
2022-06-29 9:34:39 - PHP Notice:  Undefined index: container_no in C:\xampp\htdocs\php_milwa_trading\admin\controller\report\stock.php on line 1140
2022-06-29 9:34:39 - PHP Notice:  Undefined index: batch_no in C:\xampp\htdocs\php_milwa_trading\admin\controller\report\stock.php on line 1141
2022-06-29 9:34:39 - PHP Notice:  Undefined index: brand in C:\xampp\htdocs\php_milwa_trading\admin\controller\report\stock.php on line 1139
2022-06-29 9:34:39 - PHP Notice:  Undefined index: container_no in C:\xampp\htdocs\php_milwa_trading\admin\controller\report\stock.php on line 1140
2022-06-29 9:34:39 - PHP Notice:  Undefined index: batch_no in C:\xampp\htdocs\php_milwa_trading\admin\controller\report\stock.php on line 1141
2022-06-29 9:34:39 - PHP Notice:  Undefined index: brand in C:\xampp\htdocs\php_milwa_trading\admin\controller\report\stock.php on line 1139
2022-06-29 9:34:39 - PHP Notice:  Undefined index: container_no in C:\xampp\htdocs\php_milwa_trading\admin\controller\report\stock.php on line 1140
2022-06-29 9:34:39 - PHP Notice:  Undefined index: batch_no in C:\xampp\htdocs\php_milwa_trading\admin\controller\report\stock.php on line 1141
2022-06-29 9:34:39 - PHP Notice:  Undefined index: brand in C:\xampp\htdocs\php_milwa_trading\admin\controller\report\stock.php on line 1139
2022-06-29 9:34:39 - PHP Notice:  Undefined index: container_no in C:\xampp\htdocs\php_milwa_trading\admin\controller\report\stock.php on line 1140
2022-06-29 9:34:39 - PHP Notice:  Undefined index: batch_no in C:\xampp\htdocs\php_milwa_trading\admin\controller\report\stock.php on line 1141
2022-06-29 9:34:39 - PHP Notice:  Undefined index: brand in C:\xampp\htdocs\php_milwa_trading\admin\controller\report\stock.php on line 1139
2022-06-29 9:34:39 - PHP Notice:  Undefined index: container_no in C:\xampp\htdocs\php_milwa_trading\admin\controller\report\stock.php on line 1140
2022-06-29 9:34:40 - PHP Notice:  Undefined index: batch_no in C:\xampp\htdocs\php_milwa_trading\admin\controller\report\stock.php on line 1141
2022-06-29 9:34:40 - PHP Notice:  Undefined index: brand in C:\xampp\htdocs\php_milwa_trading\admin\controller\report\stock.php on line 1139
2022-06-29 9:34:40 - PHP Notice:  Undefined index: container_no in C:\xampp\htdocs\php_milwa_trading\admin\controller\report\stock.php on line 1140
2022-06-29 9:34:40 - PHP Notice:  Undefined index: batch_no in C:\xampp\htdocs\php_milwa_trading\admin\controller\report\stock.php on line 1141
2022-06-29 9:34:40 - PHP Notice:  Undefined index: output in C:\xampp\htdocs\php_milwa_trading\admin\controller\report\stock.php on line 1166
2022-06-29 9:34:40 - PHP Notice:  Undefined index: brand_id in C:\xampp\htdocs\php_milwa_trading\admin\controller\report\stock.php on line 1339
2022-06-29 9:34:40 - PHP Notice:  Undefined index: name in C:\xampp\htdocs\php_milwa_trading\admin\controller\report\stock.php on line 1348
2022-06-29 9:34:40 - PHP Notice:  Undefined index: name in C:\xampp\htdocs\php_milwa_trading\admin\controller\report\stock.php on line 1349
2022-06-29 9:34:40 - PHP Notice:  Undefined index: name in C:\xampp\htdocs\php_milwa_trading\admin\controller\report\stock.php on line 1350
2022-06-29 9:34:40 - PHP Warning:  Division by zero in C:\xampp\htdocs\php_milwa_trading\admin\controller\report\stock.php on line 1381
2022-06-29 9:34:40 - PHP Warning:  Division by zero in C:\xampp\htdocs\php_milwa_trading\admin\controller\report\stock.php on line 1381
2022-06-29 9:34:40 - PHP Warning:  Division by zero in C:\xampp\htdocs\php_milwa_trading\admin\controller\report\stock.php on line 1381
2022-06-29 9:34:40 - PHP Warning:  Division by zero in C:\xampp\htdocs\php_milwa_trading\admin\controller\report\stock.php on line 1381
