2023-01-12 11:55:15 - PHP Notice:  Undefined index: db_name in C:\xampp\htdocs\php_milwa_trading\system\engine\hmodel.php on line 12
2023-01-12 11:55:15 - PHP Warning:  Invalid argument supplied for foreach() in C:\xampp\htdocs\php_milwa_trading\admin\view\template\common\preset.tpl on line 52
2023-01-12 11:55:17 - PHP Notice:  Undefined index: db_name in C:\xampp\htdocs\php_milwa_trading\system\engine\hmodel.php on line 12
2023-01-12 11:55:17 - PHP Notice:  Undefined index: case_id in C:\xampp\htdocs\php_milwa_trading\admin\controller\common\home.php on line 55
2023-01-12 11:55:17 - PHP Notice:  Undefined index: case_id in C:\xampp\htdocs\php_milwa_trading\admin\controller\common\home.php on line 56
2023-01-12 11:55:18 - PHP Notice:  Undefined variable: href_gl_mapping_account in C:\xampp\htdocs\php_milwa_trading\admin\view\template\common\column_left.tpl on line 68
2023-01-12 11:55:18 - PHP Notice:  Undefined index: gl_mapping_account in C:\xampp\htdocs\php_milwa_trading\admin\view\template\common\column_left.tpl on line 68
2023-01-12 11:55:18 - PHP Notice:  Undefined variable: href_tool_dashboard in C:\xampp\htdocs\php_milwa_trading\admin\view\template\common\column_left.tpl on line 231
2023-01-12 11:55:18 - PHP Notice:  Undefined variable: bank_receipts in C:\xampp\htdocs\php_milwa_trading\admin\view\template\common\home.tpl on line 258
2023-01-12 11:55:18 - PHP Warning:  Invalid argument supplied for foreach() in C:\xampp\htdocs\php_milwa_trading\admin\view\template\common\home.tpl on line 258
2023-01-12 11:55:23 - PHP Warning:  Declaration of ControllerInventoryDeliveryChallan::validateDelete($primary_key) should be compatible with HController::validateDelete($id = '') in C:\xampp\htdocs\php_milwa_trading\admin\controller\inventory\delivery_challan.php on line 1090
2023-01-12 11:55:23 - PHP Notice:  Undefined variable: href_gl_mapping_account in C:\xampp\htdocs\php_milwa_trading\admin\view\template\common\column_left.tpl on line 68
2023-01-12 11:55:23 - PHP Notice:  Undefined index: gl_mapping_account in C:\xampp\htdocs\php_milwa_trading\admin\view\template\common\column_left.tpl on line 68
2023-01-12 11:55:23 - PHP Notice:  Undefined variable: href_tool_dashboard in C:\xampp\htdocs\php_milwa_trading\admin\view\template\common\column_left.tpl on line 231
2023-01-12 11:55:23 - PHP Notice:  Undefined index: class in C:\xampp\htdocs\php_milwa_trading\admin\view\template\inventory\delivery_challan_list.tpl on line 19
2023-01-12 11:55:23 - PHP Notice:  Undefined index: class in C:\xampp\htdocs\php_milwa_trading\admin\view\template\inventory\delivery_challan_list.tpl on line 19
2023-01-12 11:55:23 - PHP Notice:  Undefined index: class in C:\xampp\htdocs\php_milwa_trading\admin\view\template\inventory\delivery_challan_list.tpl on line 19
2023-01-12 11:55:23 - PHP Notice:  Undefined variable: column_right in C:\xampp\htdocs\php_milwa_trading\admin\view\template\inventory\delivery_challan_list.tpl on line 79
2023-01-12 11:55:23 - PHP Warning:  Declaration of ControllerInventoryDeliveryChallan::validateDelete($primary_key) should be compatible with HController::validateDelete($id = '') in C:\xampp\htdocs\php_milwa_trading\admin\controller\inventory\delivery_challan.php on line 1090
2023-01-12 11:55:23 - PHP Notice:  Undefined index: is_post in C:\xampp\htdocs\php_milwa_trading\admin\controller\inventory\delivery_challan.php on line 126
2023-01-12 11:55:23 - PHP Notice:  Undefined index: is_post in C:\xampp\htdocs\php_milwa_trading\admin\controller\inventory\delivery_challan.php on line 126
2023-01-12 11:55:23 - PHP Notice:  Undefined index: is_post in C:\xampp\htdocs\php_milwa_trading\admin\controller\inventory\delivery_challan.php on line 126
2023-01-12 11:55:23 - PHP Notice:  Undefined index: return_qty in C:\xampp\htdocs\php_milwa_trading\admin\controller\inventory\delivery_challan.php on line 174
2023-01-12 11:55:23 - PHP Notice:  Undefined index: is_post in C:\xampp\htdocs\php_milwa_trading\admin\controller\inventory\delivery_challan.php on line 126
2023-01-12 11:55:23 - PHP Notice:  Undefined index: return_qty in C:\xampp\htdocs\php_milwa_trading\admin\controller\inventory\delivery_challan.php on line 174
2023-01-12 11:55:23 - PHP Notice:  Undefined index: is_post in C:\xampp\htdocs\php_milwa_trading\admin\controller\inventory\delivery_challan.php on line 126
2023-01-12 11:55:23 - PHP Notice:  Undefined index: return_qty in C:\xampp\htdocs\php_milwa_trading\admin\controller\inventory\delivery_challan.php on line 174
2023-01-12 11:55:23 - PHP Notice:  Undefined index: is_post in C:\xampp\htdocs\php_milwa_trading\admin\controller\inventory\delivery_challan.php on line 126
2023-01-12 11:55:23 - PHP Notice:  Undefined index: return_qty in C:\xampp\htdocs\php_milwa_trading\admin\controller\inventory\delivery_challan.php on line 174
2023-01-12 11:55:23 - PHP Notice:  Undefined index: is_post in C:\xampp\htdocs\php_milwa_trading\admin\controller\inventory\delivery_challan.php on line 126
2023-01-12 11:55:23 - PHP Notice:  Undefined index: return_qty in C:\xampp\htdocs\php_milwa_trading\admin\controller\inventory\delivery_challan.php on line 174
2023-01-12 11:55:23 - PHP Notice:  Undefined index: is_post in C:\xampp\htdocs\php_milwa_trading\admin\controller\inventory\delivery_challan.php on line 126
2023-01-12 11:55:23 - PHP Notice:  Undefined index: return_qty in C:\xampp\htdocs\php_milwa_trading\admin\controller\inventory\delivery_challan.php on line 174
2023-01-12 11:55:23 - PHP Notice:  Undefined index: is_post in C:\xampp\htdocs\php_milwa_trading\admin\controller\inventory\delivery_challan.php on line 126
2023-01-12 11:55:23 - PHP Notice:  Undefined index: return_qty in C:\xampp\htdocs\php_milwa_trading\admin\controller\inventory\delivery_challan.php on line 174
2023-01-12 11:55:23 - PHP Notice:  Undefined index: is_post in C:\xampp\htdocs\php_milwa_trading\admin\controller\inventory\delivery_challan.php on line 126
2023-01-12 11:55:23 - PHP Notice:  Undefined index: return_qty in C:\xampp\htdocs\php_milwa_trading\admin\controller\inventory\delivery_challan.php on line 174
2023-01-12 11:55:23 - PHP Notice:  Undefined index: is_post in C:\xampp\htdocs\php_milwa_trading\admin\controller\inventory\delivery_challan.php on line 126
2023-01-12 11:55:23 - PHP Notice:  Undefined index: return_qty in C:\xampp\htdocs\php_milwa_trading\admin\controller\inventory\delivery_challan.php on line 174
2023-01-12 11:55:23 - PHP Notice:  Undefined index: is_post in C:\xampp\htdocs\php_milwa_trading\admin\controller\inventory\delivery_challan.php on line 126
2023-01-12 11:55:23 - PHP Notice:  Undefined index: return_qty in C:\xampp\htdocs\php_milwa_trading\admin\controller\inventory\delivery_challan.php on line 174
2023-01-12 11:55:23 - PHP Notice:  Undefined index: is_post in C:\xampp\htdocs\php_milwa_trading\admin\controller\inventory\delivery_challan.php on line 126
2023-01-12 11:55:23 - PHP Notice:  Undefined index: return_qty in C:\xampp\htdocs\php_milwa_trading\admin\controller\inventory\delivery_challan.php on line 174
2023-01-12 11:55:23 - PHP Notice:  Undefined index: is_post in C:\xampp\htdocs\php_milwa_trading\admin\controller\inventory\delivery_challan.php on line 126
2023-01-12 11:55:23 - PHP Notice:  Undefined index: return_qty in C:\xampp\htdocs\php_milwa_trading\admin\controller\inventory\delivery_challan.php on line 174
2023-01-12 11:55:24 - PHP Notice:  Undefined index: is_post in C:\xampp\htdocs\php_milwa_trading\admin\controller\inventory\delivery_challan.php on line 126
2023-01-12 11:55:24 - PHP Notice:  Undefined index: return_qty in C:\xampp\htdocs\php_milwa_trading\admin\controller\inventory\delivery_challan.php on line 174
2023-01-12 11:55:24 - PHP Notice:  Undefined index: is_post in C:\xampp\htdocs\php_milwa_trading\admin\controller\inventory\delivery_challan.php on line 126
2023-01-12 11:55:24 - PHP Notice:  Undefined index: is_post in C:\xampp\htdocs\php_milwa_trading\admin\controller\inventory\delivery_challan.php on line 126
2023-01-12 11:55:24 - PHP Notice:  Undefined variable: href_gl_mapping_account in C:\xampp\htdocs\php_milwa_trading\admin\view\template\common\column_left.tpl on line 68
2023-01-12 11:55:24 - PHP Notice:  Undefined index: gl_mapping_account in C:\xampp\htdocs\php_milwa_trading\admin\view\template\common\column_left.tpl on line 68
2023-01-12 11:55:24 - PHP Notice:  Undefined variable: href_tool_dashboard in C:\xampp\htdocs\php_milwa_trading\admin\view\template\common\column_left.tpl on line 231
2023-01-12 11:55:24 - PHP Notice:  Undefined index: class in C:\xampp\htdocs\php_milwa_trading\admin\view\template\inventory\sale_tax_invoice_list.tpl on line 19
2023-01-12 11:55:24 - PHP Notice:  Undefined index: class in C:\xampp\htdocs\php_milwa_trading\admin\view\template\inventory\sale_tax_invoice_list.tpl on line 19
2023-01-12 11:55:24 - PHP Notice:  Undefined index: class in C:\xampp\htdocs\php_milwa_trading\admin\view\template\inventory\sale_tax_invoice_list.tpl on line 19
2023-01-12 11:55:24 - PHP Notice:  Undefined variable: column_right in C:\xampp\htdocs\php_milwa_trading\admin\view\template\inventory\sale_tax_invoice_list.tpl on line 79
2023-01-12 11:55:29 - PHP Warning:  Declaration of ControllerInventoryDeliveryChallan::validateDelete($primary_key) should be compatible with HController::validateDelete($id = '') in C:\xampp\htdocs\php_milwa_trading\admin\controller\inventory\delivery_challan.php on line 1090
2023-01-12 11:55:29 - PHP Notice:  Undefined index: ref_document_id in C:\xampp\htdocs\php_milwa_trading\admin\controller\inventory\delivery_challan.php on line 284
2023-01-12 11:55:29 - PHP Notice:  Undefined index: restrict_out_of_stock in C:\xampp\htdocs\php_milwa_trading\admin\controller\inventory\delivery_challan.php on line 290
2023-01-12 11:55:29 - PHP Notice:  Undefined variable: href_gl_mapping_account in C:\xampp\htdocs\php_milwa_trading\admin\view\template\common\column_left.tpl on line 68
2023-01-12 11:55:29 - PHP Notice:  Undefined index: gl_mapping_account in C:\xampp\htdocs\php_milwa_trading\admin\view\template\common\column_left.tpl on line 68
2023-01-12 11:55:29 - PHP Notice:  Undefined variable: href_tool_dashboard in C:\xampp\htdocs\php_milwa_trading\admin\view\template\common\column_left.tpl on line 231
2023-01-12 11:55:30 - PHP Notice:  Undefined index: class in C:\xampp\htdocs\php_milwa_trading\admin\view\template\inventory\delivery_challan_form.tpl on line 18
2023-01-12 11:55:30 - PHP Notice:  Undefined index: class in C:\xampp\htdocs\php_milwa_trading\admin\view\template\inventory\delivery_challan_form.tpl on line 18
2023-01-12 11:55:30 - PHP Notice:  Undefined index: class in C:\xampp\htdocs\php_milwa_trading\admin\view\template\inventory\delivery_challan_form.tpl on line 18
2023-01-12 11:55:30 - PHP Notice:  Undefined variable: action in C:\xampp\htdocs\php_milwa_trading\admin\view\template\inventory\delivery_challan_form.tpl on line 84
2023-01-12 11:55:30 - PHP Notice:  Undefined variable: partner_types in C:\xampp\htdocs\php_milwa_trading\admin\view\template\inventory\delivery_challan_form.tpl on line 125
2023-01-12 11:55:30 - PHP Warning:  Invalid argument supplied for foreach() in C:\xampp\htdocs\php_milwa_trading\admin\view\template\inventory\delivery_challan_form.tpl on line 125
2023-01-12 11:55:30 - PHP Notice:  Undefined variable: customers in C:\xampp\htdocs\php_milwa_trading\admin\view\template\inventory\delivery_challan_form.tpl on line 172
2023-01-12 11:55:30 - PHP Warning:  Invalid argument supplied for foreach() in C:\xampp\htdocs\php_milwa_trading\admin\view\template\inventory\delivery_challan_form.tpl on line 172
2023-01-12 11:55:30 - PHP Notice:  Undefined variable: ref_documents in C:\xampp\htdocs\php_milwa_trading\admin\view\template\inventory\delivery_challan_form.tpl on line 193
2023-01-12 11:55:30 - PHP Warning:  Invalid argument supplied for foreach() in C:\xampp\htdocs\php_milwa_trading\admin\view\template\inventory\delivery_challan_form.tpl on line 193
2023-01-12 11:55:30 - PHP Notice:  Undefined variable: last_rate in C:\xampp\htdocs\php_milwa_trading\admin\view\template\inventory\delivery_challan_form.tpl on line 234
2023-01-12 11:55:30 - PHP Notice:  Undefined index: ref_document_id in C:\xampp\htdocs\php_milwa_trading\admin\view\template\inventory\delivery_challan_form.tpl on line 278
2023-01-12 11:55:30 - PHP Notice:  Undefined variable: ref_document_id in C:\xampp\htdocs\php_milwa_trading\admin\view\template\inventory\delivery_challan_form.tpl on line 425
2023-01-12 11:55:30 - PHP Notice:  Undefined variable: column_right in C:\xampp\htdocs\php_milwa_trading\admin\view\template\inventory\delivery_challan_form.tpl on line 531
2023-01-12 11:55:38 - PHP Warning:  Declaration of ControllerInventoryDeliveryChallan::validateDelete($primary_key) should be compatible with HController::validateDelete($id = '') in C:\xampp\htdocs\php_milwa_trading\admin\controller\inventory\delivery_challan.php on line 1090
2023-01-12 11:55:38 - PHP Notice:  Undefined variable: href_gl_mapping_account in C:\xampp\htdocs\php_milwa_trading\admin\view\template\common\column_left.tpl on line 68
2023-01-12 11:55:38 - PHP Notice:  Undefined index: gl_mapping_account in C:\xampp\htdocs\php_milwa_trading\admin\view\template\common\column_left.tpl on line 68
2023-01-12 11:55:38 - PHP Notice:  Undefined variable: href_tool_dashboard in C:\xampp\htdocs\php_milwa_trading\admin\view\template\common\column_left.tpl on line 231
2023-01-12 11:55:38 - PHP Notice:  Undefined index: class in C:\xampp\htdocs\php_milwa_trading\admin\view\template\inventory\delivery_challan_list.tpl on line 19
2023-01-12 11:55:38 - PHP Notice:  Undefined index: class in C:\xampp\htdocs\php_milwa_trading\admin\view\template\inventory\delivery_challan_list.tpl on line 19
2023-01-12 11:55:38 - PHP Notice:  Undefined index: class in C:\xampp\htdocs\php_milwa_trading\admin\view\template\inventory\delivery_challan_list.tpl on line 19
2023-01-12 11:55:38 - PHP Notice:  Undefined variable: column_right in C:\xampp\htdocs\php_milwa_trading\admin\view\template\inventory\delivery_challan_list.tpl on line 79
2023-01-12 11:55:38 - PHP Warning:  Declaration of ControllerInventoryDeliveryChallan::validateDelete($primary_key) should be compatible with HController::validateDelete($id = '') in C:\xampp\htdocs\php_milwa_trading\admin\controller\inventory\delivery_challan.php on line 1090
2023-01-12 11:55:39 - PHP Notice:  Undefined index: is_post in C:\xampp\htdocs\php_milwa_trading\admin\controller\inventory\delivery_challan.php on line 126
2023-01-12 11:55:39 - PHP Notice:  Undefined index: is_post in C:\xampp\htdocs\php_milwa_trading\admin\controller\inventory\delivery_challan.php on line 126
2023-01-12 11:55:39 - PHP Notice:  Undefined index: is_post in C:\xampp\htdocs\php_milwa_trading\admin\controller\inventory\delivery_challan.php on line 126
2023-01-12 11:55:39 - PHP Notice:  Undefined index: return_qty in C:\xampp\htdocs\php_milwa_trading\admin\controller\inventory\delivery_challan.php on line 174
2023-01-12 11:55:39 - PHP Notice:  Undefined index: is_post in C:\xampp\htdocs\php_milwa_trading\admin\controller\inventory\delivery_challan.php on line 126
2023-01-12 11:55:39 - PHP Notice:  Undefined index: return_qty in C:\xampp\htdocs\php_milwa_trading\admin\controller\inventory\delivery_challan.php on line 174
2023-01-12 11:55:39 - PHP Notice:  Undefined index: is_post in C:\xampp\htdocs\php_milwa_trading\admin\controller\inventory\delivery_challan.php on line 126
2023-01-12 11:55:39 - PHP Notice:  Undefined index: return_qty in C:\xampp\htdocs\php_milwa_trading\admin\controller\inventory\delivery_challan.php on line 174
2023-01-12 11:55:39 - PHP Notice:  Undefined index: is_post in C:\xampp\htdocs\php_milwa_trading\admin\controller\inventory\delivery_challan.php on line 126
2023-01-12 11:55:39 - PHP Notice:  Undefined index: return_qty in C:\xampp\htdocs\php_milwa_trading\admin\controller\inventory\delivery_challan.php on line 174
2023-01-12 11:55:39 - PHP Notice:  Undefined index: is_post in C:\xampp\htdocs\php_milwa_trading\admin\controller\inventory\delivery_challan.php on line 126
2023-01-12 11:55:39 - PHP Notice:  Undefined index: return_qty in C:\xampp\htdocs\php_milwa_trading\admin\controller\inventory\delivery_challan.php on line 174
2023-01-12 11:55:39 - PHP Notice:  Undefined index: is_post in C:\xampp\htdocs\php_milwa_trading\admin\controller\inventory\delivery_challan.php on line 126
2023-01-12 11:55:39 - PHP Notice:  Undefined index: return_qty in C:\xampp\htdocs\php_milwa_trading\admin\controller\inventory\delivery_challan.php on line 174
2023-01-12 11:55:39 - PHP Notice:  Undefined index: is_post in C:\xampp\htdocs\php_milwa_trading\admin\controller\inventory\delivery_challan.php on line 126
2023-01-12 11:55:39 - PHP Notice:  Undefined index: return_qty in C:\xampp\htdocs\php_milwa_trading\admin\controller\inventory\delivery_challan.php on line 174
2023-01-12 11:55:39 - PHP Notice:  Undefined index: is_post in C:\xampp\htdocs\php_milwa_trading\admin\controller\inventory\delivery_challan.php on line 126
2023-01-12 11:55:39 - PHP Notice:  Undefined index: return_qty in C:\xampp\htdocs\php_milwa_trading\admin\controller\inventory\delivery_challan.php on line 174
2023-01-12 11:55:39 - PHP Notice:  Undefined index: is_post in C:\xampp\htdocs\php_milwa_trading\admin\controller\inventory\delivery_challan.php on line 126
2023-01-12 11:55:39 - PHP Notice:  Undefined index: return_qty in C:\xampp\htdocs\php_milwa_trading\admin\controller\inventory\delivery_challan.php on line 174
2023-01-12 11:55:39 - PHP Notice:  Undefined index: is_post in C:\xampp\htdocs\php_milwa_trading\admin\controller\inventory\delivery_challan.php on line 126
2023-01-12 11:55:39 - PHP Notice:  Undefined index: return_qty in C:\xampp\htdocs\php_milwa_trading\admin\controller\inventory\delivery_challan.php on line 174
2023-01-12 11:55:39 - PHP Notice:  Undefined index: is_post in C:\xampp\htdocs\php_milwa_trading\admin\controller\inventory\delivery_challan.php on line 126
2023-01-12 11:55:39 - PHP Notice:  Undefined index: return_qty in C:\xampp\htdocs\php_milwa_trading\admin\controller\inventory\delivery_challan.php on line 174
2023-01-12 11:55:39 - PHP Notice:  Undefined index: is_post in C:\xampp\htdocs\php_milwa_trading\admin\controller\inventory\delivery_challan.php on line 126
2023-01-12 11:55:39 - PHP Notice:  Undefined index: return_qty in C:\xampp\htdocs\php_milwa_trading\admin\controller\inventory\delivery_challan.php on line 174
2023-01-12 11:55:39 - PHP Notice:  Undefined index: is_post in C:\xampp\htdocs\php_milwa_trading\admin\controller\inventory\delivery_challan.php on line 126
2023-01-12 11:55:39 - PHP Notice:  Undefined index: return_qty in C:\xampp\htdocs\php_milwa_trading\admin\controller\inventory\delivery_challan.php on line 174
2023-01-12 11:55:39 - PHP Notice:  Undefined index: is_post in C:\xampp\htdocs\php_milwa_trading\admin\controller\inventory\delivery_challan.php on line 126
2023-01-12 11:55:39 - PHP Notice:  Undefined index: is_post in C:\xampp\htdocs\php_milwa_trading\admin\controller\inventory\delivery_challan.php on line 126
2023-01-12 11:55:41 - PHP Warning:  Declaration of ControllerInventoryDeliveryChallan::validateDelete($primary_key) should be compatible with HController::validateDelete($id = '') in C:\xampp\htdocs\php_milwa_trading\admin\controller\inventory\delivery_challan.php on line 1090
2023-01-12 11:55:41 - PHP Notice:  Undefined index: ref_document_id in C:\xampp\htdocs\php_milwa_trading\admin\controller\inventory\delivery_challan.php on line 284
2023-01-12 11:55:41 - PHP Notice:  Undefined index: ref_document_id in C:\xampp\htdocs\php_milwa_trading\admin\controller\inventory\delivery_challan.php on line 284
2023-01-12 11:55:41 - PHP Notice:  Undefined index: restrict_out_of_stock in C:\xampp\htdocs\php_milwa_trading\admin\controller\inventory\delivery_challan.php on line 290
2023-01-12 11:55:41 - PHP Notice:  Undefined variable: href_gl_mapping_account in C:\xampp\htdocs\php_milwa_trading\admin\view\template\common\column_left.tpl on line 68
2023-01-12 11:55:41 - PHP Notice:  Undefined index: gl_mapping_account in C:\xampp\htdocs\php_milwa_trading\admin\view\template\common\column_left.tpl on line 68
2023-01-12 11:55:41 - PHP Notice:  Undefined variable: href_tool_dashboard in C:\xampp\htdocs\php_milwa_trading\admin\view\template\common\column_left.tpl on line 231
2023-01-12 11:55:41 - PHP Notice:  Undefined index: class in C:\xampp\htdocs\php_milwa_trading\admin\view\template\inventory\delivery_challan_form.tpl on line 18
2023-01-12 11:55:41 - PHP Notice:  Undefined index: class in C:\xampp\htdocs\php_milwa_trading\admin\view\template\inventory\delivery_challan_form.tpl on line 18
2023-01-12 11:55:41 - PHP Notice:  Undefined index: class in C:\xampp\htdocs\php_milwa_trading\admin\view\template\inventory\delivery_challan_form.tpl on line 18
2023-01-12 11:55:41 - PHP Notice:  Undefined variable: action in C:\xampp\htdocs\php_milwa_trading\admin\view\template\inventory\delivery_challan_form.tpl on line 84
2023-01-12 11:55:41 - PHP Notice:  Undefined variable: partner_types in C:\xampp\htdocs\php_milwa_trading\admin\view\template\inventory\delivery_challan_form.tpl on line 125
2023-01-12 11:55:41 - PHP Warning:  Invalid argument supplied for foreach() in C:\xampp\htdocs\php_milwa_trading\admin\view\template\inventory\delivery_challan_form.tpl on line 125
2023-01-12 11:55:41 - PHP Notice:  Undefined variable: customers in C:\xampp\htdocs\php_milwa_trading\admin\view\template\inventory\delivery_challan_form.tpl on line 172
2023-01-12 11:55:41 - PHP Warning:  Invalid argument supplied for foreach() in C:\xampp\htdocs\php_milwa_trading\admin\view\template\inventory\delivery_challan_form.tpl on line 172
2023-01-12 11:55:41 - PHP Notice:  Undefined variable: ref_documents in C:\xampp\htdocs\php_milwa_trading\admin\view\template\inventory\delivery_challan_form.tpl on line 193
2023-01-12 11:55:41 - PHP Warning:  Invalid argument supplied for foreach() in C:\xampp\htdocs\php_milwa_trading\admin\view\template\inventory\delivery_challan_form.tpl on line 193
2023-01-12 11:55:41 - PHP Notice:  Undefined variable: last_rate in C:\xampp\htdocs\php_milwa_trading\admin\view\template\inventory\delivery_challan_form.tpl on line 234
2023-01-12 11:55:41 - PHP Notice:  Undefined index: ref_document_id in C:\xampp\htdocs\php_milwa_trading\admin\view\template\inventory\delivery_challan_form.tpl on line 278
2023-01-12 11:55:41 - PHP Notice:  Undefined index: ref_document_id in C:\xampp\htdocs\php_milwa_trading\admin\view\template\inventory\delivery_challan_form.tpl on line 278
2023-01-12 11:55:41 - PHP Notice:  Undefined variable: ref_document_id in C:\xampp\htdocs\php_milwa_trading\admin\view\template\inventory\delivery_challan_form.tpl on line 425
2023-01-12 11:55:41 - PHP Notice:  Undefined variable: column_right in C:\xampp\htdocs\php_milwa_trading\admin\view\template\inventory\delivery_challan_form.tpl on line 531
2023-01-12 11:55:49 - PHP Notice:  Undefined index: sale_tax_invoice_id in C:\xampp\htdocs\php_milwa_trading\system\engine\hcontroller.php on line 223
2023-01-12 11:55:49 - PHP Notice:  Undefined index: sale_tax_invoice_id in C:\xampp\htdocs\php_milwa_trading\system\engine\hcontroller.php on line 224
2023-01-12 11:55:49 - PHP Notice:  Undefined index: sale_tax_invoice_id in C:\xampp\htdocs\php_milwa_trading\admin\controller\inventory\sale_tax_invoice.php on line 326
2023-01-12 11:55:49 - PHP Notice:  Undefined index: sale_tax_invoice_id in C:\xampp\htdocs\php_milwa_trading\admin\controller\inventory\sale_tax_invoice.php on line 328
2023-01-12 11:55:49 - PHP Notice:  Undefined index: announcement_id in C:\xampp\htdocs\php_milwa_trading\admin\controller\inventory\sale_tax_invoice.php on line 330
2023-01-12 11:55:49 - PHP Notice:  Undefined index: sale_tax_invoice_id in C:\xampp\htdocs\php_milwa_trading\admin\controller\inventory\sale_tax_invoice.php on line 332
2023-01-12 11:55:49 - PHP Notice:  Undefined index: sale_tax_invoice_id in C:\xampp\htdocs\php_milwa_trading\admin\controller\inventory\sale_tax_invoice.php on line 334
2023-01-12 11:55:49 - PHP Notice:  Undefined index: sale_tax_invoice_id in C:\xampp\htdocs\php_milwa_trading\admin\controller\inventory\sale_tax_invoice.php on line 336
2023-01-12 11:55:49 - PHP Notice:  Undefined index: sale_tax_invoice_id in C:\xampp\htdocs\php_milwa_trading\admin\controller\inventory\sale_tax_invoice.php on line 338
2023-01-12 11:55:49 - PHP Notice:  Undefined index: sale_tax_invoice_id in C:\xampp\htdocs\php_milwa_trading\admin\controller\inventory\sale_tax_invoice.php on line 340
2023-01-12 11:55:49 - PHP Notice:  Undefined index: sale_tax_invoice_id in C:\xampp\htdocs\php_milwa_trading\admin\controller\inventory\sale_tax_invoice.php on line 342
2023-01-12 11:55:49 - PHP Notice:  Undefined index: sale_tax_invoice_id in C:\xampp\htdocs\php_milwa_trading\admin\controller\inventory\sale_tax_invoice.php on line 344
2023-01-12 11:55:49 - PHP Notice:  Undefined index: sale_tax_invoice_id in C:\xampp\htdocs\php_milwa_trading\admin\controller\inventory\sale_tax_invoice.php on line 346
2023-01-12 11:55:49 - PHP Notice:  Undefined variable: href_gl_mapping_account in C:\xampp\htdocs\php_milwa_trading\admin\view\template\common\column_left.tpl on line 68
2023-01-12 11:55:49 - PHP Notice:  Undefined index: gl_mapping_account in C:\xampp\htdocs\php_milwa_trading\admin\view\template\common\column_left.tpl on line 68
2023-01-12 11:55:49 - PHP Notice:  Undefined variable: href_tool_dashboard in C:\xampp\htdocs\php_milwa_trading\admin\view\template\common\column_left.tpl on line 231
2023-01-12 11:55:49 - PHP Notice:  Undefined index: class in C:\xampp\htdocs\php_milwa_trading\admin\view\template\inventory\sale_tax_invoice_form.tpl on line 19
2023-01-12 11:55:49 - PHP Notice:  Undefined index: class in C:\xampp\htdocs\php_milwa_trading\admin\view\template\inventory\sale_tax_invoice_form.tpl on line 19
2023-01-12 11:55:49 - PHP Notice:  Undefined index: class in C:\xampp\htdocs\php_milwa_trading\admin\view\template\inventory\sale_tax_invoice_form.tpl on line 19
2023-01-12 11:55:49 - PHP Notice:  Undefined variable: is_post in C:\xampp\htdocs\php_milwa_trading\admin\view\template\inventory\sale_tax_invoice_form.tpl on line 68
2023-01-12 11:55:49 - PHP Notice:  Undefined variable: action in C:\xampp\htdocs\php_milwa_trading\admin\view\template\inventory\sale_tax_invoice_form.tpl on line 96
2023-01-12 11:55:49 - PHP Notice:  Undefined variable: document_type_id in C:\xampp\htdocs\php_milwa_trading\admin\view\template\inventory\sale_tax_invoice_form.tpl on line 98
2023-01-12 11:55:49 - PHP Notice:  Undefined variable: sale_tax_invoice_id in C:\xampp\htdocs\php_milwa_trading\admin\view\template\inventory\sale_tax_invoice_form.tpl on line 99
2023-01-12 11:55:49 - PHP Notice:  Undefined variable: invoice_type in C:\xampp\htdocs\php_milwa_trading\admin\view\template\inventory\sale_tax_invoice_form.tpl on line 130
2023-01-12 11:55:49 - PHP Notice:  Undefined variable: invoice_type in C:\xampp\htdocs\php_milwa_trading\admin\view\template\inventory\sale_tax_invoice_form.tpl on line 138
2023-01-12 11:55:49 - PHP Notice:  Undefined variable: document_identity in C:\xampp\htdocs\php_milwa_trading\admin\view\template\inventory\sale_tax_invoice_form.tpl on line 149
2023-01-12 11:55:49 - PHP Notice:  Undefined variable: manual_ref_no in C:\xampp\htdocs\php_milwa_trading\admin\view\template\inventory\sale_tax_invoice_form.tpl on line 161
2023-01-12 11:55:49 - PHP Notice:  Undefined variable: hs_code in C:\xampp\htdocs\php_milwa_trading\admin\view\template\inventory\sale_tax_invoice_form.tpl on line 167
2023-01-12 11:55:50 - PHP Notice:  Undefined variable: ref_documents in C:\xampp\htdocs\php_milwa_trading\admin\view\template\inventory\sale_tax_invoice_form.tpl on line 210
2023-01-12 11:55:50 - PHP Warning:  Invalid argument supplied for foreach() in C:\xampp\htdocs\php_milwa_trading\admin\view\template\inventory\sale_tax_invoice_form.tpl on line 210
2023-01-12 11:55:50 - PHP Notice:  Undefined variable: po_no in C:\xampp\htdocs\php_milwa_trading\admin\view\template\inventory\sale_tax_invoice_form.tpl on line 265
2023-01-12 11:55:50 - PHP Notice:  Undefined variable: dc_no in C:\xampp\htdocs\php_milwa_trading\admin\view\template\inventory\sale_tax_invoice_form.tpl on line 266
2023-01-12 11:55:50 - PHP Notice:  Undefined variable: po_date in C:\xampp\htdocs\php_milwa_trading\admin\view\template\inventory\sale_tax_invoice_form.tpl on line 273
2023-01-12 11:55:50 - PHP Notice:  Undefined variable: billty_no in C:\xampp\htdocs\php_milwa_trading\admin\view\template\inventory\sale_tax_invoice_form.tpl on line 279
2023-01-12 11:55:50 - PHP Notice:  Undefined variable: billty_date in C:\xampp\htdocs\php_milwa_trading\admin\view\template\inventory\sale_tax_invoice_form.tpl on line 285
2023-01-12 11:55:50 - PHP Notice:  Undefined variable: customer_remarks in C:\xampp\htdocs\php_milwa_trading\admin\view\template\inventory\sale_tax_invoice_form.tpl on line 291
2023-01-12 11:55:50 - PHP Notice:  Undefined variable: remarks in C:\xampp\htdocs\php_milwa_trading\admin\view\template\inventory\sale_tax_invoice_form.tpl on line 297
2023-01-12 11:55:50 - PHP Notice:  Undefined variable: last_rate in C:\xampp\htdocs\php_milwa_trading\admin\view\template\inventory\sale_tax_invoice_form.tpl on line 303
2023-01-12 11:55:50 - PHP Notice:  Undefined variable: sale_tax_invoice_details in C:\xampp\htdocs\php_milwa_trading\admin\view\template\inventory\sale_tax_invoice_form.tpl on line 336
2023-01-12 11:55:50 - PHP Warning:  Invalid argument supplied for foreach() in C:\xampp\htdocs\php_milwa_trading\admin\view\template\inventory\sale_tax_invoice_form.tpl on line 336
2023-01-12 11:55:50 - PHP Notice:  Undefined variable: sale_tax_invoice_details in C:\xampp\htdocs\php_milwa_trading\admin\view\template\inventory\sale_tax_invoice_form.tpl on line 440
2023-01-12 11:55:50 - PHP Warning:  count(): Parameter must be an array or an object that implements Countable in C:\xampp\htdocs\php_milwa_trading\admin\view\template\inventory\sale_tax_invoice_form.tpl on line 440
2023-01-12 11:55:50 - PHP Notice:  Undefined variable: item_amount in C:\xampp\htdocs\php_milwa_trading\admin\view\template\inventory\sale_tax_invoice_form.tpl on line 452
2023-01-12 11:55:50 - PHP Notice:  Undefined variable: item_discount in C:\xampp\htdocs\php_milwa_trading\admin\view\template\inventory\sale_tax_invoice_form.tpl on line 458
2023-01-12 11:55:50 - PHP Notice:  Undefined variable: item_tax in C:\xampp\htdocs\php_milwa_trading\admin\view\template\inventory\sale_tax_invoice_form.tpl on line 464
2023-01-12 11:55:50 - PHP Notice:  Undefined variable: item_total in C:\xampp\htdocs\php_milwa_trading\admin\view\template\inventory\sale_tax_invoice_form.tpl on line 470
2023-01-12 11:55:50 - PHP Notice:  Undefined variable: tax_per in C:\xampp\htdocs\php_milwa_trading\admin\view\template\inventory\sale_tax_invoice_form.tpl on line 478
2023-01-12 11:55:50 - PHP Notice:  Undefined variable: discount_amount in C:\xampp\htdocs\php_milwa_trading\admin\view\template\inventory\sale_tax_invoice_form.tpl on line 484
2023-01-12 11:55:50 - PHP Notice:  Undefined variable: cartage in C:\xampp\htdocs\php_milwa_trading\admin\view\template\inventory\sale_tax_invoice_form.tpl on line 490
2023-01-12 11:55:50 - PHP Notice:  Undefined variable: net_amount in C:\xampp\htdocs\php_milwa_trading\admin\view\template\inventory\sale_tax_invoice_form.tpl on line 496
2023-01-12 11:55:50 - PHP Notice:  Undefined variable: cash_received in C:\xampp\htdocs\php_milwa_trading\admin\view\template\inventory\sale_tax_invoice_form.tpl on line 504
2023-01-12 11:55:50 - PHP Notice:  Undefined variable: balance_amount in C:\xampp\htdocs\php_milwa_trading\admin\view\template\inventory\sale_tax_invoice_form.tpl on line 510
2023-01-12 11:55:50 - PHP Notice:  Undefined variable: is_post in C:\xampp\htdocs\php_milwa_trading\admin\view\template\inventory\sale_tax_invoice_form.tpl on line 558
2023-01-12 11:55:50 - PHP Notice:  Undefined variable: isEdit in C:\xampp\htdocs\php_milwa_trading\admin\view\template\inventory\sale_tax_invoice_form.tpl on line 580
2023-01-12 11:55:50 - PHP Notice:  Undefined variable: sale_type in C:\xampp\htdocs\php_milwa_trading\admin\view\template\inventory\sale_tax_invoice_form.tpl on line 582
2023-01-12 11:55:50 - PHP Notice:  Undefined variable: partner_id in C:\xampp\htdocs\php_milwa_trading\admin\view\template\inventory\sale_tax_invoice_form.tpl on line 585
2023-01-12 11:55:50 - PHP Notice:  Undefined variable: products in C:\xampp\htdocs\php_milwa_trading\admin\view\template\inventory\sale_tax_invoice_form.tpl on line 594
2023-01-12 11:55:50 - PHP Notice:  Undefined index: sale_tax_invoice_id in C:\xampp\htdocs\php_milwa_trading\admin\view\template\inventory\sale_tax_invoice_form.tpl on line 650
2023-01-12 11:55:50 - PHP Notice:  Undefined variable: column_right in C:\xampp\htdocs\php_milwa_trading\admin\view\template\inventory\sale_tax_invoice_form.tpl on line 735
2023-01-12 11:55:56 - PHP Notice:  Undefined index: page in C:\xampp\htdocs\php_milwa_trading\admin\controller\inventory\sale_tax_invoice.php on line 372
2023-01-12 11:55:57 - PHP Notice:  Undefined index: page in C:\xampp\htdocs\php_milwa_trading\admin\controller\inventory\sale_tax_invoice.php on line 372
2023-01-12 11:55:57 - PHP Notice:  Undefined index: page in C:\xampp\htdocs\php_milwa_trading\admin\controller\inventory\sale_tax_invoice.php on line 372
2023-01-12 11:55:58 - PHP Notice:  Undefined index: page in C:\xampp\htdocs\php_milwa_trading\admin\controller\inventory\sale_tax_invoice.php on line 372
2023-01-12 11:56:00 - PHP Notice:  Undefined index: page in C:\xampp\htdocs\php_milwa_trading\admin\controller\inventory\sale_tax_invoice.php on line 372
2023-01-12 11:56:02 - PHP Notice:  Undefined index: page in C:\xampp\htdocs\php_milwa_trading\admin\controller\inventory\sale_tax_invoice.php on line 372
2023-01-12 11:56:03 - PHP Notice:  Undefined index: page in C:\xampp\htdocs\php_milwa_trading\admin\controller\inventory\sale_tax_invoice.php on line 372
2023-01-12 11:56:03 - PHP Notice:  Undefined index: page in C:\xampp\htdocs\php_milwa_trading\admin\controller\inventory\sale_tax_invoice.php on line 372
2023-01-12 11:56:10 - PHP Notice:  Undefined index: page in C:\xampp\htdocs\php_milwa_trading\admin\controller\inventory\sale_tax_invoice.php on line 429
2023-01-12 11:56:10 - PHP Notice:  Undefined index: manual_ref_no in C:\xampp\htdocs\php_milwa_trading\admin\model\inventory\delivery_challan.php on line 139
2023-01-12 11:56:10 - PHP Notice:  Undefined index: discount in C:\xampp\htdocs\php_milwa_trading\admin\model\inventory\delivery_challan.php on line 145
2023-01-12 11:56:10 - PHP Notice:  Undefined index: amount in C:\xampp\htdocs\php_milwa_trading\admin\model\inventory\delivery_challan.php on line 165
2023-01-12 11:56:10 - PHP Notice:  Undefined index: base_amount in C:\xampp\htdocs\php_milwa_trading\admin\model\inventory\delivery_challan.php on line 170
2023-01-12 11:56:10 - PHP Notice:  Undefined index: manual_ref_no in C:\xampp\htdocs\php_milwa_trading\admin\model\inventory\delivery_challan.php on line 139
2023-01-12 11:56:10 - PHP Notice:  Undefined index: discount in C:\xampp\htdocs\php_milwa_trading\admin\model\inventory\delivery_challan.php on line 145
2023-01-12 11:56:10 - PHP Notice:  Undefined index: amount in C:\xampp\htdocs\php_milwa_trading\admin\model\inventory\delivery_challan.php on line 165
2023-01-12 11:56:10 - PHP Notice:  Undefined index: base_amount in C:\xampp\htdocs\php_milwa_trading\admin\model\inventory\delivery_challan.php on line 170
2023-01-12 11:56:10 - PHP Notice:  Undefined index: manual_ref_no in C:\xampp\htdocs\php_milwa_trading\admin\model\inventory\delivery_challan.php on line 139
2023-01-12 11:56:10 - PHP Notice:  Undefined index: discount in C:\xampp\htdocs\php_milwa_trading\admin\model\inventory\delivery_challan.php on line 145
2023-01-12 11:56:10 - PHP Notice:  Undefined index: amount in C:\xampp\htdocs\php_milwa_trading\admin\model\inventory\delivery_challan.php on line 165
2023-01-12 11:56:10 - PHP Notice:  Undefined index: base_amount in C:\xampp\htdocs\php_milwa_trading\admin\model\inventory\delivery_challan.php on line 170
2023-01-12 11:56:10 - PHP Notice:  Undefined index: manual_ref_no in C:\xampp\htdocs\php_milwa_trading\admin\model\inventory\delivery_challan.php on line 139
2023-01-12 11:56:10 - PHP Notice:  Undefined index: discount in C:\xampp\htdocs\php_milwa_trading\admin\model\inventory\delivery_challan.php on line 145
2023-01-12 11:56:10 - PHP Notice:  Undefined index: amount in C:\xampp\htdocs\php_milwa_trading\admin\model\inventory\delivery_challan.php on line 165
2023-01-12 11:56:10 - PHP Notice:  Undefined index: base_amount in C:\xampp\htdocs\php_milwa_trading\admin\model\inventory\delivery_challan.php on line 170
2023-01-12 11:56:10 - PHP Notice:  Undefined index: manual_ref_no in C:\xampp\htdocs\php_milwa_trading\admin\model\inventory\delivery_challan.php on line 139
2023-01-12 11:56:10 - PHP Notice:  Undefined index: discount in C:\xampp\htdocs\php_milwa_trading\admin\model\inventory\delivery_challan.php on line 145
2023-01-12 11:56:11 - PHP Notice:  Undefined index: amount in C:\xampp\htdocs\php_milwa_trading\admin\model\inventory\delivery_challan.php on line 165
2023-01-12 11:56:11 - PHP Notice:  Undefined index: base_amount in C:\xampp\htdocs\php_milwa_trading\admin\model\inventory\delivery_challan.php on line 170
2023-01-12 11:56:11 - PHP Notice:  Undefined index: manual_ref_no in C:\xampp\htdocs\php_milwa_trading\admin\model\inventory\delivery_challan.php on line 139
2023-01-12 11:56:11 - PHP Notice:  Undefined index: discount in C:\xampp\htdocs\php_milwa_trading\admin\model\inventory\delivery_challan.php on line 145
2023-01-12 11:56:11 - PHP Notice:  Undefined index: amount in C:\xampp\htdocs\php_milwa_trading\admin\model\inventory\delivery_challan.php on line 165
2023-01-12 11:56:11 - PHP Notice:  Undefined index: base_amount in C:\xampp\htdocs\php_milwa_trading\admin\model\inventory\delivery_challan.php on line 170
2023-01-12 11:56:11 - PHP Notice:  Undefined index: manual_ref_no in C:\xampp\htdocs\php_milwa_trading\admin\model\inventory\delivery_challan.php on line 139
2023-01-12 11:56:11 - PHP Notice:  Undefined index: discount in C:\xampp\htdocs\php_milwa_trading\admin\model\inventory\delivery_challan.php on line 145
2023-01-12 11:56:11 - PHP Notice:  Undefined index: amount in C:\xampp\htdocs\php_milwa_trading\admin\model\inventory\delivery_challan.php on line 165
2023-01-12 11:56:11 - PHP Notice:  Undefined index: base_amount in C:\xampp\htdocs\php_milwa_trading\admin\model\inventory\delivery_challan.php on line 170
2023-01-12 11:56:11 - PHP Notice:  Undefined index: manual_ref_no in C:\xampp\htdocs\php_milwa_trading\admin\model\inventory\delivery_challan.php on line 139
2023-01-12 11:56:11 - PHP Notice:  Undefined index: discount in C:\xampp\htdocs\php_milwa_trading\admin\model\inventory\delivery_challan.php on line 145
2023-01-12 11:56:11 - PHP Notice:  Undefined index: amount in C:\xampp\htdocs\php_milwa_trading\admin\model\inventory\delivery_challan.php on line 165
2023-01-12 11:56:11 - PHP Notice:  Undefined index: base_amount in C:\xampp\htdocs\php_milwa_trading\admin\model\inventory\delivery_challan.php on line 170
2023-01-12 11:56:11 - PHP Notice:  Undefined index: manual_ref_no in C:\xampp\htdocs\php_milwa_trading\admin\model\inventory\delivery_challan.php on line 139
2023-01-12 11:56:11 - PHP Notice:  Undefined index: discount in C:\xampp\htdocs\php_milwa_trading\admin\model\inventory\delivery_challan.php on line 145
2023-01-12 11:56:11 - PHP Notice:  Undefined index: amount in C:\xampp\htdocs\php_milwa_trading\admin\model\inventory\delivery_challan.php on line 165
2023-01-12 11:56:11 - PHP Notice:  Undefined index: base_amount in C:\xampp\htdocs\php_milwa_trading\admin\model\inventory\delivery_challan.php on line 170
2023-01-12 11:56:11 - PHP Notice:  Undefined index: manual_ref_no in C:\xampp\htdocs\php_milwa_trading\admin\model\inventory\delivery_challan.php on line 139
2023-01-12 11:56:11 - PHP Notice:  Undefined index: discount in C:\xampp\htdocs\php_milwa_trading\admin\model\inventory\delivery_challan.php on line 145
2023-01-12 11:56:11 - PHP Notice:  Undefined index: amount in C:\xampp\htdocs\php_milwa_trading\admin\model\inventory\delivery_challan.php on line 165
2023-01-12 11:56:11 - PHP Notice:  Undefined index: base_amount in C:\xampp\htdocs\php_milwa_trading\admin\model\inventory\delivery_challan.php on line 170
2023-01-12 11:56:11 - PHP Notice:  Undefined index: manual_ref_no in C:\xampp\htdocs\php_milwa_trading\admin\model\inventory\delivery_challan.php on line 139
2023-01-12 11:56:11 - PHP Notice:  Undefined index: discount in C:\xampp\htdocs\php_milwa_trading\admin\model\inventory\delivery_challan.php on line 145
2023-01-12 11:56:11 - PHP Notice:  Undefined index: amount in C:\xampp\htdocs\php_milwa_trading\admin\model\inventory\delivery_challan.php on line 165
2023-01-12 11:56:11 - PHP Notice:  Undefined index: base_amount in C:\xampp\htdocs\php_milwa_trading\admin\model\inventory\delivery_challan.php on line 170
2023-01-12 11:56:11 - PHP Notice:  Undefined index: manual_ref_no in C:\xampp\htdocs\php_milwa_trading\admin\model\inventory\delivery_challan.php on line 139
2023-01-12 11:56:11 - PHP Notice:  Undefined index: discount in C:\xampp\htdocs\php_milwa_trading\admin\model\inventory\delivery_challan.php on line 145
2023-01-12 11:56:11 - PHP Notice:  Undefined index: amount in C:\xampp\htdocs\php_milwa_trading\admin\model\inventory\delivery_challan.php on line 165
2023-01-12 11:56:11 - PHP Notice:  Undefined index: base_amount in C:\xampp\htdocs\php_milwa_trading\admin\model\inventory\delivery_challan.php on line 170
2023-01-12 11:56:11 - PHP Notice:  Undefined index: manual_ref_no in C:\xampp\htdocs\php_milwa_trading\admin\model\inventory\delivery_challan.php on line 139
2023-01-12 11:56:11 - PHP Notice:  Undefined index: discount in C:\xampp\htdocs\php_milwa_trading\admin\model\inventory\delivery_challan.php on line 145
2023-01-12 11:56:11 - PHP Notice:  Undefined index: amount in C:\xampp\htdocs\php_milwa_trading\admin\model\inventory\delivery_challan.php on line 165
2023-01-12 11:56:11 - PHP Notice:  Undefined index: base_amount in C:\xampp\htdocs\php_milwa_trading\admin\model\inventory\delivery_challan.php on line 170
2023-01-12 11:56:11 - PHP Notice:  Undefined index: manual_ref_no in C:\xampp\htdocs\php_milwa_trading\admin\model\inventory\delivery_challan.php on line 139
2023-01-12 11:56:11 - PHP Notice:  Undefined index: discount in C:\xampp\htdocs\php_milwa_trading\admin\model\inventory\delivery_challan.php on line 145
2023-01-12 11:56:11 - PHP Notice:  Undefined index: amount in C:\xampp\htdocs\php_milwa_trading\admin\model\inventory\delivery_challan.php on line 165
2023-01-12 11:56:11 - PHP Notice:  Undefined index: base_amount in C:\xampp\htdocs\php_milwa_trading\admin\model\inventory\delivery_challan.php on line 170
2023-01-12 11:56:11 - PHP Notice:  Undefined index: manual_ref_no in C:\xampp\htdocs\php_milwa_trading\admin\model\inventory\delivery_challan.php on line 139
2023-01-12 11:56:11 - PHP Notice:  Undefined index: discount in C:\xampp\htdocs\php_milwa_trading\admin\model\inventory\delivery_challan.php on line 145
2023-01-12 11:56:11 - PHP Notice:  Undefined index: amount in C:\xampp\htdocs\php_milwa_trading\admin\model\inventory\delivery_challan.php on line 165
2023-01-12 11:56:11 - PHP Notice:  Undefined index: base_amount in C:\xampp\htdocs\php_milwa_trading\admin\model\inventory\delivery_challan.php on line 170
2023-01-12 11:56:11 - PHP Notice:  Undefined index: manual_ref_no in C:\xampp\htdocs\php_milwa_trading\admin\model\inventory\delivery_challan.php on line 139
2023-01-12 11:56:11 - PHP Notice:  Undefined index: discount in C:\xampp\htdocs\php_milwa_trading\admin\model\inventory\delivery_challan.php on line 145
2023-01-12 11:56:11 - PHP Notice:  Undefined index: amount in C:\xampp\htdocs\php_milwa_trading\admin\model\inventory\delivery_challan.php on line 165
2023-01-12 11:56:11 - PHP Notice:  Undefined index: base_amount in C:\xampp\htdocs\php_milwa_trading\admin\model\inventory\delivery_challan.php on line 170
2023-01-12 11:56:11 - PHP Notice:  Undefined index: manual_ref_no in C:\xampp\htdocs\php_milwa_trading\admin\model\inventory\delivery_challan.php on line 139
2023-01-12 11:56:11 - PHP Notice:  Undefined index: discount in C:\xampp\htdocs\php_milwa_trading\admin\model\inventory\delivery_challan.php on line 145
2023-01-12 11:56:11 - PHP Notice:  Undefined index: amount in C:\xampp\htdocs\php_milwa_trading\admin\model\inventory\delivery_challan.php on line 165
2023-01-12 11:56:11 - PHP Notice:  Undefined index: base_amount in C:\xampp\htdocs\php_milwa_trading\admin\model\inventory\delivery_challan.php on line 170
2023-01-12 11:56:11 - PHP Notice:  Undefined index: manual_ref_no in C:\xampp\htdocs\php_milwa_trading\admin\model\inventory\delivery_challan.php on line 139
2023-01-12 11:56:11 - PHP Notice:  Undefined index: discount in C:\xampp\htdocs\php_milwa_trading\admin\model\inventory\delivery_challan.php on line 145
2023-01-12 11:56:11 - PHP Notice:  Undefined index: amount in C:\xampp\htdocs\php_milwa_trading\admin\model\inventory\delivery_challan.php on line 165
2023-01-12 11:56:11 - PHP Notice:  Undefined index: base_amount in C:\xampp\htdocs\php_milwa_trading\admin\model\inventory\delivery_challan.php on line 170
2023-01-12 11:56:11 - PHP Notice:  Undefined index: manual_ref_no in C:\xampp\htdocs\php_milwa_trading\admin\model\inventory\delivery_challan.php on line 139
2023-01-12 11:56:11 - PHP Notice:  Undefined index: discount in C:\xampp\htdocs\php_milwa_trading\admin\model\inventory\delivery_challan.php on line 145
2023-01-12 11:56:11 - PHP Notice:  Undefined index: amount in C:\xampp\htdocs\php_milwa_trading\admin\model\inventory\delivery_challan.php on line 165
2023-01-12 11:56:11 - PHP Notice:  Undefined index: base_amount in C:\xampp\htdocs\php_milwa_trading\admin\model\inventory\delivery_challan.php on line 170
2023-01-12 11:56:11 - PHP Notice:  Undefined index: manual_ref_no in C:\xampp\htdocs\php_milwa_trading\admin\model\inventory\delivery_challan.php on line 139
2023-01-12 11:56:11 - PHP Notice:  Undefined index: discount in C:\xampp\htdocs\php_milwa_trading\admin\model\inventory\delivery_challan.php on line 145
2023-01-12 11:56:11 - PHP Notice:  Undefined index: amount in C:\xampp\htdocs\php_milwa_trading\admin\model\inventory\delivery_challan.php on line 165
2023-01-12 11:56:11 - PHP Notice:  Undefined index: base_amount in C:\xampp\htdocs\php_milwa_trading\admin\model\inventory\delivery_challan.php on line 170
2023-01-12 11:56:11 - PHP Notice:  Undefined index: page in C:\xampp\htdocs\php_milwa_trading\admin\controller\inventory\sale_tax_invoice.php on line 429
2023-01-12 11:56:11 - PHP Notice:  Undefined index: manual_ref_no in C:\xampp\htdocs\php_milwa_trading\admin\model\inventory\delivery_challan.php on line 139
2023-01-12 11:56:11 - PHP Notice:  Undefined index: discount in C:\xampp\htdocs\php_milwa_trading\admin\model\inventory\delivery_challan.php on line 145
2023-01-12 11:56:11 - PHP Notice:  Undefined index: amount in C:\xampp\htdocs\php_milwa_trading\admin\model\inventory\delivery_challan.php on line 165
2023-01-12 11:56:11 - PHP Notice:  Undefined index: base_amount in C:\xampp\htdocs\php_milwa_trading\admin\model\inventory\delivery_challan.php on line 170
2023-01-12 11:56:11 - PHP Notice:  Undefined index: manual_ref_no in C:\xampp\htdocs\php_milwa_trading\admin\model\inventory\delivery_challan.php on line 139
2023-01-12 11:56:11 - PHP Notice:  Undefined index: discount in C:\xampp\htdocs\php_milwa_trading\admin\model\inventory\delivery_challan.php on line 145
2023-01-12 11:56:11 - PHP Notice:  Undefined index: amount in C:\xampp\htdocs\php_milwa_trading\admin\model\inventory\delivery_challan.php on line 165
2023-01-12 11:56:11 - PHP Notice:  Undefined index: base_amount in C:\xampp\htdocs\php_milwa_trading\admin\model\inventory\delivery_challan.php on line 170
2023-01-12 11:56:13 - PHP Notice:  Undefined index: sale_tax_invoice_id in C:\xampp\htdocs\php_milwa_trading\admin\controller\inventory\sale_tax_invoice.php on line 616
2023-01-12 11:56:13 - PHP Notice:  Undefined index: manual_ref_no in C:\xampp\htdocs\php_milwa_trading\admin\model\inventory\delivery_challan.php on line 267
2023-01-12 11:56:13 - PHP Notice:  Undefined index: discount in C:\xampp\htdocs\php_milwa_trading\admin\model\inventory\delivery_challan.php on line 273
2023-01-12 11:56:13 - PHP Notice:  Undefined index: amount in C:\xampp\htdocs\php_milwa_trading\admin\model\inventory\delivery_challan.php on line 293
2023-01-12 11:56:13 - PHP Notice:  Undefined index: base_amount in C:\xampp\htdocs\php_milwa_trading\admin\model\inventory\delivery_challan.php on line 298
2023-01-12 11:56:13 - PHP Notice:  Undefined index: manual_ref_no in C:\xampp\htdocs\php_milwa_trading\admin\model\inventory\delivery_challan.php on line 267
2023-01-12 11:56:13 - PHP Notice:  Undefined index: discount in C:\xampp\htdocs\php_milwa_trading\admin\model\inventory\delivery_challan.php on line 273
2023-01-12 11:56:13 - PHP Notice:  Undefined index: amount in C:\xampp\htdocs\php_milwa_trading\admin\model\inventory\delivery_challan.php on line 293
2023-01-12 11:56:13 - PHP Notice:  Undefined index: base_amount in C:\xampp\htdocs\php_milwa_trading\admin\model\inventory\delivery_challan.php on line 298
2023-01-12 11:56:13 - PHP Warning:  Illegal string offset 'document_identity' in C:\xampp\htdocs\php_milwa_trading\admin\controller\inventory\sale_tax_invoice.php on line 683
2023-01-12 11:56:13 - PHP Warning:  Illegal string offset 'document_identity' in C:\xampp\htdocs\php_milwa_trading\admin\controller\inventory\sale_tax_invoice.php on line 683
2023-01-12 11:57:26 - PHP Notice:  Undefined index: ref_document_id in C:\xampp\htdocs\php_milwa_trading\admin\controller\inventory\sale_tax_invoice.php on line 904
2023-01-12 11:57:26 - PHP Notice:  Undefined index: bilty_date in C:\xampp\htdocs\php_milwa_trading\admin\controller\inventory\sale_tax_invoice.php on line 918
2023-01-12 11:57:26 - PHP Warning:  mysqli::real_escape_string() expects parameter 1 to be string, array given in C:\xampp\htdocs\php_milwa_trading\system\database\dbmysqli.php on line 93
2023-01-12 11:57:26 - PHP Notice:  Undefined index: exempted in C:\xampp\htdocs\php_milwa_trading\admin\controller\inventory\sale_tax_invoice.php on line 956
2023-01-12 11:57:26 - PHP Notice:  Undefined index: is_auto_increment in C:\xampp\htdocs\php_milwa_trading\system\engine\hmodel.php on line 196
2023-01-12 11:57:26 - PHP Notice:  Undefined index: column in C:\xampp\htdocs\php_milwa_trading\system\engine\hmodel.php on line 198
2023-01-12 11:57:26 - PHP Notice:  Undefined index: column in C:\xampp\htdocs\php_milwa_trading\system\engine\hmodel.php on line 199
2023-01-12 11:57:26 - PHP Notice:  Undefined index: is_auto_increment in C:\xampp\htdocs\php_milwa_trading\system\engine\hmodel.php on line 217
2023-01-12 11:57:26 - PHP Notice:  Undefined index: column in C:\xampp\htdocs\php_milwa_trading\system\engine\hmodel.php on line 220
2023-01-12 11:57:26 - PHP Notice:  Undefined index: ref_document_id in C:\xampp\htdocs\php_milwa_trading\admin\controller\inventory\sale_tax_invoice.php on line 1189
2023-01-12 11:57:26 - PHP Notice:  Undefined index: is_auto_increment in C:\xampp\htdocs\php_milwa_trading\system\engine\hmodel.php on line 196
2023-01-12 11:57:26 - PHP Notice:  Undefined index: column in C:\xampp\htdocs\php_milwa_trading\system\engine\hmodel.php on line 198
2023-01-12 11:57:26 - PHP Notice:  Undefined index: column in C:\xampp\htdocs\php_milwa_trading\system\engine\hmodel.php on line 199
2023-01-12 11:57:26 - PHP Notice:  Undefined index: is_auto_increment in C:\xampp\htdocs\php_milwa_trading\system\engine\hmodel.php on line 217
2023-01-12 11:57:26 - PHP Notice:  Undefined index: column in C:\xampp\htdocs\php_milwa_trading\system\engine\hmodel.php on line 220
2023-01-12 11:57:26 - PHP Notice:  Undefined index: ref_document_id in C:\xampp\htdocs\php_milwa_trading\admin\controller\inventory\sale_tax_invoice.php on line 1189
2023-01-12 11:57:26 - PHP Notice:  Undefined index: labour_charges in C:\xampp\htdocs\php_milwa_trading\admin\controller\inventory\sale_tax_invoice.php on line 1272
2023-01-12 11:57:26 - PHP Notice:  Undefined index: misc_charges in C:\xampp\htdocs\php_milwa_trading\admin\controller\inventory\sale_tax_invoice.php on line 1285
2023-01-12 11:57:26 - PHP Notice:  Undefined index: rent_charges in C:\xampp\htdocs\php_milwa_trading\admin\controller\inventory\sale_tax_invoice.php on line 1298
2023-01-12 11:57:26 - PHP Notice:  Undefined index: invoice_type in C:\xampp\htdocs\php_milwa_trading\admin\controller\inventory\sale_tax_invoice.php on line 1348
2023-01-12 11:57:26 - PHP Warning:  implode(): Invalid arguments passed in C:\xampp\htdocs\php_milwa_trading\admin\controller\inventory\sale_tax_invoice.php on line 284
2023-01-12 11:57:26 - PHP Notice:  Undefined index: announcement_id in C:\xampp\htdocs\php_milwa_trading\admin\controller\inventory\sale_tax_invoice.php on line 330
2023-01-12 11:57:26 - PHP Notice:  Undefined variable: href_gl_mapping_account in C:\xampp\htdocs\php_milwa_trading\admin\view\template\common\column_left.tpl on line 68
2023-01-12 11:57:26 - PHP Notice:  Undefined index: gl_mapping_account in C:\xampp\htdocs\php_milwa_trading\admin\view\template\common\column_left.tpl on line 68
2023-01-12 11:57:26 - PHP Notice:  Undefined variable: href_tool_dashboard in C:\xampp\htdocs\php_milwa_trading\admin\view\template\common\column_left.tpl on line 231
2023-01-12 11:57:26 - PHP Notice:  Undefined index: class in C:\xampp\htdocs\php_milwa_trading\admin\view\template\inventory\sale_tax_invoice_form.tpl on line 19
2023-01-12 11:57:26 - PHP Notice:  Undefined index: class in C:\xampp\htdocs\php_milwa_trading\admin\view\template\inventory\sale_tax_invoice_form.tpl on line 19
2023-01-12 11:57:26 - PHP Notice:  Undefined index: class in C:\xampp\htdocs\php_milwa_trading\admin\view\template\inventory\sale_tax_invoice_form.tpl on line 19
2023-01-12 11:57:26 - PHP Notice:  Undefined variable: action_cash_receipt in C:\xampp\htdocs\php_milwa_trading\admin\view\template\inventory\sale_tax_invoice_form.tpl on line 29
2023-01-12 11:57:26 - PHP Notice:  Undefined variable: action in C:\xampp\htdocs\php_milwa_trading\admin\view\template\inventory\sale_tax_invoice_form.tpl on line 96
2023-01-12 11:57:26 - PHP Notice:  Undefined variable: last_rate in C:\xampp\htdocs\php_milwa_trading\admin\view\template\inventory\sale_tax_invoice_form.tpl on line 303
2023-01-12 11:57:26 - PHP Notice:  Undefined index: href in C:\xampp\htdocs\php_milwa_trading\admin\view\template\inventory\sale_tax_invoice_form.tpl on line 344
2023-01-12 11:57:26 - PHP Notice:  Undefined variable: products in C:\xampp\htdocs\php_milwa_trading\admin\view\template\inventory\sale_tax_invoice_form.tpl on line 365
2023-01-12 11:57:26 - PHP Warning:  Invalid argument supplied for foreach() in C:\xampp\htdocs\php_milwa_trading\admin\view\template\inventory\sale_tax_invoice_form.tpl on line 365
2023-01-12 11:57:26 - PHP Notice:  Undefined index: href in C:\xampp\htdocs\php_milwa_trading\admin\view\template\inventory\sale_tax_invoice_form.tpl on line 344
2023-01-12 11:57:26 - PHP Notice:  Undefined variable: products in C:\xampp\htdocs\php_milwa_trading\admin\view\template\inventory\sale_tax_invoice_form.tpl on line 365
2023-01-12 11:57:26 - PHP Warning:  Invalid argument supplied for foreach() in C:\xampp\htdocs\php_milwa_trading\admin\view\template\inventory\sale_tax_invoice_form.tpl on line 365
2023-01-12 11:57:26 - PHP Notice:  Undefined variable: tax_per in C:\xampp\htdocs\php_milwa_trading\admin\view\template\inventory\sale_tax_invoice_form.tpl on line 478
2023-01-12 11:57:26 - PHP Notice:  Undefined variable: action_cash_receipt in C:\xampp\htdocs\php_milwa_trading\admin\view\template\inventory\sale_tax_invoice_form.tpl on line 519
2023-01-12 11:57:26 - PHP Notice:  Undefined variable: products in C:\xampp\htdocs\php_milwa_trading\admin\view\template\inventory\sale_tax_invoice_form.tpl on line 594
2023-01-12 11:57:26 - PHP Notice:  Undefined variable: column_right in C:\xampp\htdocs\php_milwa_trading\admin\view\template\inventory\sale_tax_invoice_form.tpl on line 735
2023-01-12 11:59:11 - PHP Notice:  Undefined index: bilty_date in C:\xampp\htdocs\php_milwa_trading\admin\controller\inventory\sale_tax_invoice.php on line 1423
2023-01-12 11:59:11 - PHP Notice:  Undefined index: exempted in C:\xampp\htdocs\php_milwa_trading\admin\controller\inventory\sale_tax_invoice.php on line 1432
2023-01-12 11:59:11 - PHP Warning:  mysqli::real_escape_string() expects parameter 1 to be string, array given in C:\xampp\htdocs\php_milwa_trading\system\database\dbmysqli.php on line 93
2023-01-12 11:59:12 - PHP Notice:  Undefined index: warehouse_id in C:\xampp\htdocs\php_milwa_trading\admin\controller\inventory\sale_tax_invoice.php on line 1544
2023-01-12 11:59:12 - PHP Notice:  Undefined index: is_auto_increment in C:\xampp\htdocs\php_milwa_trading\system\engine\hmodel.php on line 196
2023-01-12 11:59:12 - PHP Notice:  Undefined index: column in C:\xampp\htdocs\php_milwa_trading\system\engine\hmodel.php on line 198
2023-01-12 11:59:12 - PHP Notice:  Undefined index: column in C:\xampp\htdocs\php_milwa_trading\system\engine\hmodel.php on line 199
2023-01-12 11:59:12 - PHP Notice:  Undefined index: is_auto_increment in C:\xampp\htdocs\php_milwa_trading\system\engine\hmodel.php on line 217
2023-01-12 11:59:12 - PHP Notice:  Undefined index: column in C:\xampp\htdocs\php_milwa_trading\system\engine\hmodel.php on line 220
2023-01-12 11:59:12 - PHP Notice:  Undefined index: ref_document_id in C:\xampp\htdocs\php_milwa_trading\admin\controller\inventory\sale_tax_invoice.php on line 1694
2023-01-12 11:59:12 - PHP Notice:  Undefined index: warehouse_id in C:\xampp\htdocs\php_milwa_trading\admin\controller\inventory\sale_tax_invoice.php on line 1544
2023-01-12 11:59:12 - PHP Notice:  Undefined index: is_auto_increment in C:\xampp\htdocs\php_milwa_trading\system\engine\hmodel.php on line 196
2023-01-12 11:59:12 - PHP Notice:  Undefined index: column in C:\xampp\htdocs\php_milwa_trading\system\engine\hmodel.php on line 198
2023-01-12 11:59:12 - PHP Notice:  Undefined index: column in C:\xampp\htdocs\php_milwa_trading\system\engine\hmodel.php on line 199
2023-01-12 11:59:12 - PHP Notice:  Undefined index: is_auto_increment in C:\xampp\htdocs\php_milwa_trading\system\engine\hmodel.php on line 217
2023-01-12 11:59:12 - PHP Notice:  Undefined index: column in C:\xampp\htdocs\php_milwa_trading\system\engine\hmodel.php on line 220
2023-01-12 11:59:12 - PHP Notice:  Undefined index: ref_document_id in C:\xampp\htdocs\php_milwa_trading\admin\controller\inventory\sale_tax_invoice.php on line 1694
2023-01-12 11:59:12 - PHP Notice:  Undefined index: labour_charges in C:\xampp\htdocs\php_milwa_trading\admin\controller\inventory\sale_tax_invoice.php on line 1775
2023-01-12 11:59:12 - PHP Notice:  Undefined index: misc_charges in C:\xampp\htdocs\php_milwa_trading\admin\controller\inventory\sale_tax_invoice.php on line 1788
2023-01-12 11:59:12 - PHP Notice:  Undefined index: rent_charges in C:\xampp\htdocs\php_milwa_trading\admin\controller\inventory\sale_tax_invoice.php on line 1801
2023-01-12 11:59:12 - PHP Notice:  Undefined index: invoice_type in C:\xampp\htdocs\php_milwa_trading\admin\controller\inventory\sale_tax_invoice.php on line 1851
2023-01-12 11:59:12 - PHP Notice:  Undefined variable: href_gl_mapping_account in C:\xampp\htdocs\php_milwa_trading\admin\view\template\common\column_left.tpl on line 68
2023-01-12 11:59:12 - PHP Notice:  Undefined index: gl_mapping_account in C:\xampp\htdocs\php_milwa_trading\admin\view\template\common\column_left.tpl on line 68
2023-01-12 11:59:12 - PHP Notice:  Undefined variable: href_tool_dashboard in C:\xampp\htdocs\php_milwa_trading\admin\view\template\common\column_left.tpl on line 231
2023-01-12 11:59:12 - PHP Notice:  Undefined index: class in C:\xampp\htdocs\php_milwa_trading\admin\view\template\inventory\sale_tax_invoice_list.tpl on line 19
2023-01-12 11:59:12 - PHP Notice:  Undefined index: class in C:\xampp\htdocs\php_milwa_trading\admin\view\template\inventory\sale_tax_invoice_list.tpl on line 19
2023-01-12 11:59:12 - PHP Notice:  Undefined index: class in C:\xampp\htdocs\php_milwa_trading\admin\view\template\inventory\sale_tax_invoice_list.tpl on line 19
2023-01-12 11:59:12 - PHP Notice:  Undefined variable: column_right in C:\xampp\htdocs\php_milwa_trading\admin\view\template\inventory\sale_tax_invoice_list.tpl on line 79
2023-01-12 11:59:14 - PHP Warning:  implode(): Invalid arguments passed in C:\xampp\htdocs\php_milwa_trading\admin\controller\inventory\sale_tax_invoice.php on line 284
2023-01-12 11:59:14 - PHP Notice:  Undefined index: announcement_id in C:\xampp\htdocs\php_milwa_trading\admin\controller\inventory\sale_tax_invoice.php on line 330
2023-01-12 11:59:14 - PHP Notice:  Undefined variable: href_gl_mapping_account in C:\xampp\htdocs\php_milwa_trading\admin\view\template\common\column_left.tpl on line 68
2023-01-12 11:59:14 - PHP Notice:  Undefined index: gl_mapping_account in C:\xampp\htdocs\php_milwa_trading\admin\view\template\common\column_left.tpl on line 68
2023-01-12 11:59:14 - PHP Notice:  Undefined variable: href_tool_dashboard in C:\xampp\htdocs\php_milwa_trading\admin\view\template\common\column_left.tpl on line 231
2023-01-12 11:59:14 - PHP Notice:  Undefined index: class in C:\xampp\htdocs\php_milwa_trading\admin\view\template\inventory\sale_tax_invoice_form.tpl on line 19
2023-01-12 11:59:14 - PHP Notice:  Undefined index: class in C:\xampp\htdocs\php_milwa_trading\admin\view\template\inventory\sale_tax_invoice_form.tpl on line 19
2023-01-12 11:59:14 - PHP Notice:  Undefined index: class in C:\xampp\htdocs\php_milwa_trading\admin\view\template\inventory\sale_tax_invoice_form.tpl on line 19
2023-01-12 11:59:14 - PHP Notice:  Undefined variable: action_cash_receipt in C:\xampp\htdocs\php_milwa_trading\admin\view\template\inventory\sale_tax_invoice_form.tpl on line 29
2023-01-12 11:59:14 - PHP Notice:  Undefined variable: action in C:\xampp\htdocs\php_milwa_trading\admin\view\template\inventory\sale_tax_invoice_form.tpl on line 96
2023-01-12 11:59:14 - PHP Notice:  Undefined variable: last_rate in C:\xampp\htdocs\php_milwa_trading\admin\view\template\inventory\sale_tax_invoice_form.tpl on line 303
2023-01-12 11:59:14 - PHP Notice:  Undefined index: href in C:\xampp\htdocs\php_milwa_trading\admin\view\template\inventory\sale_tax_invoice_form.tpl on line 344
2023-01-12 11:59:14 - PHP Notice:  Undefined variable: products in C:\xampp\htdocs\php_milwa_trading\admin\view\template\inventory\sale_tax_invoice_form.tpl on line 365
2023-01-12 11:59:14 - PHP Warning:  Invalid argument supplied for foreach() in C:\xampp\htdocs\php_milwa_trading\admin\view\template\inventory\sale_tax_invoice_form.tpl on line 365
2023-01-12 11:59:14 - PHP Notice:  Undefined index: href in C:\xampp\htdocs\php_milwa_trading\admin\view\template\inventory\sale_tax_invoice_form.tpl on line 344
2023-01-12 11:59:14 - PHP Notice:  Undefined variable: products in C:\xampp\htdocs\php_milwa_trading\admin\view\template\inventory\sale_tax_invoice_form.tpl on line 365
2023-01-12 11:59:14 - PHP Warning:  Invalid argument supplied for foreach() in C:\xampp\htdocs\php_milwa_trading\admin\view\template\inventory\sale_tax_invoice_form.tpl on line 365
2023-01-12 11:59:14 - PHP Notice:  Undefined variable: tax_per in C:\xampp\htdocs\php_milwa_trading\admin\view\template\inventory\sale_tax_invoice_form.tpl on line 478
2023-01-12 11:59:14 - PHP Notice:  Undefined variable: action_cash_receipt in C:\xampp\htdocs\php_milwa_trading\admin\view\template\inventory\sale_tax_invoice_form.tpl on line 519
2023-01-12 11:59:14 - PHP Notice:  Undefined variable: products in C:\xampp\htdocs\php_milwa_trading\admin\view\template\inventory\sale_tax_invoice_form.tpl on line 594
2023-01-12 11:59:14 - PHP Notice:  Undefined variable: column_right in C:\xampp\htdocs\php_milwa_trading\admin\view\template\inventory\sale_tax_invoice_form.tpl on line 735
2023-01-12 11:59:36 - PHP Warning:  implode(): Invalid arguments passed in C:\xampp\htdocs\php_milwa_trading\admin\controller\inventory\sale_tax_invoice.php on line 284
2023-01-12 11:59:36 - PHP Notice:  Undefined index: announcement_id in C:\xampp\htdocs\php_milwa_trading\admin\controller\inventory\sale_tax_invoice.php on line 330
2023-01-12 11:59:36 - PHP Notice:  Undefined variable: href_gl_mapping_account in C:\xampp\htdocs\php_milwa_trading\admin\view\template\common\column_left.tpl on line 68
2023-01-12 11:59:36 - PHP Notice:  Undefined index: gl_mapping_account in C:\xampp\htdocs\php_milwa_trading\admin\view\template\common\column_left.tpl on line 68
2023-01-12 11:59:36 - PHP Notice:  Undefined variable: href_tool_dashboard in C:\xampp\htdocs\php_milwa_trading\admin\view\template\common\column_left.tpl on line 231
2023-01-12 11:59:36 - PHP Notice:  Undefined index: class in C:\xampp\htdocs\php_milwa_trading\admin\view\template\inventory\sale_tax_invoice_form.tpl on line 19
2023-01-12 11:59:36 - PHP Notice:  Undefined index: class in C:\xampp\htdocs\php_milwa_trading\admin\view\template\inventory\sale_tax_invoice_form.tpl on line 19
2023-01-12 11:59:36 - PHP Notice:  Undefined index: class in C:\xampp\htdocs\php_milwa_trading\admin\view\template\inventory\sale_tax_invoice_form.tpl on line 19
2023-01-12 11:59:36 - PHP Notice:  Undefined variable: action_cash_receipt in C:\xampp\htdocs\php_milwa_trading\admin\view\template\inventory\sale_tax_invoice_form.tpl on line 29
2023-01-12 11:59:36 - PHP Notice:  Undefined variable: action in C:\xampp\htdocs\php_milwa_trading\admin\view\template\inventory\sale_tax_invoice_form.tpl on line 96
2023-01-12 11:59:36 - PHP Notice:  Undefined variable: last_rate in C:\xampp\htdocs\php_milwa_trading\admin\view\template\inventory\sale_tax_invoice_form.tpl on line 303
2023-01-12 11:59:36 - PHP Notice:  Undefined index: href in C:\xampp\htdocs\php_milwa_trading\admin\view\template\inventory\sale_tax_invoice_form.tpl on line 344
2023-01-12 11:59:36 - PHP Notice:  Undefined variable: products in C:\xampp\htdocs\php_milwa_trading\admin\view\template\inventory\sale_tax_invoice_form.tpl on line 365
2023-01-12 11:59:36 - PHP Warning:  Invalid argument supplied for foreach() in C:\xampp\htdocs\php_milwa_trading\admin\view\template\inventory\sale_tax_invoice_form.tpl on line 365
2023-01-12 11:59:36 - PHP Notice:  Undefined index: href in C:\xampp\htdocs\php_milwa_trading\admin\view\template\inventory\sale_tax_invoice_form.tpl on line 344
2023-01-12 11:59:36 - PHP Notice:  Undefined variable: products in C:\xampp\htdocs\php_milwa_trading\admin\view\template\inventory\sale_tax_invoice_form.tpl on line 365
2023-01-12 11:59:36 - PHP Warning:  Invalid argument supplied for foreach() in C:\xampp\htdocs\php_milwa_trading\admin\view\template\inventory\sale_tax_invoice_form.tpl on line 365
2023-01-12 11:59:36 - PHP Notice:  Undefined variable: tax_per in C:\xampp\htdocs\php_milwa_trading\admin\view\template\inventory\sale_tax_invoice_form.tpl on line 478
2023-01-12 11:59:36 - PHP Notice:  Undefined variable: action_cash_receipt in C:\xampp\htdocs\php_milwa_trading\admin\view\template\inventory\sale_tax_invoice_form.tpl on line 519
2023-01-12 11:59:36 - PHP Notice:  Undefined variable: products in C:\xampp\htdocs\php_milwa_trading\admin\view\template\inventory\sale_tax_invoice_form.tpl on line 594
2023-01-12 11:59:36 - PHP Notice:  Undefined variable: column_right in C:\xampp\htdocs\php_milwa_trading\admin\view\template\inventory\sale_tax_invoice_form.tpl on line 735
