2022-07-19 10:09:00 - PHP Notice:  Undefined index: db_name in C:\xampp\htdocs\php_milwa_trading\system\engine\hmodel.php on line 12
2022-07-19 10:09:01 - PHP Warning:  Invalid argument supplied for foreach() in C:\xampp\htdocs\php_milwa_trading\admin\view\template\common\preset.tpl on line 52
2022-07-19 10:11:35 - PHP Notice:  Undefined index: db_name in C:\xampp\htdocs\php_milwa_trading\system\engine\hmodel.php on line 12
2022-07-19 10:11:35 - PHP Notice:  Undefined index: case_id in C:\xampp\htdocs\php_milwa_trading\admin\controller\common\home.php on line 55
2022-07-19 10:11:35 - PHP Notice:  Undefined index: case_id in C:\xampp\htdocs\php_milwa_trading\admin\controller\common\home.php on line 56
2022-07-19 10:11:37 - PHP Notice:  Undefined variable: href_gl_mapping_account in C:\xampp\htdocs\php_milwa_trading\admin\view\template\common\column_left.tpl on line 66
2022-07-19 10:11:37 - PHP Notice:  Undefined index: gl_mapping_account in C:\xampp\htdocs\php_milwa_trading\admin\view\template\common\column_left.tpl on line 66
2022-07-19 10:11:37 - PHP Notice:  Undefined variable: href_tool_dashboard in C:\xampp\htdocs\php_milwa_trading\admin\view\template\common\column_left.tpl on line 229
2022-07-19 10:11:38 - PHP Notice:  Undefined variable: sale_order_details in C:\xampp\htdocs\php_milwa_trading\admin\view\template\common\home.tpl on line 174
2022-07-19 10:11:38 - PHP Warning:  Invalid argument supplied for foreach() in C:\xampp\htdocs\php_milwa_trading\admin\view\template\common\home.tpl on line 174
2022-07-19 10:11:38 - PHP Notice:  Undefined variable: bank_receipts in C:\xampp\htdocs\php_milwa_trading\admin\view\template\common\home.tpl on line 258
2022-07-19 10:11:38 - PHP Warning:  Invalid argument supplied for foreach() in C:\xampp\htdocs\php_milwa_trading\admin\view\template\common\home.tpl on line 258
2022-07-19 10:11:45 - PHP Notice:  Undefined variable: href_gl_mapping_account in C:\xampp\htdocs\php_milwa_trading\admin\view\template\common\column_left.tpl on line 66
2022-07-19 10:11:45 - PHP Notice:  Undefined index: gl_mapping_account in C:\xampp\htdocs\php_milwa_trading\admin\view\template\common\column_left.tpl on line 66
2022-07-19 10:11:45 - PHP Notice:  Undefined variable: href_tool_dashboard in C:\xampp\htdocs\php_milwa_trading\admin\view\template\common\column_left.tpl on line 229
2022-07-19 10:11:45 - PHP Notice:  Undefined index: class in C:\xampp\htdocs\php_milwa_trading\admin\view\template\gl\receipts_list.tpl on line 19
2022-07-19 10:11:45 - PHP Notice:  Undefined index: class in C:\xampp\htdocs\php_milwa_trading\admin\view\template\gl\receipts_list.tpl on line 19
2022-07-19 10:11:45 - PHP Notice:  Undefined index: class in C:\xampp\htdocs\php_milwa_trading\admin\view\template\gl\receipts_list.tpl on line 19
2022-07-19 10:11:45 - PHP Notice:  Undefined variable: column_right in C:\xampp\htdocs\php_milwa_trading\admin\view\template\gl\receipts_list.tpl on line 79
2022-07-19 10:11:59 - PHP Notice:  Undefined variable: href_gl_mapping_account in C:\xampp\htdocs\php_milwa_trading\admin\view\template\common\column_left.tpl on line 66
2022-07-19 10:11:59 - PHP Notice:  Undefined index: gl_mapping_account in C:\xampp\htdocs\php_milwa_trading\admin\view\template\common\column_left.tpl on line 66
2022-07-19 10:11:59 - PHP Notice:  Undefined variable: href_tool_dashboard in C:\xampp\htdocs\php_milwa_trading\admin\view\template\common\column_left.tpl on line 229
2022-07-19 10:11:59 - PHP Notice:  Undefined index: class in C:\xampp\htdocs\php_milwa_trading\admin\view\template\gl\receipts_list.tpl on line 19
2022-07-19 10:11:59 - PHP Notice:  Undefined index: class in C:\xampp\htdocs\php_milwa_trading\admin\view\template\gl\receipts_list.tpl on line 19
2022-07-19 10:11:59 - PHP Notice:  Undefined index: class in C:\xampp\htdocs\php_milwa_trading\admin\view\template\gl\receipts_list.tpl on line 19
2022-07-19 10:11:59 - PHP Notice:  Undefined variable: column_right in C:\xampp\htdocs\php_milwa_trading\admin\view\template\gl\receipts_list.tpl on line 79
2022-07-19 10:12:01 - PHP Notice:  Undefined index: receipt_id in C:\xampp\htdocs\php_milwa_trading\system\engine\hcontroller.php on line 223
2022-07-19 10:12:01 - PHP Notice:  Undefined index: receipt_id in C:\xampp\htdocs\php_milwa_trading\system\engine\hcontroller.php on line 224
2022-07-19 10:12:01 - PHP Notice:  Undefined index: receipt_id in C:\xampp\htdocs\php_milwa_trading\admin\controller\gl\receipts.php on line 330
2022-07-19 10:12:01 - PHP Notice:  Undefined index: receipt_id in C:\xampp\htdocs\php_milwa_trading\admin\controller\gl\receipts.php on line 339
2022-07-19 10:12:01 - PHP Notice:  Undefined index: receipt_id in C:\xampp\htdocs\php_milwa_trading\admin\controller\gl\receipts.php on line 340
2022-07-19 10:12:01 - PHP Notice:  Undefined index: receipt_id in C:\xampp\htdocs\php_milwa_trading\admin\controller\gl\receipts.php on line 341
2022-07-19 10:12:01 - PHP Notice:  Undefined variable: href_gl_mapping_account in C:\xampp\htdocs\php_milwa_trading\admin\view\template\common\column_left.tpl on line 66
2022-07-19 10:12:01 - PHP Notice:  Undefined index: gl_mapping_account in C:\xampp\htdocs\php_milwa_trading\admin\view\template\common\column_left.tpl on line 66
2022-07-19 10:12:01 - PHP Notice:  Undefined variable: href_tool_dashboard in C:\xampp\htdocs\php_milwa_trading\admin\view\template\common\column_left.tpl on line 229
2022-07-19 10:12:02 - PHP Notice:  Undefined index: class in C:\xampp\htdocs\php_milwa_trading\admin\view\template\gl\receipts_form.tpl on line 18
2022-07-19 10:12:02 - PHP Notice:  Undefined index: class in C:\xampp\htdocs\php_milwa_trading\admin\view\template\gl\receipts_form.tpl on line 18
2022-07-19 10:12:02 - PHP Notice:  Undefined index: class in C:\xampp\htdocs\php_milwa_trading\admin\view\template\gl\receipts_form.tpl on line 18
2022-07-19 10:12:02 - PHP Notice:  Undefined variable: is_post in C:\xampp\htdocs\php_milwa_trading\admin\view\template\gl\receipts_form.tpl on line 53
2022-07-19 10:12:02 - PHP Notice:  Undefined variable: document_type_id in C:\xampp\htdocs\php_milwa_trading\admin\view\template\gl\receipts_form.tpl on line 80
2022-07-19 10:12:02 - PHP Notice:  Undefined variable: document_id in C:\xampp\htdocs\php_milwa_trading\admin\view\template\gl\receipts_form.tpl on line 81
2022-07-19 10:12:02 - PHP Notice:  Undefined variable: action in C:\xampp\htdocs\php_milwa_trading\admin\view\template\gl\receipts_form.tpl on line 82
2022-07-19 10:12:02 - PHP Notice:  Undefined variable: manual_ref_no in C:\xampp\htdocs\php_milwa_trading\admin\view\template\gl\receipts_form.tpl on line 99
2022-07-19 10:12:02 - PHP Notice:  Undefined variable: transaction_account_id in C:\xampp\htdocs\php_milwa_trading\admin\view\template\gl\receipts_form.tpl on line 108
2022-07-19 10:12:02 - PHP Notice:  Undefined variable: transaction_account_id in C:\xampp\htdocs\php_milwa_trading\admin\view\template\gl\receipts_form.tpl on line 108
2022-07-19 10:12:02 - PHP Notice:  Undefined variable: transaction_account_id in C:\xampp\htdocs\php_milwa_trading\admin\view\template\gl\receipts_form.tpl on line 108
2022-07-19 10:12:02 - PHP Notice:  Undefined variable: transaction_account_id in C:\xampp\htdocs\php_milwa_trading\admin\view\template\gl\receipts_form.tpl on line 108
2022-07-19 10:12:02 - PHP Notice:  Undefined variable: transaction_account_id in C:\xampp\htdocs\php_milwa_trading\admin\view\template\gl\receipts_form.tpl on line 108
2022-07-19 10:12:02 - PHP Notice:  Undefined variable: partner_type_id in C:\xampp\htdocs\php_milwa_trading\admin\view\template\gl\receipts_form.tpl on line 122
2022-07-19 10:12:02 - PHP Notice:  Undefined variable: partner_type_id in C:\xampp\htdocs\php_milwa_trading\admin\view\template\gl\receipts_form.tpl on line 122
2022-07-19 10:12:02 - PHP Notice:  Undefined variable: partner_categorys in C:\xampp\htdocs\php_milwa_trading\admin\view\template\gl\receipts_form.tpl on line 133
2022-07-19 10:12:02 - PHP Warning:  Invalid argument supplied for foreach() in C:\xampp\htdocs\php_milwa_trading\admin\view\template\gl\receipts_form.tpl on line 133
2022-07-19 10:12:02 - PHP Notice:  Undefined variable: job_carts in C:\xampp\htdocs\php_milwa_trading\admin\view\template\gl\receipts_form.tpl on line 188
2022-07-19 10:12:02 - PHP Warning:  Invalid argument supplied for foreach() in C:\xampp\htdocs\php_milwa_trading\admin\view\template\gl\receipts_form.tpl on line 188
2022-07-19 10:12:02 - PHP Notice:  Undefined variable: wht_per in C:\xampp\htdocs\php_milwa_trading\admin\view\template\gl\receipts_form.tpl on line 199
2022-07-19 10:12:02 - PHP Notice:  Undefined variable: bank_name in C:\xampp\htdocs\php_milwa_trading\admin\view\template\gl\receipts_form.tpl on line 207
2022-07-19 10:12:02 - PHP Notice:  Undefined variable: cheque_date in C:\xampp\htdocs\php_milwa_trading\admin\view\template\gl\receipts_form.tpl on line 213
2022-07-19 10:12:02 - PHP Notice:  Undefined variable: cheque_no in C:\xampp\htdocs\php_milwa_trading\admin\view\template\gl\receipts_form.tpl on line 219
2022-07-19 10:12:02 - PHP Notice:  Undefined variable: remarks in C:\xampp\htdocs\php_milwa_trading\admin\view\template\gl\receipts_form.tpl on line 227
2022-07-19 10:12:02 - PHP Notice:  Undefined variable: receipt_details in C:\xampp\htdocs\php_milwa_trading\admin\view\template\gl\receipts_form.tpl on line 286
2022-07-19 10:12:02 - PHP Warning:  Invalid argument supplied for foreach() in C:\xampp\htdocs\php_milwa_trading\admin\view\template\gl\receipts_form.tpl on line 286
2022-07-19 10:12:02 - PHP Notice:  Undefined variable: total_amount in C:\xampp\htdocs\php_milwa_trading\admin\view\template\gl\receipts_form.tpl on line 370
2022-07-19 10:12:02 - PHP Notice:  Undefined variable: wht_tax_per in C:\xampp\htdocs\php_milwa_trading\admin\view\template\gl\receipts_form.tpl on line 376
2022-07-19 10:12:02 - PHP Notice:  Undefined variable: total_wht_amount in C:\xampp\htdocs\php_milwa_trading\admin\view\template\gl\receipts_form.tpl on line 382
2022-07-19 10:12:02 - PHP Notice:  Undefined variable: ot_tax_per in C:\xampp\htdocs\php_milwa_trading\admin\view\template\gl\receipts_form.tpl on line 388
2022-07-19 10:12:02 - PHP Notice:  Undefined variable: total_other_tax_amount in C:\xampp\htdocs\php_milwa_trading\admin\view\template\gl\receipts_form.tpl on line 394
2022-07-19 10:12:02 - PHP Notice:  Undefined variable: total_net_amount in C:\xampp\htdocs\php_milwa_trading\admin\view\template\gl\receipts_form.tpl on line 400
2022-07-19 10:12:02 - PHP Notice:  Undefined variable: is_post in C:\xampp\htdocs\php_milwa_trading\admin\view\template\gl\receipts_form.tpl on line 434
2022-07-19 10:12:02 - PHP Notice:  Undefined variable: isEdit in C:\xampp\htdocs\php_milwa_trading\admin\view\template\gl\receipts_form.tpl on line 454
2022-07-19 10:12:02 - PHP Notice:  Undefined index: sale_tax_invoice_id in C:\xampp\htdocs\php_milwa_trading\admin\view\template\gl\receipts_form.tpl on line 455
2022-07-19 10:12:02 - PHP Notice:  Undefined variable: partner_id in C:\xampp\htdocs\php_milwa_trading\admin\view\template\gl\receipts_form.tpl on line 457
2022-07-19 10:12:02 - PHP Notice:  Undefined variable: coa_l3 in C:\xampp\htdocs\php_milwa_trading\admin\view\template\gl\receipts_form.tpl on line 465
2022-07-19 10:12:02 - PHP Notice:  Undefined variable: sub_project_id in C:\xampp\htdocs\php_milwa_trading\admin\view\template\gl\receipts_form.tpl on line 471
2022-07-19 10:12:02 - PHP Notice:  Undefined index: receipt_id in C:\xampp\htdocs\php_milwa_trading\admin\view\template\gl\receipts_form.tpl on line 474
2022-07-19 10:12:02 - PHP Notice:  Undefined variable: column_right in C:\xampp\htdocs\php_milwa_trading\admin\view\template\gl\receipts_form.tpl on line 484
2022-07-19 10:12:51 - PHP Notice:  Undefined index: total_wht_amount in C:\xampp\htdocs\php_milwa_trading\admin\controller\gl\receipts.php on line 553
2022-07-19 10:12:51 - PHP Notice:  Undefined index: total_other_tax_amount in C:\xampp\htdocs\php_milwa_trading\admin\controller\gl\receipts.php on line 554
2022-07-19 10:12:52 - PHP Warning:  mysqli::real_escape_string() expects parameter 1 to be string, array given in C:\xampp\htdocs\php_milwa_trading\system\database\dbmysqli.php on line 93
2022-07-19 10:12:52 - PHP Notice:  Undefined index: wht_amount in C:\xampp\htdocs\php_milwa_trading\admin\controller\gl\receipts.php on line 610
2022-07-19 10:12:52 - PHP Notice:  Undefined index: other_tax_amount in C:\xampp\htdocs\php_milwa_trading\admin\controller\gl\receipts.php on line 611
2022-07-19 10:12:52 - PHP Notice:  Undefined index: cheque_date in C:\xampp\htdocs\php_milwa_trading\admin\controller\gl\receipts.php on line 634
2022-07-19 10:12:52 - PHP Notice:  Undefined index: wht_amount in C:\xampp\htdocs\php_milwa_trading\admin\controller\gl\receipts.php on line 641
2022-07-19 10:12:52 - PHP Notice:  Undefined index: other_tax_amount in C:\xampp\htdocs\php_milwa_trading\admin\controller\gl\receipts.php on line 665
2022-07-19 10:12:52 - PHP Notice:  Undefined variable: href_gl_mapping_account in C:\xampp\htdocs\php_milwa_trading\admin\view\template\common\column_left.tpl on line 66
2022-07-19 10:12:52 - PHP Notice:  Undefined index: gl_mapping_account in C:\xampp\htdocs\php_milwa_trading\admin\view\template\common\column_left.tpl on line 66
2022-07-19 10:12:52 - PHP Notice:  Undefined variable: href_tool_dashboard in C:\xampp\htdocs\php_milwa_trading\admin\view\template\common\column_left.tpl on line 229
2022-07-19 10:12:52 - PHP Notice:  Undefined index: class in C:\xampp\htdocs\php_milwa_trading\admin\view\template\gl\receipts_list.tpl on line 19
2022-07-19 10:12:52 - PHP Notice:  Undefined index: class in C:\xampp\htdocs\php_milwa_trading\admin\view\template\gl\receipts_list.tpl on line 19
2022-07-19 10:12:52 - PHP Notice:  Undefined index: class in C:\xampp\htdocs\php_milwa_trading\admin\view\template\gl\receipts_list.tpl on line 19
2022-07-19 10:12:52 - PHP Notice:  Undefined variable: column_right in C:\xampp\htdocs\php_milwa_trading\admin\view\template\gl\receipts_list.tpl on line 79
2022-07-19 10:12:55 - PHP Notice:  Undefined variable: href_gl_mapping_account in C:\xampp\htdocs\php_milwa_trading\admin\view\template\common\column_left.tpl on line 66
2022-07-19 10:12:55 - PHP Notice:  Undefined index: gl_mapping_account in C:\xampp\htdocs\php_milwa_trading\admin\view\template\common\column_left.tpl on line 66
2022-07-19 10:12:55 - PHP Notice:  Undefined variable: href_tool_dashboard in C:\xampp\htdocs\php_milwa_trading\admin\view\template\common\column_left.tpl on line 229
2022-07-19 10:12:55 - PHP Notice:  Undefined index: class in C:\xampp\htdocs\php_milwa_trading\admin\view\template\gl\receipts_form.tpl on line 18
2022-07-19 10:12:55 - PHP Notice:  Undefined index: class in C:\xampp\htdocs\php_milwa_trading\admin\view\template\gl\receipts_form.tpl on line 18
2022-07-19 10:12:55 - PHP Notice:  Undefined index: class in C:\xampp\htdocs\php_milwa_trading\admin\view\template\gl\receipts_form.tpl on line 18
2022-07-19 10:12:55 - PHP Notice:  Undefined variable: action in C:\xampp\htdocs\php_milwa_trading\admin\view\template\gl\receipts_form.tpl on line 82
2022-07-19 10:12:55 - PHP Notice:  Undefined variable: partner_categorys in C:\xampp\htdocs\php_milwa_trading\admin\view\template\gl\receipts_form.tpl on line 133
2022-07-19 10:12:55 - PHP Warning:  Invalid argument supplied for foreach() in C:\xampp\htdocs\php_milwa_trading\admin\view\template\gl\receipts_form.tpl on line 133
2022-07-19 10:12:55 - PHP Notice:  Undefined variable: job_carts in C:\xampp\htdocs\php_milwa_trading\admin\view\template\gl\receipts_form.tpl on line 188
2022-07-19 10:12:55 - PHP Warning:  Invalid argument supplied for foreach() in C:\xampp\htdocs\php_milwa_trading\admin\view\template\gl\receipts_form.tpl on line 188
2022-07-19 10:12:55 - PHP Notice:  Undefined variable: wht_per in C:\xampp\htdocs\php_milwa_trading\admin\view\template\gl\receipts_form.tpl on line 199
2022-07-19 10:12:55 - PHP Notice:  Undefined variable: bank_name in C:\xampp\htdocs\php_milwa_trading\admin\view\template\gl\receipts_form.tpl on line 207
2022-07-19 10:12:55 - PHP Notice:  Undefined variable: cheque_date in C:\xampp\htdocs\php_milwa_trading\admin\view\template\gl\receipts_form.tpl on line 213
2022-07-19 10:12:55 - PHP Notice:  Undefined variable: cheque_no in C:\xampp\htdocs\php_milwa_trading\admin\view\template\gl\receipts_form.tpl on line 219
2022-07-19 10:12:55 - PHP Notice:  Undefined index: sale_tax_invoice_id in C:\xampp\htdocs\php_milwa_trading\admin\view\template\gl\receipts_form.tpl on line 455
2022-07-19 10:12:55 - PHP Notice:  Undefined variable: coa_l3 in C:\xampp\htdocs\php_milwa_trading\admin\view\template\gl\receipts_form.tpl on line 465
2022-07-19 10:12:55 - PHP Notice:  Undefined variable: column_right in C:\xampp\htdocs\php_milwa_trading\admin\view\template\gl\receipts_form.tpl on line 484
2022-07-19 10:13:04 - PHP Notice:  Undefined variable: href_gl_mapping_account in C:\xampp\htdocs\php_milwa_trading\admin\view\template\common\column_left.tpl on line 66
2022-07-19 10:13:04 - PHP Notice:  Undefined index: gl_mapping_account in C:\xampp\htdocs\php_milwa_trading\admin\view\template\common\column_left.tpl on line 66
2022-07-19 10:13:04 - PHP Notice:  Undefined variable: href_tool_dashboard in C:\xampp\htdocs\php_milwa_trading\admin\view\template\common\column_left.tpl on line 229
2022-07-19 10:13:04 - PHP Notice:  Undefined index: class in C:\xampp\htdocs\php_milwa_trading\admin\view\template\gl\receipts_list.tpl on line 19
2022-07-19 10:13:04 - PHP Notice:  Undefined index: class in C:\xampp\htdocs\php_milwa_trading\admin\view\template\gl\receipts_list.tpl on line 19
2022-07-19 10:13:04 - PHP Notice:  Undefined index: class in C:\xampp\htdocs\php_milwa_trading\admin\view\template\gl\receipts_list.tpl on line 19
2022-07-19 10:13:04 - PHP Notice:  Undefined variable: column_right in C:\xampp\htdocs\php_milwa_trading\admin\view\template\gl\receipts_list.tpl on line 79
2022-07-19 10:13:05 - PHP Notice:  Undefined index: receipt_id in C:\xampp\htdocs\php_milwa_trading\system\engine\hcontroller.php on line 223
2022-07-19 10:13:05 - PHP Notice:  Undefined index: receipt_id in C:\xampp\htdocs\php_milwa_trading\system\engine\hcontroller.php on line 224
2022-07-19 10:13:05 - PHP Notice:  Undefined index: receipt_id in C:\xampp\htdocs\php_milwa_trading\admin\controller\gl\receipts.php on line 330
2022-07-19 10:13:06 - PHP Notice:  Undefined index: receipt_id in C:\xampp\htdocs\php_milwa_trading\admin\controller\gl\receipts.php on line 339
2022-07-19 10:13:06 - PHP Notice:  Undefined index: receipt_id in C:\xampp\htdocs\php_milwa_trading\admin\controller\gl\receipts.php on line 340
2022-07-19 10:13:06 - PHP Notice:  Undefined index: receipt_id in C:\xampp\htdocs\php_milwa_trading\admin\controller\gl\receipts.php on line 341
2022-07-19 10:13:06 - PHP Notice:  Undefined variable: href_gl_mapping_account in C:\xampp\htdocs\php_milwa_trading\admin\view\template\common\column_left.tpl on line 66
2022-07-19 10:13:06 - PHP Notice:  Undefined index: gl_mapping_account in C:\xampp\htdocs\php_milwa_trading\admin\view\template\common\column_left.tpl on line 66
2022-07-19 10:13:06 - PHP Notice:  Undefined variable: href_tool_dashboard in C:\xampp\htdocs\php_milwa_trading\admin\view\template\common\column_left.tpl on line 229
2022-07-19 10:13:06 - PHP Notice:  Undefined index: class in C:\xampp\htdocs\php_milwa_trading\admin\view\template\gl\receipts_form.tpl on line 18
2022-07-19 10:13:06 - PHP Notice:  Undefined index: class in C:\xampp\htdocs\php_milwa_trading\admin\view\template\gl\receipts_form.tpl on line 18
2022-07-19 10:13:06 - PHP Notice:  Undefined index: class in C:\xampp\htdocs\php_milwa_trading\admin\view\template\gl\receipts_form.tpl on line 18
2022-07-19 10:13:06 - PHP Notice:  Undefined variable: is_post in C:\xampp\htdocs\php_milwa_trading\admin\view\template\gl\receipts_form.tpl on line 53
2022-07-19 10:13:06 - PHP Notice:  Undefined variable: document_type_id in C:\xampp\htdocs\php_milwa_trading\admin\view\template\gl\receipts_form.tpl on line 80
2022-07-19 10:13:06 - PHP Notice:  Undefined variable: document_id in C:\xampp\htdocs\php_milwa_trading\admin\view\template\gl\receipts_form.tpl on line 81
2022-07-19 10:13:06 - PHP Notice:  Undefined variable: action in C:\xampp\htdocs\php_milwa_trading\admin\view\template\gl\receipts_form.tpl on line 82
2022-07-19 10:13:06 - PHP Notice:  Undefined variable: manual_ref_no in C:\xampp\htdocs\php_milwa_trading\admin\view\template\gl\receipts_form.tpl on line 99
2022-07-19 10:13:06 - PHP Notice:  Undefined variable: transaction_account_id in C:\xampp\htdocs\php_milwa_trading\admin\view\template\gl\receipts_form.tpl on line 108
2022-07-19 10:13:06 - PHP Notice:  Undefined variable: transaction_account_id in C:\xampp\htdocs\php_milwa_trading\admin\view\template\gl\receipts_form.tpl on line 108
2022-07-19 10:13:06 - PHP Notice:  Undefined variable: transaction_account_id in C:\xampp\htdocs\php_milwa_trading\admin\view\template\gl\receipts_form.tpl on line 108
2022-07-19 10:13:06 - PHP Notice:  Undefined variable: transaction_account_id in C:\xampp\htdocs\php_milwa_trading\admin\view\template\gl\receipts_form.tpl on line 108
2022-07-19 10:13:06 - PHP Notice:  Undefined variable: transaction_account_id in C:\xampp\htdocs\php_milwa_trading\admin\view\template\gl\receipts_form.tpl on line 108
2022-07-19 10:13:06 - PHP Notice:  Undefined variable: partner_type_id in C:\xampp\htdocs\php_milwa_trading\admin\view\template\gl\receipts_form.tpl on line 122
2022-07-19 10:13:06 - PHP Notice:  Undefined variable: partner_type_id in C:\xampp\htdocs\php_milwa_trading\admin\view\template\gl\receipts_form.tpl on line 122
2022-07-19 10:13:06 - PHP Notice:  Undefined variable: partner_categorys in C:\xampp\htdocs\php_milwa_trading\admin\view\template\gl\receipts_form.tpl on line 133
2022-07-19 10:13:06 - PHP Warning:  Invalid argument supplied for foreach() in C:\xampp\htdocs\php_milwa_trading\admin\view\template\gl\receipts_form.tpl on line 133
2022-07-19 10:13:06 - PHP Notice:  Undefined variable: job_carts in C:\xampp\htdocs\php_milwa_trading\admin\view\template\gl\receipts_form.tpl on line 188
2022-07-19 10:13:06 - PHP Warning:  Invalid argument supplied for foreach() in C:\xampp\htdocs\php_milwa_trading\admin\view\template\gl\receipts_form.tpl on line 188
2022-07-19 10:13:06 - PHP Notice:  Undefined variable: wht_per in C:\xampp\htdocs\php_milwa_trading\admin\view\template\gl\receipts_form.tpl on line 199
2022-07-19 10:13:06 - PHP Notice:  Undefined variable: bank_name in C:\xampp\htdocs\php_milwa_trading\admin\view\template\gl\receipts_form.tpl on line 207
2022-07-19 10:13:06 - PHP Notice:  Undefined variable: cheque_date in C:\xampp\htdocs\php_milwa_trading\admin\view\template\gl\receipts_form.tpl on line 213
2022-07-19 10:13:06 - PHP Notice:  Undefined variable: cheque_no in C:\xampp\htdocs\php_milwa_trading\admin\view\template\gl\receipts_form.tpl on line 219
2022-07-19 10:13:06 - PHP Notice:  Undefined variable: remarks in C:\xampp\htdocs\php_milwa_trading\admin\view\template\gl\receipts_form.tpl on line 227
2022-07-19 10:13:06 - PHP Notice:  Undefined variable: receipt_details in C:\xampp\htdocs\php_milwa_trading\admin\view\template\gl\receipts_form.tpl on line 286
2022-07-19 10:13:06 - PHP Warning:  Invalid argument supplied for foreach() in C:\xampp\htdocs\php_milwa_trading\admin\view\template\gl\receipts_form.tpl on line 286
2022-07-19 10:13:06 - PHP Notice:  Undefined variable: total_amount in C:\xampp\htdocs\php_milwa_trading\admin\view\template\gl\receipts_form.tpl on line 370
2022-07-19 10:13:06 - PHP Notice:  Undefined variable: wht_tax_per in C:\xampp\htdocs\php_milwa_trading\admin\view\template\gl\receipts_form.tpl on line 376
2022-07-19 10:13:06 - PHP Notice:  Undefined variable: total_wht_amount in C:\xampp\htdocs\php_milwa_trading\admin\view\template\gl\receipts_form.tpl on line 382
2022-07-19 10:13:06 - PHP Notice:  Undefined variable: ot_tax_per in C:\xampp\htdocs\php_milwa_trading\admin\view\template\gl\receipts_form.tpl on line 388
2022-07-19 10:13:06 - PHP Notice:  Undefined variable: total_other_tax_amount in C:\xampp\htdocs\php_milwa_trading\admin\view\template\gl\receipts_form.tpl on line 394
2022-07-19 10:13:06 - PHP Notice:  Undefined variable: total_net_amount in C:\xampp\htdocs\php_milwa_trading\admin\view\template\gl\receipts_form.tpl on line 400
2022-07-19 10:13:06 - PHP Notice:  Undefined variable: is_post in C:\xampp\htdocs\php_milwa_trading\admin\view\template\gl\receipts_form.tpl on line 434
2022-07-19 10:13:06 - PHP Notice:  Undefined variable: isEdit in C:\xampp\htdocs\php_milwa_trading\admin\view\template\gl\receipts_form.tpl on line 454
2022-07-19 10:13:06 - PHP Notice:  Undefined index: sale_tax_invoice_id in C:\xampp\htdocs\php_milwa_trading\admin\view\template\gl\receipts_form.tpl on line 455
2022-07-19 10:13:06 - PHP Notice:  Undefined variable: partner_id in C:\xampp\htdocs\php_milwa_trading\admin\view\template\gl\receipts_form.tpl on line 457
2022-07-19 10:13:06 - PHP Notice:  Undefined variable: coa_l3 in C:\xampp\htdocs\php_milwa_trading\admin\view\template\gl\receipts_form.tpl on line 465
2022-07-19 10:13:06 - PHP Notice:  Undefined variable: sub_project_id in C:\xampp\htdocs\php_milwa_trading\admin\view\template\gl\receipts_form.tpl on line 471
2022-07-19 10:13:06 - PHP Notice:  Undefined index: receipt_id in C:\xampp\htdocs\php_milwa_trading\admin\view\template\gl\receipts_form.tpl on line 474
2022-07-19 10:13:06 - PHP Notice:  Undefined variable: column_right in C:\xampp\htdocs\php_milwa_trading\admin\view\template\gl\receipts_form.tpl on line 484
2022-07-19 10:13:22 - PHP Notice:  Undefined variable: href_gl_mapping_account in C:\xampp\htdocs\php_milwa_trading\admin\view\template\common\column_left.tpl on line 66
2022-07-19 10:13:23 - PHP Notice:  Undefined index: gl_mapping_account in C:\xampp\htdocs\php_milwa_trading\admin\view\template\common\column_left.tpl on line 66
2022-07-19 10:13:23 - PHP Notice:  Undefined variable: href_tool_dashboard in C:\xampp\htdocs\php_milwa_trading\admin\view\template\common\column_left.tpl on line 229
2022-07-19 10:13:23 - PHP Notice:  Undefined index: class in C:\xampp\htdocs\php_milwa_trading\admin\view\template\gl\receipts_list.tpl on line 19
2022-07-19 10:13:23 - PHP Notice:  Undefined index: class in C:\xampp\htdocs\php_milwa_trading\admin\view\template\gl\receipts_list.tpl on line 19
2022-07-19 10:13:23 - PHP Notice:  Undefined index: class in C:\xampp\htdocs\php_milwa_trading\admin\view\template\gl\receipts_list.tpl on line 19
2022-07-19 10:13:23 - PHP Notice:  Undefined variable: column_right in C:\xampp\htdocs\php_milwa_trading\admin\view\template\gl\receipts_list.tpl on line 79
2022-07-19 10:15:51 - PHP Warning:  Declaration of ControllerInventoryDeliveryChallan::validateDelete($primary_key) should be compatible with HController::validateDelete($id = '') in C:\xampp\htdocs\php_milwa_trading\admin\controller\inventory\delivery_challan.php on line 1661
2022-07-19 10:15:51 - PHP Notice:  Undefined variable: href_gl_mapping_account in C:\xampp\htdocs\php_milwa_trading\admin\view\template\common\column_left.tpl on line 66
2022-07-19 10:15:51 - PHP Notice:  Undefined index: gl_mapping_account in C:\xampp\htdocs\php_milwa_trading\admin\view\template\common\column_left.tpl on line 66
2022-07-19 10:15:51 - PHP Notice:  Undefined variable: href_tool_dashboard in C:\xampp\htdocs\php_milwa_trading\admin\view\template\common\column_left.tpl on line 229
2022-07-19 10:15:51 - PHP Notice:  Undefined index: class in C:\xampp\htdocs\php_milwa_trading\admin\view\template\inventory\delivery_challan_list.tpl on line 19
2022-07-19 10:15:51 - PHP Notice:  Undefined index: class in C:\xampp\htdocs\php_milwa_trading\admin\view\template\inventory\delivery_challan_list.tpl on line 19
2022-07-19 10:15:52 - PHP Notice:  Undefined index: class in C:\xampp\htdocs\php_milwa_trading\admin\view\template\inventory\delivery_challan_list.tpl on line 19
2022-07-19 10:15:52 - PHP Notice:  Undefined variable: column_right in C:\xampp\htdocs\php_milwa_trading\admin\view\template\inventory\delivery_challan_list.tpl on line 79
2022-07-19 10:15:54 - PHP Warning:  Declaration of ControllerInventoryDeliveryChallan::validateDelete($primary_key) should be compatible with HController::validateDelete($id = '') in C:\xampp\htdocs\php_milwa_trading\admin\controller\inventory\delivery_challan.php on line 1661
2022-07-19 10:15:54 - PHP Notice:  Undefined index: is_post in C:\xampp\htdocs\php_milwa_trading\admin\controller\inventory\delivery_challan.php on line 125
2022-07-19 10:15:54 - PHP Notice:  Undefined index: return_qty in C:\xampp\htdocs\php_milwa_trading\admin\controller\inventory\delivery_challan.php on line 171
2022-07-19 10:15:54 - PHP Notice:  Undefined index: is_post in C:\xampp\htdocs\php_milwa_trading\admin\controller\inventory\delivery_challan.php on line 125
2022-07-19 10:15:54 - PHP Notice:  Undefined index: return_qty in C:\xampp\htdocs\php_milwa_trading\admin\controller\inventory\delivery_challan.php on line 171
2022-07-19 10:15:58 - PHP Warning:  Declaration of ControllerInventoryDeliveryChallan::validateDelete($primary_key) should be compatible with HController::validateDelete($id = '') in C:\xampp\htdocs\php_milwa_trading\admin\controller\inventory\delivery_challan.php on line 1661
2022-07-19 10:16:01 - PHP Notice:  Undefined index: ref_document_id in C:\xampp\htdocs\php_milwa_trading\admin\controller\inventory\delivery_challan.php on line 281
2022-07-19 10:16:01 - PHP Notice:  Undefined index: restrict_out_of_stock in C:\xampp\htdocs\php_milwa_trading\admin\controller\inventory\delivery_challan.php on line 287
2022-07-19 10:16:01 - PHP Notice:  Undefined variable: href_gl_mapping_account in C:\xampp\htdocs\php_milwa_trading\admin\view\template\common\column_left.tpl on line 66
2022-07-19 10:16:01 - PHP Notice:  Undefined index: gl_mapping_account in C:\xampp\htdocs\php_milwa_trading\admin\view\template\common\column_left.tpl on line 66
2022-07-19 10:16:01 - PHP Notice:  Undefined variable: href_tool_dashboard in C:\xampp\htdocs\php_milwa_trading\admin\view\template\common\column_left.tpl on line 229
2022-07-19 10:16:02 - PHP Notice:  Undefined index: class in C:\xampp\htdocs\php_milwa_trading\admin\view\template\inventory\delivery_challan_form.tpl on line 18
2022-07-19 10:16:02 - PHP Notice:  Undefined index: class in C:\xampp\htdocs\php_milwa_trading\admin\view\template\inventory\delivery_challan_form.tpl on line 18
2022-07-19 10:16:02 - PHP Notice:  Undefined index: class in C:\xampp\htdocs\php_milwa_trading\admin\view\template\inventory\delivery_challan_form.tpl on line 18
2022-07-19 10:16:02 - PHP Notice:  Undefined variable: action in C:\xampp\htdocs\php_milwa_trading\admin\view\template\inventory\delivery_challan_form.tpl on line 84
2022-07-19 10:16:02 - PHP Notice:  Undefined variable: partner_types in C:\xampp\htdocs\php_milwa_trading\admin\view\template\inventory\delivery_challan_form.tpl on line 125
2022-07-19 10:16:02 - PHP Warning:  Invalid argument supplied for foreach() in C:\xampp\htdocs\php_milwa_trading\admin\view\template\inventory\delivery_challan_form.tpl on line 125
2022-07-19 10:16:02 - PHP Notice:  Undefined variable: customers in C:\xampp\htdocs\php_milwa_trading\admin\view\template\inventory\delivery_challan_form.tpl on line 164
2022-07-19 10:16:02 - PHP Warning:  Invalid argument supplied for foreach() in C:\xampp\htdocs\php_milwa_trading\admin\view\template\inventory\delivery_challan_form.tpl on line 164
2022-07-19 10:16:02 - PHP Notice:  Undefined variable: ref_documents in C:\xampp\htdocs\php_milwa_trading\admin\view\template\inventory\delivery_challan_form.tpl on line 185
2022-07-19 10:16:02 - PHP Warning:  Invalid argument supplied for foreach() in C:\xampp\htdocs\php_milwa_trading\admin\view\template\inventory\delivery_challan_form.tpl on line 185
2022-07-19 10:16:02 - PHP Notice:  Undefined variable: last_rate in C:\xampp\htdocs\php_milwa_trading\admin\view\template\inventory\delivery_challan_form.tpl on line 225
2022-07-19 10:16:02 - PHP Notice:  Undefined index: ref_document_id in C:\xampp\htdocs\php_milwa_trading\admin\view\template\inventory\delivery_challan_form.tpl on line 259
2022-07-19 10:16:02 - PHP Notice:  Undefined index: rate in C:\xampp\htdocs\php_milwa_trading\admin\view\template\inventory\delivery_challan_form.tpl on line 316
2022-07-19 10:16:02 - PHP Notice:  Undefined variable: ref_document_id in C:\xampp\htdocs\php_milwa_trading\admin\view\template\inventory\delivery_challan_form.tpl on line 400
2022-07-19 10:16:02 - PHP Notice:  Undefined variable: column_right in C:\xampp\htdocs\php_milwa_trading\admin\view\template\inventory\delivery_challan_form.tpl on line 472
2022-07-19 10:16:06 - PHP Warning:  Declaration of ControllerInventoryDeliveryChallan::validateDelete($primary_key) should be compatible with HController::validateDelete($id = '') in C:\xampp\htdocs\php_milwa_trading\admin\controller\inventory\delivery_challan.php on line 1661
2022-07-19 10:16:06 - PHP Warning:  Declaration of ControllerInventoryDeliveryChallan::validateDelete($primary_key) should be compatible with HController::validateDelete($id = '') in C:\xampp\htdocs\php_milwa_trading\admin\controller\inventory\delivery_challan.php on line 1661
2022-07-19 10:18:14 - PHP Notice:  Undefined variable: href_gl_mapping_account in C:\xampp\htdocs\php_milwa_trading\admin\view\template\common\column_left.tpl on line 66
2022-07-19 10:18:15 - PHP Notice:  Undefined index: gl_mapping_account in C:\xampp\htdocs\php_milwa_trading\admin\view\template\common\column_left.tpl on line 66
2022-07-19 10:18:15 - PHP Notice:  Undefined variable: href_tool_dashboard in C:\xampp\htdocs\php_milwa_trading\admin\view\template\common\column_left.tpl on line 229
2022-07-19 10:18:15 - PHP Notice:  Undefined index: class in C:\xampp\htdocs\php_milwa_trading\admin\view\template\inventory\sale_tax_invoice_list.tpl on line 19
2022-07-19 10:18:15 - PHP Notice:  Undefined index: class in C:\xampp\htdocs\php_milwa_trading\admin\view\template\inventory\sale_tax_invoice_list.tpl on line 19
2022-07-19 10:18:15 - PHP Notice:  Undefined index: class in C:\xampp\htdocs\php_milwa_trading\admin\view\template\inventory\sale_tax_invoice_list.tpl on line 19
2022-07-19 10:18:15 - PHP Notice:  Undefined variable: column_right in C:\xampp\htdocs\php_milwa_trading\admin\view\template\inventory\sale_tax_invoice_list.tpl on line 79
2022-07-19 10:18:32 - PHP Warning:  Declaration of ControllerInventoryDeliveryChallan::validateDelete($primary_key) should be compatible with HController::validateDelete($id = '') in C:\xampp\htdocs\php_milwa_trading\admin\controller\inventory\delivery_challan.php on line 1661
2022-07-19 10:18:32 - PHP Notice:  Undefined index: page in C:\xampp\htdocs\php_milwa_trading\admin\controller\inventory\delivery_challan.php on line 309
2022-07-19 10:18:51 - PHP Notice:  Undefined index: sale_tax_invoice_id in C:\xampp\htdocs\php_milwa_trading\system\engine\hcontroller.php on line 223
2022-07-19 10:18:51 - PHP Notice:  Undefined index: sale_tax_invoice_id in C:\xampp\htdocs\php_milwa_trading\system\engine\hcontroller.php on line 224
2022-07-19 10:18:51 - PHP Notice:  Undefined index: sale_tax_invoice_id in C:\xampp\htdocs\php_milwa_trading\admin\controller\inventory\sale_tax_invoice.php on line 310
2022-07-19 10:18:51 - PHP Notice:  Undefined index: sale_tax_invoice_id in C:\xampp\htdocs\php_milwa_trading\admin\controller\inventory\sale_tax_invoice.php on line 312
2022-07-19 10:18:51 - PHP Notice:  Undefined index: announcement_id in C:\xampp\htdocs\php_milwa_trading\admin\controller\inventory\sale_tax_invoice.php on line 314
2022-07-19 10:18:51 - PHP Notice:  Undefined index: sale_tax_invoice_id in C:\xampp\htdocs\php_milwa_trading\admin\controller\inventory\sale_tax_invoice.php on line 316
2022-07-19 10:18:51 - PHP Notice:  Undefined index: sale_tax_invoice_id in C:\xampp\htdocs\php_milwa_trading\admin\controller\inventory\sale_tax_invoice.php on line 318
2022-07-19 10:18:51 - PHP Notice:  Undefined index: sale_tax_invoice_id in C:\xampp\htdocs\php_milwa_trading\admin\controller\inventory\sale_tax_invoice.php on line 320
2022-07-19 10:18:51 - PHP Notice:  Undefined index: sale_tax_invoice_id in C:\xampp\htdocs\php_milwa_trading\admin\controller\inventory\sale_tax_invoice.php on line 322
2022-07-19 10:18:51 - PHP Notice:  Undefined index: sale_tax_invoice_id in C:\xampp\htdocs\php_milwa_trading\admin\controller\inventory\sale_tax_invoice.php on line 324
2022-07-19 10:18:51 - PHP Notice:  Undefined index: sale_tax_invoice_id in C:\xampp\htdocs\php_milwa_trading\admin\controller\inventory\sale_tax_invoice.php on line 326
2022-07-19 10:18:51 - PHP Notice:  Undefined index: sale_tax_invoice_id in C:\xampp\htdocs\php_milwa_trading\admin\controller\inventory\sale_tax_invoice.php on line 328
2022-07-19 10:18:51 - PHP Notice:  Undefined variable: href_gl_mapping_account in C:\xampp\htdocs\php_milwa_trading\admin\view\template\common\column_left.tpl on line 66
2022-07-19 10:18:51 - PHP Notice:  Undefined index: gl_mapping_account in C:\xampp\htdocs\php_milwa_trading\admin\view\template\common\column_left.tpl on line 66
2022-07-19 10:18:52 - PHP Notice:  Undefined variable: href_tool_dashboard in C:\xampp\htdocs\php_milwa_trading\admin\view\template\common\column_left.tpl on line 229
2022-07-19 10:18:52 - PHP Notice:  Undefined index: class in C:\xampp\htdocs\php_milwa_trading\admin\view\template\inventory\sale_tax_invoice_form.tpl on line 19
2022-07-19 10:18:52 - PHP Notice:  Undefined index: class in C:\xampp\htdocs\php_milwa_trading\admin\view\template\inventory\sale_tax_invoice_form.tpl on line 19
2022-07-19 10:18:52 - PHP Notice:  Undefined index: class in C:\xampp\htdocs\php_milwa_trading\admin\view\template\inventory\sale_tax_invoice_form.tpl on line 19
2022-07-19 10:18:52 - PHP Notice:  Undefined variable: is_post in C:\xampp\htdocs\php_milwa_trading\admin\view\template\inventory\sale_tax_invoice_form.tpl on line 64
2022-07-19 10:18:52 - PHP Notice:  Undefined variable: action in C:\xampp\htdocs\php_milwa_trading\admin\view\template\inventory\sale_tax_invoice_form.tpl on line 92
2022-07-19 10:18:52 - PHP Notice:  Undefined variable: document_type_id in C:\xampp\htdocs\php_milwa_trading\admin\view\template\inventory\sale_tax_invoice_form.tpl on line 94
2022-07-19 10:18:52 - PHP Notice:  Undefined variable: sale_tax_invoice_id in C:\xampp\htdocs\php_milwa_trading\admin\view\template\inventory\sale_tax_invoice_form.tpl on line 95
2022-07-19 10:18:52 - PHP Notice:  Undefined variable: invoice_type in C:\xampp\htdocs\php_milwa_trading\admin\view\template\inventory\sale_tax_invoice_form.tpl on line 126
2022-07-19 10:18:52 - PHP Notice:  Undefined variable: invoice_type in C:\xampp\htdocs\php_milwa_trading\admin\view\template\inventory\sale_tax_invoice_form.tpl on line 134
2022-07-19 10:18:52 - PHP Notice:  Undefined variable: document_identity in C:\xampp\htdocs\php_milwa_trading\admin\view\template\inventory\sale_tax_invoice_form.tpl on line 145
2022-07-19 10:18:52 - PHP Notice:  Undefined variable: manual_ref_no in C:\xampp\htdocs\php_milwa_trading\admin\view\template\inventory\sale_tax_invoice_form.tpl on line 157
2022-07-19 10:18:52 - PHP Notice:  Undefined variable: ref_documents in C:\xampp\htdocs\php_milwa_trading\admin\view\template\inventory\sale_tax_invoice_form.tpl on line 200
2022-07-19 10:18:52 - PHP Warning:  Invalid argument supplied for foreach() in C:\xampp\htdocs\php_milwa_trading\admin\view\template\inventory\sale_tax_invoice_form.tpl on line 200
2022-07-19 10:18:52 - PHP Notice:  Undefined variable: po_no in C:\xampp\htdocs\php_milwa_trading\admin\view\template\inventory\sale_tax_invoice_form.tpl on line 255
2022-07-19 10:18:52 - PHP Notice:  Undefined variable: dc_no in C:\xampp\htdocs\php_milwa_trading\admin\view\template\inventory\sale_tax_invoice_form.tpl on line 256
2022-07-19 10:18:52 - PHP Notice:  Undefined variable: po_date in C:\xampp\htdocs\php_milwa_trading\admin\view\template\inventory\sale_tax_invoice_form.tpl on line 263
2022-07-19 10:18:52 - PHP Notice:  Undefined variable: billty_no in C:\xampp\htdocs\php_milwa_trading\admin\view\template\inventory\sale_tax_invoice_form.tpl on line 269
2022-07-19 10:18:52 - PHP Notice:  Undefined variable: billty_date in C:\xampp\htdocs\php_milwa_trading\admin\view\template\inventory\sale_tax_invoice_form.tpl on line 275
2022-07-19 10:18:52 - PHP Notice:  Undefined variable: customer_remarks in C:\xampp\htdocs\php_milwa_trading\admin\view\template\inventory\sale_tax_invoice_form.tpl on line 281
2022-07-19 10:18:52 - PHP Notice:  Undefined variable: remarks in C:\xampp\htdocs\php_milwa_trading\admin\view\template\inventory\sale_tax_invoice_form.tpl on line 287
2022-07-19 10:18:52 - PHP Notice:  Undefined variable: last_rate in C:\xampp\htdocs\php_milwa_trading\admin\view\template\inventory\sale_tax_invoice_form.tpl on line 293
2022-07-19 10:18:52 - PHP Notice:  Undefined variable: sale_tax_invoice_details in C:\xampp\htdocs\php_milwa_trading\admin\view\template\inventory\sale_tax_invoice_form.tpl on line 325
2022-07-19 10:18:53 - PHP Warning:  Invalid argument supplied for foreach() in C:\xampp\htdocs\php_milwa_trading\admin\view\template\inventory\sale_tax_invoice_form.tpl on line 325
2022-07-19 10:18:53 - PHP Notice:  Undefined variable: sale_tax_invoice_details in C:\xampp\htdocs\php_milwa_trading\admin\view\template\inventory\sale_tax_invoice_form.tpl on line 424
2022-07-19 10:18:53 - PHP Warning:  count(): Parameter must be an array or an object that implements Countable in C:\xampp\htdocs\php_milwa_trading\admin\view\template\inventory\sale_tax_invoice_form.tpl on line 424
2022-07-19 10:18:53 - PHP Notice:  Undefined variable: item_amount in C:\xampp\htdocs\php_milwa_trading\admin\view\template\inventory\sale_tax_invoice_form.tpl on line 436
2022-07-19 10:18:53 - PHP Notice:  Undefined variable: item_discount in C:\xampp\htdocs\php_milwa_trading\admin\view\template\inventory\sale_tax_invoice_form.tpl on line 442
2022-07-19 10:18:53 - PHP Notice:  Undefined variable: item_tax in C:\xampp\htdocs\php_milwa_trading\admin\view\template\inventory\sale_tax_invoice_form.tpl on line 448
2022-07-19 10:18:53 - PHP Notice:  Undefined variable: item_total in C:\xampp\htdocs\php_milwa_trading\admin\view\template\inventory\sale_tax_invoice_form.tpl on line 454
2022-07-19 10:18:53 - PHP Notice:  Undefined variable: tax_per in C:\xampp\htdocs\php_milwa_trading\admin\view\template\inventory\sale_tax_invoice_form.tpl on line 462
2022-07-19 10:18:53 - PHP Notice:  Undefined variable: discount_amount in C:\xampp\htdocs\php_milwa_trading\admin\view\template\inventory\sale_tax_invoice_form.tpl on line 468
2022-07-19 10:18:53 - PHP Notice:  Undefined variable: cartage in C:\xampp\htdocs\php_milwa_trading\admin\view\template\inventory\sale_tax_invoice_form.tpl on line 474
2022-07-19 10:18:53 - PHP Notice:  Undefined variable: net_amount in C:\xampp\htdocs\php_milwa_trading\admin\view\template\inventory\sale_tax_invoice_form.tpl on line 480
2022-07-19 10:18:53 - PHP Notice:  Undefined variable: cash_received in C:\xampp\htdocs\php_milwa_trading\admin\view\template\inventory\sale_tax_invoice_form.tpl on line 488
2022-07-19 10:18:53 - PHP Notice:  Undefined variable: balance_amount in C:\xampp\htdocs\php_milwa_trading\admin\view\template\inventory\sale_tax_invoice_form.tpl on line 494
2022-07-19 10:18:53 - PHP Notice:  Undefined variable: is_post in C:\xampp\htdocs\php_milwa_trading\admin\view\template\inventory\sale_tax_invoice_form.tpl on line 538
2022-07-19 10:18:53 - PHP Notice:  Undefined variable: isEdit in C:\xampp\htdocs\php_milwa_trading\admin\view\template\inventory\sale_tax_invoice_form.tpl on line 560
2022-07-19 10:18:53 - PHP Notice:  Undefined variable: sale_type in C:\xampp\htdocs\php_milwa_trading\admin\view\template\inventory\sale_tax_invoice_form.tpl on line 562
2022-07-19 10:18:53 - PHP Notice:  Undefined variable: partner_id in C:\xampp\htdocs\php_milwa_trading\admin\view\template\inventory\sale_tax_invoice_form.tpl on line 565
2022-07-19 10:18:53 - PHP Notice:  Undefined variable: products in C:\xampp\htdocs\php_milwa_trading\admin\view\template\inventory\sale_tax_invoice_form.tpl on line 574
2022-07-19 10:18:53 - PHP Notice:  Undefined index: sale_tax_invoice_id in C:\xampp\htdocs\php_milwa_trading\admin\view\template\inventory\sale_tax_invoice_form.tpl on line 631
2022-07-19 10:18:53 - PHP Notice:  Undefined variable: column_right in C:\xampp\htdocs\php_milwa_trading\admin\view\template\inventory\sale_tax_invoice_form.tpl on line 716
2022-07-19 11:59:40 - PHP Notice:  Undefined index: db_name in C:\xampp\htdocs\php_milwa_trading\system\engine\hmodel.php on line 12
2022-07-19 11:59:40 - PHP Warning:  Invalid argument supplied for foreach() in C:\xampp\htdocs\php_milwa_trading\admin\view\template\common\preset.tpl on line 52
2022-07-19 11:59:43 - PHP Notice:  Undefined index: db_name in C:\xampp\htdocs\php_milwa_trading\system\engine\hmodel.php on line 12
2022-07-19 11:59:43 - PHP Notice:  Undefined index: case_id in C:\xampp\htdocs\php_milwa_trading\admin\controller\common\home.php on line 55
2022-07-19 11:59:43 - PHP Notice:  Undefined index: case_id in C:\xampp\htdocs\php_milwa_trading\admin\controller\common\home.php on line 56
2022-07-19 11:59:44 - PHP Notice:  Undefined variable: href_gl_mapping_account in C:\xampp\htdocs\php_milwa_trading\admin\view\template\common\column_left.tpl on line 66
2022-07-19 11:59:44 - PHP Notice:  Undefined index: gl_mapping_account in C:\xampp\htdocs\php_milwa_trading\admin\view\template\common\column_left.tpl on line 66
2022-07-19 11:59:44 - PHP Notice:  Undefined variable: href_tool_dashboard in C:\xampp\htdocs\php_milwa_trading\admin\view\template\common\column_left.tpl on line 229
2022-07-19 11:59:44 - PHP Notice:  Undefined variable: sale_order_details in C:\xampp\htdocs\php_milwa_trading\admin\view\template\common\home.tpl on line 174
2022-07-19 11:59:44 - PHP Warning:  Invalid argument supplied for foreach() in C:\xampp\htdocs\php_milwa_trading\admin\view\template\common\home.tpl on line 174
2022-07-19 11:59:44 - PHP Notice:  Undefined variable: bank_receipts in C:\xampp\htdocs\php_milwa_trading\admin\view\template\common\home.tpl on line 258
2022-07-19 11:59:44 - PHP Warning:  Invalid argument supplied for foreach() in C:\xampp\htdocs\php_milwa_trading\admin\view\template\common\home.tpl on line 258
2022-07-19 11:59:56 - PHP Warning:  Declaration of ControllerInventoryDeliveryChallan::validateDelete($primary_key) should be compatible with HController::validateDelete($id = '') in C:\xampp\htdocs\php_milwa_trading\admin\controller\inventory\delivery_challan.php on line 1661
2022-07-19 11:59:56 - PHP Notice:  Undefined variable: href_gl_mapping_account in C:\xampp\htdocs\php_milwa_trading\admin\view\template\common\column_left.tpl on line 66
2022-07-19 11:59:57 - PHP Notice:  Undefined index: gl_mapping_account in C:\xampp\htdocs\php_milwa_trading\admin\view\template\common\column_left.tpl on line 66
2022-07-19 11:59:57 - PHP Notice:  Undefined variable: href_tool_dashboard in C:\xampp\htdocs\php_milwa_trading\admin\view\template\common\column_left.tpl on line 229
2022-07-19 11:59:57 - PHP Notice:  Undefined index: class in C:\xampp\htdocs\php_milwa_trading\admin\view\template\inventory\delivery_challan_list.tpl on line 19
2022-07-19 11:59:57 - PHP Notice:  Undefined index: class in C:\xampp\htdocs\php_milwa_trading\admin\view\template\inventory\delivery_challan_list.tpl on line 19
2022-07-19 11:59:57 - PHP Notice:  Undefined index: class in C:\xampp\htdocs\php_milwa_trading\admin\view\template\inventory\delivery_challan_list.tpl on line 19
2022-07-19 11:59:57 - PHP Notice:  Undefined variable: column_right in C:\xampp\htdocs\php_milwa_trading\admin\view\template\inventory\delivery_challan_list.tpl on line 79
2022-07-19 11:59:58 - PHP Warning:  Declaration of ControllerInventoryDeliveryChallan::validateDelete($primary_key) should be compatible with HController::validateDelete($id = '') in C:\xampp\htdocs\php_milwa_trading\admin\controller\inventory\delivery_challan.php on line 1661
2022-07-19 11:59:59 - PHP Notice:  Undefined index: is_post in C:\xampp\htdocs\php_milwa_trading\admin\controller\inventory\delivery_challan.php on line 125
2022-07-19 11:59:59 - PHP Notice:  Undefined index: return_qty in C:\xampp\htdocs\php_milwa_trading\admin\controller\inventory\delivery_challan.php on line 171
2022-07-19 11:59:59 - PHP Notice:  Undefined index: is_post in C:\xampp\htdocs\php_milwa_trading\admin\controller\inventory\delivery_challan.php on line 125
2022-07-19 11:59:59 - PHP Notice:  Undefined index: return_qty in C:\xampp\htdocs\php_milwa_trading\admin\controller\inventory\delivery_challan.php on line 171
2022-07-19 12:00:00 - PHP Warning:  Declaration of ControllerInventoryDeliveryChallan::validateDelete($primary_key) should be compatible with HController::validateDelete($id = '') in C:\xampp\htdocs\php_milwa_trading\admin\controller\inventory\delivery_challan.php on line 1661
2022-07-19 12:00:01 - PHP Notice:  Undefined index: ref_document_id in C:\xampp\htdocs\php_milwa_trading\admin\controller\inventory\delivery_challan.php on line 281
2022-07-19 12:00:01 - PHP Notice:  Undefined index: restrict_out_of_stock in C:\xampp\htdocs\php_milwa_trading\admin\controller\inventory\delivery_challan.php on line 287
2022-07-19 12:00:01 - PHP Notice:  Undefined variable: href_gl_mapping_account in C:\xampp\htdocs\php_milwa_trading\admin\view\template\common\column_left.tpl on line 66
2022-07-19 12:00:01 - PHP Notice:  Undefined index: gl_mapping_account in C:\xampp\htdocs\php_milwa_trading\admin\view\template\common\column_left.tpl on line 66
2022-07-19 12:00:01 - PHP Notice:  Undefined variable: href_tool_dashboard in C:\xampp\htdocs\php_milwa_trading\admin\view\template\common\column_left.tpl on line 229
2022-07-19 12:00:01 - PHP Notice:  Undefined index: class in C:\xampp\htdocs\php_milwa_trading\admin\view\template\inventory\delivery_challan_form.tpl on line 18
2022-07-19 12:00:01 - PHP Notice:  Undefined index: class in C:\xampp\htdocs\php_milwa_trading\admin\view\template\inventory\delivery_challan_form.tpl on line 18
2022-07-19 12:00:01 - PHP Notice:  Undefined index: class in C:\xampp\htdocs\php_milwa_trading\admin\view\template\inventory\delivery_challan_form.tpl on line 18
2022-07-19 12:00:01 - PHP Notice:  Undefined variable: action in C:\xampp\htdocs\php_milwa_trading\admin\view\template\inventory\delivery_challan_form.tpl on line 84
2022-07-19 12:00:01 - PHP Notice:  Undefined variable: partner_types in C:\xampp\htdocs\php_milwa_trading\admin\view\template\inventory\delivery_challan_form.tpl on line 125
2022-07-19 12:00:01 - PHP Warning:  Invalid argument supplied for foreach() in C:\xampp\htdocs\php_milwa_trading\admin\view\template\inventory\delivery_challan_form.tpl on line 125
2022-07-19 12:00:01 - PHP Notice:  Undefined variable: customers in C:\xampp\htdocs\php_milwa_trading\admin\view\template\inventory\delivery_challan_form.tpl on line 164
2022-07-19 12:00:01 - PHP Warning:  Invalid argument supplied for foreach() in C:\xampp\htdocs\php_milwa_trading\admin\view\template\inventory\delivery_challan_form.tpl on line 164
2022-07-19 12:00:01 - PHP Notice:  Undefined variable: ref_documents in C:\xampp\htdocs\php_milwa_trading\admin\view\template\inventory\delivery_challan_form.tpl on line 185
2022-07-19 12:00:01 - PHP Warning:  Invalid argument supplied for foreach() in C:\xampp\htdocs\php_milwa_trading\admin\view\template\inventory\delivery_challan_form.tpl on line 185
2022-07-19 12:00:01 - PHP Notice:  Undefined variable: last_rate in C:\xampp\htdocs\php_milwa_trading\admin\view\template\inventory\delivery_challan_form.tpl on line 225
2022-07-19 12:00:01 - PHP Notice:  Undefined index: ref_document_id in C:\xampp\htdocs\php_milwa_trading\admin\view\template\inventory\delivery_challan_form.tpl on line 259
2022-07-19 12:00:01 - PHP Notice:  Undefined index: rate in C:\xampp\htdocs\php_milwa_trading\admin\view\template\inventory\delivery_challan_form.tpl on line 316
2022-07-19 12:00:01 - PHP Notice:  Undefined variable: ref_document_id in C:\xampp\htdocs\php_milwa_trading\admin\view\template\inventory\delivery_challan_form.tpl on line 400
2022-07-19 12:00:01 - PHP Notice:  Undefined variable: column_right in C:\xampp\htdocs\php_milwa_trading\admin\view\template\inventory\delivery_challan_form.tpl on line 472
2022-07-19 12:00:02 - PHP Warning:  Declaration of ControllerInventoryDeliveryChallan::validateDelete($primary_key) should be compatible with HController::validateDelete($id = '') in C:\xampp\htdocs\php_milwa_trading\admin\controller\inventory\delivery_challan.php on line 1661
2022-07-19 12:00:02 - PHP Warning:  Declaration of ControllerInventoryDeliveryChallan::validateDelete($primary_key) should be compatible with HController::validateDelete($id = '') in C:\xampp\htdocs\php_milwa_trading\admin\controller\inventory\delivery_challan.php on line 1661
2022-07-19 12:00:31 - PHP Warning:  Declaration of ControllerInventoryDeliveryChallan::validateDelete($primary_key) should be compatible with HController::validateDelete($id = '') in C:\xampp\htdocs\php_milwa_trading\admin\controller\inventory\delivery_challan.php on line 1661
2022-07-19 12:00:31 - PHP Notice:  Undefined variable: href_gl_mapping_account in C:\xampp\htdocs\php_milwa_trading\admin\view\template\common\column_left.tpl on line 66
2022-07-19 12:00:31 - PHP Notice:  Undefined index: gl_mapping_account in C:\xampp\htdocs\php_milwa_trading\admin\view\template\common\column_left.tpl on line 66
2022-07-19 12:00:31 - PHP Notice:  Undefined variable: href_tool_dashboard in C:\xampp\htdocs\php_milwa_trading\admin\view\template\common\column_left.tpl on line 229
2022-07-19 12:00:31 - PHP Notice:  Undefined index: class in C:\xampp\htdocs\php_milwa_trading\admin\view\template\inventory\delivery_challan_list.tpl on line 19
2022-07-19 12:00:31 - PHP Notice:  Undefined index: class in C:\xampp\htdocs\php_milwa_trading\admin\view\template\inventory\delivery_challan_list.tpl on line 19
2022-07-19 12:00:31 - PHP Notice:  Undefined index: class in C:\xampp\htdocs\php_milwa_trading\admin\view\template\inventory\delivery_challan_list.tpl on line 19
2022-07-19 12:00:31 - PHP Notice:  Undefined variable: column_right in C:\xampp\htdocs\php_milwa_trading\admin\view\template\inventory\delivery_challan_list.tpl on line 79
2022-07-19 12:00:32 - PHP Warning:  Declaration of ControllerInventoryDeliveryChallan::validateDelete($primary_key) should be compatible with HController::validateDelete($id = '') in C:\xampp\htdocs\php_milwa_trading\admin\controller\inventory\delivery_challan.php on line 1661
2022-07-19 12:00:32 - PHP Notice:  Undefined index: is_post in C:\xampp\htdocs\php_milwa_trading\admin\controller\inventory\delivery_challan.php on line 125
2022-07-19 12:00:32 - PHP Notice:  Undefined index: return_qty in C:\xampp\htdocs\php_milwa_trading\admin\controller\inventory\delivery_challan.php on line 171
2022-07-19 12:00:32 - PHP Notice:  Undefined index: is_post in C:\xampp\htdocs\php_milwa_trading\admin\controller\inventory\delivery_challan.php on line 125
2022-07-19 12:00:32 - PHP Notice:  Undefined index: return_qty in C:\xampp\htdocs\php_milwa_trading\admin\controller\inventory\delivery_challan.php on line 171
2022-07-19 12:19:53 - PHP Warning:  Declaration of ControllerInventoryDeliveryChallan::validateDelete($primary_key) should be compatible with HController::validateDelete($id = '') in C:\xampp\htdocs\php_milwa_trading\admin\controller\inventory\delivery_challan.php on line 1661
2022-07-19 12:19:56 - PHP Notice:  Undefined index: name in C:\xampp\htdocs\php_milwa_trading\admin\controller\inventory\delivery_challan.php on line 1522
2022-07-19 12:19:56 - PHP Notice:  Undefined index: address in C:\xampp\htdocs\php_milwa_trading\admin\controller\inventory\delivery_challan.php on line 1534
2022-07-19 12:19:56 - PHP Notice:  Undefined index: customer_unit in C:\xampp\htdocs\php_milwa_trading\admin\controller\inventory\delivery_challan.php on line 1547
2022-07-19 12:19:56 - PHP Notice:  Undefined offset: 0 in C:\xampp\htdocs\php_milwa_trading\system\helper\utility.php on line 397
2022-07-19 12:20:09 - PHP Warning:  Declaration of ControllerInventoryDeliveryChallan::validateDelete($primary_key) should be compatible with HController::validateDelete($id = '') in C:\xampp\htdocs\php_milwa_trading\admin\controller\inventory\delivery_challan.php on line 1661
2022-07-19 12:20:10 - PHP Notice:  Undefined index: ref_document_id in C:\xampp\htdocs\php_milwa_trading\admin\controller\inventory\delivery_challan.php on line 281
2022-07-19 12:20:10 - PHP Notice:  Undefined index: restrict_out_of_stock in C:\xampp\htdocs\php_milwa_trading\admin\controller\inventory\delivery_challan.php on line 287
2022-07-19 12:20:10 - PHP Notice:  Undefined variable: href_gl_mapping_account in C:\xampp\htdocs\php_milwa_trading\admin\view\template\common\column_left.tpl on line 66
2022-07-19 12:20:10 - PHP Notice:  Undefined index: gl_mapping_account in C:\xampp\htdocs\php_milwa_trading\admin\view\template\common\column_left.tpl on line 66
2022-07-19 12:20:10 - PHP Notice:  Undefined variable: href_tool_dashboard in C:\xampp\htdocs\php_milwa_trading\admin\view\template\common\column_left.tpl on line 229
2022-07-19 12:20:10 - PHP Notice:  Undefined index: class in C:\xampp\htdocs\php_milwa_trading\admin\view\template\inventory\delivery_challan_form.tpl on line 18
2022-07-19 12:20:10 - PHP Notice:  Undefined index: class in C:\xampp\htdocs\php_milwa_trading\admin\view\template\inventory\delivery_challan_form.tpl on line 18
2022-07-19 12:20:10 - PHP Notice:  Undefined index: class in C:\xampp\htdocs\php_milwa_trading\admin\view\template\inventory\delivery_challan_form.tpl on line 18
2022-07-19 12:20:10 - PHP Notice:  Undefined variable: action in C:\xampp\htdocs\php_milwa_trading\admin\view\template\inventory\delivery_challan_form.tpl on line 84
2022-07-19 12:20:10 - PHP Notice:  Undefined variable: partner_types in C:\xampp\htdocs\php_milwa_trading\admin\view\template\inventory\delivery_challan_form.tpl on line 125
2022-07-19 12:20:10 - PHP Warning:  Invalid argument supplied for foreach() in C:\xampp\htdocs\php_milwa_trading\admin\view\template\inventory\delivery_challan_form.tpl on line 125
2022-07-19 12:20:10 - PHP Notice:  Undefined variable: customers in C:\xampp\htdocs\php_milwa_trading\admin\view\template\inventory\delivery_challan_form.tpl on line 164
2022-07-19 12:20:10 - PHP Warning:  Invalid argument supplied for foreach() in C:\xampp\htdocs\php_milwa_trading\admin\view\template\inventory\delivery_challan_form.tpl on line 164
2022-07-19 12:20:10 - PHP Notice:  Undefined variable: ref_documents in C:\xampp\htdocs\php_milwa_trading\admin\view\template\inventory\delivery_challan_form.tpl on line 185
2022-07-19 12:20:10 - PHP Warning:  Invalid argument supplied for foreach() in C:\xampp\htdocs\php_milwa_trading\admin\view\template\inventory\delivery_challan_form.tpl on line 185
2022-07-19 12:20:10 - PHP Notice:  Undefined variable: last_rate in C:\xampp\htdocs\php_milwa_trading\admin\view\template\inventory\delivery_challan_form.tpl on line 225
2022-07-19 12:20:10 - PHP Notice:  Undefined index: ref_document_id in C:\xampp\htdocs\php_milwa_trading\admin\view\template\inventory\delivery_challan_form.tpl on line 259
2022-07-19 12:20:10 - PHP Notice:  Undefined index: rate in C:\xampp\htdocs\php_milwa_trading\admin\view\template\inventory\delivery_challan_form.tpl on line 316
2022-07-19 12:20:10 - PHP Notice:  Undefined variable: ref_document_id in C:\xampp\htdocs\php_milwa_trading\admin\view\template\inventory\delivery_challan_form.tpl on line 400
2022-07-19 12:20:10 - PHP Notice:  Undefined variable: column_right in C:\xampp\htdocs\php_milwa_trading\admin\view\template\inventory\delivery_challan_form.tpl on line 472
2022-07-19 12:20:11 - PHP Warning:  Declaration of ControllerInventoryDeliveryChallan::validateDelete($primary_key) should be compatible with HController::validateDelete($id = '') in C:\xampp\htdocs\php_milwa_trading\admin\controller\inventory\delivery_challan.php on line 1661
2022-07-19 12:20:11 - PHP Warning:  Declaration of ControllerInventoryDeliveryChallan::validateDelete($primary_key) should be compatible with HController::validateDelete($id = '') in C:\xampp\htdocs\php_milwa_trading\admin\controller\inventory\delivery_challan.php on line 1661
2022-07-19 12:23:06 - PHP Warning:  Declaration of ControllerInventoryDeliveryChallan::validateDelete($primary_key) should be compatible with HController::validateDelete($id = '') in C:\xampp\htdocs\php_milwa_trading\admin\controller\inventory\delivery_challan.php on line 1661
2022-07-19 12:23:06 - PHP Notice:  Undefined variable: href_gl_mapping_account in C:\xampp\htdocs\php_milwa_trading\admin\view\template\common\column_left.tpl on line 66
2022-07-19 12:23:06 - PHP Notice:  Undefined index: gl_mapping_account in C:\xampp\htdocs\php_milwa_trading\admin\view\template\common\column_left.tpl on line 66
2022-07-19 12:23:06 - PHP Notice:  Undefined variable: href_tool_dashboard in C:\xampp\htdocs\php_milwa_trading\admin\view\template\common\column_left.tpl on line 229
2022-07-19 12:23:06 - PHP Notice:  Undefined index: class in C:\xampp\htdocs\php_milwa_trading\admin\view\template\inventory\delivery_challan_list.tpl on line 19
2022-07-19 12:23:06 - PHP Notice:  Undefined index: class in C:\xampp\htdocs\php_milwa_trading\admin\view\template\inventory\delivery_challan_list.tpl on line 19
2022-07-19 12:23:06 - PHP Notice:  Undefined index: class in C:\xampp\htdocs\php_milwa_trading\admin\view\template\inventory\delivery_challan_list.tpl on line 19
2022-07-19 12:23:06 - PHP Notice:  Undefined variable: column_right in C:\xampp\htdocs\php_milwa_trading\admin\view\template\inventory\delivery_challan_list.tpl on line 79
2022-07-19 12:23:07 - PHP Warning:  Declaration of ControllerInventoryDeliveryChallan::validateDelete($primary_key) should be compatible with HController::validateDelete($id = '') in C:\xampp\htdocs\php_milwa_trading\admin\controller\inventory\delivery_challan.php on line 1661
2022-07-19 12:23:07 - PHP Notice:  Undefined index: is_post in C:\xampp\htdocs\php_milwa_trading\admin\controller\inventory\delivery_challan.php on line 125
2022-07-19 12:23:07 - PHP Notice:  Undefined index: return_qty in C:\xampp\htdocs\php_milwa_trading\admin\controller\inventory\delivery_challan.php on line 171
2022-07-19 12:23:07 - PHP Notice:  Undefined index: is_post in C:\xampp\htdocs\php_milwa_trading\admin\controller\inventory\delivery_challan.php on line 125
2022-07-19 12:23:07 - PHP Notice:  Undefined index: return_qty in C:\xampp\htdocs\php_milwa_trading\admin\controller\inventory\delivery_challan.php on line 171
