2025-07-11 10:39:42 - PHP Notice:  Undefined index: db_name in C:\xampp\htdocs\boot_store\system\engine\hmodel.php on line 12
2025-07-11 10:39:42 - PHP Warning:  Invalid argument supplied for foreach() in C:\xampp\htdocs\boot_store\admin\view\template\common\preset.tpl on line 52
2025-07-11 10:39:42 - PHP Notice:  Undefined variable: fiscal_year_id in C:\xampp\htdocs\boot_store\admin\controller\common\preset.php on line 228
2025-07-11 10:39:46 - PHP Notice:  Undefined index: db_name in C:\xampp\htdocs\boot_store\system\engine\hmodel.php on line 12
2025-07-11 10:39:46 - PHP Notice:  Undefined index: case_id in C:\xampp\htdocs\boot_store\admin\controller\common\home.php on line 55
2025-07-11 10:39:46 - PHP Notice:  Undefined index: case_id in C:\xampp\htdocs\boot_store\admin\controller\common\home.php on line 56
2025-07-11 10:39:49 - PHP Notice:  Undefined variable: href_gl_mapping_account in C:\xampp\htdocs\boot_store\admin\view\template\common\column_left.tpl on line 68
2025-07-11 10:39:49 - PHP Notice:  Undefined index: gl_mapping_account in C:\xampp\htdocs\boot_store\admin\view\template\common\column_left.tpl on line 68
2025-07-11 10:39:49 - PHP Notice:  Undefined variable: href_tool_dashboard in C:\xampp\htdocs\boot_store\admin\view\template\common\column_left.tpl on line 231
2025-07-11 10:39:49 - PHP Notice:  Undefined index: company_logo in C:\xampp\htdocs\boot_store\admin\controller\common\page_header.php on line 24
2025-07-11 10:39:49 - PHP Notice:  Undefined index: base_currency_id in C:\xampp\htdocs\boot_store\admin\controller\common\page_header.php on line 30
2025-07-11 10:39:49 - PHP Notice:  Undefined index: currency_id in C:\xampp\htdocs\boot_store\admin\controller\common\page_header.php on line 33
2025-07-11 10:39:49 - PHP Notice:  Undefined index: name in C:\xampp\htdocs\boot_store\admin\controller\common\page_header.php on line 34
2025-07-11 10:39:50 - PHP Notice:  Undefined index: inventory_sale_invoice in C:\xampp\htdocs\boot_store\admin\view\template\common\home.tpl on line 36
2025-07-11 10:39:53 - PHP Notice:  Undefined variable: href_gl_mapping_account in C:\xampp\htdocs\boot_store\admin\view\template\common\column_left.tpl on line 68
2025-07-11 10:39:53 - PHP Notice:  Undefined index: gl_mapping_account in C:\xampp\htdocs\boot_store\admin\view\template\common\column_left.tpl on line 68
2025-07-11 10:39:53 - PHP Notice:  Undefined variable: href_tool_dashboard in C:\xampp\htdocs\boot_store\admin\view\template\common\column_left.tpl on line 231
2025-07-11 10:39:53 - PHP Notice:  Undefined index: company_logo in C:\xampp\htdocs\boot_store\admin\controller\common\page_header.php on line 24
2025-07-11 10:39:53 - PHP Notice:  Undefined index: base_currency_id in C:\xampp\htdocs\boot_store\admin\controller\common\page_header.php on line 30
2025-07-11 10:39:53 - PHP Notice:  Undefined index: currency_id in C:\xampp\htdocs\boot_store\admin\controller\common\page_header.php on line 33
2025-07-11 10:39:53 - PHP Notice:  Undefined index: name in C:\xampp\htdocs\boot_store\admin\controller\common\page_header.php on line 34
2025-07-11 10:40:00 - PHP Warning:  Declaration of ControllerInventoryModuleSetting::updateData($data) should be compatible with HController::updateData($primary_key, $data) in C:\xampp\htdocs\boot_store\admin\controller\inventory\module_setting.php on line 115
2025-07-11 10:40:00 - PHP Notice:  Undefined index: school_id in C:\xampp\htdocs\boot_store\admin\controller\inventory\module_setting.php on line 26
2025-07-11 10:40:00 - PHP Warning:  Declaration of ControllerInventoryModuleSetting::updateData($data) should be compatible with HController::updateData($primary_key, $data) in C:\xampp\htdocs\boot_store\admin\controller\inventory\module_setting.php on line 115
2025-07-11 10:40:00 - PHP Notice:  Undefined index: setting_id in C:\xampp\htdocs\boot_store\system\engine\hcontroller.php on line 223
2025-07-11 10:40:00 - PHP Notice:  Undefined index: setting_id in C:\xampp\htdocs\boot_store\system\engine\hcontroller.php on line 224
2025-07-11 10:40:00 - PHP Notice:  Undefined variable: href_gl_mapping_account in C:\xampp\htdocs\boot_store\admin\view\template\common\column_left.tpl on line 68
2025-07-11 10:40:00 - PHP Notice:  Undefined index: gl_mapping_account in C:\xampp\htdocs\boot_store\admin\view\template\common\column_left.tpl on line 68
2025-07-11 10:40:00 - PHP Notice:  Undefined variable: href_tool_dashboard in C:\xampp\htdocs\boot_store\admin\view\template\common\column_left.tpl on line 231
2025-07-11 10:40:00 - PHP Notice:  Undefined index: company_logo in C:\xampp\htdocs\boot_store\admin\controller\common\page_header.php on line 24
2025-07-11 10:40:00 - PHP Notice:  Undefined index: base_currency_id in C:\xampp\htdocs\boot_store\admin\controller\common\page_header.php on line 30
2025-07-11 10:40:00 - PHP Notice:  Undefined index: currency_id in C:\xampp\htdocs\boot_store\admin\controller\common\page_header.php on line 33
2025-07-11 10:40:00 - PHP Notice:  Undefined index: name in C:\xampp\htdocs\boot_store\admin\controller\common\page_header.php on line 34
2025-07-11 10:40:01 - PHP Notice:  Undefined index: class in C:\xampp\htdocs\boot_store\admin\view\template\inventory\module_setting_form.tpl on line 19
2025-07-11 10:40:01 - PHP Notice:  Undefined index: class in C:\xampp\htdocs\boot_store\admin\view\template\inventory\module_setting_form.tpl on line 19
2025-07-11 10:40:01 - PHP Notice:  Undefined index: class in C:\xampp\htdocs\boot_store\admin\view\template\inventory\module_setting_form.tpl on line 19
2025-07-11 10:40:01 - PHP Notice:  Undefined variable: auto_generate_product_code in C:\xampp\htdocs\boot_store\admin\view\template\inventory\module_setting_form.tpl on line 405
2025-07-11 10:40:01 - PHP Notice:  Undefined variable: allow_out_of_stock in C:\xampp\htdocs\boot_store\admin\view\template\inventory\module_setting_form.tpl on line 411
2025-07-11 10:40:01 - PHP Notice:  Undefined variable: column_right in C:\xampp\htdocs\boot_store\admin\view\template\inventory\module_setting_form.tpl on line 439
2025-07-11 10:40:10 - PHP Notice:  Undefined variable: href_gl_mapping_account in C:\xampp\htdocs\boot_store\admin\view\template\common\column_left.tpl on line 68
2025-07-11 10:40:10 - PHP Notice:  Undefined index: gl_mapping_account in C:\xampp\htdocs\boot_store\admin\view\template\common\column_left.tpl on line 68
2025-07-11 10:40:10 - PHP Notice:  Undefined variable: href_tool_dashboard in C:\xampp\htdocs\boot_store\admin\view\template\common\column_left.tpl on line 231
2025-07-11 10:40:10 - PHP Notice:  Undefined index: company_logo in C:\xampp\htdocs\boot_store\admin\controller\common\page_header.php on line 24
2025-07-11 10:40:10 - PHP Notice:  Undefined index: base_currency_id in C:\xampp\htdocs\boot_store\admin\controller\common\page_header.php on line 30
2025-07-11 10:40:10 - PHP Notice:  Undefined index: currency_id in C:\xampp\htdocs\boot_store\admin\controller\common\page_header.php on line 33
2025-07-11 10:40:10 - PHP Notice:  Undefined index: name in C:\xampp\htdocs\boot_store\admin\controller\common\page_header.php on line 34
2025-07-11 10:40:10 - PHP Notice:  Undefined index: class in C:\xampp\htdocs\boot_store\admin\view\template\inventory\purchase_invoice_list.tpl on line 19
2025-07-11 10:40:10 - PHP Notice:  Undefined index: class in C:\xampp\htdocs\boot_store\admin\view\template\inventory\purchase_invoice_list.tpl on line 19
2025-07-11 10:40:10 - PHP Notice:  Undefined index: class in C:\xampp\htdocs\boot_store\admin\view\template\inventory\purchase_invoice_list.tpl on line 19
2025-07-11 10:40:10 - PHP Notice:  Undefined variable: column_right in C:\xampp\htdocs\boot_store\admin\view\template\inventory\purchase_invoice_list.tpl on line 78
2025-07-11 10:40:13 - PHP Notice:  Undefined index: purchase_invoice_id in C:\xampp\htdocs\boot_store\system\engine\hcontroller.php on line 223
2025-07-11 10:40:13 - PHP Notice:  Undefined index: purchase_invoice_id in C:\xampp\htdocs\boot_store\system\engine\hcontroller.php on line 224
2025-07-11 10:40:13 - PHP Notice:  Undefined index: purchase_invoice_id in C:\xampp\htdocs\boot_store\admin\controller\inventory\purchase_invoice.php on line 259
2025-07-11 10:40:13 - PHP Notice:  Undefined index: purchase_invoice_id in C:\xampp\htdocs\boot_store\admin\controller\inventory\purchase_invoice.php on line 261
2025-07-11 10:40:13 - PHP Notice:  Undefined index: purchase_invoice_id in C:\xampp\htdocs\boot_store\admin\controller\inventory\purchase_invoice.php on line 263
2025-07-11 10:40:13 - PHP Notice:  Undefined index: purchase_invoice_id in C:\xampp\htdocs\boot_store\admin\controller\inventory\purchase_invoice.php on line 264
2025-07-11 10:40:13 - PHP Notice:  Undefined index: purchase_invoice_id in C:\xampp\htdocs\boot_store\admin\controller\inventory\purchase_invoice.php on line 265
2025-07-11 10:40:13 - PHP Notice:  Undefined index: purchase_invoice_id in C:\xampp\htdocs\boot_store\admin\controller\inventory\purchase_invoice.php on line 266
2025-07-11 10:40:13 - PHP Notice:  Undefined index: purchase_invoice_id in C:\xampp\htdocs\boot_store\admin\controller\inventory\purchase_invoice.php on line 267
2025-07-11 10:40:13 - PHP Notice:  Undefined index: purchase_invoice_id in C:\xampp\htdocs\boot_store\admin\controller\inventory\purchase_invoice.php on line 270
2025-07-11 10:40:13 - PHP Notice:  Undefined variable: href_gl_mapping_account in C:\xampp\htdocs\boot_store\admin\view\template\common\column_left.tpl on line 68
2025-07-11 10:40:13 - PHP Notice:  Undefined index: gl_mapping_account in C:\xampp\htdocs\boot_store\admin\view\template\common\column_left.tpl on line 68
2025-07-11 10:40:13 - PHP Notice:  Undefined variable: href_tool_dashboard in C:\xampp\htdocs\boot_store\admin\view\template\common\column_left.tpl on line 231
2025-07-11 10:40:13 - PHP Notice:  Undefined index: company_logo in C:\xampp\htdocs\boot_store\admin\controller\common\page_header.php on line 24
2025-07-11 10:40:13 - PHP Notice:  Undefined index: base_currency_id in C:\xampp\htdocs\boot_store\admin\controller\common\page_header.php on line 30
2025-07-11 10:40:13 - PHP Notice:  Undefined index: currency_id in C:\xampp\htdocs\boot_store\admin\controller\common\page_header.php on line 33
2025-07-11 10:40:13 - PHP Notice:  Undefined index: name in C:\xampp\htdocs\boot_store\admin\controller\common\page_header.php on line 34
2025-07-11 10:40:13 - PHP Notice:  Undefined index: class in C:\xampp\htdocs\boot_store\admin\view\template\inventory\purchase_invoice_form.tpl on line 18
2025-07-11 10:40:13 - PHP Notice:  Undefined index: class in C:\xampp\htdocs\boot_store\admin\view\template\inventory\purchase_invoice_form.tpl on line 18
2025-07-11 10:40:13 - PHP Notice:  Undefined index: class in C:\xampp\htdocs\boot_store\admin\view\template\inventory\purchase_invoice_form.tpl on line 18
2025-07-11 10:40:13 - PHP Notice:  Undefined variable: is_post in C:\xampp\htdocs\boot_store\admin\view\template\inventory\purchase_invoice_form.tpl on line 57
2025-07-11 10:40:13 - PHP Notice:  Undefined variable: action in C:\xampp\htdocs\boot_store\admin\view\template\inventory\purchase_invoice_form.tpl on line 85
2025-07-11 10:40:13 - PHP Notice:  Undefined variable: document_type_id in C:\xampp\htdocs\boot_store\admin\view\template\inventory\purchase_invoice_form.tpl on line 86
2025-07-11 10:40:13 - PHP Notice:  Undefined variable: purchase_invoice_id in C:\xampp\htdocs\boot_store\admin\view\template\inventory\purchase_invoice_form.tpl on line 87
2025-07-11 10:40:13 - PHP Notice:  Undefined variable: invoice_type in C:\xampp\htdocs\boot_store\admin\view\template\inventory\purchase_invoice_form.tpl on line 96
2025-07-11 10:40:13 - PHP Notice:  Undefined variable: invoice_type in C:\xampp\htdocs\boot_store\admin\view\template\inventory\purchase_invoice_form.tpl on line 104
2025-07-11 10:40:13 - PHP Notice:  Undefined variable: document_identity in C:\xampp\htdocs\boot_store\admin\view\template\inventory\purchase_invoice_form.tpl on line 115
2025-07-11 10:40:13 - PHP Notice:  Undefined variable: suppliers in C:\xampp\htdocs\boot_store\admin\view\template\inventory\purchase_invoice_form.tpl on line 173
2025-07-11 10:40:13 - PHP Warning:  Invalid argument supplied for foreach() in C:\xampp\htdocs\boot_store\admin\view\template\inventory\purchase_invoice_form.tpl on line 173
2025-07-11 10:40:13 - PHP Notice:  Undefined variable: remarks in C:\xampp\htdocs\boot_store\admin\view\template\inventory\purchase_invoice_form.tpl on line 206
2025-07-11 10:40:13 - PHP Notice:  Undefined variable: purchase_invoice_details in C:\xampp\htdocs\boot_store\admin\view\template\inventory\purchase_invoice_form.tpl on line 238
2025-07-11 10:40:13 - PHP Warning:  Invalid argument supplied for foreach() in C:\xampp\htdocs\boot_store\admin\view\template\inventory\purchase_invoice_form.tpl on line 238
2025-07-11 10:40:13 - PHP Notice:  Undefined variable: purchase_invoice_details in C:\xampp\htdocs\boot_store\admin\view\template\inventory\purchase_invoice_form.tpl on line 322
2025-07-11 10:40:13 - PHP Warning:  count(): Parameter must be an array or an object that implements Countable in C:\xampp\htdocs\boot_store\admin\view\template\inventory\purchase_invoice_form.tpl on line 322
2025-07-11 10:40:13 - PHP Notice:  Undefined variable: total_quantity in C:\xampp\htdocs\boot_store\admin\view\template\inventory\purchase_invoice_form.tpl on line 335
2025-07-11 10:40:13 - PHP Notice:  Undefined variable: item_amount in C:\xampp\htdocs\boot_store\admin\view\template\inventory\purchase_invoice_form.tpl on line 341
2025-07-11 10:40:13 - PHP Notice:  Undefined variable: item_discount in C:\xampp\htdocs\boot_store\admin\view\template\inventory\purchase_invoice_form.tpl on line 347
2025-07-11 10:40:13 - PHP Notice:  Undefined variable: item_tax in C:\xampp\htdocs\boot_store\admin\view\template\inventory\purchase_invoice_form.tpl on line 353
2025-07-11 10:40:13 - PHP Notice:  Undefined variable: freight_master in C:\xampp\htdocs\boot_store\admin\view\template\inventory\purchase_invoice_form.tpl on line 360
2025-07-11 10:40:13 - PHP Notice:  Undefined variable: item_total in C:\xampp\htdocs\boot_store\admin\view\template\inventory\purchase_invoice_form.tpl on line 367
2025-07-11 10:40:13 - PHP Notice:  Undefined variable: discount in C:\xampp\htdocs\boot_store\admin\view\template\inventory\purchase_invoice_form.tpl on line 375
2025-07-11 10:40:13 - PHP Notice:  Undefined variable: net_amount in C:\xampp\htdocs\boot_store\admin\view\template\inventory\purchase_invoice_form.tpl on line 382
2025-07-11 10:40:13 - PHP Notice:  Undefined variable: is_post in C:\xampp\htdocs\boot_store\admin\view\template\inventory\purchase_invoice_form.tpl on line 420
2025-07-11 10:40:13 - PHP Notice:  Undefined variable: partner_id in C:\xampp\htdocs\boot_store\admin\view\template\inventory\purchase_invoice_form.tpl on line 439
2025-07-11 10:40:13 - PHP Notice:  Undefined variable: products in C:\xampp\htdocs\boot_store\admin\view\template\inventory\purchase_invoice_form.tpl on line 449
2025-07-11 10:40:13 - PHP Notice:  Undefined index: purchase_invoice_id in C:\xampp\htdocs\boot_store\admin\view\template\inventory\purchase_invoice_form.tpl on line 475
2025-07-11 10:40:13 - PHP Notice:  Undefined variable: column_right in C:\xampp\htdocs\boot_store\admin\view\template\inventory\purchase_invoice_form.tpl on line 559
2025-07-11 10:40:17 - PHP Warning:  Declaration of ControllerInventoryProduct::validateDelete($id) should be compatible with HController::validateDelete($id = '') in C:\xampp\htdocs\boot_store\admin\controller\inventory\product.php on line 1215
2025-07-11 10:40:17 - PHP Notice:  Undefined index: product_id in C:\xampp\htdocs\boot_store\system\engine\hcontroller.php on line 223
2025-07-11 10:40:17 - PHP Notice:  Undefined index: product_id in C:\xampp\htdocs\boot_store\system\engine\hcontroller.php on line 224
2025-07-11 10:40:17 - PHP Notice:  Undefined index: product_id in C:\xampp\htdocs\boot_store\admin\controller\inventory\product.php on line 312
2025-07-11 10:40:17 - PHP Notice:  Undefined index: auto_generate_product_code in C:\xampp\htdocs\boot_store\admin\controller\inventory\product.php on line 340
2025-07-11 10:40:17 - PHP Notice:  Undefined variable: result in C:\xampp\htdocs\boot_store\admin\controller\inventory\product.php on line 360
2025-07-11 10:40:17 - PHP Notice:  Trying to access array offset on value of type null in C:\xampp\htdocs\boot_store\admin\controller\inventory\product.php on line 360
2025-07-11 10:40:17 - PHP Notice:  Undefined index: product_image in C:\xampp\htdocs\boot_store\admin\controller\inventory\product.php on line 365
2025-07-11 10:40:17 - PHP Notice:  Undefined index: product_id in C:\xampp\htdocs\boot_store\admin\controller\inventory\product.php on line 389
2025-07-11 10:40:17 - PHP Notice:  Undefined index: duplicate in C:\xampp\htdocs\boot_store\admin\controller\inventory\product.php on line 391
2025-07-11 10:40:17 - PHP Notice:  Undefined index: product_id in C:\xampp\htdocs\boot_store\admin\controller\inventory\product.php on line 392
2025-07-11 10:40:17 - PHP Notice:  Undefined index: product_id in C:\xampp\htdocs\boot_store\admin\controller\inventory\product.php on line 393
2025-07-11 10:40:17 - PHP Notice:  Undefined variable: href_gl_mapping_account in C:\xampp\htdocs\boot_store\admin\view\template\common\column_left.tpl on line 68
2025-07-11 10:40:17 - PHP Notice:  Undefined index: gl_mapping_account in C:\xampp\htdocs\boot_store\admin\view\template\common\column_left.tpl on line 68
2025-07-11 10:40:17 - PHP Notice:  Undefined variable: href_tool_dashboard in C:\xampp\htdocs\boot_store\admin\view\template\common\column_left.tpl on line 231
2025-07-11 10:40:17 - PHP Notice:  Undefined index: company_logo in C:\xampp\htdocs\boot_store\admin\controller\common\page_header.php on line 24
2025-07-11 10:40:17 - PHP Notice:  Undefined index: base_currency_id in C:\xampp\htdocs\boot_store\admin\controller\common\page_header.php on line 30
2025-07-11 10:40:17 - PHP Notice:  Undefined index: currency_id in C:\xampp\htdocs\boot_store\admin\controller\common\page_header.php on line 33
2025-07-11 10:40:17 - PHP Notice:  Undefined index: name in C:\xampp\htdocs\boot_store\admin\controller\common\page_header.php on line 34
2025-07-11 10:40:18 - PHP Notice:  Undefined index: class in C:\xampp\htdocs\boot_store\admin\view\template\inventory\product_form.tpl on line 18
2025-07-11 10:40:18 - PHP Notice:  Undefined index: class in C:\xampp\htdocs\boot_store\admin\view\template\inventory\product_form.tpl on line 18
2025-07-11 10:40:18 - PHP Notice:  Undefined index: class in C:\xampp\htdocs\boot_store\admin\view\template\inventory\product_form.tpl on line 18
2025-07-11 10:40:18 - PHP Notice:  Undefined variable: action in C:\xampp\htdocs\boot_store\admin\view\template\inventory\product_form.tpl on line 65
2025-07-11 10:40:18 - PHP Notice:  Undefined variable: product_category_id in C:\xampp\htdocs\boot_store\admin\view\template\inventory\product_form.tpl on line 73
2025-07-11 10:40:18 - PHP Notice:  Undefined variable: auto_generate_product_code in C:\xampp\htdocs\boot_store\admin\view\template\inventory\product_form.tpl on line 89
2025-07-11 10:40:18 - PHP Notice:  Undefined variable: product_sub_categories in C:\xampp\htdocs\boot_store\admin\view\template\inventory\product_form.tpl on line 98
2025-07-11 10:40:18 - PHP Warning:  Invalid argument supplied for foreach() in C:\xampp\htdocs\boot_store\admin\view\template\inventory\product_form.tpl on line 98
2025-07-11 10:40:18 - PHP Notice:  Undefined index: unit_id in C:\xampp\htdocs\boot_store\admin\view\template\inventory\product_form.tpl on line 190
2025-07-11 10:40:18 - PHP Notice:  Undefined variable: cogs_accounts in C:\xampp\htdocs\boot_store\admin\view\template\inventory\product_form.tpl on line 228
2025-07-11 10:40:18 - PHP Warning:  Invalid argument supplied for foreach() in C:\xampp\htdocs\boot_store\admin\view\template\inventory\product_form.tpl on line 228
2025-07-11 10:40:18 - PHP Notice:  Undefined variable: inventory_accounts in C:\xampp\htdocs\boot_store\admin\view\template\inventory\product_form.tpl on line 238
2025-07-11 10:40:18 - PHP Warning:  Invalid argument supplied for foreach() in C:\xampp\htdocs\boot_store\admin\view\template\inventory\product_form.tpl on line 238
2025-07-11 10:40:18 - PHP Notice:  Undefined variable: revenue_accounts in C:\xampp\htdocs\boot_store\admin\view\template\inventory\product_form.tpl on line 248
2025-07-11 10:40:18 - PHP Warning:  Invalid argument supplied for foreach() in C:\xampp\htdocs\boot_store\admin\view\template\inventory\product_form.tpl on line 248
2025-07-11 10:40:18 - PHP Notice:  Undefined variable: adjustment_accounts in C:\xampp\htdocs\boot_store\admin\view\template\inventory\product_form.tpl on line 258
2025-07-11 10:40:18 - PHP Warning:  Invalid argument supplied for foreach() in C:\xampp\htdocs\boot_store\admin\view\template\inventory\product_form.tpl on line 258
2025-07-11 10:40:19 - PHP Notice:  Undefined variable: product_image in C:\xampp\htdocs\boot_store\admin\view\template\inventory\product_form.tpl on line 270
2025-07-11 10:40:19 - PHP Notice:  Undefined variable: product_sub_category_id in C:\xampp\htdocs\boot_store\admin\view\template\inventory\product_form.tpl on line 356
2025-07-11 10:40:19 - PHP Notice:  Undefined variable: url_add_make in C:\xampp\htdocs\boot_store\admin\view\template\inventory\product_form.tpl on line 361
2025-07-11 10:40:19 - PHP Notice:  Undefined variable: url_add_make in C:\xampp\htdocs\boot_store\admin\view\template\inventory\product_form.tpl on line 368
2025-07-11 10:40:19 - PHP Notice:  Undefined index: product_id in C:\xampp\htdocs\boot_store\admin\view\template\inventory\product_form.tpl on line 433
2025-07-11 10:40:19 - PHP Notice:  Undefined variable: column_right in C:\xampp\htdocs\boot_store\admin\view\template\inventory\product_form.tpl on line 442
2025-07-11 10:44:55 - PHP Notice:  Undefined index: db_name in C:\xampp\htdocs\boot_store\system\engine\hmodel.php on line 12
2025-07-11 10:44:55 - PHP Warning:  Invalid argument supplied for foreach() in C:\xampp\htdocs\boot_store\admin\view\template\common\preset.tpl on line 52
2025-07-11 10:44:56 - PHP Notice:  Undefined variable: fiscal_year_id in C:\xampp\htdocs\boot_store\admin\controller\common\preset.php on line 228
2025-07-11 10:44:58 - PHP Notice:  Undefined index: db_name in C:\xampp\htdocs\boot_store\system\engine\hmodel.php on line 12
2025-07-11 10:44:59 - PHP Notice:  Undefined index: case_id in C:\xampp\htdocs\boot_store\admin\controller\common\home.php on line 55
2025-07-11 10:44:59 - PHP Notice:  Undefined index: case_id in C:\xampp\htdocs\boot_store\admin\controller\common\home.php on line 56
2025-07-11 10:44:59 - PHP Notice:  Undefined variable: href_gl_mapping_account in C:\xampp\htdocs\boot_store\admin\view\template\common\column_left.tpl on line 68
2025-07-11 10:44:59 - PHP Notice:  Undefined index: gl_mapping_account in C:\xampp\htdocs\boot_store\admin\view\template\common\column_left.tpl on line 68
2025-07-11 10:44:59 - PHP Notice:  Undefined variable: href_tool_dashboard in C:\xampp\htdocs\boot_store\admin\view\template\common\column_left.tpl on line 231
2025-07-11 10:44:59 - PHP Notice:  Undefined index: company_logo in C:\xampp\htdocs\boot_store\admin\controller\common\page_header.php on line 24
2025-07-11 10:44:59 - PHP Notice:  Undefined index: base_currency_id in C:\xampp\htdocs\boot_store\admin\controller\common\page_header.php on line 30
2025-07-11 10:44:59 - PHP Notice:  Undefined index: currency_id in C:\xampp\htdocs\boot_store\admin\controller\common\page_header.php on line 33
2025-07-11 10:44:59 - PHP Notice:  Undefined index: name in C:\xampp\htdocs\boot_store\admin\controller\common\page_header.php on line 34
2025-07-11 10:44:59 - PHP Notice:  Undefined index: inventory_sale_invoice in C:\xampp\htdocs\boot_store\admin\view\template\common\home.tpl on line 36
2025-07-11 12:33:46 - PHP Notice:  Undefined index: db_name in C:\xampp\htdocs\boot_store\system\engine\hmodel.php on line 12
2025-07-11 12:33:46 - PHP Warning:  Invalid argument supplied for foreach() in C:\xampp\htdocs\boot_store\admin\view\template\common\preset.tpl on line 52
2025-07-11 12:33:46 - PHP Notice:  Undefined variable: fiscal_year_id in C:\xampp\htdocs\boot_store\admin\controller\common\preset.php on line 228
2025-07-11 12:33:49 - PHP Notice:  Undefined index: db_name in C:\xampp\htdocs\boot_store\system\engine\hmodel.php on line 12
2025-07-11 12:33:49 - PHP Notice:  Undefined index: case_id in C:\xampp\htdocs\boot_store\admin\controller\common\home.php on line 55
2025-07-11 12:33:49 - PHP Notice:  Undefined index: case_id in C:\xampp\htdocs\boot_store\admin\controller\common\home.php on line 56
2025-07-11 12:33:50 - PHP Notice:  Undefined variable: href_gl_mapping_account in C:\xampp\htdocs\boot_store\admin\view\template\common\column_left.tpl on line 68
2025-07-11 12:33:50 - PHP Notice:  Undefined index: gl_mapping_account in C:\xampp\htdocs\boot_store\admin\view\template\common\column_left.tpl on line 68
2025-07-11 12:33:50 - PHP Notice:  Undefined variable: href_tool_dashboard in C:\xampp\htdocs\boot_store\admin\view\template\common\column_left.tpl on line 231
2025-07-11 12:33:50 - PHP Notice:  Undefined index: company_logo in C:\xampp\htdocs\boot_store\admin\controller\common\page_header.php on line 24
2025-07-11 12:33:50 - PHP Notice:  Undefined index: base_currency_id in C:\xampp\htdocs\boot_store\admin\controller\common\page_header.php on line 30
2025-07-11 12:33:50 - PHP Notice:  Undefined index: currency_id in C:\xampp\htdocs\boot_store\admin\controller\common\page_header.php on line 33
2025-07-11 12:33:50 - PHP Notice:  Undefined index: name in C:\xampp\htdocs\boot_store\admin\controller\common\page_header.php on line 34
2025-07-11 12:33:50 - PHP Notice:  Undefined index: inventory_sale_invoice in C:\xampp\htdocs\boot_store\admin\view\template\common\home.tpl on line 36
