2023-09-06 9:17:01 - PHP Notice:  Undefined index: db_name in C:\xampp\htdocs\php_milwa_trading\system\engine\hmodel.php on line 12
2023-09-06 9:17:01 - PHP Warning:  Invalid argument supplied for foreach() in C:\xampp\htdocs\php_milwa_trading\admin\view\template\common\preset.tpl on line 52
2023-09-06 9:17:01 - PHP Notice:  Undefined variable: fiscal_year_id in C:\xampp\htdocs\php_milwa_trading\admin\controller\common\preset.php on line 228
2023-09-06 9:17:03 - PHP Notice:  Undefined index: db_name in C:\xampp\htdocs\php_milwa_trading\system\engine\hmodel.php on line 12
2023-09-06 9:17:03 - PHP Notice:  Undefined index: case_id in C:\xampp\htdocs\php_milwa_trading\admin\controller\common\home.php on line 55
2023-09-06 9:17:03 - PHP Notice:  Undefined index: case_id in C:\xampp\htdocs\php_milwa_trading\admin\controller\common\home.php on line 56
2023-09-06 9:17:04 - PHP Notice:  Undefined variable: href_gl_mapping_account in C:\xampp\htdocs\php_milwa_trading\admin\view\template\common\column_left.tpl on line 68
2023-09-06 9:17:04 - PHP Notice:  Undefined index: gl_mapping_account in C:\xampp\htdocs\php_milwa_trading\admin\view\template\common\column_left.tpl on line 68
2023-09-06 9:17:04 - PHP Notice:  Undefined variable: href_tool_dashboard in C:\xampp\htdocs\php_milwa_trading\admin\view\template\common\column_left.tpl on line 231
2023-09-06 9:17:05 - PHP Notice:  Undefined variable: sale_order_details in C:\xampp\htdocs\php_milwa_trading\admin\view\template\common\home.tpl on line 174
2023-09-06 9:17:05 - PHP Warning:  Invalid argument supplied for foreach() in C:\xampp\htdocs\php_milwa_trading\admin\view\template\common\home.tpl on line 174
2023-09-06 9:17:05 - PHP Notice:  Undefined variable: bank_receipts in C:\xampp\htdocs\php_milwa_trading\admin\view\template\common\home.tpl on line 258
2023-09-06 9:17:05 - PHP Warning:  Invalid argument supplied for foreach() in C:\xampp\htdocs\php_milwa_trading\admin\view\template\common\home.tpl on line 258
2023-09-06 9:17:09 - PHP Notice:  Undefined variable: href_gl_mapping_account in C:\xampp\htdocs\php_milwa_trading\admin\view\template\common\column_left.tpl on line 68
2023-09-06 9:17:09 - PHP Notice:  Undefined index: gl_mapping_account in C:\xampp\htdocs\php_milwa_trading\admin\view\template\common\column_left.tpl on line 68
2023-09-06 9:17:09 - PHP Notice:  Undefined variable: href_tool_dashboard in C:\xampp\htdocs\php_milwa_trading\admin\view\template\common\column_left.tpl on line 231
2023-09-06 9:17:09 - PHP Notice:  Undefined index: class in C:\xampp\htdocs\php_milwa_trading\admin\view\template\inventory\purchase_invoice_list.tpl on line 19
2023-09-06 9:17:09 - PHP Notice:  Undefined index: class in C:\xampp\htdocs\php_milwa_trading\admin\view\template\inventory\purchase_invoice_list.tpl on line 19
2023-09-06 9:17:09 - PHP Notice:  Undefined index: class in C:\xampp\htdocs\php_milwa_trading\admin\view\template\inventory\purchase_invoice_list.tpl on line 19
2023-09-06 9:17:09 - PHP Notice:  Undefined variable: column_right in C:\xampp\htdocs\php_milwa_trading\admin\view\template\inventory\purchase_invoice_list.tpl on line 78
2023-09-06 9:17:12 - PHP Notice:  Undefined index: purchase_invoice_id in C:\xampp\htdocs\php_milwa_trading\system\engine\hcontroller.php on line 223
2023-09-06 9:17:12 - PHP Notice:  Undefined index: purchase_invoice_id in C:\xampp\htdocs\php_milwa_trading\system\engine\hcontroller.php on line 224
2023-09-06 9:17:12 - PHP Notice:  Undefined index: product_id in C:\xampp\htdocs\php_milwa_trading\admin\controller\inventory\purchase_invoice.php on line 208
2023-09-06 9:17:13 - PHP Notice:  Undefined index: purchase_invoice_id in C:\xampp\htdocs\php_milwa_trading\admin\controller\inventory\purchase_invoice.php on line 300
2023-09-06 9:17:13 - PHP Notice:  Undefined index: purchase_invoice_id in C:\xampp\htdocs\php_milwa_trading\admin\controller\inventory\purchase_invoice.php on line 301
2023-09-06 9:17:13 - PHP Notice:  Undefined index: purchase_invoice_id in C:\xampp\htdocs\php_milwa_trading\admin\controller\inventory\purchase_invoice.php on line 302
2023-09-06 9:17:13 - PHP Notice:  Undefined index: purchase_invoice_id in C:\xampp\htdocs\php_milwa_trading\admin\controller\inventory\purchase_invoice.php on line 303
2023-09-06 9:17:13 - PHP Notice:  Undefined index: purchase_invoice_id in C:\xampp\htdocs\php_milwa_trading\admin\controller\inventory\purchase_invoice.php on line 304
2023-09-06 9:17:13 - PHP Notice:  Undefined index: purchase_invoice_id in C:\xampp\htdocs\php_milwa_trading\admin\controller\inventory\purchase_invoice.php on line 305
2023-09-06 9:17:13 - PHP Notice:  Undefined index: purchase_invoice_id in C:\xampp\htdocs\php_milwa_trading\admin\controller\inventory\purchase_invoice.php on line 306
2023-09-06 9:17:13 - PHP Notice:  Undefined variable: href_gl_mapping_account in C:\xampp\htdocs\php_milwa_trading\admin\view\template\common\column_left.tpl on line 68
2023-09-06 9:17:13 - PHP Notice:  Undefined index: gl_mapping_account in C:\xampp\htdocs\php_milwa_trading\admin\view\template\common\column_left.tpl on line 68
2023-09-06 9:17:13 - PHP Notice:  Undefined variable: href_tool_dashboard in C:\xampp\htdocs\php_milwa_trading\admin\view\template\common\column_left.tpl on line 231
2023-09-06 9:17:13 - PHP Notice:  Undefined index: class in C:\xampp\htdocs\php_milwa_trading\admin\view\template\inventory\purchase_invoice_form.tpl on line 19
2023-09-06 9:17:13 - PHP Notice:  Undefined index: class in C:\xampp\htdocs\php_milwa_trading\admin\view\template\inventory\purchase_invoice_form.tpl on line 19
2023-09-06 9:17:13 - PHP Notice:  Undefined index: class in C:\xampp\htdocs\php_milwa_trading\admin\view\template\inventory\purchase_invoice_form.tpl on line 19
2023-09-06 9:17:13 - PHP Notice:  Undefined variable: is_post in C:\xampp\htdocs\php_milwa_trading\admin\view\template\inventory\purchase_invoice_form.tpl on line 52
2023-09-06 9:17:13 - PHP Notice:  Undefined variable: action in C:\xampp\htdocs\php_milwa_trading\admin\view\template\inventory\purchase_invoice_form.tpl on line 80
2023-09-06 9:17:13 - PHP Notice:  Undefined variable: document_type_id in C:\xampp\htdocs\php_milwa_trading\admin\view\template\inventory\purchase_invoice_form.tpl on line 81
2023-09-06 9:17:13 - PHP Notice:  Undefined variable: purchase_invoice_id in C:\xampp\htdocs\php_milwa_trading\admin\view\template\inventory\purchase_invoice_form.tpl on line 82
2023-09-06 9:17:13 - PHP Notice:  Undefined index: payment_type in C:\xampp\htdocs\php_milwa_trading\admin\view\template\inventory\purchase_invoice_form.tpl on line 86
2023-09-06 9:17:13 - PHP Notice:  Undefined variable: payment_type in C:\xampp\htdocs\php_milwa_trading\admin\view\template\inventory\purchase_invoice_form.tpl on line 91
2023-09-06 9:17:13 - PHP Notice:  Undefined variable: payment_type in C:\xampp\htdocs\php_milwa_trading\admin\view\template\inventory\purchase_invoice_form.tpl on line 99
2023-09-06 9:17:13 - PHP Notice:  Undefined variable: document_identity in C:\xampp\htdocs\php_milwa_trading\admin\view\template\inventory\purchase_invoice_form.tpl on line 110
2023-09-06 9:17:13 - PHP Notice:  Undefined variable: partner_id in C:\xampp\htdocs\php_milwa_trading\admin\view\template\inventory\purchase_invoice_form.tpl on line 177
2023-09-06 9:17:13 - PHP Notice:  Undefined variable: partner_id in C:\xampp\htdocs\php_milwa_trading\admin\view\template\inventory\purchase_invoice_form.tpl on line 177
2023-09-06 9:17:13 - PHP Notice:  Undefined variable: partner_id in C:\xampp\htdocs\php_milwa_trading\admin\view\template\inventory\purchase_invoice_form.tpl on line 177
2023-09-06 9:17:13 - PHP Notice:  Undefined variable: partner_id in C:\xampp\htdocs\php_milwa_trading\admin\view\template\inventory\purchase_invoice_form.tpl on line 177
2023-09-06 9:17:13 - PHP Notice:  Undefined variable: partner_id in C:\xampp\htdocs\php_milwa_trading\admin\view\template\inventory\purchase_invoice_form.tpl on line 177
2023-09-06 9:17:13 - PHP Notice:  Undefined variable: partner_id in C:\xampp\htdocs\php_milwa_trading\admin\view\template\inventory\purchase_invoice_form.tpl on line 177
2023-09-06 9:17:13 - PHP Notice:  Undefined variable: partner_id in C:\xampp\htdocs\php_milwa_trading\admin\view\template\inventory\purchase_invoice_form.tpl on line 177
2023-09-06 9:17:13 - PHP Notice:  Undefined variable: ref_document_type_id in C:\xampp\htdocs\php_milwa_trading\admin\view\template\inventory\purchase_invoice_form.tpl on line 188
2023-09-06 9:17:13 - PHP Notice:  Undefined variable: document_currency_name in C:\xampp\htdocs\php_milwa_trading\admin\view\template\inventory\purchase_invoice_form.tpl on line 221
2023-09-06 9:17:13 - PHP Notice:  Undefined variable: remarks in C:\xampp\htdocs\php_milwa_trading\admin\view\template\inventory\purchase_invoice_form.tpl on line 235
2023-09-06 9:17:13 - PHP Notice:  Undefined variable: purchase_invoice_details in C:\xampp\htdocs\php_milwa_trading\admin\view\template\inventory\purchase_invoice_form.tpl on line 274
2023-09-06 9:17:13 - PHP Warning:  Invalid argument supplied for foreach() in C:\xampp\htdocs\php_milwa_trading\admin\view\template\inventory\purchase_invoice_form.tpl on line 274
2023-09-06 9:17:13 - PHP Notice:  Undefined variable: purchase_invoice_details in C:\xampp\htdocs\php_milwa_trading\admin\view\template\inventory\purchase_invoice_form.tpl on line 389
2023-09-06 9:17:13 - PHP Warning:  count(): Parameter must be an array or an object that implements Countable in C:\xampp\htdocs\php_milwa_trading\admin\view\template\inventory\purchase_invoice_form.tpl on line 389
2023-09-06 9:17:13 - PHP Notice:  Undefined variable: qty_master in C:\xampp\htdocs\php_milwa_trading\admin\view\template\inventory\purchase_invoice_form.tpl on line 395
2023-09-06 9:17:13 - PHP Notice:  Undefined variable: total_price_master in C:\xampp\htdocs\php_milwa_trading\admin\view\template\inventory\purchase_invoice_form.tpl on line 400
2023-09-06 9:17:13 - PHP Notice:  Undefined variable: total_price_pkr_master in C:\xampp\htdocs\php_milwa_trading\admin\view\template\inventory\purchase_invoice_form.tpl on line 404
2023-09-06 9:17:13 - PHP Notice:  Undefined variable: freight_master in C:\xampp\htdocs\php_milwa_trading\admin\view\template\inventory\purchase_invoice_form.tpl on line 408
2023-09-06 9:17:14 - PHP Notice:  Undefined variable: custom_duty_master in C:\xampp\htdocs\php_milwa_trading\admin\view\template\inventory\purchase_invoice_form.tpl on line 411
2023-09-06 9:17:14 - PHP Notice:  Undefined variable: additional_custom_duty_master in C:\xampp\htdocs\php_milwa_trading\admin\view\template\inventory\purchase_invoice_form.tpl on line 414
2023-09-06 9:17:14 - PHP Notice:  Undefined variable: regulatory_duty_master in C:\xampp\htdocs\php_milwa_trading\admin\view\template\inventory\purchase_invoice_form.tpl on line 417
2023-09-06 9:17:14 - PHP Notice:  Undefined variable: sales_tax_master in C:\xampp\htdocs\php_milwa_trading\admin\view\template\inventory\purchase_invoice_form.tpl on line 421
2023-09-06 9:17:14 - PHP Notice:  Undefined variable: additional_sales_tax_master in C:\xampp\htdocs\php_milwa_trading\admin\view\template\inventory\purchase_invoice_form.tpl on line 424
2023-09-06 9:17:14 - PHP Notice:  Undefined variable: income_tax_master in C:\xampp\htdocs\php_milwa_trading\admin\view\template\inventory\purchase_invoice_form.tpl on line 427
2023-09-06 9:17:14 - PHP Notice:  Undefined variable: total_duties_master in C:\xampp\htdocs\php_milwa_trading\admin\view\template\inventory\purchase_invoice_form.tpl on line 430
2023-09-06 9:17:14 - PHP Notice:  Undefined variable: total_other_expense_master in C:\xampp\htdocs\php_milwa_trading\admin\view\template\inventory\purchase_invoice_form.tpl on line 433
2023-09-06 9:17:14 - PHP Notice:  Undefined variable: total_other_duties_master in C:\xampp\htdocs\php_milwa_trading\admin\view\template\inventory\purchase_invoice_form.tpl on line 436
2023-09-06 9:17:14 - PHP Notice:  Undefined variable: total_landed_cost_master in C:\xampp\htdocs\php_milwa_trading\admin\view\template\inventory\purchase_invoice_form.tpl on line 439
2023-09-06 9:17:14 - PHP Notice:  Undefined variable: net_unit_cost_master in C:\xampp\htdocs\php_milwa_trading\admin\view\template\inventory\purchase_invoice_form.tpl on line 442
2023-09-06 9:17:14 - PHP Notice:  Undefined variable: purchase_invoice_expenses in C:\xampp\htdocs\php_milwa_trading\admin\view\template\inventory\purchase_invoice_form.tpl on line 467
2023-09-06 9:17:14 - PHP Warning:  Invalid argument supplied for foreach() in C:\xampp\htdocs\php_milwa_trading\admin\view\template\inventory\purchase_invoice_form.tpl on line 467
2023-09-06 9:17:14 - PHP Notice:  Undefined variable: expense_total in C:\xampp\htdocs\php_milwa_trading\admin\view\template\inventory\purchase_invoice_form.tpl on line 492
2023-09-06 9:17:14 - PHP Notice:  Undefined variable: purchase_invoice_sales_taxs in C:\xampp\htdocs\php_milwa_trading\admin\view\template\inventory\purchase_invoice_form.tpl on line 512
2023-09-06 9:17:14 - PHP Warning:  Invalid argument supplied for foreach() in C:\xampp\htdocs\php_milwa_trading\admin\view\template\inventory\purchase_invoice_form.tpl on line 512
2023-09-06 9:17:14 - PHP Notice:  Undefined variable: sales_tax_total in C:\xampp\htdocs\php_milwa_trading\admin\view\template\inventory\purchase_invoice_form.tpl on line 537
2023-09-06 9:17:14 - PHP Notice:  Undefined variable: is_post in C:\xampp\htdocs\php_milwa_trading\admin\view\template\inventory\purchase_invoice_form.tpl on line 572
2023-09-06 9:17:14 - PHP Notice:  Undefined variable: partner_id in C:\xampp\htdocs\php_milwa_trading\admin\view\template\inventory\purchase_invoice_form.tpl on line 591
2023-09-06 9:17:14 - PHP Notice:  Undefined variable: products in C:\xampp\htdocs\php_milwa_trading\admin\view\template\inventory\purchase_invoice_form.tpl on line 600
2023-09-06 9:17:14 - PHP Notice:  Undefined variable: sales_tax_adjustable_account in C:\xampp\htdocs\php_milwa_trading\admin\view\template\inventory\purchase_invoice_form.tpl on line 605
2023-09-06 9:17:14 - PHP Notice:  Undefined index: purchase_invoice_id in C:\xampp\htdocs\php_milwa_trading\admin\view\template\inventory\purchase_invoice_form.tpl on line 634
2023-09-06 9:17:14 - PHP Notice:  Undefined variable: column_right in C:\xampp\htdocs\php_milwa_trading\admin\view\template\inventory\purchase_invoice_form.tpl on line 721
2023-09-06 9:18:28 - PHP Notice:  Undefined index: partner_id in C:\xampp\htdocs\php_milwa_trading\admin\controller\common\function.php on line 118
2023-09-06 9:18:28 - PHP Notice:  Undefined index: branch_id in C:\xampp\htdocs\php_milwa_trading\admin\controller\common\function.php on line 119
2023-09-06 9:18:29 - PHP Notice:  Undefined index: product_id in C:\xampp\htdocs\php_milwa_trading\admin\controller\common\function.php on line 129
2023-09-06 9:18:29 - PHP Notice:  Undefined index: rate in C:\xampp\htdocs\php_milwa_trading\admin\controller\common\function.php on line 130
2023-09-06 9:18:29 - PHP Notice:  Undefined index: product_id in C:\xampp\htdocs\php_milwa_trading\admin\controller\common\function.php on line 133
2023-09-06 9:18:29 - PHP Notice:  Undefined index: rate in C:\xampp\htdocs\php_milwa_trading\admin\controller\common\function.php on line 134
2023-09-06 9:18:33 - PHP Notice:  Undefined index: sEcho in C:\xampp\htdocs\php_milwa_trading\admin\controller\common\function.php on line 336
2023-09-06 9:18:33 - PHP Notice:  Undefined index: customer_id in C:\xampp\htdocs\php_milwa_trading\admin\controller\common\function.php on line 353
2023-09-06 9:18:33 - PHP Notice:  Undefined index: rate in C:\xampp\htdocs\php_milwa_trading\admin\controller\common\function.php on line 354
2023-09-06 9:18:33 - PHP Notice:  Undefined index: to_branch_id in C:\xampp\htdocs\php_milwa_trading\admin\controller\common\function.php on line 357
2023-09-06 9:18:33 - PHP Notice:  Undefined index: rate in C:\xampp\htdocs\php_milwa_trading\admin\controller\common\function.php on line 358
2023-09-06 9:18:33 - PHP Notice:  Undefined index: cubic_meter in C:\xampp\htdocs\php_milwa_trading\admin\controller\common\function.php on line 367
2023-09-06 9:18:33 - PHP Notice:  Undefined index: cubic_feet in C:\xampp\htdocs\php_milwa_trading\admin\controller\common\function.php on line 368
2023-09-06 9:18:33 - PHP Notice:  Undefined index: customer_id in C:\xampp\htdocs\php_milwa_trading\admin\controller\common\function.php on line 353
2023-09-06 9:18:34 - PHP Notice:  Undefined index: rate in C:\xampp\htdocs\php_milwa_trading\admin\controller\common\function.php on line 354
2023-09-06 9:18:34 - PHP Notice:  Undefined index: to_branch_id in C:\xampp\htdocs\php_milwa_trading\admin\controller\common\function.php on line 357
2023-09-06 9:18:34 - PHP Notice:  Undefined index: rate in C:\xampp\htdocs\php_milwa_trading\admin\controller\common\function.php on line 358
2023-09-06 9:18:34 - PHP Notice:  Undefined index: cubic_meter in C:\xampp\htdocs\php_milwa_trading\admin\controller\common\function.php on line 367
2023-09-06 9:18:34 - PHP Notice:  Undefined index: cubic_feet in C:\xampp\htdocs\php_milwa_trading\admin\controller\common\function.php on line 368
2023-09-06 9:18:34 - PHP Notice:  Undefined index: customer_id in C:\xampp\htdocs\php_milwa_trading\admin\controller\common\function.php on line 353
2023-09-06 9:18:34 - PHP Notice:  Undefined index: rate in C:\xampp\htdocs\php_milwa_trading\admin\controller\common\function.php on line 354
2023-09-06 9:18:34 - PHP Notice:  Undefined index: to_branch_id in C:\xampp\htdocs\php_milwa_trading\admin\controller\common\function.php on line 357
2023-09-06 9:18:34 - PHP Notice:  Undefined index: rate in C:\xampp\htdocs\php_milwa_trading\admin\controller\common\function.php on line 358
2023-09-06 9:18:34 - PHP Notice:  Undefined index: cubic_meter in C:\xampp\htdocs\php_milwa_trading\admin\controller\common\function.php on line 367
2023-09-06 9:18:34 - PHP Notice:  Undefined index: cubic_feet in C:\xampp\htdocs\php_milwa_trading\admin\controller\common\function.php on line 368
2023-09-06 9:18:34 - PHP Notice:  Undefined index: customer_id in C:\xampp\htdocs\php_milwa_trading\admin\controller\common\function.php on line 353
2023-09-06 9:18:34 - PHP Notice:  Undefined index: rate in C:\xampp\htdocs\php_milwa_trading\admin\controller\common\function.php on line 354
2023-09-06 9:18:34 - PHP Notice:  Undefined index: to_branch_id in C:\xampp\htdocs\php_milwa_trading\admin\controller\common\function.php on line 357
2023-09-06 9:18:34 - PHP Notice:  Undefined index: rate in C:\xampp\htdocs\php_milwa_trading\admin\controller\common\function.php on line 358
2023-09-06 9:18:34 - PHP Notice:  Undefined index: cubic_meter in C:\xampp\htdocs\php_milwa_trading\admin\controller\common\function.php on line 367
2023-09-06 9:18:34 - PHP Notice:  Undefined index: cubic_feet in C:\xampp\htdocs\php_milwa_trading\admin\controller\common\function.php on line 368
2023-09-06 9:18:34 - PHP Notice:  Undefined index: customer_id in C:\xampp\htdocs\php_milwa_trading\admin\controller\common\function.php on line 353
2023-09-06 9:18:34 - PHP Notice:  Undefined index: rate in C:\xampp\htdocs\php_milwa_trading\admin\controller\common\function.php on line 354
2023-09-06 9:18:34 - PHP Notice:  Undefined index: to_branch_id in C:\xampp\htdocs\php_milwa_trading\admin\controller\common\function.php on line 357
2023-09-06 9:18:34 - PHP Notice:  Undefined index: rate in C:\xampp\htdocs\php_milwa_trading\admin\controller\common\function.php on line 358
2023-09-06 9:18:34 - PHP Notice:  Undefined index: cubic_meter in C:\xampp\htdocs\php_milwa_trading\admin\controller\common\function.php on line 367
2023-09-06 9:18:34 - PHP Notice:  Undefined index: cubic_feet in C:\xampp\htdocs\php_milwa_trading\admin\controller\common\function.php on line 368
2023-09-06 9:18:34 - PHP Notice:  Undefined index: customer_id in C:\xampp\htdocs\php_milwa_trading\admin\controller\common\function.php on line 353
2023-09-06 9:18:34 - PHP Notice:  Undefined index: rate in C:\xampp\htdocs\php_milwa_trading\admin\controller\common\function.php on line 354
2023-09-06 9:18:34 - PHP Notice:  Undefined index: to_branch_id in C:\xampp\htdocs\php_milwa_trading\admin\controller\common\function.php on line 357
2023-09-06 9:18:34 - PHP Notice:  Undefined index: rate in C:\xampp\htdocs\php_milwa_trading\admin\controller\common\function.php on line 358
2023-09-06 9:18:34 - PHP Notice:  Undefined index: cubic_meter in C:\xampp\htdocs\php_milwa_trading\admin\controller\common\function.php on line 367
2023-09-06 9:18:34 - PHP Notice:  Undefined index: cubic_feet in C:\xampp\htdocs\php_milwa_trading\admin\controller\common\function.php on line 368
2023-09-06 9:18:34 - PHP Notice:  Undefined index: customer_id in C:\xampp\htdocs\php_milwa_trading\admin\controller\common\function.php on line 353
2023-09-06 9:18:34 - PHP Notice:  Undefined index: rate in C:\xampp\htdocs\php_milwa_trading\admin\controller\common\function.php on line 354
2023-09-06 9:18:34 - PHP Notice:  Undefined index: to_branch_id in C:\xampp\htdocs\php_milwa_trading\admin\controller\common\function.php on line 357
2023-09-06 9:18:34 - PHP Notice:  Undefined index: rate in C:\xampp\htdocs\php_milwa_trading\admin\controller\common\function.php on line 358
2023-09-06 9:18:34 - PHP Notice:  Undefined index: cubic_meter in C:\xampp\htdocs\php_milwa_trading\admin\controller\common\function.php on line 367
2023-09-06 9:18:34 - PHP Notice:  Undefined index: cubic_feet in C:\xampp\htdocs\php_milwa_trading\admin\controller\common\function.php on line 368
2023-09-06 9:18:34 - PHP Notice:  Undefined index: customer_id in C:\xampp\htdocs\php_milwa_trading\admin\controller\common\function.php on line 353
2023-09-06 9:18:34 - PHP Notice:  Undefined index: rate in C:\xampp\htdocs\php_milwa_trading\admin\controller\common\function.php on line 354
2023-09-06 9:18:34 - PHP Notice:  Undefined index: to_branch_id in C:\xampp\htdocs\php_milwa_trading\admin\controller\common\function.php on line 357
2023-09-06 9:18:34 - PHP Notice:  Undefined index: rate in C:\xampp\htdocs\php_milwa_trading\admin\controller\common\function.php on line 358
2023-09-06 9:18:34 - PHP Notice:  Undefined index: cubic_meter in C:\xampp\htdocs\php_milwa_trading\admin\controller\common\function.php on line 367
2023-09-06 9:18:34 - PHP Notice:  Undefined index: cubic_feet in C:\xampp\htdocs\php_milwa_trading\admin\controller\common\function.php on line 368
2023-09-06 9:18:34 - PHP Notice:  Undefined index: customer_id in C:\xampp\htdocs\php_milwa_trading\admin\controller\common\function.php on line 353
2023-09-06 9:18:34 - PHP Notice:  Undefined index: rate in C:\xampp\htdocs\php_milwa_trading\admin\controller\common\function.php on line 354
2023-09-06 9:18:34 - PHP Notice:  Undefined index: to_branch_id in C:\xampp\htdocs\php_milwa_trading\admin\controller\common\function.php on line 357
2023-09-06 9:18:34 - PHP Notice:  Undefined index: rate in C:\xampp\htdocs\php_milwa_trading\admin\controller\common\function.php on line 358
2023-09-06 9:18:34 - PHP Notice:  Undefined index: cubic_meter in C:\xampp\htdocs\php_milwa_trading\admin\controller\common\function.php on line 367
2023-09-06 9:18:34 - PHP Notice:  Undefined index: cubic_feet in C:\xampp\htdocs\php_milwa_trading\admin\controller\common\function.php on line 368
2023-09-06 9:18:34 - PHP Notice:  Undefined index: customer_id in C:\xampp\htdocs\php_milwa_trading\admin\controller\common\function.php on line 353
2023-09-06 9:18:34 - PHP Notice:  Undefined index: rate in C:\xampp\htdocs\php_milwa_trading\admin\controller\common\function.php on line 354
2023-09-06 9:18:34 - PHP Notice:  Undefined index: to_branch_id in C:\xampp\htdocs\php_milwa_trading\admin\controller\common\function.php on line 357
2023-09-06 9:18:34 - PHP Notice:  Undefined index: rate in C:\xampp\htdocs\php_milwa_trading\admin\controller\common\function.php on line 358
2023-09-06 9:18:34 - PHP Notice:  Undefined index: cubic_meter in C:\xampp\htdocs\php_milwa_trading\admin\controller\common\function.php on line 367
2023-09-06 9:18:34 - PHP Notice:  Undefined index: cubic_feet in C:\xampp\htdocs\php_milwa_trading\admin\controller\common\function.php on line 368
2023-09-06 9:18:58 - PHP Notice:  Undefined index: purchase_invoice_id in C:\xampp\htdocs\php_milwa_trading\system\engine\hcontroller.php on line 223
2023-09-06 9:18:58 - PHP Notice:  Undefined index: purchase_invoice_id in C:\xampp\htdocs\php_milwa_trading\system\engine\hcontroller.php on line 224
2023-09-06 9:18:58 - PHP Notice:  Undefined index: product_id in C:\xampp\htdocs\php_milwa_trading\admin\controller\inventory\purchase_invoice.php on line 208
2023-09-06 9:18:58 - PHP Notice:  Undefined index: purchase_invoice_id in C:\xampp\htdocs\php_milwa_trading\admin\controller\inventory\purchase_invoice.php on line 300
2023-09-06 9:18:58 - PHP Notice:  Undefined index: purchase_invoice_id in C:\xampp\htdocs\php_milwa_trading\admin\controller\inventory\purchase_invoice.php on line 301
2023-09-06 9:18:58 - PHP Notice:  Undefined index: purchase_invoice_id in C:\xampp\htdocs\php_milwa_trading\admin\controller\inventory\purchase_invoice.php on line 302
2023-09-06 9:18:58 - PHP Notice:  Undefined index: purchase_invoice_id in C:\xampp\htdocs\php_milwa_trading\admin\controller\inventory\purchase_invoice.php on line 303
2023-09-06 9:18:58 - PHP Notice:  Undefined index: purchase_invoice_id in C:\xampp\htdocs\php_milwa_trading\admin\controller\inventory\purchase_invoice.php on line 304
2023-09-06 9:18:58 - PHP Notice:  Undefined index: purchase_invoice_id in C:\xampp\htdocs\php_milwa_trading\admin\controller\inventory\purchase_invoice.php on line 305
2023-09-06 9:18:58 - PHP Notice:  Undefined index: purchase_invoice_id in C:\xampp\htdocs\php_milwa_trading\admin\controller\inventory\purchase_invoice.php on line 306
2023-09-06 9:18:58 - PHP Notice:  Undefined variable: href_gl_mapping_account in C:\xampp\htdocs\php_milwa_trading\admin\view\template\common\column_left.tpl on line 68
2023-09-06 9:18:58 - PHP Notice:  Undefined index: gl_mapping_account in C:\xampp\htdocs\php_milwa_trading\admin\view\template\common\column_left.tpl on line 68
2023-09-06 9:18:58 - PHP Notice:  Undefined variable: href_tool_dashboard in C:\xampp\htdocs\php_milwa_trading\admin\view\template\common\column_left.tpl on line 231
2023-09-06 9:18:58 - PHP Notice:  Undefined index: class in C:\xampp\htdocs\php_milwa_trading\admin\view\template\inventory\purchase_invoice_form.tpl on line 19
2023-09-06 9:18:58 - PHP Notice:  Undefined index: class in C:\xampp\htdocs\php_milwa_trading\admin\view\template\inventory\purchase_invoice_form.tpl on line 19
2023-09-06 9:18:58 - PHP Notice:  Undefined index: class in C:\xampp\htdocs\php_milwa_trading\admin\view\template\inventory\purchase_invoice_form.tpl on line 19
2023-09-06 9:18:58 - PHP Notice:  Undefined variable: is_post in C:\xampp\htdocs\php_milwa_trading\admin\view\template\inventory\purchase_invoice_form.tpl on line 52
2023-09-06 9:18:58 - PHP Notice:  Undefined variable: action in C:\xampp\htdocs\php_milwa_trading\admin\view\template\inventory\purchase_invoice_form.tpl on line 80
2023-09-06 9:18:58 - PHP Notice:  Undefined variable: document_type_id in C:\xampp\htdocs\php_milwa_trading\admin\view\template\inventory\purchase_invoice_form.tpl on line 81
2023-09-06 9:18:58 - PHP Notice:  Undefined variable: purchase_invoice_id in C:\xampp\htdocs\php_milwa_trading\admin\view\template\inventory\purchase_invoice_form.tpl on line 82
2023-09-06 9:18:58 - PHP Notice:  Undefined index: payment_type in C:\xampp\htdocs\php_milwa_trading\admin\view\template\inventory\purchase_invoice_form.tpl on line 86
2023-09-06 9:18:58 - PHP Notice:  Undefined variable: payment_type in C:\xampp\htdocs\php_milwa_trading\admin\view\template\inventory\purchase_invoice_form.tpl on line 91
2023-09-06 9:18:58 - PHP Notice:  Undefined variable: payment_type in C:\xampp\htdocs\php_milwa_trading\admin\view\template\inventory\purchase_invoice_form.tpl on line 99
2023-09-06 9:18:58 - PHP Notice:  Undefined variable: document_identity in C:\xampp\htdocs\php_milwa_trading\admin\view\template\inventory\purchase_invoice_form.tpl on line 110
2023-09-06 9:18:58 - PHP Notice:  Undefined variable: partner_id in C:\xampp\htdocs\php_milwa_trading\admin\view\template\inventory\purchase_invoice_form.tpl on line 177
2023-09-06 9:18:58 - PHP Notice:  Undefined variable: partner_id in C:\xampp\htdocs\php_milwa_trading\admin\view\template\inventory\purchase_invoice_form.tpl on line 177
2023-09-06 9:18:58 - PHP Notice:  Undefined variable: partner_id in C:\xampp\htdocs\php_milwa_trading\admin\view\template\inventory\purchase_invoice_form.tpl on line 177
2023-09-06 9:18:58 - PHP Notice:  Undefined variable: partner_id in C:\xampp\htdocs\php_milwa_trading\admin\view\template\inventory\purchase_invoice_form.tpl on line 177
2023-09-06 9:18:59 - PHP Notice:  Undefined variable: partner_id in C:\xampp\htdocs\php_milwa_trading\admin\view\template\inventory\purchase_invoice_form.tpl on line 177
2023-09-06 9:18:59 - PHP Notice:  Undefined variable: partner_id in C:\xampp\htdocs\php_milwa_trading\admin\view\template\inventory\purchase_invoice_form.tpl on line 177
2023-09-06 9:18:59 - PHP Notice:  Undefined variable: partner_id in C:\xampp\htdocs\php_milwa_trading\admin\view\template\inventory\purchase_invoice_form.tpl on line 177
2023-09-06 9:18:59 - PHP Notice:  Undefined variable: ref_document_type_id in C:\xampp\htdocs\php_milwa_trading\admin\view\template\inventory\purchase_invoice_form.tpl on line 188
2023-09-06 9:18:59 - PHP Notice:  Undefined variable: document_currency_name in C:\xampp\htdocs\php_milwa_trading\admin\view\template\inventory\purchase_invoice_form.tpl on line 221
2023-09-06 9:18:59 - PHP Notice:  Undefined variable: remarks in C:\xampp\htdocs\php_milwa_trading\admin\view\template\inventory\purchase_invoice_form.tpl on line 235
2023-09-06 9:18:59 - PHP Notice:  Undefined variable: purchase_invoice_details in C:\xampp\htdocs\php_milwa_trading\admin\view\template\inventory\purchase_invoice_form.tpl on line 274
2023-09-06 9:18:59 - PHP Warning:  Invalid argument supplied for foreach() in C:\xampp\htdocs\php_milwa_trading\admin\view\template\inventory\purchase_invoice_form.tpl on line 274
2023-09-06 9:18:59 - PHP Notice:  Undefined variable: purchase_invoice_details in C:\xampp\htdocs\php_milwa_trading\admin\view\template\inventory\purchase_invoice_form.tpl on line 389
2023-09-06 9:18:59 - PHP Warning:  count(): Parameter must be an array or an object that implements Countable in C:\xampp\htdocs\php_milwa_trading\admin\view\template\inventory\purchase_invoice_form.tpl on line 389
2023-09-06 9:18:59 - PHP Notice:  Undefined variable: qty_master in C:\xampp\htdocs\php_milwa_trading\admin\view\template\inventory\purchase_invoice_form.tpl on line 395
2023-09-06 9:18:59 - PHP Notice:  Undefined variable: total_price_master in C:\xampp\htdocs\php_milwa_trading\admin\view\template\inventory\purchase_invoice_form.tpl on line 400
2023-09-06 9:18:59 - PHP Notice:  Undefined variable: total_price_pkr_master in C:\xampp\htdocs\php_milwa_trading\admin\view\template\inventory\purchase_invoice_form.tpl on line 404
2023-09-06 9:18:59 - PHP Notice:  Undefined variable: freight_master in C:\xampp\htdocs\php_milwa_trading\admin\view\template\inventory\purchase_invoice_form.tpl on line 408
2023-09-06 9:18:59 - PHP Notice:  Undefined variable: custom_duty_master in C:\xampp\htdocs\php_milwa_trading\admin\view\template\inventory\purchase_invoice_form.tpl on line 411
2023-09-06 9:18:59 - PHP Notice:  Undefined variable: additional_custom_duty_master in C:\xampp\htdocs\php_milwa_trading\admin\view\template\inventory\purchase_invoice_form.tpl on line 414
2023-09-06 9:18:59 - PHP Notice:  Undefined variable: regulatory_duty_master in C:\xampp\htdocs\php_milwa_trading\admin\view\template\inventory\purchase_invoice_form.tpl on line 417
2023-09-06 9:18:59 - PHP Notice:  Undefined variable: sales_tax_master in C:\xampp\htdocs\php_milwa_trading\admin\view\template\inventory\purchase_invoice_form.tpl on line 421
2023-09-06 9:18:59 - PHP Notice:  Undefined variable: additional_sales_tax_master in C:\xampp\htdocs\php_milwa_trading\admin\view\template\inventory\purchase_invoice_form.tpl on line 424
2023-09-06 9:18:59 - PHP Notice:  Undefined variable: income_tax_master in C:\xampp\htdocs\php_milwa_trading\admin\view\template\inventory\purchase_invoice_form.tpl on line 427
2023-09-06 9:18:59 - PHP Notice:  Undefined variable: total_duties_master in C:\xampp\htdocs\php_milwa_trading\admin\view\template\inventory\purchase_invoice_form.tpl on line 430
2023-09-06 9:18:59 - PHP Notice:  Undefined variable: total_other_expense_master in C:\xampp\htdocs\php_milwa_trading\admin\view\template\inventory\purchase_invoice_form.tpl on line 433
2023-09-06 9:18:59 - PHP Notice:  Undefined variable: total_other_duties_master in C:\xampp\htdocs\php_milwa_trading\admin\view\template\inventory\purchase_invoice_form.tpl on line 436
2023-09-06 9:18:59 - PHP Notice:  Undefined variable: total_landed_cost_master in C:\xampp\htdocs\php_milwa_trading\admin\view\template\inventory\purchase_invoice_form.tpl on line 439
2023-09-06 9:18:59 - PHP Notice:  Undefined variable: net_unit_cost_master in C:\xampp\htdocs\php_milwa_trading\admin\view\template\inventory\purchase_invoice_form.tpl on line 442
2023-09-06 9:18:59 - PHP Notice:  Undefined variable: purchase_invoice_expenses in C:\xampp\htdocs\php_milwa_trading\admin\view\template\inventory\purchase_invoice_form.tpl on line 467
2023-09-06 9:18:59 - PHP Warning:  Invalid argument supplied for foreach() in C:\xampp\htdocs\php_milwa_trading\admin\view\template\inventory\purchase_invoice_form.tpl on line 467
2023-09-06 9:18:59 - PHP Notice:  Undefined variable: expense_total in C:\xampp\htdocs\php_milwa_trading\admin\view\template\inventory\purchase_invoice_form.tpl on line 492
2023-09-06 9:18:59 - PHP Notice:  Undefined variable: purchase_invoice_sales_taxs in C:\xampp\htdocs\php_milwa_trading\admin\view\template\inventory\purchase_invoice_form.tpl on line 512
2023-09-06 9:18:59 - PHP Warning:  Invalid argument supplied for foreach() in C:\xampp\htdocs\php_milwa_trading\admin\view\template\inventory\purchase_invoice_form.tpl on line 512
2023-09-06 9:18:59 - PHP Notice:  Undefined variable: sales_tax_total in C:\xampp\htdocs\php_milwa_trading\admin\view\template\inventory\purchase_invoice_form.tpl on line 537
2023-09-06 9:18:59 - PHP Notice:  Undefined variable: is_post in C:\xampp\htdocs\php_milwa_trading\admin\view\template\inventory\purchase_invoice_form.tpl on line 572
2023-09-06 9:18:59 - PHP Notice:  Undefined variable: partner_id in C:\xampp\htdocs\php_milwa_trading\admin\view\template\inventory\purchase_invoice_form.tpl on line 591
2023-09-06 9:18:59 - PHP Notice:  Undefined variable: products in C:\xampp\htdocs\php_milwa_trading\admin\view\template\inventory\purchase_invoice_form.tpl on line 600
2023-09-06 9:18:59 - PHP Notice:  Undefined variable: sales_tax_adjustable_account in C:\xampp\htdocs\php_milwa_trading\admin\view\template\inventory\purchase_invoice_form.tpl on line 605
2023-09-06 9:18:59 - PHP Notice:  Undefined index: purchase_invoice_id in C:\xampp\htdocs\php_milwa_trading\admin\view\template\inventory\purchase_invoice_form.tpl on line 634
2023-09-06 9:18:59 - PHP Notice:  Undefined variable: column_right in C:\xampp\htdocs\php_milwa_trading\admin\view\template\inventory\purchase_invoice_form.tpl on line 721
2023-09-06 9:19:15 - PHP Notice:  Undefined index: page in C:\xampp\htdocs\php_milwa_trading\admin\controller\inventory\purchase_invoice.php on line 323
2023-09-06 9:19:19 - PHP Notice:  Undefined index: sEcho in C:\xampp\htdocs\php_milwa_trading\admin\controller\common\function.php on line 336
2023-09-06 9:19:19 - PHP Notice:  Undefined index: customer_id in C:\xampp\htdocs\php_milwa_trading\admin\controller\common\function.php on line 353
2023-09-06 9:19:19 - PHP Notice:  Undefined index: rate in C:\xampp\htdocs\php_milwa_trading\admin\controller\common\function.php on line 354
2023-09-06 9:19:19 - PHP Notice:  Undefined index: to_branch_id in C:\xampp\htdocs\php_milwa_trading\admin\controller\common\function.php on line 357
2023-09-06 9:19:19 - PHP Notice:  Undefined index: rate in C:\xampp\htdocs\php_milwa_trading\admin\controller\common\function.php on line 358
2023-09-06 9:19:19 - PHP Notice:  Undefined index: cubic_meter in C:\xampp\htdocs\php_milwa_trading\admin\controller\common\function.php on line 367
2023-09-06 9:19:19 - PHP Notice:  Undefined index: cubic_feet in C:\xampp\htdocs\php_milwa_trading\admin\controller\common\function.php on line 368
2023-09-06 9:19:19 - PHP Notice:  Undefined index: customer_id in C:\xampp\htdocs\php_milwa_trading\admin\controller\common\function.php on line 353
2023-09-06 9:19:19 - PHP Notice:  Undefined index: rate in C:\xampp\htdocs\php_milwa_trading\admin\controller\common\function.php on line 354
2023-09-06 9:19:19 - PHP Notice:  Undefined index: to_branch_id in C:\xampp\htdocs\php_milwa_trading\admin\controller\common\function.php on line 357
2023-09-06 9:19:19 - PHP Notice:  Undefined index: rate in C:\xampp\htdocs\php_milwa_trading\admin\controller\common\function.php on line 358
2023-09-06 9:19:19 - PHP Notice:  Undefined index: cubic_meter in C:\xampp\htdocs\php_milwa_trading\admin\controller\common\function.php on line 367
2023-09-06 9:19:19 - PHP Notice:  Undefined index: cubic_feet in C:\xampp\htdocs\php_milwa_trading\admin\controller\common\function.php on line 368
2023-09-06 9:19:19 - PHP Notice:  Undefined index: customer_id in C:\xampp\htdocs\php_milwa_trading\admin\controller\common\function.php on line 353
2023-09-06 9:19:19 - PHP Notice:  Undefined index: rate in C:\xampp\htdocs\php_milwa_trading\admin\controller\common\function.php on line 354
2023-09-06 9:19:19 - PHP Notice:  Undefined index: to_branch_id in C:\xampp\htdocs\php_milwa_trading\admin\controller\common\function.php on line 357
2023-09-06 9:19:19 - PHP Notice:  Undefined index: rate in C:\xampp\htdocs\php_milwa_trading\admin\controller\common\function.php on line 358
2023-09-06 9:19:19 - PHP Notice:  Undefined index: cubic_meter in C:\xampp\htdocs\php_milwa_trading\admin\controller\common\function.php on line 367
2023-09-06 9:19:20 - PHP Notice:  Undefined index: cubic_feet in C:\xampp\htdocs\php_milwa_trading\admin\controller\common\function.php on line 368
2023-09-06 9:19:20 - PHP Notice:  Undefined index: customer_id in C:\xampp\htdocs\php_milwa_trading\admin\controller\common\function.php on line 353
2023-09-06 9:19:20 - PHP Notice:  Undefined index: rate in C:\xampp\htdocs\php_milwa_trading\admin\controller\common\function.php on line 354
2023-09-06 9:19:20 - PHP Notice:  Undefined index: to_branch_id in C:\xampp\htdocs\php_milwa_trading\admin\controller\common\function.php on line 357
2023-09-06 9:19:20 - PHP Notice:  Undefined index: rate in C:\xampp\htdocs\php_milwa_trading\admin\controller\common\function.php on line 358
2023-09-06 9:19:20 - PHP Notice:  Undefined index: cubic_meter in C:\xampp\htdocs\php_milwa_trading\admin\controller\common\function.php on line 367
2023-09-06 9:19:20 - PHP Notice:  Undefined index: cubic_feet in C:\xampp\htdocs\php_milwa_trading\admin\controller\common\function.php on line 368
2023-09-06 9:19:20 - PHP Notice:  Undefined index: customer_id in C:\xampp\htdocs\php_milwa_trading\admin\controller\common\function.php on line 353
2023-09-06 9:19:20 - PHP Notice:  Undefined index: rate in C:\xampp\htdocs\php_milwa_trading\admin\controller\common\function.php on line 354
2023-09-06 9:19:20 - PHP Notice:  Undefined index: to_branch_id in C:\xampp\htdocs\php_milwa_trading\admin\controller\common\function.php on line 357
2023-09-06 9:19:20 - PHP Notice:  Undefined index: rate in C:\xampp\htdocs\php_milwa_trading\admin\controller\common\function.php on line 358
2023-09-06 9:19:20 - PHP Notice:  Undefined index: cubic_meter in C:\xampp\htdocs\php_milwa_trading\admin\controller\common\function.php on line 367
2023-09-06 9:19:20 - PHP Notice:  Undefined index: cubic_feet in C:\xampp\htdocs\php_milwa_trading\admin\controller\common\function.php on line 368
2023-09-06 9:19:20 - PHP Notice:  Undefined index: customer_id in C:\xampp\htdocs\php_milwa_trading\admin\controller\common\function.php on line 353
2023-09-06 9:19:20 - PHP Notice:  Undefined index: rate in C:\xampp\htdocs\php_milwa_trading\admin\controller\common\function.php on line 354
2023-09-06 9:19:20 - PHP Notice:  Undefined index: to_branch_id in C:\xampp\htdocs\php_milwa_trading\admin\controller\common\function.php on line 357
2023-09-06 9:19:20 - PHP Notice:  Undefined index: rate in C:\xampp\htdocs\php_milwa_trading\admin\controller\common\function.php on line 358
2023-09-06 9:19:20 - PHP Notice:  Undefined index: cubic_meter in C:\xampp\htdocs\php_milwa_trading\admin\controller\common\function.php on line 367
2023-09-06 9:19:20 - PHP Notice:  Undefined index: cubic_feet in C:\xampp\htdocs\php_milwa_trading\admin\controller\common\function.php on line 368
2023-09-06 9:19:20 - PHP Notice:  Undefined index: customer_id in C:\xampp\htdocs\php_milwa_trading\admin\controller\common\function.php on line 353
2023-09-06 9:19:20 - PHP Notice:  Undefined index: rate in C:\xampp\htdocs\php_milwa_trading\admin\controller\common\function.php on line 354
2023-09-06 9:19:20 - PHP Notice:  Undefined index: to_branch_id in C:\xampp\htdocs\php_milwa_trading\admin\controller\common\function.php on line 357
2023-09-06 9:19:20 - PHP Notice:  Undefined index: rate in C:\xampp\htdocs\php_milwa_trading\admin\controller\common\function.php on line 358
2023-09-06 9:19:20 - PHP Notice:  Undefined index: cubic_meter in C:\xampp\htdocs\php_milwa_trading\admin\controller\common\function.php on line 367
2023-09-06 9:19:20 - PHP Notice:  Undefined index: cubic_feet in C:\xampp\htdocs\php_milwa_trading\admin\controller\common\function.php on line 368
2023-09-06 9:19:20 - PHP Notice:  Undefined index: customer_id in C:\xampp\htdocs\php_milwa_trading\admin\controller\common\function.php on line 353
2023-09-06 9:19:20 - PHP Notice:  Undefined index: rate in C:\xampp\htdocs\php_milwa_trading\admin\controller\common\function.php on line 354
2023-09-06 9:19:20 - PHP Notice:  Undefined index: to_branch_id in C:\xampp\htdocs\php_milwa_trading\admin\controller\common\function.php on line 357
2023-09-06 9:19:20 - PHP Notice:  Undefined index: rate in C:\xampp\htdocs\php_milwa_trading\admin\controller\common\function.php on line 358
2023-09-06 9:19:20 - PHP Notice:  Undefined index: cubic_meter in C:\xampp\htdocs\php_milwa_trading\admin\controller\common\function.php on line 367
2023-09-06 9:19:20 - PHP Notice:  Undefined index: cubic_feet in C:\xampp\htdocs\php_milwa_trading\admin\controller\common\function.php on line 368
2023-09-06 9:19:20 - PHP Notice:  Undefined index: customer_id in C:\xampp\htdocs\php_milwa_trading\admin\controller\common\function.php on line 353
2023-09-06 9:19:20 - PHP Notice:  Undefined index: rate in C:\xampp\htdocs\php_milwa_trading\admin\controller\common\function.php on line 354
2023-09-06 9:19:20 - PHP Notice:  Undefined index: to_branch_id in C:\xampp\htdocs\php_milwa_trading\admin\controller\common\function.php on line 357
2023-09-06 9:19:20 - PHP Notice:  Undefined index: rate in C:\xampp\htdocs\php_milwa_trading\admin\controller\common\function.php on line 358
2023-09-06 9:19:20 - PHP Notice:  Undefined index: cubic_meter in C:\xampp\htdocs\php_milwa_trading\admin\controller\common\function.php on line 367
2023-09-06 9:19:20 - PHP Notice:  Undefined index: cubic_feet in C:\xampp\htdocs\php_milwa_trading\admin\controller\common\function.php on line 368
2023-09-06 9:19:20 - PHP Notice:  Undefined index: customer_id in C:\xampp\htdocs\php_milwa_trading\admin\controller\common\function.php on line 353
2023-09-06 9:19:20 - PHP Notice:  Undefined index: rate in C:\xampp\htdocs\php_milwa_trading\admin\controller\common\function.php on line 354
2023-09-06 9:19:20 - PHP Notice:  Undefined index: to_branch_id in C:\xampp\htdocs\php_milwa_trading\admin\controller\common\function.php on line 357
2023-09-06 9:19:20 - PHP Notice:  Undefined index: rate in C:\xampp\htdocs\php_milwa_trading\admin\controller\common\function.php on line 358
2023-09-06 9:19:20 - PHP Notice:  Undefined index: cubic_meter in C:\xampp\htdocs\php_milwa_trading\admin\controller\common\function.php on line 367
2023-09-06 9:19:20 - PHP Notice:  Undefined index: cubic_feet in C:\xampp\htdocs\php_milwa_trading\admin\controller\common\function.php on line 368
2023-09-06 9:19:33 - PHP Notice:  Undefined index: supplier_id in C:\xampp\htdocs\php_milwa_trading\admin\controller\inventory\purchase_invoice.php on line 374
2023-09-06 9:19:33 - PHP Notice:  Undefined index: net_amount in C:\xampp\htdocs\php_milwa_trading\admin\controller\inventory\purchase_invoice.php on line 390
2023-09-06 9:19:33 - PHP Warning:  mysqli::real_escape_string() expects parameter 1 to be string, array given in C:\xampp\htdocs\php_milwa_trading\system\database\dbmysqli.php on line 93
2023-09-06 9:19:33 - PHP Notice:  Undefined index: value in C:\xampp\htdocs\php_milwa_trading\admin\controller\inventory\purchase_invoice.php on line 448
2023-09-06 9:19:33 - PHP Notice:  Undefined index: purchase_invoice_expenses in C:\xampp\htdocs\php_milwa_trading\admin\controller\inventory\purchase_invoice.php on line 569
2023-09-06 9:19:33 - PHP Warning:  Invalid argument supplied for foreach() in C:\xampp\htdocs\php_milwa_trading\admin\controller\inventory\purchase_invoice.php on line 569
2023-09-06 9:19:33 - PHP Notice:  Undefined index: purchase_invoice_sales_tax in C:\xampp\htdocs\php_milwa_trading\admin\controller\inventory\purchase_invoice.php on line 610
2023-09-06 9:19:33 - PHP Warning:  Invalid argument supplied for foreach() in C:\xampp\htdocs\php_milwa_trading\admin\controller\inventory\purchase_invoice.php on line 610
2023-09-06 9:19:33 - PHP Notice:  Undefined index: net_amount in C:\xampp\htdocs\php_milwa_trading\admin\controller\inventory\purchase_invoice.php on line 664
2023-09-06 9:19:33 - PHP Notice:  Undefined index: calc_weight in C:\xampp\htdocs\php_milwa_trading\admin\controller\inventory\purchase_invoice.php on line 694
2023-09-06 9:19:33 - PHP Notice:  Undefined index: project_id in C:\xampp\htdocs\php_milwa_trading\admin\controller\inventory\purchase_invoice.php on line 711
2023-09-06 9:19:33 - PHP Notice:  Undefined index: sub_project_id in C:\xampp\htdocs\php_milwa_trading\admin\controller\inventory\purchase_invoice.php on line 712
2023-09-06 9:19:33 - PHP Notice:  Undefined index: project_id in C:\xampp\htdocs\php_milwa_trading\admin\controller\inventory\purchase_invoice.php on line 730
2023-09-06 9:19:33 - PHP Notice:  Undefined index: sub_project_id in C:\xampp\htdocs\php_milwa_trading\admin\controller\inventory\purchase_invoice.php on line 731
2023-09-06 9:19:33 - PHP Notice:  Undefined index: project_id in C:\xampp\htdocs\php_milwa_trading\admin\controller\inventory\purchase_invoice.php on line 1028
2023-09-06 9:19:33 - PHP Notice:  Undefined index: sub_project_id in C:\xampp\htdocs\php_milwa_trading\admin\controller\inventory\purchase_invoice.php on line 1029
2023-09-06 9:19:33 - PHP Notice:  Undefined index: project_id in C:\xampp\htdocs\php_milwa_trading\admin\controller\inventory\purchase_invoice.php on line 1050
2023-09-06 9:19:33 - PHP Notice:  Undefined index: sub_project_id in C:\xampp\htdocs\php_milwa_trading\admin\controller\inventory\purchase_invoice.php on line 1051
2023-09-06 9:19:34 - PHP Notice:  Undefined variable: href_gl_mapping_account in C:\xampp\htdocs\php_milwa_trading\admin\view\template\common\column_left.tpl on line 68
2023-09-06 9:19:34 - PHP Notice:  Undefined index: gl_mapping_account in C:\xampp\htdocs\php_milwa_trading\admin\view\template\common\column_left.tpl on line 68
2023-09-06 9:19:34 - PHP Notice:  Undefined variable: href_tool_dashboard in C:\xampp\htdocs\php_milwa_trading\admin\view\template\common\column_left.tpl on line 231
2023-09-06 9:19:34 - PHP Notice:  Undefined index: class in C:\xampp\htdocs\php_milwa_trading\admin\view\template\inventory\purchase_invoice_list.tpl on line 19
2023-09-06 9:19:34 - PHP Notice:  Undefined index: class in C:\xampp\htdocs\php_milwa_trading\admin\view\template\inventory\purchase_invoice_list.tpl on line 19
2023-09-06 9:19:34 - PHP Notice:  Undefined index: class in C:\xampp\htdocs\php_milwa_trading\admin\view\template\inventory\purchase_invoice_list.tpl on line 19
2023-09-06 9:19:34 - PHP Notice:  Undefined variable: column_right in C:\xampp\htdocs\php_milwa_trading\admin\view\template\inventory\purchase_invoice_list.tpl on line 78
2023-09-06 9:19:37 - PHP Notice:  Undefined index: product_id in C:\xampp\htdocs\php_milwa_trading\admin\controller\inventory\purchase_invoice.php on line 208
2023-09-06 9:19:37 - PHP Notice:  Undefined variable: href_gl_mapping_account in C:\xampp\htdocs\php_milwa_trading\admin\view\template\common\column_left.tpl on line 68
2023-09-06 9:19:37 - PHP Notice:  Undefined index: gl_mapping_account in C:\xampp\htdocs\php_milwa_trading\admin\view\template\common\column_left.tpl on line 68
2023-09-06 9:19:37 - PHP Notice:  Undefined variable: href_tool_dashboard in C:\xampp\htdocs\php_milwa_trading\admin\view\template\common\column_left.tpl on line 231
2023-09-06 9:19:37 - PHP Notice:  Undefined index: class in C:\xampp\htdocs\php_milwa_trading\admin\view\template\inventory\purchase_invoice_form.tpl on line 19
2023-09-06 9:19:37 - PHP Notice:  Undefined index: class in C:\xampp\htdocs\php_milwa_trading\admin\view\template\inventory\purchase_invoice_form.tpl on line 19
2023-09-06 9:19:37 - PHP Notice:  Undefined index: class in C:\xampp\htdocs\php_milwa_trading\admin\view\template\inventory\purchase_invoice_form.tpl on line 19
2023-09-06 9:19:37 - PHP Notice:  Undefined variable: action in C:\xampp\htdocs\php_milwa_trading\admin\view\template\inventory\purchase_invoice_form.tpl on line 80
2023-09-06 9:19:37 - PHP Notice:  Undefined index: payment_type in C:\xampp\htdocs\php_milwa_trading\admin\view\template\inventory\purchase_invoice_form.tpl on line 86
2023-09-06 9:19:37 - PHP Notice:  Undefined variable: payment_type in C:\xampp\htdocs\php_milwa_trading\admin\view\template\inventory\purchase_invoice_form.tpl on line 91
2023-09-06 9:19:37 - PHP Notice:  Undefined variable: payment_type in C:\xampp\htdocs\php_milwa_trading\admin\view\template\inventory\purchase_invoice_form.tpl on line 99
2023-09-06 9:19:37 - PHP Notice:  Undefined index: href in C:\xampp\htdocs\php_milwa_trading\admin\view\template\inventory\purchase_invoice_form.tpl on line 284
2023-09-06 9:19:37 - PHP Notice:  Undefined variable: net_unit_cost_master in C:\xampp\htdocs\php_milwa_trading\admin\view\template\inventory\purchase_invoice_form.tpl on line 442
2023-09-06 9:19:37 - PHP Notice:  Undefined variable: products in C:\xampp\htdocs\php_milwa_trading\admin\view\template\inventory\purchase_invoice_form.tpl on line 600
2023-09-06 9:19:37 - PHP Notice:  Undefined variable: sales_tax_adjustable_account in C:\xampp\htdocs\php_milwa_trading\admin\view\template\inventory\purchase_invoice_form.tpl on line 605
2023-09-06 9:19:37 - PHP Notice:  Undefined variable: column_right in C:\xampp\htdocs\php_milwa_trading\admin\view\template\inventory\purchase_invoice_form.tpl on line 721
2023-09-06 9:20:16 - PHP Notice:  Undefined index: supplier_id in C:\xampp\htdocs\php_milwa_trading\admin\controller\inventory\purchase_invoice.php on line 1174
2023-09-06 9:20:16 - PHP Notice:  Undefined index: net_amount in C:\xampp\htdocs\php_milwa_trading\admin\controller\inventory\purchase_invoice.php on line 1184
2023-09-06 9:20:16 - PHP Warning:  mysqli::real_escape_string() expects parameter 1 to be string, array given in C:\xampp\htdocs\php_milwa_trading\system\database\dbmysqli.php on line 93
2023-09-06 9:20:17 - PHP Notice:  Undefined index: value in C:\xampp\htdocs\php_milwa_trading\admin\controller\inventory\purchase_invoice.php on line 1250
2023-09-06 9:20:17 - PHP Notice:  Undefined index: purchase_invoice_expenses in C:\xampp\htdocs\php_milwa_trading\admin\controller\inventory\purchase_invoice.php on line 1371
2023-09-06 9:20:17 - PHP Warning:  Invalid argument supplied for foreach() in C:\xampp\htdocs\php_milwa_trading\admin\controller\inventory\purchase_invoice.php on line 1371
2023-09-06 9:20:17 - PHP Notice:  Undefined index: purchase_invoice_sales_tax in C:\xampp\htdocs\php_milwa_trading\admin\controller\inventory\purchase_invoice.php on line 1412
2023-09-06 9:20:17 - PHP Warning:  Invalid argument supplied for foreach() in C:\xampp\htdocs\php_milwa_trading\admin\controller\inventory\purchase_invoice.php on line 1412
2023-09-06 9:20:17 - PHP Notice:  Undefined index: net_amount in C:\xampp\htdocs\php_milwa_trading\admin\controller\inventory\purchase_invoice.php on line 1465
2023-09-06 9:20:17 - PHP Notice:  Undefined index: calc_weight in C:\xampp\htdocs\php_milwa_trading\admin\controller\inventory\purchase_invoice.php on line 1495
2023-09-06 9:20:17 - PHP Notice:  Undefined index: project_id in C:\xampp\htdocs\php_milwa_trading\admin\controller\inventory\purchase_invoice.php on line 1512
2023-09-06 9:20:17 - PHP Notice:  Undefined index: sub_project_id in C:\xampp\htdocs\php_milwa_trading\admin\controller\inventory\purchase_invoice.php on line 1513
2023-09-06 9:20:17 - PHP Notice:  Undefined index: project_id in C:\xampp\htdocs\php_milwa_trading\admin\controller\inventory\purchase_invoice.php on line 1531
2023-09-06 9:20:17 - PHP Notice:  Undefined index: sub_project_id in C:\xampp\htdocs\php_milwa_trading\admin\controller\inventory\purchase_invoice.php on line 1532
2023-09-06 9:20:17 - PHP Notice:  Undefined index: project_id in C:\xampp\htdocs\php_milwa_trading\admin\controller\inventory\purchase_invoice.php on line 1764
2023-09-06 9:20:17 - PHP Notice:  Undefined index: sub_project_id in C:\xampp\htdocs\php_milwa_trading\admin\controller\inventory\purchase_invoice.php on line 1765
2023-09-06 9:20:17 - PHP Notice:  Undefined index: project_id in C:\xampp\htdocs\php_milwa_trading\admin\controller\inventory\purchase_invoice.php on line 1783
2023-09-06 9:20:17 - PHP Notice:  Undefined index: sub_project_id in C:\xampp\htdocs\php_milwa_trading\admin\controller\inventory\purchase_invoice.php on line 1784
2023-09-06 9:20:17 - PHP Notice:  Undefined index: project_id in C:\xampp\htdocs\php_milwa_trading\admin\controller\inventory\purchase_invoice.php on line 1828
2023-09-06 9:20:17 - PHP Notice:  Undefined index: sub_project_id in C:\xampp\htdocs\php_milwa_trading\admin\controller\inventory\purchase_invoice.php on line 1829
2023-09-06 9:20:17 - PHP Notice:  Undefined index: project_id in C:\xampp\htdocs\php_milwa_trading\admin\controller\inventory\purchase_invoice.php on line 1851
2023-09-06 9:20:17 - PHP Notice:  Undefined index: sub_project_id in C:\xampp\htdocs\php_milwa_trading\admin\controller\inventory\purchase_invoice.php on line 1852
2023-09-06 9:20:17 - PHP Notice:  Undefined variable: href_gl_mapping_account in C:\xampp\htdocs\php_milwa_trading\admin\view\template\common\column_left.tpl on line 68
2023-09-06 9:20:17 - PHP Notice:  Undefined index: gl_mapping_account in C:\xampp\htdocs\php_milwa_trading\admin\view\template\common\column_left.tpl on line 68
2023-09-06 9:20:17 - PHP Notice:  Undefined variable: href_tool_dashboard in C:\xampp\htdocs\php_milwa_trading\admin\view\template\common\column_left.tpl on line 231
2023-09-06 9:20:17 - PHP Notice:  Undefined index: class in C:\xampp\htdocs\php_milwa_trading\admin\view\template\inventory\purchase_invoice_list.tpl on line 19
2023-09-06 9:20:17 - PHP Notice:  Undefined index: class in C:\xampp\htdocs\php_milwa_trading\admin\view\template\inventory\purchase_invoice_list.tpl on line 19
2023-09-06 9:20:17 - PHP Notice:  Undefined index: class in C:\xampp\htdocs\php_milwa_trading\admin\view\template\inventory\purchase_invoice_list.tpl on line 19
2023-09-06 9:20:17 - PHP Notice:  Undefined variable: column_right in C:\xampp\htdocs\php_milwa_trading\admin\view\template\inventory\purchase_invoice_list.tpl on line 78
2023-09-06 9:20:20 - PHP Notice:  Undefined index: product_id in C:\xampp\htdocs\php_milwa_trading\admin\controller\inventory\purchase_invoice.php on line 208
2023-09-06 9:20:20 - PHP Notice:  Undefined variable: href_gl_mapping_account in C:\xampp\htdocs\php_milwa_trading\admin\view\template\common\column_left.tpl on line 68
2023-09-06 9:20:20 - PHP Notice:  Undefined index: gl_mapping_account in C:\xampp\htdocs\php_milwa_trading\admin\view\template\common\column_left.tpl on line 68
2023-09-06 9:20:20 - PHP Notice:  Undefined variable: href_tool_dashboard in C:\xampp\htdocs\php_milwa_trading\admin\view\template\common\column_left.tpl on line 231
2023-09-06 9:20:20 - PHP Notice:  Undefined index: class in C:\xampp\htdocs\php_milwa_trading\admin\view\template\inventory\purchase_invoice_form.tpl on line 19
2023-09-06 9:20:20 - PHP Notice:  Undefined index: class in C:\xampp\htdocs\php_milwa_trading\admin\view\template\inventory\purchase_invoice_form.tpl on line 19
2023-09-06 9:20:20 - PHP Notice:  Undefined index: class in C:\xampp\htdocs\php_milwa_trading\admin\view\template\inventory\purchase_invoice_form.tpl on line 19
2023-09-06 9:20:20 - PHP Notice:  Undefined variable: action in C:\xampp\htdocs\php_milwa_trading\admin\view\template\inventory\purchase_invoice_form.tpl on line 80
2023-09-06 9:20:20 - PHP Notice:  Undefined index: payment_type in C:\xampp\htdocs\php_milwa_trading\admin\view\template\inventory\purchase_invoice_form.tpl on line 86
2023-09-06 9:20:20 - PHP Notice:  Undefined variable: payment_type in C:\xampp\htdocs\php_milwa_trading\admin\view\template\inventory\purchase_invoice_form.tpl on line 91
2023-09-06 9:20:20 - PHP Notice:  Undefined variable: payment_type in C:\xampp\htdocs\php_milwa_trading\admin\view\template\inventory\purchase_invoice_form.tpl on line 99
2023-09-06 9:20:20 - PHP Notice:  Undefined index: href in C:\xampp\htdocs\php_milwa_trading\admin\view\template\inventory\purchase_invoice_form.tpl on line 284
2023-09-06 9:20:20 - PHP Notice:  Undefined variable: net_unit_cost_master in C:\xampp\htdocs\php_milwa_trading\admin\view\template\inventory\purchase_invoice_form.tpl on line 442
2023-09-06 9:20:20 - PHP Notice:  Undefined variable: products in C:\xampp\htdocs\php_milwa_trading\admin\view\template\inventory\purchase_invoice_form.tpl on line 600
2023-09-06 9:20:20 - PHP Notice:  Undefined variable: sales_tax_adjustable_account in C:\xampp\htdocs\php_milwa_trading\admin\view\template\inventory\purchase_invoice_form.tpl on line 605
2023-09-06 9:20:20 - PHP Notice:  Undefined variable: column_right in C:\xampp\htdocs\php_milwa_trading\admin\view\template\inventory\purchase_invoice_form.tpl on line 721
2023-09-06 9:20:30 - PHP Warning:  Declaration of ControllerInventoryModuleSetting::updateData($data) should be compatible with HController::updateData($primary_key, $data) in C:\xampp\htdocs\php_milwa_trading\admin\controller\inventory\module_setting.php on line 115
2023-09-06 9:20:30 - PHP Notice:  Undefined index: school_id in C:\xampp\htdocs\php_milwa_trading\admin\controller\inventory\module_setting.php on line 26
2023-09-06 9:20:30 - PHP Warning:  Declaration of ControllerInventoryModuleSetting::updateData($data) should be compatible with HController::updateData($primary_key, $data) in C:\xampp\htdocs\php_milwa_trading\admin\controller\inventory\module_setting.php on line 115
2023-09-06 9:20:30 - PHP Notice:  Undefined index: setting_id in C:\xampp\htdocs\php_milwa_trading\system\engine\hcontroller.php on line 223
2023-09-06 9:20:30 - PHP Notice:  Undefined index: setting_id in C:\xampp\htdocs\php_milwa_trading\system\engine\hcontroller.php on line 224
2023-09-06 9:20:30 - PHP Notice:  Undefined variable: href_gl_mapping_account in C:\xampp\htdocs\php_milwa_trading\admin\view\template\common\column_left.tpl on line 68
2023-09-06 9:20:30 - PHP Notice:  Undefined index: gl_mapping_account in C:\xampp\htdocs\php_milwa_trading\admin\view\template\common\column_left.tpl on line 68
2023-09-06 9:20:30 - PHP Notice:  Undefined variable: href_tool_dashboard in C:\xampp\htdocs\php_milwa_trading\admin\view\template\common\column_left.tpl on line 231
2023-09-06 9:20:31 - PHP Notice:  Undefined index: class in C:\xampp\htdocs\php_milwa_trading\admin\view\template\inventory\module_setting_form.tpl on line 19
2023-09-06 9:20:31 - PHP Notice:  Undefined index: class in C:\xampp\htdocs\php_milwa_trading\admin\view\template\inventory\module_setting_form.tpl on line 19
2023-09-06 9:20:31 - PHP Notice:  Undefined index: class in C:\xampp\htdocs\php_milwa_trading\admin\view\template\inventory\module_setting_form.tpl on line 19
2023-09-06 9:20:31 - PHP Notice:  Undefined variable: auto_generate_product_code in C:\xampp\htdocs\php_milwa_trading\admin\view\template\inventory\module_setting_form.tpl on line 405
2023-09-06 9:20:31 - PHP Notice:  Undefined variable: allow_out_of_stock in C:\xampp\htdocs\php_milwa_trading\admin\view\template\inventory\module_setting_form.tpl on line 411
2023-09-06 9:20:31 - PHP Notice:  Undefined variable: column_right in C:\xampp\htdocs\php_milwa_trading\admin\view\template\inventory\module_setting_form.tpl on line 439
