2025-07-01 17:13:23 - PHP Notice:  Undefined index: db_name in C:\xampp\htdocs\boot_store\system\engine\hmodel.php on line 12
2025-07-01 17:13:24 - PHP Warning:  Invalid argument supplied for foreach() in C:\xampp\htdocs\boot_store\admin\view\template\common\preset.tpl on line 52
2025-07-01 17:13:24 - PHP Notice:  Undefined variable: fiscal_year_id in C:\xampp\htdocs\boot_store\admin\controller\common\preset.php on line 228
2025-07-01 17:13:28 - PHP Notice:  Undefined index: db_name in C:\xampp\htdocs\boot_store\system\engine\hmodel.php on line 12
2025-07-01 17:13:28 - PHP Notice:  Undefined index: case_id in C:\xampp\htdocs\boot_store\admin\controller\common\home.php on line 55
2025-07-01 17:13:28 - PHP Notice:  Undefined index: case_id in C:\xampp\htdocs\boot_store\admin\controller\common\home.php on line 56
2025-07-01 17:13:29 - PHP Notice:  Undefined variable: href_gl_mapping_account in C:\xampp\htdocs\boot_store\admin\view\template\common\column_left.tpl on line 68
2025-07-01 17:13:29 - PHP Notice:  Undefined index: gl_mapping_account in C:\xampp\htdocs\boot_store\admin\view\template\common\column_left.tpl on line 68
2025-07-01 17:13:29 - PHP Notice:  Undefined variable: href_tool_dashboard in C:\xampp\htdocs\boot_store\admin\view\template\common\column_left.tpl on line 231
2025-07-01 17:13:29 - PHP Notice:  Undefined index: company_logo in C:\xampp\htdocs\boot_store\admin\controller\common\page_header.php on line 24
2025-07-01 17:13:29 - PHP Notice:  Undefined index: base_currency_id in C:\xampp\htdocs\boot_store\admin\controller\common\page_header.php on line 30
2025-07-01 17:13:29 - PHP Notice:  Undefined index: currency_id in C:\xampp\htdocs\boot_store\admin\controller\common\page_header.php on line 33
2025-07-01 17:13:29 - PHP Notice:  Undefined index: name in C:\xampp\htdocs\boot_store\admin\controller\common\page_header.php on line 34
2025-07-01 17:13:29 - PHP Notice:  Undefined index: inventory_sale_invoice in C:\xampp\htdocs\boot_store\admin\view\template\common\home.tpl on line 36
2025-07-01 17:13:54 - PHP Notice:  Undefined variable: href_gl_mapping_account in C:\xampp\htdocs\boot_store\admin\view\template\common\column_left.tpl on line 68
2025-07-01 17:13:54 - PHP Notice:  Undefined index: gl_mapping_account in C:\xampp\htdocs\boot_store\admin\view\template\common\column_left.tpl on line 68
2025-07-01 17:13:54 - PHP Notice:  Undefined variable: href_tool_dashboard in C:\xampp\htdocs\boot_store\admin\view\template\common\column_left.tpl on line 231
2025-07-01 17:13:54 - PHP Notice:  Undefined index: company_logo in C:\xampp\htdocs\boot_store\admin\controller\common\page_header.php on line 24
2025-07-01 17:13:54 - PHP Notice:  Undefined index: base_currency_id in C:\xampp\htdocs\boot_store\admin\controller\common\page_header.php on line 30
2025-07-01 17:13:54 - PHP Notice:  Undefined index: currency_id in C:\xampp\htdocs\boot_store\admin\controller\common\page_header.php on line 33
2025-07-01 17:13:54 - PHP Notice:  Undefined index: name in C:\xampp\htdocs\boot_store\admin\controller\common\page_header.php on line 34
2025-07-01 17:13:54 - PHP Notice:  Undefined index: class in C:\xampp\htdocs\boot_store\admin\view\template\inventory\purchase_invoice_list.tpl on line 19
2025-07-01 17:13:54 - PHP Notice:  Undefined index: class in C:\xampp\htdocs\boot_store\admin\view\template\inventory\purchase_invoice_list.tpl on line 19
2025-07-01 17:13:54 - PHP Notice:  Undefined index: class in C:\xampp\htdocs\boot_store\admin\view\template\inventory\purchase_invoice_list.tpl on line 19
2025-07-01 17:13:54 - PHP Notice:  Undefined variable: column_right in C:\xampp\htdocs\boot_store\admin\view\template\inventory\purchase_invoice_list.tpl on line 78
