2022-11-16 13:47:54 - PHP Notice:  Undefined index: case_id in C:\xampp\htdocs\php_milwa_trading\admin\controller\common\home.php on line 55
2022-11-16 13:47:54 - PHP Notice:  Undefined index: case_id in C:\xampp\htdocs\php_milwa_trading\admin\controller\common\home.php on line 56
2022-11-16 13:47:55 - PHP Notice:  Undefined variable: href_gl_mapping_account in C:\xampp\htdocs\php_milwa_trading\admin\view\template\common\column_left.tpl on line 66
2022-11-16 13:47:55 - PHP Notice:  Undefined index: gl_mapping_account in C:\xampp\htdocs\php_milwa_trading\admin\view\template\common\column_left.tpl on line 66
2022-11-16 13:47:55 - PHP Notice:  Undefined variable: href_tool_dashboard in C:\xampp\htdocs\php_milwa_trading\admin\view\template\common\column_left.tpl on line 229
2022-11-16 13:47:55 - PHP Notice:  Undefined variable: bank_receipts in C:\xampp\htdocs\php_milwa_trading\admin\view\template\common\home.tpl on line 258
2022-11-16 13:47:55 - PHP Warning:  Invalid argument supplied for foreach() in C:\xampp\htdocs\php_milwa_trading\admin\view\template\common\home.tpl on line 258
2022-11-16 13:48:15 - PHP Warning:  Declaration of ControllerInventoryDeliveryChallan::validateDelete($primary_key) should be compatible with HController::validateDelete($id = '') in C:\xampp\htdocs\php_milwa_trading\admin\controller\inventory\delivery_challan.php on line 1090
2022-11-16 13:48:16 - PHP Notice:  Undefined variable: href_gl_mapping_account in C:\xampp\htdocs\php_milwa_trading\admin\view\template\common\column_left.tpl on line 66
2022-11-16 13:48:16 - PHP Notice:  Undefined index: gl_mapping_account in C:\xampp\htdocs\php_milwa_trading\admin\view\template\common\column_left.tpl on line 66
2022-11-16 13:48:16 - PHP Notice:  Undefined variable: href_tool_dashboard in C:\xampp\htdocs\php_milwa_trading\admin\view\template\common\column_left.tpl on line 229
2022-11-16 13:48:16 - PHP Notice:  Undefined index: class in C:\xampp\htdocs\php_milwa_trading\admin\view\template\inventory\delivery_challan_list.tpl on line 19
2022-11-16 13:48:16 - PHP Notice:  Undefined index: class in C:\xampp\htdocs\php_milwa_trading\admin\view\template\inventory\delivery_challan_list.tpl on line 19
2022-11-16 13:48:16 - PHP Notice:  Undefined index: class in C:\xampp\htdocs\php_milwa_trading\admin\view\template\inventory\delivery_challan_list.tpl on line 19
2022-11-16 13:48:16 - PHP Notice:  Undefined variable: column_right in C:\xampp\htdocs\php_milwa_trading\admin\view\template\inventory\delivery_challan_list.tpl on line 79
2022-11-16 13:48:16 - PHP Warning:  Declaration of ControllerInventoryDeliveryChallan::validateDelete($primary_key) should be compatible with HController::validateDelete($id = '') in C:\xampp\htdocs\php_milwa_trading\admin\controller\inventory\delivery_challan.php on line 1090
2022-11-16 13:48:16 - PHP Notice:  Undefined index: is_post in C:\xampp\htdocs\php_milwa_trading\admin\controller\inventory\delivery_challan.php on line 126
2022-11-16 13:48:16 - PHP Notice:  Undefined index: return_qty in C:\xampp\htdocs\php_milwa_trading\admin\controller\inventory\delivery_challan.php on line 174
2022-11-16 13:48:16 - PHP Notice:  Undefined index: is_post in C:\xampp\htdocs\php_milwa_trading\admin\controller\inventory\delivery_challan.php on line 126
2022-11-16 13:48:16 - PHP Notice:  Undefined index: return_qty in C:\xampp\htdocs\php_milwa_trading\admin\controller\inventory\delivery_challan.php on line 174
2022-11-16 13:48:16 - PHP Notice:  Undefined index: is_post in C:\xampp\htdocs\php_milwa_trading\admin\controller\inventory\delivery_challan.php on line 126
2022-11-16 13:48:16 - PHP Notice:  Undefined index: return_qty in C:\xampp\htdocs\php_milwa_trading\admin\controller\inventory\delivery_challan.php on line 174
2022-11-16 13:48:16 - PHP Notice:  Undefined index: is_post in C:\xampp\htdocs\php_milwa_trading\admin\controller\inventory\delivery_challan.php on line 126
2022-11-16 13:48:16 - PHP Notice:  Undefined index: return_qty in C:\xampp\htdocs\php_milwa_trading\admin\controller\inventory\delivery_challan.php on line 174
2022-11-16 13:48:16 - PHP Notice:  Undefined index: is_post in C:\xampp\htdocs\php_milwa_trading\admin\controller\inventory\delivery_challan.php on line 126
2022-11-16 13:48:16 - PHP Notice:  Undefined index: return_qty in C:\xampp\htdocs\php_milwa_trading\admin\controller\inventory\delivery_challan.php on line 174
2022-11-16 13:48:16 - PHP Notice:  Undefined index: is_post in C:\xampp\htdocs\php_milwa_trading\admin\controller\inventory\delivery_challan.php on line 126
2022-11-16 13:48:16 - PHP Notice:  Undefined index: return_qty in C:\xampp\htdocs\php_milwa_trading\admin\controller\inventory\delivery_challan.php on line 174
2022-11-16 13:48:16 - PHP Notice:  Undefined index: is_post in C:\xampp\htdocs\php_milwa_trading\admin\controller\inventory\delivery_challan.php on line 126
2022-11-16 13:48:16 - PHP Notice:  Undefined index: return_qty in C:\xampp\htdocs\php_milwa_trading\admin\controller\inventory\delivery_challan.php on line 174
2022-11-16 13:48:16 - PHP Notice:  Undefined index: is_post in C:\xampp\htdocs\php_milwa_trading\admin\controller\inventory\delivery_challan.php on line 126
2022-11-16 13:48:16 - PHP Notice:  Undefined index: return_qty in C:\xampp\htdocs\php_milwa_trading\admin\controller\inventory\delivery_challan.php on line 174
2022-11-16 13:48:16 - PHP Notice:  Undefined index: is_post in C:\xampp\htdocs\php_milwa_trading\admin\controller\inventory\delivery_challan.php on line 126
2022-11-16 13:48:16 - PHP Notice:  Undefined index: return_qty in C:\xampp\htdocs\php_milwa_trading\admin\controller\inventory\delivery_challan.php on line 174
2022-11-16 13:48:16 - PHP Notice:  Undefined index: is_post in C:\xampp\htdocs\php_milwa_trading\admin\controller\inventory\delivery_challan.php on line 126
2022-11-16 13:48:16 - PHP Notice:  Undefined index: return_qty in C:\xampp\htdocs\php_milwa_trading\admin\controller\inventory\delivery_challan.php on line 174
2022-11-16 13:48:16 - PHP Notice:  Undefined index: is_post in C:\xampp\htdocs\php_milwa_trading\admin\controller\inventory\delivery_challan.php on line 126
2022-11-16 13:48:16 - PHP Notice:  Undefined index: return_qty in C:\xampp\htdocs\php_milwa_trading\admin\controller\inventory\delivery_challan.php on line 174
2022-11-16 13:48:16 - PHP Notice:  Undefined index: is_post in C:\xampp\htdocs\php_milwa_trading\admin\controller\inventory\delivery_challan.php on line 126
2022-11-16 13:48:16 - PHP Notice:  Undefined index: return_qty in C:\xampp\htdocs\php_milwa_trading\admin\controller\inventory\delivery_challan.php on line 174
2022-11-16 13:48:16 - PHP Notice:  Undefined index: is_post in C:\xampp\htdocs\php_milwa_trading\admin\controller\inventory\delivery_challan.php on line 126
2022-11-16 13:48:16 - PHP Notice:  Undefined index: return_qty in C:\xampp\htdocs\php_milwa_trading\admin\controller\inventory\delivery_challan.php on line 174
2022-11-16 13:48:16 - PHP Notice:  Undefined index: is_post in C:\xampp\htdocs\php_milwa_trading\admin\controller\inventory\delivery_challan.php on line 126
2022-11-16 13:48:16 - PHP Notice:  Undefined index: is_post in C:\xampp\htdocs\php_milwa_trading\admin\controller\inventory\delivery_challan.php on line 126
2022-11-16 13:48:18 - PHP Warning:  Declaration of ControllerInventoryDeliveryChallan::validateDelete($primary_key) should be compatible with HController::validateDelete($id = '') in C:\xampp\htdocs\php_milwa_trading\admin\controller\inventory\delivery_challan.php on line 1090
2022-11-16 13:48:18 - PHP Notice:  Undefined index: delivery_challan_id in C:\xampp\htdocs\php_milwa_trading\system\engine\hcontroller.php on line 223
2022-11-16 13:48:18 - PHP Notice:  Undefined index: delivery_challan_id in C:\xampp\htdocs\php_milwa_trading\system\engine\hcontroller.php on line 224
2022-11-16 13:48:18 - PHP Notice:  Undefined index: delivery_challan_id in C:\xampp\htdocs\php_milwa_trading\admin\controller\inventory\delivery_challan.php on line 232
2022-11-16 13:48:18 - PHP Notice:  Undefined index: delivery_challan_id in C:\xampp\htdocs\php_milwa_trading\admin\controller\inventory\delivery_challan.php on line 233
2022-11-16 13:48:18 - PHP Notice:  Undefined index: delivery_challan_id in C:\xampp\htdocs\php_milwa_trading\admin\controller\inventory\delivery_challan.php on line 236
2022-11-16 13:48:18 - PHP Notice:  Undefined index: restrict_out_of_stock in C:\xampp\htdocs\php_milwa_trading\admin\controller\inventory\delivery_challan.php on line 290
2022-11-16 13:48:18 - PHP Notice:  Undefined index: delivery_challan_id in C:\xampp\htdocs\php_milwa_trading\admin\controller\inventory\delivery_challan.php on line 291
2022-11-16 13:48:18 - PHP Notice:  Undefined index: delivery_challan_id in C:\xampp\htdocs\php_milwa_trading\admin\controller\inventory\delivery_challan.php on line 292
2022-11-16 13:48:18 - PHP Notice:  Undefined index: delivery_challan_id in C:\xampp\htdocs\php_milwa_trading\admin\controller\inventory\delivery_challan.php on line 294
2022-11-16 13:48:18 - PHP Notice:  Undefined index: delivery_challan_id in C:\xampp\htdocs\php_milwa_trading\admin\controller\inventory\delivery_challan.php on line 295
2022-11-16 13:48:18 - PHP Notice:  Undefined variable: href_gl_mapping_account in C:\xampp\htdocs\php_milwa_trading\admin\view\template\common\column_left.tpl on line 66
2022-11-16 13:48:18 - PHP Notice:  Undefined index: gl_mapping_account in C:\xampp\htdocs\php_milwa_trading\admin\view\template\common\column_left.tpl on line 66
2022-11-16 13:48:18 - PHP Notice:  Undefined variable: href_tool_dashboard in C:\xampp\htdocs\php_milwa_trading\admin\view\template\common\column_left.tpl on line 229
2022-11-16 13:48:18 - PHP Notice:  Undefined index: class in C:\xampp\htdocs\php_milwa_trading\admin\view\template\inventory\delivery_challan_form.tpl on line 18
2022-11-16 13:48:18 - PHP Notice:  Undefined index: class in C:\xampp\htdocs\php_milwa_trading\admin\view\template\inventory\delivery_challan_form.tpl on line 18
2022-11-16 13:48:18 - PHP Notice:  Undefined index: class in C:\xampp\htdocs\php_milwa_trading\admin\view\template\inventory\delivery_challan_form.tpl on line 18
2022-11-16 13:48:18 - PHP Notice:  Undefined variable: is_post in C:\xampp\htdocs\php_milwa_trading\admin\view\template\inventory\delivery_challan_form.tpl on line 55
2022-11-16 13:48:18 - PHP Notice:  Undefined variable: action in C:\xampp\htdocs\php_milwa_trading\admin\view\template\inventory\delivery_challan_form.tpl on line 84
2022-11-16 13:48:18 - PHP Notice:  Undefined variable: document_type_id in C:\xampp\htdocs\php_milwa_trading\admin\view\template\inventory\delivery_challan_form.tpl on line 86
2022-11-16 13:48:18 - PHP Notice:  Undefined variable: delivery_challan_id in C:\xampp\htdocs\php_milwa_trading\admin\view\template\inventory\delivery_challan_form.tpl on line 87
2022-11-16 13:48:18 - PHP Notice:  Undefined variable: challan_type in C:\xampp\htdocs\php_milwa_trading\admin\view\template\inventory\delivery_challan_form.tpl on line 92
2022-11-16 13:48:18 - PHP Notice:  Undefined variable: challan_type in C:\xampp\htdocs\php_milwa_trading\admin\view\template\inventory\delivery_challan_form.tpl on line 94
2022-11-16 13:48:18 - PHP Notice:  Undefined variable: status in C:\xampp\htdocs\php_milwa_trading\admin\view\template\inventory\delivery_challan_form.tpl on line 102
2022-11-16 13:48:18 - PHP Notice:  Undefined variable: status in C:\xampp\htdocs\php_milwa_trading\admin\view\template\inventory\delivery_challan_form.tpl on line 103
2022-11-16 13:48:18 - PHP Notice:  Undefined variable: document_identity in C:\xampp\htdocs\php_milwa_trading\admin\view\template\inventory\delivery_challan_form.tpl on line 110
2022-11-16 13:48:18 - PHP Notice:  Undefined variable: partner_types in C:\xampp\htdocs\php_milwa_trading\admin\view\template\inventory\delivery_challan_form.tpl on line 125
2022-11-16 13:48:18 - PHP Warning:  Invalid argument supplied for foreach() in C:\xampp\htdocs\php_milwa_trading\admin\view\template\inventory\delivery_challan_form.tpl on line 125
2022-11-16 13:48:18 - PHP Notice:  Undefined variable: partner_name in C:\xampp\htdocs\php_milwa_trading\admin\view\template\inventory\delivery_challan_form.tpl on line 163
2022-11-16 13:48:18 - PHP Notice:  Undefined variable: customers in C:\xampp\htdocs\php_milwa_trading\admin\view\template\inventory\delivery_challan_form.tpl on line 172
2022-11-16 13:48:18 - PHP Warning:  Invalid argument supplied for foreach() in C:\xampp\htdocs\php_milwa_trading\admin\view\template\inventory\delivery_challan_form.tpl on line 172
2022-11-16 13:48:18 - PHP Notice:  Undefined variable: ref_document_type_id in C:\xampp\htdocs\php_milwa_trading\admin\view\template\inventory\delivery_challan_form.tpl on line 184
2022-11-16 13:48:18 - PHP Notice:  Undefined variable: ref_documents in C:\xampp\htdocs\php_milwa_trading\admin\view\template\inventory\delivery_challan_form.tpl on line 193
2022-11-16 13:48:18 - PHP Warning:  Invalid argument supplied for foreach() in C:\xampp\htdocs\php_milwa_trading\admin\view\template\inventory\delivery_challan_form.tpl on line 193
2022-11-16 13:48:18 - PHP Notice:  Undefined variable: po_no in C:\xampp\htdocs\php_milwa_trading\admin\view\template\inventory\delivery_challan_form.tpl on line 216
2022-11-16 13:48:18 - PHP Notice:  Undefined variable: po_date in C:\xampp\htdocs\php_milwa_trading\admin\view\template\inventory\delivery_challan_form.tpl on line 222
2022-11-16 13:48:18 - PHP Notice:  Undefined variable: remarks in C:\xampp\htdocs\php_milwa_trading\admin\view\template\inventory\delivery_challan_form.tpl on line 228
2022-11-16 13:48:18 - PHP Notice:  Undefined variable: last_rate in C:\xampp\htdocs\php_milwa_trading\admin\view\template\inventory\delivery_challan_form.tpl on line 234
2022-11-16 13:48:18 - PHP Notice:  Undefined variable: manual_ref_no in C:\xampp\htdocs\php_milwa_trading\admin\view\template\inventory\delivery_challan_form.tpl on line 241
2022-11-16 13:48:18 - PHP Notice:  Undefined variable: delivery_challan_details in C:\xampp\htdocs\php_milwa_trading\admin\view\template\inventory\delivery_challan_form.tpl on line 268
2022-11-16 13:48:18 - PHP Warning:  Invalid argument supplied for foreach() in C:\xampp\htdocs\php_milwa_trading\admin\view\template\inventory\delivery_challan_form.tpl on line 268
2022-11-16 13:48:18 - PHP Notice:  Undefined variable: total_qty in C:\xampp\htdocs\php_milwa_trading\admin\view\template\inventory\delivery_challan_form.tpl on line 366
2022-11-16 13:48:18 - PHP Notice:  Undefined variable: total_amount in C:\xampp\htdocs\php_milwa_trading\admin\view\template\inventory\delivery_challan_form.tpl on line 367
2022-11-16 13:48:18 - PHP Notice:  Undefined variable: is_post in C:\xampp\htdocs\php_milwa_trading\admin\view\template\inventory\delivery_challan_form.tpl on line 398
2022-11-16 13:48:18 - PHP Notice:  Undefined variable: partner_id in C:\xampp\htdocs\php_milwa_trading\admin\view\template\inventory\delivery_challan_form.tpl on line 419
2022-11-16 13:48:18 - PHP Notice:  Undefined variable: products in C:\xampp\htdocs\php_milwa_trading\admin\view\template\inventory\delivery_challan_form.tpl on line 421
2022-11-16 13:48:18 - PHP Notice:  Undefined variable: ref_document_id in C:\xampp\htdocs\php_milwa_trading\admin\view\template\inventory\delivery_challan_form.tpl on line 425
2022-11-16 13:48:18 - PHP Notice:  Undefined variable: partner_id in C:\xampp\htdocs\php_milwa_trading\admin\view\template\inventory\delivery_challan_form.tpl on line 428
2022-11-16 13:48:18 - PHP Notice:  Undefined variable: ref_document_identity in C:\xampp\htdocs\php_milwa_trading\admin\view\template\inventory\delivery_challan_form.tpl on line 429
2022-11-16 13:48:18 - PHP Notice:  Undefined index: delivery_challan_id in C:\xampp\htdocs\php_milwa_trading\admin\view\template\inventory\delivery_challan_form.tpl on line 450
2022-11-16 13:48:18 - PHP Notice:  Undefined variable: column_right in C:\xampp\htdocs\php_milwa_trading\admin\view\template\inventory\delivery_challan_form.tpl on line 531
2022-11-16 13:48:22 - PHP Warning:  Declaration of ControllerInventoryDeliveryChallan::validateDelete($primary_key) should be compatible with HController::validateDelete($id = '') in C:\xampp\htdocs\php_milwa_trading\admin\controller\inventory\delivery_challan.php on line 1090
2022-11-16 13:48:22 - PHP Notice:  Undefined index: page in C:\xampp\htdocs\php_milwa_trading\admin\controller\inventory\delivery_challan.php on line 313
2022-11-16 13:48:26 - PHP Notice:  Undefined index: sEcho in C:\xampp\htdocs\php_milwa_trading\admin\controller\common\function.php on line 336
2022-11-16 13:48:26 - PHP Notice:  Undefined index: customer_id in C:\xampp\htdocs\php_milwa_trading\admin\controller\common\function.php on line 353
2022-11-16 13:48:26 - PHP Notice:  Undefined index: rate in C:\xampp\htdocs\php_milwa_trading\admin\controller\common\function.php on line 354
2022-11-16 13:48:26 - PHP Notice:  Undefined index: to_branch_id in C:\xampp\htdocs\php_milwa_trading\admin\controller\common\function.php on line 357
2022-11-16 13:48:26 - PHP Notice:  Undefined index: rate in C:\xampp\htdocs\php_milwa_trading\admin\controller\common\function.php on line 358
2022-11-16 13:48:26 - PHP Notice:  Undefined index: cubic_meter in C:\xampp\htdocs\php_milwa_trading\admin\controller\common\function.php on line 367
2022-11-16 13:48:26 - PHP Notice:  Undefined index: cubic_feet in C:\xampp\htdocs\php_milwa_trading\admin\controller\common\function.php on line 368
2022-11-16 13:48:26 - PHP Notice:  Undefined index: customer_id in C:\xampp\htdocs\php_milwa_trading\admin\controller\common\function.php on line 353
2022-11-16 13:48:26 - PHP Notice:  Undefined index: rate in C:\xampp\htdocs\php_milwa_trading\admin\controller\common\function.php on line 354
2022-11-16 13:48:26 - PHP Notice:  Undefined index: to_branch_id in C:\xampp\htdocs\php_milwa_trading\admin\controller\common\function.php on line 357
2022-11-16 13:48:26 - PHP Notice:  Undefined index: rate in C:\xampp\htdocs\php_milwa_trading\admin\controller\common\function.php on line 358
2022-11-16 13:48:26 - PHP Notice:  Undefined index: cubic_meter in C:\xampp\htdocs\php_milwa_trading\admin\controller\common\function.php on line 367
2022-11-16 13:48:26 - PHP Notice:  Undefined index: cubic_feet in C:\xampp\htdocs\php_milwa_trading\admin\controller\common\function.php on line 368
2022-11-16 13:48:26 - PHP Notice:  Undefined index: customer_id in C:\xampp\htdocs\php_milwa_trading\admin\controller\common\function.php on line 353
2022-11-16 13:48:26 - PHP Notice:  Undefined index: rate in C:\xampp\htdocs\php_milwa_trading\admin\controller\common\function.php on line 354
2022-11-16 13:48:26 - PHP Notice:  Undefined index: to_branch_id in C:\xampp\htdocs\php_milwa_trading\admin\controller\common\function.php on line 357
2022-11-16 13:48:26 - PHP Notice:  Undefined index: rate in C:\xampp\htdocs\php_milwa_trading\admin\controller\common\function.php on line 358
2022-11-16 13:48:26 - PHP Notice:  Undefined index: cubic_meter in C:\xampp\htdocs\php_milwa_trading\admin\controller\common\function.php on line 367
2022-11-16 13:48:26 - PHP Notice:  Undefined index: cubic_feet in C:\xampp\htdocs\php_milwa_trading\admin\controller\common\function.php on line 368
2022-11-16 13:48:26 - PHP Notice:  Undefined index: customer_id in C:\xampp\htdocs\php_milwa_trading\admin\controller\common\function.php on line 353
2022-11-16 13:48:26 - PHP Notice:  Undefined index: rate in C:\xampp\htdocs\php_milwa_trading\admin\controller\common\function.php on line 354
2022-11-16 13:48:26 - PHP Notice:  Undefined index: to_branch_id in C:\xampp\htdocs\php_milwa_trading\admin\controller\common\function.php on line 357
2022-11-16 13:48:26 - PHP Notice:  Undefined index: rate in C:\xampp\htdocs\php_milwa_trading\admin\controller\common\function.php on line 358
2022-11-16 13:48:26 - PHP Notice:  Undefined index: cubic_meter in C:\xampp\htdocs\php_milwa_trading\admin\controller\common\function.php on line 367
2022-11-16 13:48:26 - PHP Notice:  Undefined index: cubic_feet in C:\xampp\htdocs\php_milwa_trading\admin\controller\common\function.php on line 368
2022-11-16 13:48:26 - PHP Notice:  Undefined index: customer_id in C:\xampp\htdocs\php_milwa_trading\admin\controller\common\function.php on line 353
2022-11-16 13:48:26 - PHP Notice:  Undefined index: rate in C:\xampp\htdocs\php_milwa_trading\admin\controller\common\function.php on line 354
2022-11-16 13:48:26 - PHP Notice:  Undefined index: to_branch_id in C:\xampp\htdocs\php_milwa_trading\admin\controller\common\function.php on line 357
2022-11-16 13:48:26 - PHP Notice:  Undefined index: rate in C:\xampp\htdocs\php_milwa_trading\admin\controller\common\function.php on line 358
2022-11-16 13:48:26 - PHP Notice:  Undefined index: cubic_meter in C:\xampp\htdocs\php_milwa_trading\admin\controller\common\function.php on line 367
2022-11-16 13:48:26 - PHP Notice:  Undefined index: cubic_feet in C:\xampp\htdocs\php_milwa_trading\admin\controller\common\function.php on line 368
2022-11-16 13:48:26 - PHP Notice:  Undefined index: customer_id in C:\xampp\htdocs\php_milwa_trading\admin\controller\common\function.php on line 353
2022-11-16 13:48:26 - PHP Notice:  Undefined index: rate in C:\xampp\htdocs\php_milwa_trading\admin\controller\common\function.php on line 354
2022-11-16 13:48:26 - PHP Notice:  Undefined index: to_branch_id in C:\xampp\htdocs\php_milwa_trading\admin\controller\common\function.php on line 357
2022-11-16 13:48:26 - PHP Notice:  Undefined index: rate in C:\xampp\htdocs\php_milwa_trading\admin\controller\common\function.php on line 358
2022-11-16 13:48:26 - PHP Notice:  Undefined index: cubic_meter in C:\xampp\htdocs\php_milwa_trading\admin\controller\common\function.php on line 367
2022-11-16 13:48:26 - PHP Notice:  Undefined index: cubic_feet in C:\xampp\htdocs\php_milwa_trading\admin\controller\common\function.php on line 368
2022-11-16 13:48:26 - PHP Notice:  Undefined index: customer_id in C:\xampp\htdocs\php_milwa_trading\admin\controller\common\function.php on line 353
2022-11-16 13:48:26 - PHP Notice:  Undefined index: rate in C:\xampp\htdocs\php_milwa_trading\admin\controller\common\function.php on line 354
2022-11-16 13:48:26 - PHP Notice:  Undefined index: to_branch_id in C:\xampp\htdocs\php_milwa_trading\admin\controller\common\function.php on line 357
2022-11-16 13:48:26 - PHP Notice:  Undefined index: rate in C:\xampp\htdocs\php_milwa_trading\admin\controller\common\function.php on line 358
2022-11-16 13:48:26 - PHP Notice:  Undefined index: cubic_meter in C:\xampp\htdocs\php_milwa_trading\admin\controller\common\function.php on line 367
2022-11-16 13:48:26 - PHP Notice:  Undefined index: cubic_feet in C:\xampp\htdocs\php_milwa_trading\admin\controller\common\function.php on line 368
2022-11-16 13:48:26 - PHP Notice:  Undefined index: customer_id in C:\xampp\htdocs\php_milwa_trading\admin\controller\common\function.php on line 353
2022-11-16 13:48:26 - PHP Notice:  Undefined index: rate in C:\xampp\htdocs\php_milwa_trading\admin\controller\common\function.php on line 354
2022-11-16 13:48:26 - PHP Notice:  Undefined index: to_branch_id in C:\xampp\htdocs\php_milwa_trading\admin\controller\common\function.php on line 357
2022-11-16 13:48:26 - PHP Notice:  Undefined index: rate in C:\xampp\htdocs\php_milwa_trading\admin\controller\common\function.php on line 358
2022-11-16 13:48:26 - PHP Notice:  Undefined index: cubic_meter in C:\xampp\htdocs\php_milwa_trading\admin\controller\common\function.php on line 367
2022-11-16 13:48:26 - PHP Notice:  Undefined index: cubic_feet in C:\xampp\htdocs\php_milwa_trading\admin\controller\common\function.php on line 368
2022-11-16 13:48:26 - PHP Notice:  Undefined index: customer_id in C:\xampp\htdocs\php_milwa_trading\admin\controller\common\function.php on line 353
2022-11-16 13:48:26 - PHP Notice:  Undefined index: rate in C:\xampp\htdocs\php_milwa_trading\admin\controller\common\function.php on line 354
2022-11-16 13:48:26 - PHP Notice:  Undefined index: to_branch_id in C:\xampp\htdocs\php_milwa_trading\admin\controller\common\function.php on line 357
2022-11-16 13:48:26 - PHP Notice:  Undefined index: rate in C:\xampp\htdocs\php_milwa_trading\admin\controller\common\function.php on line 358
2022-11-16 13:48:26 - PHP Notice:  Undefined index: cubic_meter in C:\xampp\htdocs\php_milwa_trading\admin\controller\common\function.php on line 367
2022-11-16 13:48:26 - PHP Notice:  Undefined index: cubic_feet in C:\xampp\htdocs\php_milwa_trading\admin\controller\common\function.php on line 368
2022-11-16 13:48:26 - PHP Notice:  Undefined index: customer_id in C:\xampp\htdocs\php_milwa_trading\admin\controller\common\function.php on line 353
2022-11-16 13:48:26 - PHP Notice:  Undefined index: rate in C:\xampp\htdocs\php_milwa_trading\admin\controller\common\function.php on line 354
2022-11-16 13:48:26 - PHP Notice:  Undefined index: to_branch_id in C:\xampp\htdocs\php_milwa_trading\admin\controller\common\function.php on line 357
2022-11-16 13:48:26 - PHP Notice:  Undefined index: rate in C:\xampp\htdocs\php_milwa_trading\admin\controller\common\function.php on line 358
2022-11-16 13:48:26 - PHP Notice:  Undefined index: cubic_meter in C:\xampp\htdocs\php_milwa_trading\admin\controller\common\function.php on line 367
2022-11-16 13:48:26 - PHP Notice:  Undefined index: cubic_feet in C:\xampp\htdocs\php_milwa_trading\admin\controller\common\function.php on line 368
2022-11-16 13:48:38 - PHP Warning:  Declaration of ControllerInventoryDeliveryChallan::validateDelete($primary_key) should be compatible with HController::validateDelete($id = '') in C:\xampp\htdocs\php_milwa_trading\admin\controller\inventory\delivery_challan.php on line 1090
2022-11-16 13:48:38 - PHP Warning:  mysqli::real_escape_string() expects parameter 1 to be string, array given in C:\xampp\htdocs\php_milwa_trading\system\database\dbmysqli.php on line 93
2022-11-16 13:48:38 - PHP Notice:  Undefined index: ref_document_type_id in C:\xampp\htdocs\php_milwa_trading\admin\controller\inventory\delivery_challan.php on line 847
2022-11-16 13:48:38 - PHP Notice:  Undefined index: ref_document_identity in C:\xampp\htdocs\php_milwa_trading\admin\controller\inventory\delivery_challan.php on line 848
2022-11-16 13:48:38 - PHP Notice:  Undefined index: ref_document_type_id in C:\xampp\htdocs\php_milwa_trading\admin\controller\inventory\delivery_challan.php on line 862
2022-11-16 13:48:38 - PHP Notice:  Undefined index: ref_document_identity in C:\xampp\htdocs\php_milwa_trading\admin\controller\inventory\delivery_challan.php on line 863
2022-11-16 13:48:38 - PHP Warning:  Declaration of ControllerInventoryDeliveryChallan::validateDelete($primary_key) should be compatible with HController::validateDelete($id = '') in C:\xampp\htdocs\php_milwa_trading\admin\controller\inventory\delivery_challan.php on line 1090
2022-11-16 13:48:38 - PHP Notice:  Undefined index: ref_document_id in C:\xampp\htdocs\php_milwa_trading\admin\controller\inventory\delivery_challan.php on line 284
2022-11-16 13:48:38 - PHP Notice:  Undefined index: restrict_out_of_stock in C:\xampp\htdocs\php_milwa_trading\admin\controller\inventory\delivery_challan.php on line 290
2022-11-16 13:48:38 - PHP Notice:  Undefined variable: href_gl_mapping_account in C:\xampp\htdocs\php_milwa_trading\admin\view\template\common\column_left.tpl on line 66
2022-11-16 13:48:38 - PHP Notice:  Undefined index: gl_mapping_account in C:\xampp\htdocs\php_milwa_trading\admin\view\template\common\column_left.tpl on line 66
2022-11-16 13:48:38 - PHP Notice:  Undefined variable: href_tool_dashboard in C:\xampp\htdocs\php_milwa_trading\admin\view\template\common\column_left.tpl on line 229
2022-11-16 13:48:38 - PHP Notice:  Undefined index: class in C:\xampp\htdocs\php_milwa_trading\admin\view\template\inventory\delivery_challan_form.tpl on line 18
2022-11-16 13:48:38 - PHP Notice:  Undefined index: class in C:\xampp\htdocs\php_milwa_trading\admin\view\template\inventory\delivery_challan_form.tpl on line 18
2022-11-16 13:48:38 - PHP Notice:  Undefined index: class in C:\xampp\htdocs\php_milwa_trading\admin\view\template\inventory\delivery_challan_form.tpl on line 18
2022-11-16 13:48:38 - PHP Notice:  Undefined variable: action in C:\xampp\htdocs\php_milwa_trading\admin\view\template\inventory\delivery_challan_form.tpl on line 84
2022-11-16 13:48:38 - PHP Notice:  Undefined variable: partner_types in C:\xampp\htdocs\php_milwa_trading\admin\view\template\inventory\delivery_challan_form.tpl on line 125
2022-11-16 13:48:38 - PHP Warning:  Invalid argument supplied for foreach() in C:\xampp\htdocs\php_milwa_trading\admin\view\template\inventory\delivery_challan_form.tpl on line 125
2022-11-16 13:48:38 - PHP Notice:  Undefined variable: customers in C:\xampp\htdocs\php_milwa_trading\admin\view\template\inventory\delivery_challan_form.tpl on line 172
2022-11-16 13:48:38 - PHP Warning:  Invalid argument supplied for foreach() in C:\xampp\htdocs\php_milwa_trading\admin\view\template\inventory\delivery_challan_form.tpl on line 172
2022-11-16 13:48:38 - PHP Notice:  Undefined variable: ref_documents in C:\xampp\htdocs\php_milwa_trading\admin\view\template\inventory\delivery_challan_form.tpl on line 193
2022-11-16 13:48:38 - PHP Warning:  Invalid argument supplied for foreach() in C:\xampp\htdocs\php_milwa_trading\admin\view\template\inventory\delivery_challan_form.tpl on line 193
2022-11-16 13:48:38 - PHP Notice:  Undefined variable: last_rate in C:\xampp\htdocs\php_milwa_trading\admin\view\template\inventory\delivery_challan_form.tpl on line 234
2022-11-16 13:48:38 - PHP Notice:  Undefined index: ref_document_id in C:\xampp\htdocs\php_milwa_trading\admin\view\template\inventory\delivery_challan_form.tpl on line 278
2022-11-16 13:48:39 - PHP Notice:  Undefined variable: ref_document_id in C:\xampp\htdocs\php_milwa_trading\admin\view\template\inventory\delivery_challan_form.tpl on line 425
2022-11-16 13:48:39 - PHP Notice:  Undefined variable: column_right in C:\xampp\htdocs\php_milwa_trading\admin\view\template\inventory\delivery_challan_form.tpl on line 531
2022-11-16 13:48:45 - PHP Notice:  Undefined variable: href_gl_mapping_account in C:\xampp\htdocs\php_milwa_trading\admin\view\template\common\column_left.tpl on line 66
2022-11-16 13:48:45 - PHP Notice:  Undefined index: gl_mapping_account in C:\xampp\htdocs\php_milwa_trading\admin\view\template\common\column_left.tpl on line 66
2022-11-16 13:48:45 - PHP Notice:  Undefined variable: href_tool_dashboard in C:\xampp\htdocs\php_milwa_trading\admin\view\template\common\column_left.tpl on line 229
2022-11-16 13:48:45 - PHP Notice:  Undefined index: class in C:\xampp\htdocs\php_milwa_trading\admin\view\template\inventory\sale_tax_invoice_list.tpl on line 19
2022-11-16 13:48:45 - PHP Notice:  Undefined index: class in C:\xampp\htdocs\php_milwa_trading\admin\view\template\inventory\sale_tax_invoice_list.tpl on line 19
2022-11-16 13:48:45 - PHP Notice:  Undefined index: class in C:\xampp\htdocs\php_milwa_trading\admin\view\template\inventory\sale_tax_invoice_list.tpl on line 19
2022-11-16 13:48:45 - PHP Notice:  Undefined variable: column_right in C:\xampp\htdocs\php_milwa_trading\admin\view\template\inventory\sale_tax_invoice_list.tpl on line 79
2022-11-16 13:48:47 - PHP Notice:  Undefined index: sale_tax_invoice_id in C:\xampp\htdocs\php_milwa_trading\system\engine\hcontroller.php on line 223
2022-11-16 13:48:47 - PHP Notice:  Undefined index: sale_tax_invoice_id in C:\xampp\htdocs\php_milwa_trading\system\engine\hcontroller.php on line 224
2022-11-16 13:48:47 - PHP Notice:  Undefined index: sale_tax_invoice_id in C:\xampp\htdocs\php_milwa_trading\admin\controller\inventory\sale_tax_invoice.php on line 319
2022-11-16 13:48:47 - PHP Notice:  Undefined index: sale_tax_invoice_id in C:\xampp\htdocs\php_milwa_trading\admin\controller\inventory\sale_tax_invoice.php on line 321
2022-11-16 13:48:47 - PHP Notice:  Undefined index: announcement_id in C:\xampp\htdocs\php_milwa_trading\admin\controller\inventory\sale_tax_invoice.php on line 323
2022-11-16 13:48:47 - PHP Notice:  Undefined index: sale_tax_invoice_id in C:\xampp\htdocs\php_milwa_trading\admin\controller\inventory\sale_tax_invoice.php on line 325
2022-11-16 13:48:47 - PHP Notice:  Undefined index: sale_tax_invoice_id in C:\xampp\htdocs\php_milwa_trading\admin\controller\inventory\sale_tax_invoice.php on line 327
2022-11-16 13:48:47 - PHP Notice:  Undefined index: sale_tax_invoice_id in C:\xampp\htdocs\php_milwa_trading\admin\controller\inventory\sale_tax_invoice.php on line 329
2022-11-16 13:48:47 - PHP Notice:  Undefined index: sale_tax_invoice_id in C:\xampp\htdocs\php_milwa_trading\admin\controller\inventory\sale_tax_invoice.php on line 331
2022-11-16 13:48:47 - PHP Notice:  Undefined index: sale_tax_invoice_id in C:\xampp\htdocs\php_milwa_trading\admin\controller\inventory\sale_tax_invoice.php on line 333
2022-11-16 13:48:47 - PHP Notice:  Undefined index: sale_tax_invoice_id in C:\xampp\htdocs\php_milwa_trading\admin\controller\inventory\sale_tax_invoice.php on line 335
2022-11-16 13:48:47 - PHP Notice:  Undefined index: sale_tax_invoice_id in C:\xampp\htdocs\php_milwa_trading\admin\controller\inventory\sale_tax_invoice.php on line 337
2022-11-16 13:48:47 - PHP Notice:  Undefined index: sale_tax_invoice_id in C:\xampp\htdocs\php_milwa_trading\admin\controller\inventory\sale_tax_invoice.php on line 339
2022-11-16 13:48:47 - PHP Notice:  Undefined variable: href_gl_mapping_account in C:\xampp\htdocs\php_milwa_trading\admin\view\template\common\column_left.tpl on line 66
2022-11-16 13:48:47 - PHP Notice:  Undefined index: gl_mapping_account in C:\xampp\htdocs\php_milwa_trading\admin\view\template\common\column_left.tpl on line 66
2022-11-16 13:48:47 - PHP Notice:  Undefined variable: href_tool_dashboard in C:\xampp\htdocs\php_milwa_trading\admin\view\template\common\column_left.tpl on line 229
2022-11-16 13:48:48 - PHP Notice:  Undefined index: class in C:\xampp\htdocs\php_milwa_trading\admin\view\template\inventory\sale_tax_invoice_form.tpl on line 19
2022-11-16 13:48:48 - PHP Notice:  Undefined index: class in C:\xampp\htdocs\php_milwa_trading\admin\view\template\inventory\sale_tax_invoice_form.tpl on line 19
2022-11-16 13:48:48 - PHP Notice:  Undefined index: class in C:\xampp\htdocs\php_milwa_trading\admin\view\template\inventory\sale_tax_invoice_form.tpl on line 19
2022-11-16 13:48:48 - PHP Notice:  Undefined variable: is_post in C:\xampp\htdocs\php_milwa_trading\admin\view\template\inventory\sale_tax_invoice_form.tpl on line 68
2022-11-16 13:48:48 - PHP Notice:  Undefined variable: action in C:\xampp\htdocs\php_milwa_trading\admin\view\template\inventory\sale_tax_invoice_form.tpl on line 96
2022-11-16 13:48:48 - PHP Notice:  Undefined variable: document_type_id in C:\xampp\htdocs\php_milwa_trading\admin\view\template\inventory\sale_tax_invoice_form.tpl on line 98
2022-11-16 13:48:48 - PHP Notice:  Undefined variable: sale_tax_invoice_id in C:\xampp\htdocs\php_milwa_trading\admin\view\template\inventory\sale_tax_invoice_form.tpl on line 99
2022-11-16 13:48:48 - PHP Notice:  Undefined variable: invoice_type in C:\xampp\htdocs\php_milwa_trading\admin\view\template\inventory\sale_tax_invoice_form.tpl on line 130
2022-11-16 13:48:48 - PHP Notice:  Undefined variable: invoice_type in C:\xampp\htdocs\php_milwa_trading\admin\view\template\inventory\sale_tax_invoice_form.tpl on line 138
2022-11-16 13:48:48 - PHP Notice:  Undefined variable: document_identity in C:\xampp\htdocs\php_milwa_trading\admin\view\template\inventory\sale_tax_invoice_form.tpl on line 149
2022-11-16 13:48:48 - PHP Notice:  Undefined variable: manual_ref_no in C:\xampp\htdocs\php_milwa_trading\admin\view\template\inventory\sale_tax_invoice_form.tpl on line 161
2022-11-16 13:48:48 - PHP Notice:  Undefined variable: hs_code in C:\xampp\htdocs\php_milwa_trading\admin\view\template\inventory\sale_tax_invoice_form.tpl on line 167
2022-11-16 13:48:48 - PHP Notice:  Undefined variable: ref_documents in C:\xampp\htdocs\php_milwa_trading\admin\view\template\inventory\sale_tax_invoice_form.tpl on line 210
2022-11-16 13:48:48 - PHP Warning:  Invalid argument supplied for foreach() in C:\xampp\htdocs\php_milwa_trading\admin\view\template\inventory\sale_tax_invoice_form.tpl on line 210
2022-11-16 13:48:48 - PHP Notice:  Undefined variable: po_no in C:\xampp\htdocs\php_milwa_trading\admin\view\template\inventory\sale_tax_invoice_form.tpl on line 265
2022-11-16 13:48:48 - PHP Notice:  Undefined variable: dc_no in C:\xampp\htdocs\php_milwa_trading\admin\view\template\inventory\sale_tax_invoice_form.tpl on line 266
2022-11-16 13:48:48 - PHP Notice:  Undefined variable: po_date in C:\xampp\htdocs\php_milwa_trading\admin\view\template\inventory\sale_tax_invoice_form.tpl on line 273
2022-11-16 13:48:48 - PHP Notice:  Undefined variable: billty_no in C:\xampp\htdocs\php_milwa_trading\admin\view\template\inventory\sale_tax_invoice_form.tpl on line 279
2022-11-16 13:48:48 - PHP Notice:  Undefined variable: billty_date in C:\xampp\htdocs\php_milwa_trading\admin\view\template\inventory\sale_tax_invoice_form.tpl on line 285
2022-11-16 13:48:48 - PHP Notice:  Undefined variable: customer_remarks in C:\xampp\htdocs\php_milwa_trading\admin\view\template\inventory\sale_tax_invoice_form.tpl on line 291
2022-11-16 13:48:48 - PHP Notice:  Undefined variable: remarks in C:\xampp\htdocs\php_milwa_trading\admin\view\template\inventory\sale_tax_invoice_form.tpl on line 297
2022-11-16 13:48:48 - PHP Notice:  Undefined variable: last_rate in C:\xampp\htdocs\php_milwa_trading\admin\view\template\inventory\sale_tax_invoice_form.tpl on line 303
2022-11-16 13:48:48 - PHP Notice:  Undefined variable: sale_tax_invoice_details in C:\xampp\htdocs\php_milwa_trading\admin\view\template\inventory\sale_tax_invoice_form.tpl on line 336
2022-11-16 13:48:48 - PHP Warning:  Invalid argument supplied for foreach() in C:\xampp\htdocs\php_milwa_trading\admin\view\template\inventory\sale_tax_invoice_form.tpl on line 336
2022-11-16 13:48:48 - PHP Notice:  Undefined variable: sale_tax_invoice_details in C:\xampp\htdocs\php_milwa_trading\admin\view\template\inventory\sale_tax_invoice_form.tpl on line 440
2022-11-16 13:48:48 - PHP Warning:  count(): Parameter must be an array or an object that implements Countable in C:\xampp\htdocs\php_milwa_trading\admin\view\template\inventory\sale_tax_invoice_form.tpl on line 440
2022-11-16 13:48:48 - PHP Notice:  Undefined variable: item_amount in C:\xampp\htdocs\php_milwa_trading\admin\view\template\inventory\sale_tax_invoice_form.tpl on line 452
2022-11-16 13:48:48 - PHP Notice:  Undefined variable: item_discount in C:\xampp\htdocs\php_milwa_trading\admin\view\template\inventory\sale_tax_invoice_form.tpl on line 458
2022-11-16 13:48:48 - PHP Notice:  Undefined variable: item_tax in C:\xampp\htdocs\php_milwa_trading\admin\view\template\inventory\sale_tax_invoice_form.tpl on line 464
2022-11-16 13:48:48 - PHP Notice:  Undefined variable: item_total in C:\xampp\htdocs\php_milwa_trading\admin\view\template\inventory\sale_tax_invoice_form.tpl on line 470
2022-11-16 13:48:48 - PHP Notice:  Undefined variable: tax_per in C:\xampp\htdocs\php_milwa_trading\admin\view\template\inventory\sale_tax_invoice_form.tpl on line 478
2022-11-16 13:48:48 - PHP Notice:  Undefined variable: discount_amount in C:\xampp\htdocs\php_milwa_trading\admin\view\template\inventory\sale_tax_invoice_form.tpl on line 484
2022-11-16 13:48:48 - PHP Notice:  Undefined variable: cartage in C:\xampp\htdocs\php_milwa_trading\admin\view\template\inventory\sale_tax_invoice_form.tpl on line 490
2022-11-16 13:48:48 - PHP Notice:  Undefined variable: net_amount in C:\xampp\htdocs\php_milwa_trading\admin\view\template\inventory\sale_tax_invoice_form.tpl on line 496
2022-11-16 13:48:48 - PHP Notice:  Undefined variable: cash_received in C:\xampp\htdocs\php_milwa_trading\admin\view\template\inventory\sale_tax_invoice_form.tpl on line 504
2022-11-16 13:48:48 - PHP Notice:  Undefined variable: balance_amount in C:\xampp\htdocs\php_milwa_trading\admin\view\template\inventory\sale_tax_invoice_form.tpl on line 510
2022-11-16 13:48:48 - PHP Notice:  Undefined variable: is_post in C:\xampp\htdocs\php_milwa_trading\admin\view\template\inventory\sale_tax_invoice_form.tpl on line 558
2022-11-16 13:48:48 - PHP Notice:  Undefined variable: isEdit in C:\xampp\htdocs\php_milwa_trading\admin\view\template\inventory\sale_tax_invoice_form.tpl on line 580
2022-11-16 13:48:48 - PHP Notice:  Undefined variable: sale_type in C:\xampp\htdocs\php_milwa_trading\admin\view\template\inventory\sale_tax_invoice_form.tpl on line 582
2022-11-16 13:48:48 - PHP Notice:  Undefined variable: partner_id in C:\xampp\htdocs\php_milwa_trading\admin\view\template\inventory\sale_tax_invoice_form.tpl on line 585
2022-11-16 13:48:48 - PHP Notice:  Undefined variable: products in C:\xampp\htdocs\php_milwa_trading\admin\view\template\inventory\sale_tax_invoice_form.tpl on line 594
2022-11-16 13:48:48 - PHP Notice:  Undefined index: sale_tax_invoice_id in C:\xampp\htdocs\php_milwa_trading\admin\view\template\inventory\sale_tax_invoice_form.tpl on line 651
2022-11-16 13:48:48 - PHP Notice:  Undefined variable: column_right in C:\xampp\htdocs\php_milwa_trading\admin\view\template\inventory\sale_tax_invoice_form.tpl on line 736
2022-11-16 13:48:54 - PHP Notice:  Undefined index: page in C:\xampp\htdocs\php_milwa_trading\admin\controller\inventory\sale_tax_invoice.php on line 365
2022-11-16 13:49:00 - PHP Notice:  Undefined index: page in C:\xampp\htdocs\php_milwa_trading\admin\controller\inventory\sale_tax_invoice.php on line 422
2022-11-16 13:49:00 - PHP Notice:  Undefined index: manual_ref_no in C:\xampp\htdocs\php_milwa_trading\admin\model\inventory\delivery_challan.php on line 139
2022-11-16 13:49:00 - PHP Notice:  Undefined index: discount in C:\xampp\htdocs\php_milwa_trading\admin\model\inventory\delivery_challan.php on line 145
2022-11-16 13:49:00 - PHP Notice:  Undefined index: amount in C:\xampp\htdocs\php_milwa_trading\admin\model\inventory\delivery_challan.php on line 165
2022-11-16 13:49:00 - PHP Notice:  Undefined index: base_amount in C:\xampp\htdocs\php_milwa_trading\admin\model\inventory\delivery_challan.php on line 170
2022-11-16 13:49:00 - PHP Notice:  Undefined index: manual_ref_no in C:\xampp\htdocs\php_milwa_trading\admin\model\inventory\delivery_challan.php on line 139
2022-11-16 13:49:00 - PHP Notice:  Undefined index: discount in C:\xampp\htdocs\php_milwa_trading\admin\model\inventory\delivery_challan.php on line 145
2022-11-16 13:49:00 - PHP Notice:  Undefined index: amount in C:\xampp\htdocs\php_milwa_trading\admin\model\inventory\delivery_challan.php on line 165
2022-11-16 13:49:00 - PHP Notice:  Undefined index: base_amount in C:\xampp\htdocs\php_milwa_trading\admin\model\inventory\delivery_challan.php on line 170
2022-11-16 13:49:00 - PHP Notice:  Undefined index: manual_ref_no in C:\xampp\htdocs\php_milwa_trading\admin\model\inventory\delivery_challan.php on line 139
2022-11-16 13:49:00 - PHP Notice:  Undefined index: discount in C:\xampp\htdocs\php_milwa_trading\admin\model\inventory\delivery_challan.php on line 145
2022-11-16 13:49:00 - PHP Notice:  Undefined index: amount in C:\xampp\htdocs\php_milwa_trading\admin\model\inventory\delivery_challan.php on line 165
2022-11-16 13:49:00 - PHP Notice:  Undefined index: base_amount in C:\xampp\htdocs\php_milwa_trading\admin\model\inventory\delivery_challan.php on line 170
2022-11-16 13:49:00 - PHP Notice:  Undefined index: manual_ref_no in C:\xampp\htdocs\php_milwa_trading\admin\model\inventory\delivery_challan.php on line 139
2022-11-16 13:49:00 - PHP Notice:  Undefined index: discount in C:\xampp\htdocs\php_milwa_trading\admin\model\inventory\delivery_challan.php on line 145
2022-11-16 13:49:00 - PHP Notice:  Undefined index: amount in C:\xampp\htdocs\php_milwa_trading\admin\model\inventory\delivery_challan.php on line 165
2022-11-16 13:49:00 - PHP Notice:  Undefined index: base_amount in C:\xampp\htdocs\php_milwa_trading\admin\model\inventory\delivery_challan.php on line 170
2022-11-16 13:49:00 - PHP Notice:  Undefined index: manual_ref_no in C:\xampp\htdocs\php_milwa_trading\admin\model\inventory\delivery_challan.php on line 139
2022-11-16 13:49:00 - PHP Notice:  Undefined index: discount in C:\xampp\htdocs\php_milwa_trading\admin\model\inventory\delivery_challan.php on line 145
2022-11-16 13:49:00 - PHP Notice:  Undefined index: amount in C:\xampp\htdocs\php_milwa_trading\admin\model\inventory\delivery_challan.php on line 165
2022-11-16 13:49:00 - PHP Notice:  Undefined index: base_amount in C:\xampp\htdocs\php_milwa_trading\admin\model\inventory\delivery_challan.php on line 170
2022-11-16 13:49:00 - PHP Notice:  Undefined index: manual_ref_no in C:\xampp\htdocs\php_milwa_trading\admin\model\inventory\delivery_challan.php on line 139
2022-11-16 13:49:00 - PHP Notice:  Undefined index: discount in C:\xampp\htdocs\php_milwa_trading\admin\model\inventory\delivery_challan.php on line 145
2022-11-16 13:49:00 - PHP Notice:  Undefined index: amount in C:\xampp\htdocs\php_milwa_trading\admin\model\inventory\delivery_challan.php on line 165
2022-11-16 13:49:00 - PHP Notice:  Undefined index: base_amount in C:\xampp\htdocs\php_milwa_trading\admin\model\inventory\delivery_challan.php on line 170
2022-11-16 13:49:00 - PHP Notice:  Undefined index: manual_ref_no in C:\xampp\htdocs\php_milwa_trading\admin\model\inventory\delivery_challan.php on line 139
2022-11-16 13:49:00 - PHP Notice:  Undefined index: discount in C:\xampp\htdocs\php_milwa_trading\admin\model\inventory\delivery_challan.php on line 145
2022-11-16 13:49:00 - PHP Notice:  Undefined index: amount in C:\xampp\htdocs\php_milwa_trading\admin\model\inventory\delivery_challan.php on line 165
2022-11-16 13:49:00 - PHP Notice:  Undefined index: base_amount in C:\xampp\htdocs\php_milwa_trading\admin\model\inventory\delivery_challan.php on line 170
2022-11-16 13:49:00 - PHP Notice:  Undefined index: manual_ref_no in C:\xampp\htdocs\php_milwa_trading\admin\model\inventory\delivery_challan.php on line 139
2022-11-16 13:49:00 - PHP Notice:  Undefined index: discount in C:\xampp\htdocs\php_milwa_trading\admin\model\inventory\delivery_challan.php on line 145
2022-11-16 13:49:00 - PHP Notice:  Undefined index: amount in C:\xampp\htdocs\php_milwa_trading\admin\model\inventory\delivery_challan.php on line 165
2022-11-16 13:49:00 - PHP Notice:  Undefined index: base_amount in C:\xampp\htdocs\php_milwa_trading\admin\model\inventory\delivery_challan.php on line 170
2022-11-16 13:49:00 - PHP Notice:  Undefined index: manual_ref_no in C:\xampp\htdocs\php_milwa_trading\admin\model\inventory\delivery_challan.php on line 139
2022-11-16 13:49:00 - PHP Notice:  Undefined index: discount in C:\xampp\htdocs\php_milwa_trading\admin\model\inventory\delivery_challan.php on line 145
2022-11-16 13:49:00 - PHP Notice:  Undefined index: amount in C:\xampp\htdocs\php_milwa_trading\admin\model\inventory\delivery_challan.php on line 165
2022-11-16 13:49:00 - PHP Notice:  Undefined index: base_amount in C:\xampp\htdocs\php_milwa_trading\admin\model\inventory\delivery_challan.php on line 170
2022-11-16 13:49:00 - PHP Notice:  Undefined index: manual_ref_no in C:\xampp\htdocs\php_milwa_trading\admin\model\inventory\delivery_challan.php on line 139
2022-11-16 13:49:00 - PHP Notice:  Undefined index: discount in C:\xampp\htdocs\php_milwa_trading\admin\model\inventory\delivery_challan.php on line 145
2022-11-16 13:49:00 - PHP Notice:  Undefined index: amount in C:\xampp\htdocs\php_milwa_trading\admin\model\inventory\delivery_challan.php on line 165
2022-11-16 13:49:00 - PHP Notice:  Undefined index: base_amount in C:\xampp\htdocs\php_milwa_trading\admin\model\inventory\delivery_challan.php on line 170
2022-11-16 13:49:00 - PHP Notice:  Undefined index: manual_ref_no in C:\xampp\htdocs\php_milwa_trading\admin\model\inventory\delivery_challan.php on line 139
2022-11-16 13:49:00 - PHP Notice:  Undefined index: discount in C:\xampp\htdocs\php_milwa_trading\admin\model\inventory\delivery_challan.php on line 145
2022-11-16 13:49:00 - PHP Notice:  Undefined index: amount in C:\xampp\htdocs\php_milwa_trading\admin\model\inventory\delivery_challan.php on line 165
2022-11-16 13:49:00 - PHP Notice:  Undefined index: base_amount in C:\xampp\htdocs\php_milwa_trading\admin\model\inventory\delivery_challan.php on line 170
2022-11-16 13:49:00 - PHP Notice:  Undefined index: manual_ref_no in C:\xampp\htdocs\php_milwa_trading\admin\model\inventory\delivery_challan.php on line 139
2022-11-16 13:49:00 - PHP Notice:  Undefined index: discount in C:\xampp\htdocs\php_milwa_trading\admin\model\inventory\delivery_challan.php on line 145
2022-11-16 13:49:00 - PHP Notice:  Undefined index: amount in C:\xampp\htdocs\php_milwa_trading\admin\model\inventory\delivery_challan.php on line 165
2022-11-16 13:49:00 - PHP Notice:  Undefined index: base_amount in C:\xampp\htdocs\php_milwa_trading\admin\model\inventory\delivery_challan.php on line 170
2022-11-16 13:49:00 - PHP Notice:  Undefined index: manual_ref_no in C:\xampp\htdocs\php_milwa_trading\admin\model\inventory\delivery_challan.php on line 139
2022-11-16 13:49:00 - PHP Notice:  Undefined index: discount in C:\xampp\htdocs\php_milwa_trading\admin\model\inventory\delivery_challan.php on line 145
2022-11-16 13:49:00 - PHP Notice:  Undefined index: amount in C:\xampp\htdocs\php_milwa_trading\admin\model\inventory\delivery_challan.php on line 165
2022-11-16 13:49:00 - PHP Notice:  Undefined index: base_amount in C:\xampp\htdocs\php_milwa_trading\admin\model\inventory\delivery_challan.php on line 170
2022-11-16 13:49:00 - PHP Notice:  Undefined index: manual_ref_no in C:\xampp\htdocs\php_milwa_trading\admin\model\inventory\delivery_challan.php on line 139
2022-11-16 13:49:00 - PHP Notice:  Undefined index: discount in C:\xampp\htdocs\php_milwa_trading\admin\model\inventory\delivery_challan.php on line 145
2022-11-16 13:49:00 - PHP Notice:  Undefined index: amount in C:\xampp\htdocs\php_milwa_trading\admin\model\inventory\delivery_challan.php on line 165
2022-11-16 13:49:00 - PHP Notice:  Undefined index: base_amount in C:\xampp\htdocs\php_milwa_trading\admin\model\inventory\delivery_challan.php on line 170
2022-11-16 13:49:00 - PHP Notice:  Undefined index: manual_ref_no in C:\xampp\htdocs\php_milwa_trading\admin\model\inventory\delivery_challan.php on line 139
2022-11-16 13:49:00 - PHP Notice:  Undefined index: discount in C:\xampp\htdocs\php_milwa_trading\admin\model\inventory\delivery_challan.php on line 145
2022-11-16 13:49:00 - PHP Notice:  Undefined index: amount in C:\xampp\htdocs\php_milwa_trading\admin\model\inventory\delivery_challan.php on line 165
2022-11-16 13:49:00 - PHP Notice:  Undefined index: base_amount in C:\xampp\htdocs\php_milwa_trading\admin\model\inventory\delivery_challan.php on line 170
2022-11-16 13:49:00 - PHP Notice:  Undefined index: manual_ref_no in C:\xampp\htdocs\php_milwa_trading\admin\model\inventory\delivery_challan.php on line 139
2022-11-16 13:49:00 - PHP Notice:  Undefined index: discount in C:\xampp\htdocs\php_milwa_trading\admin\model\inventory\delivery_challan.php on line 145
2022-11-16 13:49:00 - PHP Notice:  Undefined index: amount in C:\xampp\htdocs\php_milwa_trading\admin\model\inventory\delivery_challan.php on line 165
2022-11-16 13:49:00 - PHP Notice:  Undefined index: base_amount in C:\xampp\htdocs\php_milwa_trading\admin\model\inventory\delivery_challan.php on line 170
2022-11-16 13:49:00 - PHP Notice:  Undefined index: manual_ref_no in C:\xampp\htdocs\php_milwa_trading\admin\model\inventory\delivery_challan.php on line 139
2022-11-16 13:49:00 - PHP Notice:  Undefined index: discount in C:\xampp\htdocs\php_milwa_trading\admin\model\inventory\delivery_challan.php on line 145
2022-11-16 13:49:00 - PHP Notice:  Undefined index: amount in C:\xampp\htdocs\php_milwa_trading\admin\model\inventory\delivery_challan.php on line 165
2022-11-16 13:49:00 - PHP Notice:  Undefined index: base_amount in C:\xampp\htdocs\php_milwa_trading\admin\model\inventory\delivery_challan.php on line 170
2022-11-16 13:49:00 - PHP Notice:  Undefined index: manual_ref_no in C:\xampp\htdocs\php_milwa_trading\admin\model\inventory\delivery_challan.php on line 139
2022-11-16 13:49:00 - PHP Notice:  Undefined index: discount in C:\xampp\htdocs\php_milwa_trading\admin\model\inventory\delivery_challan.php on line 145
2022-11-16 13:49:00 - PHP Notice:  Undefined index: amount in C:\xampp\htdocs\php_milwa_trading\admin\model\inventory\delivery_challan.php on line 165
2022-11-16 13:49:00 - PHP Notice:  Undefined index: base_amount in C:\xampp\htdocs\php_milwa_trading\admin\model\inventory\delivery_challan.php on line 170
2022-11-16 13:49:00 - PHP Notice:  Undefined index: manual_ref_no in C:\xampp\htdocs\php_milwa_trading\admin\model\inventory\delivery_challan.php on line 139
2022-11-16 13:49:00 - PHP Notice:  Undefined index: discount in C:\xampp\htdocs\php_milwa_trading\admin\model\inventory\delivery_challan.php on line 145
2022-11-16 13:49:00 - PHP Notice:  Undefined index: amount in C:\xampp\htdocs\php_milwa_trading\admin\model\inventory\delivery_challan.php on line 165
2022-11-16 13:49:00 - PHP Notice:  Undefined index: base_amount in C:\xampp\htdocs\php_milwa_trading\admin\model\inventory\delivery_challan.php on line 170
2022-11-16 13:49:00 - PHP Notice:  Undefined index: page in C:\xampp\htdocs\php_milwa_trading\admin\controller\inventory\sale_tax_invoice.php on line 422
2022-11-16 13:49:00 - PHP Notice:  Undefined index: manual_ref_no in C:\xampp\htdocs\php_milwa_trading\admin\model\inventory\delivery_challan.php on line 139
2022-11-16 13:49:00 - PHP Notice:  Undefined index: discount in C:\xampp\htdocs\php_milwa_trading\admin\model\inventory\delivery_challan.php on line 145
2022-11-16 13:49:00 - PHP Notice:  Undefined index: amount in C:\xampp\htdocs\php_milwa_trading\admin\model\inventory\delivery_challan.php on line 165
2022-11-16 13:49:00 - PHP Notice:  Undefined index: base_amount in C:\xampp\htdocs\php_milwa_trading\admin\model\inventory\delivery_challan.php on line 170
2022-11-16 13:49:02 - PHP Notice:  Undefined index: sale_tax_invoice_id in C:\xampp\htdocs\php_milwa_trading\admin\controller\inventory\sale_tax_invoice.php on line 610
2022-11-16 13:49:02 - PHP Notice:  Undefined index: manual_ref_no in C:\xampp\htdocs\php_milwa_trading\admin\model\inventory\delivery_challan.php on line 267
2022-11-16 13:49:02 - PHP Notice:  Undefined index: discount in C:\xampp\htdocs\php_milwa_trading\admin\model\inventory\delivery_challan.php on line 273
2022-11-16 13:49:02 - PHP Notice:  Undefined index: amount in C:\xampp\htdocs\php_milwa_trading\admin\model\inventory\delivery_challan.php on line 293
2022-11-16 13:49:02 - PHP Notice:  Undefined index: base_amount in C:\xampp\htdocs\php_milwa_trading\admin\model\inventory\delivery_challan.php on line 298
2022-11-16 13:49:02 - PHP Warning:  Illegal string offset 'document_identity' in C:\xampp\htdocs\php_milwa_trading\admin\controller\inventory\sale_tax_invoice.php on line 673
