2023-05-22 15:09:38 - PHP Notice:  Undefined index: from_time in C:\xampp\htdocs\php_milwa_trading\admin\controller\common\login.php on line 102
2023-05-22 15:09:38 - PHP Notice:  Undefined index: to_time in C:\xampp\htdocs\php_milwa_trading\admin\controller\common\login.php on line 103
2023-05-22 15:09:46 - PHP Notice:  Undefined index: from_time in C:\xampp\htdocs\php_milwa_trading\admin\controller\common\login.php on line 102
2023-05-22 15:09:46 - PHP Notice:  Undefined index: to_time in C:\xampp\htdocs\php_milwa_trading\admin\controller\common\login.php on line 103
2023-05-22 15:09:56 - PHP Notice:  Undefined index: db_name in C:\xampp\htdocs\php_milwa_trading\system\engine\hmodel.php on line 12
2023-05-22 15:09:58 - PHP Warning:  Invalid argument supplied for foreach() in C:\xampp\htdocs\php_milwa_trading\admin\view\template\common\preset.tpl on line 52
2023-05-22 15:10:06 - PHP Notice:  Undefined index: db_name in C:\xampp\htdocs\php_milwa_trading\system\engine\hmodel.php on line 12
2023-05-22 15:10:10 - PHP Notice:  Undefined index: case_id in C:\xampp\htdocs\php_milwa_trading\admin\controller\common\home.php on line 55
2023-05-22 15:10:10 - PHP Notice:  Undefined index: case_id in C:\xampp\htdocs\php_milwa_trading\admin\controller\common\home.php on line 56
2023-05-22 15:10:15 - PHP Notice:  Undefined variable: href_gl_mapping_account in C:\xampp\htdocs\php_milwa_trading\admin\view\template\common\column_left.tpl on line 68
2023-05-22 15:10:15 - PHP Notice:  Undefined index: gl_mapping_account in C:\xampp\htdocs\php_milwa_trading\admin\view\template\common\column_left.tpl on line 68
2023-05-22 15:10:15 - PHP Notice:  Undefined variable: href_tool_dashboard in C:\xampp\htdocs\php_milwa_trading\admin\view\template\common\column_left.tpl on line 231
2023-05-22 15:10:16 - PHP Notice:  Undefined variable: sale_order_details in C:\xampp\htdocs\php_milwa_trading\admin\view\template\common\home.tpl on line 174
2023-05-22 15:10:16 - PHP Warning:  Invalid argument supplied for foreach() in C:\xampp\htdocs\php_milwa_trading\admin\view\template\common\home.tpl on line 174
2023-05-22 15:10:16 - PHP Notice:  Undefined variable: bank_receipts in C:\xampp\htdocs\php_milwa_trading\admin\view\template\common\home.tpl on line 258
2023-05-22 15:10:16 - PHP Warning:  Invalid argument supplied for foreach() in C:\xampp\htdocs\php_milwa_trading\admin\view\template\common\home.tpl on line 258
2023-05-22 15:10:33 - PHP Notice:  Undefined variable: href_gl_mapping_account in C:\xampp\htdocs\php_milwa_trading\admin\view\template\common\column_left.tpl on line 68
2023-05-22 15:10:33 - PHP Notice:  Undefined index: gl_mapping_account in C:\xampp\htdocs\php_milwa_trading\admin\view\template\common\column_left.tpl on line 68
2023-05-22 15:10:33 - PHP Notice:  Undefined variable: href_tool_dashboard in C:\xampp\htdocs\php_milwa_trading\admin\view\template\common\column_left.tpl on line 231
2023-05-22 15:10:34 - PHP Notice:  Undefined index: class in C:\xampp\htdocs\php_milwa_trading\admin\view\template\report\stock.tpl on line 18
2023-05-22 15:10:34 - PHP Notice:  Undefined index: class in C:\xampp\htdocs\php_milwa_trading\admin\view\template\report\stock.tpl on line 18
2023-05-22 15:10:34 - PHP Notice:  Undefined index: class in C:\xampp\htdocs\php_milwa_trading\admin\view\template\report\stock.tpl on line 18
2023-05-22 15:10:34 - PHP Notice:  Undefined variable: container_no in C:\xampp\htdocs\php_milwa_trading\admin\view\template\report\stock.tpl on line 89
2023-05-22 15:10:34 - PHP Notice:  Undefined variable: href_print_excel in C:\xampp\htdocs\php_milwa_trading\admin\view\template\report\stock.tpl on line 191
2023-05-22 15:10:34 - PHP Notice:  Undefined variable: column_right in C:\xampp\htdocs\php_milwa_trading\admin\view\template\report\stock.tpl on line 277
2023-05-22 15:11:05 - PHP Notice:  Undefined index: product_id in C:\xampp\htdocs\php_milwa_trading\admin\controller\report\stock.php on line 1118
2023-05-22 15:11:05 - PHP Notice:  Undefined index: brand_id in C:\xampp\htdocs\php_milwa_trading\admin\controller\report\stock.php on line 1126
2023-05-22 15:11:16 - PHP Notice:  Undefined index: product_id in C:\xampp\htdocs\php_milwa_trading\admin\controller\report\stock.php on line 1455
2023-05-22 15:11:16 - PHP Notice:  Undefined index: brand_id in C:\xampp\htdocs\php_milwa_trading\admin\controller\report\stock.php on line 1459
2023-05-22 15:11:38 - PHP Notice:  Undefined index: product_id in C:\xampp\htdocs\php_milwa_trading\admin\controller\report\stock.php on line 1455
2023-05-22 15:11:38 - PHP Notice:  Undefined index: brand_id in C:\xampp\htdocs\php_milwa_trading\admin\controller\report\stock.php on line 1459
2023-05-22 15:15:40 - PHP Notice:  Undefined index: product_id in C:\xampp\htdocs\php_milwa_trading\admin\controller\report\stock.php on line 1455
2023-05-22 15:15:40 - PHP Notice:  Undefined index: brand_id in C:\xampp\htdocs\php_milwa_trading\admin\controller\report\stock.php on line 1459
2023-05-22 15:17:15 - PHP Notice:  Undefined index: from_time in C:\xampp\htdocs\php_milwa_trading\admin\controller\common\login.php on line 102
2023-05-22 15:17:15 - PHP Notice:  Undefined index: to_time in C:\xampp\htdocs\php_milwa_trading\admin\controller\common\login.php on line 103
2023-05-22 15:17:19 - PHP Notice:  Undefined index: db_name in C:\xampp\htdocs\php_milwa_trading\system\engine\hmodel.php on line 12
2023-05-22 15:17:19 - PHP Warning:  Invalid argument supplied for foreach() in C:\xampp\htdocs\php_milwa_trading\admin\view\template\common\preset.tpl on line 52
2023-05-22 15:17:20 - PHP Notice:  Undefined index: db_name in C:\xampp\htdocs\php_milwa_trading\system\engine\hmodel.php on line 12
2023-05-22 15:17:21 - PHP Notice:  Undefined index: case_id in C:\xampp\htdocs\php_milwa_trading\admin\controller\common\home.php on line 55
2023-05-22 15:17:21 - PHP Notice:  Undefined index: case_id in C:\xampp\htdocs\php_milwa_trading\admin\controller\common\home.php on line 56
2023-05-22 15:17:21 - PHP Notice:  Undefined variable: href_gl_mapping_account in C:\xampp\htdocs\php_milwa_trading\admin\view\template\common\column_left.tpl on line 68
2023-05-22 15:17:21 - PHP Notice:  Undefined index: gl_mapping_account in C:\xampp\htdocs\php_milwa_trading\admin\view\template\common\column_left.tpl on line 68
2023-05-22 15:17:21 - PHP Notice:  Undefined variable: href_tool_dashboard in C:\xampp\htdocs\php_milwa_trading\admin\view\template\common\column_left.tpl on line 231
2023-05-22 15:17:21 - PHP Notice:  Undefined variable: bank_receipts in C:\xampp\htdocs\php_milwa_trading\admin\view\template\common\home.tpl on line 258
2023-05-22 15:17:21 - PHP Warning:  Invalid argument supplied for foreach() in C:\xampp\htdocs\php_milwa_trading\admin\view\template\common\home.tpl on line 258
2023-05-22 15:17:25 - PHP Notice:  Undefined variable: href_gl_mapping_account in C:\xampp\htdocs\php_milwa_trading\admin\view\template\common\column_left.tpl on line 68
2023-05-22 15:17:25 - PHP Notice:  Undefined index: gl_mapping_account in C:\xampp\htdocs\php_milwa_trading\admin\view\template\common\column_left.tpl on line 68
2023-05-22 15:17:25 - PHP Notice:  Undefined variable: href_tool_dashboard in C:\xampp\htdocs\php_milwa_trading\admin\view\template\common\column_left.tpl on line 231
2023-05-22 15:17:25 - PHP Notice:  Undefined index: class in C:\xampp\htdocs\php_milwa_trading\admin\view\template\report\stock.tpl on line 18
2023-05-22 15:17:25 - PHP Notice:  Undefined index: class in C:\xampp\htdocs\php_milwa_trading\admin\view\template\report\stock.tpl on line 18
2023-05-22 15:17:25 - PHP Notice:  Undefined index: class in C:\xampp\htdocs\php_milwa_trading\admin\view\template\report\stock.tpl on line 18
2023-05-22 15:17:25 - PHP Notice:  Undefined variable: container_no in C:\xampp\htdocs\php_milwa_trading\admin\view\template\report\stock.tpl on line 89
2023-05-22 15:17:25 - PHP Notice:  Undefined variable: href_print_excel in C:\xampp\htdocs\php_milwa_trading\admin\view\template\report\stock.tpl on line 191
2023-05-22 15:17:26 - PHP Notice:  Undefined variable: column_right in C:\xampp\htdocs\php_milwa_trading\admin\view\template\report\stock.tpl on line 277
2023-05-22 15:17:30 - PHP Notice:  Undefined index: product_id in C:\xampp\htdocs\php_milwa_trading\admin\controller\report\stock.php on line 1455
2023-05-22 15:17:30 - PHP Notice:  Undefined index: brand_id in C:\xampp\htdocs\php_milwa_trading\admin\controller\report\stock.php on line 1459
2023-05-22 15:17:30 - PHP Notice:  Undefined index: output in C:\xampp\htdocs\php_milwa_trading\admin\controller\report\stock.php on line 1496
2023-05-22 15:17:30 - PHP Warning:  chr() expects parameter 1 to be int, string given in C:\xampp\htdocs\php_milwa_trading\system\library\tcpdf\include\tcpdf_fonts.php on line 1671
2023-05-22 15:17:30 - PHP Notice:  Undefined index: brand_id in C:\xampp\htdocs\php_milwa_trading\admin\controller\report\stock.php on line 1649
2023-05-22 15:17:30 - PHP Notice:  Undefined index: name in C:\xampp\htdocs\php_milwa_trading\admin\controller\report\stock.php on line 1659
2023-05-22 15:17:30 - PHP Notice:  Undefined index: name in C:\xampp\htdocs\php_milwa_trading\admin\controller\report\stock.php on line 1660
2023-05-22 15:17:37 - PHP Warning:  Invalid argument supplied for foreach() in C:\xampp\htdocs\php_milwa_trading\admin\view\template\common\preset.tpl on line 52
2023-05-22 15:17:43 - PHP Notice:  Undefined index: case_id in C:\xampp\htdocs\php_milwa_trading\admin\controller\common\home.php on line 55
2023-05-22 15:17:43 - PHP Notice:  Undefined index: case_id in C:\xampp\htdocs\php_milwa_trading\admin\controller\common\home.php on line 56
2023-05-22 15:17:43 - PHP Notice:  Undefined variable: href_gl_mapping_account in C:\xampp\htdocs\php_milwa_trading\admin\view\template\common\column_left.tpl on line 68
2023-05-22 15:17:43 - PHP Notice:  Undefined index: gl_mapping_account in C:\xampp\htdocs\php_milwa_trading\admin\view\template\common\column_left.tpl on line 68
2023-05-22 15:17:43 - PHP Notice:  Undefined variable: href_tool_dashboard in C:\xampp\htdocs\php_milwa_trading\admin\view\template\common\column_left.tpl on line 231
2023-05-22 15:17:43 - PHP Notice:  Undefined variable: bank_receipts in C:\xampp\htdocs\php_milwa_trading\admin\view\template\common\home.tpl on line 258
2023-05-22 15:17:43 - PHP Warning:  Invalid argument supplied for foreach() in C:\xampp\htdocs\php_milwa_trading\admin\view\template\common\home.tpl on line 258
2023-05-22 15:17:45 - PHP Notice:  Undefined variable: href_gl_mapping_account in C:\xampp\htdocs\php_milwa_trading\admin\view\template\common\column_left.tpl on line 68
2023-05-22 15:17:45 - PHP Notice:  Undefined index: gl_mapping_account in C:\xampp\htdocs\php_milwa_trading\admin\view\template\common\column_left.tpl on line 68
2023-05-22 15:17:45 - PHP Notice:  Undefined variable: href_tool_dashboard in C:\xampp\htdocs\php_milwa_trading\admin\view\template\common\column_left.tpl on line 231
2023-05-22 15:17:45 - PHP Notice:  Undefined index: class in C:\xampp\htdocs\php_milwa_trading\admin\view\template\report\stock.tpl on line 18
2023-05-22 15:17:45 - PHP Notice:  Undefined index: class in C:\xampp\htdocs\php_milwa_trading\admin\view\template\report\stock.tpl on line 18
2023-05-22 15:17:45 - PHP Notice:  Undefined index: class in C:\xampp\htdocs\php_milwa_trading\admin\view\template\report\stock.tpl on line 18
2023-05-22 15:17:45 - PHP Notice:  Undefined variable: container_no in C:\xampp\htdocs\php_milwa_trading\admin\view\template\report\stock.tpl on line 89
2023-05-22 15:17:45 - PHP Notice:  Undefined variable: href_print_excel in C:\xampp\htdocs\php_milwa_trading\admin\view\template\report\stock.tpl on line 191
2023-05-22 15:17:45 - PHP Notice:  Undefined variable: column_right in C:\xampp\htdocs\php_milwa_trading\admin\view\template\report\stock.tpl on line 277
2023-05-22 15:17:49 - PHP Notice:  Undefined index: product_id in C:\xampp\htdocs\php_milwa_trading\admin\controller\report\stock.php on line 1455
2023-05-22 15:17:49 - PHP Notice:  Undefined index: brand_id in C:\xampp\htdocs\php_milwa_trading\admin\controller\report\stock.php on line 1459
2023-05-22 15:17:49 - PHP Notice:  Undefined index: output in C:\xampp\htdocs\php_milwa_trading\admin\controller\report\stock.php on line 1496
2023-05-22 15:17:49 - PHP Warning:  chr() expects parameter 1 to be int, string given in C:\xampp\htdocs\php_milwa_trading\system\library\tcpdf\include\tcpdf_fonts.php on line 1671
2023-05-22 15:17:49 - PHP Notice:  Undefined index: brand_id in C:\xampp\htdocs\php_milwa_trading\admin\controller\report\stock.php on line 1649
2023-05-22 15:17:49 - PHP Notice:  Undefined index: name in C:\xampp\htdocs\php_milwa_trading\admin\controller\report\stock.php on line 1659
2023-05-22 15:17:49 - PHP Notice:  Undefined index: name in C:\xampp\htdocs\php_milwa_trading\admin\controller\report\stock.php on line 1660
2023-05-22 15:20:40 - PHP Notice:  Undefined index: product_id in C:\xampp\htdocs\php_milwa_trading\admin\controller\report\stock.php on line 1455
2023-05-22 15:20:40 - PHP Notice:  Undefined index: brand_id in C:\xampp\htdocs\php_milwa_trading\admin\controller\report\stock.php on line 1459
2023-05-22 15:20:40 - PHP Notice:  Undefined index: output in C:\xampp\htdocs\php_milwa_trading\admin\controller\report\stock.php on line 1496
2023-05-22 15:20:41 - PHP Warning:  chr() expects parameter 1 to be int, string given in C:\xampp\htdocs\php_milwa_trading\system\library\tcpdf\include\tcpdf_fonts.php on line 1671
2023-05-22 15:20:41 - PHP Notice:  Undefined index: brand_id in C:\xampp\htdocs\php_milwa_trading\admin\controller\report\stock.php on line 1649
2023-05-22 15:20:41 - PHP Notice:  Undefined index: name in C:\xampp\htdocs\php_milwa_trading\admin\controller\report\stock.php on line 1659
2023-05-22 15:20:41 - PHP Notice:  Undefined index: name in C:\xampp\htdocs\php_milwa_trading\admin\controller\report\stock.php on line 1660
2023-05-22 15:22:01 - PHP Notice:  Undefined index: product_id in C:\xampp\htdocs\php_milwa_trading\admin\controller\report\stock.php on line 1455
2023-05-22 15:22:01 - PHP Notice:  Undefined index: brand_id in C:\xampp\htdocs\php_milwa_trading\admin\controller\report\stock.php on line 1459
2023-05-22 15:22:01 - PHP Notice:  Undefined index: output in C:\xampp\htdocs\php_milwa_trading\admin\controller\report\stock.php on line 1496
2023-05-22 15:22:01 - PHP Warning:  chr() expects parameter 1 to be int, string given in C:\xampp\htdocs\php_milwa_trading\system\library\tcpdf\include\tcpdf_fonts.php on line 1671
2023-05-22 15:22:01 - PHP Notice:  Undefined index: brand_id in C:\xampp\htdocs\php_milwa_trading\admin\controller\report\stock.php on line 1649
2023-05-22 15:22:01 - PHP Notice:  Undefined index: name in C:\xampp\htdocs\php_milwa_trading\admin\controller\report\stock.php on line 1659
2023-05-22 15:22:02 - PHP Notice:  Undefined index: name in C:\xampp\htdocs\php_milwa_trading\admin\controller\report\stock.php on line 1660
2023-05-22 15:22:13 - PHP Notice:  Undefined index: product_id in C:\xampp\htdocs\php_milwa_trading\admin\controller\report\stock.php on line 1455
2023-05-22 15:22:13 - PHP Notice:  Undefined index: brand_id in C:\xampp\htdocs\php_milwa_trading\admin\controller\report\stock.php on line 1459
2023-05-22 15:22:13 - PHP Notice:  Undefined index: output in C:\xampp\htdocs\php_milwa_trading\admin\controller\report\stock.php on line 1496
2023-05-22 15:22:13 - PHP Warning:  chr() expects parameter 1 to be int, string given in C:\xampp\htdocs\php_milwa_trading\system\library\tcpdf\include\tcpdf_fonts.php on line 1671
2023-05-22 15:22:13 - PHP Notice:  Undefined index: brand_id in C:\xampp\htdocs\php_milwa_trading\admin\controller\report\stock.php on line 1649
2023-05-22 15:22:13 - PHP Notice:  Undefined index: name in C:\xampp\htdocs\php_milwa_trading\admin\controller\report\stock.php on line 1659
2023-05-22 15:22:13 - PHP Notice:  Undefined index: name in C:\xampp\htdocs\php_milwa_trading\admin\controller\report\stock.php on line 1660
2023-05-22 15:26:02 - PHP Notice:  Undefined index: product_id in C:\xampp\htdocs\php_milwa_trading\admin\controller\report\stock.php on line 1455
2023-05-22 15:26:02 - PHP Notice:  Undefined index: brand_id in C:\xampp\htdocs\php_milwa_trading\admin\controller\report\stock.php on line 1459
2023-05-22 15:26:02 - PHP Notice:  Undefined index: output in C:\xampp\htdocs\php_milwa_trading\admin\controller\report\stock.php on line 1496
2023-05-22 15:26:02 - PHP Warning:  chr() expects parameter 1 to be int, string given in C:\xampp\htdocs\php_milwa_trading\system\library\tcpdf\include\tcpdf_fonts.php on line 1671
2023-05-22 15:26:02 - PHP Notice:  Undefined index: brand_id in C:\xampp\htdocs\php_milwa_trading\admin\controller\report\stock.php on line 1649
2023-05-22 15:26:02 - PHP Notice:  Undefined index: name in C:\xampp\htdocs\php_milwa_trading\admin\controller\report\stock.php on line 1659
2023-05-22 15:26:02 - PHP Notice:  Undefined index: name in C:\xampp\htdocs\php_milwa_trading\admin\controller\report\stock.php on line 1660
2023-05-22 15:26:18 - PHP Notice:  Undefined index: product_id in C:\xampp\htdocs\php_milwa_trading\admin\controller\report\stock.php on line 1455
2023-05-22 15:26:18 - PHP Notice:  Undefined index: brand_id in C:\xampp\htdocs\php_milwa_trading\admin\controller\report\stock.php on line 1459
2023-05-22 15:26:18 - PHP Notice:  Undefined index: output in C:\xampp\htdocs\php_milwa_trading\admin\controller\report\stock.php on line 1496
2023-05-22 15:26:18 - PHP Warning:  chr() expects parameter 1 to be int, string given in C:\xampp\htdocs\php_milwa_trading\system\library\tcpdf\include\tcpdf_fonts.php on line 1671
2023-05-22 15:26:18 - PHP Notice:  Undefined index: brand_id in C:\xampp\htdocs\php_milwa_trading\admin\controller\report\stock.php on line 1649
2023-05-22 15:26:18 - PHP Notice:  Undefined index: name in C:\xampp\htdocs\php_milwa_trading\admin\controller\report\stock.php on line 1659
2023-05-22 15:26:18 - PHP Notice:  Undefined index: name in C:\xampp\htdocs\php_milwa_trading\admin\controller\report\stock.php on line 1660
2023-05-22 15:27:55 - PHP Notice:  Undefined index: product_id in C:\xampp\htdocs\php_milwa_trading\admin\controller\report\stock.php on line 1455
2023-05-22 15:27:55 - PHP Notice:  Undefined index: brand_id in C:\xampp\htdocs\php_milwa_trading\admin\controller\report\stock.php on line 1459
2023-05-22 15:27:55 - PHP Notice:  Undefined index: output in C:\xampp\htdocs\php_milwa_trading\admin\controller\report\stock.php on line 1496
2023-05-22 15:27:55 - PHP Warning:  chr() expects parameter 1 to be int, string given in C:\xampp\htdocs\php_milwa_trading\system\library\tcpdf\include\tcpdf_fonts.php on line 1671
2023-05-22 15:27:55 - PHP Notice:  Undefined index: brand_id in C:\xampp\htdocs\php_milwa_trading\admin\controller\report\stock.php on line 1649
2023-05-22 15:27:55 - PHP Notice:  Undefined index: name in C:\xampp\htdocs\php_milwa_trading\admin\controller\report\stock.php on line 1659
2023-05-22 15:27:55 - PHP Notice:  Undefined index: name in C:\xampp\htdocs\php_milwa_trading\admin\controller\report\stock.php on line 1660
2023-05-22 15:28:03 - PHP Notice:  Undefined index: product_id in C:\xampp\htdocs\php_milwa_trading\admin\controller\report\stock.php on line 1455
2023-05-22 15:28:03 - PHP Notice:  Undefined index: brand_id in C:\xampp\htdocs\php_milwa_trading\admin\controller\report\stock.php on line 1459
2023-05-22 15:28:03 - PHP Notice:  Undefined index: output in C:\xampp\htdocs\php_milwa_trading\admin\controller\report\stock.php on line 1496
2023-05-22 15:28:03 - PHP Warning:  chr() expects parameter 1 to be int, string given in C:\xampp\htdocs\php_milwa_trading\system\library\tcpdf\include\tcpdf_fonts.php on line 1671
2023-05-22 15:28:03 - PHP Notice:  Undefined index: brand_id in C:\xampp\htdocs\php_milwa_trading\admin\controller\report\stock.php on line 1649
2023-05-22 15:28:03 - PHP Notice:  Undefined index: name in C:\xampp\htdocs\php_milwa_trading\admin\controller\report\stock.php on line 1659
2023-05-22 15:28:03 - PHP Notice:  Undefined index: name in C:\xampp\htdocs\php_milwa_trading\admin\controller\report\stock.php on line 1660
2023-05-22 15:28:18 - PHP Notice:  Undefined index: product_id in C:\xampp\htdocs\php_milwa_trading\admin\controller\report\stock.php on line 1455
2023-05-22 15:28:18 - PHP Notice:  Undefined index: brand_id in C:\xampp\htdocs\php_milwa_trading\admin\controller\report\stock.php on line 1459
2023-05-22 15:28:18 - PHP Notice:  Undefined index: output in C:\xampp\htdocs\php_milwa_trading\admin\controller\report\stock.php on line 1496
2023-05-22 15:28:18 - PHP Warning:  chr() expects parameter 1 to be int, string given in C:\xampp\htdocs\php_milwa_trading\system\library\tcpdf\include\tcpdf_fonts.php on line 1671
2023-05-22 15:28:18 - PHP Notice:  Undefined index: brand_id in C:\xampp\htdocs\php_milwa_trading\admin\controller\report\stock.php on line 1649
2023-05-22 15:28:18 - PHP Notice:  Undefined index: name in C:\xampp\htdocs\php_milwa_trading\admin\controller\report\stock.php on line 1659
2023-05-22 15:28:18 - PHP Notice:  Undefined index: name in C:\xampp\htdocs\php_milwa_trading\admin\controller\report\stock.php on line 1660
2023-05-22 15:29:09 - PHP Notice:  Undefined index: product_id in C:\xampp\htdocs\php_milwa_trading\admin\controller\report\stock.php on line 1455
2023-05-22 15:29:09 - PHP Notice:  Undefined index: brand_id in C:\xampp\htdocs\php_milwa_trading\admin\controller\report\stock.php on line 1459
2023-05-22 15:29:09 - PHP Notice:  Undefined index: output in C:\xampp\htdocs\php_milwa_trading\admin\controller\report\stock.php on line 1496
2023-05-22 15:29:09 - PHP Warning:  chr() expects parameter 1 to be int, string given in C:\xampp\htdocs\php_milwa_trading\system\library\tcpdf\include\tcpdf_fonts.php on line 1671
2023-05-22 15:29:09 - PHP Notice:  Undefined index: brand_id in C:\xampp\htdocs\php_milwa_trading\admin\controller\report\stock.php on line 1649
2023-05-22 15:29:09 - PHP Notice:  Undefined index: name in C:\xampp\htdocs\php_milwa_trading\admin\controller\report\stock.php on line 1659
2023-05-22 15:29:09 - PHP Notice:  Undefined index: name in C:\xampp\htdocs\php_milwa_trading\admin\controller\report\stock.php on line 1660
2023-05-22 15:32:39 - PHP Notice:  Undefined index: product_id in C:\xampp\htdocs\php_milwa_trading\admin\controller\report\stock.php on line 1455
2023-05-22 15:32:39 - PHP Notice:  Undefined index: brand_id in C:\xampp\htdocs\php_milwa_trading\admin\controller\report\stock.php on line 1459
2023-05-22 15:32:39 - PHP Notice:  Undefined index: output in C:\xampp\htdocs\php_milwa_trading\admin\controller\report\stock.php on line 1496
2023-05-22 15:32:39 - PHP Warning:  chr() expects parameter 1 to be int, string given in C:\xampp\htdocs\php_milwa_trading\system\library\tcpdf\include\tcpdf_fonts.php on line 1671
2023-05-22 15:32:39 - PHP Notice:  Undefined index: brand_id in C:\xampp\htdocs\php_milwa_trading\admin\controller\report\stock.php on line 1649
2023-05-22 15:32:39 - PHP Notice:  Undefined index: name in C:\xampp\htdocs\php_milwa_trading\admin\controller\report\stock.php on line 1659
2023-05-22 15:32:39 - PHP Notice:  Undefined index: name in C:\xampp\htdocs\php_milwa_trading\admin\controller\report\stock.php on line 1660
2023-05-22 15:32:39 - PHP Warning:  Division by zero in C:\xampp\htdocs\php_milwa_trading\admin\controller\report\stock.php on line 1699
2023-05-22 15:32:39 - PHP Warning:  Division by zero in C:\xampp\htdocs\php_milwa_trading\admin\controller\report\stock.php on line 1699
2023-05-22 15:35:39 - PHP Notice:  Undefined index: product_id in C:\xampp\htdocs\php_milwa_trading\admin\controller\report\stock.php on line 1455
2023-05-22 15:35:39 - PHP Notice:  Undefined index: brand_id in C:\xampp\htdocs\php_milwa_trading\admin\controller\report\stock.php on line 1459
2023-05-22 15:35:39 - PHP Notice:  Undefined index: output in C:\xampp\htdocs\php_milwa_trading\admin\controller\report\stock.php on line 1496
2023-05-22 15:35:39 - PHP Warning:  chr() expects parameter 1 to be int, string given in C:\xampp\htdocs\php_milwa_trading\system\library\tcpdf\include\tcpdf_fonts.php on line 1671
2023-05-22 15:35:39 - PHP Notice:  Undefined index: brand_id in C:\xampp\htdocs\php_milwa_trading\admin\controller\report\stock.php on line 1649
2023-05-22 15:35:39 - PHP Notice:  Undefined index: name in C:\xampp\htdocs\php_milwa_trading\admin\controller\report\stock.php on line 1659
2023-05-22 15:35:39 - PHP Notice:  Undefined index: name in C:\xampp\htdocs\php_milwa_trading\admin\controller\report\stock.php on line 1660
2023-05-22 15:41:10 - PHP Notice:  Undefined index: product_id in C:\xampp\htdocs\php_milwa_trading\admin\controller\report\stock.php on line 1455
2023-05-22 15:41:10 - PHP Notice:  Undefined index: brand_id in C:\xampp\htdocs\php_milwa_trading\admin\controller\report\stock.php on line 1459
2023-05-22 15:41:10 - PHP Notice:  Undefined index: output in C:\xampp\htdocs\php_milwa_trading\admin\controller\report\stock.php on line 1496
2023-05-22 15:41:10 - PHP Warning:  chr() expects parameter 1 to be int, string given in C:\xampp\htdocs\php_milwa_trading\system\library\tcpdf\include\tcpdf_fonts.php on line 1671
2023-05-22 15:41:10 - PHP Notice:  Undefined index: brand_id in C:\xampp\htdocs\php_milwa_trading\admin\controller\report\stock.php on line 1649
2023-05-22 15:41:10 - PHP Notice:  Undefined index: name in C:\xampp\htdocs\php_milwa_trading\admin\controller\report\stock.php on line 1659
2023-05-22 15:41:10 - PHP Notice:  Undefined index: name in C:\xampp\htdocs\php_milwa_trading\admin\controller\report\stock.php on line 1660
