2022-07-28 9:26:02 - PHP Notice:  Undefined variable: href_gl_mapping_account in C:\xampp\htdocs\php_milwa_trading\admin\view\template\common\column_left.tpl on line 66
2022-07-28 9:26:02 - PHP Notice:  Undefined index: gl_mapping_account in C:\xampp\htdocs\php_milwa_trading\admin\view\template\common\column_left.tpl on line 66
2022-07-28 9:26:02 - PHP Notice:  Undefined variable: href_tool_dashboard in C:\xampp\htdocs\php_milwa_trading\admin\view\template\common\column_left.tpl on line 229
2022-07-28 9:26:03 - PHP Notice:  Undefined index: class in C:\xampp\htdocs\php_milwa_trading\admin\view\template\gl\payments_list.tpl on line 19
2022-07-28 9:26:03 - PHP Notice:  Undefined index: class in C:\xampp\htdocs\php_milwa_trading\admin\view\template\gl\payments_list.tpl on line 19
2022-07-28 9:26:03 - PHP Notice:  Undefined index: class in C:\xampp\htdocs\php_milwa_trading\admin\view\template\gl\payments_list.tpl on line 19
2022-07-28 9:26:03 - PHP Notice:  Undefined variable: column_right in C:\xampp\htdocs\php_milwa_trading\admin\view\template\gl\payments_list.tpl on line 79
2022-07-28 9:26:04 - PHP Notice:  Undefined variable: href_gl_mapping_account in C:\xampp\htdocs\php_milwa_trading\admin\view\template\common\column_left.tpl on line 66
2022-07-28 9:26:04 - PHP Notice:  Undefined index: gl_mapping_account in C:\xampp\htdocs\php_milwa_trading\admin\view\template\common\column_left.tpl on line 66
2022-07-28 9:26:04 - PHP Notice:  Undefined variable: href_tool_dashboard in C:\xampp\htdocs\php_milwa_trading\admin\view\template\common\column_left.tpl on line 229
2022-07-28 9:26:04 - PHP Notice:  Undefined index: class in C:\xampp\htdocs\php_milwa_trading\admin\view\template\gl\receipts_list.tpl on line 19
2022-07-28 9:26:04 - PHP Notice:  Undefined index: class in C:\xampp\htdocs\php_milwa_trading\admin\view\template\gl\receipts_list.tpl on line 19
2022-07-28 9:26:04 - PHP Notice:  Undefined index: class in C:\xampp\htdocs\php_milwa_trading\admin\view\template\gl\receipts_list.tpl on line 19
2022-07-28 9:26:04 - PHP Notice:  Undefined variable: column_right in C:\xampp\htdocs\php_milwa_trading\admin\view\template\gl\receipts_list.tpl on line 79
2022-07-28 9:26:19 - PHP Notice:  Undefined index: dc_no in C:\xampp\htdocs\php_milwa_trading\admin\controller\gl\payments.php on line 925
2022-07-28 9:26:19 - PHP Notice:  Undefined index: ref_document_identity in C:\xampp\htdocs\php_milwa_trading\admin\controller\gl\payments.php on line 928
2022-07-28 9:26:19 - PHP Notice:  Undefined index: ref_document_type_id in C:\xampp\htdocs\php_milwa_trading\admin\controller\gl\payments.php on line 929
2022-07-28 9:27:27 - PHP Notice:  Undefined index: cost_center_name in C:\xampp\htdocs\php_milwa_trading\admin\controller\gl\receipts.php on line 959
2022-07-28 9:28:07 - PHP Notice:  Undefined variable: href_gl_mapping_account in C:\xampp\htdocs\php_milwa_trading\admin\view\template\common\column_left.tpl on line 66
2022-07-28 9:28:07 - PHP Notice:  Undefined index: gl_mapping_account in C:\xampp\htdocs\php_milwa_trading\admin\view\template\common\column_left.tpl on line 66
2022-07-28 9:28:07 - PHP Notice:  Undefined variable: href_tool_dashboard in C:\xampp\htdocs\php_milwa_trading\admin\view\template\common\column_left.tpl on line 229
2022-07-28 9:28:07 - PHP Notice:  Undefined index: class in C:\xampp\htdocs\php_milwa_trading\admin\view\template\gl\opening_account_list.tpl on line 19
2022-07-28 9:28:07 - PHP Notice:  Undefined index: class in C:\xampp\htdocs\php_milwa_trading\admin\view\template\gl\opening_account_list.tpl on line 19
2022-07-28 9:28:07 - PHP Notice:  Undefined index: class in C:\xampp\htdocs\php_milwa_trading\admin\view\template\gl\opening_account_list.tpl on line 19
2022-07-28 9:28:07 - PHP Notice:  Undefined variable: column_right in C:\xampp\htdocs\php_milwa_trading\admin\view\template\gl\opening_account_list.tpl on line 76
2022-07-28 9:29:26 - PHP Notice:  Undefined index: total_price_pkr in C:\xampp\htdocs\php_milwa_trading\admin\controller\gl\opening_account.php on line 647
2022-07-28 9:29:26 - PHP Notice:  Undefined index: sales_tax in C:\xampp\htdocs\php_milwa_trading\admin\controller\gl\opening_account.php on line 649
2022-07-28 9:29:26 - PHP Notice:  Undefined index: additional_sales_tax in C:\xampp\htdocs\php_milwa_trading\admin\controller\gl\opening_account.php on line 649
2022-07-28 9:29:26 - PHP Notice:  Undefined index: income_tax in C:\xampp\htdocs\php_milwa_trading\admin\controller\gl\opening_account.php on line 649
2022-07-28 9:29:26 - PHP Notice:  Undefined index: total_price_pkr in C:\xampp\htdocs\php_milwa_trading\admin\controller\gl\opening_account.php on line 650
2022-07-28 9:29:26 - PHP Notice:  Undefined index: sales_tax in C:\xampp\htdocs\php_milwa_trading\admin\controller\gl\opening_account.php on line 650
2022-07-28 9:29:26 - PHP Notice:  Undefined index: additional_sales_tax in C:\xampp\htdocs\php_milwa_trading\admin\controller\gl\opening_account.php on line 650
2022-07-28 9:29:26 - PHP Notice:  Undefined index: income_tax in C:\xampp\htdocs\php_milwa_trading\admin\controller\gl\opening_account.php on line 650
2022-07-28 9:29:26 - PHP Notice:  Undefined index: total_price_pkr in C:\xampp\htdocs\php_milwa_trading\admin\controller\gl\opening_account.php on line 647
2022-07-28 9:29:26 - PHP Notice:  Undefined index: sales_tax in C:\xampp\htdocs\php_milwa_trading\admin\controller\gl\opening_account.php on line 649
2022-07-28 9:29:26 - PHP Notice:  Undefined index: additional_sales_tax in C:\xampp\htdocs\php_milwa_trading\admin\controller\gl\opening_account.php on line 649
2022-07-28 9:29:26 - PHP Notice:  Undefined index: income_tax in C:\xampp\htdocs\php_milwa_trading\admin\controller\gl\opening_account.php on line 649
2022-07-28 9:29:26 - PHP Notice:  Undefined index: total_price_pkr in C:\xampp\htdocs\php_milwa_trading\admin\controller\gl\opening_account.php on line 650
2022-07-28 9:29:27 - PHP Notice:  Undefined index: sales_tax in C:\xampp\htdocs\php_milwa_trading\admin\controller\gl\opening_account.php on line 650
2022-07-28 9:29:27 - PHP Notice:  Undefined index: additional_sales_tax in C:\xampp\htdocs\php_milwa_trading\admin\controller\gl\opening_account.php on line 650
2022-07-28 9:29:27 - PHP Notice:  Undefined index: income_tax in C:\xampp\htdocs\php_milwa_trading\admin\controller\gl\opening_account.php on line 650
2022-07-28 9:29:37 - PHP Notice:  Undefined variable: href_gl_mapping_account in C:\xampp\htdocs\php_milwa_trading\admin\view\template\common\column_left.tpl on line 66
2022-07-28 9:29:37 - PHP Notice:  Undefined index: gl_mapping_account in C:\xampp\htdocs\php_milwa_trading\admin\view\template\common\column_left.tpl on line 66
2022-07-28 9:29:37 - PHP Notice:  Undefined variable: href_tool_dashboard in C:\xampp\htdocs\php_milwa_trading\admin\view\template\common\column_left.tpl on line 229
2022-07-28 9:29:37 - PHP Notice:  Undefined index: class in C:\xampp\htdocs\php_milwa_trading\admin\view\template\gl\fund_transfer_list.tpl on line 19
2022-07-28 9:29:38 - PHP Notice:  Undefined index: class in C:\xampp\htdocs\php_milwa_trading\admin\view\template\gl\fund_transfer_list.tpl on line 19
2022-07-28 9:29:38 - PHP Notice:  Undefined index: class in C:\xampp\htdocs\php_milwa_trading\admin\view\template\gl\fund_transfer_list.tpl on line 19
2022-07-28 9:29:38 - PHP Notice:  Undefined variable: column_right in C:\xampp\htdocs\php_milwa_trading\admin\view\template\gl\fund_transfer_list.tpl on line 79
2022-07-28 9:29:42 - PHP Notice:  Undefined index: cost_center_name in C:\xampp\htdocs\php_milwa_trading\admin\controller\gl\fund_transfer.php on line 916
2022-07-28 9:30:05 - PHP Notice:  Undefined variable: href_gl_mapping_account in C:\xampp\htdocs\php_milwa_trading\admin\view\template\common\column_left.tpl on line 66
2022-07-28 9:30:05 - PHP Notice:  Undefined index: gl_mapping_account in C:\xampp\htdocs\php_milwa_trading\admin\view\template\common\column_left.tpl on line 66
2022-07-28 9:30:05 - PHP Notice:  Undefined variable: href_tool_dashboard in C:\xampp\htdocs\php_milwa_trading\admin\view\template\common\column_left.tpl on line 229
2022-07-28 9:30:06 - PHP Notice:  Undefined index: class in C:\xampp\htdocs\php_milwa_trading\admin\view\template\gl\journal_voucher_list.tpl on line 19
2022-07-28 9:30:06 - PHP Notice:  Undefined index: class in C:\xampp\htdocs\php_milwa_trading\admin\view\template\gl\journal_voucher_list.tpl on line 19
2022-07-28 9:30:06 - PHP Notice:  Undefined index: class in C:\xampp\htdocs\php_milwa_trading\admin\view\template\gl\journal_voucher_list.tpl on line 19
2022-07-28 9:30:06 - PHP Notice:  Undefined variable: column_right in C:\xampp\htdocs\php_milwa_trading\admin\view\template\gl\journal_voucher_list.tpl on line 82
2022-07-28 9:30:09 - PHP Notice:  Undefined index: journal_voucher_id in C:\xampp\htdocs\php_milwa_trading\system\engine\hcontroller.php on line 223
2022-07-28 9:30:09 - PHP Notice:  Undefined index: journal_voucher_id in C:\xampp\htdocs\php_milwa_trading\system\engine\hcontroller.php on line 224
2022-07-28 9:30:09 - PHP Notice:  Undefined index: journal_voucher_id in C:\xampp\htdocs\php_milwa_trading\admin\controller\gl\journal_voucher.php on line 249
2022-07-28 9:30:09 - PHP Notice:  Undefined index: journal_voucher_id in C:\xampp\htdocs\php_milwa_trading\admin\controller\gl\journal_voucher.php on line 250
2022-07-28 9:30:09 - PHP Notice:  Undefined index: journal_voucher_id in C:\xampp\htdocs\php_milwa_trading\admin\controller\gl\journal_voucher.php on line 251
2022-07-28 9:30:09 - PHP Notice:  Undefined index: journal_voucher_id in C:\xampp\htdocs\php_milwa_trading\admin\controller\gl\journal_voucher.php on line 252
2022-07-28 9:30:09 - PHP Notice:  Undefined variable: href_gl_mapping_account in C:\xampp\htdocs\php_milwa_trading\admin\view\template\common\column_left.tpl on line 66
2022-07-28 9:30:09 - PHP Notice:  Undefined index: gl_mapping_account in C:\xampp\htdocs\php_milwa_trading\admin\view\template\common\column_left.tpl on line 66
2022-07-28 9:30:09 - PHP Notice:  Undefined variable: href_tool_dashboard in C:\xampp\htdocs\php_milwa_trading\admin\view\template\common\column_left.tpl on line 229
2022-07-28 9:30:10 - PHP Notice:  Undefined index: class in C:\xampp\htdocs\php_milwa_trading\admin\view\template\gl\journal_voucher_form.tpl on line 18
2022-07-28 9:30:10 - PHP Notice:  Undefined index: class in C:\xampp\htdocs\php_milwa_trading\admin\view\template\gl\journal_voucher_form.tpl on line 18
2022-07-28 9:30:10 - PHP Notice:  Undefined index: class in C:\xampp\htdocs\php_milwa_trading\admin\view\template\gl\journal_voucher_form.tpl on line 18
2022-07-28 9:30:10 - PHP Notice:  Undefined variable: is_post in C:\xampp\htdocs\php_milwa_trading\admin\view\template\gl\journal_voucher_form.tpl on line 47
2022-07-28 9:30:10 - PHP Notice:  Undefined variable: document_type_id in C:\xampp\htdocs\php_milwa_trading\admin\view\template\gl\journal_voucher_form.tpl on line 75
2022-07-28 9:30:10 - PHP Notice:  Undefined variable: document_id in C:\xampp\htdocs\php_milwa_trading\admin\view\template\gl\journal_voucher_form.tpl on line 76
2022-07-28 9:30:10 - PHP Notice:  Undefined variable: action in C:\xampp\htdocs\php_milwa_trading\admin\view\template\gl\journal_voucher_form.tpl on line 77
2022-07-28 9:30:10 - PHP Notice:  Undefined variable: remarks in C:\xampp\htdocs\php_milwa_trading\admin\view\template\gl\journal_voucher_form.tpl on line 128
2022-07-28 9:30:10 - PHP Notice:  Undefined variable: journal_voucher_details in C:\xampp\htdocs\php_milwa_trading\admin\view\template\gl\journal_voucher_form.tpl on line 160
2022-07-28 9:30:10 - PHP Warning:  Invalid argument supplied for foreach() in C:\xampp\htdocs\php_milwa_trading\admin\view\template\gl\journal_voucher_form.tpl on line 160
2022-07-28 9:30:10 - PHP Notice:  Undefined variable: document_debit in C:\xampp\htdocs\php_milwa_trading\admin\view\template\gl\journal_voucher_form.tpl on line 245
2022-07-28 9:30:10 - PHP Notice:  Undefined variable: document_credit in C:\xampp\htdocs\php_milwa_trading\admin\view\template\gl\journal_voucher_form.tpl on line 251
2022-07-28 9:30:10 - PHP Notice:  Undefined variable: base_debit in C:\xampp\htdocs\php_milwa_trading\admin\view\template\gl\journal_voucher_form.tpl on line 279
2022-07-28 9:30:10 - PHP Notice:  Undefined variable: base_credit in C:\xampp\htdocs\php_milwa_trading\admin\view\template\gl\journal_voucher_form.tpl on line 285
2022-07-28 9:30:10 - PHP Notice:  Undefined variable: is_post in C:\xampp\htdocs\php_milwa_trading\admin\view\template\gl\journal_voucher_form.tpl on line 313
2022-07-28 9:30:10 - PHP Notice:  Undefined index: journal_voucher_id in C:\xampp\htdocs\php_milwa_trading\admin\view\template\gl\journal_voucher_form.tpl on line 346
2022-07-28 9:30:10 - PHP Notice:  Undefined variable: column_right in C:\xampp\htdocs\php_milwa_trading\admin\view\template\gl\journal_voucher_form.tpl on line 356
2022-07-28 9:30:21 - PHP Warning:  mysqli::real_escape_string() expects parameter 1 to be string, array given in C:\xampp\htdocs\php_milwa_trading\system\database\dbmysqli.php on line 93
2022-07-28 9:30:21 - PHP Warning:  A non-numeric value encountered in C:\xampp\htdocs\php_milwa_trading\admin\controller\gl\journal_voucher.php on line 396
2022-07-28 9:30:21 - PHP Warning:  A non-numeric value encountered in C:\xampp\htdocs\php_milwa_trading\admin\controller\gl\journal_voucher.php on line 412
2022-07-28 9:30:21 - PHP Notice:  Undefined index: sub_project_id in C:\xampp\htdocs\php_milwa_trading\admin\controller\gl\journal_voucher.php on line 420
2022-07-28 9:30:21 - PHP Warning:  A non-numeric value encountered in C:\xampp\htdocs\php_milwa_trading\admin\controller\gl\journal_voucher.php on line 395
2022-07-28 9:30:22 - PHP Warning:  A non-numeric value encountered in C:\xampp\htdocs\php_milwa_trading\admin\controller\gl\journal_voucher.php on line 413
2022-07-28 9:30:22 - PHP Notice:  Undefined index: sub_project_id in C:\xampp\htdocs\php_milwa_trading\admin\controller\gl\journal_voucher.php on line 420
2022-07-28 9:30:23 - PHP Notice:  Undefined variable: href_gl_mapping_account in C:\xampp\htdocs\php_milwa_trading\admin\view\template\common\column_left.tpl on line 66
2022-07-28 9:30:23 - PHP Notice:  Undefined index: gl_mapping_account in C:\xampp\htdocs\php_milwa_trading\admin\view\template\common\column_left.tpl on line 66
2022-07-28 9:30:23 - PHP Notice:  Undefined variable: href_tool_dashboard in C:\xampp\htdocs\php_milwa_trading\admin\view\template\common\column_left.tpl on line 229
2022-07-28 9:30:23 - PHP Notice:  Undefined index: class in C:\xampp\htdocs\php_milwa_trading\admin\view\template\gl\journal_voucher_list.tpl on line 19
2022-07-28 9:30:23 - PHP Notice:  Undefined index: class in C:\xampp\htdocs\php_milwa_trading\admin\view\template\gl\journal_voucher_list.tpl on line 19
2022-07-28 9:30:23 - PHP Notice:  Undefined index: class in C:\xampp\htdocs\php_milwa_trading\admin\view\template\gl\journal_voucher_list.tpl on line 19
2022-07-28 9:30:23 - PHP Notice:  Undefined variable: column_right in C:\xampp\htdocs\php_milwa_trading\admin\view\template\gl\journal_voucher_list.tpl on line 82
2022-07-28 9:30:27 - PHP Notice:  Undefined index: ntn_no in C:\xampp\htdocs\php_milwa_trading\admin\controller\gl\journal_voucher.php on line 608
2022-07-28 9:30:28 - PHP Notice:  Undefined index: name in C:\xampp\htdocs\php_milwa_trading\admin\controller\gl\journal_voucher.php on line 698
2022-07-28 9:30:28 - PHP Notice:  Undefined index: name in C:\xampp\htdocs\php_milwa_trading\admin\controller\gl\journal_voucher.php on line 698
2022-07-28 9:40:18 - PHP Notice:  Undefined variable: href_gl_mapping_account in C:\xampp\htdocs\php_milwa_trading\admin\view\template\common\column_left.tpl on line 66
2022-07-28 9:40:19 - PHP Notice:  Undefined index: gl_mapping_account in C:\xampp\htdocs\php_milwa_trading\admin\view\template\common\column_left.tpl on line 66
2022-07-28 9:40:19 - PHP Notice:  Undefined variable: href_tool_dashboard in C:\xampp\htdocs\php_milwa_trading\admin\view\template\common\column_left.tpl on line 229
2022-07-28 9:40:19 - PHP Notice:  Undefined index: class in C:\xampp\htdocs\php_milwa_trading\admin\view\template\inventory\sale_tax_invoice_list.tpl on line 19
2022-07-28 9:40:19 - PHP Notice:  Undefined index: class in C:\xampp\htdocs\php_milwa_trading\admin\view\template\inventory\sale_tax_invoice_list.tpl on line 19
2022-07-28 9:40:19 - PHP Notice:  Undefined index: class in C:\xampp\htdocs\php_milwa_trading\admin\view\template\inventory\sale_tax_invoice_list.tpl on line 19
2022-07-28 9:40:19 - PHP Notice:  Undefined variable: column_right in C:\xampp\htdocs\php_milwa_trading\admin\view\template\inventory\sale_tax_invoice_list.tpl on line 79
2022-07-28 9:40:21 - PHP Notice:  Undefined index: sale_tax_invoice_id in C:\xampp\htdocs\php_milwa_trading\system\engine\hcontroller.php on line 223
2022-07-28 9:40:21 - PHP Notice:  Undefined index: sale_tax_invoice_id in C:\xampp\htdocs\php_milwa_trading\system\engine\hcontroller.php on line 224
2022-07-28 9:40:21 - PHP Notice:  Undefined index: sale_tax_invoice_id in C:\xampp\htdocs\php_milwa_trading\admin\controller\inventory\sale_tax_invoice.php on line 310
2022-07-28 9:40:21 - PHP Notice:  Undefined index: sale_tax_invoice_id in C:\xampp\htdocs\php_milwa_trading\admin\controller\inventory\sale_tax_invoice.php on line 312
2022-07-28 9:40:21 - PHP Notice:  Undefined index: announcement_id in C:\xampp\htdocs\php_milwa_trading\admin\controller\inventory\sale_tax_invoice.php on line 314
2022-07-28 9:40:21 - PHP Notice:  Undefined index: sale_tax_invoice_id in C:\xampp\htdocs\php_milwa_trading\admin\controller\inventory\sale_tax_invoice.php on line 316
2022-07-28 9:40:22 - PHP Notice:  Undefined index: sale_tax_invoice_id in C:\xampp\htdocs\php_milwa_trading\admin\controller\inventory\sale_tax_invoice.php on line 318
2022-07-28 9:40:22 - PHP Notice:  Undefined index: sale_tax_invoice_id in C:\xampp\htdocs\php_milwa_trading\admin\controller\inventory\sale_tax_invoice.php on line 320
2022-07-28 9:40:22 - PHP Notice:  Undefined index: sale_tax_invoice_id in C:\xampp\htdocs\php_milwa_trading\admin\controller\inventory\sale_tax_invoice.php on line 322
2022-07-28 9:40:22 - PHP Notice:  Undefined index: sale_tax_invoice_id in C:\xampp\htdocs\php_milwa_trading\admin\controller\inventory\sale_tax_invoice.php on line 324
2022-07-28 9:40:22 - PHP Notice:  Undefined index: sale_tax_invoice_id in C:\xampp\htdocs\php_milwa_trading\admin\controller\inventory\sale_tax_invoice.php on line 326
2022-07-28 9:40:22 - PHP Notice:  Undefined index: sale_tax_invoice_id in C:\xampp\htdocs\php_milwa_trading\admin\controller\inventory\sale_tax_invoice.php on line 328
2022-07-28 9:40:22 - PHP Notice:  Undefined variable: href_gl_mapping_account in C:\xampp\htdocs\php_milwa_trading\admin\view\template\common\column_left.tpl on line 66
2022-07-28 9:40:22 - PHP Notice:  Undefined index: gl_mapping_account in C:\xampp\htdocs\php_milwa_trading\admin\view\template\common\column_left.tpl on line 66
2022-07-28 9:40:22 - PHP Notice:  Undefined variable: href_tool_dashboard in C:\xampp\htdocs\php_milwa_trading\admin\view\template\common\column_left.tpl on line 229
2022-07-28 9:40:22 - PHP Notice:  Undefined index: class in C:\xampp\htdocs\php_milwa_trading\admin\view\template\inventory\sale_tax_invoice_form.tpl on line 19
2022-07-28 9:40:22 - PHP Notice:  Undefined index: class in C:\xampp\htdocs\php_milwa_trading\admin\view\template\inventory\sale_tax_invoice_form.tpl on line 19
2022-07-28 9:40:22 - PHP Notice:  Undefined index: class in C:\xampp\htdocs\php_milwa_trading\admin\view\template\inventory\sale_tax_invoice_form.tpl on line 19
2022-07-28 9:40:22 - PHP Notice:  Undefined variable: is_post in C:\xampp\htdocs\php_milwa_trading\admin\view\template\inventory\sale_tax_invoice_form.tpl on line 64
2022-07-28 9:40:22 - PHP Notice:  Undefined variable: action in C:\xampp\htdocs\php_milwa_trading\admin\view\template\inventory\sale_tax_invoice_form.tpl on line 92
2022-07-28 9:40:22 - PHP Notice:  Undefined variable: document_type_id in C:\xampp\htdocs\php_milwa_trading\admin\view\template\inventory\sale_tax_invoice_form.tpl on line 94
2022-07-28 9:40:22 - PHP Notice:  Undefined variable: sale_tax_invoice_id in C:\xampp\htdocs\php_milwa_trading\admin\view\template\inventory\sale_tax_invoice_form.tpl on line 95
2022-07-28 9:40:22 - PHP Notice:  Undefined variable: invoice_type in C:\xampp\htdocs\php_milwa_trading\admin\view\template\inventory\sale_tax_invoice_form.tpl on line 126
2022-07-28 9:40:22 - PHP Notice:  Undefined variable: invoice_type in C:\xampp\htdocs\php_milwa_trading\admin\view\template\inventory\sale_tax_invoice_form.tpl on line 134
2022-07-28 9:40:22 - PHP Notice:  Undefined variable: document_identity in C:\xampp\htdocs\php_milwa_trading\admin\view\template\inventory\sale_tax_invoice_form.tpl on line 145
2022-07-28 9:40:22 - PHP Notice:  Undefined variable: manual_ref_no in C:\xampp\htdocs\php_milwa_trading\admin\view\template\inventory\sale_tax_invoice_form.tpl on line 157
2022-07-28 9:40:22 - PHP Notice:  Undefined variable: hs_code in C:\xampp\htdocs\php_milwa_trading\admin\view\template\inventory\sale_tax_invoice_form.tpl on line 163
2022-07-28 9:40:22 - PHP Notice:  Undefined variable: ref_documents in C:\xampp\htdocs\php_milwa_trading\admin\view\template\inventory\sale_tax_invoice_form.tpl on line 206
2022-07-28 9:40:22 - PHP Warning:  Invalid argument supplied for foreach() in C:\xampp\htdocs\php_milwa_trading\admin\view\template\inventory\sale_tax_invoice_form.tpl on line 206
2022-07-28 9:40:22 - PHP Notice:  Undefined variable: po_no in C:\xampp\htdocs\php_milwa_trading\admin\view\template\inventory\sale_tax_invoice_form.tpl on line 261
2022-07-28 9:40:22 - PHP Notice:  Undefined variable: dc_no in C:\xampp\htdocs\php_milwa_trading\admin\view\template\inventory\sale_tax_invoice_form.tpl on line 262
2022-07-28 9:40:22 - PHP Notice:  Undefined variable: po_date in C:\xampp\htdocs\php_milwa_trading\admin\view\template\inventory\sale_tax_invoice_form.tpl on line 269
2022-07-28 9:40:22 - PHP Notice:  Undefined variable: billty_no in C:\xampp\htdocs\php_milwa_trading\admin\view\template\inventory\sale_tax_invoice_form.tpl on line 275
2022-07-28 9:40:22 - PHP Notice:  Undefined variable: billty_date in C:\xampp\htdocs\php_milwa_trading\admin\view\template\inventory\sale_tax_invoice_form.tpl on line 281
2022-07-28 9:40:22 - PHP Notice:  Undefined variable: customer_remarks in C:\xampp\htdocs\php_milwa_trading\admin\view\template\inventory\sale_tax_invoice_form.tpl on line 287
2022-07-28 9:40:22 - PHP Notice:  Undefined variable: remarks in C:\xampp\htdocs\php_milwa_trading\admin\view\template\inventory\sale_tax_invoice_form.tpl on line 293
2022-07-28 9:40:22 - PHP Notice:  Undefined variable: last_rate in C:\xampp\htdocs\php_milwa_trading\admin\view\template\inventory\sale_tax_invoice_form.tpl on line 299
2022-07-28 9:40:22 - PHP Notice:  Undefined variable: sale_tax_invoice_details in C:\xampp\htdocs\php_milwa_trading\admin\view\template\inventory\sale_tax_invoice_form.tpl on line 331
2022-07-28 9:40:22 - PHP Warning:  Invalid argument supplied for foreach() in C:\xampp\htdocs\php_milwa_trading\admin\view\template\inventory\sale_tax_invoice_form.tpl on line 331
2022-07-28 9:40:22 - PHP Notice:  Undefined variable: sale_tax_invoice_details in C:\xampp\htdocs\php_milwa_trading\admin\view\template\inventory\sale_tax_invoice_form.tpl on line 430
2022-07-28 9:40:22 - PHP Warning:  count(): Parameter must be an array or an object that implements Countable in C:\xampp\htdocs\php_milwa_trading\admin\view\template\inventory\sale_tax_invoice_form.tpl on line 430
2022-07-28 9:40:22 - PHP Notice:  Undefined variable: item_amount in C:\xampp\htdocs\php_milwa_trading\admin\view\template\inventory\sale_tax_invoice_form.tpl on line 442
2022-07-28 9:40:22 - PHP Notice:  Undefined variable: item_discount in C:\xampp\htdocs\php_milwa_trading\admin\view\template\inventory\sale_tax_invoice_form.tpl on line 448
2022-07-28 9:40:22 - PHP Notice:  Undefined variable: item_tax in C:\xampp\htdocs\php_milwa_trading\admin\view\template\inventory\sale_tax_invoice_form.tpl on line 454
2022-07-28 9:40:22 - PHP Notice:  Undefined variable: item_total in C:\xampp\htdocs\php_milwa_trading\admin\view\template\inventory\sale_tax_invoice_form.tpl on line 460
2022-07-28 9:40:22 - PHP Notice:  Undefined variable: tax_per in C:\xampp\htdocs\php_milwa_trading\admin\view\template\inventory\sale_tax_invoice_form.tpl on line 468
2022-07-28 9:40:22 - PHP Notice:  Undefined variable: discount_amount in C:\xampp\htdocs\php_milwa_trading\admin\view\template\inventory\sale_tax_invoice_form.tpl on line 474
2022-07-28 9:40:22 - PHP Notice:  Undefined variable: cartage in C:\xampp\htdocs\php_milwa_trading\admin\view\template\inventory\sale_tax_invoice_form.tpl on line 480
2022-07-28 9:40:22 - PHP Notice:  Undefined variable: net_amount in C:\xampp\htdocs\php_milwa_trading\admin\view\template\inventory\sale_tax_invoice_form.tpl on line 486
2022-07-28 9:40:22 - PHP Notice:  Undefined variable: cash_received in C:\xampp\htdocs\php_milwa_trading\admin\view\template\inventory\sale_tax_invoice_form.tpl on line 494
2022-07-28 9:40:22 - PHP Notice:  Undefined variable: balance_amount in C:\xampp\htdocs\php_milwa_trading\admin\view\template\inventory\sale_tax_invoice_form.tpl on line 500
2022-07-28 9:40:22 - PHP Notice:  Undefined variable: is_post in C:\xampp\htdocs\php_milwa_trading\admin\view\template\inventory\sale_tax_invoice_form.tpl on line 544
2022-07-28 9:40:22 - PHP Notice:  Undefined variable: isEdit in C:\xampp\htdocs\php_milwa_trading\admin\view\template\inventory\sale_tax_invoice_form.tpl on line 566
2022-07-28 9:40:22 - PHP Notice:  Undefined variable: sale_type in C:\xampp\htdocs\php_milwa_trading\admin\view\template\inventory\sale_tax_invoice_form.tpl on line 568
2022-07-28 9:40:22 - PHP Notice:  Undefined variable: partner_id in C:\xampp\htdocs\php_milwa_trading\admin\view\template\inventory\sale_tax_invoice_form.tpl on line 571
2022-07-28 9:40:23 - PHP Notice:  Undefined variable: products in C:\xampp\htdocs\php_milwa_trading\admin\view\template\inventory\sale_tax_invoice_form.tpl on line 580
2022-07-28 9:40:23 - PHP Notice:  Undefined index: sale_tax_invoice_id in C:\xampp\htdocs\php_milwa_trading\admin\view\template\inventory\sale_tax_invoice_form.tpl on line 637
2022-07-28 9:40:23 - PHP Notice:  Undefined variable: column_right in C:\xampp\htdocs\php_milwa_trading\admin\view\template\inventory\sale_tax_invoice_form.tpl on line 722
2022-07-28 9:40:43 - PHP Notice:  Undefined variable: href_gl_mapping_account in C:\xampp\htdocs\php_milwa_trading\admin\view\template\common\column_left.tpl on line 66
2022-07-28 9:40:43 - PHP Notice:  Undefined index: gl_mapping_account in C:\xampp\htdocs\php_milwa_trading\admin\view\template\common\column_left.tpl on line 66
2022-07-28 9:40:43 - PHP Notice:  Undefined variable: href_tool_dashboard in C:\xampp\htdocs\php_milwa_trading\admin\view\template\common\column_left.tpl on line 229
2022-07-28 9:40:43 - PHP Notice:  Undefined index: class in C:\xampp\htdocs\php_milwa_trading\admin\view\template\inventory\sale_tax_invoice_list.tpl on line 19
2022-07-28 9:40:43 - PHP Notice:  Undefined index: class in C:\xampp\htdocs\php_milwa_trading\admin\view\template\inventory\sale_tax_invoice_list.tpl on line 19
2022-07-28 9:40:43 - PHP Notice:  Undefined index: class in C:\xampp\htdocs\php_milwa_trading\admin\view\template\inventory\sale_tax_invoice_list.tpl on line 19
2022-07-28 9:40:43 - PHP Notice:  Undefined variable: column_right in C:\xampp\htdocs\php_milwa_trading\admin\view\template\inventory\sale_tax_invoice_list.tpl on line 79
2022-07-28 9:41:28 - PHP Warning:  Invalid argument supplied for foreach() in C:\xampp\htdocs\php_milwa_trading\admin\controller\inventory\sale_tax_invoice.php on line 2415
2022-07-28 9:41:29 - PHP Notice:  Undefined offset: 0 in C:\xampp\htdocs\php_milwa_trading\system\helper\utility.php on line 397
2022-07-28 9:41:29 - PHP Notice:  Undefined offset: 1 in C:\xampp\htdocs\php_milwa_trading\admin\controller\inventory\sale_tax_invoice.php on line 2549
2022-07-28 10:10:30 - PHP Warning:  Declaration of ControllerInventoryDeliveryChallan::validateDelete($primary_key) should be compatible with HController::validateDelete($id = '') in C:\xampp\htdocs\php_milwa_trading\admin\controller\inventory\delivery_challan.php on line 1694
2022-07-28 10:10:30 - PHP Notice:  Undefined variable: href_gl_mapping_account in C:\xampp\htdocs\php_milwa_trading\admin\view\template\common\column_left.tpl on line 66
2022-07-28 10:10:30 - PHP Notice:  Undefined index: gl_mapping_account in C:\xampp\htdocs\php_milwa_trading\admin\view\template\common\column_left.tpl on line 66
2022-07-28 10:10:30 - PHP Notice:  Undefined variable: href_tool_dashboard in C:\xampp\htdocs\php_milwa_trading\admin\view\template\common\column_left.tpl on line 229
2022-07-28 10:10:30 - PHP Notice:  Undefined index: class in C:\xampp\htdocs\php_milwa_trading\admin\view\template\inventory\delivery_challan_list.tpl on line 19
2022-07-28 10:10:30 - PHP Notice:  Undefined index: class in C:\xampp\htdocs\php_milwa_trading\admin\view\template\inventory\delivery_challan_list.tpl on line 19
2022-07-28 10:10:30 - PHP Notice:  Undefined index: class in C:\xampp\htdocs\php_milwa_trading\admin\view\template\inventory\delivery_challan_list.tpl on line 19
2022-07-28 10:10:30 - PHP Notice:  Undefined variable: column_right in C:\xampp\htdocs\php_milwa_trading\admin\view\template\inventory\delivery_challan_list.tpl on line 79
2022-07-28 10:10:31 - PHP Warning:  Declaration of ControllerInventoryDeliveryChallan::validateDelete($primary_key) should be compatible with HController::validateDelete($id = '') in C:\xampp\htdocs\php_milwa_trading\admin\controller\inventory\delivery_challan.php on line 1694
2022-07-28 10:10:31 - PHP Notice:  Undefined index: is_post in C:\xampp\htdocs\php_milwa_trading\admin\controller\inventory\delivery_challan.php on line 126
2022-07-28 10:10:31 - PHP Notice:  Undefined index: is_post in C:\xampp\htdocs\php_milwa_trading\admin\controller\inventory\delivery_challan.php on line 126
2022-07-28 10:10:31 - PHP Notice:  Undefined index: return_qty in C:\xampp\htdocs\php_milwa_trading\admin\controller\inventory\delivery_challan.php on line 172
2022-07-28 10:10:31 - PHP Notice:  Undefined index: is_post in C:\xampp\htdocs\php_milwa_trading\admin\controller\inventory\delivery_challan.php on line 126
2022-07-28 10:10:31 - PHP Notice:  Undefined index: is_post in C:\xampp\htdocs\php_milwa_trading\admin\controller\inventory\delivery_challan.php on line 126
2022-07-28 10:10:31 - PHP Notice:  Undefined index: return_qty in C:\xampp\htdocs\php_milwa_trading\admin\controller\inventory\delivery_challan.php on line 172
2022-07-28 10:10:34 - PHP Warning:  Declaration of ControllerInventoryDeliveryChallan::validateDelete($primary_key) should be compatible with HController::validateDelete($id = '') in C:\xampp\htdocs\php_milwa_trading\admin\controller\inventory\delivery_challan.php on line 1694
2022-07-28 10:10:35 - PHP Notice:  Undefined index: customer_unit in C:\xampp\htdocs\php_milwa_trading\admin\controller\inventory\delivery_challan.php on line 1582
2022-07-28 10:10:35 - PHP Notice:  Undefined offset: 0 in C:\xampp\htdocs\php_milwa_trading\system\helper\utility.php on line 397
2022-07-28 10:10:35 - PHP Notice:  Undefined offset: 0 in C:\xampp\htdocs\php_milwa_trading\system\helper\utility.php on line 397
2022-07-28 10:10:37 - PHP Warning:  Declaration of ControllerInventoryDeliveryChallan::validateDelete($primary_key) should be compatible with HController::validateDelete($id = '') in C:\xampp\htdocs\php_milwa_trading\admin\controller\inventory\delivery_challan.php on line 1694
2022-07-28 10:10:38 - PHP Notice:  Undefined index: ref_document_id in C:\xampp\htdocs\php_milwa_trading\admin\controller\inventory\delivery_challan.php on line 282
2022-07-28 10:10:38 - PHP Notice:  Undefined index: ref_document_id in C:\xampp\htdocs\php_milwa_trading\admin\controller\inventory\delivery_challan.php on line 282
2022-07-28 10:10:38 - PHP Notice:  Undefined index: restrict_out_of_stock in C:\xampp\htdocs\php_milwa_trading\admin\controller\inventory\delivery_challan.php on line 288
2022-07-28 10:10:38 - PHP Notice:  Undefined variable: href_gl_mapping_account in C:\xampp\htdocs\php_milwa_trading\admin\view\template\common\column_left.tpl on line 66
2022-07-28 10:10:38 - PHP Notice:  Undefined index: gl_mapping_account in C:\xampp\htdocs\php_milwa_trading\admin\view\template\common\column_left.tpl on line 66
2022-07-28 10:10:38 - PHP Notice:  Undefined variable: href_tool_dashboard in C:\xampp\htdocs\php_milwa_trading\admin\view\template\common\column_left.tpl on line 229
2022-07-28 10:10:38 - PHP Notice:  Undefined index: class in C:\xampp\htdocs\php_milwa_trading\admin\view\template\inventory\delivery_challan_form.tpl on line 18
2022-07-28 10:10:38 - PHP Notice:  Undefined index: class in C:\xampp\htdocs\php_milwa_trading\admin\view\template\inventory\delivery_challan_form.tpl on line 18
2022-07-28 10:10:38 - PHP Notice:  Undefined index: class in C:\xampp\htdocs\php_milwa_trading\admin\view\template\inventory\delivery_challan_form.tpl on line 18
2022-07-28 10:10:38 - PHP Notice:  Undefined variable: action in C:\xampp\htdocs\php_milwa_trading\admin\view\template\inventory\delivery_challan_form.tpl on line 84
2022-07-28 10:10:38 - PHP Notice:  Undefined variable: partner_types in C:\xampp\htdocs\php_milwa_trading\admin\view\template\inventory\delivery_challan_form.tpl on line 125
2022-07-28 10:10:38 - PHP Warning:  Invalid argument supplied for foreach() in C:\xampp\htdocs\php_milwa_trading\admin\view\template\inventory\delivery_challan_form.tpl on line 125
2022-07-28 10:10:38 - PHP Notice:  Undefined variable: customers in C:\xampp\htdocs\php_milwa_trading\admin\view\template\inventory\delivery_challan_form.tpl on line 172
2022-07-28 10:10:38 - PHP Warning:  Invalid argument supplied for foreach() in C:\xampp\htdocs\php_milwa_trading\admin\view\template\inventory\delivery_challan_form.tpl on line 172
2022-07-28 10:10:38 - PHP Notice:  Undefined variable: ref_documents in C:\xampp\htdocs\php_milwa_trading\admin\view\template\inventory\delivery_challan_form.tpl on line 193
2022-07-28 10:10:38 - PHP Warning:  Invalid argument supplied for foreach() in C:\xampp\htdocs\php_milwa_trading\admin\view\template\inventory\delivery_challan_form.tpl on line 193
2022-07-28 10:10:38 - PHP Notice:  Undefined variable: last_rate in C:\xampp\htdocs\php_milwa_trading\admin\view\template\inventory\delivery_challan_form.tpl on line 234
2022-07-28 10:10:38 - PHP Notice:  Undefined index: ref_document_id in C:\xampp\htdocs\php_milwa_trading\admin\view\template\inventory\delivery_challan_form.tpl on line 269
2022-07-28 10:10:38 - PHP Notice:  Undefined index: ref_document_id in C:\xampp\htdocs\php_milwa_trading\admin\view\template\inventory\delivery_challan_form.tpl on line 269
2022-07-28 10:10:38 - PHP Notice:  Undefined variable: ref_document_id in C:\xampp\htdocs\php_milwa_trading\admin\view\template\inventory\delivery_challan_form.tpl on line 413
2022-07-28 10:10:38 - PHP Notice:  Undefined variable: column_right in C:\xampp\htdocs\php_milwa_trading\admin\view\template\inventory\delivery_challan_form.tpl on line 519
2022-07-28 12:23:09 - PHP Notice:  Undefined index: db_name in C:\xampp\htdocs\php_milwa_trading\system\engine\hmodel.php on line 12
2022-07-28 12:23:11 - PHP Warning:  Invalid argument supplied for foreach() in C:\xampp\htdocs\php_milwa_trading\admin\view\template\common\preset.tpl on line 52
2022-07-28 12:23:17 - PHP Notice:  Undefined index: db_name in C:\xampp\htdocs\php_milwa_trading\system\engine\hmodel.php on line 12
2022-07-28 12:23:17 - PHP Notice:  Undefined index: case_id in C:\xampp\htdocs\php_milwa_trading\admin\controller\common\home.php on line 55
2022-07-28 12:23:17 - PHP Notice:  Undefined index: case_id in C:\xampp\htdocs\php_milwa_trading\admin\controller\common\home.php on line 56
2022-07-28 12:23:18 - PHP Notice:  Undefined variable: href_gl_mapping_account in C:\xampp\htdocs\php_milwa_trading\admin\view\template\common\column_left.tpl on line 66
2022-07-28 12:23:18 - PHP Notice:  Undefined index: gl_mapping_account in C:\xampp\htdocs\php_milwa_trading\admin\view\template\common\column_left.tpl on line 66
2022-07-28 12:23:18 - PHP Notice:  Undefined variable: href_tool_dashboard in C:\xampp\htdocs\php_milwa_trading\admin\view\template\common\column_left.tpl on line 229
2022-07-28 12:23:19 - PHP Notice:  Undefined variable: bank_receipts in C:\xampp\htdocs\php_milwa_trading\admin\view\template\common\home.tpl on line 258
2022-07-28 12:23:19 - PHP Warning:  Invalid argument supplied for foreach() in C:\xampp\htdocs\php_milwa_trading\admin\view\template\common\home.tpl on line 258
2022-07-28 12:26:33 - PHP Notice:  Undefined variable: href_gl_mapping_account in C:\xampp\htdocs\php_milwa_trading\admin\view\template\common\column_left.tpl on line 66
2022-07-28 12:26:33 - PHP Notice:  Undefined index: gl_mapping_account in C:\xampp\htdocs\php_milwa_trading\admin\view\template\common\column_left.tpl on line 66
2022-07-28 12:26:33 - PHP Notice:  Undefined variable: href_tool_dashboard in C:\xampp\htdocs\php_milwa_trading\admin\view\template\common\column_left.tpl on line 229
2022-07-28 12:26:33 - PHP Notice:  Undefined index: class in C:\xampp\htdocs\php_milwa_trading\admin\view\template\gl\payments_list.tpl on line 19
2022-07-28 12:26:33 - PHP Notice:  Undefined index: class in C:\xampp\htdocs\php_milwa_trading\admin\view\template\gl\payments_list.tpl on line 19
2022-07-28 12:26:33 - PHP Notice:  Undefined index: class in C:\xampp\htdocs\php_milwa_trading\admin\view\template\gl\payments_list.tpl on line 19
2022-07-28 12:26:33 - PHP Notice:  Undefined variable: column_right in C:\xampp\htdocs\php_milwa_trading\admin\view\template\gl\payments_list.tpl on line 79
2022-07-28 12:26:37 - PHP Notice:  Undefined index: dc_no in C:\xampp\htdocs\php_milwa_trading\admin\controller\gl\payments.php on line 925
2022-07-28 12:26:37 - PHP Notice:  Undefined index: ref_document_identity in C:\xampp\htdocs\php_milwa_trading\admin\controller\gl\payments.php on line 928
2022-07-28 12:26:37 - PHP Notice:  Undefined index: ref_document_type_id in C:\xampp\htdocs\php_milwa_trading\admin\controller\gl\payments.php on line 929
2022-07-28 12:28:55 - PHP Notice:  Undefined index: dc_no in C:\xampp\htdocs\php_milwa_trading\admin\controller\gl\payments.php on line 925
2022-07-28 12:28:55 - PHP Notice:  Undefined index: ref_document_identity in C:\xampp\htdocs\php_milwa_trading\admin\controller\gl\payments.php on line 928
2022-07-28 12:28:55 - PHP Notice:  Undefined index: ref_document_type_id in C:\xampp\htdocs\php_milwa_trading\admin\controller\gl\payments.php on line 929
2022-07-28 12:29:09 - PHP Notice:  Undefined index: dc_no in C:\xampp\htdocs\php_milwa_trading\admin\controller\gl\payments.php on line 925
2022-07-28 12:29:09 - PHP Notice:  Undefined index: ref_document_identity in C:\xampp\htdocs\php_milwa_trading\admin\controller\gl\payments.php on line 928
2022-07-28 12:29:09 - PHP Notice:  Undefined index: ref_document_type_id in C:\xampp\htdocs\php_milwa_trading\admin\controller\gl\payments.php on line 929
2022-07-28 12:29:48 - PHP Notice:  Undefined index: dc_no in C:\xampp\htdocs\php_milwa_trading\admin\controller\gl\payments.php on line 925
2022-07-28 12:29:48 - PHP Notice:  Undefined index: ref_document_identity in C:\xampp\htdocs\php_milwa_trading\admin\controller\gl\payments.php on line 928
2022-07-28 12:29:48 - PHP Notice:  Undefined index: ref_document_type_id in C:\xampp\htdocs\php_milwa_trading\admin\controller\gl\payments.php on line 929
2022-07-28 12:29:59 - PHP Notice:  Undefined index: dc_no in C:\xampp\htdocs\php_milwa_trading\admin\controller\gl\payments.php on line 925
2022-07-28 12:29:59 - PHP Notice:  Undefined index: ref_document_identity in C:\xampp\htdocs\php_milwa_trading\admin\controller\gl\payments.php on line 928
2022-07-28 12:29:59 - PHP Notice:  Undefined index: ref_document_type_id in C:\xampp\htdocs\php_milwa_trading\admin\controller\gl\payments.php on line 929
2022-07-28 12:30:40 - PHP Notice:  Undefined index: dc_no in C:\xampp\htdocs\php_milwa_trading\admin\controller\gl\payments.php on line 925
2022-07-28 12:30:41 - PHP Notice:  Undefined index: ref_document_identity in C:\xampp\htdocs\php_milwa_trading\admin\controller\gl\payments.php on line 928
2022-07-28 12:30:41 - PHP Notice:  Undefined index: ref_document_type_id in C:\xampp\htdocs\php_milwa_trading\admin\controller\gl\payments.php on line 929
2022-07-28 12:32:00 - PHP Notice:  Undefined variable: href_gl_mapping_account in C:\xampp\htdocs\php_milwa_trading\admin\view\template\common\column_left.tpl on line 66
2022-07-28 12:32:00 - PHP Notice:  Undefined index: gl_mapping_account in C:\xampp\htdocs\php_milwa_trading\admin\view\template\common\column_left.tpl on line 66
2022-07-28 12:32:00 - PHP Notice:  Undefined variable: href_tool_dashboard in C:\xampp\htdocs\php_milwa_trading\admin\view\template\common\column_left.tpl on line 229
2022-07-28 12:32:00 - PHP Notice:  Undefined index: class in C:\xampp\htdocs\php_milwa_trading\admin\view\template\gl\receipts_list.tpl on line 19
2022-07-28 12:32:00 - PHP Notice:  Undefined index: class in C:\xampp\htdocs\php_milwa_trading\admin\view\template\gl\receipts_list.tpl on line 19
2022-07-28 12:32:00 - PHP Notice:  Undefined index: class in C:\xampp\htdocs\php_milwa_trading\admin\view\template\gl\receipts_list.tpl on line 19
2022-07-28 12:32:00 - PHP Notice:  Undefined variable: column_right in C:\xampp\htdocs\php_milwa_trading\admin\view\template\gl\receipts_list.tpl on line 79
2022-07-28 12:32:08 - PHP Notice:  Undefined index: cost_center_name in C:\xampp\htdocs\php_milwa_trading\admin\controller\gl\receipts.php on line 959
2022-07-28 12:32:59 - PHP Notice:  Undefined index: cost_center_name in C:\xampp\htdocs\php_milwa_trading\admin\controller\gl\receipts.php on line 959
2022-07-28 12:33:23 - PHP Notice:  Undefined variable: href_gl_mapping_account in C:\xampp\htdocs\php_milwa_trading\admin\view\template\common\column_left.tpl on line 66
2022-07-28 12:33:23 - PHP Notice:  Undefined index: gl_mapping_account in C:\xampp\htdocs\php_milwa_trading\admin\view\template\common\column_left.tpl on line 66
2022-07-28 12:33:23 - PHP Notice:  Undefined variable: href_tool_dashboard in C:\xampp\htdocs\php_milwa_trading\admin\view\template\common\column_left.tpl on line 229
2022-07-28 12:33:23 - PHP Notice:  Undefined index: class in C:\xampp\htdocs\php_milwa_trading\admin\view\template\gl\fund_transfer_list.tpl on line 19
2022-07-28 12:33:23 - PHP Notice:  Undefined index: class in C:\xampp\htdocs\php_milwa_trading\admin\view\template\gl\fund_transfer_list.tpl on line 19
2022-07-28 12:33:23 - PHP Notice:  Undefined index: class in C:\xampp\htdocs\php_milwa_trading\admin\view\template\gl\fund_transfer_list.tpl on line 19
2022-07-28 12:33:23 - PHP Notice:  Undefined variable: column_right in C:\xampp\htdocs\php_milwa_trading\admin\view\template\gl\fund_transfer_list.tpl on line 79
2022-07-28 12:33:27 - PHP Notice:  Undefined index: cost_center_name in C:\xampp\htdocs\php_milwa_trading\admin\controller\gl\fund_transfer.php on line 916
2022-07-28 12:34:14 - PHP Notice:  Undefined index: cost_center_name in C:\xampp\htdocs\php_milwa_trading\admin\controller\gl\fund_transfer.php on line 916
2022-07-28 12:34:36 - PHP Notice:  Undefined variable: href_gl_mapping_account in C:\xampp\htdocs\php_milwa_trading\admin\view\template\common\column_left.tpl on line 66
2022-07-28 12:34:36 - PHP Notice:  Undefined index: gl_mapping_account in C:\xampp\htdocs\php_milwa_trading\admin\view\template\common\column_left.tpl on line 66
2022-07-28 12:34:36 - PHP Notice:  Undefined variable: href_tool_dashboard in C:\xampp\htdocs\php_milwa_trading\admin\view\template\common\column_left.tpl on line 229
2022-07-28 12:34:37 - PHP Notice:  Undefined index: class in C:\xampp\htdocs\php_milwa_trading\admin\view\template\gl\journal_voucher_list.tpl on line 19
2022-07-28 12:34:37 - PHP Notice:  Undefined index: class in C:\xampp\htdocs\php_milwa_trading\admin\view\template\gl\journal_voucher_list.tpl on line 19
2022-07-28 12:34:37 - PHP Notice:  Undefined index: class in C:\xampp\htdocs\php_milwa_trading\admin\view\template\gl\journal_voucher_list.tpl on line 19
2022-07-28 12:34:37 - PHP Notice:  Undefined variable: column_right in C:\xampp\htdocs\php_milwa_trading\admin\view\template\gl\journal_voucher_list.tpl on line 82
2022-07-28 12:34:41 - PHP Notice:  Undefined index: ntn_no in C:\xampp\htdocs\php_milwa_trading\admin\controller\gl\journal_voucher.php on line 608
2022-07-28 12:34:42 - PHP Notice:  Undefined index: name in C:\xampp\htdocs\php_milwa_trading\admin\controller\gl\journal_voucher.php on line 698
2022-07-28 12:34:42 - PHP Notice:  Undefined index: name in C:\xampp\htdocs\php_milwa_trading\admin\controller\gl\journal_voucher.php on line 698
2022-07-28 12:35:15 - PHP Notice:  Undefined index: ntn_no in C:\xampp\htdocs\php_milwa_trading\admin\controller\gl\journal_voucher.php on line 608
2022-07-28 12:35:16 - PHP Notice:  Undefined index: name in C:\xampp\htdocs\php_milwa_trading\admin\controller\gl\journal_voucher.php on line 698
2022-07-28 12:35:16 - PHP Notice:  Undefined index: name in C:\xampp\htdocs\php_milwa_trading\admin\controller\gl\journal_voucher.php on line 698
2022-07-28 12:35:31 - PHP Notice:  Undefined variable: href_gl_mapping_account in C:\xampp\htdocs\php_milwa_trading\admin\view\template\common\column_left.tpl on line 66
2022-07-28 12:35:31 - PHP Notice:  Undefined index: gl_mapping_account in C:\xampp\htdocs\php_milwa_trading\admin\view\template\common\column_left.tpl on line 66
2022-07-28 12:35:31 - PHP Notice:  Undefined variable: href_tool_dashboard in C:\xampp\htdocs\php_milwa_trading\admin\view\template\common\column_left.tpl on line 229
2022-07-28 12:35:32 - PHP Notice:  Undefined index: class in C:\xampp\htdocs\php_milwa_trading\admin\view\template\gl\opening_account_list.tpl on line 19
2022-07-28 12:35:32 - PHP Notice:  Undefined index: class in C:\xampp\htdocs\php_milwa_trading\admin\view\template\gl\opening_account_list.tpl on line 19
2022-07-28 12:35:32 - PHP Notice:  Undefined index: class in C:\xampp\htdocs\php_milwa_trading\admin\view\template\gl\opening_account_list.tpl on line 19
2022-07-28 12:35:32 - PHP Notice:  Undefined variable: column_right in C:\xampp\htdocs\php_milwa_trading\admin\view\template\gl\opening_account_list.tpl on line 76
2022-07-28 12:35:37 - PHP Notice:  Undefined index: total_price_pkr in C:\xampp\htdocs\php_milwa_trading\admin\controller\gl\opening_account.php on line 647
2022-07-28 12:35:37 - PHP Notice:  Undefined index: sales_tax in C:\xampp\htdocs\php_milwa_trading\admin\controller\gl\opening_account.php on line 649
2022-07-28 12:35:37 - PHP Notice:  Undefined index: additional_sales_tax in C:\xampp\htdocs\php_milwa_trading\admin\controller\gl\opening_account.php on line 649
2022-07-28 12:35:37 - PHP Notice:  Undefined index: income_tax in C:\xampp\htdocs\php_milwa_trading\admin\controller\gl\opening_account.php on line 649
2022-07-28 12:35:37 - PHP Notice:  Undefined index: total_price_pkr in C:\xampp\htdocs\php_milwa_trading\admin\controller\gl\opening_account.php on line 650
2022-07-28 12:35:37 - PHP Notice:  Undefined index: sales_tax in C:\xampp\htdocs\php_milwa_trading\admin\controller\gl\opening_account.php on line 650
2022-07-28 12:35:37 - PHP Notice:  Undefined index: additional_sales_tax in C:\xampp\htdocs\php_milwa_trading\admin\controller\gl\opening_account.php on line 650
2022-07-28 12:35:37 - PHP Notice:  Undefined index: income_tax in C:\xampp\htdocs\php_milwa_trading\admin\controller\gl\opening_account.php on line 650
2022-07-28 12:35:37 - PHP Notice:  Undefined index: total_price_pkr in C:\xampp\htdocs\php_milwa_trading\admin\controller\gl\opening_account.php on line 647
2022-07-28 12:35:37 - PHP Notice:  Undefined index: sales_tax in C:\xampp\htdocs\php_milwa_trading\admin\controller\gl\opening_account.php on line 649
2022-07-28 12:35:37 - PHP Notice:  Undefined index: additional_sales_tax in C:\xampp\htdocs\php_milwa_trading\admin\controller\gl\opening_account.php on line 649
2022-07-28 12:35:37 - PHP Notice:  Undefined index: income_tax in C:\xampp\htdocs\php_milwa_trading\admin\controller\gl\opening_account.php on line 649
2022-07-28 12:35:37 - PHP Notice:  Undefined index: total_price_pkr in C:\xampp\htdocs\php_milwa_trading\admin\controller\gl\opening_account.php on line 650
2022-07-28 12:35:37 - PHP Notice:  Undefined index: sales_tax in C:\xampp\htdocs\php_milwa_trading\admin\controller\gl\opening_account.php on line 650
2022-07-28 12:35:37 - PHP Notice:  Undefined index: additional_sales_tax in C:\xampp\htdocs\php_milwa_trading\admin\controller\gl\opening_account.php on line 650
2022-07-28 12:35:37 - PHP Notice:  Undefined index: income_tax in C:\xampp\htdocs\php_milwa_trading\admin\controller\gl\opening_account.php on line 650
