2022-07-04 8:48:59 - PHP Notice:  Undefined index: from_time in C:\xampp\htdocs\php_milwa_trading\admin\controller\common\login.php on line 102
2022-07-04 8:48:59 - PHP Notice:  Undefined index: to_time in C:\xampp\htdocs\php_milwa_trading\admin\controller\common\login.php on line 103
2022-07-04 8:49:05 - PHP Notice:  Undefined index: db_name in C:\xampp\htdocs\php_milwa_trading\system\engine\hmodel.php on line 12
2022-07-04 8:49:05 - PHP Warning:  Invalid argument supplied for foreach() in C:\xampp\htdocs\php_milwa_trading\admin\view\template\common\preset.tpl on line 52
2022-07-04 8:49:07 - PHP Notice:  Undefined index: db_name in C:\xampp\htdocs\php_milwa_trading\system\engine\hmodel.php on line 12
2022-07-04 8:49:07 - PHP Notice:  Undefined index: fiscal_year_id in C:\xampp\htdocs\php_milwa_trading\admin\controller\common\preset.php on line 165
2022-07-04 8:49:07 - PHP Warning:  Invalid argument supplied for foreach() in C:\xampp\htdocs\php_milwa_trading\admin\view\template\common\preset.tpl on line 52
2022-07-04 8:49:09 - PHP Notice:  Undefined index: db_name in C:\xampp\htdocs\php_milwa_trading\system\engine\hmodel.php on line 12
2022-07-04 8:49:09 - PHP Notice:  Undefined index: case_id in C:\xampp\htdocs\php_milwa_trading\admin\controller\common\home.php on line 55
2022-07-04 8:49:09 - PHP Notice:  Undefined index: case_id in C:\xampp\htdocs\php_milwa_trading\admin\controller\common\home.php on line 56
2022-07-04 8:49:11 - PHP Notice:  Undefined variable: href_gl_mapping_account in C:\xampp\htdocs\php_milwa_trading\admin\view\template\common\column_left.tpl on line 66
2022-07-04 8:49:11 - PHP Notice:  Undefined index: gl_mapping_account in C:\xampp\htdocs\php_milwa_trading\admin\view\template\common\column_left.tpl on line 66
2022-07-04 8:49:11 - PHP Notice:  Undefined variable: href_tool_dashboard in C:\xampp\htdocs\php_milwa_trading\admin\view\template\common\column_left.tpl on line 229
2022-07-04 8:49:12 - PHP Notice:  Undefined variable: sale_order_details in C:\xampp\htdocs\php_milwa_trading\admin\view\template\common\home.tpl on line 174
2022-07-04 8:49:12 - PHP Warning:  Invalid argument supplied for foreach() in C:\xampp\htdocs\php_milwa_trading\admin\view\template\common\home.tpl on line 174
2022-07-04 8:49:12 - PHP Notice:  Undefined variable: bank_receipts in C:\xampp\htdocs\php_milwa_trading\admin\view\template\common\home.tpl on line 258
2022-07-04 8:49:12 - PHP Warning:  Invalid argument supplied for foreach() in C:\xampp\htdocs\php_milwa_trading\admin\view\template\common\home.tpl on line 258
2022-07-04 8:49:18 - PHP Notice:  Undefined index: customer_unit in C:\xampp\htdocs\php_milwa_trading\admin\controller\inventory\sale_return.php on line 1310
2022-07-04 8:49:18 - PHP Notice:  Undefined offset: 0 in C:\xampp\htdocs\php_milwa_trading\system\helper\utility.php on line 397
2022-07-04 9:51:12 - PHP Notice:  Undefined variable: href_gl_mapping_account in C:\xampp\htdocs\php_milwa_trading\admin\view\template\common\column_left.tpl on line 66
2022-07-04 9:51:12 - PHP Notice:  Undefined index: gl_mapping_account in C:\xampp\htdocs\php_milwa_trading\admin\view\template\common\column_left.tpl on line 66
2022-07-04 9:51:12 - PHP Notice:  Undefined variable: href_tool_dashboard in C:\xampp\htdocs\php_milwa_trading\admin\view\template\common\column_left.tpl on line 229
2022-07-04 9:51:13 - PHP Notice:  Undefined index: class in C:\xampp\htdocs\php_milwa_trading\admin\view\template\report\stock.tpl on line 18
2022-07-04 9:51:13 - PHP Notice:  Undefined index: class in C:\xampp\htdocs\php_milwa_trading\admin\view\template\report\stock.tpl on line 18
2022-07-04 9:51:13 - PHP Notice:  Undefined index: class in C:\xampp\htdocs\php_milwa_trading\admin\view\template\report\stock.tpl on line 18
2022-07-04 9:51:13 - PHP Notice:  Undefined variable: container_no in C:\xampp\htdocs\php_milwa_trading\admin\view\template\report\stock.tpl on line 89
2022-07-04 9:51:13 - PHP Notice:  Undefined variable: href_print_excel in C:\xampp\htdocs\php_milwa_trading\admin\view\template\report\stock.tpl on line 191
2022-07-04 9:51:13 - PHP Notice:  Undefined variable: column_right in C:\xampp\htdocs\php_milwa_trading\admin\view\template\report\stock.tpl on line 277
2022-07-04 9:54:29 - PHP Notice:  Undefined index: product_id in C:\xampp\htdocs\php_milwa_trading\admin\controller\report\stock.php on line 1118
2022-07-04 9:54:29 - PHP Notice:  Undefined index: brand_id in C:\xampp\htdocs\php_milwa_trading\admin\controller\report\stock.php on line 1126
2022-07-04 9:54:29 - PHP Notice:  Undefined index: brand in C:\xampp\htdocs\php_milwa_trading\admin\controller\report\stock.php on line 1138
2022-07-04 9:54:29 - PHP Notice:  Undefined index: container_no in C:\xampp\htdocs\php_milwa_trading\admin\controller\report\stock.php on line 1139
2022-07-04 9:54:30 - PHP Notice:  Undefined index: batch_no in C:\xampp\htdocs\php_milwa_trading\admin\controller\report\stock.php on line 1140
2022-07-04 9:54:30 - PHP Notice:  Undefined index: brand in C:\xampp\htdocs\php_milwa_trading\admin\controller\report\stock.php on line 1138
2022-07-04 9:54:30 - PHP Notice:  Undefined index: container_no in C:\xampp\htdocs\php_milwa_trading\admin\controller\report\stock.php on line 1139
2022-07-04 9:54:30 - PHP Notice:  Undefined index: batch_no in C:\xampp\htdocs\php_milwa_trading\admin\controller\report\stock.php on line 1140
2022-07-04 9:54:30 - PHP Notice:  Undefined index: brand in C:\xampp\htdocs\php_milwa_trading\admin\controller\report\stock.php on line 1138
2022-07-04 9:54:30 - PHP Notice:  Undefined index: container_no in C:\xampp\htdocs\php_milwa_trading\admin\controller\report\stock.php on line 1139
2022-07-04 9:54:30 - PHP Notice:  Undefined index: batch_no in C:\xampp\htdocs\php_milwa_trading\admin\controller\report\stock.php on line 1140
2022-07-04 9:54:30 - PHP Notice:  Undefined index: brand in C:\xampp\htdocs\php_milwa_trading\admin\controller\report\stock.php on line 1138
2022-07-04 9:54:30 - PHP Notice:  Undefined index: container_no in C:\xampp\htdocs\php_milwa_trading\admin\controller\report\stock.php on line 1139
2022-07-04 9:54:30 - PHP Notice:  Undefined index: batch_no in C:\xampp\htdocs\php_milwa_trading\admin\controller\report\stock.php on line 1140
2022-07-04 9:54:30 - PHP Notice:  Undefined index: brand in C:\xampp\htdocs\php_milwa_trading\admin\controller\report\stock.php on line 1138
2022-07-04 9:54:30 - PHP Notice:  Undefined index: container_no in C:\xampp\htdocs\php_milwa_trading\admin\controller\report\stock.php on line 1139
2022-07-04 9:54:30 - PHP Notice:  Undefined index: batch_no in C:\xampp\htdocs\php_milwa_trading\admin\controller\report\stock.php on line 1140
2022-07-04 9:54:30 - PHP Notice:  Undefined index: brand in C:\xampp\htdocs\php_milwa_trading\admin\controller\report\stock.php on line 1138
2022-07-04 9:54:30 - PHP Notice:  Undefined index: container_no in C:\xampp\htdocs\php_milwa_trading\admin\controller\report\stock.php on line 1139
2022-07-04 9:54:30 - PHP Notice:  Undefined index: batch_no in C:\xampp\htdocs\php_milwa_trading\admin\controller\report\stock.php on line 1140
2022-07-04 9:54:30 - PHP Notice:  Undefined index: brand in C:\xampp\htdocs\php_milwa_trading\admin\controller\report\stock.php on line 1138
2022-07-04 9:54:30 - PHP Notice:  Undefined index: container_no in C:\xampp\htdocs\php_milwa_trading\admin\controller\report\stock.php on line 1139
2022-07-04 9:54:30 - PHP Notice:  Undefined index: batch_no in C:\xampp\htdocs\php_milwa_trading\admin\controller\report\stock.php on line 1140
2022-07-04 9:54:30 - PHP Notice:  Undefined index: brand in C:\xampp\htdocs\php_milwa_trading\admin\controller\report\stock.php on line 1138
2022-07-04 9:54:30 - PHP Notice:  Undefined index: container_no in C:\xampp\htdocs\php_milwa_trading\admin\controller\report\stock.php on line 1139
2022-07-04 9:54:30 - PHP Notice:  Undefined index: batch_no in C:\xampp\htdocs\php_milwa_trading\admin\controller\report\stock.php on line 1140
2022-07-04 9:54:30 - PHP Notice:  Undefined index: brand in C:\xampp\htdocs\php_milwa_trading\admin\controller\report\stock.php on line 1138
2022-07-04 9:54:30 - PHP Notice:  Undefined index: container_no in C:\xampp\htdocs\php_milwa_trading\admin\controller\report\stock.php on line 1139
2022-07-04 9:54:30 - PHP Notice:  Undefined index: batch_no in C:\xampp\htdocs\php_milwa_trading\admin\controller\report\stock.php on line 1140
2022-07-04 9:54:30 - PHP Notice:  Undefined index: brand in C:\xampp\htdocs\php_milwa_trading\admin\controller\report\stock.php on line 1138
2022-07-04 9:54:30 - PHP Notice:  Undefined index: container_no in C:\xampp\htdocs\php_milwa_trading\admin\controller\report\stock.php on line 1139
2022-07-04 9:54:30 - PHP Notice:  Undefined index: batch_no in C:\xampp\htdocs\php_milwa_trading\admin\controller\report\stock.php on line 1140
2022-07-04 9:54:30 - PHP Notice:  Undefined index: brand in C:\xampp\htdocs\php_milwa_trading\admin\controller\report\stock.php on line 1138
2022-07-04 9:54:30 - PHP Notice:  Undefined index: container_no in C:\xampp\htdocs\php_milwa_trading\admin\controller\report\stock.php on line 1139
2022-07-04 9:54:30 - PHP Notice:  Undefined index: batch_no in C:\xampp\htdocs\php_milwa_trading\admin\controller\report\stock.php on line 1140
2022-07-04 9:54:30 - PHP Notice:  Undefined index: brand in C:\xampp\htdocs\php_milwa_trading\admin\controller\report\stock.php on line 1138
2022-07-04 9:54:30 - PHP Notice:  Undefined index: container_no in C:\xampp\htdocs\php_milwa_trading\admin\controller\report\stock.php on line 1139
2022-07-04 9:54:30 - PHP Notice:  Undefined index: batch_no in C:\xampp\htdocs\php_milwa_trading\admin\controller\report\stock.php on line 1140
2022-07-04 9:54:30 - PHP Notice:  Undefined index: brand in C:\xampp\htdocs\php_milwa_trading\admin\controller\report\stock.php on line 1138
2022-07-04 9:54:30 - PHP Notice:  Undefined index: container_no in C:\xampp\htdocs\php_milwa_trading\admin\controller\report\stock.php on line 1139
2022-07-04 9:54:30 - PHP Notice:  Undefined index: batch_no in C:\xampp\htdocs\php_milwa_trading\admin\controller\report\stock.php on line 1140
2022-07-04 9:54:30 - PHP Notice:  Undefined index: brand in C:\xampp\htdocs\php_milwa_trading\admin\controller\report\stock.php on line 1138
2022-07-04 9:54:30 - PHP Notice:  Undefined index: container_no in C:\xampp\htdocs\php_milwa_trading\admin\controller\report\stock.php on line 1139
2022-07-04 9:54:30 - PHP Notice:  Undefined index: batch_no in C:\xampp\htdocs\php_milwa_trading\admin\controller\report\stock.php on line 1140
2022-07-04 9:54:30 - PHP Notice:  Undefined index: brand in C:\xampp\htdocs\php_milwa_trading\admin\controller\report\stock.php on line 1138
2022-07-04 9:54:30 - PHP Notice:  Undefined index: container_no in C:\xampp\htdocs\php_milwa_trading\admin\controller\report\stock.php on line 1139
2022-07-04 9:54:30 - PHP Notice:  Undefined index: batch_no in C:\xampp\htdocs\php_milwa_trading\admin\controller\report\stock.php on line 1140
2022-07-04 9:54:30 - PHP Notice:  Undefined index: brand in C:\xampp\htdocs\php_milwa_trading\admin\controller\report\stock.php on line 1138
2022-07-04 9:54:30 - PHP Notice:  Undefined index: container_no in C:\xampp\htdocs\php_milwa_trading\admin\controller\report\stock.php on line 1139
2022-07-04 9:54:30 - PHP Notice:  Undefined index: batch_no in C:\xampp\htdocs\php_milwa_trading\admin\controller\report\stock.php on line 1140
2022-07-04 9:54:30 - PHP Notice:  Undefined index: brand in C:\xampp\htdocs\php_milwa_trading\admin\controller\report\stock.php on line 1138
2022-07-04 9:54:30 - PHP Notice:  Undefined index: container_no in C:\xampp\htdocs\php_milwa_trading\admin\controller\report\stock.php on line 1139
2022-07-04 9:54:30 - PHP Notice:  Undefined index: batch_no in C:\xampp\htdocs\php_milwa_trading\admin\controller\report\stock.php on line 1140
2022-07-04 9:54:30 - PHP Notice:  Undefined index: brand in C:\xampp\htdocs\php_milwa_trading\admin\controller\report\stock.php on line 1138
2022-07-04 9:54:30 - PHP Notice:  Undefined index: container_no in C:\xampp\htdocs\php_milwa_trading\admin\controller\report\stock.php on line 1139
2022-07-04 9:54:30 - PHP Notice:  Undefined index: batch_no in C:\xampp\htdocs\php_milwa_trading\admin\controller\report\stock.php on line 1140
2022-07-04 9:54:30 - PHP Notice:  Undefined index: brand in C:\xampp\htdocs\php_milwa_trading\admin\controller\report\stock.php on line 1138
2022-07-04 9:54:30 - PHP Notice:  Undefined index: container_no in C:\xampp\htdocs\php_milwa_trading\admin\controller\report\stock.php on line 1139
2022-07-04 9:54:30 - PHP Notice:  Undefined index: batch_no in C:\xampp\htdocs\php_milwa_trading\admin\controller\report\stock.php on line 1140
2022-07-04 9:54:30 - PHP Notice:  Undefined index: brand in C:\xampp\htdocs\php_milwa_trading\admin\controller\report\stock.php on line 1138
2022-07-04 9:54:30 - PHP Notice:  Undefined index: container_no in C:\xampp\htdocs\php_milwa_trading\admin\controller\report\stock.php on line 1139
2022-07-04 9:54:30 - PHP Notice:  Undefined index: batch_no in C:\xampp\htdocs\php_milwa_trading\admin\controller\report\stock.php on line 1140
2022-07-04 9:54:30 - PHP Notice:  Undefined index: brand in C:\xampp\htdocs\php_milwa_trading\admin\controller\report\stock.php on line 1138
2022-07-04 9:54:30 - PHP Notice:  Undefined index: container_no in C:\xampp\htdocs\php_milwa_trading\admin\controller\report\stock.php on line 1139
2022-07-04 9:54:30 - PHP Notice:  Undefined index: batch_no in C:\xampp\htdocs\php_milwa_trading\admin\controller\report\stock.php on line 1140
2022-07-04 9:54:30 - PHP Notice:  Undefined index: brand in C:\xampp\htdocs\php_milwa_trading\admin\controller\report\stock.php on line 1138
2022-07-04 9:54:30 - PHP Notice:  Undefined index: container_no in C:\xampp\htdocs\php_milwa_trading\admin\controller\report\stock.php on line 1139
2022-07-04 9:54:30 - PHP Notice:  Undefined index: batch_no in C:\xampp\htdocs\php_milwa_trading\admin\controller\report\stock.php on line 1140
2022-07-04 9:54:30 - PHP Notice:  Undefined index: brand in C:\xampp\htdocs\php_milwa_trading\admin\controller\report\stock.php on line 1138
2022-07-04 9:54:30 - PHP Notice:  Undefined index: container_no in C:\xampp\htdocs\php_milwa_trading\admin\controller\report\stock.php on line 1139
2022-07-04 9:54:30 - PHP Notice:  Undefined index: batch_no in C:\xampp\htdocs\php_milwa_trading\admin\controller\report\stock.php on line 1140
2022-07-04 9:54:30 - PHP Notice:  Undefined index: brand in C:\xampp\htdocs\php_milwa_trading\admin\controller\report\stock.php on line 1138
2022-07-04 9:54:30 - PHP Notice:  Undefined index: container_no in C:\xampp\htdocs\php_milwa_trading\admin\controller\report\stock.php on line 1139
2022-07-04 9:54:30 - PHP Notice:  Undefined index: batch_no in C:\xampp\htdocs\php_milwa_trading\admin\controller\report\stock.php on line 1140
2022-07-04 9:54:30 - PHP Notice:  Undefined index: brand in C:\xampp\htdocs\php_milwa_trading\admin\controller\report\stock.php on line 1138
2022-07-04 9:54:30 - PHP Notice:  Undefined index: container_no in C:\xampp\htdocs\php_milwa_trading\admin\controller\report\stock.php on line 1139
2022-07-04 9:54:30 - PHP Notice:  Undefined index: batch_no in C:\xampp\htdocs\php_milwa_trading\admin\controller\report\stock.php on line 1140
2022-07-04 9:54:30 - PHP Notice:  Undefined index: brand in C:\xampp\htdocs\php_milwa_trading\admin\controller\report\stock.php on line 1138
2022-07-04 9:54:30 - PHP Notice:  Undefined index: container_no in C:\xampp\htdocs\php_milwa_trading\admin\controller\report\stock.php on line 1139
2022-07-04 9:54:31 - PHP Notice:  Undefined index: batch_no in C:\xampp\htdocs\php_milwa_trading\admin\controller\report\stock.php on line 1140
2022-07-04 9:54:31 - PHP Notice:  Undefined index: brand in C:\xampp\htdocs\php_milwa_trading\admin\controller\report\stock.php on line 1138
2022-07-04 9:54:31 - PHP Notice:  Undefined index: container_no in C:\xampp\htdocs\php_milwa_trading\admin\controller\report\stock.php on line 1139
2022-07-04 9:54:31 - PHP Notice:  Undefined index: batch_no in C:\xampp\htdocs\php_milwa_trading\admin\controller\report\stock.php on line 1140
2022-07-04 9:54:31 - PHP Notice:  Undefined index: brand in C:\xampp\htdocs\php_milwa_trading\admin\controller\report\stock.php on line 1138
2022-07-04 9:54:31 - PHP Notice:  Undefined index: container_no in C:\xampp\htdocs\php_milwa_trading\admin\controller\report\stock.php on line 1139
2022-07-04 9:54:31 - PHP Notice:  Undefined index: batch_no in C:\xampp\htdocs\php_milwa_trading\admin\controller\report\stock.php on line 1140
2022-07-04 9:54:31 - PHP Notice:  Undefined index: brand in C:\xampp\htdocs\php_milwa_trading\admin\controller\report\stock.php on line 1138
2022-07-04 9:54:31 - PHP Notice:  Undefined index: container_no in C:\xampp\htdocs\php_milwa_trading\admin\controller\report\stock.php on line 1139
2022-07-04 9:54:31 - PHP Notice:  Undefined index: batch_no in C:\xampp\htdocs\php_milwa_trading\admin\controller\report\stock.php on line 1140
2022-07-04 9:54:31 - PHP Notice:  Undefined index: brand in C:\xampp\htdocs\php_milwa_trading\admin\controller\report\stock.php on line 1138
2022-07-04 9:54:31 - PHP Notice:  Undefined index: container_no in C:\xampp\htdocs\php_milwa_trading\admin\controller\report\stock.php on line 1139
2022-07-04 9:54:31 - PHP Notice:  Undefined index: batch_no in C:\xampp\htdocs\php_milwa_trading\admin\controller\report\stock.php on line 1140
2022-07-04 9:54:31 - PHP Notice:  Undefined index: brand in C:\xampp\htdocs\php_milwa_trading\admin\controller\report\stock.php on line 1138
2022-07-04 9:54:31 - PHP Notice:  Undefined index: container_no in C:\xampp\htdocs\php_milwa_trading\admin\controller\report\stock.php on line 1139
2022-07-04 9:54:31 - PHP Notice:  Undefined index: batch_no in C:\xampp\htdocs\php_milwa_trading\admin\controller\report\stock.php on line 1140
2022-07-04 9:54:31 - PHP Notice:  Undefined index: brand in C:\xampp\htdocs\php_milwa_trading\admin\controller\report\stock.php on line 1138
2022-07-04 9:54:31 - PHP Notice:  Undefined index: container_no in C:\xampp\htdocs\php_milwa_trading\admin\controller\report\stock.php on line 1139
2022-07-04 9:54:31 - PHP Notice:  Undefined index: batch_no in C:\xampp\htdocs\php_milwa_trading\admin\controller\report\stock.php on line 1140
2022-07-04 9:54:31 - PHP Notice:  Undefined index: brand in C:\xampp\htdocs\php_milwa_trading\admin\controller\report\stock.php on line 1138
2022-07-04 9:54:31 - PHP Notice:  Undefined index: container_no in C:\xampp\htdocs\php_milwa_trading\admin\controller\report\stock.php on line 1139
2022-07-04 9:54:31 - PHP Notice:  Undefined index: batch_no in C:\xampp\htdocs\php_milwa_trading\admin\controller\report\stock.php on line 1140
2022-07-04 9:54:31 - PHP Notice:  Undefined index: brand in C:\xampp\htdocs\php_milwa_trading\admin\controller\report\stock.php on line 1138
2022-07-04 9:54:31 - PHP Notice:  Undefined index: container_no in C:\xampp\htdocs\php_milwa_trading\admin\controller\report\stock.php on line 1139
2022-07-04 9:54:31 - PHP Notice:  Undefined index: batch_no in C:\xampp\htdocs\php_milwa_trading\admin\controller\report\stock.php on line 1140
2022-07-04 9:54:31 - PHP Notice:  Undefined index: brand in C:\xampp\htdocs\php_milwa_trading\admin\controller\report\stock.php on line 1138
2022-07-04 9:54:31 - PHP Notice:  Undefined index: container_no in C:\xampp\htdocs\php_milwa_trading\admin\controller\report\stock.php on line 1139
2022-07-04 9:54:31 - PHP Notice:  Undefined index: batch_no in C:\xampp\htdocs\php_milwa_trading\admin\controller\report\stock.php on line 1140
2022-07-04 9:54:31 - PHP Notice:  Undefined index: brand in C:\xampp\htdocs\php_milwa_trading\admin\controller\report\stock.php on line 1138
2022-07-04 9:54:31 - PHP Notice:  Undefined index: container_no in C:\xampp\htdocs\php_milwa_trading\admin\controller\report\stock.php on line 1139
2022-07-04 9:54:31 - PHP Notice:  Undefined index: batch_no in C:\xampp\htdocs\php_milwa_trading\admin\controller\report\stock.php on line 1140
2022-07-04 9:54:31 - PHP Notice:  Undefined index: brand in C:\xampp\htdocs\php_milwa_trading\admin\controller\report\stock.php on line 1138
2022-07-04 9:54:31 - PHP Notice:  Undefined index: container_no in C:\xampp\htdocs\php_milwa_trading\admin\controller\report\stock.php on line 1139
2022-07-04 9:54:31 - PHP Notice:  Undefined index: batch_no in C:\xampp\htdocs\php_milwa_trading\admin\controller\report\stock.php on line 1140
2022-07-04 9:54:31 - PHP Notice:  Undefined index: brand in C:\xampp\htdocs\php_milwa_trading\admin\controller\report\stock.php on line 1138
2022-07-04 9:54:31 - PHP Notice:  Undefined index: container_no in C:\xampp\htdocs\php_milwa_trading\admin\controller\report\stock.php on line 1139
2022-07-04 9:54:31 - PHP Notice:  Undefined index: batch_no in C:\xampp\htdocs\php_milwa_trading\admin\controller\report\stock.php on line 1140
2022-07-04 9:54:31 - PHP Notice:  Undefined index: brand in C:\xampp\htdocs\php_milwa_trading\admin\controller\report\stock.php on line 1138
2022-07-04 9:54:31 - PHP Notice:  Undefined index: container_no in C:\xampp\htdocs\php_milwa_trading\admin\controller\report\stock.php on line 1139
2022-07-04 9:54:31 - PHP Notice:  Undefined index: batch_no in C:\xampp\htdocs\php_milwa_trading\admin\controller\report\stock.php on line 1140
2022-07-04 9:54:31 - PHP Notice:  Undefined index: brand in C:\xampp\htdocs\php_milwa_trading\admin\controller\report\stock.php on line 1138
2022-07-04 9:54:31 - PHP Notice:  Undefined index: container_no in C:\xampp\htdocs\php_milwa_trading\admin\controller\report\stock.php on line 1139
2022-07-04 9:54:31 - PHP Notice:  Undefined index: batch_no in C:\xampp\htdocs\php_milwa_trading\admin\controller\report\stock.php on line 1140
2022-07-04 9:54:31 - PHP Notice:  Undefined index: brand in C:\xampp\htdocs\php_milwa_trading\admin\controller\report\stock.php on line 1138
2022-07-04 9:54:31 - PHP Notice:  Undefined index: container_no in C:\xampp\htdocs\php_milwa_trading\admin\controller\report\stock.php on line 1139
2022-07-04 9:54:31 - PHP Notice:  Undefined index: batch_no in C:\xampp\htdocs\php_milwa_trading\admin\controller\report\stock.php on line 1140
2022-07-04 9:54:31 - PHP Notice:  Undefined index: brand in C:\xampp\htdocs\php_milwa_trading\admin\controller\report\stock.php on line 1138
2022-07-04 9:54:31 - PHP Notice:  Undefined index: container_no in C:\xampp\htdocs\php_milwa_trading\admin\controller\report\stock.php on line 1139
2022-07-04 9:54:31 - PHP Notice:  Undefined index: batch_no in C:\xampp\htdocs\php_milwa_trading\admin\controller\report\stock.php on line 1140
2022-07-04 9:54:31 - PHP Notice:  Undefined index: brand in C:\xampp\htdocs\php_milwa_trading\admin\controller\report\stock.php on line 1138
2022-07-04 9:54:31 - PHP Notice:  Undefined index: container_no in C:\xampp\htdocs\php_milwa_trading\admin\controller\report\stock.php on line 1139
2022-07-04 9:54:31 - PHP Notice:  Undefined index: batch_no in C:\xampp\htdocs\php_milwa_trading\admin\controller\report\stock.php on line 1140
2022-07-04 9:54:31 - PHP Notice:  Undefined index: brand in C:\xampp\htdocs\php_milwa_trading\admin\controller\report\stock.php on line 1138
2022-07-04 9:54:31 - PHP Notice:  Undefined index: container_no in C:\xampp\htdocs\php_milwa_trading\admin\controller\report\stock.php on line 1139
2022-07-04 9:54:31 - PHP Notice:  Undefined index: batch_no in C:\xampp\htdocs\php_milwa_trading\admin\controller\report\stock.php on line 1140
2022-07-04 9:54:31 - PHP Notice:  Undefined index: brand in C:\xampp\htdocs\php_milwa_trading\admin\controller\report\stock.php on line 1138
2022-07-04 9:54:31 - PHP Notice:  Undefined index: container_no in C:\xampp\htdocs\php_milwa_trading\admin\controller\report\stock.php on line 1139
2022-07-04 9:54:31 - PHP Notice:  Undefined index: batch_no in C:\xampp\htdocs\php_milwa_trading\admin\controller\report\stock.php on line 1140
2022-07-04 9:54:31 - PHP Notice:  Undefined index: brand in C:\xampp\htdocs\php_milwa_trading\admin\controller\report\stock.php on line 1138
2022-07-04 9:54:31 - PHP Notice:  Undefined index: container_no in C:\xampp\htdocs\php_milwa_trading\admin\controller\report\stock.php on line 1139
2022-07-04 9:54:31 - PHP Notice:  Undefined index: batch_no in C:\xampp\htdocs\php_milwa_trading\admin\controller\report\stock.php on line 1140
2022-07-04 9:54:31 - PHP Notice:  Undefined index: brand in C:\xampp\htdocs\php_milwa_trading\admin\controller\report\stock.php on line 1138
2022-07-04 9:54:31 - PHP Notice:  Undefined index: container_no in C:\xampp\htdocs\php_milwa_trading\admin\controller\report\stock.php on line 1139
2022-07-04 9:54:31 - PHP Notice:  Undefined index: batch_no in C:\xampp\htdocs\php_milwa_trading\admin\controller\report\stock.php on line 1140
2022-07-04 9:54:31 - PHP Notice:  Undefined index: brand in C:\xampp\htdocs\php_milwa_trading\admin\controller\report\stock.php on line 1138
2022-07-04 9:54:31 - PHP Notice:  Undefined index: container_no in C:\xampp\htdocs\php_milwa_trading\admin\controller\report\stock.php on line 1139
2022-07-04 9:54:31 - PHP Notice:  Undefined index: batch_no in C:\xampp\htdocs\php_milwa_trading\admin\controller\report\stock.php on line 1140
2022-07-04 9:54:31 - PHP Notice:  Undefined index: brand in C:\xampp\htdocs\php_milwa_trading\admin\controller\report\stock.php on line 1138
2022-07-04 9:54:31 - PHP Notice:  Undefined index: container_no in C:\xampp\htdocs\php_milwa_trading\admin\controller\report\stock.php on line 1139
2022-07-04 9:54:31 - PHP Notice:  Undefined index: batch_no in C:\xampp\htdocs\php_milwa_trading\admin\controller\report\stock.php on line 1140
2022-07-04 9:54:31 - PHP Notice:  Undefined index: brand in C:\xampp\htdocs\php_milwa_trading\admin\controller\report\stock.php on line 1138
2022-07-04 9:54:31 - PHP Notice:  Undefined index: container_no in C:\xampp\htdocs\php_milwa_trading\admin\controller\report\stock.php on line 1139
2022-07-04 9:54:31 - PHP Notice:  Undefined index: batch_no in C:\xampp\htdocs\php_milwa_trading\admin\controller\report\stock.php on line 1140
2022-07-04 9:54:31 - PHP Notice:  Undefined index: brand in C:\xampp\htdocs\php_milwa_trading\admin\controller\report\stock.php on line 1138
2022-07-04 9:54:31 - PHP Notice:  Undefined index: container_no in C:\xampp\htdocs\php_milwa_trading\admin\controller\report\stock.php on line 1139
2022-07-04 9:54:32 - PHP Notice:  Undefined index: batch_no in C:\xampp\htdocs\php_milwa_trading\admin\controller\report\stock.php on line 1140
2022-07-04 9:54:32 - PHP Notice:  Undefined index: brand in C:\xampp\htdocs\php_milwa_trading\admin\controller\report\stock.php on line 1138
2022-07-04 9:54:32 - PHP Notice:  Undefined index: container_no in C:\xampp\htdocs\php_milwa_trading\admin\controller\report\stock.php on line 1139
2022-07-04 9:54:32 - PHP Notice:  Undefined index: batch_no in C:\xampp\htdocs\php_milwa_trading\admin\controller\report\stock.php on line 1140
2022-07-04 9:54:32 - PHP Notice:  Undefined index: brand in C:\xampp\htdocs\php_milwa_trading\admin\controller\report\stock.php on line 1138
2022-07-04 9:54:32 - PHP Notice:  Undefined index: container_no in C:\xampp\htdocs\php_milwa_trading\admin\controller\report\stock.php on line 1139
2022-07-04 9:54:32 - PHP Notice:  Undefined index: batch_no in C:\xampp\htdocs\php_milwa_trading\admin\controller\report\stock.php on line 1140
2022-07-04 9:54:32 - PHP Notice:  Undefined index: brand in C:\xampp\htdocs\php_milwa_trading\admin\controller\report\stock.php on line 1138
2022-07-04 9:54:32 - PHP Notice:  Undefined index: container_no in C:\xampp\htdocs\php_milwa_trading\admin\controller\report\stock.php on line 1139
2022-07-04 9:54:32 - PHP Notice:  Undefined index: batch_no in C:\xampp\htdocs\php_milwa_trading\admin\controller\report\stock.php on line 1140
2022-07-04 9:54:32 - PHP Notice:  Undefined index: brand in C:\xampp\htdocs\php_milwa_trading\admin\controller\report\stock.php on line 1138
2022-07-04 9:54:32 - PHP Notice:  Undefined index: container_no in C:\xampp\htdocs\php_milwa_trading\admin\controller\report\stock.php on line 1139
2022-07-04 9:54:32 - PHP Notice:  Undefined index: batch_no in C:\xampp\htdocs\php_milwa_trading\admin\controller\report\stock.php on line 1140
2022-07-04 9:54:32 - PHP Notice:  Undefined index: brand in C:\xampp\htdocs\php_milwa_trading\admin\controller\report\stock.php on line 1138
2022-07-04 9:54:32 - PHP Notice:  Undefined index: container_no in C:\xampp\htdocs\php_milwa_trading\admin\controller\report\stock.php on line 1139
2022-07-04 9:54:32 - PHP Notice:  Undefined index: batch_no in C:\xampp\htdocs\php_milwa_trading\admin\controller\report\stock.php on line 1140
2022-07-04 9:54:32 - PHP Notice:  Undefined index: brand in C:\xampp\htdocs\php_milwa_trading\admin\controller\report\stock.php on line 1138
2022-07-04 9:54:32 - PHP Notice:  Undefined index: container_no in C:\xampp\htdocs\php_milwa_trading\admin\controller\report\stock.php on line 1139
2022-07-04 9:54:32 - PHP Notice:  Undefined index: batch_no in C:\xampp\htdocs\php_milwa_trading\admin\controller\report\stock.php on line 1140
2022-07-04 9:54:32 - PHP Notice:  Undefined index: brand in C:\xampp\htdocs\php_milwa_trading\admin\controller\report\stock.php on line 1138
2022-07-04 9:54:32 - PHP Notice:  Undefined index: container_no in C:\xampp\htdocs\php_milwa_trading\admin\controller\report\stock.php on line 1139
2022-07-04 9:54:32 - PHP Notice:  Undefined index: batch_no in C:\xampp\htdocs\php_milwa_trading\admin\controller\report\stock.php on line 1140
2022-07-04 9:54:32 - PHP Notice:  Undefined index: brand in C:\xampp\htdocs\php_milwa_trading\admin\controller\report\stock.php on line 1138
2022-07-04 9:54:32 - PHP Notice:  Undefined index: container_no in C:\xampp\htdocs\php_milwa_trading\admin\controller\report\stock.php on line 1139
2022-07-04 9:54:32 - PHP Notice:  Undefined index: batch_no in C:\xampp\htdocs\php_milwa_trading\admin\controller\report\stock.php on line 1140
2022-07-04 9:54:32 - PHP Notice:  Undefined index: brand in C:\xampp\htdocs\php_milwa_trading\admin\controller\report\stock.php on line 1138
2022-07-04 9:54:32 - PHP Notice:  Undefined index: container_no in C:\xampp\htdocs\php_milwa_trading\admin\controller\report\stock.php on line 1139
2022-07-04 9:54:32 - PHP Notice:  Undefined index: batch_no in C:\xampp\htdocs\php_milwa_trading\admin\controller\report\stock.php on line 1140
2022-07-04 9:54:32 - PHP Notice:  Undefined index: brand in C:\xampp\htdocs\php_milwa_trading\admin\controller\report\stock.php on line 1138
2022-07-04 9:54:32 - PHP Notice:  Undefined index: container_no in C:\xampp\htdocs\php_milwa_trading\admin\controller\report\stock.php on line 1139
2022-07-04 9:54:32 - PHP Notice:  Undefined index: batch_no in C:\xampp\htdocs\php_milwa_trading\admin\controller\report\stock.php on line 1140
2022-07-04 9:54:32 - PHP Notice:  Undefined index: brand in C:\xampp\htdocs\php_milwa_trading\admin\controller\report\stock.php on line 1138
2022-07-04 9:54:32 - PHP Notice:  Undefined index: container_no in C:\xampp\htdocs\php_milwa_trading\admin\controller\report\stock.php on line 1139
2022-07-04 9:54:32 - PHP Notice:  Undefined index: batch_no in C:\xampp\htdocs\php_milwa_trading\admin\controller\report\stock.php on line 1140
2022-07-04 9:54:32 - PHP Notice:  Undefined index: brand in C:\xampp\htdocs\php_milwa_trading\admin\controller\report\stock.php on line 1138
2022-07-04 9:54:32 - PHP Notice:  Undefined index: container_no in C:\xampp\htdocs\php_milwa_trading\admin\controller\report\stock.php on line 1139
2022-07-04 9:54:32 - PHP Notice:  Undefined index: batch_no in C:\xampp\htdocs\php_milwa_trading\admin\controller\report\stock.php on line 1140
2022-07-04 9:54:32 - PHP Notice:  Undefined index: output in C:\xampp\htdocs\php_milwa_trading\admin\controller\report\stock.php on line 1165
2022-07-04 9:54:32 - PHP Notice:  Undefined index: brand_id in C:\xampp\htdocs\php_milwa_trading\admin\controller\report\stock.php on line 1338
2022-07-04 9:54:32 - PHP Notice:  Undefined index: name in C:\xampp\htdocs\php_milwa_trading\admin\controller\report\stock.php on line 1347
2022-07-04 9:54:32 - PHP Notice:  Undefined index: name in C:\xampp\htdocs\php_milwa_trading\admin\controller\report\stock.php on line 1348
2022-07-04 9:54:32 - PHP Notice:  Undefined index: name in C:\xampp\htdocs\php_milwa_trading\admin\controller\report\stock.php on line 1349
2022-07-04 9:54:32 - PHP Notice:  Undefined offset: 0 in C:\xampp\htdocs\php_milwa_trading\system\helper\utility.php on line 397
2022-07-04 9:54:32 - PHP Notice:  Undefined offset: 0 in C:\xampp\htdocs\php_milwa_trading\system\helper\utility.php on line 397
2022-07-04 9:54:32 - PHP Warning:  Division by zero in C:\xampp\htdocs\php_milwa_trading\admin\controller\report\stock.php on line 1385
2022-07-04 9:54:32 - PHP Warning:  Division by zero in C:\xampp\htdocs\php_milwa_trading\admin\controller\report\stock.php on line 1385
2022-07-04 9:54:32 - PHP Notice:  Undefined offset: 0 in C:\xampp\htdocs\php_milwa_trading\system\helper\utility.php on line 397
2022-07-04 9:54:32 - PHP Notice:  Undefined offset: 0 in C:\xampp\htdocs\php_milwa_trading\system\helper\utility.php on line 397
2022-07-04 9:54:32 - PHP Notice:  Undefined offset: 0 in C:\xampp\htdocs\php_milwa_trading\system\helper\utility.php on line 397
2022-07-04 9:54:32 - PHP Warning:  Division by zero in C:\xampp\htdocs\php_milwa_trading\admin\controller\report\stock.php on line 1385
2022-07-04 9:54:32 - PHP Notice:  Undefined offset: 0 in C:\xampp\htdocs\php_milwa_trading\system\helper\utility.php on line 397
2022-07-04 9:54:32 - PHP Notice:  Undefined offset: 0 in C:\xampp\htdocs\php_milwa_trading\system\helper\utility.php on line 397
2022-07-04 9:54:32 - PHP Notice:  Undefined offset: 0 in C:\xampp\htdocs\php_milwa_trading\system\helper\utility.php on line 397
2022-07-04 9:54:32 - PHP Notice:  Undefined offset: 0 in C:\xampp\htdocs\php_milwa_trading\system\helper\utility.php on line 397
2022-07-04 9:54:32 - PHP Notice:  Undefined offset: 0 in C:\xampp\htdocs\php_milwa_trading\system\helper\utility.php on line 397
2022-07-04 9:54:32 - PHP Notice:  Undefined offset: 0 in C:\xampp\htdocs\php_milwa_trading\system\helper\utility.php on line 397
2022-07-04 9:54:32 - PHP Notice:  Undefined offset: 0 in C:\xampp\htdocs\php_milwa_trading\system\helper\utility.php on line 397
2022-07-04 9:54:32 - PHP Notice:  Undefined offset: 0 in C:\xampp\htdocs\php_milwa_trading\system\helper\utility.php on line 397
2022-07-04 9:54:32 - PHP Notice:  Undefined offset: 0 in C:\xampp\htdocs\php_milwa_trading\system\helper\utility.php on line 397
2022-07-04 9:54:32 - PHP Notice:  Undefined offset: 0 in C:\xampp\htdocs\php_milwa_trading\system\helper\utility.php on line 397
2022-07-04 9:54:32 - PHP Notice:  Undefined offset: 0 in C:\xampp\htdocs\php_milwa_trading\system\helper\utility.php on line 397
2022-07-04 9:54:32 - PHP Notice:  Undefined offset: 0 in C:\xampp\htdocs\php_milwa_trading\system\helper\utility.php on line 397
2022-07-04 9:54:32 - PHP Notice:  Undefined offset: 0 in C:\xampp\htdocs\php_milwa_trading\system\helper\utility.php on line 397
2022-07-04 9:54:32 - PHP Notice:  Undefined offset: 0 in C:\xampp\htdocs\php_milwa_trading\system\helper\utility.php on line 397
2022-07-04 9:54:33 - PHP Notice:  Undefined offset: 0 in C:\xampp\htdocs\php_milwa_trading\system\helper\utility.php on line 397
