2022-11-01 10:53:05 - PHP Warning:  Invalid argument supplied for foreach() in C:\xampp\htdocs\php_milwa_trading\admin\view\template\common\preset.tpl on line 52
2022-11-01 10:53:08 - PHP Notice:  Undefined index: case_id in C:\xampp\htdocs\php_milwa_trading\admin\controller\common\home.php on line 55
2022-11-01 10:53:08 - PHP Notice:  Undefined index: case_id in C:\xampp\htdocs\php_milwa_trading\admin\controller\common\home.php on line 56
2022-11-01 10:53:09 - PHP Notice:  Undefined variable: href_gl_mapping_account in C:\xampp\htdocs\php_milwa_trading\admin\view\template\common\column_left.tpl on line 66
2022-11-01 10:53:09 - PHP Notice:  Undefined index: gl_mapping_account in C:\xampp\htdocs\php_milwa_trading\admin\view\template\common\column_left.tpl on line 66
2022-11-01 10:53:09 - PHP Notice:  Undefined variable: href_tool_dashboard in C:\xampp\htdocs\php_milwa_trading\admin\view\template\common\column_left.tpl on line 229
2022-11-01 10:53:09 - PHP Notice:  Undefined variable: bank_receipts in C:\xampp\htdocs\php_milwa_trading\admin\view\template\common\home.tpl on line 258
2022-11-01 10:53:09 - PHP Warning:  Invalid argument supplied for foreach() in C:\xampp\htdocs\php_milwa_trading\admin\view\template\common\home.tpl on line 258
2022-11-01 10:53:12 - PHP Notice:  Undefined variable: href_gl_mapping_account in C:\xampp\htdocs\php_milwa_trading\admin\view\template\common\column_left.tpl on line 66
2022-11-01 10:53:12 - PHP Notice:  Undefined index: gl_mapping_account in C:\xampp\htdocs\php_milwa_trading\admin\view\template\common\column_left.tpl on line 66
2022-11-01 10:53:12 - PHP Notice:  Undefined variable: href_tool_dashboard in C:\xampp\htdocs\php_milwa_trading\admin\view\template\common\column_left.tpl on line 229
2022-11-01 10:53:12 - PHP Notice:  Undefined index: class in C:\xampp\htdocs\php_milwa_trading\admin\view\template\inventory\sale_tax_invoice_list.tpl on line 19
2022-11-01 10:53:12 - PHP Notice:  Undefined index: class in C:\xampp\htdocs\php_milwa_trading\admin\view\template\inventory\sale_tax_invoice_list.tpl on line 19
2022-11-01 10:53:12 - PHP Notice:  Undefined index: class in C:\xampp\htdocs\php_milwa_trading\admin\view\template\inventory\sale_tax_invoice_list.tpl on line 19
2022-11-01 10:53:12 - PHP Notice:  Undefined variable: column_right in C:\xampp\htdocs\php_milwa_trading\admin\view\template\inventory\sale_tax_invoice_list.tpl on line 79
2022-11-01 10:53:14 - PHP Warning:  Invalid argument supplied for foreach() in C:\xampp\htdocs\php_milwa_trading\admin\controller\inventory\sale_tax_invoice.php on line 2189
2022-11-01 10:53:14 - PHP Warning:  chr() expects parameter 1 to be int, string given in C:\xampp\htdocs\php_milwa_trading\system\library\tcpdf\include\tcpdf_fonts.php on line 1671
2022-11-01 10:53:14 - PHP Notice:  Undefined offset: 0 in C:\xampp\htdocs\php_milwa_trading\system\helper\utility.php on line 397
2022-11-01 10:53:14 - PHP Notice:  Undefined offset: 1 in C:\xampp\htdocs\php_milwa_trading\admin\controller\inventory\sale_tax_invoice.php on line 2317
2022-11-01 10:53:14 - PHP Notice:  Undefined offset: 0 in C:\xampp\htdocs\php_milwa_trading\system\helper\utility.php on line 397
2022-11-01 10:53:20 - PHP Warning:  Invalid argument supplied for foreach() in C:\xampp\htdocs\php_milwa_trading\admin\controller\inventory\sale_tax_invoice.php on line 2520
2022-11-01 10:53:20 - PHP Warning:  chr() expects parameter 1 to be int, string given in C:\xampp\htdocs\php_milwa_trading\system\library\tcpdf\include\tcpdf_fonts.php on line 1671
2022-11-01 10:53:20 - PHP Notice:  Undefined offset: 0 in C:\xampp\htdocs\php_milwa_trading\system\helper\utility.php on line 397
2022-11-01 10:53:20 - PHP Notice:  Undefined offset: 1 in C:\xampp\htdocs\php_milwa_trading\admin\controller\inventory\sale_tax_invoice.php on line 2660
2022-11-01 10:53:20 - PHP Notice:  Undefined offset: 0 in C:\xampp\htdocs\php_milwa_trading\system\helper\utility.php on line 397
2022-11-01 10:53:40 - PHP Warning:  Invalid argument supplied for foreach() in C:\xampp\htdocs\php_milwa_trading\admin\controller\inventory\sale_tax_invoice.php on line 2520
2022-11-01 10:53:40 - PHP Warning:  chr() expects parameter 1 to be int, string given in C:\xampp\htdocs\php_milwa_trading\system\library\tcpdf\include\tcpdf_fonts.php on line 1671
2022-11-01 10:53:40 - PHP Notice:  Undefined offset: 0 in C:\xampp\htdocs\php_milwa_trading\system\helper\utility.php on line 397
2022-11-01 10:53:40 - PHP Notice:  Undefined offset: 1 in C:\xampp\htdocs\php_milwa_trading\admin\controller\inventory\sale_tax_invoice.php on line 2660
2022-11-01 10:53:40 - PHP Notice:  Undefined offset: 0 in C:\xampp\htdocs\php_milwa_trading\system\helper\utility.php on line 397
2022-11-01 11:26:42 - PHP Notice:  Undefined index: from_time in C:\xampp\htdocs\php_milwa_trading\admin\controller\common\login.php on line 102
2022-11-01 11:26:42 - PHP Notice:  Undefined index: to_time in C:\xampp\htdocs\php_milwa_trading\admin\controller\common\login.php on line 103
2022-11-01 11:26:49 - PHP Notice:  Undefined index: db_name in C:\xampp\htdocs\php_milwa_trading\system\engine\hmodel.php on line 12
2022-11-01 11:26:49 - PHP Warning:  Invalid argument supplied for foreach() in C:\xampp\htdocs\php_milwa_trading\admin\view\template\common\preset.tpl on line 52
2022-11-01 11:26:51 - PHP Notice:  Undefined index: db_name in C:\xampp\htdocs\php_milwa_trading\system\engine\hmodel.php on line 12
2022-11-01 11:26:51 - PHP Notice:  Undefined index: case_id in C:\xampp\htdocs\php_milwa_trading\admin\controller\common\home.php on line 55
2022-11-01 11:26:51 - PHP Notice:  Undefined index: case_id in C:\xampp\htdocs\php_milwa_trading\admin\controller\common\home.php on line 56
2022-11-01 11:26:51 - PHP Notice:  Undefined variable: href_gl_mapping_account in C:\xampp\htdocs\php_milwa_trading\admin\view\template\common\column_left.tpl on line 66
2022-11-01 11:26:51 - PHP Notice:  Undefined index: gl_mapping_account in C:\xampp\htdocs\php_milwa_trading\admin\view\template\common\column_left.tpl on line 66
2022-11-01 11:26:51 - PHP Notice:  Undefined variable: href_tool_dashboard in C:\xampp\htdocs\php_milwa_trading\admin\view\template\common\column_left.tpl on line 229
2022-11-01 11:26:51 - PHP Notice:  Undefined variable: bank_receipts in C:\xampp\htdocs\php_milwa_trading\admin\view\template\common\home.tpl on line 258
2022-11-01 11:26:51 - PHP Warning:  Invalid argument supplied for foreach() in C:\xampp\htdocs\php_milwa_trading\admin\view\template\common\home.tpl on line 258
2022-11-01 11:26:58 - PHP Notice:  Undefined variable: href_gl_mapping_account in C:\xampp\htdocs\php_milwa_trading\admin\view\template\common\column_left.tpl on line 66
2022-11-01 11:26:58 - PHP Notice:  Undefined index: gl_mapping_account in C:\xampp\htdocs\php_milwa_trading\admin\view\template\common\column_left.tpl on line 66
2022-11-01 11:26:58 - PHP Notice:  Undefined variable: href_tool_dashboard in C:\xampp\htdocs\php_milwa_trading\admin\view\template\common\column_left.tpl on line 229
2022-11-01 11:26:58 - PHP Notice:  Undefined index: class in C:\xampp\htdocs\php_milwa_trading\admin\view\template\inventory\sale_tax_invoice_list.tpl on line 19
2022-11-01 11:26:58 - PHP Notice:  Undefined index: class in C:\xampp\htdocs\php_milwa_trading\admin\view\template\inventory\sale_tax_invoice_list.tpl on line 19
2022-11-01 11:26:58 - PHP Notice:  Undefined index: class in C:\xampp\htdocs\php_milwa_trading\admin\view\template\inventory\sale_tax_invoice_list.tpl on line 19
2022-11-01 11:26:58 - PHP Notice:  Undefined variable: column_right in C:\xampp\htdocs\php_milwa_trading\admin\view\template\inventory\sale_tax_invoice_list.tpl on line 79
2022-11-01 13:40:21 - PHP Notice:  Undefined variable: href_gl_mapping_account in C:\xampp\htdocs\php_milwa_trading\admin\view\template\common\column_left.tpl on line 66
2022-11-01 13:40:21 - PHP Notice:  Undefined index: gl_mapping_account in C:\xampp\htdocs\php_milwa_trading\admin\view\template\common\column_left.tpl on line 66
2022-11-01 13:40:21 - PHP Notice:  Undefined variable: href_tool_dashboard in C:\xampp\htdocs\php_milwa_trading\admin\view\template\common\column_left.tpl on line 229
2022-11-01 13:40:21 - PHP Notice:  Undefined index: class in C:\xampp\htdocs\php_milwa_trading\admin\view\template\inventory\sale_tax_invoice_list.tpl on line 19
2022-11-01 13:40:21 - PHP Notice:  Undefined index: class in C:\xampp\htdocs\php_milwa_trading\admin\view\template\inventory\sale_tax_invoice_list.tpl on line 19
2022-11-01 13:40:21 - PHP Notice:  Undefined index: class in C:\xampp\htdocs\php_milwa_trading\admin\view\template\inventory\sale_tax_invoice_list.tpl on line 19
2022-11-01 13:40:22 - PHP Notice:  Undefined variable: column_right in C:\xampp\htdocs\php_milwa_trading\admin\view\template\inventory\sale_tax_invoice_list.tpl on line 79
2022-11-01 13:51:12 - PHP Warning:  Invalid argument supplied for foreach() in C:\xampp\htdocs\php_milwa_trading\admin\controller\inventory\sale_tax_invoice.php on line 2189
2022-11-01 13:51:12 - PHP Warning:  chr() expects parameter 1 to be int, string given in C:\xampp\htdocs\php_milwa_trading\system\library\tcpdf\include\tcpdf_fonts.php on line 1671
2022-11-01 13:51:12 - PHP Notice:  Undefined offset: 0 in C:\xampp\htdocs\php_milwa_trading\system\helper\utility.php on line 397
2022-11-01 13:51:21 - PHP Warning:  Invalid argument supplied for foreach() in C:\xampp\htdocs\php_milwa_trading\admin\controller\inventory\sale_tax_invoice.php on line 2520
2022-11-01 13:51:21 - PHP Warning:  chr() expects parameter 1 to be int, string given in C:\xampp\htdocs\php_milwa_trading\system\library\tcpdf\include\tcpdf_fonts.php on line 1671
2022-11-01 13:51:22 - PHP Notice:  Undefined offset: 0 in C:\xampp\htdocs\php_milwa_trading\system\helper\utility.php on line 397
2022-11-01 13:51:26 - PHP Warning:  implode(): Invalid arguments passed in C:\xampp\htdocs\php_milwa_trading\admin\controller\inventory\sale_tax_invoice.php on line 285
2022-11-01 13:51:26 - PHP Notice:  Undefined index: announcement_id in C:\xampp\htdocs\php_milwa_trading\admin\controller\inventory\sale_tax_invoice.php on line 323
2022-11-01 13:51:26 - PHP Notice:  Undefined variable: href_gl_mapping_account in C:\xampp\htdocs\php_milwa_trading\admin\view\template\common\column_left.tpl on line 66
2022-11-01 13:51:26 - PHP Notice:  Undefined index: gl_mapping_account in C:\xampp\htdocs\php_milwa_trading\admin\view\template\common\column_left.tpl on line 66
2022-11-01 13:51:26 - PHP Notice:  Undefined variable: href_tool_dashboard in C:\xampp\htdocs\php_milwa_trading\admin\view\template\common\column_left.tpl on line 229
2022-11-01 13:51:26 - PHP Notice:  Undefined index: class in C:\xampp\htdocs\php_milwa_trading\admin\view\template\inventory\sale_tax_invoice_form.tpl on line 19
2022-11-01 13:51:26 - PHP Notice:  Undefined index: class in C:\xampp\htdocs\php_milwa_trading\admin\view\template\inventory\sale_tax_invoice_form.tpl on line 19
2022-11-01 13:51:26 - PHP Notice:  Undefined index: class in C:\xampp\htdocs\php_milwa_trading\admin\view\template\inventory\sale_tax_invoice_form.tpl on line 19
2022-11-01 13:51:26 - PHP Notice:  Undefined variable: action_cash_receipt in C:\xampp\htdocs\php_milwa_trading\admin\view\template\inventory\sale_tax_invoice_form.tpl on line 29
2022-11-01 13:51:26 - PHP Notice:  Undefined variable: action in C:\xampp\htdocs\php_milwa_trading\admin\view\template\inventory\sale_tax_invoice_form.tpl on line 96
2022-11-01 13:51:26 - PHP Notice:  Undefined variable: last_rate in C:\xampp\htdocs\php_milwa_trading\admin\view\template\inventory\sale_tax_invoice_form.tpl on line 303
2022-11-01 13:51:26 - PHP Notice:  Undefined index: href in C:\xampp\htdocs\php_milwa_trading\admin\view\template\inventory\sale_tax_invoice_form.tpl on line 344
2022-11-01 13:51:26 - PHP Notice:  Undefined variable: products in C:\xampp\htdocs\php_milwa_trading\admin\view\template\inventory\sale_tax_invoice_form.tpl on line 365
2022-11-01 13:51:26 - PHP Warning:  Invalid argument supplied for foreach() in C:\xampp\htdocs\php_milwa_trading\admin\view\template\inventory\sale_tax_invoice_form.tpl on line 365
2022-11-01 13:51:26 - PHP Notice:  Undefined variable: tax_per in C:\xampp\htdocs\php_milwa_trading\admin\view\template\inventory\sale_tax_invoice_form.tpl on line 478
2022-11-01 13:51:26 - PHP Notice:  Undefined variable: action_cash_receipt in C:\xampp\htdocs\php_milwa_trading\admin\view\template\inventory\sale_tax_invoice_form.tpl on line 519
2022-11-01 13:51:26 - PHP Notice:  Undefined variable: products in C:\xampp\htdocs\php_milwa_trading\admin\view\template\inventory\sale_tax_invoice_form.tpl on line 594
2022-11-01 13:51:26 - PHP Notice:  Undefined variable: column_right in C:\xampp\htdocs\php_milwa_trading\admin\view\template\inventory\sale_tax_invoice_form.tpl on line 736
2022-11-01 13:51:30 - PHP Notice:  Undefined index: bilty_date in C:\xampp\htdocs\php_milwa_trading\admin\controller\inventory\sale_tax_invoice.php on line 1413
2022-11-01 13:51:31 - PHP Notice:  Undefined index: exempted in C:\xampp\htdocs\php_milwa_trading\admin\controller\inventory\sale_tax_invoice.php on line 1422
2022-11-01 13:51:31 - PHP Warning:  mysqli::real_escape_string() expects parameter 1 to be string, array given in C:\xampp\htdocs\php_milwa_trading\system\database\dbmysqli.php on line 93
2022-11-01 13:51:31 - PHP Notice:  Undefined index: is_auto_increment in C:\xampp\htdocs\php_milwa_trading\system\engine\hmodel.php on line 196
2022-11-01 13:51:31 - PHP Notice:  Undefined index: column in C:\xampp\htdocs\php_milwa_trading\system\engine\hmodel.php on line 198
2022-11-01 13:51:31 - PHP Notice:  Undefined index: column in C:\xampp\htdocs\php_milwa_trading\system\engine\hmodel.php on line 199
2022-11-01 13:51:31 - PHP Notice:  Undefined index: is_auto_increment in C:\xampp\htdocs\php_milwa_trading\system\engine\hmodel.php on line 217
2022-11-01 13:51:31 - PHP Notice:  Undefined index: column in C:\xampp\htdocs\php_milwa_trading\system\engine\hmodel.php on line 220
2022-11-01 13:51:31 - PHP Notice:  Undefined index: container_no in C:\xampp\htdocs\php_milwa_trading\admin\controller\inventory\sale_tax_invoice.php on line 1622
2022-11-01 13:51:31 - PHP Notice:  Undefined index: batch_no in C:\xampp\htdocs\php_milwa_trading\admin\controller\inventory\sale_tax_invoice.php on line 1623
2022-11-01 13:51:31 - PHP Notice:  Undefined index: ref_document_id in C:\xampp\htdocs\php_milwa_trading\admin\controller\inventory\sale_tax_invoice.php on line 1664
2022-11-01 13:51:31 - PHP Notice:  Undefined index: ref_document_id in C:\xampp\htdocs\php_milwa_trading\admin\controller\inventory\sale_tax_invoice.php on line 1684
2022-11-01 13:51:31 - PHP Notice:  Undefined index: labour_charges in C:\xampp\htdocs\php_milwa_trading\admin\controller\inventory\sale_tax_invoice.php on line 1765
2022-11-01 13:51:31 - PHP Notice:  Undefined index: misc_charges in C:\xampp\htdocs\php_milwa_trading\admin\controller\inventory\sale_tax_invoice.php on line 1778
2022-11-01 13:51:31 - PHP Notice:  Undefined index: rent_charges in C:\xampp\htdocs\php_milwa_trading\admin\controller\inventory\sale_tax_invoice.php on line 1791
2022-11-01 13:51:31 - PHP Notice:  Undefined index: invoice_type in C:\xampp\htdocs\php_milwa_trading\admin\controller\inventory\sale_tax_invoice.php on line 1841
2022-11-01 13:51:31 - PHP Notice:  Undefined variable: href_gl_mapping_account in C:\xampp\htdocs\php_milwa_trading\admin\view\template\common\column_left.tpl on line 66
2022-11-01 13:51:31 - PHP Notice:  Undefined index: gl_mapping_account in C:\xampp\htdocs\php_milwa_trading\admin\view\template\common\column_left.tpl on line 66
2022-11-01 13:51:31 - PHP Notice:  Undefined variable: href_tool_dashboard in C:\xampp\htdocs\php_milwa_trading\admin\view\template\common\column_left.tpl on line 229
2022-11-01 13:51:31 - PHP Notice:  Undefined index: class in C:\xampp\htdocs\php_milwa_trading\admin\view\template\inventory\sale_tax_invoice_list.tpl on line 19
2022-11-01 13:51:31 - PHP Notice:  Undefined index: class in C:\xampp\htdocs\php_milwa_trading\admin\view\template\inventory\sale_tax_invoice_list.tpl on line 19
2022-11-01 13:51:31 - PHP Notice:  Undefined index: class in C:\xampp\htdocs\php_milwa_trading\admin\view\template\inventory\sale_tax_invoice_list.tpl on line 19
2022-11-01 13:51:31 - PHP Notice:  Undefined variable: column_right in C:\xampp\htdocs\php_milwa_trading\admin\view\template\inventory\sale_tax_invoice_list.tpl on line 79
2022-11-01 13:51:32 - PHP Warning:  Invalid argument supplied for foreach() in C:\xampp\htdocs\php_milwa_trading\admin\controller\inventory\sale_tax_invoice.php on line 2520
2022-11-01 13:51:32 - PHP Warning:  chr() expects parameter 1 to be int, string given in C:\xampp\htdocs\php_milwa_trading\system\library\tcpdf\include\tcpdf_fonts.php on line 1671
2022-11-01 13:51:33 - PHP Notice:  Undefined offset: 0 in C:\xampp\htdocs\php_milwa_trading\system\helper\utility.php on line 397
2022-11-01 13:51:45 - PHP Warning:  Invalid argument supplied for foreach() in C:\xampp\htdocs\php_milwa_trading\admin\view\template\common\preset.tpl on line 52
2022-11-01 13:51:53 - PHP Notice:  Undefined index: case_id in C:\xampp\htdocs\php_milwa_trading\admin\controller\common\home.php on line 55
2022-11-01 13:51:53 - PHP Notice:  Undefined index: case_id in C:\xampp\htdocs\php_milwa_trading\admin\controller\common\home.php on line 56
2022-11-01 13:51:53 - PHP Notice:  Undefined variable: href_gl_mapping_account in C:\xampp\htdocs\php_milwa_trading\admin\view\template\common\column_left.tpl on line 66
2022-11-01 13:51:53 - PHP Notice:  Undefined index: gl_mapping_account in C:\xampp\htdocs\php_milwa_trading\admin\view\template\common\column_left.tpl on line 66
2022-11-01 13:51:53 - PHP Notice:  Undefined variable: href_tool_dashboard in C:\xampp\htdocs\php_milwa_trading\admin\view\template\common\column_left.tpl on line 229
2022-11-01 13:51:53 - PHP Notice:  Undefined variable: bank_receipts in C:\xampp\htdocs\php_milwa_trading\admin\view\template\common\home.tpl on line 258
2022-11-01 13:51:53 - PHP Warning:  Invalid argument supplied for foreach() in C:\xampp\htdocs\php_milwa_trading\admin\view\template\common\home.tpl on line 258
2022-11-01 13:51:55 - PHP Notice:  Undefined variable: href_gl_mapping_account in C:\xampp\htdocs\php_milwa_trading\admin\view\template\common\column_left.tpl on line 66
2022-11-01 13:51:55 - PHP Notice:  Undefined index: gl_mapping_account in C:\xampp\htdocs\php_milwa_trading\admin\view\template\common\column_left.tpl on line 66
2022-11-01 13:51:55 - PHP Notice:  Undefined variable: href_tool_dashboard in C:\xampp\htdocs\php_milwa_trading\admin\view\template\common\column_left.tpl on line 229
2022-11-01 13:51:55 - PHP Notice:  Undefined index: class in C:\xampp\htdocs\php_milwa_trading\admin\view\template\inventory\sale_tax_invoice_list.tpl on line 19
2022-11-01 13:51:55 - PHP Notice:  Undefined index: class in C:\xampp\htdocs\php_milwa_trading\admin\view\template\inventory\sale_tax_invoice_list.tpl on line 19
2022-11-01 13:51:55 - PHP Notice:  Undefined index: class in C:\xampp\htdocs\php_milwa_trading\admin\view\template\inventory\sale_tax_invoice_list.tpl on line 19
2022-11-01 13:51:55 - PHP Notice:  Undefined variable: column_right in C:\xampp\htdocs\php_milwa_trading\admin\view\template\inventory\sale_tax_invoice_list.tpl on line 79
2022-11-01 13:51:58 - PHP Warning:  Invalid argument supplied for foreach() in C:\xampp\htdocs\php_milwa_trading\admin\controller\inventory\sale_tax_invoice.php on line 2520
2022-11-01 13:51:58 - PHP Warning:  chr() expects parameter 1 to be int, string given in C:\xampp\htdocs\php_milwa_trading\system\library\tcpdf\include\tcpdf_fonts.php on line 1671
2022-11-01 13:51:58 - PHP Notice:  Undefined offset: 0 in C:\xampp\htdocs\php_milwa_trading\system\helper\utility.php on line 397
2022-11-01 13:51:58 - PHP Notice:  Undefined offset: 1 in C:\xampp\htdocs\php_milwa_trading\admin\controller\inventory\sale_tax_invoice.php on line 2690
2022-11-01 13:51:58 - PHP Notice:  Undefined offset: 0 in C:\xampp\htdocs\php_milwa_trading\system\helper\utility.php on line 397
2022-11-01 13:52:11 - PHP Warning:  Invalid argument supplied for foreach() in C:\xampp\htdocs\php_milwa_trading\admin\controller\inventory\sale_tax_invoice.php on line 2189
2022-11-01 13:52:11 - PHP Warning:  chr() expects parameter 1 to be int, string given in C:\xampp\htdocs\php_milwa_trading\system\library\tcpdf\include\tcpdf_fonts.php on line 1671
2022-11-01 13:52:11 - PHP Notice:  Undefined offset: 0 in C:\xampp\htdocs\php_milwa_trading\system\helper\utility.php on line 397
2022-11-01 13:52:11 - PHP Notice:  Undefined offset: 1 in C:\xampp\htdocs\php_milwa_trading\admin\controller\inventory\sale_tax_invoice.php on line 2317
2022-11-01 13:52:11 - PHP Notice:  Undefined offset: 0 in C:\xampp\htdocs\php_milwa_trading\system\helper\utility.php on line 397
2022-11-01 13:52:23 - PHP Warning:  Invalid argument supplied for foreach() in C:\xampp\htdocs\php_milwa_trading\admin\controller\inventory\sale_tax_invoice.php on line 2520
2022-11-01 13:52:23 - PHP Warning:  chr() expects parameter 1 to be int, string given in C:\xampp\htdocs\php_milwa_trading\system\library\tcpdf\include\tcpdf_fonts.php on line 1671
2022-11-01 13:52:23 - PHP Notice:  Undefined offset: 0 in C:\xampp\htdocs\php_milwa_trading\system\helper\utility.php on line 397
2022-11-01 13:52:23 - PHP Notice:  Undefined offset: 1 in C:\xampp\htdocs\php_milwa_trading\admin\controller\inventory\sale_tax_invoice.php on line 2690
2022-11-01 13:52:23 - PHP Notice:  Undefined offset: 0 in C:\xampp\htdocs\php_milwa_trading\system\helper\utility.php on line 397
2022-11-01 13:52:39 - PHP Warning:  Invalid argument supplied for foreach() in C:\xampp\htdocs\php_milwa_trading\admin\controller\inventory\sale_tax_invoice.php on line 2189
2022-11-01 13:52:39 - PHP Warning:  chr() expects parameter 1 to be int, string given in C:\xampp\htdocs\php_milwa_trading\system\library\tcpdf\include\tcpdf_fonts.php on line 1671
2022-11-01 13:52:39 - PHP Notice:  Undefined offset: 0 in C:\xampp\htdocs\php_milwa_trading\system\helper\utility.php on line 397
2022-11-01 13:52:39 - PHP Notice:  Undefined offset: 1 in C:\xampp\htdocs\php_milwa_trading\admin\controller\inventory\sale_tax_invoice.php on line 2317
2022-11-01 13:52:39 - PHP Notice:  Undefined offset: 0 in C:\xampp\htdocs\php_milwa_trading\system\helper\utility.php on line 397
2022-11-01 13:57:07 - PHP Warning:  Invalid argument supplied for foreach() in C:\xampp\htdocs\php_milwa_trading\admin\view\template\common\preset.tpl on line 52
2022-11-01 13:57:12 - PHP Notice:  Undefined index: case_id in C:\xampp\htdocs\php_milwa_trading\admin\controller\common\home.php on line 55
2022-11-01 13:57:12 - PHP Notice:  Undefined index: case_id in C:\xampp\htdocs\php_milwa_trading\admin\controller\common\home.php on line 56
2022-11-01 13:57:12 - PHP Notice:  Undefined variable: href_gl_mapping_account in C:\xampp\htdocs\php_milwa_trading\admin\view\template\common\column_left.tpl on line 66
2022-11-01 13:57:12 - PHP Notice:  Undefined index: gl_mapping_account in C:\xampp\htdocs\php_milwa_trading\admin\view\template\common\column_left.tpl on line 66
2022-11-01 13:57:12 - PHP Notice:  Undefined variable: href_tool_dashboard in C:\xampp\htdocs\php_milwa_trading\admin\view\template\common\column_left.tpl on line 229
2022-11-01 13:57:12 - PHP Notice:  Undefined variable: bank_receipts in C:\xampp\htdocs\php_milwa_trading\admin\view\template\common\home.tpl on line 258
2022-11-01 13:57:12 - PHP Warning:  Invalid argument supplied for foreach() in C:\xampp\htdocs\php_milwa_trading\admin\view\template\common\home.tpl on line 258
2022-11-01 13:57:16 - PHP Notice:  Undefined variable: href_gl_mapping_account in C:\xampp\htdocs\php_milwa_trading\admin\view\template\common\column_left.tpl on line 66
2022-11-01 13:57:16 - PHP Notice:  Undefined index: gl_mapping_account in C:\xampp\htdocs\php_milwa_trading\admin\view\template\common\column_left.tpl on line 66
2022-11-01 13:57:16 - PHP Notice:  Undefined variable: href_tool_dashboard in C:\xampp\htdocs\php_milwa_trading\admin\view\template\common\column_left.tpl on line 229
2022-11-01 13:57:16 - PHP Notice:  Undefined index: class in C:\xampp\htdocs\php_milwa_trading\admin\view\template\inventory\sale_tax_invoice_list.tpl on line 19
2022-11-01 13:57:16 - PHP Notice:  Undefined index: class in C:\xampp\htdocs\php_milwa_trading\admin\view\template\inventory\sale_tax_invoice_list.tpl on line 19
2022-11-01 13:57:16 - PHP Notice:  Undefined index: class in C:\xampp\htdocs\php_milwa_trading\admin\view\template\inventory\sale_tax_invoice_list.tpl on line 19
2022-11-01 13:57:16 - PHP Notice:  Undefined variable: column_right in C:\xampp\htdocs\php_milwa_trading\admin\view\template\inventory\sale_tax_invoice_list.tpl on line 79
2022-11-01 13:57:25 - PHP Notice:  Undefined index: sale_tax_invoice_id in C:\xampp\htdocs\php_milwa_trading\system\engine\hcontroller.php on line 223
2022-11-01 13:57:25 - PHP Notice:  Undefined index: sale_tax_invoice_id in C:\xampp\htdocs\php_milwa_trading\system\engine\hcontroller.php on line 224
2022-11-01 13:57:25 - PHP Notice:  Undefined index: sale_tax_invoice_id in C:\xampp\htdocs\php_milwa_trading\admin\controller\inventory\sale_tax_invoice.php on line 319
2022-11-01 13:57:25 - PHP Notice:  Undefined index: sale_tax_invoice_id in C:\xampp\htdocs\php_milwa_trading\admin\controller\inventory\sale_tax_invoice.php on line 321
2022-11-01 13:57:25 - PHP Notice:  Undefined index: announcement_id in C:\xampp\htdocs\php_milwa_trading\admin\controller\inventory\sale_tax_invoice.php on line 323
2022-11-01 13:57:25 - PHP Notice:  Undefined index: sale_tax_invoice_id in C:\xampp\htdocs\php_milwa_trading\admin\controller\inventory\sale_tax_invoice.php on line 325
2022-11-01 13:57:25 - PHP Notice:  Undefined index: sale_tax_invoice_id in C:\xampp\htdocs\php_milwa_trading\admin\controller\inventory\sale_tax_invoice.php on line 327
2022-11-01 13:57:25 - PHP Notice:  Undefined index: sale_tax_invoice_id in C:\xampp\htdocs\php_milwa_trading\admin\controller\inventory\sale_tax_invoice.php on line 329
2022-11-01 13:57:25 - PHP Notice:  Undefined index: sale_tax_invoice_id in C:\xampp\htdocs\php_milwa_trading\admin\controller\inventory\sale_tax_invoice.php on line 331
2022-11-01 13:57:25 - PHP Notice:  Undefined index: sale_tax_invoice_id in C:\xampp\htdocs\php_milwa_trading\admin\controller\inventory\sale_tax_invoice.php on line 333
2022-11-01 13:57:25 - PHP Notice:  Undefined index: sale_tax_invoice_id in C:\xampp\htdocs\php_milwa_trading\admin\controller\inventory\sale_tax_invoice.php on line 335
2022-11-01 13:57:26 - PHP Notice:  Undefined index: sale_tax_invoice_id in C:\xampp\htdocs\php_milwa_trading\admin\controller\inventory\sale_tax_invoice.php on line 337
2022-11-01 13:57:26 - PHP Notice:  Undefined index: sale_tax_invoice_id in C:\xampp\htdocs\php_milwa_trading\admin\controller\inventory\sale_tax_invoice.php on line 339
2022-11-01 13:57:26 - PHP Notice:  Undefined variable: href_gl_mapping_account in C:\xampp\htdocs\php_milwa_trading\admin\view\template\common\column_left.tpl on line 66
2022-11-01 13:57:26 - PHP Notice:  Undefined index: gl_mapping_account in C:\xampp\htdocs\php_milwa_trading\admin\view\template\common\column_left.tpl on line 66
2022-11-01 13:57:26 - PHP Notice:  Undefined variable: href_tool_dashboard in C:\xampp\htdocs\php_milwa_trading\admin\view\template\common\column_left.tpl on line 229
2022-11-01 13:57:26 - PHP Notice:  Undefined index: class in C:\xampp\htdocs\php_milwa_trading\admin\view\template\inventory\sale_tax_invoice_form.tpl on line 19
2022-11-01 13:57:26 - PHP Notice:  Undefined index: class in C:\xampp\htdocs\php_milwa_trading\admin\view\template\inventory\sale_tax_invoice_form.tpl on line 19
2022-11-01 13:57:26 - PHP Notice:  Undefined index: class in C:\xampp\htdocs\php_milwa_trading\admin\view\template\inventory\sale_tax_invoice_form.tpl on line 19
2022-11-01 13:57:26 - PHP Notice:  Undefined variable: is_post in C:\xampp\htdocs\php_milwa_trading\admin\view\template\inventory\sale_tax_invoice_form.tpl on line 68
2022-11-01 13:57:26 - PHP Notice:  Undefined variable: action in C:\xampp\htdocs\php_milwa_trading\admin\view\template\inventory\sale_tax_invoice_form.tpl on line 96
2022-11-01 13:57:26 - PHP Notice:  Undefined variable: document_type_id in C:\xampp\htdocs\php_milwa_trading\admin\view\template\inventory\sale_tax_invoice_form.tpl on line 98
2022-11-01 13:57:26 - PHP Notice:  Undefined variable: sale_tax_invoice_id in C:\xampp\htdocs\php_milwa_trading\admin\view\template\inventory\sale_tax_invoice_form.tpl on line 99
2022-11-01 13:57:26 - PHP Notice:  Undefined variable: invoice_type in C:\xampp\htdocs\php_milwa_trading\admin\view\template\inventory\sale_tax_invoice_form.tpl on line 130
2022-11-01 13:57:26 - PHP Notice:  Undefined variable: invoice_type in C:\xampp\htdocs\php_milwa_trading\admin\view\template\inventory\sale_tax_invoice_form.tpl on line 138
2022-11-01 13:57:26 - PHP Notice:  Undefined variable: document_identity in C:\xampp\htdocs\php_milwa_trading\admin\view\template\inventory\sale_tax_invoice_form.tpl on line 149
2022-11-01 13:57:26 - PHP Notice:  Undefined variable: manual_ref_no in C:\xampp\htdocs\php_milwa_trading\admin\view\template\inventory\sale_tax_invoice_form.tpl on line 161
2022-11-01 13:57:26 - PHP Notice:  Undefined variable: hs_code in C:\xampp\htdocs\php_milwa_trading\admin\view\template\inventory\sale_tax_invoice_form.tpl on line 167
2022-11-01 13:57:26 - PHP Notice:  Undefined variable: ref_documents in C:\xampp\htdocs\php_milwa_trading\admin\view\template\inventory\sale_tax_invoice_form.tpl on line 210
2022-11-01 13:57:26 - PHP Warning:  Invalid argument supplied for foreach() in C:\xampp\htdocs\php_milwa_trading\admin\view\template\inventory\sale_tax_invoice_form.tpl on line 210
2022-11-01 13:57:26 - PHP Notice:  Undefined variable: po_no in C:\xampp\htdocs\php_milwa_trading\admin\view\template\inventory\sale_tax_invoice_form.tpl on line 265
2022-11-01 13:57:26 - PHP Notice:  Undefined variable: dc_no in C:\xampp\htdocs\php_milwa_trading\admin\view\template\inventory\sale_tax_invoice_form.tpl on line 266
2022-11-01 13:57:26 - PHP Notice:  Undefined variable: po_date in C:\xampp\htdocs\php_milwa_trading\admin\view\template\inventory\sale_tax_invoice_form.tpl on line 273
2022-11-01 13:57:26 - PHP Notice:  Undefined variable: billty_no in C:\xampp\htdocs\php_milwa_trading\admin\view\template\inventory\sale_tax_invoice_form.tpl on line 279
2022-11-01 13:57:26 - PHP Notice:  Undefined variable: billty_date in C:\xampp\htdocs\php_milwa_trading\admin\view\template\inventory\sale_tax_invoice_form.tpl on line 285
2022-11-01 13:57:26 - PHP Notice:  Undefined variable: customer_remarks in C:\xampp\htdocs\php_milwa_trading\admin\view\template\inventory\sale_tax_invoice_form.tpl on line 291
2022-11-01 13:57:26 - PHP Notice:  Undefined variable: remarks in C:\xampp\htdocs\php_milwa_trading\admin\view\template\inventory\sale_tax_invoice_form.tpl on line 297
2022-11-01 13:57:26 - PHP Notice:  Undefined variable: last_rate in C:\xampp\htdocs\php_milwa_trading\admin\view\template\inventory\sale_tax_invoice_form.tpl on line 303
2022-11-01 13:57:26 - PHP Notice:  Undefined variable: sale_tax_invoice_details in C:\xampp\htdocs\php_milwa_trading\admin\view\template\inventory\sale_tax_invoice_form.tpl on line 336
2022-11-01 13:57:26 - PHP Warning:  Invalid argument supplied for foreach() in C:\xampp\htdocs\php_milwa_trading\admin\view\template\inventory\sale_tax_invoice_form.tpl on line 336
2022-11-01 13:57:26 - PHP Notice:  Undefined variable: sale_tax_invoice_details in C:\xampp\htdocs\php_milwa_trading\admin\view\template\inventory\sale_tax_invoice_form.tpl on line 440
2022-11-01 13:57:26 - PHP Warning:  count(): Parameter must be an array or an object that implements Countable in C:\xampp\htdocs\php_milwa_trading\admin\view\template\inventory\sale_tax_invoice_form.tpl on line 440
2022-11-01 13:57:26 - PHP Notice:  Undefined variable: item_amount in C:\xampp\htdocs\php_milwa_trading\admin\view\template\inventory\sale_tax_invoice_form.tpl on line 452
2022-11-01 13:57:26 - PHP Notice:  Undefined variable: item_discount in C:\xampp\htdocs\php_milwa_trading\admin\view\template\inventory\sale_tax_invoice_form.tpl on line 458
2022-11-01 13:57:26 - PHP Notice:  Undefined variable: item_tax in C:\xampp\htdocs\php_milwa_trading\admin\view\template\inventory\sale_tax_invoice_form.tpl on line 464
2022-11-01 13:57:26 - PHP Notice:  Undefined variable: item_total in C:\xampp\htdocs\php_milwa_trading\admin\view\template\inventory\sale_tax_invoice_form.tpl on line 470
2022-11-01 13:57:26 - PHP Notice:  Undefined variable: tax_per in C:\xampp\htdocs\php_milwa_trading\admin\view\template\inventory\sale_tax_invoice_form.tpl on line 478
2022-11-01 13:57:26 - PHP Notice:  Undefined variable: discount_amount in C:\xampp\htdocs\php_milwa_trading\admin\view\template\inventory\sale_tax_invoice_form.tpl on line 484
2022-11-01 13:57:26 - PHP Notice:  Undefined variable: cartage in C:\xampp\htdocs\php_milwa_trading\admin\view\template\inventory\sale_tax_invoice_form.tpl on line 490
2022-11-01 13:57:26 - PHP Notice:  Undefined variable: net_amount in C:\xampp\htdocs\php_milwa_trading\admin\view\template\inventory\sale_tax_invoice_form.tpl on line 496
2022-11-01 13:57:26 - PHP Notice:  Undefined variable: cash_received in C:\xampp\htdocs\php_milwa_trading\admin\view\template\inventory\sale_tax_invoice_form.tpl on line 504
2022-11-01 13:57:26 - PHP Notice:  Undefined variable: balance_amount in C:\xampp\htdocs\php_milwa_trading\admin\view\template\inventory\sale_tax_invoice_form.tpl on line 510
2022-11-01 13:57:26 - PHP Notice:  Undefined variable: is_post in C:\xampp\htdocs\php_milwa_trading\admin\view\template\inventory\sale_tax_invoice_form.tpl on line 558
2022-11-01 13:57:26 - PHP Notice:  Undefined variable: isEdit in C:\xampp\htdocs\php_milwa_trading\admin\view\template\inventory\sale_tax_invoice_form.tpl on line 580
2022-11-01 13:57:26 - PHP Notice:  Undefined variable: sale_type in C:\xampp\htdocs\php_milwa_trading\admin\view\template\inventory\sale_tax_invoice_form.tpl on line 582
2022-11-01 13:57:26 - PHP Notice:  Undefined variable: partner_id in C:\xampp\htdocs\php_milwa_trading\admin\view\template\inventory\sale_tax_invoice_form.tpl on line 585
2022-11-01 13:57:26 - PHP Notice:  Undefined variable: products in C:\xampp\htdocs\php_milwa_trading\admin\view\template\inventory\sale_tax_invoice_form.tpl on line 594
2022-11-01 13:57:26 - PHP Notice:  Undefined index: sale_tax_invoice_id in C:\xampp\htdocs\php_milwa_trading\admin\view\template\inventory\sale_tax_invoice_form.tpl on line 651
2022-11-01 13:57:26 - PHP Notice:  Undefined variable: column_right in C:\xampp\htdocs\php_milwa_trading\admin\view\template\inventory\sale_tax_invoice_form.tpl on line 736
2022-11-01 13:57:31 - PHP Notice:  Undefined index: page in C:\xampp\htdocs\php_milwa_trading\admin\controller\inventory\sale_tax_invoice.php on line 365
2022-11-01 13:57:37 - PHP Notice:  Undefined index: page in C:\xampp\htdocs\php_milwa_trading\admin\controller\inventory\sale_tax_invoice.php on line 411
2022-11-01 13:57:40 - PHP Notice:  Undefined index: page in C:\xampp\htdocs\php_milwa_trading\admin\controller\inventory\sale_tax_invoice.php on line 411
2022-11-01 13:57:41 - PHP Notice:  Undefined index: branch_id in C:\xampp\htdocs\php_milwa_trading\admin\controller\common\function.php on line 168
2022-11-01 13:57:41 - PHP Notice:  Undefined index: rate in C:\xampp\htdocs\php_milwa_trading\admin\controller\common\function.php on line 180
2022-11-01 13:57:46 - PHP Notice:  Undefined index: page in C:\xampp\htdocs\php_milwa_trading\admin\controller\inventory\sale_tax_invoice.php on line 411
2022-11-01 13:57:47 - PHP Notice:  Undefined index: branch_id in C:\xampp\htdocs\php_milwa_trading\admin\controller\common\function.php on line 168
2022-11-01 13:57:47 - PHP Notice:  Undefined index: rate in C:\xampp\htdocs\php_milwa_trading\admin\controller\common\function.php on line 180
2022-11-01 13:59:08 - PHP Notice:  Undefined index: ref_document_id in C:\xampp\htdocs\php_milwa_trading\admin\controller\inventory\sale_tax_invoice.php on line 894
2022-11-01 13:59:08 - PHP Notice:  Undefined index: bilty_date in C:\xampp\htdocs\php_milwa_trading\admin\controller\inventory\sale_tax_invoice.php on line 908
2022-11-01 13:59:08 - PHP Warning:  mysqli::real_escape_string() expects parameter 1 to be string, array given in C:\xampp\htdocs\php_milwa_trading\system\database\dbmysqli.php on line 93
2022-11-01 13:59:08 - PHP Notice:  Undefined index: exempted in C:\xampp\htdocs\php_milwa_trading\admin\controller\inventory\sale_tax_invoice.php on line 946
2022-11-01 13:59:08 - PHP Notice:  Undefined index: is_auto_increment in C:\xampp\htdocs\php_milwa_trading\system\engine\hmodel.php on line 196
2022-11-01 13:59:08 - PHP Notice:  Undefined index: column in C:\xampp\htdocs\php_milwa_trading\system\engine\hmodel.php on line 198
2022-11-01 13:59:08 - PHP Notice:  Undefined index: column in C:\xampp\htdocs\php_milwa_trading\system\engine\hmodel.php on line 199
2022-11-01 13:59:08 - PHP Notice:  Undefined index: is_auto_increment in C:\xampp\htdocs\php_milwa_trading\system\engine\hmodel.php on line 217
2022-11-01 13:59:08 - PHP Notice:  Undefined index: column in C:\xampp\htdocs\php_milwa_trading\system\engine\hmodel.php on line 220
2022-11-01 13:59:08 - PHP Notice:  Undefined index: container_no in C:\xampp\htdocs\php_milwa_trading\admin\controller\inventory\sale_tax_invoice.php on line 1116
2022-11-01 13:59:08 - PHP Notice:  Undefined index: batch_no in C:\xampp\htdocs\php_milwa_trading\admin\controller\inventory\sale_tax_invoice.php on line 1117
2022-11-01 13:59:08 - PHP Notice:  Undefined index: ref_document_id in C:\xampp\htdocs\php_milwa_trading\admin\controller\inventory\sale_tax_invoice.php on line 1159
2022-11-01 13:59:08 - PHP Notice:  Undefined index: ref_document_id in C:\xampp\htdocs\php_milwa_trading\admin\controller\inventory\sale_tax_invoice.php on line 1179
2022-11-01 13:59:08 - PHP Notice:  Undefined index: is_auto_increment in C:\xampp\htdocs\php_milwa_trading\system\engine\hmodel.php on line 196
2022-11-01 13:59:08 - PHP Notice:  Undefined index: column in C:\xampp\htdocs\php_milwa_trading\system\engine\hmodel.php on line 198
2022-11-01 13:59:08 - PHP Notice:  Undefined index: column in C:\xampp\htdocs\php_milwa_trading\system\engine\hmodel.php on line 199
2022-11-01 13:59:08 - PHP Notice:  Undefined index: is_auto_increment in C:\xampp\htdocs\php_milwa_trading\system\engine\hmodel.php on line 217
2022-11-01 13:59:08 - PHP Notice:  Undefined index: column in C:\xampp\htdocs\php_milwa_trading\system\engine\hmodel.php on line 220
2022-11-01 13:59:08 - PHP Notice:  Undefined index: container_no in C:\xampp\htdocs\php_milwa_trading\admin\controller\inventory\sale_tax_invoice.php on line 1116
2022-11-01 13:59:08 - PHP Notice:  Undefined index: batch_no in C:\xampp\htdocs\php_milwa_trading\admin\controller\inventory\sale_tax_invoice.php on line 1117
2022-11-01 13:59:08 - PHP Notice:  Undefined index: ref_document_id in C:\xampp\htdocs\php_milwa_trading\admin\controller\inventory\sale_tax_invoice.php on line 1159
2022-11-01 13:59:08 - PHP Notice:  Undefined index: ref_document_id in C:\xampp\htdocs\php_milwa_trading\admin\controller\inventory\sale_tax_invoice.php on line 1179
2022-11-01 13:59:08 - PHP Notice:  Undefined index: labour_charges in C:\xampp\htdocs\php_milwa_trading\admin\controller\inventory\sale_tax_invoice.php on line 1262
2022-11-01 13:59:08 - PHP Notice:  Undefined index: misc_charges in C:\xampp\htdocs\php_milwa_trading\admin\controller\inventory\sale_tax_invoice.php on line 1275
2022-11-01 13:59:08 - PHP Notice:  Undefined index: rent_charges in C:\xampp\htdocs\php_milwa_trading\admin\controller\inventory\sale_tax_invoice.php on line 1288
2022-11-01 13:59:08 - PHP Notice:  Undefined index: invoice_type in C:\xampp\htdocs\php_milwa_trading\admin\controller\inventory\sale_tax_invoice.php on line 1338
2022-11-01 13:59:08 - PHP Warning:  implode(): Invalid arguments passed in C:\xampp\htdocs\php_milwa_trading\admin\controller\inventory\sale_tax_invoice.php on line 285
2022-11-01 13:59:08 - PHP Notice:  Undefined index: announcement_id in C:\xampp\htdocs\php_milwa_trading\admin\controller\inventory\sale_tax_invoice.php on line 323
2022-11-01 13:59:08 - PHP Notice:  Undefined variable: href_gl_mapping_account in C:\xampp\htdocs\php_milwa_trading\admin\view\template\common\column_left.tpl on line 66
2022-11-01 13:59:08 - PHP Notice:  Undefined index: gl_mapping_account in C:\xampp\htdocs\php_milwa_trading\admin\view\template\common\column_left.tpl on line 66
2022-11-01 13:59:08 - PHP Notice:  Undefined variable: href_tool_dashboard in C:\xampp\htdocs\php_milwa_trading\admin\view\template\common\column_left.tpl on line 229
2022-11-01 13:59:08 - PHP Notice:  Undefined index: class in C:\xampp\htdocs\php_milwa_trading\admin\view\template\inventory\sale_tax_invoice_form.tpl on line 19
2022-11-01 13:59:08 - PHP Notice:  Undefined index: class in C:\xampp\htdocs\php_milwa_trading\admin\view\template\inventory\sale_tax_invoice_form.tpl on line 19
2022-11-01 13:59:08 - PHP Notice:  Undefined index: class in C:\xampp\htdocs\php_milwa_trading\admin\view\template\inventory\sale_tax_invoice_form.tpl on line 19
2022-11-01 13:59:08 - PHP Notice:  Undefined variable: action_cash_receipt in C:\xampp\htdocs\php_milwa_trading\admin\view\template\inventory\sale_tax_invoice_form.tpl on line 29
2022-11-01 13:59:09 - PHP Notice:  Undefined variable: action in C:\xampp\htdocs\php_milwa_trading\admin\view\template\inventory\sale_tax_invoice_form.tpl on line 96
2022-11-01 13:59:09 - PHP Notice:  Undefined variable: last_rate in C:\xampp\htdocs\php_milwa_trading\admin\view\template\inventory\sale_tax_invoice_form.tpl on line 303
2022-11-01 13:59:09 - PHP Notice:  Undefined index: href in C:\xampp\htdocs\php_milwa_trading\admin\view\template\inventory\sale_tax_invoice_form.tpl on line 344
2022-11-01 13:59:09 - PHP Notice:  Undefined variable: products in C:\xampp\htdocs\php_milwa_trading\admin\view\template\inventory\sale_tax_invoice_form.tpl on line 365
2022-11-01 13:59:09 - PHP Warning:  Invalid argument supplied for foreach() in C:\xampp\htdocs\php_milwa_trading\admin\view\template\inventory\sale_tax_invoice_form.tpl on line 365
2022-11-01 13:59:09 - PHP Notice:  Undefined index: href in C:\xampp\htdocs\php_milwa_trading\admin\view\template\inventory\sale_tax_invoice_form.tpl on line 344
2022-11-01 13:59:09 - PHP Notice:  Undefined variable: products in C:\xampp\htdocs\php_milwa_trading\admin\view\template\inventory\sale_tax_invoice_form.tpl on line 365
2022-11-01 13:59:09 - PHP Warning:  Invalid argument supplied for foreach() in C:\xampp\htdocs\php_milwa_trading\admin\view\template\inventory\sale_tax_invoice_form.tpl on line 365
2022-11-01 13:59:09 - PHP Notice:  Undefined variable: tax_per in C:\xampp\htdocs\php_milwa_trading\admin\view\template\inventory\sale_tax_invoice_form.tpl on line 478
2022-11-01 13:59:09 - PHP Notice:  Undefined variable: action_cash_receipt in C:\xampp\htdocs\php_milwa_trading\admin\view\template\inventory\sale_tax_invoice_form.tpl on line 519
2022-11-01 13:59:09 - PHP Notice:  Undefined variable: products in C:\xampp\htdocs\php_milwa_trading\admin\view\template\inventory\sale_tax_invoice_form.tpl on line 594
2022-11-01 13:59:09 - PHP Notice:  Undefined variable: column_right in C:\xampp\htdocs\php_milwa_trading\admin\view\template\inventory\sale_tax_invoice_form.tpl on line 736
2022-11-01 13:59:14 - PHP Warning:  Invalid argument supplied for foreach() in C:\xampp\htdocs\php_milwa_trading\admin\controller\inventory\sale_tax_invoice.php on line 2520
2022-11-01 13:59:14 - PHP Warning:  chr() expects parameter 1 to be int, string given in C:\xampp\htdocs\php_milwa_trading\system\library\tcpdf\include\tcpdf_fonts.php on line 1671
2022-11-01 13:59:14 - PHP Notice:  Undefined offset: 0 in C:\xampp\htdocs\php_milwa_trading\system\helper\utility.php on line 397
2022-11-01 13:59:28 - PHP Warning:  Invalid argument supplied for foreach() in C:\xampp\htdocs\php_milwa_trading\admin\controller\inventory\sale_tax_invoice.php on line 2189
2022-11-01 13:59:28 - PHP Warning:  chr() expects parameter 1 to be int, string given in C:\xampp\htdocs\php_milwa_trading\system\library\tcpdf\include\tcpdf_fonts.php on line 1671
2022-11-01 13:59:28 - PHP Notice:  Undefined offset: 0 in C:\xampp\htdocs\php_milwa_trading\system\helper\utility.php on line 397
2022-11-01 14:00:15 - PHP Warning:  Invalid argument supplied for foreach() in C:\xampp\htdocs\php_milwa_trading\admin\controller\inventory\sale_tax_invoice.php on line 2520
2022-11-01 14:00:15 - PHP Warning:  chr() expects parameter 1 to be int, string given in C:\xampp\htdocs\php_milwa_trading\system\library\tcpdf\include\tcpdf_fonts.php on line 1671
2022-11-01 14:00:15 - PHP Notice:  Undefined offset: 0 in C:\xampp\htdocs\php_milwa_trading\system\helper\utility.php on line 397
2022-11-01 15:37:08 - PHP Warning:  implode(): Invalid arguments passed in C:\xampp\htdocs\php_milwa_trading\admin\controller\inventory\sale_tax_invoice.php on line 285
2022-11-01 15:37:08 - PHP Notice:  Undefined index: announcement_id in C:\xampp\htdocs\php_milwa_trading\admin\controller\inventory\sale_tax_invoice.php on line 323
2022-11-01 15:37:08 - PHP Notice:  Undefined variable: href_gl_mapping_account in C:\xampp\htdocs\php_milwa_trading\admin\view\template\common\column_left.tpl on line 66
2022-11-01 15:37:08 - PHP Notice:  Undefined index: gl_mapping_account in C:\xampp\htdocs\php_milwa_trading\admin\view\template\common\column_left.tpl on line 66
2022-11-01 15:37:08 - PHP Notice:  Undefined variable: href_tool_dashboard in C:\xampp\htdocs\php_milwa_trading\admin\view\template\common\column_left.tpl on line 229
2022-11-01 15:37:08 - PHP Notice:  Undefined index: class in C:\xampp\htdocs\php_milwa_trading\admin\view\template\inventory\sale_tax_invoice_form.tpl on line 19
2022-11-01 15:37:08 - PHP Notice:  Undefined index: class in C:\xampp\htdocs\php_milwa_trading\admin\view\template\inventory\sale_tax_invoice_form.tpl on line 19
2022-11-01 15:37:08 - PHP Notice:  Undefined index: class in C:\xampp\htdocs\php_milwa_trading\admin\view\template\inventory\sale_tax_invoice_form.tpl on line 19
2022-11-01 15:37:08 - PHP Notice:  Undefined variable: action_cash_receipt in C:\xampp\htdocs\php_milwa_trading\admin\view\template\inventory\sale_tax_invoice_form.tpl on line 29
2022-11-01 15:37:09 - PHP Notice:  Undefined variable: action in C:\xampp\htdocs\php_milwa_trading\admin\view\template\inventory\sale_tax_invoice_form.tpl on line 96
2022-11-01 15:37:09 - PHP Notice:  Undefined variable: last_rate in C:\xampp\htdocs\php_milwa_trading\admin\view\template\inventory\sale_tax_invoice_form.tpl on line 303
2022-11-01 15:37:09 - PHP Notice:  Undefined index: href in C:\xampp\htdocs\php_milwa_trading\admin\view\template\inventory\sale_tax_invoice_form.tpl on line 344
2022-11-01 15:37:09 - PHP Notice:  Undefined variable: products in C:\xampp\htdocs\php_milwa_trading\admin\view\template\inventory\sale_tax_invoice_form.tpl on line 365
2022-11-01 15:37:09 - PHP Warning:  Invalid argument supplied for foreach() in C:\xampp\htdocs\php_milwa_trading\admin\view\template\inventory\sale_tax_invoice_form.tpl on line 365
2022-11-01 15:37:09 - PHP Notice:  Undefined index: href in C:\xampp\htdocs\php_milwa_trading\admin\view\template\inventory\sale_tax_invoice_form.tpl on line 344
2022-11-01 15:37:09 - PHP Notice:  Undefined variable: products in C:\xampp\htdocs\php_milwa_trading\admin\view\template\inventory\sale_tax_invoice_form.tpl on line 365
2022-11-01 15:37:09 - PHP Warning:  Invalid argument supplied for foreach() in C:\xampp\htdocs\php_milwa_trading\admin\view\template\inventory\sale_tax_invoice_form.tpl on line 365
2022-11-01 15:37:09 - PHP Notice:  Undefined variable: tax_per in C:\xampp\htdocs\php_milwa_trading\admin\view\template\inventory\sale_tax_invoice_form.tpl on line 478
2022-11-01 15:37:09 - PHP Notice:  Undefined variable: action_cash_receipt in C:\xampp\htdocs\php_milwa_trading\admin\view\template\inventory\sale_tax_invoice_form.tpl on line 519
2022-11-01 15:37:09 - PHP Notice:  Undefined variable: products in C:\xampp\htdocs\php_milwa_trading\admin\view\template\inventory\sale_tax_invoice_form.tpl on line 594
2022-11-01 15:37:09 - PHP Notice:  Undefined variable: column_right in C:\xampp\htdocs\php_milwa_trading\admin\view\template\inventory\sale_tax_invoice_form.tpl on line 736
2022-11-01 16:13:48 - PHP Warning:  Invalid argument supplied for foreach() in C:\xampp\htdocs\php_milwa_trading\admin\controller\inventory\sale_tax_invoice.php on line 2189
2022-11-01 16:13:48 - PHP Warning:  chr() expects parameter 1 to be int, string given in C:\xampp\htdocs\php_milwa_trading\system\library\tcpdf\include\tcpdf_fonts.php on line 1671
2022-11-01 16:13:49 - PHP Notice:  Undefined index: company_branch_id in C:\xampp\htdocs\php_milwa_trading\admin\controller\inventory\sale_tax_invoice.php on line 3346
2022-11-01 16:13:50 - PHP Notice:  Undefined offset: 0 in C:\xampp\htdocs\php_milwa_trading\system\helper\utility.php on line 397
2022-11-01 16:13:58 - PHP Warning:  Invalid argument supplied for foreach() in C:\xampp\htdocs\php_milwa_trading\admin\controller\inventory\sale_tax_invoice.php on line 2547
2022-11-01 16:13:58 - PHP Warning:  chr() expects parameter 1 to be int, string given in C:\xampp\htdocs\php_milwa_trading\system\library\tcpdf\include\tcpdf_fonts.php on line 1671
2022-11-01 16:13:59 - PHP Notice:  Undefined offset: 0 in C:\xampp\htdocs\php_milwa_trading\system\helper\utility.php on line 397
2022-11-01 16:14:08 - PHP Notice:  Undefined variable: href_gl_mapping_account in C:\xampp\htdocs\php_milwa_trading\admin\view\template\common\column_left.tpl on line 66
2022-11-01 16:14:08 - PHP Notice:  Undefined index: gl_mapping_account in C:\xampp\htdocs\php_milwa_trading\admin\view\template\common\column_left.tpl on line 66
2022-11-01 16:14:08 - PHP Notice:  Undefined variable: href_tool_dashboard in C:\xampp\htdocs\php_milwa_trading\admin\view\template\common\column_left.tpl on line 229
2022-11-01 16:14:08 - PHP Notice:  Undefined index: class in C:\xampp\htdocs\php_milwa_trading\admin\view\template\inventory\sale_tax_invoice_list.tpl on line 19
2022-11-01 16:14:08 - PHP Notice:  Undefined index: class in C:\xampp\htdocs\php_milwa_trading\admin\view\template\inventory\sale_tax_invoice_list.tpl on line 19
2022-11-01 16:14:08 - PHP Notice:  Undefined index: class in C:\xampp\htdocs\php_milwa_trading\admin\view\template\inventory\sale_tax_invoice_list.tpl on line 19
2022-11-01 16:14:08 - PHP Notice:  Undefined variable: column_right in C:\xampp\htdocs\php_milwa_trading\admin\view\template\inventory\sale_tax_invoice_list.tpl on line 79
2022-11-01 16:14:18 - PHP Warning:  Invalid argument supplied for foreach() in C:\xampp\htdocs\php_milwa_trading\admin\controller\inventory\sale_tax_invoice.php on line 2189
2022-11-01 16:14:18 - PHP Warning:  chr() expects parameter 1 to be int, string given in C:\xampp\htdocs\php_milwa_trading\system\library\tcpdf\include\tcpdf_fonts.php on line 1671
2022-11-01 16:14:19 - PHP Notice:  Undefined index: company_branch_id in C:\xampp\htdocs\php_milwa_trading\admin\controller\inventory\sale_tax_invoice.php on line 3346
2022-11-01 16:14:19 - PHP Notice:  Undefined offset: 0 in C:\xampp\htdocs\php_milwa_trading\system\helper\utility.php on line 397
2022-11-01 16:14:19 - PHP Notice:  Undefined offset: 0 in C:\xampp\htdocs\php_milwa_trading\system\helper\utility.php on line 397
2022-11-01 16:14:20 - PHP Warning:  Invalid argument supplied for foreach() in C:\xampp\htdocs\php_milwa_trading\admin\controller\inventory\sale_tax_invoice.php on line 2547
2022-11-01 16:14:20 - PHP Warning:  chr() expects parameter 1 to be int, string given in C:\xampp\htdocs\php_milwa_trading\system\library\tcpdf\include\tcpdf_fonts.php on line 1671
2022-11-01 16:14:21 - PHP Notice:  Undefined offset: 0 in C:\xampp\htdocs\php_milwa_trading\system\helper\utility.php on line 397
2022-11-01 16:14:21 - PHP Notice:  Undefined offset: 0 in C:\xampp\htdocs\php_milwa_trading\system\helper\utility.php on line 397
2022-11-01 16:14:49 - PHP Warning:  Invalid argument supplied for foreach() in C:\xampp\htdocs\php_milwa_trading\admin\view\template\common\preset.tpl on line 52
2022-11-01 16:14:51 - PHP Notice:  Undefined index: case_id in C:\xampp\htdocs\php_milwa_trading\admin\controller\common\home.php on line 55
2022-11-01 16:14:52 - PHP Notice:  Undefined index: case_id in C:\xampp\htdocs\php_milwa_trading\admin\controller\common\home.php on line 56
2022-11-01 16:14:52 - PHP Notice:  Undefined variable: href_gl_mapping_account in C:\xampp\htdocs\php_milwa_trading\admin\view\template\common\column_left.tpl on line 66
2022-11-01 16:14:52 - PHP Notice:  Undefined index: gl_mapping_account in C:\xampp\htdocs\php_milwa_trading\admin\view\template\common\column_left.tpl on line 66
2022-11-01 16:14:52 - PHP Notice:  Undefined variable: href_tool_dashboard in C:\xampp\htdocs\php_milwa_trading\admin\view\template\common\column_left.tpl on line 229
2022-11-01 16:14:52 - PHP Notice:  Undefined variable: bank_receipts in C:\xampp\htdocs\php_milwa_trading\admin\view\template\common\home.tpl on line 258
2022-11-01 16:14:52 - PHP Warning:  Invalid argument supplied for foreach() in C:\xampp\htdocs\php_milwa_trading\admin\view\template\common\home.tpl on line 258
2022-11-01 16:14:54 - PHP Notice:  Undefined variable: href_gl_mapping_account in C:\xampp\htdocs\php_milwa_trading\admin\view\template\common\column_left.tpl on line 66
2022-11-01 16:14:54 - PHP Notice:  Undefined index: gl_mapping_account in C:\xampp\htdocs\php_milwa_trading\admin\view\template\common\column_left.tpl on line 66
2022-11-01 16:14:54 - PHP Notice:  Undefined variable: href_tool_dashboard in C:\xampp\htdocs\php_milwa_trading\admin\view\template\common\column_left.tpl on line 229
2022-11-01 16:14:54 - PHP Notice:  Undefined index: class in C:\xampp\htdocs\php_milwa_trading\admin\view\template\inventory\sale_tax_invoice_list.tpl on line 19
2022-11-01 16:14:54 - PHP Notice:  Undefined index: class in C:\xampp\htdocs\php_milwa_trading\admin\view\template\inventory\sale_tax_invoice_list.tpl on line 19
2022-11-01 16:14:54 - PHP Notice:  Undefined index: class in C:\xampp\htdocs\php_milwa_trading\admin\view\template\inventory\sale_tax_invoice_list.tpl on line 19
2022-11-01 16:14:54 - PHP Notice:  Undefined variable: column_right in C:\xampp\htdocs\php_milwa_trading\admin\view\template\inventory\sale_tax_invoice_list.tpl on line 79
2022-11-01 16:14:57 - PHP Warning:  Invalid argument supplied for foreach() in C:\xampp\htdocs\php_milwa_trading\admin\controller\inventory\sale_tax_invoice.php on line 2189
2022-11-01 16:14:57 - PHP Warning:  chr() expects parameter 1 to be int, string given in C:\xampp\htdocs\php_milwa_trading\system\library\tcpdf\include\tcpdf_fonts.php on line 1671
2022-11-01 16:14:57 - PHP Notice:  Undefined index: company_branch_id in C:\xampp\htdocs\php_milwa_trading\admin\controller\inventory\sale_tax_invoice.php on line 3265
2022-11-01 16:14:57 - PHP Notice:  Undefined index: company_branch_id in C:\xampp\htdocs\php_milwa_trading\admin\controller\inventory\sale_tax_invoice.php on line 3346
2022-11-01 16:14:57 - PHP Notice:  Undefined offset: 0 in C:\xampp\htdocs\php_milwa_trading\system\helper\utility.php on line 397
2022-11-01 16:14:57 - PHP Notice:  Undefined offset: 1 in C:\xampp\htdocs\php_milwa_trading\admin\controller\inventory\sale_tax_invoice.php on line 2354
2022-11-01 16:14:57 - PHP Notice:  Undefined offset: 0 in C:\xampp\htdocs\php_milwa_trading\system\helper\utility.php on line 397
2022-11-01 16:14:57 - PHP Warning:  Invalid argument supplied for foreach() in C:\xampp\htdocs\php_milwa_trading\admin\controller\inventory\sale_tax_invoice.php on line 2547
2022-11-01 16:14:57 - PHP Warning:  chr() expects parameter 1 to be int, string given in C:\xampp\htdocs\php_milwa_trading\system\library\tcpdf\include\tcpdf_fonts.php on line 1671
2022-11-01 16:14:57 - PHP Notice:  Undefined offset: 0 in C:\xampp\htdocs\php_milwa_trading\system\helper\utility.php on line 397
2022-11-01 16:14:57 - PHP Notice:  Undefined offset: 1 in C:\xampp\htdocs\php_milwa_trading\admin\controller\inventory\sale_tax_invoice.php on line 2722
2022-11-01 16:14:57 - PHP Notice:  Undefined offset: 0 in C:\xampp\htdocs\php_milwa_trading\system\helper\utility.php on line 397
2022-11-01 16:15:14 - PHP Warning:  Invalid argument supplied for foreach() in C:\xampp\htdocs\php_milwa_trading\admin\controller\inventory\sale_tax_invoice.php on line 2189
2022-11-01 16:15:14 - PHP Warning:  chr() expects parameter 1 to be int, string given in C:\xampp\htdocs\php_milwa_trading\system\library\tcpdf\include\tcpdf_fonts.php on line 1671
2022-11-01 16:15:14 - PHP Notice:  Undefined index: company_branch_id in C:\xampp\htdocs\php_milwa_trading\admin\controller\inventory\sale_tax_invoice.php on line 3265
2022-11-01 16:15:14 - PHP Notice:  Undefined index: company_branch_id in C:\xampp\htdocs\php_milwa_trading\admin\controller\inventory\sale_tax_invoice.php on line 3346
2022-11-01 16:15:14 - PHP Notice:  Undefined offset: 0 in C:\xampp\htdocs\php_milwa_trading\system\helper\utility.php on line 397
2022-11-01 16:15:14 - PHP Notice:  Undefined offset: 1 in C:\xampp\htdocs\php_milwa_trading\admin\controller\inventory\sale_tax_invoice.php on line 2354
2022-11-01 16:15:14 - PHP Notice:  Undefined offset: 0 in C:\xampp\htdocs\php_milwa_trading\system\helper\utility.php on line 397
2022-11-01 16:15:14 - PHP Warning:  Invalid argument supplied for foreach() in C:\xampp\htdocs\php_milwa_trading\admin\controller\inventory\sale_tax_invoice.php on line 2547
2022-11-01 16:15:14 - PHP Warning:  chr() expects parameter 1 to be int, string given in C:\xampp\htdocs\php_milwa_trading\system\library\tcpdf\include\tcpdf_fonts.php on line 1671
2022-11-01 16:15:14 - PHP Notice:  Undefined offset: 0 in C:\xampp\htdocs\php_milwa_trading\system\helper\utility.php on line 397
2022-11-01 16:15:14 - PHP Notice:  Undefined offset: 1 in C:\xampp\htdocs\php_milwa_trading\admin\controller\inventory\sale_tax_invoice.php on line 2722
2022-11-01 16:15:15 - PHP Notice:  Undefined offset: 0 in C:\xampp\htdocs\php_milwa_trading\system\helper\utility.php on line 397
2022-11-01 16:40:36 - PHP Notice:  Undefined index: sale_tax_invoice_id in C:\xampp\htdocs\php_milwa_trading\system\engine\hcontroller.php on line 223
2022-11-01 16:40:36 - PHP Notice:  Undefined index: sale_tax_invoice_id in C:\xampp\htdocs\php_milwa_trading\system\engine\hcontroller.php on line 224
2022-11-01 16:40:36 - PHP Notice:  Undefined index: sale_tax_invoice_id in C:\xampp\htdocs\php_milwa_trading\admin\controller\inventory\sale_tax_invoice.php on line 319
2022-11-01 16:40:36 - PHP Notice:  Undefined index: sale_tax_invoice_id in C:\xampp\htdocs\php_milwa_trading\admin\controller\inventory\sale_tax_invoice.php on line 321
2022-11-01 16:40:36 - PHP Notice:  Undefined index: announcement_id in C:\xampp\htdocs\php_milwa_trading\admin\controller\inventory\sale_tax_invoice.php on line 323
2022-11-01 16:40:36 - PHP Notice:  Undefined index: sale_tax_invoice_id in C:\xampp\htdocs\php_milwa_trading\admin\controller\inventory\sale_tax_invoice.php on line 325
2022-11-01 16:40:36 - PHP Notice:  Undefined index: sale_tax_invoice_id in C:\xampp\htdocs\php_milwa_trading\admin\controller\inventory\sale_tax_invoice.php on line 327
2022-11-01 16:40:36 - PHP Notice:  Undefined index: sale_tax_invoice_id in C:\xampp\htdocs\php_milwa_trading\admin\controller\inventory\sale_tax_invoice.php on line 329
2022-11-01 16:40:36 - PHP Notice:  Undefined index: sale_tax_invoice_id in C:\xampp\htdocs\php_milwa_trading\admin\controller\inventory\sale_tax_invoice.php on line 331
2022-11-01 16:40:36 - PHP Notice:  Undefined index: sale_tax_invoice_id in C:\xampp\htdocs\php_milwa_trading\admin\controller\inventory\sale_tax_invoice.php on line 333
2022-11-01 16:40:36 - PHP Notice:  Undefined index: sale_tax_invoice_id in C:\xampp\htdocs\php_milwa_trading\admin\controller\inventory\sale_tax_invoice.php on line 335
2022-11-01 16:40:36 - PHP Notice:  Undefined index: sale_tax_invoice_id in C:\xampp\htdocs\php_milwa_trading\admin\controller\inventory\sale_tax_invoice.php on line 337
2022-11-01 16:40:36 - PHP Notice:  Undefined index: sale_tax_invoice_id in C:\xampp\htdocs\php_milwa_trading\admin\controller\inventory\sale_tax_invoice.php on line 339
2022-11-01 16:40:36 - PHP Notice:  Undefined variable: href_gl_mapping_account in C:\xampp\htdocs\php_milwa_trading\admin\view\template\common\column_left.tpl on line 66
2022-11-01 16:40:36 - PHP Notice:  Undefined index: gl_mapping_account in C:\xampp\htdocs\php_milwa_trading\admin\view\template\common\column_left.tpl on line 66
2022-11-01 16:40:36 - PHP Notice:  Undefined variable: href_tool_dashboard in C:\xampp\htdocs\php_milwa_trading\admin\view\template\common\column_left.tpl on line 229
2022-11-01 16:40:36 - PHP Notice:  Undefined index: class in C:\xampp\htdocs\php_milwa_trading\admin\view\template\inventory\sale_tax_invoice_form.tpl on line 19
2022-11-01 16:40:36 - PHP Notice:  Undefined index: class in C:\xampp\htdocs\php_milwa_trading\admin\view\template\inventory\sale_tax_invoice_form.tpl on line 19
2022-11-01 16:40:36 - PHP Notice:  Undefined index: class in C:\xampp\htdocs\php_milwa_trading\admin\view\template\inventory\sale_tax_invoice_form.tpl on line 19
2022-11-01 16:40:36 - PHP Notice:  Undefined variable: is_post in C:\xampp\htdocs\php_milwa_trading\admin\view\template\inventory\sale_tax_invoice_form.tpl on line 68
2022-11-01 16:40:36 - PHP Notice:  Undefined variable: action in C:\xampp\htdocs\php_milwa_trading\admin\view\template\inventory\sale_tax_invoice_form.tpl on line 96
2022-11-01 16:40:36 - PHP Notice:  Undefined variable: document_type_id in C:\xampp\htdocs\php_milwa_trading\admin\view\template\inventory\sale_tax_invoice_form.tpl on line 98
2022-11-01 16:40:36 - PHP Notice:  Undefined variable: sale_tax_invoice_id in C:\xampp\htdocs\php_milwa_trading\admin\view\template\inventory\sale_tax_invoice_form.tpl on line 99
2022-11-01 16:40:36 - PHP Notice:  Undefined variable: invoice_type in C:\xampp\htdocs\php_milwa_trading\admin\view\template\inventory\sale_tax_invoice_form.tpl on line 130
2022-11-01 16:40:36 - PHP Notice:  Undefined variable: invoice_type in C:\xampp\htdocs\php_milwa_trading\admin\view\template\inventory\sale_tax_invoice_form.tpl on line 138
2022-11-01 16:40:36 - PHP Notice:  Undefined variable: document_identity in C:\xampp\htdocs\php_milwa_trading\admin\view\template\inventory\sale_tax_invoice_form.tpl on line 149
2022-11-01 16:40:36 - PHP Notice:  Undefined variable: manual_ref_no in C:\xampp\htdocs\php_milwa_trading\admin\view\template\inventory\sale_tax_invoice_form.tpl on line 161
2022-11-01 16:40:36 - PHP Notice:  Undefined variable: hs_code in C:\xampp\htdocs\php_milwa_trading\admin\view\template\inventory\sale_tax_invoice_form.tpl on line 167
2022-11-01 16:40:36 - PHP Notice:  Undefined variable: ref_documents in C:\xampp\htdocs\php_milwa_trading\admin\view\template\inventory\sale_tax_invoice_form.tpl on line 210
2022-11-01 16:40:37 - PHP Warning:  Invalid argument supplied for foreach() in C:\xampp\htdocs\php_milwa_trading\admin\view\template\inventory\sale_tax_invoice_form.tpl on line 210
2022-11-01 16:40:37 - PHP Notice:  Undefined variable: po_no in C:\xampp\htdocs\php_milwa_trading\admin\view\template\inventory\sale_tax_invoice_form.tpl on line 265
2022-11-01 16:40:37 - PHP Notice:  Undefined variable: dc_no in C:\xampp\htdocs\php_milwa_trading\admin\view\template\inventory\sale_tax_invoice_form.tpl on line 266
2022-11-01 16:40:37 - PHP Notice:  Undefined variable: po_date in C:\xampp\htdocs\php_milwa_trading\admin\view\template\inventory\sale_tax_invoice_form.tpl on line 273
2022-11-01 16:40:37 - PHP Notice:  Undefined variable: billty_no in C:\xampp\htdocs\php_milwa_trading\admin\view\template\inventory\sale_tax_invoice_form.tpl on line 279
2022-11-01 16:40:37 - PHP Notice:  Undefined variable: billty_date in C:\xampp\htdocs\php_milwa_trading\admin\view\template\inventory\sale_tax_invoice_form.tpl on line 285
2022-11-01 16:40:37 - PHP Notice:  Undefined variable: customer_remarks in C:\xampp\htdocs\php_milwa_trading\admin\view\template\inventory\sale_tax_invoice_form.tpl on line 291
2022-11-01 16:40:37 - PHP Notice:  Undefined variable: remarks in C:\xampp\htdocs\php_milwa_trading\admin\view\template\inventory\sale_tax_invoice_form.tpl on line 297
2022-11-01 16:40:37 - PHP Notice:  Undefined variable: last_rate in C:\xampp\htdocs\php_milwa_trading\admin\view\template\inventory\sale_tax_invoice_form.tpl on line 303
2022-11-01 16:40:37 - PHP Notice:  Undefined variable: sale_tax_invoice_details in C:\xampp\htdocs\php_milwa_trading\admin\view\template\inventory\sale_tax_invoice_form.tpl on line 336
2022-11-01 16:40:37 - PHP Warning:  Invalid argument supplied for foreach() in C:\xampp\htdocs\php_milwa_trading\admin\view\template\inventory\sale_tax_invoice_form.tpl on line 336
2022-11-01 16:40:37 - PHP Notice:  Undefined variable: sale_tax_invoice_details in C:\xampp\htdocs\php_milwa_trading\admin\view\template\inventory\sale_tax_invoice_form.tpl on line 440
2022-11-01 16:40:37 - PHP Warning:  count(): Parameter must be an array or an object that implements Countable in C:\xampp\htdocs\php_milwa_trading\admin\view\template\inventory\sale_tax_invoice_form.tpl on line 440
2022-11-01 16:40:37 - PHP Notice:  Undefined variable: item_amount in C:\xampp\htdocs\php_milwa_trading\admin\view\template\inventory\sale_tax_invoice_form.tpl on line 452
2022-11-01 16:40:37 - PHP Notice:  Undefined variable: item_discount in C:\xampp\htdocs\php_milwa_trading\admin\view\template\inventory\sale_tax_invoice_form.tpl on line 458
2022-11-01 16:40:37 - PHP Notice:  Undefined variable: item_tax in C:\xampp\htdocs\php_milwa_trading\admin\view\template\inventory\sale_tax_invoice_form.tpl on line 464
2022-11-01 16:40:37 - PHP Notice:  Undefined variable: item_total in C:\xampp\htdocs\php_milwa_trading\admin\view\template\inventory\sale_tax_invoice_form.tpl on line 470
2022-11-01 16:40:37 - PHP Notice:  Undefined variable: tax_per in C:\xampp\htdocs\php_milwa_trading\admin\view\template\inventory\sale_tax_invoice_form.tpl on line 478
2022-11-01 16:40:37 - PHP Notice:  Undefined variable: discount_amount in C:\xampp\htdocs\php_milwa_trading\admin\view\template\inventory\sale_tax_invoice_form.tpl on line 484
2022-11-01 16:40:37 - PHP Notice:  Undefined variable: cartage in C:\xampp\htdocs\php_milwa_trading\admin\view\template\inventory\sale_tax_invoice_form.tpl on line 490
2022-11-01 16:40:37 - PHP Notice:  Undefined variable: net_amount in C:\xampp\htdocs\php_milwa_trading\admin\view\template\inventory\sale_tax_invoice_form.tpl on line 496
2022-11-01 16:40:37 - PHP Notice:  Undefined variable: cash_received in C:\xampp\htdocs\php_milwa_trading\admin\view\template\inventory\sale_tax_invoice_form.tpl on line 504
2022-11-01 16:40:37 - PHP Notice:  Undefined variable: balance_amount in C:\xampp\htdocs\php_milwa_trading\admin\view\template\inventory\sale_tax_invoice_form.tpl on line 510
2022-11-01 16:40:37 - PHP Notice:  Undefined variable: is_post in C:\xampp\htdocs\php_milwa_trading\admin\view\template\inventory\sale_tax_invoice_form.tpl on line 558
2022-11-01 16:40:37 - PHP Notice:  Undefined variable: isEdit in C:\xampp\htdocs\php_milwa_trading\admin\view\template\inventory\sale_tax_invoice_form.tpl on line 580
2022-11-01 16:40:37 - PHP Notice:  Undefined variable: sale_type in C:\xampp\htdocs\php_milwa_trading\admin\view\template\inventory\sale_tax_invoice_form.tpl on line 582
2022-11-01 16:40:37 - PHP Notice:  Undefined variable: partner_id in C:\xampp\htdocs\php_milwa_trading\admin\view\template\inventory\sale_tax_invoice_form.tpl on line 585
2022-11-01 16:40:37 - PHP Notice:  Undefined variable: products in C:\xampp\htdocs\php_milwa_trading\admin\view\template\inventory\sale_tax_invoice_form.tpl on line 594
2022-11-01 16:40:37 - PHP Notice:  Undefined index: sale_tax_invoice_id in C:\xampp\htdocs\php_milwa_trading\admin\view\template\inventory\sale_tax_invoice_form.tpl on line 651
2022-11-01 16:40:37 - PHP Notice:  Undefined variable: column_right in C:\xampp\htdocs\php_milwa_trading\admin\view\template\inventory\sale_tax_invoice_form.tpl on line 736
2022-11-01 16:40:41 - PHP Notice:  Undefined index: page in C:\xampp\htdocs\php_milwa_trading\admin\controller\inventory\sale_tax_invoice.php on line 365
2022-11-01 16:40:47 - PHP Notice:  Undefined index: page in C:\xampp\htdocs\php_milwa_trading\admin\controller\inventory\sale_tax_invoice.php on line 411
2022-11-01 16:40:50 - PHP Notice:  Undefined index: page in C:\xampp\htdocs\php_milwa_trading\admin\controller\inventory\sale_tax_invoice.php on line 411
2022-11-01 16:40:51 - PHP Notice:  Undefined index: branch_id in C:\xampp\htdocs\php_milwa_trading\admin\controller\common\function.php on line 168
2022-11-01 16:40:51 - PHP Notice:  Undefined index: rate in C:\xampp\htdocs\php_milwa_trading\admin\controller\common\function.php on line 176
2022-11-01 16:40:51 - PHP Notice:  Undefined index: rate in C:\xampp\htdocs\php_milwa_trading\admin\controller\common\function.php on line 180
2022-11-01 16:40:57 - PHP Notice:  Undefined index: ref_document_id in C:\xampp\htdocs\php_milwa_trading\admin\controller\inventory\sale_tax_invoice.php on line 894
2022-11-01 16:40:57 - PHP Notice:  Undefined index: bilty_date in C:\xampp\htdocs\php_milwa_trading\admin\controller\inventory\sale_tax_invoice.php on line 908
2022-11-01 16:40:57 - PHP Warning:  mysqli::real_escape_string() expects parameter 1 to be string, array given in C:\xampp\htdocs\php_milwa_trading\system\database\dbmysqli.php on line 93
2022-11-01 16:40:57 - PHP Notice:  Undefined index: exempted in C:\xampp\htdocs\php_milwa_trading\admin\controller\inventory\sale_tax_invoice.php on line 946
2022-11-01 16:40:57 - PHP Notice:  Undefined index: is_auto_increment in C:\xampp\htdocs\php_milwa_trading\system\engine\hmodel.php on line 196
2022-11-01 16:40:57 - PHP Notice:  Undefined index: column in C:\xampp\htdocs\php_milwa_trading\system\engine\hmodel.php on line 198
2022-11-01 16:40:57 - PHP Notice:  Undefined index: column in C:\xampp\htdocs\php_milwa_trading\system\engine\hmodel.php on line 199
2022-11-01 16:40:57 - PHP Notice:  Undefined index: is_auto_increment in C:\xampp\htdocs\php_milwa_trading\system\engine\hmodel.php on line 217
2022-11-01 16:40:57 - PHP Notice:  Undefined index: column in C:\xampp\htdocs\php_milwa_trading\system\engine\hmodel.php on line 220
2022-11-01 16:40:57 - PHP Notice:  Undefined index: container_no in C:\xampp\htdocs\php_milwa_trading\admin\controller\inventory\sale_tax_invoice.php on line 1116
2022-11-01 16:40:58 - PHP Notice:  Undefined index: batch_no in C:\xampp\htdocs\php_milwa_trading\admin\controller\inventory\sale_tax_invoice.php on line 1117
2022-11-01 16:40:58 - PHP Notice:  Undefined index: ref_document_id in C:\xampp\htdocs\php_milwa_trading\admin\controller\inventory\sale_tax_invoice.php on line 1159
2022-11-01 16:40:58 - PHP Notice:  Undefined index: ref_document_id in C:\xampp\htdocs\php_milwa_trading\admin\controller\inventory\sale_tax_invoice.php on line 1179
2022-11-01 16:40:58 - PHP Notice:  Undefined index: labour_charges in C:\xampp\htdocs\php_milwa_trading\admin\controller\inventory\sale_tax_invoice.php on line 1262
2022-11-01 16:40:58 - PHP Notice:  Undefined index: misc_charges in C:\xampp\htdocs\php_milwa_trading\admin\controller\inventory\sale_tax_invoice.php on line 1275
2022-11-01 16:40:58 - PHP Notice:  Undefined index: rent_charges in C:\xampp\htdocs\php_milwa_trading\admin\controller\inventory\sale_tax_invoice.php on line 1288
2022-11-01 16:40:58 - PHP Notice:  Undefined index: invoice_type in C:\xampp\htdocs\php_milwa_trading\admin\controller\inventory\sale_tax_invoice.php on line 1338
2022-11-01 16:40:58 - PHP Warning:  implode(): Invalid arguments passed in C:\xampp\htdocs\php_milwa_trading\admin\controller\inventory\sale_tax_invoice.php on line 285
2022-11-01 16:40:58 - PHP Notice:  Undefined index: announcement_id in C:\xampp\htdocs\php_milwa_trading\admin\controller\inventory\sale_tax_invoice.php on line 323
2022-11-01 16:40:58 - PHP Notice:  Undefined variable: href_gl_mapping_account in C:\xampp\htdocs\php_milwa_trading\admin\view\template\common\column_left.tpl on line 66
2022-11-01 16:40:58 - PHP Notice:  Undefined index: gl_mapping_account in C:\xampp\htdocs\php_milwa_trading\admin\view\template\common\column_left.tpl on line 66
2022-11-01 16:40:58 - PHP Notice:  Undefined variable: href_tool_dashboard in C:\xampp\htdocs\php_milwa_trading\admin\view\template\common\column_left.tpl on line 229
2022-11-01 16:40:58 - PHP Notice:  Undefined index: class in C:\xampp\htdocs\php_milwa_trading\admin\view\template\inventory\sale_tax_invoice_form.tpl on line 19
2022-11-01 16:40:58 - PHP Notice:  Undefined index: class in C:\xampp\htdocs\php_milwa_trading\admin\view\template\inventory\sale_tax_invoice_form.tpl on line 19
2022-11-01 16:40:58 - PHP Notice:  Undefined index: class in C:\xampp\htdocs\php_milwa_trading\admin\view\template\inventory\sale_tax_invoice_form.tpl on line 19
2022-11-01 16:40:58 - PHP Notice:  Undefined variable: action_cash_receipt in C:\xampp\htdocs\php_milwa_trading\admin\view\template\inventory\sale_tax_invoice_form.tpl on line 29
2022-11-01 16:40:58 - PHP Notice:  Undefined variable: action in C:\xampp\htdocs\php_milwa_trading\admin\view\template\inventory\sale_tax_invoice_form.tpl on line 96
2022-11-01 16:40:58 - PHP Notice:  Undefined variable: last_rate in C:\xampp\htdocs\php_milwa_trading\admin\view\template\inventory\sale_tax_invoice_form.tpl on line 303
2022-11-01 16:40:58 - PHP Notice:  Undefined index: href in C:\xampp\htdocs\php_milwa_trading\admin\view\template\inventory\sale_tax_invoice_form.tpl on line 344
2022-11-01 16:40:58 - PHP Notice:  Undefined variable: products in C:\xampp\htdocs\php_milwa_trading\admin\view\template\inventory\sale_tax_invoice_form.tpl on line 365
2022-11-01 16:40:58 - PHP Warning:  Invalid argument supplied for foreach() in C:\xampp\htdocs\php_milwa_trading\admin\view\template\inventory\sale_tax_invoice_form.tpl on line 365
2022-11-01 16:40:58 - PHP Notice:  Undefined variable: tax_per in C:\xampp\htdocs\php_milwa_trading\admin\view\template\inventory\sale_tax_invoice_form.tpl on line 478
2022-11-01 16:40:58 - PHP Notice:  Undefined variable: action_cash_receipt in C:\xampp\htdocs\php_milwa_trading\admin\view\template\inventory\sale_tax_invoice_form.tpl on line 519
2022-11-01 16:40:58 - PHP Notice:  Undefined variable: products in C:\xampp\htdocs\php_milwa_trading\admin\view\template\inventory\sale_tax_invoice_form.tpl on line 594
2022-11-01 16:40:58 - PHP Notice:  Undefined variable: column_right in C:\xampp\htdocs\php_milwa_trading\admin\view\template\inventory\sale_tax_invoice_form.tpl on line 736
2022-11-01 17:47:59 - PHP Warning:  implode(): Invalid arguments passed in C:\xampp\htdocs\php_milwa_trading\admin\controller\inventory\sale_tax_invoice.php on line 285
2022-11-01 17:47:59 - PHP Notice:  Undefined index: announcement_id in C:\xampp\htdocs\php_milwa_trading\admin\controller\inventory\sale_tax_invoice.php on line 323
2022-11-01 17:47:59 - PHP Notice:  Undefined variable: href_gl_mapping_account in C:\xampp\htdocs\php_milwa_trading\admin\view\template\common\column_left.tpl on line 66
2022-11-01 17:47:59 - PHP Notice:  Undefined index: gl_mapping_account in C:\xampp\htdocs\php_milwa_trading\admin\view\template\common\column_left.tpl on line 66
2022-11-01 17:47:59 - PHP Notice:  Undefined variable: href_tool_dashboard in C:\xampp\htdocs\php_milwa_trading\admin\view\template\common\column_left.tpl on line 229
2022-11-01 17:48:00 - PHP Notice:  Undefined index: class in C:\xampp\htdocs\php_milwa_trading\admin\view\template\inventory\sale_tax_invoice_form.tpl on line 19
2022-11-01 17:48:00 - PHP Notice:  Undefined index: class in C:\xampp\htdocs\php_milwa_trading\admin\view\template\inventory\sale_tax_invoice_form.tpl on line 19
2022-11-01 17:48:00 - PHP Notice:  Undefined index: class in C:\xampp\htdocs\php_milwa_trading\admin\view\template\inventory\sale_tax_invoice_form.tpl on line 19
2022-11-01 17:48:00 - PHP Notice:  Undefined variable: action_cash_receipt in C:\xampp\htdocs\php_milwa_trading\admin\view\template\inventory\sale_tax_invoice_form.tpl on line 29
2022-11-01 17:48:00 - PHP Notice:  Undefined variable: action in C:\xampp\htdocs\php_milwa_trading\admin\view\template\inventory\sale_tax_invoice_form.tpl on line 96
2022-11-01 17:48:00 - PHP Notice:  Undefined variable: last_rate in C:\xampp\htdocs\php_milwa_trading\admin\view\template\inventory\sale_tax_invoice_form.tpl on line 303
2022-11-01 17:48:00 - PHP Notice:  Undefined index: href in C:\xampp\htdocs\php_milwa_trading\admin\view\template\inventory\sale_tax_invoice_form.tpl on line 344
2022-11-01 17:48:00 - PHP Notice:  Undefined variable: products in C:\xampp\htdocs\php_milwa_trading\admin\view\template\inventory\sale_tax_invoice_form.tpl on line 365
2022-11-01 17:48:00 - PHP Warning:  Invalid argument supplied for foreach() in C:\xampp\htdocs\php_milwa_trading\admin\view\template\inventory\sale_tax_invoice_form.tpl on line 365
2022-11-01 17:48:00 - PHP Notice:  Undefined variable: tax_per in C:\xampp\htdocs\php_milwa_trading\admin\view\template\inventory\sale_tax_invoice_form.tpl on line 478
2022-11-01 17:48:00 - PHP Notice:  Undefined variable: action_cash_receipt in C:\xampp\htdocs\php_milwa_trading\admin\view\template\inventory\sale_tax_invoice_form.tpl on line 519
2022-11-01 17:48:00 - PHP Notice:  Undefined variable: products in C:\xampp\htdocs\php_milwa_trading\admin\view\template\inventory\sale_tax_invoice_form.tpl on line 594
2022-11-01 17:48:00 - PHP Notice:  Undefined variable: column_right in C:\xampp\htdocs\php_milwa_trading\admin\view\template\inventory\sale_tax_invoice_form.tpl on line 736
2022-11-01 18:39:59 - PHP Warning:  Invalid argument supplied for foreach() in C:\xampp\htdocs\php_milwa_trading\admin\controller\inventory\sale_tax_invoice.php on line 2547
2022-11-01 18:39:59 - PHP Warning:  chr() expects parameter 1 to be int, string given in C:\xampp\htdocs\php_milwa_trading\system\library\tcpdf\include\tcpdf_fonts.php on line 1671
2022-11-01 18:39:59 - PHP Notice:  Undefined offset: 0 in C:\xampp\htdocs\php_milwa_trading\system\helper\utility.php on line 400
2022-11-01 18:39:59 - PHP Notice:  Undefined offset: 1 in C:\xampp\htdocs\php_milwa_trading\admin\controller\inventory\sale_tax_invoice.php on line 2722
2022-11-01 18:39:59 - PHP Notice:  Undefined index:  in C:\xampp\htdocs\php_milwa_trading\system\helper\utility.php on line 331
2022-11-01 18:40:00 - PHP Notice:  Undefined index: 00 in C:\xampp\htdocs\php_milwa_trading\system\helper\utility.php on line 331
2022-11-01 18:40:01 - PHP Warning:  Invalid argument supplied for foreach() in C:\xampp\htdocs\php_milwa_trading\admin\controller\inventory\sale_tax_invoice.php on line 2189
2022-11-01 18:40:01 - PHP Warning:  chr() expects parameter 1 to be int, string given in C:\xampp\htdocs\php_milwa_trading\system\library\tcpdf\include\tcpdf_fonts.php on line 1671
2022-11-01 18:40:01 - PHP Notice:  Undefined index: company_branch_id in C:\xampp\htdocs\php_milwa_trading\admin\controller\inventory\sale_tax_invoice.php on line 3265
2022-11-01 18:40:01 - PHP Notice:  Undefined index: company_branch_id in C:\xampp\htdocs\php_milwa_trading\admin\controller\inventory\sale_tax_invoice.php on line 3346
2022-11-01 18:40:01 - PHP Notice:  Undefined offset: 0 in C:\xampp\htdocs\php_milwa_trading\system\helper\utility.php on line 400
2022-11-01 18:40:01 - PHP Notice:  Undefined offset: 1 in C:\xampp\htdocs\php_milwa_trading\admin\controller\inventory\sale_tax_invoice.php on line 2354
2022-11-01 18:40:01 - PHP Notice:  Undefined index:  in C:\xampp\htdocs\php_milwa_trading\system\helper\utility.php on line 331
2022-11-01 18:40:01 - PHP Notice:  Undefined index: 00 in C:\xampp\htdocs\php_milwa_trading\system\helper\utility.php on line 331
2022-11-01 18:40:29 - PHP Warning:  Invalid argument supplied for foreach() in C:\xampp\htdocs\php_milwa_trading\admin\controller\inventory\sale_tax_invoice.php on line 2547
2022-11-01 18:40:29 - PHP Warning:  chr() expects parameter 1 to be int, string given in C:\xampp\htdocs\php_milwa_trading\system\library\tcpdf\include\tcpdf_fonts.php on line 1671
2022-11-01 18:40:29 - PHP Notice:  Undefined offset: 0 in C:\xampp\htdocs\php_milwa_trading\system\helper\utility.php on line 400
2022-11-01 18:40:29 - PHP Notice:  Undefined offset: 1 in C:\xampp\htdocs\php_milwa_trading\admin\controller\inventory\sale_tax_invoice.php on line 2722
2022-11-01 18:40:29 - PHP Notice:  Undefined index:  in C:\xampp\htdocs\php_milwa_trading\system\helper\utility.php on line 331
2022-11-01 18:40:29 - PHP Notice:  Undefined index: 00 in C:\xampp\htdocs\php_milwa_trading\system\helper\utility.php on line 331
2022-11-01 18:41:30 - PHP Notice:  Undefined index: bilty_date in C:\xampp\htdocs\php_milwa_trading\admin\controller\inventory\sale_tax_invoice.php on line 1413
2022-11-01 18:41:31 - PHP Notice:  Undefined index: exempted in C:\xampp\htdocs\php_milwa_trading\admin\controller\inventory\sale_tax_invoice.php on line 1422
2022-11-01 18:41:31 - PHP Warning:  mysqli::real_escape_string() expects parameter 1 to be string, array given in C:\xampp\htdocs\php_milwa_trading\system\database\dbmysqli.php on line 93
2022-11-01 18:41:31 - PHP Notice:  Undefined index: is_auto_increment in C:\xampp\htdocs\php_milwa_trading\system\engine\hmodel.php on line 196
2022-11-01 18:41:31 - PHP Notice:  Undefined index: column in C:\xampp\htdocs\php_milwa_trading\system\engine\hmodel.php on line 198
2022-11-01 18:41:31 - PHP Notice:  Undefined index: column in C:\xampp\htdocs\php_milwa_trading\system\engine\hmodel.php on line 199
2022-11-01 18:41:31 - PHP Notice:  Undefined index: is_auto_increment in C:\xampp\htdocs\php_milwa_trading\system\engine\hmodel.php on line 217
2022-11-01 18:41:31 - PHP Notice:  Undefined index: column in C:\xampp\htdocs\php_milwa_trading\system\engine\hmodel.php on line 220
2022-11-01 18:41:31 - PHP Notice:  Undefined index: container_no in C:\xampp\htdocs\php_milwa_trading\admin\controller\inventory\sale_tax_invoice.php on line 1622
2022-11-01 18:41:31 - PHP Notice:  Undefined index: batch_no in C:\xampp\htdocs\php_milwa_trading\admin\controller\inventory\sale_tax_invoice.php on line 1623
2022-11-01 18:41:31 - PHP Notice:  Undefined index: ref_document_id in C:\xampp\htdocs\php_milwa_trading\admin\controller\inventory\sale_tax_invoice.php on line 1664
2022-11-01 18:41:31 - PHP Notice:  Undefined index: ref_document_id in C:\xampp\htdocs\php_milwa_trading\admin\controller\inventory\sale_tax_invoice.php on line 1684
2022-11-01 18:41:31 - PHP Notice:  Undefined index: labour_charges in C:\xampp\htdocs\php_milwa_trading\admin\controller\inventory\sale_tax_invoice.php on line 1765
2022-11-01 18:41:31 - PHP Notice:  Undefined index: misc_charges in C:\xampp\htdocs\php_milwa_trading\admin\controller\inventory\sale_tax_invoice.php on line 1778
2022-11-01 18:41:31 - PHP Notice:  Undefined index: rent_charges in C:\xampp\htdocs\php_milwa_trading\admin\controller\inventory\sale_tax_invoice.php on line 1791
2022-11-01 18:41:31 - PHP Notice:  Undefined index: invoice_type in C:\xampp\htdocs\php_milwa_trading\admin\controller\inventory\sale_tax_invoice.php on line 1841
2022-11-01 18:41:31 - PHP Notice:  Undefined variable: href_gl_mapping_account in C:\xampp\htdocs\php_milwa_trading\admin\view\template\common\column_left.tpl on line 66
2022-11-01 18:41:31 - PHP Notice:  Undefined index: gl_mapping_account in C:\xampp\htdocs\php_milwa_trading\admin\view\template\common\column_left.tpl on line 66
2022-11-01 18:41:31 - PHP Notice:  Undefined variable: href_tool_dashboard in C:\xampp\htdocs\php_milwa_trading\admin\view\template\common\column_left.tpl on line 229
2022-11-01 18:41:31 - PHP Notice:  Undefined index: class in C:\xampp\htdocs\php_milwa_trading\admin\view\template\inventory\sale_tax_invoice_list.tpl on line 19
2022-11-01 18:41:31 - PHP Notice:  Undefined index: class in C:\xampp\htdocs\php_milwa_trading\admin\view\template\inventory\sale_tax_invoice_list.tpl on line 19
2022-11-01 18:41:31 - PHP Notice:  Undefined index: class in C:\xampp\htdocs\php_milwa_trading\admin\view\template\inventory\sale_tax_invoice_list.tpl on line 19
2022-11-01 18:41:31 - PHP Notice:  Undefined variable: column_right in C:\xampp\htdocs\php_milwa_trading\admin\view\template\inventory\sale_tax_invoice_list.tpl on line 79
2022-11-01 18:41:33 - PHP Warning:  Invalid argument supplied for foreach() in C:\xampp\htdocs\php_milwa_trading\admin\controller\inventory\sale_tax_invoice.php on line 2547
2022-11-01 18:41:33 - PHP Warning:  chr() expects parameter 1 to be int, string given in C:\xampp\htdocs\php_milwa_trading\system\library\tcpdf\include\tcpdf_fonts.php on line 1671
2022-11-01 18:41:33 - PHP Notice:  Undefined offset: 0 in C:\xampp\htdocs\php_milwa_trading\system\helper\utility.php on line 400
2022-11-01 18:41:33 - PHP Notice:  Undefined offset: 1 in C:\xampp\htdocs\php_milwa_trading\admin\controller\inventory\sale_tax_invoice.php on line 2722
2022-11-01 18:41:33 - PHP Notice:  Undefined index:  in C:\xampp\htdocs\php_milwa_trading\system\helper\utility.php on line 331
2022-11-01 18:41:43 - PHP Warning:  implode(): Invalid arguments passed in C:\xampp\htdocs\php_milwa_trading\admin\controller\inventory\sale_tax_invoice.php on line 285
2022-11-01 18:41:43 - PHP Notice:  Undefined index: announcement_id in C:\xampp\htdocs\php_milwa_trading\admin\controller\inventory\sale_tax_invoice.php on line 323
2022-11-01 18:41:43 - PHP Notice:  Undefined variable: href_gl_mapping_account in C:\xampp\htdocs\php_milwa_trading\admin\view\template\common\column_left.tpl on line 66
2022-11-01 18:41:43 - PHP Notice:  Undefined index: gl_mapping_account in C:\xampp\htdocs\php_milwa_trading\admin\view\template\common\column_left.tpl on line 66
2022-11-01 18:41:43 - PHP Notice:  Undefined variable: href_tool_dashboard in C:\xampp\htdocs\php_milwa_trading\admin\view\template\common\column_left.tpl on line 229
2022-11-01 18:41:43 - PHP Notice:  Undefined index: class in C:\xampp\htdocs\php_milwa_trading\admin\view\template\inventory\sale_tax_invoice_form.tpl on line 19
2022-11-01 18:41:43 - PHP Notice:  Undefined index: class in C:\xampp\htdocs\php_milwa_trading\admin\view\template\inventory\sale_tax_invoice_form.tpl on line 19
2022-11-01 18:41:43 - PHP Notice:  Undefined index: class in C:\xampp\htdocs\php_milwa_trading\admin\view\template\inventory\sale_tax_invoice_form.tpl on line 19
2022-11-01 18:41:43 - PHP Notice:  Undefined variable: action_cash_receipt in C:\xampp\htdocs\php_milwa_trading\admin\view\template\inventory\sale_tax_invoice_form.tpl on line 29
2022-11-01 18:41:43 - PHP Notice:  Undefined variable: action in C:\xampp\htdocs\php_milwa_trading\admin\view\template\inventory\sale_tax_invoice_form.tpl on line 96
2022-11-01 18:41:43 - PHP Notice:  Undefined variable: last_rate in C:\xampp\htdocs\php_milwa_trading\admin\view\template\inventory\sale_tax_invoice_form.tpl on line 303
2022-11-01 18:41:43 - PHP Notice:  Undefined index: href in C:\xampp\htdocs\php_milwa_trading\admin\view\template\inventory\sale_tax_invoice_form.tpl on line 344
2022-11-01 18:41:43 - PHP Notice:  Undefined variable: products in C:\xampp\htdocs\php_milwa_trading\admin\view\template\inventory\sale_tax_invoice_form.tpl on line 365
2022-11-01 18:41:43 - PHP Warning:  Invalid argument supplied for foreach() in C:\xampp\htdocs\php_milwa_trading\admin\view\template\inventory\sale_tax_invoice_form.tpl on line 365
2022-11-01 18:41:43 - PHP Notice:  Undefined variable: tax_per in C:\xampp\htdocs\php_milwa_trading\admin\view\template\inventory\sale_tax_invoice_form.tpl on line 478
2022-11-01 18:41:43 - PHP Notice:  Undefined variable: action_cash_receipt in C:\xampp\htdocs\php_milwa_trading\admin\view\template\inventory\sale_tax_invoice_form.tpl on line 519
2022-11-01 18:41:43 - PHP Notice:  Undefined variable: products in C:\xampp\htdocs\php_milwa_trading\admin\view\template\inventory\sale_tax_invoice_form.tpl on line 594
2022-11-01 18:41:43 - PHP Notice:  Undefined variable: column_right in C:\xampp\htdocs\php_milwa_trading\admin\view\template\inventory\sale_tax_invoice_form.tpl on line 736
2022-11-01 18:41:55 - PHP Warning:  Invalid argument supplied for foreach() in C:\xampp\htdocs\php_milwa_trading\admin\controller\inventory\sale_tax_invoice.php on line 2189
2022-11-01 18:41:55 - PHP Warning:  chr() expects parameter 1 to be int, string given in C:\xampp\htdocs\php_milwa_trading\system\library\tcpdf\include\tcpdf_fonts.php on line 1671
2022-11-01 18:41:55 - PHP Notice:  Undefined index: company_branch_id in C:\xampp\htdocs\php_milwa_trading\admin\controller\inventory\sale_tax_invoice.php on line 3265
2022-11-01 18:41:56 - PHP Notice:  Undefined index: company_branch_id in C:\xampp\htdocs\php_milwa_trading\admin\controller\inventory\sale_tax_invoice.php on line 3346
2022-11-01 18:41:56 - PHP Notice:  Undefined offset: 0 in C:\xampp\htdocs\php_milwa_trading\system\helper\utility.php on line 400
2022-11-01 18:41:56 - PHP Notice:  Undefined offset: 1 in C:\xampp\htdocs\php_milwa_trading\admin\controller\inventory\sale_tax_invoice.php on line 2354
2022-11-01 18:41:56 - PHP Notice:  Undefined index:  in C:\xampp\htdocs\php_milwa_trading\system\helper\utility.php on line 331
2022-11-01 18:42:44 - PHP Notice:  Undefined variable: href_gl_mapping_account in C:\xampp\htdocs\php_milwa_trading\admin\view\template\common\column_left.tpl on line 66
2022-11-01 18:42:44 - PHP Notice:  Undefined index: gl_mapping_account in C:\xampp\htdocs\php_milwa_trading\admin\view\template\common\column_left.tpl on line 66
2022-11-01 18:42:44 - PHP Notice:  Undefined variable: href_tool_dashboard in C:\xampp\htdocs\php_milwa_trading\admin\view\template\common\column_left.tpl on line 229
2022-11-01 18:42:44 - PHP Notice:  Undefined index: class in C:\xampp\htdocs\php_milwa_trading\admin\view\template\inventory\sale_tax_invoice_list.tpl on line 19
2022-11-01 18:42:44 - PHP Notice:  Undefined index: class in C:\xampp\htdocs\php_milwa_trading\admin\view\template\inventory\sale_tax_invoice_list.tpl on line 19
2022-11-01 18:42:44 - PHP Notice:  Undefined index: class in C:\xampp\htdocs\php_milwa_trading\admin\view\template\inventory\sale_tax_invoice_list.tpl on line 19
2022-11-01 18:42:44 - PHP Notice:  Undefined variable: column_right in C:\xampp\htdocs\php_milwa_trading\admin\view\template\inventory\sale_tax_invoice_list.tpl on line 79
2022-11-01 18:46:37 - PHP Warning:  Invalid argument supplied for foreach() in C:\xampp\htdocs\php_milwa_trading\admin\controller\inventory\sale_tax_invoice.php on line 2189
2022-11-01 18:46:37 - PHP Warning:  chr() expects parameter 1 to be int, string given in C:\xampp\htdocs\php_milwa_trading\system\library\tcpdf\include\tcpdf_fonts.php on line 1671
2022-11-01 18:46:38 - PHP Notice:  Undefined index: company_branch_id in C:\xampp\htdocs\php_milwa_trading\admin\controller\inventory\sale_tax_invoice.php on line 3265
2022-11-01 18:46:38 - PHP Notice:  Undefined index: company_branch_id in C:\xampp\htdocs\php_milwa_trading\admin\controller\inventory\sale_tax_invoice.php on line 3346
2022-11-01 18:46:38 - PHP Notice:  Undefined offset: 0 in C:\xampp\htdocs\php_milwa_trading\system\helper\utility.php on line 400
2022-11-01 18:46:38 - PHP Notice:  Undefined offset: 1 in C:\xampp\htdocs\php_milwa_trading\admin\controller\inventory\sale_tax_invoice.php on line 2354
2022-11-01 18:46:38 - PHP Notice:  Undefined index:  in C:\xampp\htdocs\php_milwa_trading\system\helper\utility.php on line 331
2022-11-01 18:48:54 - PHP Warning:  Invalid argument supplied for foreach() in C:\xampp\htdocs\php_milwa_trading\admin\controller\inventory\sale_tax_invoice.php on line 2189
2022-11-01 18:48:54 - PHP Warning:  chr() expects parameter 1 to be int, string given in C:\xampp\htdocs\php_milwa_trading\system\library\tcpdf\include\tcpdf_fonts.php on line 1671
2022-11-01 18:48:54 - PHP Notice:  Undefined index: company_branch_id in C:\xampp\htdocs\php_milwa_trading\admin\controller\inventory\sale_tax_invoice.php on line 3265
2022-11-01 18:48:54 - PHP Notice:  Undefined index: company_branch_id in C:\xampp\htdocs\php_milwa_trading\admin\controller\inventory\sale_tax_invoice.php on line 3346
2022-11-01 18:48:54 - PHP Notice:  Undefined offset: 0 in C:\xampp\htdocs\php_milwa_trading\system\helper\utility.php on line 400
2022-11-01 18:48:54 - PHP Notice:  Undefined offset: 1 in C:\xampp\htdocs\php_milwa_trading\admin\controller\inventory\sale_tax_invoice.php on line 2354
2022-11-01 18:48:55 - PHP Notice:  Undefined index:  in C:\xampp\htdocs\php_milwa_trading\system\helper\utility.php on line 331
2022-11-01 18:49:07 - PHP Warning:  Invalid argument supplied for foreach() in C:\xampp\htdocs\php_milwa_trading\admin\controller\inventory\sale_tax_invoice.php on line 2547
2022-11-01 18:49:07 - PHP Warning:  chr() expects parameter 1 to be int, string given in C:\xampp\htdocs\php_milwa_trading\system\library\tcpdf\include\tcpdf_fonts.php on line 1671
2022-11-01 18:49:07 - PHP Notice:  Undefined offset: 0 in C:\xampp\htdocs\php_milwa_trading\system\helper\utility.php on line 400
2022-11-01 18:49:07 - PHP Notice:  Undefined offset: 1 in C:\xampp\htdocs\php_milwa_trading\admin\controller\inventory\sale_tax_invoice.php on line 2722
2022-11-01 18:49:07 - PHP Notice:  Undefined index:  in C:\xampp\htdocs\php_milwa_trading\system\helper\utility.php on line 331
2022-11-01 18:54:03 - PHP Warning:  Invalid argument supplied for foreach() in C:\xampp\htdocs\php_milwa_trading\admin\controller\inventory\sale_tax_invoice.php on line 2547
2022-11-01 18:54:03 - PHP Warning:  chr() expects parameter 1 to be int, string given in C:\xampp\htdocs\php_milwa_trading\system\library\tcpdf\include\tcpdf_fonts.php on line 1671
2022-11-01 18:54:03 - PHP Notice:  Undefined offset: 0 in C:\xampp\htdocs\php_milwa_trading\system\helper\utility.php on line 400
2022-11-01 18:54:03 - PHP Notice:  Undefined offset: 1 in C:\xampp\htdocs\php_milwa_trading\admin\controller\inventory\sale_tax_invoice.php on line 2722
2022-11-01 18:54:03 - PHP Notice:  Undefined index:  in C:\xampp\htdocs\php_milwa_trading\system\helper\utility.php on line 331
2022-11-01 18:56:11 - PHP Warning:  Invalid argument supplied for foreach() in C:\xampp\htdocs\php_milwa_trading\admin\controller\inventory\sale_tax_invoice.php on line 2547
2022-11-01 18:56:11 - PHP Warning:  chr() expects parameter 1 to be int, string given in C:\xampp\htdocs\php_milwa_trading\system\library\tcpdf\include\tcpdf_fonts.php on line 1671
2022-11-01 18:56:11 - PHP Notice:  Undefined offset: 0 in C:\xampp\htdocs\php_milwa_trading\system\helper\utility.php on line 400
2022-11-01 18:56:11 - PHP Notice:  Undefined offset: 1 in C:\xampp\htdocs\php_milwa_trading\admin\controller\inventory\sale_tax_invoice.php on line 2722
2022-11-01 18:56:11 - PHP Notice:  Undefined index:  in C:\xampp\htdocs\php_milwa_trading\system\helper\utility.php on line 331
