2023-05-03 13:08:41 - PHP Notice:  Undefined index: from_time in C:\xampp\htdocs\php_milwa_trading\admin\controller\common\login.php on line 102
2023-05-03 13:08:41 - PHP Notice:  Undefined index: to_time in C:\xampp\htdocs\php_milwa_trading\admin\controller\common\login.php on line 103
2023-05-03 13:08:49 - PHP Notice:  Undefined index: db_name in C:\xampp\htdocs\php_milwa_trading\system\engine\hmodel.php on line 12
2023-05-03 13:08:49 - PHP Warning:  Invalid argument supplied for foreach() in C:\xampp\htdocs\php_milwa_trading\admin\view\template\common\preset.tpl on line 52
2023-05-03 13:08:52 - PHP Notice:  Undefined index: db_name in C:\xampp\htdocs\php_milwa_trading\system\engine\hmodel.php on line 12
2023-05-03 13:08:52 - PHP Notice:  Undefined index: case_id in C:\xampp\htdocs\php_milwa_trading\admin\controller\common\home.php on line 55
2023-05-03 13:08:52 - PHP Notice:  Undefined index: case_id in C:\xampp\htdocs\php_milwa_trading\admin\controller\common\home.php on line 56
2023-05-03 13:08:53 - PHP Notice:  Undefined variable: href_gl_mapping_account in C:\xampp\htdocs\php_milwa_trading\admin\view\template\common\column_left.tpl on line 68
2023-05-03 13:08:53 - PHP Notice:  Undefined index: gl_mapping_account in C:\xampp\htdocs\php_milwa_trading\admin\view\template\common\column_left.tpl on line 68
2023-05-03 13:08:53 - PHP Notice:  Undefined variable: href_tool_dashboard in C:\xampp\htdocs\php_milwa_trading\admin\view\template\common\column_left.tpl on line 231
2023-05-03 13:08:53 - PHP Notice:  Undefined variable: bank_receipts in C:\xampp\htdocs\php_milwa_trading\admin\view\template\common\home.tpl on line 258
2023-05-03 13:08:53 - PHP Warning:  Invalid argument supplied for foreach() in C:\xampp\htdocs\php_milwa_trading\admin\view\template\common\home.tpl on line 258
2023-05-03 13:08:58 - PHP Warning:  Declaration of ControllerGLModuleSetting::updateData($data) should be compatible with HController::updateData($primary_key, $data) in C:\xampp\htdocs\php_milwa_trading\admin\controller\gl\module_setting.php on line 92
2023-05-03 13:08:58 - PHP Notice:  Undefined index: school_id in C:\xampp\htdocs\php_milwa_trading\admin\controller\gl\module_setting.php on line 26
2023-05-03 13:08:58 - PHP Warning:  Declaration of ControllerGLModuleSetting::updateData($data) should be compatible with HController::updateData($primary_key, $data) in C:\xampp\htdocs\php_milwa_trading\admin\controller\gl\module_setting.php on line 92
2023-05-03 13:08:58 - PHP Notice:  Undefined index: setting_id in C:\xampp\htdocs\php_milwa_trading\system\engine\hcontroller.php on line 223
2023-05-03 13:08:58 - PHP Notice:  Undefined index: setting_id in C:\xampp\htdocs\php_milwa_trading\system\engine\hcontroller.php on line 224
2023-05-03 13:08:58 - PHP Notice:  Undefined variable: href_gl_mapping_account in C:\xampp\htdocs\php_milwa_trading\admin\view\template\common\column_left.tpl on line 68
2023-05-03 13:08:58 - PHP Notice:  Undefined index: gl_mapping_account in C:\xampp\htdocs\php_milwa_trading\admin\view\template\common\column_left.tpl on line 68
2023-05-03 13:08:58 - PHP Notice:  Undefined variable: href_tool_dashboard in C:\xampp\htdocs\php_milwa_trading\admin\view\template\common\column_left.tpl on line 231
2023-05-03 13:08:58 - PHP Notice:  Undefined index: class in C:\xampp\htdocs\php_milwa_trading\admin\view\template\gl\module_setting_form.tpl on line 18
2023-05-03 13:08:58 - PHP Notice:  Undefined index: class in C:\xampp\htdocs\php_milwa_trading\admin\view\template\gl\module_setting_form.tpl on line 18
2023-05-03 13:08:58 - PHP Notice:  Undefined index: class in C:\xampp\htdocs\php_milwa_trading\admin\view\template\gl\module_setting_form.tpl on line 18
2023-05-03 13:08:58 - PHP Notice:  Undefined variable: column_right in C:\xampp\htdocs\php_milwa_trading\admin\view\template\gl\module_setting_form.tpl on line 181
2023-05-03 13:09:10 - PHP Notice:  Undefined variable: href_gl_mapping_account in C:\xampp\htdocs\php_milwa_trading\admin\view\template\common\column_left.tpl on line 68
2023-05-03 13:09:10 - PHP Notice:  Undefined index: gl_mapping_account in C:\xampp\htdocs\php_milwa_trading\admin\view\template\common\column_left.tpl on line 68
2023-05-03 13:09:10 - PHP Notice:  Undefined variable: href_tool_dashboard in C:\xampp\htdocs\php_milwa_trading\admin\view\template\common\column_left.tpl on line 231
2023-05-03 13:09:10 - PHP Notice:  Undefined index: class in C:\xampp\htdocs\php_milwa_trading\admin\view\template\gl\payments_list.tpl on line 19
2023-05-03 13:09:10 - PHP Notice:  Undefined index: class in C:\xampp\htdocs\php_milwa_trading\admin\view\template\gl\payments_list.tpl on line 19
2023-05-03 13:09:11 - PHP Notice:  Undefined index: class in C:\xampp\htdocs\php_milwa_trading\admin\view\template\gl\payments_list.tpl on line 19
2023-05-03 13:09:11 - PHP Notice:  Undefined variable: column_right in C:\xampp\htdocs\php_milwa_trading\admin\view\template\gl\payments_list.tpl on line 79
2023-05-03 13:09:12 - PHP Notice:  Undefined variable: href_gl_mapping_account in C:\xampp\htdocs\php_milwa_trading\admin\view\template\common\column_left.tpl on line 68
2023-05-03 13:09:12 - PHP Notice:  Undefined index: gl_mapping_account in C:\xampp\htdocs\php_milwa_trading\admin\view\template\common\column_left.tpl on line 68
2023-05-03 13:09:12 - PHP Notice:  Undefined variable: href_tool_dashboard in C:\xampp\htdocs\php_milwa_trading\admin\view\template\common\column_left.tpl on line 231
2023-05-03 13:09:12 - PHP Notice:  Undefined index: class in C:\xampp\htdocs\php_milwa_trading\admin\view\template\gl\receipts_list.tpl on line 19
2023-05-03 13:09:12 - PHP Notice:  Undefined index: class in C:\xampp\htdocs\php_milwa_trading\admin\view\template\gl\receipts_list.tpl on line 19
2023-05-03 13:09:12 - PHP Notice:  Undefined index: class in C:\xampp\htdocs\php_milwa_trading\admin\view\template\gl\receipts_list.tpl on line 19
2023-05-03 13:09:12 - PHP Notice:  Undefined variable: column_right in C:\xampp\htdocs\php_milwa_trading\admin\view\template\gl\receipts_list.tpl on line 79
2023-05-03 13:09:20 - PHP Notice:  Undefined variable: href_gl_mapping_account in C:\xampp\htdocs\php_milwa_trading\admin\view\template\common\column_left.tpl on line 68
2023-05-03 13:09:20 - PHP Notice:  Undefined index: gl_mapping_account in C:\xampp\htdocs\php_milwa_trading\admin\view\template\common\column_left.tpl on line 68
2023-05-03 13:09:20 - PHP Notice:  Undefined variable: href_tool_dashboard in C:\xampp\htdocs\php_milwa_trading\admin\view\template\common\column_left.tpl on line 231
2023-05-03 13:09:20 - PHP Notice:  Undefined index: class in C:\xampp\htdocs\php_milwa_trading\admin\view\template\gl\payments_form.tpl on line 18
2023-05-03 13:09:20 - PHP Notice:  Undefined index: class in C:\xampp\htdocs\php_milwa_trading\admin\view\template\gl\payments_form.tpl on line 18
2023-05-03 13:09:20 - PHP Notice:  Undefined index: class in C:\xampp\htdocs\php_milwa_trading\admin\view\template\gl\payments_form.tpl on line 18
2023-05-03 13:09:20 - PHP Notice:  Undefined variable: action in C:\xampp\htdocs\php_milwa_trading\admin\view\template\gl\payments_form.tpl on line 76
2023-05-03 13:09:20 - PHP Notice:  Undefined variable: job_carts in C:\xampp\htdocs\php_milwa_trading\admin\view\template\gl\payments_form.tpl on line 170
2023-05-03 13:09:20 - PHP Warning:  Invalid argument supplied for foreach() in C:\xampp\htdocs\php_milwa_trading\admin\view\template\gl\payments_form.tpl on line 170
2023-05-03 13:09:20 - PHP Notice:  Undefined index: href in C:\xampp\htdocs\php_milwa_trading\admin\view\template\gl\payments_form.tpl on line 248
2023-05-03 13:09:20 - PHP Notice:  Undefined index: document_tax in C:\xampp\htdocs\php_milwa_trading\admin\view\template\gl\payments_form.tpl on line 273
2023-05-03 13:09:20 - PHP Notice:  Undefined index: discount_amount in C:\xampp\htdocs\php_milwa_trading\admin\view\template\gl\payments_form.tpl on line 279
2023-05-03 13:09:20 - PHP Notice:  Undefined variable: discount_amount in C:\xampp\htdocs\php_milwa_trading\admin\view\template\gl\payments_form.tpl on line 314
2023-05-03 13:09:20 - PHP Notice:  Undefined variable: column_right in C:\xampp\htdocs\php_milwa_trading\admin\view\template\gl\payments_form.tpl on line 410
2023-05-03 13:09:26 - PHP Notice:  Undefined variable: href_gl_mapping_account in C:\xampp\htdocs\php_milwa_trading\admin\view\template\common\column_left.tpl on line 68
2023-05-03 13:09:26 - PHP Notice:  Undefined index: gl_mapping_account in C:\xampp\htdocs\php_milwa_trading\admin\view\template\common\column_left.tpl on line 68
2023-05-03 13:09:26 - PHP Notice:  Undefined variable: href_tool_dashboard in C:\xampp\htdocs\php_milwa_trading\admin\view\template\common\column_left.tpl on line 231
2023-05-03 13:09:26 - PHP Notice:  Undefined index: class in C:\xampp\htdocs\php_milwa_trading\admin\view\template\gl\payments_list.tpl on line 19
2023-05-03 13:09:26 - PHP Notice:  Undefined index: class in C:\xampp\htdocs\php_milwa_trading\admin\view\template\gl\payments_list.tpl on line 19
2023-05-03 13:09:26 - PHP Notice:  Undefined index: class in C:\xampp\htdocs\php_milwa_trading\admin\view\template\gl\payments_list.tpl on line 19
2023-05-03 13:09:26 - PHP Notice:  Undefined variable: column_right in C:\xampp\htdocs\php_milwa_trading\admin\view\template\gl\payments_list.tpl on line 79
2023-05-03 13:09:29 - PHP Notice:  Undefined variable: href_gl_mapping_account in C:\xampp\htdocs\php_milwa_trading\admin\view\template\common\column_left.tpl on line 68
2023-05-03 13:09:29 - PHP Notice:  Undefined index: gl_mapping_account in C:\xampp\htdocs\php_milwa_trading\admin\view\template\common\column_left.tpl on line 68
2023-05-03 13:09:29 - PHP Notice:  Undefined variable: href_tool_dashboard in C:\xampp\htdocs\php_milwa_trading\admin\view\template\common\column_left.tpl on line 231
2023-05-03 13:09:29 - PHP Notice:  Undefined index: class in C:\xampp\htdocs\php_milwa_trading\admin\view\template\gl\receipts_form.tpl on line 18
2023-05-03 13:09:29 - PHP Notice:  Undefined index: class in C:\xampp\htdocs\php_milwa_trading\admin\view\template\gl\receipts_form.tpl on line 18
2023-05-03 13:09:29 - PHP Notice:  Undefined index: class in C:\xampp\htdocs\php_milwa_trading\admin\view\template\gl\receipts_form.tpl on line 18
2023-05-03 13:09:29 - PHP Notice:  Undefined variable: action in C:\xampp\htdocs\php_milwa_trading\admin\view\template\gl\receipts_form.tpl on line 82
2023-05-03 13:09:29 - PHP Notice:  Undefined variable: partner_categorys in C:\xampp\htdocs\php_milwa_trading\admin\view\template\gl\receipts_form.tpl on line 133
2023-05-03 13:09:29 - PHP Warning:  Invalid argument supplied for foreach() in C:\xampp\htdocs\php_milwa_trading\admin\view\template\gl\receipts_form.tpl on line 133
2023-05-03 13:09:29 - PHP Notice:  Undefined variable: job_carts in C:\xampp\htdocs\php_milwa_trading\admin\view\template\gl\receipts_form.tpl on line 188
2023-05-03 13:09:29 - PHP Warning:  Invalid argument supplied for foreach() in C:\xampp\htdocs\php_milwa_trading\admin\view\template\gl\receipts_form.tpl on line 188
2023-05-03 13:09:29 - PHP Notice:  Undefined variable: wht_per in C:\xampp\htdocs\php_milwa_trading\admin\view\template\gl\receipts_form.tpl on line 199
2023-05-03 13:09:29 - PHP Notice:  Undefined variable: bank_name in C:\xampp\htdocs\php_milwa_trading\admin\view\template\gl\receipts_form.tpl on line 207
2023-05-03 13:09:29 - PHP Notice:  Undefined variable: cheque_date in C:\xampp\htdocs\php_milwa_trading\admin\view\template\gl\receipts_form.tpl on line 213
2023-05-03 13:09:30 - PHP Notice:  Undefined variable: cheque_no in C:\xampp\htdocs\php_milwa_trading\admin\view\template\gl\receipts_form.tpl on line 219
2023-05-03 13:09:30 - PHP Notice:  Undefined index: sale_tax_invoice_id in C:\xampp\htdocs\php_milwa_trading\admin\view\template\gl\receipts_form.tpl on line 466
2023-05-03 13:09:30 - PHP Notice:  Undefined variable: column_right in C:\xampp\htdocs\php_milwa_trading\admin\view\template\gl\receipts_form.tpl on line 495
2023-05-03 13:09:56 - PHP Notice:  Undefined variable: href_gl_mapping_account in C:\xampp\htdocs\php_milwa_trading\admin\view\template\common\column_left.tpl on line 68
2023-05-03 13:09:56 - PHP Notice:  Undefined index: gl_mapping_account in C:\xampp\htdocs\php_milwa_trading\admin\view\template\common\column_left.tpl on line 68
2023-05-03 13:09:56 - PHP Notice:  Undefined variable: href_tool_dashboard in C:\xampp\htdocs\php_milwa_trading\admin\view\template\common\column_left.tpl on line 231
2023-05-03 13:09:56 - PHP Notice:  Undefined index: class in C:\xampp\htdocs\php_milwa_trading\admin\view\template\gl\payments_form.tpl on line 18
2023-05-03 13:09:56 - PHP Notice:  Undefined index: class in C:\xampp\htdocs\php_milwa_trading\admin\view\template\gl\payments_form.tpl on line 18
2023-05-03 13:09:56 - PHP Notice:  Undefined index: class in C:\xampp\htdocs\php_milwa_trading\admin\view\template\gl\payments_form.tpl on line 18
2023-05-03 13:09:56 - PHP Notice:  Undefined variable: action in C:\xampp\htdocs\php_milwa_trading\admin\view\template\gl\payments_form.tpl on line 76
2023-05-03 13:09:56 - PHP Notice:  Undefined variable: job_carts in C:\xampp\htdocs\php_milwa_trading\admin\view\template\gl\payments_form.tpl on line 170
2023-05-03 13:09:56 - PHP Warning:  Invalid argument supplied for foreach() in C:\xampp\htdocs\php_milwa_trading\admin\view\template\gl\payments_form.tpl on line 170
2023-05-03 13:09:56 - PHP Notice:  Undefined index: href in C:\xampp\htdocs\php_milwa_trading\admin\view\template\gl\payments_form.tpl on line 248
2023-05-03 13:09:56 - PHP Notice:  Undefined index: document_tax in C:\xampp\htdocs\php_milwa_trading\admin\view\template\gl\payments_form.tpl on line 273
2023-05-03 13:09:56 - PHP Notice:  Undefined index: discount_amount in C:\xampp\htdocs\php_milwa_trading\admin\view\template\gl\payments_form.tpl on line 279
2023-05-03 13:09:56 - PHP Notice:  Undefined variable: discount_amount in C:\xampp\htdocs\php_milwa_trading\admin\view\template\gl\payments_form.tpl on line 314
2023-05-03 13:09:56 - PHP Notice:  Undefined variable: column_right in C:\xampp\htdocs\php_milwa_trading\admin\view\template\gl\payments_form.tpl on line 410
2023-05-03 13:09:59 - PHP Notice:  Undefined variable: href_gl_mapping_account in C:\xampp\htdocs\php_milwa_trading\admin\view\template\common\column_left.tpl on line 68
2023-05-03 13:09:59 - PHP Notice:  Undefined index: gl_mapping_account in C:\xampp\htdocs\php_milwa_trading\admin\view\template\common\column_left.tpl on line 68
2023-05-03 13:09:59 - PHP Notice:  Undefined variable: href_tool_dashboard in C:\xampp\htdocs\php_milwa_trading\admin\view\template\common\column_left.tpl on line 231
2023-05-03 13:09:59 - PHP Notice:  Undefined index: class in C:\xampp\htdocs\php_milwa_trading\admin\view\template\gl\payments_list.tpl on line 19
2023-05-03 13:09:59 - PHP Notice:  Undefined index: class in C:\xampp\htdocs\php_milwa_trading\admin\view\template\gl\payments_list.tpl on line 19
2023-05-03 13:09:59 - PHP Notice:  Undefined index: class in C:\xampp\htdocs\php_milwa_trading\admin\view\template\gl\payments_list.tpl on line 19
2023-05-03 13:09:59 - PHP Notice:  Undefined variable: column_right in C:\xampp\htdocs\php_milwa_trading\admin\view\template\gl\payments_list.tpl on line 79
2023-05-03 13:10:01 - PHP Notice:  Undefined variable: href_gl_mapping_account in C:\xampp\htdocs\php_milwa_trading\admin\view\template\common\column_left.tpl on line 68
2023-05-03 13:10:01 - PHP Notice:  Undefined index: gl_mapping_account in C:\xampp\htdocs\php_milwa_trading\admin\view\template\common\column_left.tpl on line 68
2023-05-03 13:10:01 - PHP Notice:  Undefined variable: href_tool_dashboard in C:\xampp\htdocs\php_milwa_trading\admin\view\template\common\column_left.tpl on line 231
2023-05-03 13:10:01 - PHP Notice:  Undefined index: class in C:\xampp\htdocs\php_milwa_trading\admin\view\template\gl\payments_form.tpl on line 18
2023-05-03 13:10:01 - PHP Notice:  Undefined index: class in C:\xampp\htdocs\php_milwa_trading\admin\view\template\gl\payments_form.tpl on line 18
2023-05-03 13:10:01 - PHP Notice:  Undefined index: class in C:\xampp\htdocs\php_milwa_trading\admin\view\template\gl\payments_form.tpl on line 18
2023-05-03 13:10:01 - PHP Notice:  Undefined variable: action in C:\xampp\htdocs\php_milwa_trading\admin\view\template\gl\payments_form.tpl on line 76
2023-05-03 13:10:01 - PHP Notice:  Undefined variable: job_carts in C:\xampp\htdocs\php_milwa_trading\admin\view\template\gl\payments_form.tpl on line 170
2023-05-03 13:10:01 - PHP Warning:  Invalid argument supplied for foreach() in C:\xampp\htdocs\php_milwa_trading\admin\view\template\gl\payments_form.tpl on line 170
2023-05-03 13:10:01 - PHP Notice:  Undefined index: href in C:\xampp\htdocs\php_milwa_trading\admin\view\template\gl\payments_form.tpl on line 248
2023-05-03 13:10:01 - PHP Notice:  Undefined index: document_tax in C:\xampp\htdocs\php_milwa_trading\admin\view\template\gl\payments_form.tpl on line 273
2023-05-03 13:10:01 - PHP Notice:  Undefined index: discount_amount in C:\xampp\htdocs\php_milwa_trading\admin\view\template\gl\payments_form.tpl on line 279
2023-05-03 13:10:01 - PHP Notice:  Undefined variable: discount_amount in C:\xampp\htdocs\php_milwa_trading\admin\view\template\gl\payments_form.tpl on line 314
2023-05-03 13:10:01 - PHP Notice:  Undefined variable: column_right in C:\xampp\htdocs\php_milwa_trading\admin\view\template\gl\payments_form.tpl on line 410
2023-05-03 13:10:04 - PHP Notice:  Undefined variable: href_gl_mapping_account in C:\xampp\htdocs\php_milwa_trading\admin\view\template\common\column_left.tpl on line 68
2023-05-03 13:10:04 - PHP Notice:  Undefined index: gl_mapping_account in C:\xampp\htdocs\php_milwa_trading\admin\view\template\common\column_left.tpl on line 68
2023-05-03 13:10:04 - PHP Notice:  Undefined variable: href_tool_dashboard in C:\xampp\htdocs\php_milwa_trading\admin\view\template\common\column_left.tpl on line 231
2023-05-03 13:10:04 - PHP Notice:  Undefined index: class in C:\xampp\htdocs\php_milwa_trading\admin\view\template\gl\payments_list.tpl on line 19
2023-05-03 13:10:04 - PHP Notice:  Undefined index: class in C:\xampp\htdocs\php_milwa_trading\admin\view\template\gl\payments_list.tpl on line 19
2023-05-03 13:10:04 - PHP Notice:  Undefined index: class in C:\xampp\htdocs\php_milwa_trading\admin\view\template\gl\payments_list.tpl on line 19
2023-05-03 13:10:04 - PHP Notice:  Undefined variable: column_right in C:\xampp\htdocs\php_milwa_trading\admin\view\template\gl\payments_list.tpl on line 79
2023-05-03 13:10:07 - PHP Notice:  Undefined variable: href_gl_mapping_account in C:\xampp\htdocs\php_milwa_trading\admin\view\template\common\column_left.tpl on line 68
2023-05-03 13:10:07 - PHP Notice:  Undefined index: gl_mapping_account in C:\xampp\htdocs\php_milwa_trading\admin\view\template\common\column_left.tpl on line 68
2023-05-03 13:10:07 - PHP Notice:  Undefined variable: href_tool_dashboard in C:\xampp\htdocs\php_milwa_trading\admin\view\template\common\column_left.tpl on line 231
2023-05-03 13:10:07 - PHP Notice:  Undefined index: class in C:\xampp\htdocs\php_milwa_trading\admin\view\template\gl\payments_form.tpl on line 18
2023-05-03 13:10:07 - PHP Notice:  Undefined index: class in C:\xampp\htdocs\php_milwa_trading\admin\view\template\gl\payments_form.tpl on line 18
2023-05-03 13:10:07 - PHP Notice:  Undefined index: class in C:\xampp\htdocs\php_milwa_trading\admin\view\template\gl\payments_form.tpl on line 18
2023-05-03 13:10:07 - PHP Notice:  Undefined variable: action in C:\xampp\htdocs\php_milwa_trading\admin\view\template\gl\payments_form.tpl on line 76
2023-05-03 13:10:07 - PHP Notice:  Undefined variable: job_carts in C:\xampp\htdocs\php_milwa_trading\admin\view\template\gl\payments_form.tpl on line 170
2023-05-03 13:10:07 - PHP Warning:  Invalid argument supplied for foreach() in C:\xampp\htdocs\php_milwa_trading\admin\view\template\gl\payments_form.tpl on line 170
2023-05-03 13:10:07 - PHP Notice:  Undefined index: href in C:\xampp\htdocs\php_milwa_trading\admin\view\template\gl\payments_form.tpl on line 248
2023-05-03 13:10:07 - PHP Notice:  Undefined index: document_tax in C:\xampp\htdocs\php_milwa_trading\admin\view\template\gl\payments_form.tpl on line 273
2023-05-03 13:10:07 - PHP Notice:  Undefined index: discount_amount in C:\xampp\htdocs\php_milwa_trading\admin\view\template\gl\payments_form.tpl on line 279
2023-05-03 13:10:07 - PHP Notice:  Undefined variable: discount_amount in C:\xampp\htdocs\php_milwa_trading\admin\view\template\gl\payments_form.tpl on line 314
2023-05-03 13:10:07 - PHP Notice:  Undefined variable: column_right in C:\xampp\htdocs\php_milwa_trading\admin\view\template\gl\payments_form.tpl on line 410
2023-05-03 13:10:09 - PHP Notice:  Undefined variable: href_gl_mapping_account in C:\xampp\htdocs\php_milwa_trading\admin\view\template\common\column_left.tpl on line 68
2023-05-03 13:10:09 - PHP Notice:  Undefined index: gl_mapping_account in C:\xampp\htdocs\php_milwa_trading\admin\view\template\common\column_left.tpl on line 68
2023-05-03 13:10:09 - PHP Notice:  Undefined variable: href_tool_dashboard in C:\xampp\htdocs\php_milwa_trading\admin\view\template\common\column_left.tpl on line 231
2023-05-03 13:10:09 - PHP Notice:  Undefined index: class in C:\xampp\htdocs\php_milwa_trading\admin\view\template\gl\payments_form.tpl on line 18
2023-05-03 13:10:09 - PHP Notice:  Undefined index: class in C:\xampp\htdocs\php_milwa_trading\admin\view\template\gl\payments_form.tpl on line 18
2023-05-03 13:10:09 - PHP Notice:  Undefined index: class in C:\xampp\htdocs\php_milwa_trading\admin\view\template\gl\payments_form.tpl on line 18
2023-05-03 13:10:09 - PHP Notice:  Undefined variable: action in C:\xampp\htdocs\php_milwa_trading\admin\view\template\gl\payments_form.tpl on line 76
2023-05-03 13:10:09 - PHP Notice:  Undefined variable: job_carts in C:\xampp\htdocs\php_milwa_trading\admin\view\template\gl\payments_form.tpl on line 170
2023-05-03 13:10:09 - PHP Warning:  Invalid argument supplied for foreach() in C:\xampp\htdocs\php_milwa_trading\admin\view\template\gl\payments_form.tpl on line 170
2023-05-03 13:10:09 - PHP Notice:  Undefined index: href in C:\xampp\htdocs\php_milwa_trading\admin\view\template\gl\payments_form.tpl on line 248
2023-05-03 13:10:09 - PHP Notice:  Undefined index: document_tax in C:\xampp\htdocs\php_milwa_trading\admin\view\template\gl\payments_form.tpl on line 273
2023-05-03 13:10:09 - PHP Notice:  Undefined index: discount_amount in C:\xampp\htdocs\php_milwa_trading\admin\view\template\gl\payments_form.tpl on line 279
2023-05-03 13:10:09 - PHP Notice:  Undefined variable: discount_amount in C:\xampp\htdocs\php_milwa_trading\admin\view\template\gl\payments_form.tpl on line 314
2023-05-03 13:10:09 - PHP Notice:  Undefined variable: column_right in C:\xampp\htdocs\php_milwa_trading\admin\view\template\gl\payments_form.tpl on line 410
2023-05-03 13:10:10 - PHP Notice:  Undefined variable: href_gl_mapping_account in C:\xampp\htdocs\php_milwa_trading\admin\view\template\common\column_left.tpl on line 68
2023-05-03 13:10:10 - PHP Notice:  Undefined index: gl_mapping_account in C:\xampp\htdocs\php_milwa_trading\admin\view\template\common\column_left.tpl on line 68
2023-05-03 13:10:10 - PHP Notice:  Undefined variable: href_tool_dashboard in C:\xampp\htdocs\php_milwa_trading\admin\view\template\common\column_left.tpl on line 231
2023-05-03 13:10:10 - PHP Notice:  Undefined index: class in C:\xampp\htdocs\php_milwa_trading\admin\view\template\gl\payments_form.tpl on line 18
2023-05-03 13:10:10 - PHP Notice:  Undefined index: class in C:\xampp\htdocs\php_milwa_trading\admin\view\template\gl\payments_form.tpl on line 18
2023-05-03 13:10:10 - PHP Notice:  Undefined index: class in C:\xampp\htdocs\php_milwa_trading\admin\view\template\gl\payments_form.tpl on line 18
2023-05-03 13:10:10 - PHP Notice:  Undefined variable: action in C:\xampp\htdocs\php_milwa_trading\admin\view\template\gl\payments_form.tpl on line 76
2023-05-03 13:10:10 - PHP Notice:  Undefined variable: job_carts in C:\xampp\htdocs\php_milwa_trading\admin\view\template\gl\payments_form.tpl on line 170
2023-05-03 13:10:10 - PHP Warning:  Invalid argument supplied for foreach() in C:\xampp\htdocs\php_milwa_trading\admin\view\template\gl\payments_form.tpl on line 170
2023-05-03 13:10:10 - PHP Notice:  Undefined index: href in C:\xampp\htdocs\php_milwa_trading\admin\view\template\gl\payments_form.tpl on line 248
2023-05-03 13:10:10 - PHP Notice:  Undefined index: document_tax in C:\xampp\htdocs\php_milwa_trading\admin\view\template\gl\payments_form.tpl on line 273
2023-05-03 13:10:10 - PHP Notice:  Undefined index: discount_amount in C:\xampp\htdocs\php_milwa_trading\admin\view\template\gl\payments_form.tpl on line 279
2023-05-03 13:10:10 - PHP Notice:  Undefined variable: discount_amount in C:\xampp\htdocs\php_milwa_trading\admin\view\template\gl\payments_form.tpl on line 314
2023-05-03 13:10:10 - PHP Notice:  Undefined variable: column_right in C:\xampp\htdocs\php_milwa_trading\admin\view\template\gl\payments_form.tpl on line 410
2023-05-03 13:10:20 - PHP Notice:  Undefined variable: href_gl_mapping_account in C:\xampp\htdocs\php_milwa_trading\admin\view\template\common\column_left.tpl on line 68
2023-05-03 13:10:20 - PHP Notice:  Undefined index: gl_mapping_account in C:\xampp\htdocs\php_milwa_trading\admin\view\template\common\column_left.tpl on line 68
2023-05-03 13:10:20 - PHP Notice:  Undefined variable: href_tool_dashboard in C:\xampp\htdocs\php_milwa_trading\admin\view\template\common\column_left.tpl on line 231
2023-05-03 13:10:20 - PHP Notice:  Undefined index: class in C:\xampp\htdocs\php_milwa_trading\admin\view\template\gl\payments_form.tpl on line 18
2023-05-03 13:10:20 - PHP Notice:  Undefined index: class in C:\xampp\htdocs\php_milwa_trading\admin\view\template\gl\payments_form.tpl on line 18
2023-05-03 13:10:20 - PHP Notice:  Undefined index: class in C:\xampp\htdocs\php_milwa_trading\admin\view\template\gl\payments_form.tpl on line 18
2023-05-03 13:10:20 - PHP Notice:  Undefined variable: action in C:\xampp\htdocs\php_milwa_trading\admin\view\template\gl\payments_form.tpl on line 76
2023-05-03 13:10:20 - PHP Notice:  Undefined variable: job_carts in C:\xampp\htdocs\php_milwa_trading\admin\view\template\gl\payments_form.tpl on line 170
2023-05-03 13:10:20 - PHP Warning:  Invalid argument supplied for foreach() in C:\xampp\htdocs\php_milwa_trading\admin\view\template\gl\payments_form.tpl on line 170
2023-05-03 13:10:20 - PHP Notice:  Undefined index: href in C:\xampp\htdocs\php_milwa_trading\admin\view\template\gl\payments_form.tpl on line 248
2023-05-03 13:10:20 - PHP Notice:  Undefined index: document_tax in C:\xampp\htdocs\php_milwa_trading\admin\view\template\gl\payments_form.tpl on line 273
2023-05-03 13:10:20 - PHP Notice:  Undefined index: discount_amount in C:\xampp\htdocs\php_milwa_trading\admin\view\template\gl\payments_form.tpl on line 279
2023-05-03 13:10:20 - PHP Notice:  Undefined variable: discount_amount in C:\xampp\htdocs\php_milwa_trading\admin\view\template\gl\payments_form.tpl on line 314
2023-05-03 13:10:20 - PHP Notice:  Undefined variable: column_right in C:\xampp\htdocs\php_milwa_trading\admin\view\template\gl\payments_form.tpl on line 410
2023-05-03 13:10:21 - PHP Notice:  Undefined variable: href_gl_mapping_account in C:\xampp\htdocs\php_milwa_trading\admin\view\template\common\column_left.tpl on line 68
2023-05-03 13:10:21 - PHP Notice:  Undefined index: gl_mapping_account in C:\xampp\htdocs\php_milwa_trading\admin\view\template\common\column_left.tpl on line 68
2023-05-03 13:10:21 - PHP Notice:  Undefined variable: href_tool_dashboard in C:\xampp\htdocs\php_milwa_trading\admin\view\template\common\column_left.tpl on line 231
2023-05-03 13:10:21 - PHP Notice:  Undefined index: class in C:\xampp\htdocs\php_milwa_trading\admin\view\template\gl\payments_form.tpl on line 18
2023-05-03 13:10:21 - PHP Notice:  Undefined index: class in C:\xampp\htdocs\php_milwa_trading\admin\view\template\gl\payments_form.tpl on line 18
2023-05-03 13:10:21 - PHP Notice:  Undefined index: class in C:\xampp\htdocs\php_milwa_trading\admin\view\template\gl\payments_form.tpl on line 18
2023-05-03 13:10:21 - PHP Notice:  Undefined variable: action in C:\xampp\htdocs\php_milwa_trading\admin\view\template\gl\payments_form.tpl on line 76
2023-05-03 13:10:21 - PHP Notice:  Undefined variable: job_carts in C:\xampp\htdocs\php_milwa_trading\admin\view\template\gl\payments_form.tpl on line 170
2023-05-03 13:10:21 - PHP Warning:  Invalid argument supplied for foreach() in C:\xampp\htdocs\php_milwa_trading\admin\view\template\gl\payments_form.tpl on line 170
2023-05-03 13:10:21 - PHP Notice:  Undefined index: href in C:\xampp\htdocs\php_milwa_trading\admin\view\template\gl\payments_form.tpl on line 248
2023-05-03 13:10:21 - PHP Notice:  Undefined index: document_tax in C:\xampp\htdocs\php_milwa_trading\admin\view\template\gl\payments_form.tpl on line 273
2023-05-03 13:10:21 - PHP Notice:  Undefined index: discount_amount in C:\xampp\htdocs\php_milwa_trading\admin\view\template\gl\payments_form.tpl on line 279
2023-05-03 13:10:21 - PHP Notice:  Undefined variable: discount_amount in C:\xampp\htdocs\php_milwa_trading\admin\view\template\gl\payments_form.tpl on line 314
2023-05-03 13:10:21 - PHP Notice:  Undefined variable: column_right in C:\xampp\htdocs\php_milwa_trading\admin\view\template\gl\payments_form.tpl on line 410
2023-05-03 13:10:22 - PHP Notice:  Undefined variable: href_gl_mapping_account in C:\xampp\htdocs\php_milwa_trading\admin\view\template\common\column_left.tpl on line 68
2023-05-03 13:10:22 - PHP Notice:  Undefined index: gl_mapping_account in C:\xampp\htdocs\php_milwa_trading\admin\view\template\common\column_left.tpl on line 68
2023-05-03 13:10:22 - PHP Notice:  Undefined variable: href_tool_dashboard in C:\xampp\htdocs\php_milwa_trading\admin\view\template\common\column_left.tpl on line 231
2023-05-03 13:10:22 - PHP Notice:  Undefined index: class in C:\xampp\htdocs\php_milwa_trading\admin\view\template\gl\payments_form.tpl on line 18
2023-05-03 13:10:22 - PHP Notice:  Undefined index: class in C:\xampp\htdocs\php_milwa_trading\admin\view\template\gl\payments_form.tpl on line 18
2023-05-03 13:10:22 - PHP Notice:  Undefined index: class in C:\xampp\htdocs\php_milwa_trading\admin\view\template\gl\payments_form.tpl on line 18
2023-05-03 13:10:22 - PHP Notice:  Undefined variable: action in C:\xampp\htdocs\php_milwa_trading\admin\view\template\gl\payments_form.tpl on line 76
2023-05-03 13:10:22 - PHP Notice:  Undefined variable: job_carts in C:\xampp\htdocs\php_milwa_trading\admin\view\template\gl\payments_form.tpl on line 170
2023-05-03 13:10:22 - PHP Warning:  Invalid argument supplied for foreach() in C:\xampp\htdocs\php_milwa_trading\admin\view\template\gl\payments_form.tpl on line 170
2023-05-03 13:10:22 - PHP Notice:  Undefined index: href in C:\xampp\htdocs\php_milwa_trading\admin\view\template\gl\payments_form.tpl on line 248
2023-05-03 13:10:22 - PHP Notice:  Undefined index: document_tax in C:\xampp\htdocs\php_milwa_trading\admin\view\template\gl\payments_form.tpl on line 273
2023-05-03 13:10:22 - PHP Notice:  Undefined index: discount_amount in C:\xampp\htdocs\php_milwa_trading\admin\view\template\gl\payments_form.tpl on line 279
2023-05-03 13:10:22 - PHP Notice:  Undefined variable: discount_amount in C:\xampp\htdocs\php_milwa_trading\admin\view\template\gl\payments_form.tpl on line 314
2023-05-03 13:10:22 - PHP Notice:  Undefined variable: column_right in C:\xampp\htdocs\php_milwa_trading\admin\view\template\gl\payments_form.tpl on line 410
2023-05-03 13:10:23 - PHP Notice:  Undefined variable: href_gl_mapping_account in C:\xampp\htdocs\php_milwa_trading\admin\view\template\common\column_left.tpl on line 68
2023-05-03 13:10:23 - PHP Notice:  Undefined index: gl_mapping_account in C:\xampp\htdocs\php_milwa_trading\admin\view\template\common\column_left.tpl on line 68
2023-05-03 13:10:23 - PHP Notice:  Undefined variable: href_tool_dashboard in C:\xampp\htdocs\php_milwa_trading\admin\view\template\common\column_left.tpl on line 231
2023-05-03 13:10:23 - PHP Notice:  Undefined index: class in C:\xampp\htdocs\php_milwa_trading\admin\view\template\gl\payments_form.tpl on line 18
2023-05-03 13:10:23 - PHP Notice:  Undefined index: class in C:\xampp\htdocs\php_milwa_trading\admin\view\template\gl\payments_form.tpl on line 18
2023-05-03 13:10:23 - PHP Notice:  Undefined index: class in C:\xampp\htdocs\php_milwa_trading\admin\view\template\gl\payments_form.tpl on line 18
2023-05-03 13:10:23 - PHP Notice:  Undefined variable: action in C:\xampp\htdocs\php_milwa_trading\admin\view\template\gl\payments_form.tpl on line 76
2023-05-03 13:10:23 - PHP Notice:  Undefined variable: job_carts in C:\xampp\htdocs\php_milwa_trading\admin\view\template\gl\payments_form.tpl on line 170
2023-05-03 13:10:23 - PHP Warning:  Invalid argument supplied for foreach() in C:\xampp\htdocs\php_milwa_trading\admin\view\template\gl\payments_form.tpl on line 170
2023-05-03 13:10:23 - PHP Notice:  Undefined index: href in C:\xampp\htdocs\php_milwa_trading\admin\view\template\gl\payments_form.tpl on line 248
2023-05-03 13:10:23 - PHP Notice:  Undefined index: document_tax in C:\xampp\htdocs\php_milwa_trading\admin\view\template\gl\payments_form.tpl on line 273
2023-05-03 13:10:23 - PHP Notice:  Undefined index: discount_amount in C:\xampp\htdocs\php_milwa_trading\admin\view\template\gl\payments_form.tpl on line 279
2023-05-03 13:10:23 - PHP Notice:  Undefined variable: discount_amount in C:\xampp\htdocs\php_milwa_trading\admin\view\template\gl\payments_form.tpl on line 314
2023-05-03 13:10:23 - PHP Notice:  Undefined variable: column_right in C:\xampp\htdocs\php_milwa_trading\admin\view\template\gl\payments_form.tpl on line 410
2023-05-03 13:10:24 - PHP Notice:  Undefined variable: href_gl_mapping_account in C:\xampp\htdocs\php_milwa_trading\admin\view\template\common\column_left.tpl on line 68
2023-05-03 13:10:24 - PHP Notice:  Undefined index: gl_mapping_account in C:\xampp\htdocs\php_milwa_trading\admin\view\template\common\column_left.tpl on line 68
2023-05-03 13:10:24 - PHP Notice:  Undefined variable: href_tool_dashboard in C:\xampp\htdocs\php_milwa_trading\admin\view\template\common\column_left.tpl on line 231
2023-05-03 13:10:24 - PHP Notice:  Undefined index: class in C:\xampp\htdocs\php_milwa_trading\admin\view\template\gl\payments_form.tpl on line 18
2023-05-03 13:10:24 - PHP Notice:  Undefined index: class in C:\xampp\htdocs\php_milwa_trading\admin\view\template\gl\payments_form.tpl on line 18
2023-05-03 13:10:24 - PHP Notice:  Undefined index: class in C:\xampp\htdocs\php_milwa_trading\admin\view\template\gl\payments_form.tpl on line 18
2023-05-03 13:10:24 - PHP Notice:  Undefined variable: action in C:\xampp\htdocs\php_milwa_trading\admin\view\template\gl\payments_form.tpl on line 76
2023-05-03 13:10:24 - PHP Notice:  Undefined variable: job_carts in C:\xampp\htdocs\php_milwa_trading\admin\view\template\gl\payments_form.tpl on line 170
2023-05-03 13:10:24 - PHP Warning:  Invalid argument supplied for foreach() in C:\xampp\htdocs\php_milwa_trading\admin\view\template\gl\payments_form.tpl on line 170
2023-05-03 13:10:24 - PHP Notice:  Undefined index: href in C:\xampp\htdocs\php_milwa_trading\admin\view\template\gl\payments_form.tpl on line 248
2023-05-03 13:10:24 - PHP Notice:  Undefined index: document_tax in C:\xampp\htdocs\php_milwa_trading\admin\view\template\gl\payments_form.tpl on line 273
2023-05-03 13:10:24 - PHP Notice:  Undefined index: discount_amount in C:\xampp\htdocs\php_milwa_trading\admin\view\template\gl\payments_form.tpl on line 279
2023-05-03 13:10:24 - PHP Notice:  Undefined variable: discount_amount in C:\xampp\htdocs\php_milwa_trading\admin\view\template\gl\payments_form.tpl on line 314
2023-05-03 13:10:24 - PHP Notice:  Undefined variable: column_right in C:\xampp\htdocs\php_milwa_trading\admin\view\template\gl\payments_form.tpl on line 410
2023-05-03 13:10:42 - PHP Notice:  Undefined variable: href_gl_mapping_account in C:\xampp\htdocs\php_milwa_trading\admin\view\template\common\column_left.tpl on line 68
2023-05-03 13:10:42 - PHP Notice:  Undefined index: gl_mapping_account in C:\xampp\htdocs\php_milwa_trading\admin\view\template\common\column_left.tpl on line 68
2023-05-03 13:10:42 - PHP Notice:  Undefined variable: href_tool_dashboard in C:\xampp\htdocs\php_milwa_trading\admin\view\template\common\column_left.tpl on line 231
2023-05-03 13:10:42 - PHP Notice:  Undefined index: class in C:\xampp\htdocs\php_milwa_trading\admin\view\template\gl\payments_form.tpl on line 18
2023-05-03 13:10:42 - PHP Notice:  Undefined index: class in C:\xampp\htdocs\php_milwa_trading\admin\view\template\gl\payments_form.tpl on line 18
2023-05-03 13:10:42 - PHP Notice:  Undefined index: class in C:\xampp\htdocs\php_milwa_trading\admin\view\template\gl\payments_form.tpl on line 18
2023-05-03 13:10:42 - PHP Notice:  Undefined variable: action in C:\xampp\htdocs\php_milwa_trading\admin\view\template\gl\payments_form.tpl on line 76
2023-05-03 13:10:42 - PHP Notice:  Undefined variable: job_carts in C:\xampp\htdocs\php_milwa_trading\admin\view\template\gl\payments_form.tpl on line 170
2023-05-03 13:10:42 - PHP Warning:  Invalid argument supplied for foreach() in C:\xampp\htdocs\php_milwa_trading\admin\view\template\gl\payments_form.tpl on line 170
2023-05-03 13:10:42 - PHP Notice:  Undefined index: href in C:\xampp\htdocs\php_milwa_trading\admin\view\template\gl\payments_form.tpl on line 248
2023-05-03 13:10:42 - PHP Notice:  Undefined index: document_tax in C:\xampp\htdocs\php_milwa_trading\admin\view\template\gl\payments_form.tpl on line 273
2023-05-03 13:10:42 - PHP Notice:  Undefined index: discount_amount in C:\xampp\htdocs\php_milwa_trading\admin\view\template\gl\payments_form.tpl on line 279
2023-05-03 13:10:42 - PHP Notice:  Undefined variable: discount_amount in C:\xampp\htdocs\php_milwa_trading\admin\view\template\gl\payments_form.tpl on line 314
2023-05-03 13:10:42 - PHP Notice:  Undefined variable: column_right in C:\xampp\htdocs\php_milwa_trading\admin\view\template\gl\payments_form.tpl on line 410
2023-05-03 13:10:43 - PHP Notice:  Undefined variable: href_gl_mapping_account in C:\xampp\htdocs\php_milwa_trading\admin\view\template\common\column_left.tpl on line 68
2023-05-03 13:10:43 - PHP Notice:  Undefined index: gl_mapping_account in C:\xampp\htdocs\php_milwa_trading\admin\view\template\common\column_left.tpl on line 68
2023-05-03 13:10:43 - PHP Notice:  Undefined variable: href_tool_dashboard in C:\xampp\htdocs\php_milwa_trading\admin\view\template\common\column_left.tpl on line 231
2023-05-03 13:10:43 - PHP Notice:  Undefined index: class in C:\xampp\htdocs\php_milwa_trading\admin\view\template\gl\payments_form.tpl on line 18
2023-05-03 13:10:43 - PHP Notice:  Undefined index: class in C:\xampp\htdocs\php_milwa_trading\admin\view\template\gl\payments_form.tpl on line 18
2023-05-03 13:10:43 - PHP Notice:  Undefined index: class in C:\xampp\htdocs\php_milwa_trading\admin\view\template\gl\payments_form.tpl on line 18
2023-05-03 13:10:43 - PHP Notice:  Undefined variable: action in C:\xampp\htdocs\php_milwa_trading\admin\view\template\gl\payments_form.tpl on line 76
2023-05-03 13:10:43 - PHP Notice:  Undefined variable: job_carts in C:\xampp\htdocs\php_milwa_trading\admin\view\template\gl\payments_form.tpl on line 170
2023-05-03 13:10:43 - PHP Warning:  Invalid argument supplied for foreach() in C:\xampp\htdocs\php_milwa_trading\admin\view\template\gl\payments_form.tpl on line 170
2023-05-03 13:10:43 - PHP Notice:  Undefined index: href in C:\xampp\htdocs\php_milwa_trading\admin\view\template\gl\payments_form.tpl on line 248
2023-05-03 13:10:43 - PHP Notice:  Undefined index: document_tax in C:\xampp\htdocs\php_milwa_trading\admin\view\template\gl\payments_form.tpl on line 273
2023-05-03 13:10:43 - PHP Notice:  Undefined index: discount_amount in C:\xampp\htdocs\php_milwa_trading\admin\view\template\gl\payments_form.tpl on line 279
2023-05-03 13:10:43 - PHP Notice:  Undefined variable: discount_amount in C:\xampp\htdocs\php_milwa_trading\admin\view\template\gl\payments_form.tpl on line 314
2023-05-03 13:10:43 - PHP Notice:  Undefined variable: column_right in C:\xampp\htdocs\php_milwa_trading\admin\view\template\gl\payments_form.tpl on line 410
2023-05-03 13:10:50 - PHP Notice:  Undefined variable: href_gl_mapping_account in C:\xampp\htdocs\php_milwa_trading\admin\view\template\common\column_left.tpl on line 68
2023-05-03 13:10:50 - PHP Notice:  Undefined index: gl_mapping_account in C:\xampp\htdocs\php_milwa_trading\admin\view\template\common\column_left.tpl on line 68
2023-05-03 13:10:50 - PHP Notice:  Undefined variable: href_tool_dashboard in C:\xampp\htdocs\php_milwa_trading\admin\view\template\common\column_left.tpl on line 231
2023-05-03 13:10:50 - PHP Notice:  Undefined index: class in C:\xampp\htdocs\php_milwa_trading\admin\view\template\gl\payments_form.tpl on line 18
2023-05-03 13:10:50 - PHP Notice:  Undefined index: class in C:\xampp\htdocs\php_milwa_trading\admin\view\template\gl\payments_form.tpl on line 18
2023-05-03 13:10:50 - PHP Notice:  Undefined index: class in C:\xampp\htdocs\php_milwa_trading\admin\view\template\gl\payments_form.tpl on line 18
2023-05-03 13:10:50 - PHP Notice:  Undefined variable: action in C:\xampp\htdocs\php_milwa_trading\admin\view\template\gl\payments_form.tpl on line 76
2023-05-03 13:10:50 - PHP Notice:  Undefined variable: job_carts in C:\xampp\htdocs\php_milwa_trading\admin\view\template\gl\payments_form.tpl on line 170
2023-05-03 13:10:50 - PHP Warning:  Invalid argument supplied for foreach() in C:\xampp\htdocs\php_milwa_trading\admin\view\template\gl\payments_form.tpl on line 170
2023-05-03 13:10:50 - PHP Notice:  Undefined index: href in C:\xampp\htdocs\php_milwa_trading\admin\view\template\gl\payments_form.tpl on line 248
2023-05-03 13:10:50 - PHP Notice:  Undefined index: document_tax in C:\xampp\htdocs\php_milwa_trading\admin\view\template\gl\payments_form.tpl on line 273
2023-05-03 13:10:50 - PHP Notice:  Undefined index: discount_amount in C:\xampp\htdocs\php_milwa_trading\admin\view\template\gl\payments_form.tpl on line 279
2023-05-03 13:10:50 - PHP Notice:  Undefined variable: discount_amount in C:\xampp\htdocs\php_milwa_trading\admin\view\template\gl\payments_form.tpl on line 314
2023-05-03 13:10:50 - PHP Notice:  Undefined variable: column_right in C:\xampp\htdocs\php_milwa_trading\admin\view\template\gl\payments_form.tpl on line 410
2023-05-03 13:10:56 - PHP Warning:  mysqli::real_escape_string() expects parameter 1 to be string, array given in C:\xampp\htdocs\php_milwa_trading\system\database\dbmysqli.php on line 93
2023-05-03 13:10:56 - PHP Notice:  Undefined index: bank_name in C:\xampp\htdocs\php_milwa_trading\admin\controller\gl\payments.php on line 676
2023-05-03 13:10:56 - PHP Notice:  Undefined index: bank_name in C:\xampp\htdocs\php_milwa_trading\admin\controller\gl\payments.php on line 698
2023-05-03 13:10:56 - PHP Notice:  Undefined variable: href_gl_mapping_account in C:\xampp\htdocs\php_milwa_trading\admin\view\template\common\column_left.tpl on line 68
2023-05-03 13:10:56 - PHP Notice:  Undefined index: gl_mapping_account in C:\xampp\htdocs\php_milwa_trading\admin\view\template\common\column_left.tpl on line 68
2023-05-03 13:10:56 - PHP Notice:  Undefined variable: href_tool_dashboard in C:\xampp\htdocs\php_milwa_trading\admin\view\template\common\column_left.tpl on line 231
2023-05-03 13:10:56 - PHP Notice:  Undefined index: class in C:\xampp\htdocs\php_milwa_trading\admin\view\template\gl\payments_list.tpl on line 19
2023-05-03 13:10:56 - PHP Notice:  Undefined index: class in C:\xampp\htdocs\php_milwa_trading\admin\view\template\gl\payments_list.tpl on line 19
2023-05-03 13:10:56 - PHP Notice:  Undefined index: class in C:\xampp\htdocs\php_milwa_trading\admin\view\template\gl\payments_list.tpl on line 19
2023-05-03 13:10:56 - PHP Notice:  Undefined variable: column_right in C:\xampp\htdocs\php_milwa_trading\admin\view\template\gl\payments_list.tpl on line 79
2023-05-03 13:10:58 - PHP Notice:  Undefined variable: href_gl_mapping_account in C:\xampp\htdocs\php_milwa_trading\admin\view\template\common\column_left.tpl on line 68
2023-05-03 13:10:58 - PHP Notice:  Undefined index: gl_mapping_account in C:\xampp\htdocs\php_milwa_trading\admin\view\template\common\column_left.tpl on line 68
2023-05-03 13:10:58 - PHP Notice:  Undefined variable: href_tool_dashboard in C:\xampp\htdocs\php_milwa_trading\admin\view\template\common\column_left.tpl on line 231
2023-05-03 13:10:58 - PHP Notice:  Undefined index: class in C:\xampp\htdocs\php_milwa_trading\admin\view\template\gl\payments_form.tpl on line 18
2023-05-03 13:10:58 - PHP Notice:  Undefined index: class in C:\xampp\htdocs\php_milwa_trading\admin\view\template\gl\payments_form.tpl on line 18
2023-05-03 13:10:58 - PHP Notice:  Undefined index: class in C:\xampp\htdocs\php_milwa_trading\admin\view\template\gl\payments_form.tpl on line 18
2023-05-03 13:10:58 - PHP Notice:  Undefined variable: action in C:\xampp\htdocs\php_milwa_trading\admin\view\template\gl\payments_form.tpl on line 76
2023-05-03 13:10:58 - PHP Notice:  Undefined variable: job_carts in C:\xampp\htdocs\php_milwa_trading\admin\view\template\gl\payments_form.tpl on line 170
2023-05-03 13:10:58 - PHP Warning:  Invalid argument supplied for foreach() in C:\xampp\htdocs\php_milwa_trading\admin\view\template\gl\payments_form.tpl on line 170
2023-05-03 13:10:58 - PHP Notice:  Undefined index: href in C:\xampp\htdocs\php_milwa_trading\admin\view\template\gl\payments_form.tpl on line 248
2023-05-03 13:10:58 - PHP Notice:  Undefined index: document_tax in C:\xampp\htdocs\php_milwa_trading\admin\view\template\gl\payments_form.tpl on line 273
2023-05-03 13:10:58 - PHP Notice:  Undefined index: discount_amount in C:\xampp\htdocs\php_milwa_trading\admin\view\template\gl\payments_form.tpl on line 279
2023-05-03 13:10:58 - PHP Notice:  Undefined variable: discount_amount in C:\xampp\htdocs\php_milwa_trading\admin\view\template\gl\payments_form.tpl on line 314
2023-05-03 13:10:58 - PHP Notice:  Undefined variable: column_right in C:\xampp\htdocs\php_milwa_trading\admin\view\template\gl\payments_form.tpl on line 410
2023-05-03 13:10:58 - PHP Notice:  Undefined variable: href_gl_mapping_account in C:\xampp\htdocs\php_milwa_trading\admin\view\template\common\column_left.tpl on line 68
2023-05-03 13:10:58 - PHP Notice:  Undefined index: gl_mapping_account in C:\xampp\htdocs\php_milwa_trading\admin\view\template\common\column_left.tpl on line 68
2023-05-03 13:10:58 - PHP Notice:  Undefined variable: href_tool_dashboard in C:\xampp\htdocs\php_milwa_trading\admin\view\template\common\column_left.tpl on line 231
2023-05-03 13:10:58 - PHP Notice:  Undefined index: class in C:\xampp\htdocs\php_milwa_trading\admin\view\template\gl\payments_form.tpl on line 18
2023-05-03 13:10:58 - PHP Notice:  Undefined index: class in C:\xampp\htdocs\php_milwa_trading\admin\view\template\gl\payments_form.tpl on line 18
2023-05-03 13:10:58 - PHP Notice:  Undefined index: class in C:\xampp\htdocs\php_milwa_trading\admin\view\template\gl\payments_form.tpl on line 18
2023-05-03 13:10:58 - PHP Notice:  Undefined variable: action in C:\xampp\htdocs\php_milwa_trading\admin\view\template\gl\payments_form.tpl on line 76
2023-05-03 13:10:58 - PHP Notice:  Undefined variable: job_carts in C:\xampp\htdocs\php_milwa_trading\admin\view\template\gl\payments_form.tpl on line 170
2023-05-03 13:10:58 - PHP Warning:  Invalid argument supplied for foreach() in C:\xampp\htdocs\php_milwa_trading\admin\view\template\gl\payments_form.tpl on line 170
2023-05-03 13:10:58 - PHP Notice:  Undefined index: href in C:\xampp\htdocs\php_milwa_trading\admin\view\template\gl\payments_form.tpl on line 248
2023-05-03 13:10:58 - PHP Notice:  Undefined index: document_tax in C:\xampp\htdocs\php_milwa_trading\admin\view\template\gl\payments_form.tpl on line 273
2023-05-03 13:10:59 - PHP Notice:  Undefined index: discount_amount in C:\xampp\htdocs\php_milwa_trading\admin\view\template\gl\payments_form.tpl on line 279
2023-05-03 13:10:59 - PHP Notice:  Undefined variable: discount_amount in C:\xampp\htdocs\php_milwa_trading\admin\view\template\gl\payments_form.tpl on line 314
2023-05-03 13:10:59 - PHP Notice:  Undefined variable: column_right in C:\xampp\htdocs\php_milwa_trading\admin\view\template\gl\payments_form.tpl on line 410
