2022-11-21 13:25:55 - PHP Notice:  Undefined index: from_time in C:\xampp\htdocs\php_milwa_trading\admin\controller\common\login.php on line 102
2022-11-21 13:25:55 - PHP Notice:  Undefined index: to_time in C:\xampp\htdocs\php_milwa_trading\admin\controller\common\login.php on line 103
2022-11-21 13:25:59 - PHP Notice:  Undefined index: db_name in C:\xampp\htdocs\php_milwa_trading\system\engine\hmodel.php on line 12
2022-11-21 13:25:59 - PHP Warning:  Invalid argument supplied for foreach() in C:\xampp\htdocs\php_milwa_trading\admin\view\template\common\preset.tpl on line 52
2022-11-21 13:26:00 - PHP Notice:  Undefined index: db_name in C:\xampp\htdocs\php_milwa_trading\system\engine\hmodel.php on line 12
2022-11-21 13:26:00 - PHP Notice:  Undefined index: case_id in C:\xampp\htdocs\php_milwa_trading\admin\controller\common\home.php on line 55
2022-11-21 13:26:00 - PHP Notice:  Undefined index: case_id in C:\xampp\htdocs\php_milwa_trading\admin\controller\common\home.php on line 56
2022-11-21 13:26:01 - PHP Notice:  Undefined variable: href_gl_mapping_account in C:\xampp\htdocs\php_milwa_trading\admin\view\template\common\column_left.tpl on line 66
2022-11-21 13:26:01 - PHP Notice:  Undefined index: gl_mapping_account in C:\xampp\htdocs\php_milwa_trading\admin\view\template\common\column_left.tpl on line 66
2022-11-21 13:26:01 - PHP Notice:  Undefined variable: href_tool_dashboard in C:\xampp\htdocs\php_milwa_trading\admin\view\template\common\column_left.tpl on line 229
2022-11-21 13:26:01 - PHP Notice:  Undefined variable: bank_receipts in C:\xampp\htdocs\php_milwa_trading\admin\view\template\common\home.tpl on line 258
2022-11-21 13:26:01 - PHP Warning:  Invalid argument supplied for foreach() in C:\xampp\htdocs\php_milwa_trading\admin\view\template\common\home.tpl on line 258
2022-11-21 13:26:06 - PHP Notice:  Undefined variable: href_gl_mapping_account in C:\xampp\htdocs\php_milwa_trading\admin\view\template\common\column_left.tpl on line 66
2022-11-21 13:26:06 - PHP Notice:  Undefined index: gl_mapping_account in C:\xampp\htdocs\php_milwa_trading\admin\view\template\common\column_left.tpl on line 66
2022-11-21 13:26:06 - PHP Notice:  Undefined variable: href_tool_dashboard in C:\xampp\htdocs\php_milwa_trading\admin\view\template\common\column_left.tpl on line 229
2022-11-21 13:26:06 - PHP Notice:  Undefined index: class in C:\xampp\htdocs\php_milwa_trading\admin\view\template\inventory\sale_tax_invoice_list.tpl on line 19
2022-11-21 13:26:06 - PHP Notice:  Undefined index: class in C:\xampp\htdocs\php_milwa_trading\admin\view\template\inventory\sale_tax_invoice_list.tpl on line 19
2022-11-21 13:26:06 - PHP Notice:  Undefined index: class in C:\xampp\htdocs\php_milwa_trading\admin\view\template\inventory\sale_tax_invoice_list.tpl on line 19
2022-11-21 13:26:06 - PHP Notice:  Undefined variable: column_right in C:\xampp\htdocs\php_milwa_trading\admin\view\template\inventory\sale_tax_invoice_list.tpl on line 79
2022-11-21 13:26:14 - PHP Notice:  Undefined variable: href_gl_mapping_account in C:\xampp\htdocs\php_milwa_trading\admin\view\template\common\column_left.tpl on line 66
2022-11-21 13:26:14 - PHP Notice:  Undefined index: gl_mapping_account in C:\xampp\htdocs\php_milwa_trading\admin\view\template\common\column_left.tpl on line 66
2022-11-21 13:26:14 - PHP Notice:  Undefined variable: href_tool_dashboard in C:\xampp\htdocs\php_milwa_trading\admin\view\template\common\column_left.tpl on line 229
2022-11-21 13:26:15 - PHP Notice:  Undefined index: class in C:\xampp\htdocs\php_milwa_trading\admin\view\template\inventory\sale_return_list.tpl on line 19
2022-11-21 13:26:15 - PHP Notice:  Undefined index: class in C:\xampp\htdocs\php_milwa_trading\admin\view\template\inventory\sale_return_list.tpl on line 19
2022-11-21 13:26:15 - PHP Notice:  Undefined index: class in C:\xampp\htdocs\php_milwa_trading\admin\view\template\inventory\sale_return_list.tpl on line 19
2022-11-21 13:26:15 - PHP Notice:  Undefined variable: column_right in C:\xampp\htdocs\php_milwa_trading\admin\view\template\inventory\sale_return_list.tpl on line 79
2022-11-21 13:26:19 - PHP Notice:  Undefined index: sale_return_id in C:\xampp\htdocs\php_milwa_trading\system\engine\hcontroller.php on line 223
2022-11-21 13:26:19 - PHP Notice:  Undefined index: sale_return_id in C:\xampp\htdocs\php_milwa_trading\system\engine\hcontroller.php on line 224
2022-11-21 13:26:19 - PHP Notice:  Undefined index: sale_return_id in C:\xampp\htdocs\php_milwa_trading\admin\controller\inventory\sale_return.php on line 244
2022-11-21 13:26:19 - PHP Notice:  Undefined index: sale_return_id in C:\xampp\htdocs\php_milwa_trading\admin\controller\inventory\sale_return.php on line 245
2022-11-21 13:26:19 - PHP Notice:  Undefined index: sale_return_id in C:\xampp\htdocs\php_milwa_trading\admin\controller\inventory\sale_return.php on line 246
2022-11-21 13:26:19 - PHP Notice:  Undefined index: sale_return_id in C:\xampp\htdocs\php_milwa_trading\admin\controller\inventory\sale_return.php on line 247
2022-11-21 13:26:19 - PHP Notice:  Undefined variable: href_gl_mapping_account in C:\xampp\htdocs\php_milwa_trading\admin\view\template\common\column_left.tpl on line 66
2022-11-21 13:26:19 - PHP Notice:  Undefined index: gl_mapping_account in C:\xampp\htdocs\php_milwa_trading\admin\view\template\common\column_left.tpl on line 66
2022-11-21 13:26:19 - PHP Notice:  Undefined variable: href_tool_dashboard in C:\xampp\htdocs\php_milwa_trading\admin\view\template\common\column_left.tpl on line 229
2022-11-21 13:26:19 - PHP Notice:  Undefined index: class in C:\xampp\htdocs\php_milwa_trading\admin\view\template\inventory\sale_return_form.tpl on line 18
2022-11-21 13:26:19 - PHP Notice:  Undefined index: class in C:\xampp\htdocs\php_milwa_trading\admin\view\template\inventory\sale_return_form.tpl on line 18
2022-11-21 13:26:19 - PHP Notice:  Undefined index: class in C:\xampp\htdocs\php_milwa_trading\admin\view\template\inventory\sale_return_form.tpl on line 18
2022-11-21 13:26:19 - PHP Notice:  Undefined variable: is_post in C:\xampp\htdocs\php_milwa_trading\admin\view\template\inventory\sale_return_form.tpl on line 47
2022-11-21 13:26:19 - PHP Notice:  Undefined variable: action in C:\xampp\htdocs\php_milwa_trading\admin\view\template\inventory\sale_return_form.tpl on line 75
2022-11-21 13:26:19 - PHP Notice:  Undefined variable: document_type_id in C:\xampp\htdocs\php_milwa_trading\admin\view\template\inventory\sale_return_form.tpl on line 76
2022-11-21 13:26:19 - PHP Notice:  Undefined variable: sale_return_id in C:\xampp\htdocs\php_milwa_trading\admin\view\template\inventory\sale_return_form.tpl on line 77
2022-11-21 13:26:19 - PHP Notice:  Undefined variable: document_identity in C:\xampp\htdocs\php_milwa_trading\admin\view\template\inventory\sale_return_form.tpl on line 82
2022-11-21 13:26:19 - PHP Notice:  Undefined variable: remarks in C:\xampp\htdocs\php_milwa_trading\admin\view\template\inventory\sale_return_form.tpl on line 173
2022-11-21 13:26:19 - PHP Notice:  Undefined index: remarks2 in C:\xampp\htdocs\php_milwa_trading\admin\view\template\inventory\sale_return_form.tpl on line 178
2022-11-21 13:26:19 - PHP Notice:  Undefined variable: remarks2 in C:\xampp\htdocs\php_milwa_trading\admin\view\template\inventory\sale_return_form.tpl on line 179
2022-11-21 13:26:19 - PHP Notice:  Undefined variable: sale_return_details in C:\xampp\htdocs\php_milwa_trading\admin\view\template\inventory\sale_return_form.tpl on line 210
2022-11-21 13:26:19 - PHP Warning:  Invalid argument supplied for foreach() in C:\xampp\htdocs\php_milwa_trading\admin\view\template\inventory\sale_return_form.tpl on line 210
2022-11-21 13:26:19 - PHP Notice:  Undefined variable: sale_return_details in C:\xampp\htdocs\php_milwa_trading\admin\view\template\inventory\sale_return_form.tpl on line 312
2022-11-21 13:26:19 - PHP Warning:  count(): Parameter must be an array or an object that implements Countable in C:\xampp\htdocs\php_milwa_trading\admin\view\template\inventory\sale_return_form.tpl on line 312
2022-11-21 13:26:19 - PHP Notice:  Undefined variable: item_amount in C:\xampp\htdocs\php_milwa_trading\admin\view\template\inventory\sale_return_form.tpl on line 324
2022-11-21 13:26:19 - PHP Notice:  Undefined variable: item_discount in C:\xampp\htdocs\php_milwa_trading\admin\view\template\inventory\sale_return_form.tpl on line 330
2022-11-21 13:26:19 - PHP Notice:  Undefined variable: item_tax in C:\xampp\htdocs\php_milwa_trading\admin\view\template\inventory\sale_return_form.tpl on line 336
2022-11-21 13:26:19 - PHP Notice:  Undefined variable: item_total in C:\xampp\htdocs\php_milwa_trading\admin\view\template\inventory\sale_return_form.tpl on line 342
2022-11-21 13:26:19 - PHP Notice:  Undefined variable: deduction_amount in C:\xampp\htdocs\php_milwa_trading\admin\view\template\inventory\sale_return_form.tpl on line 350
2022-11-21 13:26:19 - PHP Notice:  Undefined variable: net_amount in C:\xampp\htdocs\php_milwa_trading\admin\view\template\inventory\sale_return_form.tpl on line 356
2022-11-21 13:26:19 - PHP Notice:  Undefined variable: cash_returned in C:\xampp\htdocs\php_milwa_trading\admin\view\template\inventory\sale_return_form.tpl on line 364
2022-11-21 13:26:19 - PHP Notice:  Undefined variable: balance_amount in C:\xampp\htdocs\php_milwa_trading\admin\view\template\inventory\sale_return_form.tpl on line 370
2022-11-21 13:26:19 - PHP Notice:  Undefined variable: is_post in C:\xampp\htdocs\php_milwa_trading\admin\view\template\inventory\sale_return_form.tpl on line 398
2022-11-21 13:26:19 - PHP Notice:  Undefined variable: partner_id in C:\xampp\htdocs\php_milwa_trading\admin\view\template\inventory\sale_return_form.tpl on line 417
2022-11-21 13:26:19 - PHP Notice:  Undefined variable: ref_document_type_id in C:\xampp\htdocs\php_milwa_trading\admin\view\template\inventory\sale_return_form.tpl on line 419
2022-11-21 13:26:19 - PHP Notice:  Undefined variable: ref_document_identity in C:\xampp\htdocs\php_milwa_trading\admin\view\template\inventory\sale_return_form.tpl on line 420
2022-11-21 13:26:19 - PHP Notice:  Undefined index: sale_return_id in C:\xampp\htdocs\php_milwa_trading\admin\view\template\inventory\sale_return_form.tpl on line 427
2022-11-21 13:26:19 - PHP Notice:  Undefined variable: column_right in C:\xampp\htdocs\php_milwa_trading\admin\view\template\inventory\sale_return_form.tpl on line 513
2022-11-21 13:26:22 - PHP Notice:  Undefined index: page in C:\xampp\htdocs\php_milwa_trading\admin\controller\inventory\sale_return.php on line 266
2022-11-21 13:26:30 - PHP Notice:  Undefined index: sale_invoice_id in C:\xampp\htdocs\php_milwa_trading\admin\controller\inventory\sale_return.php on line 1151
2022-11-21 13:26:34 - PHP Warning:  mysqli::real_escape_string() expects parameter 1 to be string, array given in C:\xampp\htdocs\php_milwa_trading\system\database\dbmysqli.php on line 93
2022-11-21 13:26:34 - PHP Notice:  Undefined index: ref_document_id in C:\xampp\htdocs\php_milwa_trading\admin\controller\inventory\sale_return.php on line 611
2022-11-21 13:26:34 - PHP Notice:  Undefined index: ref_document_id in C:\xampp\htdocs\php_milwa_trading\admin\controller\inventory\sale_return.php on line 630
2022-11-21 13:26:34 - PHP Notice:  Undefined index: cash_received in C:\xampp\htdocs\php_milwa_trading\admin\controller\inventory\sale_return.php on line 693
2022-11-21 13:26:34 - PHP Notice:  Undefined variable: href_gl_mapping_account in C:\xampp\htdocs\php_milwa_trading\admin\view\template\common\column_left.tpl on line 66
2022-11-21 13:26:34 - PHP Notice:  Undefined index: gl_mapping_account in C:\xampp\htdocs\php_milwa_trading\admin\view\template\common\column_left.tpl on line 66
2022-11-21 13:26:34 - PHP Notice:  Undefined variable: href_tool_dashboard in C:\xampp\htdocs\php_milwa_trading\admin\view\template\common\column_left.tpl on line 229
2022-11-21 13:26:34 - PHP Notice:  Undefined index: class in C:\xampp\htdocs\php_milwa_trading\admin\view\template\inventory\sale_return_list.tpl on line 19
2022-11-21 13:26:34 - PHP Notice:  Undefined index: class in C:\xampp\htdocs\php_milwa_trading\admin\view\template\inventory\sale_return_list.tpl on line 19
2022-11-21 13:26:34 - PHP Notice:  Undefined index: class in C:\xampp\htdocs\php_milwa_trading\admin\view\template\inventory\sale_return_list.tpl on line 19
2022-11-21 13:26:34 - PHP Notice:  Undefined variable: column_right in C:\xampp\htdocs\php_milwa_trading\admin\view\template\inventory\sale_return_list.tpl on line 79
