2025-12-02 20:48:59 - PHP Notice:  Undefined index: db_name in C:\xampp\htdocs\pos\system\engine\hmodel.php on line 12
2025-12-02 20:48:59 - PHP Warning:  Invalid argument supplied for foreach() in C:\xampp\htdocs\pos\admin\view\template\common\preset.tpl on line 52
2025-12-02 20:56:41 - PHP Notice:  Undefined index: db_name in C:\xampp\htdocs\pos\system\engine\hmodel.php on line 12
2025-12-02 20:56:41 - PHP Notice:  Undefined index: case_id in C:\xampp\htdocs\pos\admin\controller\common\home.php on line 55
2025-12-02 20:56:41 - PHP Notice:  Undefined index: case_id in C:\xampp\htdocs\pos\admin\controller\common\home.php on line 56
2025-12-02 20:56:43 - PHP Notice:  Undefined variable: href_gl_mapping_account in C:\xampp\htdocs\pos\admin\view\template\common\column_left.tpl on line 68
2025-12-02 20:56:43 - PHP Notice:  Undefined index: gl_mapping_account in C:\xampp\htdocs\pos\admin\view\template\common\column_left.tpl on line 68
2025-12-02 20:56:43 - PHP Notice:  Undefined variable: href_tool_dashboard in C:\xampp\htdocs\pos\admin\view\template\common\column_left.tpl on line 231
2025-12-02 20:56:44 - PHP Notice:  Undefined index: inventory_sale_invoice in C:\xampp\htdocs\pos\admin\view\template\common\home.tpl on line 36
2025-12-02 20:56:51 - PHP Warning:  Declaration of ControllerSetupCompanySetting::updateData($data) should be compatible with HController::updateData($primary_key, $data) in C:\xampp\htdocs\pos\admin\controller\setup\company_setting.php on line 130
2025-12-02 20:56:51 - PHP Warning:  Declaration of ControllerSetupCompanySetting::updateData($data) should be compatible with HController::updateData($primary_key, $data) in C:\xampp\htdocs\pos\admin\controller\setup\company_setting.php on line 130
2025-12-02 20:56:51 - PHP Notice:  Undefined variable: href_gl_mapping_account in C:\xampp\htdocs\pos\admin\view\template\common\column_left.tpl on line 68
2025-12-02 20:56:51 - PHP Notice:  Undefined index: gl_mapping_account in C:\xampp\htdocs\pos\admin\view\template\common\column_left.tpl on line 68
2025-12-02 20:56:51 - PHP Notice:  Undefined variable: href_tool_dashboard in C:\xampp\htdocs\pos\admin\view\template\common\column_left.tpl on line 231
2025-12-02 20:56:51 - PHP Notice:  Undefined index: class in C:\xampp\htdocs\pos\admin\view\template\setup\company_setting_form.tpl on line 18
2025-12-02 20:56:51 - PHP Notice:  Undefined index: class in C:\xampp\htdocs\pos\admin\view\template\setup\company_setting_form.tpl on line 18
2025-12-02 20:56:51 - PHP Notice:  Undefined index: class in C:\xampp\htdocs\pos\admin\view\template\setup\company_setting_form.tpl on line 18
2025-12-02 20:56:51 - PHP Notice:  Undefined index: base_currency_account in C:\xampp\htdocs\pos\admin\view\template\setup\company_setting_form.tpl on line 68
2025-12-02 20:56:51 - PHP Notice:  Undefined index: description in C:\xampp\htdocs\pos\admin\view\template\setup\company_setting_form.tpl on line 117
2025-12-02 20:56:51 - PHP Notice:  Undefined variable: column_right in C:\xampp\htdocs\pos\admin\view\template\setup\company_setting_form.tpl on line 195
2025-12-02 20:57:21 - PHP Notice:  Undefined index: directory in C:\xampp\htdocs\pos\admin\controller\common\filemanager.php on line 233
2025-12-02 20:57:25 - PHP Warning:  Declaration of ControllerSetupCompanySetting::updateData($data) should be compatible with HController::updateData($primary_key, $data) in C:\xampp\htdocs\pos\admin\controller\setup\company_setting.php on line 130
2025-12-02 20:57:26 - PHP Warning:  Declaration of ControllerSetupCompanySetting::updateData($data) should be compatible with HController::updateData($primary_key, $data) in C:\xampp\htdocs\pos\admin\controller\setup\company_setting.php on line 130
2025-12-02 20:57:26 - PHP Warning:  Declaration of ControllerSetupCompanySetting::updateData($data) should be compatible with HController::updateData($primary_key, $data) in C:\xampp\htdocs\pos\admin\controller\setup\company_setting.php on line 130
2025-12-02 20:57:26 - PHP Notice:  Undefined variable: href_gl_mapping_account in C:\xampp\htdocs\pos\admin\view\template\common\column_left.tpl on line 68
2025-12-02 20:57:26 - PHP Notice:  Undefined index: gl_mapping_account in C:\xampp\htdocs\pos\admin\view\template\common\column_left.tpl on line 68
2025-12-02 20:57:26 - PHP Notice:  Undefined variable: href_tool_dashboard in C:\xampp\htdocs\pos\admin\view\template\common\column_left.tpl on line 231
2025-12-02 20:57:26 - PHP Notice:  Undefined index: class in C:\xampp\htdocs\pos\admin\view\template\setup\company_setting_form.tpl on line 18
2025-12-02 20:57:26 - PHP Notice:  Undefined index: class in C:\xampp\htdocs\pos\admin\view\template\setup\company_setting_form.tpl on line 18
2025-12-02 20:57:26 - PHP Notice:  Undefined index: class in C:\xampp\htdocs\pos\admin\view\template\setup\company_setting_form.tpl on line 18
2025-12-02 20:57:26 - PHP Notice:  Undefined index: base_currency_account in C:\xampp\htdocs\pos\admin\view\template\setup\company_setting_form.tpl on line 68
2025-12-02 20:57:26 - PHP Notice:  Undefined index: description in C:\xampp\htdocs\pos\admin\view\template\setup\company_setting_form.tpl on line 117
2025-12-02 20:57:26 - PHP Notice:  Undefined variable: column_right in C:\xampp\htdocs\pos\admin\view\template\setup\company_setting_form.tpl on line 195
2025-12-02 21:01:47 - PHP Notice:  Undefined index: db_name in C:\xampp\htdocs\pos\system\engine\hmodel.php on line 12
2025-12-02 21:01:47 - PHP Warning:  Invalid argument supplied for foreach() in C:\xampp\htdocs\pos\admin\view\template\common\preset.tpl on line 52
2025-12-02 21:01:48 - PHP Notice:  Undefined index: db_name in C:\xampp\htdocs\pos\system\engine\hmodel.php on line 12
2025-12-02 21:01:48 - PHP Notice:  Undefined index: case_id in C:\xampp\htdocs\pos\admin\controller\common\home.php on line 55
2025-12-02 21:01:48 - PHP Notice:  Undefined index: case_id in C:\xampp\htdocs\pos\admin\controller\common\home.php on line 56
2025-12-02 21:01:49 - PHP Notice:  Undefined variable: href_gl_mapping_account in C:\xampp\htdocs\pos\admin\view\template\common\column_left.tpl on line 68
2025-12-02 21:01:49 - PHP Notice:  Undefined index: gl_mapping_account in C:\xampp\htdocs\pos\admin\view\template\common\column_left.tpl on line 68
2025-12-02 21:01:49 - PHP Notice:  Undefined variable: href_tool_dashboard in C:\xampp\htdocs\pos\admin\view\template\common\column_left.tpl on line 231
2025-12-02 21:01:49 - PHP Notice:  Undefined index: inventory_sale_invoice in C:\xampp\htdocs\pos\admin\view\template\common\home.tpl on line 36
2025-12-02 21:57:27 - PHP Notice:  Undefined index: db_name in C:\xampp\htdocs\pos\system\engine\hmodel.php on line 12
2025-12-02 21:57:27 - PHP Warning:  Invalid argument supplied for foreach() in C:\xampp\htdocs\pos\admin\view\template\common\preset.tpl on line 52
2025-12-02 21:59:07 - PHP Notice:  Undefined index: db_name in C:\xampp\htdocs\pos\system\engine\hmodel.php on line 12
2025-12-02 21:59:07 - PHP Warning:  Invalid argument supplied for foreach() in C:\xampp\htdocs\pos\admin\view\template\common\preset.tpl on line 52
2025-12-02 22:02:07 - PHP Notice:  Undefined index: db_name in C:\xampp\htdocs\pos\system\engine\hmodel.php on line 12
2025-12-02 22:02:07 - PHP Warning:  Invalid argument supplied for foreach() in C:\xampp\htdocs\pos\admin\view\template\common\preset.tpl on line 56
2025-12-02 22:03:20 - PHP Notice:  Undefined index: db_name in C:\xampp\htdocs\pos\system\engine\hmodel.php on line 12
2025-12-02 22:03:20 - PHP Warning:  Invalid argument supplied for foreach() in C:\xampp\htdocs\pos\admin\view\template\common\preset.tpl on line 55
2025-12-02 22:03:45 - PHP Notice:  Undefined index: db_name in C:\xampp\htdocs\pos\system\engine\hmodel.php on line 12
2025-12-02 22:03:45 - PHP Notice:  Undefined index: case_id in C:\xampp\htdocs\pos\admin\controller\common\home.php on line 55
2025-12-02 22:03:45 - PHP Notice:  Undefined index: case_id in C:\xampp\htdocs\pos\admin\controller\common\home.php on line 56
2025-12-02 22:03:45 - PHP Notice:  Undefined variable: href_gl_mapping_account in C:\xampp\htdocs\pos\admin\view\template\common\column_left.tpl on line 68
2025-12-02 22:03:45 - PHP Notice:  Undefined index: gl_mapping_account in C:\xampp\htdocs\pos\admin\view\template\common\column_left.tpl on line 68
2025-12-02 22:03:45 - PHP Notice:  Undefined variable: href_tool_dashboard in C:\xampp\htdocs\pos\admin\view\template\common\column_left.tpl on line 231
2025-12-02 22:03:45 - PHP Notice:  Undefined index: inventory_sale_invoice in C:\xampp\htdocs\pos\admin\view\template\common\home.tpl on line 36
2025-12-02 22:05:10 - PHP Notice:  Undefined index: case_id in C:\xampp\htdocs\pos\admin\controller\common\home.php on line 55
2025-12-02 22:05:10 - PHP Notice:  Undefined index: case_id in C:\xampp\htdocs\pos\admin\controller\common\home.php on line 56
2025-12-02 22:05:10 - PHP Notice:  Undefined variable: href_gl_mapping_account in C:\xampp\htdocs\pos\admin\view\template\common\column_left.tpl on line 68
2025-12-02 22:05:10 - PHP Notice:  Undefined index: gl_mapping_account in C:\xampp\htdocs\pos\admin\view\template\common\column_left.tpl on line 68
2025-12-02 22:05:10 - PHP Notice:  Undefined variable: href_tool_dashboard in C:\xampp\htdocs\pos\admin\view\template\common\column_left.tpl on line 231
2025-12-02 22:05:10 - PHP Notice:  Undefined index: inventory_sale_invoice in C:\xampp\htdocs\pos\admin\view\template\common\home.tpl on line 36
2025-12-02 22:05:35 - PHP Notice:  Undefined index: db_name in C:\xampp\htdocs\pos\system\engine\hmodel.php on line 12
2025-12-02 22:05:35 - PHP Warning:  Invalid argument supplied for foreach() in C:\xampp\htdocs\pos\admin\view\template\common\preset.tpl on line 55
2025-12-02 22:05:37 - PHP Notice:  Undefined index: db_name in C:\xampp\htdocs\pos\system\engine\hmodel.php on line 12
2025-12-02 22:05:37 - PHP Notice:  Undefined index: case_id in C:\xampp\htdocs\pos\admin\controller\common\home.php on line 55
2025-12-02 22:05:37 - PHP Notice:  Undefined index: case_id in C:\xampp\htdocs\pos\admin\controller\common\home.php on line 56
2025-12-02 22:05:37 - PHP Notice:  Undefined variable: href_gl_mapping_account in C:\xampp\htdocs\pos\admin\view\template\common\column_left.tpl on line 68
2025-12-02 22:05:37 - PHP Notice:  Undefined index: gl_mapping_account in C:\xampp\htdocs\pos\admin\view\template\common\column_left.tpl on line 68
2025-12-02 22:05:37 - PHP Notice:  Undefined variable: href_tool_dashboard in C:\xampp\htdocs\pos\admin\view\template\common\column_left.tpl on line 231
2025-12-02 22:05:37 - PHP Notice:  Undefined index: inventory_sale_invoice in C:\xampp\htdocs\pos\admin\view\template\common\home.tpl on line 36
2025-12-02 22:05:44 - PHP Notice:  Undefined variable: href_gl_mapping_account in C:\xampp\htdocs\pos\admin\view\template\common\column_left.tpl on line 68
2025-12-02 22:05:44 - PHP Notice:  Undefined index: gl_mapping_account in C:\xampp\htdocs\pos\admin\view\template\common\column_left.tpl on line 68
2025-12-02 22:05:44 - PHP Notice:  Undefined variable: href_tool_dashboard in C:\xampp\htdocs\pos\admin\view\template\common\column_left.tpl on line 231
2025-12-02 22:05:44 - PHP Notice:  Undefined index: class in C:\xampp\htdocs\pos\admin\view\template\inventory\sale_tax_invoice_list.tpl on line 19
2025-12-02 22:05:44 - PHP Notice:  Undefined index: class in C:\xampp\htdocs\pos\admin\view\template\inventory\sale_tax_invoice_list.tpl on line 19
2025-12-02 22:05:44 - PHP Notice:  Undefined index: class in C:\xampp\htdocs\pos\admin\view\template\inventory\sale_tax_invoice_list.tpl on line 19
2025-12-02 22:05:44 - PHP Notice:  Undefined variable: column_right in C:\xampp\htdocs\pos\admin\view\template\inventory\sale_tax_invoice_list.tpl on line 76
2025-12-02 22:05:46 - PHP Warning:  chr() expects parameter 1 to be int, string given in C:\xampp\htdocs\pos\system\library\tcpdf\include\tcpdf_fonts.php on line 1671
2025-12-02 22:05:46 - PHP Notice:  Undefined index: company_header_print in C:\xampp\htdocs\pos\admin\controller\inventory\sale_tax_invoice.php on line 4896
2025-12-02 22:05:46 - PHP Notice:  Undefined index: type in C:\xampp\htdocs\pos\admin\controller\inventory\sale_tax_invoice.php on line 4916
2025-12-02 22:05:46 - PHP Warning:  imagecreatefromjpeg(): gd-jpeg: JPEG library reports unrecoverable error: Not a JPEG file: starts with 0x89 0x50 in C:\xampp\htdocs\pos\system\library\tcpdf\tcpdf.php on line 7033
2025-12-02 22:05:46 - PHP Warning:  imagecreatefromjpeg(): 'C:\xampp\htdocs\pos/image/Mother Pharmacy Logo.png' is not a valid JPEG file in C:\xampp\htdocs\pos\system\library\tcpdf\tcpdf.php on line 7033
2025-12-02 22:05:54 - PHP Warning:  Invalid argument supplied for foreach() in C:\xampp\htdocs\pos\admin\controller\inventory\sale_tax_invoice.php on line 2925
2025-12-02 22:05:54 - PHP Warning:  chr() expects parameter 1 to be int, string given in C:\xampp\htdocs\pos\system\library\tcpdf\include\tcpdf_fonts.php on line 1671
2025-12-02 22:05:54 - PHP Notice:  Undefined index: type in C:\xampp\htdocs\pos\admin\controller\inventory\sale_tax_invoice.php on line 4916
2025-12-02 22:05:54 - PHP Notice:  Undefined offset: 0 in C:\xampp\htdocs\pos\system\helper\utility.php on line 420
2025-12-02 22:05:54 - PHP Notice:  Undefined index: customer_no in C:\xampp\htdocs\pos\admin\controller\inventory\sale_tax_invoice.php on line 3076
2025-12-02 22:06:00 - PHP Warning:  Invalid argument supplied for foreach() in C:\xampp\htdocs\pos\admin\controller\inventory\sale_tax_invoice.php on line 4244
2025-12-02 22:06:00 - PHP Warning:  chr() expects parameter 1 to be int, string given in C:\xampp\htdocs\pos\system\library\tcpdf\include\tcpdf_fonts.php on line 1671
2025-12-02 22:06:00 - PHP Notice:  Undefined offset: 0 in C:\xampp\htdocs\pos\system\helper\utility.php on line 420
2025-12-02 22:06:00 - PHP Notice:  Undefined offset: 0 in C:\xampp\htdocs\pos\system\helper\utility.php on line 420
2025-12-02 22:06:04 - PHP Warning:  chr() expects parameter 1 to be int, string given in C:\xampp\htdocs\pos\system\library\tcpdf\include\tcpdf_fonts.php on line 1671
2025-12-02 22:06:04 - PHP Notice:  Undefined index: company_header_print in C:\xampp\htdocs\pos\admin\controller\inventory\sale_tax_invoice.php on line 4896
2025-12-02 22:06:04 - PHP Notice:  Undefined index: type in C:\xampp\htdocs\pos\admin\controller\inventory\sale_tax_invoice.php on line 4916
2025-12-02 22:06:04 - PHP Warning:  imagecreatefromjpeg(): gd-jpeg: JPEG library reports unrecoverable error: Not a JPEG file: starts with 0x89 0x50 in C:\xampp\htdocs\pos\system\library\tcpdf\tcpdf.php on line 7033
2025-12-02 22:06:04 - PHP Warning:  imagecreatefromjpeg(): 'C:\xampp\htdocs\pos/image/Mother Pharmacy Logo.png' is not a valid JPEG file in C:\xampp\htdocs\pos\system\library\tcpdf\tcpdf.php on line 7033
2025-12-02 22:06:59 - PHP Warning:  chr() expects parameter 1 to be int, string given in C:\xampp\htdocs\pos\system\library\tcpdf\include\tcpdf_fonts.php on line 1671
2025-12-02 22:06:59 - PHP Notice:  Undefined index: company_header_print in C:\xampp\htdocs\pos\admin\controller\inventory\sale_tax_invoice.php on line 4896
2025-12-02 22:06:59 - PHP Notice:  Undefined index: type in C:\xampp\htdocs\pos\admin\controller\inventory\sale_tax_invoice.php on line 4916
2025-12-02 22:07:15 - PHP Warning:  chr() expects parameter 1 to be int, string given in C:\xampp\htdocs\pos\system\library\tcpdf\include\tcpdf_fonts.php on line 1671
2025-12-02 22:07:15 - PHP Notice:  Undefined index: company_header_print in C:\xampp\htdocs\pos\admin\controller\inventory\sale_tax_invoice.php on line 4896
2025-12-02 22:07:15 - PHP Notice:  Undefined index: type in C:\xampp\htdocs\pos\admin\controller\inventory\sale_tax_invoice.php on line 4916
2025-12-02 22:07:15 - PHP Warning:  imagecreatefromjpeg(): gd-jpeg: JPEG library reports unrecoverable error: Not a JPEG file: starts with 0x89 0x50 in C:\xampp\htdocs\pos\system\library\tcpdf\tcpdf.php on line 7033
2025-12-02 22:07:15 - PHP Warning:  imagecreatefromjpeg(): 'C:\xampp\htdocs\pos/image/Mother Pharmacy Logo.png' is not a valid JPEG file in C:\xampp\htdocs\pos\system\library\tcpdf\tcpdf.php on line 7033
2025-12-02 22:07:27 - PHP Warning:  chr() expects parameter 1 to be int, string given in C:\xampp\htdocs\pos\system\library\tcpdf\include\tcpdf_fonts.php on line 1671
2025-12-02 22:07:27 - PHP Notice:  Undefined index: company_header_print in C:\xampp\htdocs\pos\admin\controller\inventory\sale_tax_invoice.php on line 4896
2025-12-02 22:07:27 - PHP Notice:  Undefined index: type in C:\xampp\htdocs\pos\admin\controller\inventory\sale_tax_invoice.php on line 4916
2025-12-02 22:07:27 - PHP Warning:  imagecreatefromjpeg(): gd-jpeg: JPEG library reports unrecoverable error: Not a JPEG file: starts with 0x89 0x50 in C:\xampp\htdocs\pos\system\library\tcpdf\tcpdf.php on line 7033
2025-12-02 22:07:27 - PHP Warning:  imagecreatefromjpeg(): 'C:\xampp\htdocs\pos/image/Mother Pharmacy Logo.png' is not a valid JPEG file in C:\xampp\htdocs\pos\system\library\tcpdf\tcpdf.php on line 7033
2025-12-02 22:09:00 - PHP Warning:  chr() expects parameter 1 to be int, string given in C:\xampp\htdocs\pos\system\library\tcpdf\include\tcpdf_fonts.php on line 1671
2025-12-02 22:09:00 - PHP Notice:  Undefined index: company_header_print in C:\xampp\htdocs\pos\admin\controller\inventory\sale_tax_invoice.php on line 4904
2025-12-02 22:09:00 - PHP Notice:  Undefined index: type in C:\xampp\htdocs\pos\admin\controller\inventory\sale_tax_invoice.php on line 4924
2025-12-02 22:09:00 - PHP Warning:  imagecreatefromjpeg(): gd-jpeg: JPEG library reports unrecoverable error: Not a JPEG file: starts with 0x89 0x50 in C:\xampp\htdocs\pos\system\library\tcpdf\tcpdf.php on line 7033
2025-12-02 22:09:00 - PHP Warning:  imagecreatefromjpeg(): 'C:\xampp\htdocs\pos/image/Mother Pharmacy Logo.png' is not a valid JPEG file in C:\xampp\htdocs\pos\system\library\tcpdf\tcpdf.php on line 7033
2025-12-02 22:09:11 - PHP Warning:  chr() expects parameter 1 to be int, string given in C:\xampp\htdocs\pos\system\library\tcpdf\include\tcpdf_fonts.php on line 1671
2025-12-02 22:09:11 - PHP Notice:  Undefined index: company_header_print in C:\xampp\htdocs\pos\admin\controller\inventory\sale_tax_invoice.php on line 4904
2025-12-02 22:09:11 - PHP Notice:  Undefined index: type in C:\xampp\htdocs\pos\admin\controller\inventory\sale_tax_invoice.php on line 4924
2025-12-02 22:09:11 - PHP Warning:  imagecreatefromjpeg(): gd-jpeg: JPEG library reports unrecoverable error: Not a JPEG file: starts with 0x89 0x50 in C:\xampp\htdocs\pos\system\library\tcpdf\tcpdf.php on line 7033
2025-12-02 22:09:11 - PHP Warning:  imagecreatefromjpeg(): 'C:\xampp\htdocs\pos/image/Mother Pharmacy Logo.png' is not a valid JPEG file in C:\xampp\htdocs\pos\system\library\tcpdf\tcpdf.php on line 7033
2025-12-02 22:10:10 - PHP Warning:  chr() expects parameter 1 to be int, string given in C:\xampp\htdocs\pos\system\library\tcpdf\include\tcpdf_fonts.php on line 1671
2025-12-02 22:10:10 - PHP Notice:  Undefined index: company_header_print in C:\xampp\htdocs\pos\admin\controller\inventory\sale_tax_invoice.php on line 4899
2025-12-02 22:10:10 - PHP Notice:  Undefined index: type in C:\xampp\htdocs\pos\admin\controller\inventory\sale_tax_invoice.php on line 4919
2025-12-02 22:10:42 - PHP Warning:  chr() expects parameter 1 to be int, string given in C:\xampp\htdocs\pos\system\library\tcpdf\include\tcpdf_fonts.php on line 1671
2025-12-02 22:10:42 - PHP Notice:  Undefined index: company_header_print in C:\xampp\htdocs\pos\admin\controller\inventory\sale_tax_invoice.php on line 4899
2025-12-02 22:10:42 - PHP Notice:  Undefined index: type in C:\xampp\htdocs\pos\admin\controller\inventory\sale_tax_invoice.php on line 4919
2025-12-02 22:11:05 - PHP Warning:  chr() expects parameter 1 to be int, string given in C:\xampp\htdocs\pos\system\library\tcpdf\include\tcpdf_fonts.php on line 1671
2025-12-02 22:11:05 - PHP Notice:  Undefined index: company_header_print in C:\xampp\htdocs\pos\admin\controller\inventory\sale_tax_invoice.php on line 4897
2025-12-02 22:11:05 - PHP Notice:  Undefined index: type in C:\xampp\htdocs\pos\admin\controller\inventory\sale_tax_invoice.php on line 4917
2025-12-02 22:11:05 - PHP Warning:  getimagesize(http://localhost/pos/image/Mother Pharmacy Logo.png): failed to open stream: HTTP request failed! HTTP/1.1 400 Bad Request
 in C:\xampp\htdocs\pos\system\library\tcpdf\tcpdf.php on line 6850
2025-12-02 22:11:05 - PHP Warning:  file_get_contents(http://localhost/pos/image/Mother Pharmacy Logo.png): failed to open stream: HTTP request failed! HTTP/1.1 400 Bad Request
 in C:\xampp\htdocs\pos\system\library\tcpdf\include\tcpdf_static.php on line 1919
2025-12-02 22:11:39 - PHP Notice:  Undefined index: case_id in C:\xampp\htdocs\pos\admin\controller\common\home.php on line 55
2025-12-02 22:11:39 - PHP Notice:  Undefined index: case_id in C:\xampp\htdocs\pos\admin\controller\common\home.php on line 56
2025-12-02 22:11:39 - PHP Notice:  Undefined index: route in C:\xampp\htdocs\pos\admin\controller\common\column_left.php on line 160
2025-12-02 22:11:39 - PHP Notice:  Undefined offset: 1 in C:\xampp\htdocs\pos\admin\controller\common\column_left.php on line 162
2025-12-02 22:11:39 - PHP Notice:  Undefined variable: href_gl_mapping_account in C:\xampp\htdocs\pos\admin\view\template\common\column_left.tpl on line 68
2025-12-02 22:11:39 - PHP Notice:  Undefined index: gl_mapping_account in C:\xampp\htdocs\pos\admin\view\template\common\column_left.tpl on line 68
2025-12-02 22:11:39 - PHP Notice:  Undefined variable: href_tool_dashboard in C:\xampp\htdocs\pos\admin\view\template\common\column_left.tpl on line 231
2025-12-02 22:11:39 - PHP Notice:  Undefined index: inventory_sale_invoice in C:\xampp\htdocs\pos\admin\view\template\common\home.tpl on line 36
2025-12-02 22:13:46 - PHP Warning:  Declaration of ControllerSetupCompanySetting::updateData($data) should be compatible with HController::updateData($primary_key, $data) in C:\xampp\htdocs\pos\admin\controller\setup\company_setting.php on line 130
2025-12-02 22:13:46 - PHP Warning:  Declaration of ControllerSetupCompanySetting::updateData($data) should be compatible with HController::updateData($primary_key, $data) in C:\xampp\htdocs\pos\admin\controller\setup\company_setting.php on line 130
2025-12-02 22:13:46 - PHP Notice:  Undefined variable: href_gl_mapping_account in C:\xampp\htdocs\pos\admin\view\template\common\column_left.tpl on line 68
2025-12-02 22:13:46 - PHP Notice:  Undefined index: gl_mapping_account in C:\xampp\htdocs\pos\admin\view\template\common\column_left.tpl on line 68
2025-12-02 22:13:46 - PHP Notice:  Undefined variable: href_tool_dashboard in C:\xampp\htdocs\pos\admin\view\template\common\column_left.tpl on line 231
2025-12-02 22:13:46 - PHP Notice:  Undefined index: class in C:\xampp\htdocs\pos\admin\view\template\setup\company_setting_form.tpl on line 18
2025-12-02 22:13:46 - PHP Notice:  Undefined index: class in C:\xampp\htdocs\pos\admin\view\template\setup\company_setting_form.tpl on line 18
2025-12-02 22:13:46 - PHP Notice:  Undefined index: class in C:\xampp\htdocs\pos\admin\view\template\setup\company_setting_form.tpl on line 18
2025-12-02 22:13:46 - PHP Notice:  Undefined index: base_currency_account in C:\xampp\htdocs\pos\admin\view\template\setup\company_setting_form.tpl on line 68
2025-12-02 22:13:46 - PHP Notice:  Undefined index: description in C:\xampp\htdocs\pos\admin\view\template\setup\company_setting_form.tpl on line 117
2025-12-02 22:13:46 - PHP Notice:  Undefined variable: column_right in C:\xampp\htdocs\pos\admin\view\template\setup\company_setting_form.tpl on line 195
2025-12-02 22:14:07 - PHP Warning:  chr() expects parameter 1 to be int, string given in C:\xampp\htdocs\pos\system\library\tcpdf\include\tcpdf_fonts.php on line 1671
2025-12-02 22:14:07 - PHP Notice:  Undefined index: company_header_print in C:\xampp\htdocs\pos\admin\controller\inventory\sale_tax_invoice.php on line 4897
2025-12-02 22:14:07 - PHP Notice:  Undefined index: type in C:\xampp\htdocs\pos\admin\controller\inventory\sale_tax_invoice.php on line 4917
2025-12-02 22:14:07 - PHP Warning:  getimagesize(http://localhost/pos/image/Mother Pharmacy Logo.png): failed to open stream: HTTP request failed! HTTP/1.1 400 Bad Request
 in C:\xampp\htdocs\pos\system\library\tcpdf\tcpdf.php on line 6850
2025-12-02 22:14:07 - PHP Warning:  file_get_contents(http://localhost/pos/image/Mother Pharmacy Logo.png): failed to open stream: HTTP request failed! HTTP/1.1 400 Bad Request
 in C:\xampp\htdocs\pos\system\library\tcpdf\include\tcpdf_static.php on line 1919
2025-12-02 22:15:29 - PHP Warning:  chr() expects parameter 1 to be int, string given in C:\xampp\htdocs\pos\system\library\tcpdf\include\tcpdf_fonts.php on line 1671
2025-12-02 22:15:29 - PHP Notice:  Undefined index: company_header_print in C:\xampp\htdocs\pos\admin\controller\inventory\sale_tax_invoice.php on line 4897
2025-12-02 22:15:29 - PHP Notice:  Undefined index: type in C:\xampp\htdocs\pos\admin\controller\inventory\sale_tax_invoice.php on line 4917
2025-12-02 22:15:29 - PHP Warning:  getimagesize(http://localhost/pos/image/Mother Pharmacy Logo.png): failed to open stream: HTTP request failed! HTTP/1.1 400 Bad Request
 in C:\xampp\htdocs\pos\system\library\tcpdf\tcpdf.php on line 6850
2025-12-02 22:15:29 - PHP Warning:  file_get_contents(http://localhost/pos/image/Mother Pharmacy Logo.png): failed to open stream: HTTP request failed! HTTP/1.1 400 Bad Request
 in C:\xampp\htdocs\pos\system\library\tcpdf\include\tcpdf_static.php on line 1919
2025-12-02 22:16:06 - PHP Warning:  chr() expects parameter 1 to be int, string given in C:\xampp\htdocs\pos\system\library\tcpdf\include\tcpdf_fonts.php on line 1671
2025-12-02 22:16:06 - PHP Notice:  Undefined index: company_header_print in C:\xampp\htdocs\pos\admin\controller\inventory\sale_tax_invoice.php on line 4897
2025-12-02 22:16:06 - PHP Notice:  Undefined index: type in C:\xampp\htdocs\pos\admin\controller\inventory\sale_tax_invoice.php on line 4917
2025-12-02 22:16:06 - PHP Warning:  Use of undefined constant DIR - assumed 'DIR' (this will throw an Error in a future version of PHP) in C:\xampp\htdocs\pos\admin\controller\inventory\sale_tax_invoice.php on line 2621
2025-12-02 22:16:06 - PHP Warning:  getimagesize(DIRMother Pharmacy Logo.png): failed to open stream: No such file or directory in C:\xampp\htdocs\pos\system\library\tcpdf\tcpdf.php on line 6850
2025-12-02 22:16:06 - PHP Warning:  file_get_contents(DIRMother Pharmacy Logo.png): failed to open stream: No such file or directory in C:\xampp\htdocs\pos\system\library\tcpdf\include\tcpdf_static.php on line 1919
2025-12-02 22:17:16 - PHP Warning:  chr() expects parameter 1 to be int, string given in C:\xampp\htdocs\pos\system\library\tcpdf\include\tcpdf_fonts.php on line 1671
2025-12-02 22:17:16 - PHP Notice:  Undefined index: company_header_print in C:\xampp\htdocs\pos\admin\controller\inventory\sale_tax_invoice.php on line 4897
2025-12-02 22:17:16 - PHP Notice:  Undefined index: type in C:\xampp\htdocs\pos\admin\controller\inventory\sale_tax_invoice.php on line 4917
2025-12-02 22:17:16 - PHP Warning:  imagecreatefromjpeg(): gd-jpeg: JPEG library reports unrecoverable error: Not a JPEG file: starts with 0x89 0x50 in C:\xampp\htdocs\pos\system\library\tcpdf\tcpdf.php on line 7033
2025-12-02 22:17:16 - PHP Warning:  imagecreatefromjpeg(): 'C:\xampp\htdocs\pos/image/Mother Pharmacy Logo.png' is not a valid JPEG file in C:\xampp\htdocs\pos\system\library\tcpdf\tcpdf.php on line 7033
2025-12-02 22:17:49 - PHP Warning:  chr() expects parameter 1 to be int, string given in C:\xampp\htdocs\pos\system\library\tcpdf\include\tcpdf_fonts.php on line 1671
2025-12-02 22:17:49 - PHP Notice:  Undefined index: company_header_print in C:\xampp\htdocs\pos\admin\controller\inventory\sale_tax_invoice.php on line 4897
2025-12-02 22:17:49 - PHP Notice:  Undefined index: type in C:\xampp\htdocs\pos\admin\controller\inventory\sale_tax_invoice.php on line 4917
2025-12-02 22:17:49 - PHP Warning:  imagecreatefromjpeg(): gd-jpeg: JPEG library reports unrecoverable error: Not a JPEG file: starts with 0x89 0x50 in C:\xampp\htdocs\pos\system\library\tcpdf\tcpdf.php on line 7033
2025-12-02 22:17:49 - PHP Warning:  imagecreatefromjpeg(): 'C:\xampp\htdocs\pos/image/Mother Pharmacy Logo.png' is not a valid JPEG file in C:\xampp\htdocs\pos\system\library\tcpdf\tcpdf.php on line 7033
2025-12-02 22:18:37 - PHP Warning:  chr() expects parameter 1 to be int, string given in C:\xampp\htdocs\pos\system\library\tcpdf\include\tcpdf_fonts.php on line 1671
2025-12-02 22:18:37 - PHP Notice:  Undefined index: company_header_print in C:\xampp\htdocs\pos\admin\controller\inventory\sale_tax_invoice.php on line 4897
2025-12-02 22:18:37 - PHP Notice:  Undefined index: type in C:\xampp\htdocs\pos\admin\controller\inventory\sale_tax_invoice.php on line 4917
2025-12-02 22:18:37 - PHP Notice:  Undefined index: company_logo in C:\xampp\htdocs\pos\admin\controller\inventory\sale_tax_invoice.php on line 2621
2025-12-02 22:18:57 - PHP Warning:  chr() expects parameter 1 to be int, string given in C:\xampp\htdocs\pos\system\library\tcpdf\include\tcpdf_fonts.php on line 1671
2025-12-02 22:18:57 - PHP Notice:  Undefined index: company_header_print in C:\xampp\htdocs\pos\admin\controller\inventory\sale_tax_invoice.php on line 4897
2025-12-02 22:18:57 - PHP Notice:  Undefined index: type in C:\xampp\htdocs\pos\admin\controller\inventory\sale_tax_invoice.php on line 4917
2025-12-02 22:18:57 - PHP Warning:  imagecreatefromjpeg(): gd-jpeg: JPEG library reports unrecoverable error: Not a JPEG file: starts with 0x89 0x50 in C:\xampp\htdocs\pos\system\library\tcpdf\tcpdf.php on line 7033
2025-12-02 22:18:57 - PHP Warning:  imagecreatefromjpeg(): 'C:\xampp\htdocs\pos/image/Mother Pharmacy Logo.png' is not a valid JPEG file in C:\xampp\htdocs\pos\system\library\tcpdf\tcpdf.php on line 7033
2025-12-02 22:19:13 - PHP Warning:  chr() expects parameter 1 to be int, string given in C:\xampp\htdocs\pos\system\library\tcpdf\include\tcpdf_fonts.php on line 1671
2025-12-02 22:19:13 - PHP Notice:  Undefined index: company_header_print in C:\xampp\htdocs\pos\admin\controller\inventory\sale_tax_invoice.php on line 4897
2025-12-02 22:19:13 - PHP Notice:  Undefined index: type in C:\xampp\htdocs\pos\admin\controller\inventory\sale_tax_invoice.php on line 4917
2025-12-02 22:19:33 - PHP Warning:  chr() expects parameter 1 to be int, string given in C:\xampp\htdocs\pos\system\library\tcpdf\include\tcpdf_fonts.php on line 1671
2025-12-02 22:19:33 - PHP Notice:  Undefined index: company_header_print in C:\xampp\htdocs\pos\admin\controller\inventory\sale_tax_invoice.php on line 4897
2025-12-02 22:19:33 - PHP Notice:  Undefined index: type in C:\xampp\htdocs\pos\admin\controller\inventory\sale_tax_invoice.php on line 4917
2025-12-02 22:19:50 - PHP Warning:  chr() expects parameter 1 to be int, string given in C:\xampp\htdocs\pos\system\library\tcpdf\include\tcpdf_fonts.php on line 1671
2025-12-02 22:19:50 - PHP Notice:  Undefined index: company_header_print in C:\xampp\htdocs\pos\admin\controller\inventory\sale_tax_invoice.php on line 4897
2025-12-02 22:19:50 - PHP Notice:  Undefined index: type in C:\xampp\htdocs\pos\admin\controller\inventory\sale_tax_invoice.php on line 4917
2025-12-02 22:20:21 - PHP Warning:  chr() expects parameter 1 to be int, string given in C:\xampp\htdocs\pos\system\library\tcpdf\include\tcpdf_fonts.php on line 1671
2025-12-02 22:20:21 - PHP Notice:  Undefined index: company_header_print in C:\xampp\htdocs\pos\admin\controller\inventory\sale_tax_invoice.php on line 4897
2025-12-02 22:20:22 - PHP Notice:  Undefined index: type in C:\xampp\htdocs\pos\admin\controller\inventory\sale_tax_invoice.php on line 4917
2025-12-02 22:21:00 - PHP Warning:  chr() expects parameter 1 to be int, string given in C:\xampp\htdocs\pos\system\library\tcpdf\include\tcpdf_fonts.php on line 1671
2025-12-02 22:21:00 - PHP Notice:  Undefined index: company_header_print in C:\xampp\htdocs\pos\admin\controller\inventory\sale_tax_invoice.php on line 4897
2025-12-02 22:21:00 - PHP Notice:  Undefined index: type in C:\xampp\htdocs\pos\admin\controller\inventory\sale_tax_invoice.php on line 4917
2025-12-02 22:21:36 - PHP Warning:  chr() expects parameter 1 to be int, string given in C:\xampp\htdocs\pos\system\library\tcpdf\include\tcpdf_fonts.php on line 1671
2025-12-02 22:21:36 - PHP Notice:  Undefined index: company_header_print in C:\xampp\htdocs\pos\admin\controller\inventory\sale_tax_invoice.php on line 4897
2025-12-02 22:21:36 - PHP Notice:  Undefined index: type in C:\xampp\htdocs\pos\admin\controller\inventory\sale_tax_invoice.php on line 4917
2025-12-02 22:23:07 - PHP Warning:  chr() expects parameter 1 to be int, string given in C:\xampp\htdocs\pos\system\library\tcpdf\include\tcpdf_fonts.php on line 1671
2025-12-02 22:23:07 - PHP Notice:  Undefined index: company_header_print in C:\xampp\htdocs\pos\admin\controller\inventory\sale_tax_invoice.php on line 4897
2025-12-02 22:23:07 - PHP Notice:  Undefined index: type in C:\xampp\htdocs\pos\admin\controller\inventory\sale_tax_invoice.php on line 4917
2025-12-02 22:24:01 - PHP Warning:  chr() expects parameter 1 to be int, string given in C:\xampp\htdocs\pos\system\library\tcpdf\include\tcpdf_fonts.php on line 1671
2025-12-02 22:24:01 - PHP Notice:  Undefined index: company_header_print in C:\xampp\htdocs\pos\admin\controller\inventory\sale_tax_invoice.php on line 4897
2025-12-02 22:24:01 - PHP Notice:  Undefined index: type in C:\xampp\htdocs\pos\admin\controller\inventory\sale_tax_invoice.php on line 4917
2025-12-02 22:25:15 - PHP Warning:  chr() expects parameter 1 to be int, string given in C:\xampp\htdocs\pos\system\library\tcpdf\include\tcpdf_fonts.php on line 1671
2025-12-02 22:25:15 - PHP Notice:  Undefined index: company_header_print in C:\xampp\htdocs\pos\admin\controller\inventory\sale_tax_invoice.php on line 4897
2025-12-02 22:25:15 - PHP Notice:  Undefined index: type in C:\xampp\htdocs\pos\admin\controller\inventory\sale_tax_invoice.php on line 4917
2025-12-02 22:25:56 - PHP Warning:  chr() expects parameter 1 to be int, string given in C:\xampp\htdocs\pos\system\library\tcpdf\include\tcpdf_fonts.php on line 1671
2025-12-02 22:25:56 - PHP Notice:  Undefined index: company_header_print in C:\xampp\htdocs\pos\admin\controller\inventory\sale_tax_invoice.php on line 4897
2025-12-02 22:25:56 - PHP Notice:  Undefined index: type in C:\xampp\htdocs\pos\admin\controller\inventory\sale_tax_invoice.php on line 4917
2025-12-02 22:26:22 - PHP Warning:  chr() expects parameter 1 to be int, string given in C:\xampp\htdocs\pos\system\library\tcpdf\include\tcpdf_fonts.php on line 1671
2025-12-02 22:26:22 - PHP Notice:  Undefined index: company_header_print in C:\xampp\htdocs\pos\admin\controller\inventory\sale_tax_invoice.php on line 4897
2025-12-02 22:26:22 - PHP Notice:  Undefined index: type in C:\xampp\htdocs\pos\admin\controller\inventory\sale_tax_invoice.php on line 4917
2025-12-02 22:26:37 - PHP Warning:  chr() expects parameter 1 to be int, string given in C:\xampp\htdocs\pos\system\library\tcpdf\include\tcpdf_fonts.php on line 1671
2025-12-02 22:26:37 - PHP Notice:  Undefined index: company_header_print in C:\xampp\htdocs\pos\admin\controller\inventory\sale_tax_invoice.php on line 4897
2025-12-02 22:26:37 - PHP Notice:  Undefined index: type in C:\xampp\htdocs\pos\admin\controller\inventory\sale_tax_invoice.php on line 4917
2025-12-02 22:27:06 - PHP Warning:  chr() expects parameter 1 to be int, string given in C:\xampp\htdocs\pos\system\library\tcpdf\include\tcpdf_fonts.php on line 1671
2025-12-02 22:27:06 - PHP Notice:  Undefined index: company_header_print in C:\xampp\htdocs\pos\admin\controller\inventory\sale_tax_invoice.php on line 4896
2025-12-02 22:27:06 - PHP Notice:  Undefined index: type in C:\xampp\htdocs\pos\admin\controller\inventory\sale_tax_invoice.php on line 4916
2025-12-02 22:27:45 - PHP Warning:  chr() expects parameter 1 to be int, string given in C:\xampp\htdocs\pos\system\library\tcpdf\include\tcpdf_fonts.php on line 1671
2025-12-02 22:27:45 - PHP Notice:  Undefined index: company_header_print in C:\xampp\htdocs\pos\admin\controller\inventory\sale_tax_invoice.php on line 4897
2025-12-02 22:27:45 - PHP Notice:  Undefined index: type in C:\xampp\htdocs\pos\admin\controller\inventory\sale_tax_invoice.php on line 4917
2025-12-02 22:28:22 - PHP Warning:  chr() expects parameter 1 to be int, string given in C:\xampp\htdocs\pos\system\library\tcpdf\include\tcpdf_fonts.php on line 1671
2025-12-02 22:28:22 - PHP Notice:  Undefined index: company_header_print in C:\xampp\htdocs\pos\admin\controller\inventory\sale_tax_invoice.php on line 4896
2025-12-02 22:28:22 - PHP Notice:  Undefined index: type in C:\xampp\htdocs\pos\admin\controller\inventory\sale_tax_invoice.php on line 4916
2025-12-02 22:28:52 - PHP Warning:  chr() expects parameter 1 to be int, string given in C:\xampp\htdocs\pos\system\library\tcpdf\include\tcpdf_fonts.php on line 1671
2025-12-02 22:28:52 - PHP Notice:  Undefined index: company_header_print in C:\xampp\htdocs\pos\admin\controller\inventory\sale_tax_invoice.php on line 4896
2025-12-02 22:28:52 - PHP Notice:  Undefined index: type in C:\xampp\htdocs\pos\admin\controller\inventory\sale_tax_invoice.php on line 4916
2025-12-02 22:29:09 - PHP Warning:  chr() expects parameter 1 to be int, string given in C:\xampp\htdocs\pos\system\library\tcpdf\include\tcpdf_fonts.php on line 1671
2025-12-02 22:29:09 - PHP Notice:  Undefined index: company_header_print in C:\xampp\htdocs\pos\admin\controller\inventory\sale_tax_invoice.php on line 4896
2025-12-02 22:29:09 - PHP Notice:  Undefined index: type in C:\xampp\htdocs\pos\admin\controller\inventory\sale_tax_invoice.php on line 4916
2025-12-02 22:29:32 - PHP Warning:  chr() expects parameter 1 to be int, string given in C:\xampp\htdocs\pos\system\library\tcpdf\include\tcpdf_fonts.php on line 1671
2025-12-02 22:29:32 - PHP Notice:  Undefined index: company_header_print in C:\xampp\htdocs\pos\admin\controller\inventory\sale_tax_invoice.php on line 4896
2025-12-02 22:29:32 - PHP Notice:  Undefined index: type in C:\xampp\htdocs\pos\admin\controller\inventory\sale_tax_invoice.php on line 4916
2025-12-02 22:30:08 - PHP Warning:  chr() expects parameter 1 to be int, string given in C:\xampp\htdocs\pos\system\library\tcpdf\include\tcpdf_fonts.php on line 1671
2025-12-02 22:30:08 - PHP Notice:  Undefined index: company_header_print in C:\xampp\htdocs\pos\admin\controller\inventory\sale_tax_invoice.php on line 4896
2025-12-02 22:30:08 - PHP Notice:  Undefined index: type in C:\xampp\htdocs\pos\admin\controller\inventory\sale_tax_invoice.php on line 4916
2025-12-02 22:30:31 - PHP Warning:  chr() expects parameter 1 to be int, string given in C:\xampp\htdocs\pos\system\library\tcpdf\include\tcpdf_fonts.php on line 1671
2025-12-02 22:30:31 - PHP Notice:  Undefined index: company_header_print in C:\xampp\htdocs\pos\admin\controller\inventory\sale_tax_invoice.php on line 4896
2025-12-02 22:30:31 - PHP Notice:  Undefined index: type in C:\xampp\htdocs\pos\admin\controller\inventory\sale_tax_invoice.php on line 4916
2025-12-02 22:31:34 - PHP Warning:  chr() expects parameter 1 to be int, string given in C:\xampp\htdocs\pos\system\library\tcpdf\include\tcpdf_fonts.php on line 1671
2025-12-02 22:31:34 - PHP Notice:  Undefined index: company_header_print in C:\xampp\htdocs\pos\admin\controller\inventory\sale_tax_invoice.php on line 4896
2025-12-02 22:31:34 - PHP Notice:  Undefined index: type in C:\xampp\htdocs\pos\admin\controller\inventory\sale_tax_invoice.php on line 4916
2025-12-02 22:31:52 - PHP Warning:  chr() expects parameter 1 to be int, string given in C:\xampp\htdocs\pos\system\library\tcpdf\include\tcpdf_fonts.php on line 1671
2025-12-02 22:31:52 - PHP Notice:  Undefined index: company_header_print in C:\xampp\htdocs\pos\admin\controller\inventory\sale_tax_invoice.php on line 4896
2025-12-02 22:31:52 - PHP Notice:  Undefined index: type in C:\xampp\htdocs\pos\admin\controller\inventory\sale_tax_invoice.php on line 4916
2025-12-02 22:32:16 - PHP Warning:  Declaration of ControllerSetupCompanySetting::updateData($data) should be compatible with HController::updateData($primary_key, $data) in C:\xampp\htdocs\pos\admin\controller\setup\company_setting.php on line 130
2025-12-02 22:32:16 - PHP Warning:  Declaration of ControllerSetupCompanySetting::updateData($data) should be compatible with HController::updateData($primary_key, $data) in C:\xampp\htdocs\pos\admin\controller\setup\company_setting.php on line 130
2025-12-02 22:32:16 - PHP Warning:  Declaration of ControllerSetupCompanySetting::updateData($data) should be compatible with HController::updateData($primary_key, $data) in C:\xampp\htdocs\pos\admin\controller\setup\company_setting.php on line 130
2025-12-02 22:32:16 - PHP Notice:  Undefined variable: href_gl_mapping_account in C:\xampp\htdocs\pos\admin\view\template\common\column_left.tpl on line 68
2025-12-02 22:32:16 - PHP Notice:  Undefined index: gl_mapping_account in C:\xampp\htdocs\pos\admin\view\template\common\column_left.tpl on line 68
2025-12-02 22:32:16 - PHP Notice:  Undefined variable: href_tool_dashboard in C:\xampp\htdocs\pos\admin\view\template\common\column_left.tpl on line 231
2025-12-02 22:32:16 - PHP Notice:  Undefined index: class in C:\xampp\htdocs\pos\admin\view\template\setup\company_setting_form.tpl on line 18
2025-12-02 22:32:16 - PHP Notice:  Undefined index: class in C:\xampp\htdocs\pos\admin\view\template\setup\company_setting_form.tpl on line 18
2025-12-02 22:32:16 - PHP Notice:  Undefined index: class in C:\xampp\htdocs\pos\admin\view\template\setup\company_setting_form.tpl on line 18
2025-12-02 22:32:16 - PHP Notice:  Undefined index: base_currency_account in C:\xampp\htdocs\pos\admin\view\template\setup\company_setting_form.tpl on line 68
2025-12-02 22:32:16 - PHP Notice:  Undefined index: description in C:\xampp\htdocs\pos\admin\view\template\setup\company_setting_form.tpl on line 117
2025-12-02 22:32:16 - PHP Notice:  Undefined variable: column_right in C:\xampp\htdocs\pos\admin\view\template\setup\company_setting_form.tpl on line 195
2025-12-02 22:32:19 - PHP Warning:  chr() expects parameter 1 to be int, string given in C:\xampp\htdocs\pos\system\library\tcpdf\include\tcpdf_fonts.php on line 1671
2025-12-02 22:32:19 - PHP Notice:  Undefined index: company_header_print in C:\xampp\htdocs\pos\admin\controller\inventory\sale_tax_invoice.php on line 4896
2025-12-02 22:32:19 - PHP Notice:  Undefined index: type in C:\xampp\htdocs\pos\admin\controller\inventory\sale_tax_invoice.php on line 4916
2025-12-02 22:32:36 - PHP Warning:  Declaration of ControllerSetupCompanySetting::updateData($data) should be compatible with HController::updateData($primary_key, $data) in C:\xampp\htdocs\pos\admin\controller\setup\company_setting.php on line 130
2025-12-02 22:32:37 - PHP Warning:  Declaration of ControllerSetupCompanySetting::updateData($data) should be compatible with HController::updateData($primary_key, $data) in C:\xampp\htdocs\pos\admin\controller\setup\company_setting.php on line 130
2025-12-02 22:32:37 - PHP Warning:  Declaration of ControllerSetupCompanySetting::updateData($data) should be compatible with HController::updateData($primary_key, $data) in C:\xampp\htdocs\pos\admin\controller\setup\company_setting.php on line 130
2025-12-02 22:32:37 - PHP Notice:  Undefined variable: href_gl_mapping_account in C:\xampp\htdocs\pos\admin\view\template\common\column_left.tpl on line 68
2025-12-02 22:32:37 - PHP Notice:  Undefined index: gl_mapping_account in C:\xampp\htdocs\pos\admin\view\template\common\column_left.tpl on line 68
2025-12-02 22:32:37 - PHP Notice:  Undefined variable: href_tool_dashboard in C:\xampp\htdocs\pos\admin\view\template\common\column_left.tpl on line 231
2025-12-02 22:32:37 - PHP Notice:  Undefined index: class in C:\xampp\htdocs\pos\admin\view\template\setup\company_setting_form.tpl on line 18
2025-12-02 22:32:37 - PHP Notice:  Undefined index: class in C:\xampp\htdocs\pos\admin\view\template\setup\company_setting_form.tpl on line 18
2025-12-02 22:32:37 - PHP Notice:  Undefined index: class in C:\xampp\htdocs\pos\admin\view\template\setup\company_setting_form.tpl on line 18
2025-12-02 22:32:37 - PHP Notice:  Undefined index: base_currency_account in C:\xampp\htdocs\pos\admin\view\template\setup\company_setting_form.tpl on line 68
2025-12-02 22:32:37 - PHP Notice:  Undefined index: description in C:\xampp\htdocs\pos\admin\view\template\setup\company_setting_form.tpl on line 117
2025-12-02 22:32:37 - PHP Notice:  Undefined variable: column_right in C:\xampp\htdocs\pos\admin\view\template\setup\company_setting_form.tpl on line 195
2025-12-02 22:32:40 - PHP Warning:  chr() expects parameter 1 to be int, string given in C:\xampp\htdocs\pos\system\library\tcpdf\include\tcpdf_fonts.php on line 1671
2025-12-02 22:32:40 - PHP Notice:  Undefined index: company_header_print in C:\xampp\htdocs\pos\admin\controller\inventory\sale_tax_invoice.php on line 4896
2025-12-02 22:32:40 - PHP Notice:  Undefined index: type in C:\xampp\htdocs\pos\admin\controller\inventory\sale_tax_invoice.php on line 4916
2025-12-02 22:33:36 - PHP Notice:  Undefined variable: href_gl_mapping_account in C:\xampp\htdocs\pos\admin\view\template\common\column_left.tpl on line 68
2025-12-02 22:33:36 - PHP Notice:  Undefined index: gl_mapping_account in C:\xampp\htdocs\pos\admin\view\template\common\column_left.tpl on line 68
2025-12-02 22:33:36 - PHP Notice:  Undefined variable: href_tool_dashboard in C:\xampp\htdocs\pos\admin\view\template\common\column_left.tpl on line 231
2025-12-02 22:33:36 - PHP Notice:  Undefined index: class in C:\xampp\htdocs\pos\admin\view\template\inventory\sale_tax_invoice_list.tpl on line 19
2025-12-02 22:33:36 - PHP Notice:  Undefined index: class in C:\xampp\htdocs\pos\admin\view\template\inventory\sale_tax_invoice_list.tpl on line 19
2025-12-02 22:33:36 - PHP Notice:  Undefined index: class in C:\xampp\htdocs\pos\admin\view\template\inventory\sale_tax_invoice_list.tpl on line 19
2025-12-02 22:33:36 - PHP Notice:  Undefined variable: column_right in C:\xampp\htdocs\pos\admin\view\template\inventory\sale_tax_invoice_list.tpl on line 76
2025-12-02 22:33:38 - PHP Warning:  chr() expects parameter 1 to be int, string given in C:\xampp\htdocs\pos\system\library\tcpdf\include\tcpdf_fonts.php on line 1671
2025-12-02 22:33:38 - PHP Notice:  Undefined index: company_header_print in C:\xampp\htdocs\pos\admin\controller\inventory\sale_tax_invoice.php on line 4896
2025-12-02 22:33:38 - PHP Notice:  Undefined index: type in C:\xampp\htdocs\pos\admin\controller\inventory\sale_tax_invoice.php on line 4916
2025-12-02 22:34:18 - PHP Warning:  chr() expects parameter 1 to be int, string given in C:\xampp\htdocs\pos\system\library\tcpdf\include\tcpdf_fonts.php on line 1671
2025-12-02 22:34:18 - PHP Notice:  Undefined index: company_header_print in C:\xampp\htdocs\pos\admin\controller\inventory\sale_tax_invoice.php on line 4896
2025-12-02 22:34:18 - PHP Notice:  Undefined index: type in C:\xampp\htdocs\pos\admin\controller\inventory\sale_tax_invoice.php on line 4916
2025-12-02 22:34:44 - PHP Notice:  Undefined index: db_name in C:\xampp\htdocs\pos\system\engine\hmodel.php on line 12
2025-12-02 22:34:44 - PHP Warning:  Invalid argument supplied for foreach() in C:\xampp\htdocs\pos\admin\view\template\common\preset.tpl on line 55
2025-12-02 22:34:47 - PHP Notice:  Undefined index: db_name in C:\xampp\htdocs\pos\system\engine\hmodel.php on line 12
2025-12-02 22:34:47 - PHP Notice:  Undefined index: case_id in C:\xampp\htdocs\pos\admin\controller\common\home.php on line 55
2025-12-02 22:34:47 - PHP Notice:  Undefined index: case_id in C:\xampp\htdocs\pos\admin\controller\common\home.php on line 56
2025-12-02 22:34:47 - PHP Notice:  Undefined variable: href_gl_mapping_account in C:\xampp\htdocs\pos\admin\view\template\common\column_left.tpl on line 68
2025-12-02 22:34:47 - PHP Notice:  Undefined index: gl_mapping_account in C:\xampp\htdocs\pos\admin\view\template\common\column_left.tpl on line 68
2025-12-02 22:34:47 - PHP Notice:  Undefined variable: href_tool_dashboard in C:\xampp\htdocs\pos\admin\view\template\common\column_left.tpl on line 231
2025-12-02 22:34:47 - PHP Notice:  Undefined index: inventory_sale_invoice in C:\xampp\htdocs\pos\admin\view\template\common\home.tpl on line 36
2025-12-02 22:34:49 - PHP Notice:  Undefined variable: href_gl_mapping_account in C:\xampp\htdocs\pos\admin\view\template\common\column_left.tpl on line 68
2025-12-02 22:34:49 - PHP Notice:  Undefined index: gl_mapping_account in C:\xampp\htdocs\pos\admin\view\template\common\column_left.tpl on line 68
2025-12-02 22:34:49 - PHP Notice:  Undefined variable: href_tool_dashboard in C:\xampp\htdocs\pos\admin\view\template\common\column_left.tpl on line 231
2025-12-02 22:34:50 - PHP Notice:  Undefined index: class in C:\xampp\htdocs\pos\admin\view\template\inventory\sale_tax_invoice_list.tpl on line 19
2025-12-02 22:34:50 - PHP Notice:  Undefined index: class in C:\xampp\htdocs\pos\admin\view\template\inventory\sale_tax_invoice_list.tpl on line 19
2025-12-02 22:34:50 - PHP Notice:  Undefined index: class in C:\xampp\htdocs\pos\admin\view\template\inventory\sale_tax_invoice_list.tpl on line 19
2025-12-02 22:34:50 - PHP Notice:  Undefined variable: column_right in C:\xampp\htdocs\pos\admin\view\template\inventory\sale_tax_invoice_list.tpl on line 76
2025-12-02 22:34:52 - PHP Warning:  chr() expects parameter 1 to be int, string given in C:\xampp\htdocs\pos\system\library\tcpdf\include\tcpdf_fonts.php on line 1671
2025-12-02 22:34:52 - PHP Notice:  Undefined index: company_header_print in C:\xampp\htdocs\pos\admin\controller\inventory\sale_tax_invoice.php on line 4896
2025-12-02 22:34:52 - PHP Notice:  Undefined index: type in C:\xampp\htdocs\pos\admin\controller\inventory\sale_tax_invoice.php on line 4916
2025-12-02 22:35:52 - PHP Warning:  chr() expects parameter 1 to be int, string given in C:\xampp\htdocs\pos\system\library\tcpdf\include\tcpdf_fonts.php on line 1671
2025-12-02 22:35:52 - PHP Notice:  Undefined index: company_header_print in C:\xampp\htdocs\pos\admin\controller\inventory\sale_tax_invoice.php on line 4901
2025-12-02 22:35:52 - PHP Notice:  Undefined index: type in C:\xampp\htdocs\pos\admin\controller\inventory\sale_tax_invoice.php on line 4921
2025-12-02 22:35:59 - PHP Warning:  chr() expects parameter 1 to be int, string given in C:\xampp\htdocs\pos\system\library\tcpdf\include\tcpdf_fonts.php on line 1671
2025-12-02 22:35:59 - PHP Notice:  Undefined index: company_header_print in C:\xampp\htdocs\pos\admin\controller\inventory\sale_tax_invoice.php on line 4901
2025-12-02 22:35:59 - PHP Notice:  Undefined index: type in C:\xampp\htdocs\pos\admin\controller\inventory\sale_tax_invoice.php on line 4921
2025-12-02 22:36:43 - PHP Warning:  chr() expects parameter 1 to be int, string given in C:\xampp\htdocs\pos\system\library\tcpdf\include\tcpdf_fonts.php on line 1671
2025-12-02 22:36:43 - PHP Notice:  Undefined index: company_header_print in C:\xampp\htdocs\pos\admin\controller\inventory\sale_tax_invoice.php on line 4901
2025-12-02 22:36:43 - PHP Notice:  Undefined index: type in C:\xampp\htdocs\pos\admin\controller\inventory\sale_tax_invoice.php on line 4921
2025-12-02 22:36:58 - PHP Warning:  chr() expects parameter 1 to be int, string given in C:\xampp\htdocs\pos\system\library\tcpdf\include\tcpdf_fonts.php on line 1671
2025-12-02 22:36:58 - PHP Notice:  Undefined index: company_header_print in C:\xampp\htdocs\pos\admin\controller\inventory\sale_tax_invoice.php on line 4901
2025-12-02 22:36:58 - PHP Notice:  Undefined index: type in C:\xampp\htdocs\pos\admin\controller\inventory\sale_tax_invoice.php on line 4921
2025-12-02 22:37:11 - PHP Warning:  chr() expects parameter 1 to be int, string given in C:\xampp\htdocs\pos\system\library\tcpdf\include\tcpdf_fonts.php on line 1671
2025-12-02 22:37:11 - PHP Notice:  Undefined index: company_header_print in C:\xampp\htdocs\pos\admin\controller\inventory\sale_tax_invoice.php on line 4901
2025-12-02 22:37:11 - PHP Notice:  Undefined index: type in C:\xampp\htdocs\pos\admin\controller\inventory\sale_tax_invoice.php on line 4921
2025-12-02 22:37:26 - PHP Warning:  chr() expects parameter 1 to be int, string given in C:\xampp\htdocs\pos\system\library\tcpdf\include\tcpdf_fonts.php on line 1671
2025-12-02 22:37:26 - PHP Notice:  Undefined index: company_header_print in C:\xampp\htdocs\pos\admin\controller\inventory\sale_tax_invoice.php on line 4901
2025-12-02 22:37:26 - PHP Notice:  Undefined index: type in C:\xampp\htdocs\pos\admin\controller\inventory\sale_tax_invoice.php on line 4921
2025-12-02 22:37:49 - PHP Warning:  chr() expects parameter 1 to be int, string given in C:\xampp\htdocs\pos\system\library\tcpdf\include\tcpdf_fonts.php on line 1671
2025-12-02 22:37:49 - PHP Notice:  Undefined index: company_header_print in C:\xampp\htdocs\pos\admin\controller\inventory\sale_tax_invoice.php on line 4901
2025-12-02 22:37:49 - PHP Notice:  Undefined index: type in C:\xampp\htdocs\pos\admin\controller\inventory\sale_tax_invoice.php on line 4921
2025-12-02 22:37:58 - PHP Warning:  Declaration of ControllerSetupCompanySetting::updateData($data) should be compatible with HController::updateData($primary_key, $data) in C:\xampp\htdocs\pos\admin\controller\setup\company_setting.php on line 130
2025-12-02 22:37:58 - PHP Warning:  Declaration of ControllerSetupCompanySetting::updateData($data) should be compatible with HController::updateData($primary_key, $data) in C:\xampp\htdocs\pos\admin\controller\setup\company_setting.php on line 130
2025-12-02 22:37:58 - PHP Notice:  Undefined variable: href_gl_mapping_account in C:\xampp\htdocs\pos\admin\view\template\common\column_left.tpl on line 68
2025-12-02 22:37:58 - PHP Notice:  Undefined index: gl_mapping_account in C:\xampp\htdocs\pos\admin\view\template\common\column_left.tpl on line 68
2025-12-02 22:37:58 - PHP Notice:  Undefined variable: href_tool_dashboard in C:\xampp\htdocs\pos\admin\view\template\common\column_left.tpl on line 231
2025-12-02 22:37:58 - PHP Notice:  Undefined index: class in C:\xampp\htdocs\pos\admin\view\template\setup\company_setting_form.tpl on line 18
2025-12-02 22:37:58 - PHP Notice:  Undefined index: class in C:\xampp\htdocs\pos\admin\view\template\setup\company_setting_form.tpl on line 18
2025-12-02 22:37:58 - PHP Notice:  Undefined index: class in C:\xampp\htdocs\pos\admin\view\template\setup\company_setting_form.tpl on line 18
2025-12-02 22:37:58 - PHP Notice:  Undefined index: base_currency_account in C:\xampp\htdocs\pos\admin\view\template\setup\company_setting_form.tpl on line 68
2025-12-02 22:37:58 - PHP Notice:  Undefined index: description in C:\xampp\htdocs\pos\admin\view\template\setup\company_setting_form.tpl on line 117
2025-12-02 22:37:58 - PHP Notice:  Undefined variable: column_right in C:\xampp\htdocs\pos\admin\view\template\setup\company_setting_form.tpl on line 195
2025-12-02 22:38:01 - PHP Notice:  Undefined index: directory in C:\xampp\htdocs\pos\admin\controller\common\filemanager.php on line 233
2025-12-02 22:38:03 - PHP Warning:  Declaration of ControllerSetupCompanySetting::updateData($data) should be compatible with HController::updateData($primary_key, $data) in C:\xampp\htdocs\pos\admin\controller\setup\company_setting.php on line 130
2025-12-02 22:38:04 - PHP Warning:  Declaration of ControllerSetupCompanySetting::updateData($data) should be compatible with HController::updateData($primary_key, $data) in C:\xampp\htdocs\pos\admin\controller\setup\company_setting.php on line 130
2025-12-02 22:38:04 - PHP Warning:  Declaration of ControllerSetupCompanySetting::updateData($data) should be compatible with HController::updateData($primary_key, $data) in C:\xampp\htdocs\pos\admin\controller\setup\company_setting.php on line 130
2025-12-02 22:38:04 - PHP Notice:  Undefined variable: href_gl_mapping_account in C:\xampp\htdocs\pos\admin\view\template\common\column_left.tpl on line 68
2025-12-02 22:38:04 - PHP Notice:  Undefined index: gl_mapping_account in C:\xampp\htdocs\pos\admin\view\template\common\column_left.tpl on line 68
2025-12-02 22:38:04 - PHP Notice:  Undefined variable: href_tool_dashboard in C:\xampp\htdocs\pos\admin\view\template\common\column_left.tpl on line 231
2025-12-02 22:38:04 - PHP Notice:  Undefined index: class in C:\xampp\htdocs\pos\admin\view\template\setup\company_setting_form.tpl on line 18
2025-12-02 22:38:04 - PHP Notice:  Undefined index: class in C:\xampp\htdocs\pos\admin\view\template\setup\company_setting_form.tpl on line 18
2025-12-02 22:38:04 - PHP Notice:  Undefined index: class in C:\xampp\htdocs\pos\admin\view\template\setup\company_setting_form.tpl on line 18
2025-12-02 22:38:04 - PHP Notice:  Undefined index: base_currency_account in C:\xampp\htdocs\pos\admin\view\template\setup\company_setting_form.tpl on line 68
2025-12-02 22:38:04 - PHP Notice:  Undefined index: description in C:\xampp\htdocs\pos\admin\view\template\setup\company_setting_form.tpl on line 117
2025-12-02 22:38:04 - PHP Notice:  Undefined variable: column_right in C:\xampp\htdocs\pos\admin\view\template\setup\company_setting_form.tpl on line 195
2025-12-02 22:38:06 - PHP Warning:  chr() expects parameter 1 to be int, string given in C:\xampp\htdocs\pos\system\library\tcpdf\include\tcpdf_fonts.php on line 1671
2025-12-02 22:38:06 - PHP Notice:  Undefined index: company_header_print in C:\xampp\htdocs\pos\admin\controller\inventory\sale_tax_invoice.php on line 4901
2025-12-02 22:38:06 - PHP Notice:  Undefined index: type in C:\xampp\htdocs\pos\admin\controller\inventory\sale_tax_invoice.php on line 4921
2025-12-02 22:38:10 - PHP Notice:  Undefined variable: href_gl_mapping_account in C:\xampp\htdocs\pos\admin\view\template\common\column_left.tpl on line 68
2025-12-02 22:38:10 - PHP Notice:  Undefined index: gl_mapping_account in C:\xampp\htdocs\pos\admin\view\template\common\column_left.tpl on line 68
2025-12-02 22:38:10 - PHP Notice:  Undefined variable: href_tool_dashboard in C:\xampp\htdocs\pos\admin\view\template\common\column_left.tpl on line 231
2025-12-02 22:38:10 - PHP Notice:  Undefined index: class in C:\xampp\htdocs\pos\admin\view\template\inventory\sale_tax_invoice_list.tpl on line 19
2025-12-02 22:38:10 - PHP Notice:  Undefined index: class in C:\xampp\htdocs\pos\admin\view\template\inventory\sale_tax_invoice_list.tpl on line 19
2025-12-02 22:38:10 - PHP Notice:  Undefined index: class in C:\xampp\htdocs\pos\admin\view\template\inventory\sale_tax_invoice_list.tpl on line 19
2025-12-02 22:38:10 - PHP Notice:  Undefined variable: column_right in C:\xampp\htdocs\pos\admin\view\template\inventory\sale_tax_invoice_list.tpl on line 76
2025-12-02 22:38:15 - PHP Notice:  Undefined variable: href_gl_mapping_account in C:\xampp\htdocs\pos\admin\view\template\common\column_left.tpl on line 68
2025-12-02 22:38:15 - PHP Notice:  Undefined index: gl_mapping_account in C:\xampp\htdocs\pos\admin\view\template\common\column_left.tpl on line 68
2025-12-02 22:38:15 - PHP Notice:  Undefined variable: href_tool_dashboard in C:\xampp\htdocs\pos\admin\view\template\common\column_left.tpl on line 231
2025-12-02 22:38:15 - PHP Notice:  Undefined index: class in C:\xampp\htdocs\pos\admin\view\template\inventory\sale_tax_invoice_list.tpl on line 19
2025-12-02 22:38:15 - PHP Notice:  Undefined index: class in C:\xampp\htdocs\pos\admin\view\template\inventory\sale_tax_invoice_list.tpl on line 19
2025-12-02 22:38:15 - PHP Notice:  Undefined index: class in C:\xampp\htdocs\pos\admin\view\template\inventory\sale_tax_invoice_list.tpl on line 19
2025-12-02 22:38:15 - PHP Notice:  Undefined variable: column_right in C:\xampp\htdocs\pos\admin\view\template\inventory\sale_tax_invoice_list.tpl on line 76
2025-12-02 22:38:16 - PHP Warning:  chr() expects parameter 1 to be int, string given in C:\xampp\htdocs\pos\system\library\tcpdf\include\tcpdf_fonts.php on line 1671
2025-12-02 22:38:16 - PHP Notice:  Undefined index: company_header_print in C:\xampp\htdocs\pos\admin\controller\inventory\sale_tax_invoice.php on line 4901
2025-12-02 22:38:16 - PHP Notice:  Undefined index: type in C:\xampp\htdocs\pos\admin\controller\inventory\sale_tax_invoice.php on line 4921
2025-12-02 22:38:27 - PHP Notice:  Undefined index: db_name in C:\xampp\htdocs\pos\system\engine\hmodel.php on line 12
2025-12-02 22:38:27 - PHP Warning:  Invalid argument supplied for foreach() in C:\xampp\htdocs\pos\admin\view\template\common\preset.tpl on line 55
2025-12-02 22:38:31 - PHP Notice:  Undefined index: db_name in C:\xampp\htdocs\pos\system\engine\hmodel.php on line 12
2025-12-02 22:38:31 - PHP Notice:  Undefined index: case_id in C:\xampp\htdocs\pos\admin\controller\common\home.php on line 55
2025-12-02 22:38:31 - PHP Notice:  Undefined index: case_id in C:\xampp\htdocs\pos\admin\controller\common\home.php on line 56
2025-12-02 22:38:31 - PHP Notice:  Undefined variable: href_gl_mapping_account in C:\xampp\htdocs\pos\admin\view\template\common\column_left.tpl on line 68
2025-12-02 22:38:31 - PHP Notice:  Undefined index: gl_mapping_account in C:\xampp\htdocs\pos\admin\view\template\common\column_left.tpl on line 68
2025-12-02 22:38:31 - PHP Notice:  Undefined variable: href_tool_dashboard in C:\xampp\htdocs\pos\admin\view\template\common\column_left.tpl on line 231
2025-12-02 22:38:31 - PHP Notice:  Undefined index: inventory_sale_invoice in C:\xampp\htdocs\pos\admin\view\template\common\home.tpl on line 36
2025-12-02 22:38:35 - PHP Notice:  Undefined variable: href_gl_mapping_account in C:\xampp\htdocs\pos\admin\view\template\common\column_left.tpl on line 68
2025-12-02 22:38:35 - PHP Notice:  Undefined index: gl_mapping_account in C:\xampp\htdocs\pos\admin\view\template\common\column_left.tpl on line 68
2025-12-02 22:38:35 - PHP Notice:  Undefined variable: href_tool_dashboard in C:\xampp\htdocs\pos\admin\view\template\common\column_left.tpl on line 231
2025-12-02 22:38:35 - PHP Notice:  Undefined index: class in C:\xampp\htdocs\pos\admin\view\template\inventory\sale_tax_invoice_list.tpl on line 19
2025-12-02 22:38:35 - PHP Notice:  Undefined index: class in C:\xampp\htdocs\pos\admin\view\template\inventory\sale_tax_invoice_list.tpl on line 19
2025-12-02 22:38:35 - PHP Notice:  Undefined index: class in C:\xampp\htdocs\pos\admin\view\template\inventory\sale_tax_invoice_list.tpl on line 19
2025-12-02 22:38:35 - PHP Notice:  Undefined variable: column_right in C:\xampp\htdocs\pos\admin\view\template\inventory\sale_tax_invoice_list.tpl on line 76
2025-12-02 22:38:37 - PHP Warning:  chr() expects parameter 1 to be int, string given in C:\xampp\htdocs\pos\system\library\tcpdf\include\tcpdf_fonts.php on line 1671
2025-12-02 22:38:37 - PHP Notice:  Undefined index: company_header_print in C:\xampp\htdocs\pos\admin\controller\inventory\sale_tax_invoice.php on line 4901
2025-12-02 22:38:37 - PHP Notice:  Undefined index: type in C:\xampp\htdocs\pos\admin\controller\inventory\sale_tax_invoice.php on line 4921
2025-12-02 22:39:12 - PHP Warning:  chr() expects parameter 1 to be int, string given in C:\xampp\htdocs\pos\system\library\tcpdf\include\tcpdf_fonts.php on line 1671
2025-12-02 22:39:12 - PHP Notice:  Undefined index: company_header_print in C:\xampp\htdocs\pos\admin\controller\inventory\sale_tax_invoice.php on line 4901
2025-12-02 22:39:12 - PHP Notice:  Undefined index: type in C:\xampp\htdocs\pos\admin\controller\inventory\sale_tax_invoice.php on line 4921
2025-12-02 22:40:41 - PHP Warning:  chr() expects parameter 1 to be int, string given in C:\xampp\htdocs\pos\system\library\tcpdf\include\tcpdf_fonts.php on line 1671
2025-12-02 22:40:41 - PHP Notice:  Undefined index: company_header_print in C:\xampp\htdocs\pos\admin\controller\inventory\sale_tax_invoice.php on line 4901
2025-12-02 22:40:41 - PHP Notice:  Undefined index: type in C:\xampp\htdocs\pos\admin\controller\inventory\sale_tax_invoice.php on line 4921
2025-12-02 22:41:12 - PHP Warning:  chr() expects parameter 1 to be int, string given in C:\xampp\htdocs\pos\system\library\tcpdf\include\tcpdf_fonts.php on line 1671
2025-12-02 22:41:12 - PHP Notice:  Undefined index: company_header_print in C:\xampp\htdocs\pos\admin\controller\inventory\sale_tax_invoice.php on line 4901
2025-12-02 22:41:12 - PHP Notice:  Undefined index: type in C:\xampp\htdocs\pos\admin\controller\inventory\sale_tax_invoice.php on line 4921
2025-12-02 22:41:58 - PHP Warning:  chr() expects parameter 1 to be int, string given in C:\xampp\htdocs\pos\system\library\tcpdf\include\tcpdf_fonts.php on line 1671
2025-12-02 22:41:58 - PHP Notice:  Undefined index: company_header_print in C:\xampp\htdocs\pos\admin\controller\inventory\sale_tax_invoice.php on line 4901
2025-12-02 22:41:58 - PHP Notice:  Undefined index: type in C:\xampp\htdocs\pos\admin\controller\inventory\sale_tax_invoice.php on line 4921
2025-12-02 22:42:22 - PHP Warning:  chr() expects parameter 1 to be int, string given in C:\xampp\htdocs\pos\system\library\tcpdf\include\tcpdf_fonts.php on line 1671
2025-12-02 22:42:22 - PHP Notice:  Undefined index: company_header_print in C:\xampp\htdocs\pos\admin\controller\inventory\sale_tax_invoice.php on line 4901
2025-12-02 22:42:22 - PHP Notice:  Undefined index: type in C:\xampp\htdocs\pos\admin\controller\inventory\sale_tax_invoice.php on line 4921
2025-12-02 22:43:02 - PHP Warning:  chr() expects parameter 1 to be int, string given in C:\xampp\htdocs\pos\system\library\tcpdf\include\tcpdf_fonts.php on line 1671
2025-12-02 22:43:02 - PHP Notice:  Undefined index: company_header_print in C:\xampp\htdocs\pos\admin\controller\inventory\sale_tax_invoice.php on line 4901
2025-12-02 22:43:02 - PHP Notice:  Undefined index: type in C:\xampp\htdocs\pos\admin\controller\inventory\sale_tax_invoice.php on line 4921
2025-12-02 22:44:24 - PHP Warning:  chr() expects parameter 1 to be int, string given in C:\xampp\htdocs\pos\system\library\tcpdf\include\tcpdf_fonts.php on line 1671
2025-12-02 22:44:24 - PHP Notice:  Undefined index: company_header_print in C:\xampp\htdocs\pos\admin\controller\inventory\sale_tax_invoice.php on line 4901
2025-12-02 22:44:24 - PHP Notice:  Undefined index: type in C:\xampp\htdocs\pos\admin\controller\inventory\sale_tax_invoice.php on line 4921
2025-12-02 22:45:02 - PHP Warning:  chr() expects parameter 1 to be int, string given in C:\xampp\htdocs\pos\system\library\tcpdf\include\tcpdf_fonts.php on line 1671
2025-12-02 22:45:02 - PHP Notice:  Undefined index: company_header_print in C:\xampp\htdocs\pos\admin\controller\inventory\sale_tax_invoice.php on line 4901
2025-12-02 22:45:02 - PHP Notice:  Undefined index: type in C:\xampp\htdocs\pos\admin\controller\inventory\sale_tax_invoice.php on line 4921
2025-12-02 22:45:18 - PHP Warning:  Declaration of ControllerSetupCompanySetting::updateData($data) should be compatible with HController::updateData($primary_key, $data) in C:\xampp\htdocs\pos\admin\controller\setup\company_setting.php on line 130
2025-12-02 22:45:18 - PHP Warning:  Declaration of ControllerSetupCompanySetting::updateData($data) should be compatible with HController::updateData($primary_key, $data) in C:\xampp\htdocs\pos\admin\controller\setup\company_setting.php on line 130
2025-12-02 22:45:18 - PHP Notice:  Undefined variable: href_gl_mapping_account in C:\xampp\htdocs\pos\admin\view\template\common\column_left.tpl on line 68
2025-12-02 22:45:18 - PHP Notice:  Undefined index: gl_mapping_account in C:\xampp\htdocs\pos\admin\view\template\common\column_left.tpl on line 68
2025-12-02 22:45:18 - PHP Notice:  Undefined variable: href_tool_dashboard in C:\xampp\htdocs\pos\admin\view\template\common\column_left.tpl on line 231
2025-12-02 22:45:18 - PHP Notice:  Undefined index: class in C:\xampp\htdocs\pos\admin\view\template\setup\company_setting_form.tpl on line 18
2025-12-02 22:45:18 - PHP Notice:  Undefined index: class in C:\xampp\htdocs\pos\admin\view\template\setup\company_setting_form.tpl on line 18
2025-12-02 22:45:18 - PHP Notice:  Undefined index: class in C:\xampp\htdocs\pos\admin\view\template\setup\company_setting_form.tpl on line 18
2025-12-02 22:45:18 - PHP Notice:  Undefined index: base_currency_account in C:\xampp\htdocs\pos\admin\view\template\setup\company_setting_form.tpl on line 68
2025-12-02 22:45:18 - PHP Notice:  Undefined index: description in C:\xampp\htdocs\pos\admin\view\template\setup\company_setting_form.tpl on line 117
2025-12-02 22:45:18 - PHP Notice:  Undefined variable: column_right in C:\xampp\htdocs\pos\admin\view\template\setup\company_setting_form.tpl on line 195
2025-12-02 22:45:21 - PHP Warning:  Declaration of ControllerSetupCompanySetting::updateData($data) should be compatible with HController::updateData($primary_key, $data) in C:\xampp\htdocs\pos\admin\controller\setup\company_setting.php on line 130
2025-12-02 22:45:21 - PHP Warning:  Declaration of ControllerSetupCompanySetting::updateData($data) should be compatible with HController::updateData($primary_key, $data) in C:\xampp\htdocs\pos\admin\controller\setup\company_setting.php on line 130
2025-12-02 22:45:22 - PHP Warning:  Declaration of ControllerSetupCompanySetting::updateData($data) should be compatible with HController::updateData($primary_key, $data) in C:\xampp\htdocs\pos\admin\controller\setup\company_setting.php on line 130
2025-12-02 22:45:22 - PHP Notice:  Undefined variable: href_gl_mapping_account in C:\xampp\htdocs\pos\admin\view\template\common\column_left.tpl on line 68
2025-12-02 22:45:22 - PHP Notice:  Undefined index: gl_mapping_account in C:\xampp\htdocs\pos\admin\view\template\common\column_left.tpl on line 68
2025-12-02 22:45:22 - PHP Notice:  Undefined variable: href_tool_dashboard in C:\xampp\htdocs\pos\admin\view\template\common\column_left.tpl on line 231
2025-12-02 22:45:22 - PHP Notice:  Undefined index: class in C:\xampp\htdocs\pos\admin\view\template\setup\company_setting_form.tpl on line 18
2025-12-02 22:45:22 - PHP Notice:  Undefined index: class in C:\xampp\htdocs\pos\admin\view\template\setup\company_setting_form.tpl on line 18
2025-12-02 22:45:22 - PHP Notice:  Undefined index: class in C:\xampp\htdocs\pos\admin\view\template\setup\company_setting_form.tpl on line 18
2025-12-02 22:45:22 - PHP Notice:  Undefined index: base_currency_account in C:\xampp\htdocs\pos\admin\view\template\setup\company_setting_form.tpl on line 68
2025-12-02 22:45:22 - PHP Notice:  Undefined index: description in C:\xampp\htdocs\pos\admin\view\template\setup\company_setting_form.tpl on line 117
2025-12-02 22:45:22 - PHP Notice:  Undefined variable: column_right in C:\xampp\htdocs\pos\admin\view\template\setup\company_setting_form.tpl on line 195
2025-12-02 22:45:25 - PHP Notice:  Undefined index: db_name in C:\xampp\htdocs\pos\system\engine\hmodel.php on line 12
2025-12-02 22:45:25 - PHP Warning:  Invalid argument supplied for foreach() in C:\xampp\htdocs\pos\admin\view\template\common\preset.tpl on line 55
2025-12-02 22:45:27 - PHP Notice:  Undefined index: db_name in C:\xampp\htdocs\pos\system\engine\hmodel.php on line 12
2025-12-02 22:45:28 - PHP Notice:  Undefined index: case_id in C:\xampp\htdocs\pos\admin\controller\common\home.php on line 55
2025-12-02 22:45:28 - PHP Notice:  Undefined index: case_id in C:\xampp\htdocs\pos\admin\controller\common\home.php on line 56
2025-12-02 22:45:28 - PHP Notice:  Undefined variable: href_gl_mapping_account in C:\xampp\htdocs\pos\admin\view\template\common\column_left.tpl on line 68
2025-12-02 22:45:28 - PHP Notice:  Undefined index: gl_mapping_account in C:\xampp\htdocs\pos\admin\view\template\common\column_left.tpl on line 68
2025-12-02 22:45:28 - PHP Notice:  Undefined variable: href_tool_dashboard in C:\xampp\htdocs\pos\admin\view\template\common\column_left.tpl on line 231
2025-12-02 22:45:28 - PHP Notice:  Undefined index: inventory_sale_invoice in C:\xampp\htdocs\pos\admin\view\template\common\home.tpl on line 36
2025-12-02 22:45:29 - PHP Warning:  chr() expects parameter 1 to be int, string given in C:\xampp\htdocs\pos\system\library\tcpdf\include\tcpdf_fonts.php on line 1671
2025-12-02 22:45:29 - PHP Notice:  Undefined index: company_header_print in C:\xampp\htdocs\pos\admin\controller\inventory\sale_tax_invoice.php on line 4901
2025-12-02 22:45:29 - PHP Notice:  Undefined index: type in C:\xampp\htdocs\pos\admin\controller\inventory\sale_tax_invoice.php on line 4921
2025-12-02 22:45:41 - PHP Warning:  chr() expects parameter 1 to be int, string given in C:\xampp\htdocs\pos\system\library\tcpdf\include\tcpdf_fonts.php on line 1671
2025-12-02 22:45:41 - PHP Notice:  Undefined index: company_header_print in C:\xampp\htdocs\pos\admin\controller\inventory\sale_tax_invoice.php on line 4901
2025-12-02 22:45:41 - PHP Notice:  Undefined index: type in C:\xampp\htdocs\pos\admin\controller\inventory\sale_tax_invoice.php on line 4921
2025-12-02 22:45:52 - PHP Warning:  chr() expects parameter 1 to be int, string given in C:\xampp\htdocs\pos\system\library\tcpdf\include\tcpdf_fonts.php on line 1671
2025-12-02 22:45:52 - PHP Notice:  Undefined index: company_header_print in C:\xampp\htdocs\pos\admin\controller\inventory\sale_tax_invoice.php on line 4901
2025-12-02 22:45:52 - PHP Notice:  Undefined index: type in C:\xampp\htdocs\pos\admin\controller\inventory\sale_tax_invoice.php on line 4921
2025-12-02 22:46:06 - PHP Warning:  chr() expects parameter 1 to be int, string given in C:\xampp\htdocs\pos\system\library\tcpdf\include\tcpdf_fonts.php on line 1671
2025-12-02 22:46:06 - PHP Notice:  Undefined index: company_header_print in C:\xampp\htdocs\pos\admin\controller\inventory\sale_tax_invoice.php on line 4901
2025-12-02 22:46:06 - PHP Notice:  Undefined index: type in C:\xampp\htdocs\pos\admin\controller\inventory\sale_tax_invoice.php on line 4921
2025-12-02 22:46:22 - PHP Warning:  chr() expects parameter 1 to be int, string given in C:\xampp\htdocs\pos\system\library\tcpdf\include\tcpdf_fonts.php on line 1671
2025-12-02 22:46:22 - PHP Notice:  Undefined index: company_header_print in C:\xampp\htdocs\pos\admin\controller\inventory\sale_tax_invoice.php on line 4901
2025-12-02 22:46:22 - PHP Notice:  Undefined index: type in C:\xampp\htdocs\pos\admin\controller\inventory\sale_tax_invoice.php on line 4921
2025-12-02 22:46:34 - PHP Warning:  chr() expects parameter 1 to be int, string given in C:\xampp\htdocs\pos\system\library\tcpdf\include\tcpdf_fonts.php on line 1671
2025-12-02 22:46:34 - PHP Notice:  Undefined index: company_header_print in C:\xampp\htdocs\pos\admin\controller\inventory\sale_tax_invoice.php on line 4901
2025-12-02 22:46:34 - PHP Notice:  Undefined index: type in C:\xampp\htdocs\pos\admin\controller\inventory\sale_tax_invoice.php on line 4921
2025-12-02 22:46:41 - PHP Warning:  chr() expects parameter 1 to be int, string given in C:\xampp\htdocs\pos\system\library\tcpdf\include\tcpdf_fonts.php on line 1671
2025-12-02 22:46:41 - PHP Notice:  Undefined index: company_header_print in C:\xampp\htdocs\pos\admin\controller\inventory\sale_tax_invoice.php on line 4901
2025-12-02 22:46:41 - PHP Notice:  Undefined index: type in C:\xampp\htdocs\pos\admin\controller\inventory\sale_tax_invoice.php on line 4921
2025-12-02 22:46:48 - PHP Warning:  chr() expects parameter 1 to be int, string given in C:\xampp\htdocs\pos\system\library\tcpdf\include\tcpdf_fonts.php on line 1671
2025-12-02 22:46:48 - PHP Notice:  Undefined index: company_header_print in C:\xampp\htdocs\pos\admin\controller\inventory\sale_tax_invoice.php on line 4901
2025-12-02 22:46:48 - PHP Notice:  Undefined index: type in C:\xampp\htdocs\pos\admin\controller\inventory\sale_tax_invoice.php on line 4921
2025-12-02 22:46:59 - PHP Notice:  Undefined index: case_id in C:\xampp\htdocs\pos\admin\controller\common\home.php on line 55
2025-12-02 22:46:59 - PHP Notice:  Undefined index: case_id in C:\xampp\htdocs\pos\admin\controller\common\home.php on line 56
2025-12-02 22:46:59 - PHP Notice:  Undefined variable: href_gl_mapping_account in C:\xampp\htdocs\pos\admin\view\template\common\column_left.tpl on line 68
2025-12-02 22:46:59 - PHP Notice:  Undefined index: gl_mapping_account in C:\xampp\htdocs\pos\admin\view\template\common\column_left.tpl on line 68
2025-12-02 22:46:59 - PHP Notice:  Undefined variable: href_tool_dashboard in C:\xampp\htdocs\pos\admin\view\template\common\column_left.tpl on line 231
2025-12-02 22:47:00 - PHP Notice:  Undefined index: inventory_sale_invoice in C:\xampp\htdocs\pos\admin\view\template\common\home.tpl on line 36
2025-12-02 22:47:17 - PHP Notice:  Undefined variable: href_gl_mapping_account in C:\xampp\htdocs\pos\admin\view\template\common\column_left.tpl on line 68
2025-12-02 22:47:17 - PHP Notice:  Undefined index: gl_mapping_account in C:\xampp\htdocs\pos\admin\view\template\common\column_left.tpl on line 68
2025-12-02 22:47:17 - PHP Notice:  Undefined variable: href_tool_dashboard in C:\xampp\htdocs\pos\admin\view\template\common\column_left.tpl on line 231
2025-12-02 22:47:17 - PHP Notice:  Undefined index: class in C:\xampp\htdocs\pos\admin\view\template\inventory\sale_tax_invoice_list.tpl on line 19
2025-12-02 22:47:17 - PHP Notice:  Undefined index: class in C:\xampp\htdocs\pos\admin\view\template\inventory\sale_tax_invoice_list.tpl on line 19
2025-12-02 22:47:17 - PHP Notice:  Undefined index: class in C:\xampp\htdocs\pos\admin\view\template\inventory\sale_tax_invoice_list.tpl on line 19
2025-12-02 22:47:17 - PHP Notice:  Undefined variable: column_right in C:\xampp\htdocs\pos\admin\view\template\inventory\sale_tax_invoice_list.tpl on line 76
2025-12-02 22:47:19 - PHP Warning:  chr() expects parameter 1 to be int, string given in C:\xampp\htdocs\pos\system\library\tcpdf\include\tcpdf_fonts.php on line 1671
2025-12-02 22:47:19 - PHP Notice:  Undefined index: company_header_print in C:\xampp\htdocs\pos\admin\controller\inventory\sale_tax_invoice.php on line 4901
2025-12-02 22:47:19 - PHP Notice:  Undefined index: type in C:\xampp\htdocs\pos\admin\controller\inventory\sale_tax_invoice.php on line 4921
2025-12-02 22:47:31 - PHP Warning:  Declaration of ControllerSetupCompanySetting::updateData($data) should be compatible with HController::updateData($primary_key, $data) in C:\xampp\htdocs\pos\admin\controller\setup\company_setting.php on line 130
2025-12-02 22:47:31 - PHP Warning:  Declaration of ControllerSetupCompanySetting::updateData($data) should be compatible with HController::updateData($primary_key, $data) in C:\xampp\htdocs\pos\admin\controller\setup\company_setting.php on line 130
2025-12-02 22:47:31 - PHP Notice:  Undefined variable: href_gl_mapping_account in C:\xampp\htdocs\pos\admin\view\template\common\column_left.tpl on line 68
2025-12-02 22:47:31 - PHP Notice:  Undefined index: gl_mapping_account in C:\xampp\htdocs\pos\admin\view\template\common\column_left.tpl on line 68
2025-12-02 22:47:31 - PHP Notice:  Undefined variable: href_tool_dashboard in C:\xampp\htdocs\pos\admin\view\template\common\column_left.tpl on line 231
2025-12-02 22:47:31 - PHP Notice:  Undefined index: class in C:\xampp\htdocs\pos\admin\view\template\setup\company_setting_form.tpl on line 18
2025-12-02 22:47:31 - PHP Notice:  Undefined index: class in C:\xampp\htdocs\pos\admin\view\template\setup\company_setting_form.tpl on line 18
2025-12-02 22:47:31 - PHP Notice:  Undefined index: class in C:\xampp\htdocs\pos\admin\view\template\setup\company_setting_form.tpl on line 18
2025-12-02 22:47:31 - PHP Notice:  Undefined index: base_currency_account in C:\xampp\htdocs\pos\admin\view\template\setup\company_setting_form.tpl on line 68
2025-12-02 22:47:31 - PHP Notice:  Undefined index: description in C:\xampp\htdocs\pos\admin\view\template\setup\company_setting_form.tpl on line 117
2025-12-02 22:47:31 - PHP Notice:  Undefined variable: column_right in C:\xampp\htdocs\pos\admin\view\template\setup\company_setting_form.tpl on line 195
2025-12-02 22:47:35 - PHP Notice:  Undefined index: directory in C:\xampp\htdocs\pos\admin\controller\common\filemanager.php on line 233
2025-12-02 22:47:37 - PHP Warning:  Declaration of ControllerSetupCompanySetting::updateData($data) should be compatible with HController::updateData($primary_key, $data) in C:\xampp\htdocs\pos\admin\controller\setup\company_setting.php on line 130
2025-12-02 22:47:37 - PHP Warning:  Declaration of ControllerSetupCompanySetting::updateData($data) should be compatible with HController::updateData($primary_key, $data) in C:\xampp\htdocs\pos\admin\controller\setup\company_setting.php on line 130
2025-12-02 22:47:37 - PHP Warning:  Declaration of ControllerSetupCompanySetting::updateData($data) should be compatible with HController::updateData($primary_key, $data) in C:\xampp\htdocs\pos\admin\controller\setup\company_setting.php on line 130
2025-12-02 22:47:37 - PHP Notice:  Undefined variable: href_gl_mapping_account in C:\xampp\htdocs\pos\admin\view\template\common\column_left.tpl on line 68
2025-12-02 22:47:37 - PHP Notice:  Undefined index: gl_mapping_account in C:\xampp\htdocs\pos\admin\view\template\common\column_left.tpl on line 68
2025-12-02 22:47:37 - PHP Notice:  Undefined variable: href_tool_dashboard in C:\xampp\htdocs\pos\admin\view\template\common\column_left.tpl on line 231
2025-12-02 22:47:38 - PHP Notice:  Undefined index: class in C:\xampp\htdocs\pos\admin\view\template\setup\company_setting_form.tpl on line 18
2025-12-02 22:47:38 - PHP Notice:  Undefined index: class in C:\xampp\htdocs\pos\admin\view\template\setup\company_setting_form.tpl on line 18
2025-12-02 22:47:38 - PHP Notice:  Undefined index: class in C:\xampp\htdocs\pos\admin\view\template\setup\company_setting_form.tpl on line 18
2025-12-02 22:47:38 - PHP Notice:  Undefined index: base_currency_account in C:\xampp\htdocs\pos\admin\view\template\setup\company_setting_form.tpl on line 68
2025-12-02 22:47:38 - PHP Notice:  Undefined index: description in C:\xampp\htdocs\pos\admin\view\template\setup\company_setting_form.tpl on line 117
2025-12-02 22:47:38 - PHP Notice:  Undefined variable: column_right in C:\xampp\htdocs\pos\admin\view\template\setup\company_setting_form.tpl on line 195
2025-12-02 22:47:42 - PHP Notice:  Undefined index: db_name in C:\xampp\htdocs\pos\system\engine\hmodel.php on line 12
2025-12-02 22:47:42 - PHP Warning:  Invalid argument supplied for foreach() in C:\xampp\htdocs\pos\admin\view\template\common\preset.tpl on line 55
2025-12-02 22:47:45 - PHP Notice:  Undefined index: db_name in C:\xampp\htdocs\pos\system\engine\hmodel.php on line 12
2025-12-02 22:47:45 - PHP Notice:  Undefined index: case_id in C:\xampp\htdocs\pos\admin\controller\common\home.php on line 55
2025-12-02 22:47:45 - PHP Notice:  Undefined index: case_id in C:\xampp\htdocs\pos\admin\controller\common\home.php on line 56
2025-12-02 22:47:45 - PHP Notice:  Undefined variable: href_gl_mapping_account in C:\xampp\htdocs\pos\admin\view\template\common\column_left.tpl on line 68
2025-12-02 22:47:45 - PHP Notice:  Undefined index: gl_mapping_account in C:\xampp\htdocs\pos\admin\view\template\common\column_left.tpl on line 68
2025-12-02 22:47:45 - PHP Notice:  Undefined variable: href_tool_dashboard in C:\xampp\htdocs\pos\admin\view\template\common\column_left.tpl on line 231
2025-12-02 22:47:45 - PHP Notice:  Undefined index: inventory_sale_invoice in C:\xampp\htdocs\pos\admin\view\template\common\home.tpl on line 36
2025-12-02 22:47:57 - PHP Warning:  Declaration of ControllerSetupCompanySetting::updateData($data) should be compatible with HController::updateData($primary_key, $data) in C:\xampp\htdocs\pos\admin\controller\setup\company_setting.php on line 130
2025-12-02 22:47:57 - PHP Warning:  Declaration of ControllerSetupCompanySetting::updateData($data) should be compatible with HController::updateData($primary_key, $data) in C:\xampp\htdocs\pos\admin\controller\setup\company_setting.php on line 130
2025-12-02 22:47:57 - PHP Notice:  Undefined variable: href_gl_mapping_account in C:\xampp\htdocs\pos\admin\view\template\common\column_left.tpl on line 68
2025-12-02 22:47:57 - PHP Notice:  Undefined index: gl_mapping_account in C:\xampp\htdocs\pos\admin\view\template\common\column_left.tpl on line 68
2025-12-02 22:47:57 - PHP Notice:  Undefined variable: href_tool_dashboard in C:\xampp\htdocs\pos\admin\view\template\common\column_left.tpl on line 231
2025-12-02 22:47:57 - PHP Notice:  Undefined index: class in C:\xampp\htdocs\pos\admin\view\template\setup\company_setting_form.tpl on line 18
2025-12-02 22:47:57 - PHP Notice:  Undefined index: class in C:\xampp\htdocs\pos\admin\view\template\setup\company_setting_form.tpl on line 18
2025-12-02 22:47:57 - PHP Notice:  Undefined index: class in C:\xampp\htdocs\pos\admin\view\template\setup\company_setting_form.tpl on line 18
2025-12-02 22:47:57 - PHP Notice:  Undefined index: base_currency_account in C:\xampp\htdocs\pos\admin\view\template\setup\company_setting_form.tpl on line 68
2025-12-02 22:47:57 - PHP Notice:  Undefined index: description in C:\xampp\htdocs\pos\admin\view\template\setup\company_setting_form.tpl on line 117
2025-12-02 22:47:57 - PHP Notice:  Undefined variable: column_right in C:\xampp\htdocs\pos\admin\view\template\setup\company_setting_form.tpl on line 195
2025-12-02 22:48:04 - PHP Notice:  Undefined variable: href_gl_mapping_account in C:\xampp\htdocs\pos\admin\view\template\common\column_left.tpl on line 68
2025-12-02 22:48:04 - PHP Notice:  Undefined index: gl_mapping_account in C:\xampp\htdocs\pos\admin\view\template\common\column_left.tpl on line 68
2025-12-02 22:48:04 - PHP Notice:  Undefined variable: href_tool_dashboard in C:\xampp\htdocs\pos\admin\view\template\common\column_left.tpl on line 231
2025-12-02 22:48:04 - PHP Notice:  Undefined index: class in C:\xampp\htdocs\pos\admin\view\template\inventory\sale_tax_invoice_list.tpl on line 19
2025-12-02 22:48:04 - PHP Notice:  Undefined index: class in C:\xampp\htdocs\pos\admin\view\template\inventory\sale_tax_invoice_list.tpl on line 19
2025-12-02 22:48:04 - PHP Notice:  Undefined index: class in C:\xampp\htdocs\pos\admin\view\template\inventory\sale_tax_invoice_list.tpl on line 19
2025-12-02 22:48:04 - PHP Notice:  Undefined variable: column_right in C:\xampp\htdocs\pos\admin\view\template\inventory\sale_tax_invoice_list.tpl on line 76
2025-12-02 22:48:06 - PHP Warning:  chr() expects parameter 1 to be int, string given in C:\xampp\htdocs\pos\system\library\tcpdf\include\tcpdf_fonts.php on line 1671
2025-12-02 22:48:06 - PHP Notice:  Undefined index: company_header_print in C:\xampp\htdocs\pos\admin\controller\inventory\sale_tax_invoice.php on line 4901
2025-12-02 22:48:06 - PHP Notice:  Undefined index: type in C:\xampp\htdocs\pos\admin\controller\inventory\sale_tax_invoice.php on line 4921
2025-12-02 22:49:23 - PHP Warning:  chr() expects parameter 1 to be int, string given in C:\xampp\htdocs\pos\system\library\tcpdf\include\tcpdf_fonts.php on line 1671
2025-12-02 22:49:23 - PHP Notice:  Undefined index: company_header_print in C:\xampp\htdocs\pos\admin\controller\inventory\sale_tax_invoice.php on line 4901
2025-12-02 22:49:23 - PHP Notice:  Undefined index: type in C:\xampp\htdocs\pos\admin\controller\inventory\sale_tax_invoice.php on line 4921
