2023-09-12 9:28:18 - PHP Notice:  Undefined index: db_name in C:\xampp\htdocs\php_milwa_trading\system\engine\hmodel.php on line 12
2023-09-12 9:28:18 - PHP Warning:  Invalid argument supplied for foreach() in C:\xampp\htdocs\php_milwa_trading\admin\view\template\common\preset.tpl on line 52
2023-09-12 9:28:19 - PHP Notice:  Undefined variable: fiscal_year_id in C:\xampp\htdocs\php_milwa_trading\admin\controller\common\preset.php on line 228
2023-09-12 9:28:21 - PHP Notice:  Undefined index: db_name in C:\xampp\htdocs\php_milwa_trading\system\engine\hmodel.php on line 12
2023-09-12 9:28:21 - PHP Notice:  Undefined index: case_id in C:\xampp\htdocs\php_milwa_trading\admin\controller\common\home.php on line 55
2023-09-12 9:28:21 - PHP Notice:  Undefined index: case_id in C:\xampp\htdocs\php_milwa_trading\admin\controller\common\home.php on line 56
2023-09-12 9:28:24 - PHP Notice:  Undefined variable: href_gl_mapping_account in C:\xampp\htdocs\php_milwa_trading\admin\view\template\common\column_left.tpl on line 68
2023-09-12 9:28:24 - PHP Notice:  Undefined index: gl_mapping_account in C:\xampp\htdocs\php_milwa_trading\admin\view\template\common\column_left.tpl on line 68
2023-09-12 9:28:24 - PHP Notice:  Undefined variable: href_tool_dashboard in C:\xampp\htdocs\php_milwa_trading\admin\view\template\common\column_left.tpl on line 231
2023-09-12 9:28:24 - PHP Notice:  Undefined variable: sale_order_details in C:\xampp\htdocs\php_milwa_trading\admin\view\template\common\home.tpl on line 174
2023-09-12 9:28:24 - PHP Warning:  Invalid argument supplied for foreach() in C:\xampp\htdocs\php_milwa_trading\admin\view\template\common\home.tpl on line 174
2023-09-12 9:28:24 - PHP Notice:  Undefined variable: bank_receipts in C:\xampp\htdocs\php_milwa_trading\admin\view\template\common\home.tpl on line 258
2023-09-12 9:28:24 - PHP Warning:  Invalid argument supplied for foreach() in C:\xampp\htdocs\php_milwa_trading\admin\view\template\common\home.tpl on line 258
2023-09-12 9:29:29 - PHP Warning:  Declaration of ControllerInventoryBranchStockTransfer::validateDelete() should be compatible with HController::validateDelete($id = '') in C:\xampp\htdocs\php_milwa_trading\admin\controller\inventory\branch_stock_transfer.php on line 1242
2023-09-12 9:29:29 - PHP Notice:  Undefined variable: href_gl_mapping_account in C:\xampp\htdocs\php_milwa_trading\admin\view\template\common\column_left.tpl on line 68
2023-09-12 9:29:29 - PHP Notice:  Undefined index: gl_mapping_account in C:\xampp\htdocs\php_milwa_trading\admin\view\template\common\column_left.tpl on line 68
2023-09-12 9:29:29 - PHP Notice:  Undefined variable: href_tool_dashboard in C:\xampp\htdocs\php_milwa_trading\admin\view\template\common\column_left.tpl on line 231
2023-09-12 9:29:29 - PHP Notice:  Undefined index: class in C:\xampp\htdocs\php_milwa_trading\admin\view\template\inventory\branch_stock_transfer_list.tpl on line 19
2023-09-12 9:29:29 - PHP Notice:  Undefined index: class in C:\xampp\htdocs\php_milwa_trading\admin\view\template\inventory\branch_stock_transfer_list.tpl on line 19
2023-09-12 9:29:29 - PHP Notice:  Undefined index: class in C:\xampp\htdocs\php_milwa_trading\admin\view\template\inventory\branch_stock_transfer_list.tpl on line 19
2023-09-12 9:29:29 - PHP Notice:  Undefined variable: column_right in C:\xampp\htdocs\php_milwa_trading\admin\view\template\inventory\branch_stock_transfer_list.tpl on line 77
2023-09-12 9:29:30 - PHP Warning:  Declaration of ControllerInventoryBranchStockTransfer::validateDelete() should be compatible with HController::validateDelete($id = '') in C:\xampp\htdocs\php_milwa_trading\admin\controller\inventory\branch_stock_transfer.php on line 1242
2023-09-12 9:29:31 - PHP Warning:  Declaration of ControllerInventoryBranchStockTransfer::validateDelete() should be compatible with HController::validateDelete($id = '') in C:\xampp\htdocs\php_milwa_trading\admin\controller\inventory\branch_stock_transfer.php on line 1242
2023-09-12 9:29:32 - PHP Notice:  Undefined index: branch_stock_transfer_id in C:\xampp\htdocs\php_milwa_trading\system\engine\hcontroller.php on line 223
2023-09-12 9:29:32 - PHP Notice:  Undefined index: branch_stock_transfer_id in C:\xampp\htdocs\php_milwa_trading\system\engine\hcontroller.php on line 224
2023-09-12 9:29:32 - PHP Notice:  Undefined index: branch_stock_transfer_id in C:\xampp\htdocs\php_milwa_trading\admin\controller\inventory\branch_stock_transfer.php on line 252
2023-09-12 9:29:32 - PHP Notice:  Undefined index: branch_stock_transfer_id in C:\xampp\htdocs\php_milwa_trading\admin\controller\inventory\branch_stock_transfer.php on line 253
2023-09-12 9:29:32 - PHP Notice:  Undefined index: branch_stock_transfer_id in C:\xampp\htdocs\php_milwa_trading\admin\controller\inventory\branch_stock_transfer.php on line 255
2023-09-12 9:29:32 - PHP Notice:  Undefined index: branch_stock_transfer_id in C:\xampp\htdocs\php_milwa_trading\admin\controller\inventory\branch_stock_transfer.php on line 256
2023-09-12 9:29:32 - PHP Notice:  Undefined index: branch_stock_transfer_id in C:\xampp\htdocs\php_milwa_trading\admin\controller\inventory\branch_stock_transfer.php on line 257
2023-09-12 9:29:32 - PHP Notice:  Undefined index: branch_stock_transfer_id in C:\xampp\htdocs\php_milwa_trading\admin\controller\inventory\branch_stock_transfer.php on line 258
2023-09-12 9:29:32 - PHP Notice:  Undefined variable: href_gl_mapping_account in C:\xampp\htdocs\php_milwa_trading\admin\view\template\common\column_left.tpl on line 68
2023-09-12 9:29:32 - PHP Notice:  Undefined index: gl_mapping_account in C:\xampp\htdocs\php_milwa_trading\admin\view\template\common\column_left.tpl on line 68
2023-09-12 9:29:32 - PHP Notice:  Undefined variable: href_tool_dashboard in C:\xampp\htdocs\php_milwa_trading\admin\view\template\common\column_left.tpl on line 231
2023-09-12 9:29:32 - PHP Notice:  Undefined index: class in C:\xampp\htdocs\php_milwa_trading\admin\view\template\inventory\branch_stock_transfer_form.tpl on line 20
2023-09-12 9:29:32 - PHP Notice:  Undefined index: class in C:\xampp\htdocs\php_milwa_trading\admin\view\template\inventory\branch_stock_transfer_form.tpl on line 20
2023-09-12 9:29:32 - PHP Notice:  Undefined index: class in C:\xampp\htdocs\php_milwa_trading\admin\view\template\inventory\branch_stock_transfer_form.tpl on line 20
2023-09-12 9:29:32 - PHP Notice:  Undefined variable: is_post in C:\xampp\htdocs\php_milwa_trading\admin\view\template\inventory\branch_stock_transfer_form.tpl on line 55
2023-09-12 9:29:32 - PHP Notice:  Undefined variable: action in C:\xampp\htdocs\php_milwa_trading\admin\view\template\inventory\branch_stock_transfer_form.tpl on line 83
2023-09-12 9:29:32 - PHP Notice:  Undefined variable: document_type_id in C:\xampp\htdocs\php_milwa_trading\admin\view\template\inventory\branch_stock_transfer_form.tpl on line 84
2023-09-12 9:29:32 - PHP Notice:  Undefined variable: branch_stock_transfer_id in C:\xampp\htdocs\php_milwa_trading\admin\view\template\inventory\branch_stock_transfer_form.tpl on line 85
2023-09-12 9:29:32 - PHP Notice:  Undefined variable: document_identity in C:\xampp\htdocs\php_milwa_trading\admin\view\template\inventory\branch_stock_transfer_form.tpl on line 91
2023-09-12 9:29:32 - PHP Notice:  Undefined variable: warehouse_id in C:\xampp\htdocs\php_milwa_trading\admin\view\template\inventory\branch_stock_transfer_form.tpl on line 106
2023-09-12 9:29:32 - PHP Notice:  Undefined variable: warehouse_id in C:\xampp\htdocs\php_milwa_trading\admin\view\template\inventory\branch_stock_transfer_form.tpl on line 106
2023-09-12 9:29:32 - PHP Notice:  Undefined variable: warehouse_id in C:\xampp\htdocs\php_milwa_trading\admin\view\template\inventory\branch_stock_transfer_form.tpl on line 106
2023-09-12 9:29:32 - PHP Notice:  Undefined variable: remarks in C:\xampp\htdocs\php_milwa_trading\admin\view\template\inventory\branch_stock_transfer_form.tpl on line 142
2023-09-12 9:29:32 - PHP Notice:  Undefined variable: branch_stock_transfer_details in C:\xampp\htdocs\php_milwa_trading\admin\view\template\inventory\branch_stock_transfer_form.tpl on line 167
2023-09-12 9:29:32 - PHP Warning:  Invalid argument supplied for foreach() in C:\xampp\htdocs\php_milwa_trading\admin\view\template\inventory\branch_stock_transfer_form.tpl on line 167
2023-09-12 9:29:32 - PHP Notice:  Undefined variable: total_qty in C:\xampp\htdocs\php_milwa_trading\admin\view\template\inventory\branch_stock_transfer_form.tpl on line 237
2023-09-12 9:29:32 - PHP Notice:  Undefined variable: total_amount in C:\xampp\htdocs\php_milwa_trading\admin\view\template\inventory\branch_stock_transfer_form.tpl on line 239
2023-09-12 9:29:32 - PHP Notice:  Undefined variable: is_post in C:\xampp\htdocs\php_milwa_trading\admin\view\template\inventory\branch_stock_transfer_form.tpl on line 274
2023-09-12 9:29:32 - PHP Notice:  Undefined variable: partner_id in C:\xampp\htdocs\php_milwa_trading\admin\view\template\inventory\branch_stock_transfer_form.tpl on line 293
2023-09-12 9:29:32 - PHP Notice:  Undefined variable: products in C:\xampp\htdocs\php_milwa_trading\admin\view\template\inventory\branch_stock_transfer_form.tpl on line 296
2023-09-12 9:29:32 - PHP Notice:  Undefined variable: isEdit in C:\xampp\htdocs\php_milwa_trading\admin\view\template\inventory\branch_stock_transfer_form.tpl on line 301
2023-09-12 9:29:32 - PHP Notice:  Undefined index: branch_stock_transfer_id in C:\xampp\htdocs\php_milwa_trading\admin\view\template\inventory\branch_stock_transfer_form.tpl on line 345
2023-09-12 9:29:32 - PHP Notice:  Undefined variable: column_right in C:\xampp\htdocs\php_milwa_trading\admin\view\template\inventory\branch_stock_transfer_form.tpl on line 390
2023-09-12 9:29:41 - PHP Notice:  Undefined index: partner_id in C:\xampp\htdocs\php_milwa_trading\admin\controller\common\function.php on line 118
2023-09-12 9:29:41 - PHP Notice:  Undefined index: branch_id in C:\xampp\htdocs\php_milwa_trading\admin\controller\common\function.php on line 119
2023-09-12 9:29:41 - PHP Notice:  Undefined index: product_id in C:\xampp\htdocs\php_milwa_trading\admin\controller\common\function.php on line 129
2023-09-12 9:29:41 - PHP Notice:  Undefined index: rate in C:\xampp\htdocs\php_milwa_trading\admin\controller\common\function.php on line 130
2023-09-12 9:29:41 - PHP Notice:  Undefined index: product_id in C:\xampp\htdocs\php_milwa_trading\admin\controller\common\function.php on line 133
2023-09-12 9:29:41 - PHP Notice:  Undefined index: rate in C:\xampp\htdocs\php_milwa_trading\admin\controller\common\function.php on line 134
2023-09-12 9:29:49 - PHP Notice:  Undefined index: partner_id in C:\xampp\htdocs\php_milwa_trading\admin\controller\common\function.php on line 118
2023-09-12 9:29:49 - PHP Notice:  Undefined index: branch_id in C:\xampp\htdocs\php_milwa_trading\admin\controller\common\function.php on line 119
2023-09-12 9:29:49 - PHP Notice:  Undefined index: rate in C:\xampp\htdocs\php_milwa_trading\admin\controller\common\function.php on line 130
2023-09-12 9:29:49 - PHP Notice:  Undefined index: rate in C:\xampp\htdocs\php_milwa_trading\admin\controller\common\function.php on line 134
2023-09-12 9:29:49 - PHP Notice:  Undefined index: document_identity in C:\xampp\htdocs\php_milwa_trading\admin\controller\common\function.php on line 670
2023-09-12 9:29:49 - PHP Notice:  Undefined index: document_date in C:\xampp\htdocs\php_milwa_trading\admin\controller\common\function.php on line 670
2023-09-12 9:29:52 - PHP Warning:  Declaration of ControllerInventoryBranchStockTransfer::validateDelete() should be compatible with HController::validateDelete($id = '') in C:\xampp\htdocs\php_milwa_trading\admin\controller\inventory\branch_stock_transfer.php on line 1242
2023-09-12 9:30:01 - PHP Notice:  Undefined variable: href_gl_mapping_account in C:\xampp\htdocs\php_milwa_trading\admin\view\template\common\column_left.tpl on line 68
2023-09-12 9:30:01 - PHP Notice:  Undefined index: gl_mapping_account in C:\xampp\htdocs\php_milwa_trading\admin\view\template\common\column_left.tpl on line 68
2023-09-12 9:30:01 - PHP Notice:  Undefined variable: href_tool_dashboard in C:\xampp\htdocs\php_milwa_trading\admin\view\template\common\column_left.tpl on line 231
2023-09-12 9:30:01 - PHP Notice:  Undefined index: class in C:\xampp\htdocs\php_milwa_trading\admin\view\template\report\stock.tpl on line 18
2023-09-12 9:30:01 - PHP Notice:  Undefined index: class in C:\xampp\htdocs\php_milwa_trading\admin\view\template\report\stock.tpl on line 18
2023-09-12 9:30:01 - PHP Notice:  Undefined index: class in C:\xampp\htdocs\php_milwa_trading\admin\view\template\report\stock.tpl on line 18
2023-09-12 9:30:01 - PHP Notice:  Undefined variable: container_no in C:\xampp\htdocs\php_milwa_trading\admin\view\template\report\stock.tpl on line 93
2023-09-12 9:30:01 - PHP Notice:  Undefined variable: column_right in C:\xampp\htdocs\php_milwa_trading\admin\view\template\report\stock.tpl on line 289
2023-09-12 9:30:10 - PHP Notice:  Undefined index: page in C:\xampp\htdocs\php_milwa_trading\admin\controller\report\stock.php on line 59
2023-09-12 9:31:02 - PHP Notice:  Undefined index: brand_id in C:\xampp\htdocs\php_milwa_trading\admin\controller\report\stock.php on line 1732
2023-09-12 9:31:02 - PHP Notice:  Undefined index: brand in C:\xampp\htdocs\php_milwa_trading\admin\controller\report\stock.php on line 1744
2023-09-12 9:31:02 - PHP Notice:  Undefined index: container_no in C:\xampp\htdocs\php_milwa_trading\admin\controller\report\stock.php on line 1745
2023-09-12 9:31:02 - PHP Notice:  Undefined index: batch_no in C:\xampp\htdocs\php_milwa_trading\admin\controller\report\stock.php on line 1746
2023-09-12 9:31:02 - PHP Notice:  Undefined index: brand in C:\xampp\htdocs\php_milwa_trading\admin\controller\report\stock.php on line 1744
2023-09-12 9:31:02 - PHP Notice:  Undefined index: container_no in C:\xampp\htdocs\php_milwa_trading\admin\controller\report\stock.php on line 1745
2023-09-12 9:31:02 - PHP Notice:  Undefined index: batch_no in C:\xampp\htdocs\php_milwa_trading\admin\controller\report\stock.php on line 1746
2023-09-12 9:31:02 - PHP Notice:  Undefined index: brand in C:\xampp\htdocs\php_milwa_trading\admin\controller\report\stock.php on line 1744
2023-09-12 9:31:02 - PHP Notice:  Undefined index: container_no in C:\xampp\htdocs\php_milwa_trading\admin\controller\report\stock.php on line 1745
2023-09-12 9:31:02 - PHP Notice:  Undefined index: batch_no in C:\xampp\htdocs\php_milwa_trading\admin\controller\report\stock.php on line 1746
2023-09-12 9:31:02 - PHP Notice:  Undefined index: brand in C:\xampp\htdocs\php_milwa_trading\admin\controller\report\stock.php on line 1744
2023-09-12 9:31:02 - PHP Notice:  Undefined index: container_no in C:\xampp\htdocs\php_milwa_trading\admin\controller\report\stock.php on line 1745
2023-09-12 9:31:02 - PHP Notice:  Undefined index: batch_no in C:\xampp\htdocs\php_milwa_trading\admin\controller\report\stock.php on line 1746
2023-09-12 9:31:02 - PHP Notice:  Undefined index: brand in C:\xampp\htdocs\php_milwa_trading\admin\controller\report\stock.php on line 1744
2023-09-12 9:31:02 - PHP Notice:  Undefined index: container_no in C:\xampp\htdocs\php_milwa_trading\admin\controller\report\stock.php on line 1745
2023-09-12 9:31:02 - PHP Notice:  Undefined index: batch_no in C:\xampp\htdocs\php_milwa_trading\admin\controller\report\stock.php on line 1746
2023-09-12 9:31:02 - PHP Notice:  Undefined index: brand in C:\xampp\htdocs\php_milwa_trading\admin\controller\report\stock.php on line 1744
2023-09-12 9:31:02 - PHP Notice:  Undefined index: container_no in C:\xampp\htdocs\php_milwa_trading\admin\controller\report\stock.php on line 1745
2023-09-12 9:31:02 - PHP Notice:  Undefined index: batch_no in C:\xampp\htdocs\php_milwa_trading\admin\controller\report\stock.php on line 1746
2023-09-12 9:31:02 - PHP Notice:  Undefined index: brand in C:\xampp\htdocs\php_milwa_trading\admin\controller\report\stock.php on line 1744
2023-09-12 9:31:02 - PHP Notice:  Undefined index: container_no in C:\xampp\htdocs\php_milwa_trading\admin\controller\report\stock.php on line 1745
2023-09-12 9:31:02 - PHP Notice:  Undefined index: batch_no in C:\xampp\htdocs\php_milwa_trading\admin\controller\report\stock.php on line 1746
2023-09-12 9:31:02 - PHP Notice:  Undefined index: brand in C:\xampp\htdocs\php_milwa_trading\admin\controller\report\stock.php on line 1744
2023-09-12 9:31:02 - PHP Notice:  Undefined index: container_no in C:\xampp\htdocs\php_milwa_trading\admin\controller\report\stock.php on line 1745
2023-09-12 9:31:02 - PHP Notice:  Undefined index: batch_no in C:\xampp\htdocs\php_milwa_trading\admin\controller\report\stock.php on line 1746
2023-09-12 9:31:02 - PHP Notice:  Undefined index: brand in C:\xampp\htdocs\php_milwa_trading\admin\controller\report\stock.php on line 1744
2023-09-12 9:31:02 - PHP Notice:  Undefined index: container_no in C:\xampp\htdocs\php_milwa_trading\admin\controller\report\stock.php on line 1745
2023-09-12 9:31:02 - PHP Notice:  Undefined index: batch_no in C:\xampp\htdocs\php_milwa_trading\admin\controller\report\stock.php on line 1746
2023-09-12 9:31:02 - PHP Notice:  Undefined index: brand in C:\xampp\htdocs\php_milwa_trading\admin\controller\report\stock.php on line 1744
2023-09-12 9:31:02 - PHP Notice:  Undefined index: container_no in C:\xampp\htdocs\php_milwa_trading\admin\controller\report\stock.php on line 1745
2023-09-12 9:31:02 - PHP Notice:  Undefined index: batch_no in C:\xampp\htdocs\php_milwa_trading\admin\controller\report\stock.php on line 1746
2023-09-12 9:31:03 - PHP Notice:  Undefined index: brand in C:\xampp\htdocs\php_milwa_trading\admin\controller\report\stock.php on line 1744
2023-09-12 9:31:03 - PHP Notice:  Undefined index: container_no in C:\xampp\htdocs\php_milwa_trading\admin\controller\report\stock.php on line 1745
2023-09-12 9:31:03 - PHP Notice:  Undefined index: batch_no in C:\xampp\htdocs\php_milwa_trading\admin\controller\report\stock.php on line 1746
2023-09-12 9:31:03 - PHP Notice:  Undefined index: brand in C:\xampp\htdocs\php_milwa_trading\admin\controller\report\stock.php on line 1744
2023-09-12 9:31:03 - PHP Notice:  Undefined index: container_no in C:\xampp\htdocs\php_milwa_trading\admin\controller\report\stock.php on line 1745
2023-09-12 9:31:03 - PHP Notice:  Undefined index: batch_no in C:\xampp\htdocs\php_milwa_trading\admin\controller\report\stock.php on line 1746
2023-09-12 9:31:03 - PHP Notice:  Undefined index: brand in C:\xampp\htdocs\php_milwa_trading\admin\controller\report\stock.php on line 1744
2023-09-12 9:31:03 - PHP Notice:  Undefined index: container_no in C:\xampp\htdocs\php_milwa_trading\admin\controller\report\stock.php on line 1745
2023-09-12 9:31:03 - PHP Notice:  Undefined index: batch_no in C:\xampp\htdocs\php_milwa_trading\admin\controller\report\stock.php on line 1746
2023-09-12 9:31:03 - PHP Notice:  Undefined index: brand in C:\xampp\htdocs\php_milwa_trading\admin\controller\report\stock.php on line 1744
2023-09-12 9:31:03 - PHP Notice:  Undefined index: container_no in C:\xampp\htdocs\php_milwa_trading\admin\controller\report\stock.php on line 1745
2023-09-12 9:31:03 - PHP Notice:  Undefined index: batch_no in C:\xampp\htdocs\php_milwa_trading\admin\controller\report\stock.php on line 1746
2023-09-12 9:31:03 - PHP Notice:  Undefined index: brand in C:\xampp\htdocs\php_milwa_trading\admin\controller\report\stock.php on line 1744
2023-09-12 9:31:03 - PHP Notice:  Undefined index: container_no in C:\xampp\htdocs\php_milwa_trading\admin\controller\report\stock.php on line 1745
2023-09-12 9:31:03 - PHP Notice:  Undefined index: batch_no in C:\xampp\htdocs\php_milwa_trading\admin\controller\report\stock.php on line 1746
2023-09-12 9:31:03 - PHP Notice:  Undefined index: brand in C:\xampp\htdocs\php_milwa_trading\admin\controller\report\stock.php on line 1744
2023-09-12 9:31:03 - PHP Notice:  Undefined index: container_no in C:\xampp\htdocs\php_milwa_trading\admin\controller\report\stock.php on line 1745
2023-09-12 9:31:03 - PHP Notice:  Undefined index: batch_no in C:\xampp\htdocs\php_milwa_trading\admin\controller\report\stock.php on line 1746
2023-09-12 9:31:03 - PHP Notice:  Undefined index: brand in C:\xampp\htdocs\php_milwa_trading\admin\controller\report\stock.php on line 1744
2023-09-12 9:31:03 - PHP Notice:  Undefined index: container_no in C:\xampp\htdocs\php_milwa_trading\admin\controller\report\stock.php on line 1745
2023-09-12 9:31:03 - PHP Notice:  Undefined index: batch_no in C:\xampp\htdocs\php_milwa_trading\admin\controller\report\stock.php on line 1746
2023-09-12 9:31:03 - PHP Notice:  Undefined index: brand in C:\xampp\htdocs\php_milwa_trading\admin\controller\report\stock.php on line 1744
2023-09-12 9:31:03 - PHP Notice:  Undefined index: container_no in C:\xampp\htdocs\php_milwa_trading\admin\controller\report\stock.php on line 1745
2023-09-12 9:31:03 - PHP Notice:  Undefined index: batch_no in C:\xampp\htdocs\php_milwa_trading\admin\controller\report\stock.php on line 1746
2023-09-12 9:31:03 - PHP Notice:  Undefined index: brand in C:\xampp\htdocs\php_milwa_trading\admin\controller\report\stock.php on line 1744
2023-09-12 9:31:03 - PHP Notice:  Undefined index: container_no in C:\xampp\htdocs\php_milwa_trading\admin\controller\report\stock.php on line 1745
2023-09-12 9:31:03 - PHP Notice:  Undefined index: batch_no in C:\xampp\htdocs\php_milwa_trading\admin\controller\report\stock.php on line 1746
2023-09-12 9:31:03 - PHP Notice:  Undefined index: brand in C:\xampp\htdocs\php_milwa_trading\admin\controller\report\stock.php on line 1744
2023-09-12 9:31:03 - PHP Notice:  Undefined index: container_no in C:\xampp\htdocs\php_milwa_trading\admin\controller\report\stock.php on line 1745
2023-09-12 9:31:03 - PHP Notice:  Undefined index: batch_no in C:\xampp\htdocs\php_milwa_trading\admin\controller\report\stock.php on line 1746
2023-09-12 9:31:03 - PHP Notice:  Undefined index: brand in C:\xampp\htdocs\php_milwa_trading\admin\controller\report\stock.php on line 1744
2023-09-12 9:31:03 - PHP Notice:  Undefined index: container_no in C:\xampp\htdocs\php_milwa_trading\admin\controller\report\stock.php on line 1745
2023-09-12 9:31:03 - PHP Notice:  Undefined index: batch_no in C:\xampp\htdocs\php_milwa_trading\admin\controller\report\stock.php on line 1746
2023-09-12 9:31:03 - PHP Notice:  Undefined index: brand in C:\xampp\htdocs\php_milwa_trading\admin\controller\report\stock.php on line 1744
2023-09-12 9:31:03 - PHP Notice:  Undefined index: container_no in C:\xampp\htdocs\php_milwa_trading\admin\controller\report\stock.php on line 1745
2023-09-12 9:31:03 - PHP Notice:  Undefined index: batch_no in C:\xampp\htdocs\php_milwa_trading\admin\controller\report\stock.php on line 1746
2023-09-12 9:31:03 - PHP Notice:  Undefined index: brand in C:\xampp\htdocs\php_milwa_trading\admin\controller\report\stock.php on line 1744
2023-09-12 9:31:03 - PHP Notice:  Undefined index: container_no in C:\xampp\htdocs\php_milwa_trading\admin\controller\report\stock.php on line 1745
2023-09-12 9:31:03 - PHP Notice:  Undefined index: batch_no in C:\xampp\htdocs\php_milwa_trading\admin\controller\report\stock.php on line 1746
2023-09-12 9:31:03 - PHP Notice:  Undefined index: brand in C:\xampp\htdocs\php_milwa_trading\admin\controller\report\stock.php on line 1744
2023-09-12 9:31:03 - PHP Notice:  Undefined index: container_no in C:\xampp\htdocs\php_milwa_trading\admin\controller\report\stock.php on line 1745
2023-09-12 9:31:03 - PHP Notice:  Undefined index: batch_no in C:\xampp\htdocs\php_milwa_trading\admin\controller\report\stock.php on line 1746
2023-09-12 9:31:03 - PHP Notice:  Undefined index: brand in C:\xampp\htdocs\php_milwa_trading\admin\controller\report\stock.php on line 1744
2023-09-12 9:31:03 - PHP Notice:  Undefined index: container_no in C:\xampp\htdocs\php_milwa_trading\admin\controller\report\stock.php on line 1745
2023-09-12 9:31:03 - PHP Notice:  Undefined index: batch_no in C:\xampp\htdocs\php_milwa_trading\admin\controller\report\stock.php on line 1746
2023-09-12 9:31:03 - PHP Notice:  Undefined index: brand in C:\xampp\htdocs\php_milwa_trading\admin\controller\report\stock.php on line 1744
2023-09-12 9:31:03 - PHP Notice:  Undefined index: container_no in C:\xampp\htdocs\php_milwa_trading\admin\controller\report\stock.php on line 1745
2023-09-12 9:31:03 - PHP Notice:  Undefined index: batch_no in C:\xampp\htdocs\php_milwa_trading\admin\controller\report\stock.php on line 1746
2023-09-12 9:31:03 - PHP Notice:  Undefined index: brand in C:\xampp\htdocs\php_milwa_trading\admin\controller\report\stock.php on line 1744
2023-09-12 9:31:03 - PHP Notice:  Undefined index: container_no in C:\xampp\htdocs\php_milwa_trading\admin\controller\report\stock.php on line 1745
2023-09-12 9:31:03 - PHP Notice:  Undefined index: batch_no in C:\xampp\htdocs\php_milwa_trading\admin\controller\report\stock.php on line 1746
2023-09-12 9:31:04 - PHP Notice:  Undefined index: brand in C:\xampp\htdocs\php_milwa_trading\admin\controller\report\stock.php on line 1744
2023-09-12 9:31:04 - PHP Notice:  Undefined index: container_no in C:\xampp\htdocs\php_milwa_trading\admin\controller\report\stock.php on line 1745
2023-09-12 9:31:04 - PHP Notice:  Undefined index: batch_no in C:\xampp\htdocs\php_milwa_trading\admin\controller\report\stock.php on line 1746
2023-09-12 9:31:04 - PHP Notice:  Undefined index: brand in C:\xampp\htdocs\php_milwa_trading\admin\controller\report\stock.php on line 1744
2023-09-12 9:31:04 - PHP Notice:  Undefined index: container_no in C:\xampp\htdocs\php_milwa_trading\admin\controller\report\stock.php on line 1745
2023-09-12 9:31:04 - PHP Notice:  Undefined index: batch_no in C:\xampp\htdocs\php_milwa_trading\admin\controller\report\stock.php on line 1746
2023-09-12 9:31:04 - PHP Notice:  Undefined index: brand in C:\xampp\htdocs\php_milwa_trading\admin\controller\report\stock.php on line 1744
2023-09-12 9:31:04 - PHP Notice:  Undefined index: container_no in C:\xampp\htdocs\php_milwa_trading\admin\controller\report\stock.php on line 1745
2023-09-12 9:31:04 - PHP Notice:  Undefined index: batch_no in C:\xampp\htdocs\php_milwa_trading\admin\controller\report\stock.php on line 1746
2023-09-12 9:31:04 - PHP Notice:  Undefined index: brand in C:\xampp\htdocs\php_milwa_trading\admin\controller\report\stock.php on line 1744
2023-09-12 9:31:04 - PHP Notice:  Undefined index: container_no in C:\xampp\htdocs\php_milwa_trading\admin\controller\report\stock.php on line 1745
2023-09-12 9:31:04 - PHP Notice:  Undefined index: batch_no in C:\xampp\htdocs\php_milwa_trading\admin\controller\report\stock.php on line 1746
2023-09-12 9:31:04 - PHP Notice:  Undefined index: brand in C:\xampp\htdocs\php_milwa_trading\admin\controller\report\stock.php on line 1744
2023-09-12 9:31:04 - PHP Notice:  Undefined index: container_no in C:\xampp\htdocs\php_milwa_trading\admin\controller\report\stock.php on line 1745
2023-09-12 9:31:04 - PHP Notice:  Undefined index: batch_no in C:\xampp\htdocs\php_milwa_trading\admin\controller\report\stock.php on line 1746
2023-09-12 9:31:04 - PHP Notice:  Undefined index: brand in C:\xampp\htdocs\php_milwa_trading\admin\controller\report\stock.php on line 1744
2023-09-12 9:31:04 - PHP Notice:  Undefined index: container_no in C:\xampp\htdocs\php_milwa_trading\admin\controller\report\stock.php on line 1745
2023-09-12 9:31:04 - PHP Notice:  Undefined index: batch_no in C:\xampp\htdocs\php_milwa_trading\admin\controller\report\stock.php on line 1746
2023-09-12 9:31:04 - PHP Notice:  Undefined index: brand in C:\xampp\htdocs\php_milwa_trading\admin\controller\report\stock.php on line 1744
2023-09-12 9:31:04 - PHP Notice:  Undefined index: container_no in C:\xampp\htdocs\php_milwa_trading\admin\controller\report\stock.php on line 1745
2023-09-12 9:31:04 - PHP Notice:  Undefined index: batch_no in C:\xampp\htdocs\php_milwa_trading\admin\controller\report\stock.php on line 1746
2023-09-12 9:31:04 - PHP Notice:  Undefined index: brand in C:\xampp\htdocs\php_milwa_trading\admin\controller\report\stock.php on line 1744
2023-09-12 9:31:04 - PHP Notice:  Undefined index: container_no in C:\xampp\htdocs\php_milwa_trading\admin\controller\report\stock.php on line 1745
2023-09-12 9:31:04 - PHP Notice:  Undefined index: batch_no in C:\xampp\htdocs\php_milwa_trading\admin\controller\report\stock.php on line 1746
2023-09-12 9:31:04 - PHP Notice:  Undefined index: brand in C:\xampp\htdocs\php_milwa_trading\admin\controller\report\stock.php on line 1744
2023-09-12 9:31:04 - PHP Notice:  Undefined index: container_no in C:\xampp\htdocs\php_milwa_trading\admin\controller\report\stock.php on line 1745
2023-09-12 9:31:04 - PHP Notice:  Undefined index: batch_no in C:\xampp\htdocs\php_milwa_trading\admin\controller\report\stock.php on line 1746
2023-09-12 9:31:04 - PHP Notice:  Undefined index: brand in C:\xampp\htdocs\php_milwa_trading\admin\controller\report\stock.php on line 1744
2023-09-12 9:31:04 - PHP Notice:  Undefined index: container_no in C:\xampp\htdocs\php_milwa_trading\admin\controller\report\stock.php on line 1745
2023-09-12 9:31:04 - PHP Notice:  Undefined index: batch_no in C:\xampp\htdocs\php_milwa_trading\admin\controller\report\stock.php on line 1746
2023-09-12 9:31:04 - PHP Notice:  Undefined index: brand in C:\xampp\htdocs\php_milwa_trading\admin\controller\report\stock.php on line 1744
2023-09-12 9:31:04 - PHP Notice:  Undefined index: container_no in C:\xampp\htdocs\php_milwa_trading\admin\controller\report\stock.php on line 1745
2023-09-12 9:31:04 - PHP Notice:  Undefined index: batch_no in C:\xampp\htdocs\php_milwa_trading\admin\controller\report\stock.php on line 1746
2023-09-12 9:31:04 - PHP Notice:  Undefined index: brand in C:\xampp\htdocs\php_milwa_trading\admin\controller\report\stock.php on line 1744
2023-09-12 9:31:04 - PHP Notice:  Undefined index: container_no in C:\xampp\htdocs\php_milwa_trading\admin\controller\report\stock.php on line 1745
2023-09-12 9:31:04 - PHP Notice:  Undefined index: batch_no in C:\xampp\htdocs\php_milwa_trading\admin\controller\report\stock.php on line 1746
2023-09-12 9:31:04 - PHP Notice:  Undefined index: brand in C:\xampp\htdocs\php_milwa_trading\admin\controller\report\stock.php on line 1744
2023-09-12 9:31:04 - PHP Notice:  Undefined index: container_no in C:\xampp\htdocs\php_milwa_trading\admin\controller\report\stock.php on line 1745
2023-09-12 9:31:04 - PHP Notice:  Undefined index: batch_no in C:\xampp\htdocs\php_milwa_trading\admin\controller\report\stock.php on line 1746
2023-09-12 9:31:04 - PHP Notice:  Undefined index: brand in C:\xampp\htdocs\php_milwa_trading\admin\controller\report\stock.php on line 1744
2023-09-12 9:31:04 - PHP Notice:  Undefined index: container_no in C:\xampp\htdocs\php_milwa_trading\admin\controller\report\stock.php on line 1745
2023-09-12 9:31:04 - PHP Notice:  Undefined index: batch_no in C:\xampp\htdocs\php_milwa_trading\admin\controller\report\stock.php on line 1746
2023-09-12 9:31:04 - PHP Notice:  Undefined index: brand in C:\xampp\htdocs\php_milwa_trading\admin\controller\report\stock.php on line 1744
2023-09-12 9:31:04 - PHP Notice:  Undefined index: container_no in C:\xampp\htdocs\php_milwa_trading\admin\controller\report\stock.php on line 1745
2023-09-12 9:31:04 - PHP Notice:  Undefined index: batch_no in C:\xampp\htdocs\php_milwa_trading\admin\controller\report\stock.php on line 1746
2023-09-12 9:31:04 - PHP Notice:  Undefined index: brand in C:\xampp\htdocs\php_milwa_trading\admin\controller\report\stock.php on line 1744
2023-09-12 9:31:04 - PHP Notice:  Undefined index: container_no in C:\xampp\htdocs\php_milwa_trading\admin\controller\report\stock.php on line 1745
2023-09-12 9:31:04 - PHP Notice:  Undefined index: batch_no in C:\xampp\htdocs\php_milwa_trading\admin\controller\report\stock.php on line 1746
2023-09-12 9:31:04 - PHP Notice:  Undefined index: brand in C:\xampp\htdocs\php_milwa_trading\admin\controller\report\stock.php on line 1744
2023-09-12 9:31:04 - PHP Notice:  Undefined index: container_no in C:\xampp\htdocs\php_milwa_trading\admin\controller\report\stock.php on line 1745
2023-09-12 9:31:04 - PHP Notice:  Undefined index: batch_no in C:\xampp\htdocs\php_milwa_trading\admin\controller\report\stock.php on line 1746
2023-09-12 9:31:04 - PHP Notice:  Undefined index: brand in C:\xampp\htdocs\php_milwa_trading\admin\controller\report\stock.php on line 1744
2023-09-12 9:31:04 - PHP Notice:  Undefined index: container_no in C:\xampp\htdocs\php_milwa_trading\admin\controller\report\stock.php on line 1745
2023-09-12 9:31:04 - PHP Notice:  Undefined index: batch_no in C:\xampp\htdocs\php_milwa_trading\admin\controller\report\stock.php on line 1746
2023-09-12 9:31:04 - PHP Notice:  Undefined index: brand in C:\xampp\htdocs\php_milwa_trading\admin\controller\report\stock.php on line 1744
2023-09-12 9:31:04 - PHP Notice:  Undefined index: container_no in C:\xampp\htdocs\php_milwa_trading\admin\controller\report\stock.php on line 1745
2023-09-12 9:31:04 - PHP Notice:  Undefined index: batch_no in C:\xampp\htdocs\php_milwa_trading\admin\controller\report\stock.php on line 1746
2023-09-12 9:31:04 - PHP Notice:  Undefined index: brand in C:\xampp\htdocs\php_milwa_trading\admin\controller\report\stock.php on line 1744
2023-09-12 9:31:04 - PHP Notice:  Undefined index: container_no in C:\xampp\htdocs\php_milwa_trading\admin\controller\report\stock.php on line 1745
2023-09-12 9:31:05 - PHP Notice:  Undefined index: batch_no in C:\xampp\htdocs\php_milwa_trading\admin\controller\report\stock.php on line 1746
2023-09-12 9:31:05 - PHP Notice:  Undefined index: brand in C:\xampp\htdocs\php_milwa_trading\admin\controller\report\stock.php on line 1744
2023-09-12 9:31:05 - PHP Notice:  Undefined index: container_no in C:\xampp\htdocs\php_milwa_trading\admin\controller\report\stock.php on line 1745
2023-09-12 9:31:05 - PHP Notice:  Undefined index: batch_no in C:\xampp\htdocs\php_milwa_trading\admin\controller\report\stock.php on line 1746
2023-09-12 9:31:05 - PHP Notice:  Undefined index: brand in C:\xampp\htdocs\php_milwa_trading\admin\controller\report\stock.php on line 1744
2023-09-12 9:31:05 - PHP Notice:  Undefined index: container_no in C:\xampp\htdocs\php_milwa_trading\admin\controller\report\stock.php on line 1745
2023-09-12 9:31:05 - PHP Notice:  Undefined index: batch_no in C:\xampp\htdocs\php_milwa_trading\admin\controller\report\stock.php on line 1746
2023-09-12 9:31:05 - PHP Notice:  Undefined index: brand in C:\xampp\htdocs\php_milwa_trading\admin\controller\report\stock.php on line 1744
2023-09-12 9:31:05 - PHP Notice:  Undefined index: container_no in C:\xampp\htdocs\php_milwa_trading\admin\controller\report\stock.php on line 1745
2023-09-12 9:31:05 - PHP Notice:  Undefined index: batch_no in C:\xampp\htdocs\php_milwa_trading\admin\controller\report\stock.php on line 1746
2023-09-12 9:31:05 - PHP Notice:  Undefined index: brand in C:\xampp\htdocs\php_milwa_trading\admin\controller\report\stock.php on line 1744
2023-09-12 9:31:05 - PHP Notice:  Undefined index: container_no in C:\xampp\htdocs\php_milwa_trading\admin\controller\report\stock.php on line 1745
2023-09-12 9:31:05 - PHP Notice:  Undefined index: batch_no in C:\xampp\htdocs\php_milwa_trading\admin\controller\report\stock.php on line 1746
2023-09-12 9:31:05 - PHP Notice:  Undefined index: brand in C:\xampp\htdocs\php_milwa_trading\admin\controller\report\stock.php on line 1744
2023-09-12 9:31:05 - PHP Notice:  Undefined index: container_no in C:\xampp\htdocs\php_milwa_trading\admin\controller\report\stock.php on line 1745
2023-09-12 9:31:05 - PHP Notice:  Undefined index: batch_no in C:\xampp\htdocs\php_milwa_trading\admin\controller\report\stock.php on line 1746
2023-09-12 9:31:05 - PHP Notice:  Undefined index: brand in C:\xampp\htdocs\php_milwa_trading\admin\controller\report\stock.php on line 1744
2023-09-12 9:31:05 - PHP Notice:  Undefined index: container_no in C:\xampp\htdocs\php_milwa_trading\admin\controller\report\stock.php on line 1745
2023-09-12 9:31:05 - PHP Notice:  Undefined index: batch_no in C:\xampp\htdocs\php_milwa_trading\admin\controller\report\stock.php on line 1746
2023-09-12 9:31:05 - PHP Notice:  Undefined index: output in C:\xampp\htdocs\php_milwa_trading\admin\controller\report\stock.php on line 1771
2023-09-12 9:31:05 - PHP Warning:  chr() expects parameter 1 to be int, string given in C:\xampp\htdocs\php_milwa_trading\system\library\tcpdf\include\tcpdf_fonts.php on line 1671
2023-09-12 9:31:05 - PHP Notice:  Undefined index: brand_id in C:\xampp\htdocs\php_milwa_trading\admin\controller\report\stock.php on line 1944
2023-09-12 9:31:05 - PHP Notice:  Undefined index: name in C:\xampp\htdocs\php_milwa_trading\admin\controller\report\stock.php on line 1953
2023-09-12 9:31:05 - PHP Notice:  Undefined index: name in C:\xampp\htdocs\php_milwa_trading\admin\controller\report\stock.php on line 1954
2023-09-12 9:31:05 - PHP Notice:  Undefined index: name in C:\xampp\htdocs\php_milwa_trading\admin\controller\report\stock.php on line 1955
2023-09-12 9:31:05 - PHP Notice:  Undefined offset: 0 in C:\xampp\htdocs\php_milwa_trading\system\helper\utility.php on line 420
2023-09-12 9:31:05 - PHP Warning:  Division by zero in C:\xampp\htdocs\php_milwa_trading\admin\controller\report\stock.php on line 1991
2023-09-12 9:32:03 - PHP Notice:  Undefined index: brand_id in C:\xampp\htdocs\php_milwa_trading\admin\controller\report\stock.php on line 2065
2023-09-12 9:32:03 - PHP Notice:  Undefined index: output in C:\xampp\htdocs\php_milwa_trading\admin\controller\report\stock.php on line 2101
2023-09-12 9:32:03 - PHP Warning:  chr() expects parameter 1 to be int, string given in C:\xampp\htdocs\php_milwa_trading\system\library\tcpdf\include\tcpdf_fonts.php on line 1671
2023-09-12 9:32:03 - PHP Notice:  Undefined index: brand_id in C:\xampp\htdocs\php_milwa_trading\admin\controller\report\stock.php on line 2254
2023-09-12 9:32:03 - PHP Notice:  Undefined index: name in C:\xampp\htdocs\php_milwa_trading\admin\controller\report\stock.php on line 2263
2023-09-12 9:32:03 - PHP Notice:  Undefined index: name in C:\xampp\htdocs\php_milwa_trading\admin\controller\report\stock.php on line 2264
2023-09-12 9:32:03 - PHP Notice:  Undefined index: name in C:\xampp\htdocs\php_milwa_trading\admin\controller\report\stock.php on line 2265
2023-09-12 9:32:15 - PHP Notice:  Undefined index: product_id in C:\xampp\htdocs\php_milwa_trading\admin\controller\report\stock.php on line 2061
2023-09-12 9:32:15 - PHP Notice:  Undefined index: brand_id in C:\xampp\htdocs\php_milwa_trading\admin\controller\report\stock.php on line 2065
2023-09-12 9:32:17 - PHP Notice:  Undefined index: output in C:\xampp\htdocs\php_milwa_trading\admin\controller\report\stock.php on line 2101
2023-09-12 9:32:17 - PHP Warning:  chr() expects parameter 1 to be int, string given in C:\xampp\htdocs\php_milwa_trading\system\library\tcpdf\include\tcpdf_fonts.php on line 1671
2023-09-12 9:32:17 - PHP Notice:  Undefined index: brand_id in C:\xampp\htdocs\php_milwa_trading\admin\controller\report\stock.php on line 2254
2023-09-12 9:32:17 - PHP Notice:  Undefined index: name in C:\xampp\htdocs\php_milwa_trading\admin\controller\report\stock.php on line 2263
2023-09-12 9:32:17 - PHP Notice:  Undefined index: name in C:\xampp\htdocs\php_milwa_trading\admin\controller\report\stock.php on line 2265
2023-09-12 9:32:29 - PHP Notice:  Undefined index: partner_id in C:\xampp\htdocs\php_milwa_trading\admin\controller\common\function.php on line 118
2023-09-12 9:32:29 - PHP Notice:  Undefined index: branch_id in C:\xampp\htdocs\php_milwa_trading\admin\controller\common\function.php on line 119
2023-09-12 9:32:29 - PHP Notice:  Undefined index: rate in C:\xampp\htdocs\php_milwa_trading\admin\controller\common\function.php on line 130
2023-09-12 9:32:29 - PHP Notice:  Undefined index: rate in C:\xampp\htdocs\php_milwa_trading\admin\controller\common\function.php on line 134
2023-09-12 9:32:30 - PHP Notice:  Undefined index: document_identity in C:\xampp\htdocs\php_milwa_trading\admin\controller\common\function.php on line 670
2023-09-12 9:32:30 - PHP Notice:  Undefined index: document_date in C:\xampp\htdocs\php_milwa_trading\admin\controller\common\function.php on line 670
2023-09-12 9:33:44 - PHP Warning:  Invalid argument supplied for foreach() in C:\xampp\htdocs\php_milwa_trading\admin\view\template\common\preset.tpl on line 52
2023-09-12 9:33:46 - PHP Notice:  Undefined index: case_id in C:\xampp\htdocs\php_milwa_trading\admin\controller\common\home.php on line 55
2023-09-12 9:33:46 - PHP Notice:  Undefined index: case_id in C:\xampp\htdocs\php_milwa_trading\admin\controller\common\home.php on line 56
2023-09-12 9:33:46 - PHP Notice:  Undefined variable: href_gl_mapping_account in C:\xampp\htdocs\php_milwa_trading\admin\view\template\common\column_left.tpl on line 68
2023-09-12 9:33:46 - PHP Notice:  Undefined index: gl_mapping_account in C:\xampp\htdocs\php_milwa_trading\admin\view\template\common\column_left.tpl on line 68
2023-09-12 9:33:46 - PHP Notice:  Undefined variable: href_tool_dashboard in C:\xampp\htdocs\php_milwa_trading\admin\view\template\common\column_left.tpl on line 231
2023-09-12 9:33:46 - PHP Notice:  Undefined variable: sale_order_details in C:\xampp\htdocs\php_milwa_trading\admin\view\template\common\home.tpl on line 174
2023-09-12 9:33:46 - PHP Warning:  Invalid argument supplied for foreach() in C:\xampp\htdocs\php_milwa_trading\admin\view\template\common\home.tpl on line 174
2023-09-12 9:33:46 - PHP Notice:  Undefined variable: bank_receipts in C:\xampp\htdocs\php_milwa_trading\admin\view\template\common\home.tpl on line 258
2023-09-12 9:33:46 - PHP Warning:  Invalid argument supplied for foreach() in C:\xampp\htdocs\php_milwa_trading\admin\view\template\common\home.tpl on line 258
2023-09-12 9:33:48 - PHP Warning:  Declaration of ControllerInventoryBranchStockTransfer::validateDelete() should be compatible with HController::validateDelete($id = '') in C:\xampp\htdocs\php_milwa_trading\admin\controller\inventory\branch_stock_transfer.php on line 1242
2023-09-12 9:33:48 - PHP Notice:  Undefined index: branch_stock_transfer_id in C:\xampp\htdocs\php_milwa_trading\system\engine\hcontroller.php on line 223
2023-09-12 9:33:49 - PHP Notice:  Undefined index: branch_stock_transfer_id in C:\xampp\htdocs\php_milwa_trading\system\engine\hcontroller.php on line 224
2023-09-12 9:33:49 - PHP Notice:  Undefined index: branch_stock_transfer_id in C:\xampp\htdocs\php_milwa_trading\admin\controller\inventory\branch_stock_transfer.php on line 252
2023-09-12 9:33:49 - PHP Notice:  Undefined index: branch_stock_transfer_id in C:\xampp\htdocs\php_milwa_trading\admin\controller\inventory\branch_stock_transfer.php on line 253
2023-09-12 9:33:49 - PHP Notice:  Undefined index: branch_stock_transfer_id in C:\xampp\htdocs\php_milwa_trading\admin\controller\inventory\branch_stock_transfer.php on line 255
2023-09-12 9:33:49 - PHP Notice:  Undefined index: branch_stock_transfer_id in C:\xampp\htdocs\php_milwa_trading\admin\controller\inventory\branch_stock_transfer.php on line 256
2023-09-12 9:33:49 - PHP Notice:  Undefined index: branch_stock_transfer_id in C:\xampp\htdocs\php_milwa_trading\admin\controller\inventory\branch_stock_transfer.php on line 257
2023-09-12 9:33:49 - PHP Notice:  Undefined index: branch_stock_transfer_id in C:\xampp\htdocs\php_milwa_trading\admin\controller\inventory\branch_stock_transfer.php on line 258
2023-09-12 9:33:49 - PHP Notice:  Undefined variable: href_gl_mapping_account in C:\xampp\htdocs\php_milwa_trading\admin\view\template\common\column_left.tpl on line 68
2023-09-12 9:33:49 - PHP Notice:  Undefined index: gl_mapping_account in C:\xampp\htdocs\php_milwa_trading\admin\view\template\common\column_left.tpl on line 68
2023-09-12 9:33:49 - PHP Notice:  Undefined variable: href_tool_dashboard in C:\xampp\htdocs\php_milwa_trading\admin\view\template\common\column_left.tpl on line 231
2023-09-12 9:33:49 - PHP Notice:  Undefined index: class in C:\xampp\htdocs\php_milwa_trading\admin\view\template\inventory\branch_stock_transfer_form.tpl on line 20
2023-09-12 9:33:49 - PHP Notice:  Undefined index: class in C:\xampp\htdocs\php_milwa_trading\admin\view\template\inventory\branch_stock_transfer_form.tpl on line 20
2023-09-12 9:33:49 - PHP Notice:  Undefined index: class in C:\xampp\htdocs\php_milwa_trading\admin\view\template\inventory\branch_stock_transfer_form.tpl on line 20
2023-09-12 9:33:49 - PHP Notice:  Undefined variable: is_post in C:\xampp\htdocs\php_milwa_trading\admin\view\template\inventory\branch_stock_transfer_form.tpl on line 55
2023-09-12 9:33:49 - PHP Notice:  Undefined variable: action in C:\xampp\htdocs\php_milwa_trading\admin\view\template\inventory\branch_stock_transfer_form.tpl on line 83
2023-09-12 9:33:49 - PHP Notice:  Undefined variable: document_type_id in C:\xampp\htdocs\php_milwa_trading\admin\view\template\inventory\branch_stock_transfer_form.tpl on line 84
2023-09-12 9:33:49 - PHP Notice:  Undefined variable: branch_stock_transfer_id in C:\xampp\htdocs\php_milwa_trading\admin\view\template\inventory\branch_stock_transfer_form.tpl on line 85
2023-09-12 9:33:49 - PHP Notice:  Undefined variable: document_identity in C:\xampp\htdocs\php_milwa_trading\admin\view\template\inventory\branch_stock_transfer_form.tpl on line 91
2023-09-12 9:33:49 - PHP Notice:  Undefined variable: warehouse_id in C:\xampp\htdocs\php_milwa_trading\admin\view\template\inventory\branch_stock_transfer_form.tpl on line 106
2023-09-12 9:33:49 - PHP Notice:  Undefined variable: warehouse_id in C:\xampp\htdocs\php_milwa_trading\admin\view\template\inventory\branch_stock_transfer_form.tpl on line 106
2023-09-12 9:33:49 - PHP Notice:  Undefined variable: warehouse_id in C:\xampp\htdocs\php_milwa_trading\admin\view\template\inventory\branch_stock_transfer_form.tpl on line 106
2023-09-12 9:33:49 - PHP Notice:  Undefined variable: remarks in C:\xampp\htdocs\php_milwa_trading\admin\view\template\inventory\branch_stock_transfer_form.tpl on line 142
2023-09-12 9:33:49 - PHP Notice:  Undefined variable: branch_stock_transfer_details in C:\xampp\htdocs\php_milwa_trading\admin\view\template\inventory\branch_stock_transfer_form.tpl on line 167
2023-09-12 9:33:49 - PHP Warning:  Invalid argument supplied for foreach() in C:\xampp\htdocs\php_milwa_trading\admin\view\template\inventory\branch_stock_transfer_form.tpl on line 167
2023-09-12 9:33:49 - PHP Notice:  Undefined variable: total_qty in C:\xampp\htdocs\php_milwa_trading\admin\view\template\inventory\branch_stock_transfer_form.tpl on line 237
2023-09-12 9:33:49 - PHP Notice:  Undefined variable: total_amount in C:\xampp\htdocs\php_milwa_trading\admin\view\template\inventory\branch_stock_transfer_form.tpl on line 239
2023-09-12 9:33:49 - PHP Notice:  Undefined variable: is_post in C:\xampp\htdocs\php_milwa_trading\admin\view\template\inventory\branch_stock_transfer_form.tpl on line 274
2023-09-12 9:33:49 - PHP Notice:  Undefined variable: partner_id in C:\xampp\htdocs\php_milwa_trading\admin\view\template\inventory\branch_stock_transfer_form.tpl on line 293
2023-09-12 9:33:49 - PHP Notice:  Undefined variable: products in C:\xampp\htdocs\php_milwa_trading\admin\view\template\inventory\branch_stock_transfer_form.tpl on line 296
2023-09-12 9:33:49 - PHP Notice:  Undefined variable: isEdit in C:\xampp\htdocs\php_milwa_trading\admin\view\template\inventory\branch_stock_transfer_form.tpl on line 301
2023-09-12 9:33:49 - PHP Notice:  Undefined index: branch_stock_transfer_id in C:\xampp\htdocs\php_milwa_trading\admin\view\template\inventory\branch_stock_transfer_form.tpl on line 345
2023-09-12 9:33:49 - PHP Notice:  Undefined variable: column_right in C:\xampp\htdocs\php_milwa_trading\admin\view\template\inventory\branch_stock_transfer_form.tpl on line 390
2023-09-12 9:35:01 - PHP Warning:  Declaration of ControllerInventoryBranchStockTransfer::validateDelete() should be compatible with HController::validateDelete($id = '') in C:\xampp\htdocs\php_milwa_trading\admin\controller\inventory\branch_stock_transfer.php on line 1242
2023-09-12 9:35:01 - PHP Notice:  Undefined index: branch_stock_transfer_id in C:\xampp\htdocs\php_milwa_trading\system\engine\hcontroller.php on line 223
2023-09-12 9:35:01 - PHP Notice:  Undefined index: branch_stock_transfer_id in C:\xampp\htdocs\php_milwa_trading\system\engine\hcontroller.php on line 224
2023-09-12 9:35:01 - PHP Notice:  Undefined index: branch_stock_transfer_id in C:\xampp\htdocs\php_milwa_trading\admin\controller\inventory\branch_stock_transfer.php on line 252
2023-09-12 9:35:01 - PHP Notice:  Undefined index: branch_stock_transfer_id in C:\xampp\htdocs\php_milwa_trading\admin\controller\inventory\branch_stock_transfer.php on line 253
2023-09-12 9:35:01 - PHP Notice:  Undefined index: branch_stock_transfer_id in C:\xampp\htdocs\php_milwa_trading\admin\controller\inventory\branch_stock_transfer.php on line 255
2023-09-12 9:35:01 - PHP Notice:  Undefined index: branch_stock_transfer_id in C:\xampp\htdocs\php_milwa_trading\admin\controller\inventory\branch_stock_transfer.php on line 256
2023-09-12 9:35:01 - PHP Notice:  Undefined index: branch_stock_transfer_id in C:\xampp\htdocs\php_milwa_trading\admin\controller\inventory\branch_stock_transfer.php on line 257
2023-09-12 9:35:01 - PHP Notice:  Undefined index: branch_stock_transfer_id in C:\xampp\htdocs\php_milwa_trading\admin\controller\inventory\branch_stock_transfer.php on line 258
2023-09-12 9:35:01 - PHP Notice:  Undefined variable: href_gl_mapping_account in C:\xampp\htdocs\php_milwa_trading\admin\view\template\common\column_left.tpl on line 68
2023-09-12 9:35:01 - PHP Notice:  Undefined index: gl_mapping_account in C:\xampp\htdocs\php_milwa_trading\admin\view\template\common\column_left.tpl on line 68
2023-09-12 9:35:01 - PHP Notice:  Undefined variable: href_tool_dashboard in C:\xampp\htdocs\php_milwa_trading\admin\view\template\common\column_left.tpl on line 231
2023-09-12 9:35:01 - PHP Notice:  Undefined index: class in C:\xampp\htdocs\php_milwa_trading\admin\view\template\inventory\branch_stock_transfer_form.tpl on line 20
2023-09-12 9:35:01 - PHP Notice:  Undefined index: class in C:\xampp\htdocs\php_milwa_trading\admin\view\template\inventory\branch_stock_transfer_form.tpl on line 20
2023-09-12 9:35:01 - PHP Notice:  Undefined index: class in C:\xampp\htdocs\php_milwa_trading\admin\view\template\inventory\branch_stock_transfer_form.tpl on line 20
2023-09-12 9:35:01 - PHP Notice:  Undefined variable: is_post in C:\xampp\htdocs\php_milwa_trading\admin\view\template\inventory\branch_stock_transfer_form.tpl on line 55
2023-09-12 9:35:01 - PHP Notice:  Undefined variable: action in C:\xampp\htdocs\php_milwa_trading\admin\view\template\inventory\branch_stock_transfer_form.tpl on line 83
2023-09-12 9:35:01 - PHP Notice:  Undefined variable: document_type_id in C:\xampp\htdocs\php_milwa_trading\admin\view\template\inventory\branch_stock_transfer_form.tpl on line 84
2023-09-12 9:35:01 - PHP Notice:  Undefined variable: branch_stock_transfer_id in C:\xampp\htdocs\php_milwa_trading\admin\view\template\inventory\branch_stock_transfer_form.tpl on line 85
2023-09-12 9:35:01 - PHP Notice:  Undefined variable: document_identity in C:\xampp\htdocs\php_milwa_trading\admin\view\template\inventory\branch_stock_transfer_form.tpl on line 91
2023-09-12 9:35:01 - PHP Notice:  Undefined variable: warehouse_id in C:\xampp\htdocs\php_milwa_trading\admin\view\template\inventory\branch_stock_transfer_form.tpl on line 106
2023-09-12 9:35:01 - PHP Notice:  Undefined variable: warehouse_id in C:\xampp\htdocs\php_milwa_trading\admin\view\template\inventory\branch_stock_transfer_form.tpl on line 106
2023-09-12 9:35:01 - PHP Notice:  Undefined variable: warehouse_id in C:\xampp\htdocs\php_milwa_trading\admin\view\template\inventory\branch_stock_transfer_form.tpl on line 106
2023-09-12 9:35:01 - PHP Notice:  Undefined variable: remarks in C:\xampp\htdocs\php_milwa_trading\admin\view\template\inventory\branch_stock_transfer_form.tpl on line 142
2023-09-12 9:35:01 - PHP Notice:  Undefined variable: branch_stock_transfer_details in C:\xampp\htdocs\php_milwa_trading\admin\view\template\inventory\branch_stock_transfer_form.tpl on line 167
2023-09-12 9:35:01 - PHP Warning:  Invalid argument supplied for foreach() in C:\xampp\htdocs\php_milwa_trading\admin\view\template\inventory\branch_stock_transfer_form.tpl on line 167
2023-09-12 9:35:01 - PHP Notice:  Undefined variable: total_qty in C:\xampp\htdocs\php_milwa_trading\admin\view\template\inventory\branch_stock_transfer_form.tpl on line 237
2023-09-12 9:35:01 - PHP Notice:  Undefined variable: total_amount in C:\xampp\htdocs\php_milwa_trading\admin\view\template\inventory\branch_stock_transfer_form.tpl on line 239
2023-09-12 9:35:01 - PHP Notice:  Undefined variable: is_post in C:\xampp\htdocs\php_milwa_trading\admin\view\template\inventory\branch_stock_transfer_form.tpl on line 274
2023-09-12 9:35:01 - PHP Notice:  Undefined variable: partner_id in C:\xampp\htdocs\php_milwa_trading\admin\view\template\inventory\branch_stock_transfer_form.tpl on line 293
2023-09-12 9:35:01 - PHP Notice:  Undefined variable: products in C:\xampp\htdocs\php_milwa_trading\admin\view\template\inventory\branch_stock_transfer_form.tpl on line 296
2023-09-12 9:35:01 - PHP Notice:  Undefined variable: isEdit in C:\xampp\htdocs\php_milwa_trading\admin\view\template\inventory\branch_stock_transfer_form.tpl on line 301
2023-09-12 9:35:01 - PHP Notice:  Undefined index: branch_stock_transfer_id in C:\xampp\htdocs\php_milwa_trading\admin\view\template\inventory\branch_stock_transfer_form.tpl on line 345
2023-09-12 9:35:01 - PHP Notice:  Undefined variable: column_right in C:\xampp\htdocs\php_milwa_trading\admin\view\template\inventory\branch_stock_transfer_form.tpl on line 390
2023-09-12 9:35:07 - PHP Notice:  Undefined index: partner_id in C:\xampp\htdocs\php_milwa_trading\admin\controller\common\function.php on line 118
2023-09-12 9:35:07 - PHP Notice:  Undefined index: branch_id in C:\xampp\htdocs\php_milwa_trading\admin\controller\common\function.php on line 119
2023-09-12 9:35:07 - PHP Notice:  Undefined index: rate in C:\xampp\htdocs\php_milwa_trading\admin\controller\common\function.php on line 130
2023-09-12 9:35:07 - PHP Notice:  Undefined index: rate in C:\xampp\htdocs\php_milwa_trading\admin\controller\common\function.php on line 134
2023-09-12 9:35:07 - PHP Notice:  Undefined index: document_identity in C:\xampp\htdocs\php_milwa_trading\admin\controller\common\function.php on line 670
2023-09-12 9:35:07 - PHP Notice:  Undefined index: document_date in C:\xampp\htdocs\php_milwa_trading\admin\controller\common\function.php on line 670
2023-09-12 9:35:10 - PHP Warning:  Declaration of ControllerInventoryBranchStockTransfer::validateDelete() should be compatible with HController::validateDelete($id = '') in C:\xampp\htdocs\php_milwa_trading\admin\controller\inventory\branch_stock_transfer.php on line 1242
2023-09-12 9:35:16 - PHP Warning:  Declaration of ControllerInventoryBranchStockTransfer::validateDelete() should be compatible with HController::validateDelete($id = '') in C:\xampp\htdocs\php_milwa_trading\admin\controller\inventory\branch_stock_transfer.php on line 1242
2023-09-12 9:35:16 - PHP Warning:  mysqli::real_escape_string() expects parameter 1 to be string, array given in C:\xampp\htdocs\php_milwa_trading\system\database\dbmysqli.php on line 93
2023-09-12 9:35:17 - PHP Notice:  Undefined index: partner_type_id in C:\xampp\htdocs\php_milwa_trading\admin\controller\inventory\branch_stock_transfer.php on line 397
2023-09-12 9:35:17 - PHP Notice:  Undefined index: partner_id in C:\xampp\htdocs\php_milwa_trading\admin\controller\inventory\branch_stock_transfer.php on line 398
2023-09-12 9:35:17 - PHP Notice:  Undefined index: container_no in C:\xampp\htdocs\php_milwa_trading\admin\controller\inventory\branch_stock_transfer.php on line 454
2023-09-12 9:35:17 - PHP Notice:  Undefined index: batch_no in C:\xampp\htdocs\php_milwa_trading\admin\controller\inventory\branch_stock_transfer.php on line 455
2023-09-12 9:35:17 - PHP Notice:  Undefined index: container_no in C:\xampp\htdocs\php_milwa_trading\admin\controller\inventory\branch_stock_transfer.php on line 472
2023-09-12 9:35:17 - PHP Notice:  Undefined index: batch_no in C:\xampp\htdocs\php_milwa_trading\admin\controller\inventory\branch_stock_transfer.php on line 473
2023-09-12 9:35:17 - PHP Notice:  Undefined index: partner_type_id in C:\xampp\htdocs\php_milwa_trading\admin\controller\inventory\branch_stock_transfer.php on line 792
2023-09-12 9:35:17 - PHP Notice:  Undefined index: partner_id in C:\xampp\htdocs\php_milwa_trading\admin\controller\inventory\branch_stock_transfer.php on line 793
2023-09-12 9:35:17 - PHP Notice:  Undefined index: partner_type_id in C:\xampp\htdocs\php_milwa_trading\admin\controller\inventory\branch_stock_transfer.php on line 792
2023-09-12 9:35:17 - PHP Notice:  Undefined index: partner_id in C:\xampp\htdocs\php_milwa_trading\admin\controller\inventory\branch_stock_transfer.php on line 793
2023-09-12 9:35:17 - PHP Notice:  Undefined index: partner_type_id in C:\xampp\htdocs\php_milwa_trading\admin\controller\inventory\branch_stock_transfer.php on line 792
2023-09-12 9:35:17 - PHP Notice:  Undefined index: partner_id in C:\xampp\htdocs\php_milwa_trading\admin\controller\inventory\branch_stock_transfer.php on line 793
2023-09-12 9:35:17 - PHP Notice:  Undefined index: partner_type_id in C:\xampp\htdocs\php_milwa_trading\admin\controller\inventory\branch_stock_transfer.php on line 792
2023-09-12 9:35:17 - PHP Notice:  Undefined index: partner_id in C:\xampp\htdocs\php_milwa_trading\admin\controller\inventory\branch_stock_transfer.php on line 793
2023-09-12 9:35:17 - PHP Warning:  Declaration of ControllerInventoryBranchStockTransfer::validateDelete() should be compatible with HController::validateDelete($id = '') in C:\xampp\htdocs\php_milwa_trading\admin\controller\inventory\branch_stock_transfer.php on line 1242
2023-09-12 9:35:17 - PHP Notice:  Undefined variable: href_gl_mapping_account in C:\xampp\htdocs\php_milwa_trading\admin\view\template\common\column_left.tpl on line 68
2023-09-12 9:35:17 - PHP Notice:  Undefined index: gl_mapping_account in C:\xampp\htdocs\php_milwa_trading\admin\view\template\common\column_left.tpl on line 68
2023-09-12 9:35:17 - PHP Notice:  Undefined variable: href_tool_dashboard in C:\xampp\htdocs\php_milwa_trading\admin\view\template\common\column_left.tpl on line 231
2023-09-12 9:35:17 - PHP Notice:  Undefined index: class in C:\xampp\htdocs\php_milwa_trading\admin\view\template\inventory\branch_stock_transfer_form.tpl on line 20
2023-09-12 9:35:17 - PHP Notice:  Undefined index: class in C:\xampp\htdocs\php_milwa_trading\admin\view\template\inventory\branch_stock_transfer_form.tpl on line 20
2023-09-12 9:35:17 - PHP Notice:  Undefined index: class in C:\xampp\htdocs\php_milwa_trading\admin\view\template\inventory\branch_stock_transfer_form.tpl on line 20
2023-09-12 9:35:17 - PHP Notice:  Undefined variable: action in C:\xampp\htdocs\php_milwa_trading\admin\view\template\inventory\branch_stock_transfer_form.tpl on line 83
2023-09-12 9:35:17 - PHP Notice:  Undefined variable: partner_id in C:\xampp\htdocs\php_milwa_trading\admin\view\template\inventory\branch_stock_transfer_form.tpl on line 293
2023-09-12 9:35:17 - PHP Notice:  Undefined variable: products in C:\xampp\htdocs\php_milwa_trading\admin\view\template\inventory\branch_stock_transfer_form.tpl on line 296
2023-09-12 9:35:17 - PHP Notice:  Undefined variable: column_right in C:\xampp\htdocs\php_milwa_trading\admin\view\template\inventory\branch_stock_transfer_form.tpl on line 390
2023-09-12 9:35:39 - PHP Warning:  Declaration of ControllerInventoryBranchStockTransfer::validateDelete() should be compatible with HController::validateDelete($id = '') in C:\xampp\htdocs\php_milwa_trading\admin\controller\inventory\branch_stock_transfer.php on line 1242
2023-09-12 9:35:39 - PHP Warning:  mysqli::real_escape_string() expects parameter 1 to be string, array given in C:\xampp\htdocs\php_milwa_trading\system\database\dbmysqli.php on line 93
2023-09-12 9:35:40 - PHP Notice:  Undefined index: partner_type_id in C:\xampp\htdocs\php_milwa_trading\admin\controller\inventory\branch_stock_transfer.php on line 833
2023-09-12 9:35:40 - PHP Notice:  Undefined index: partner_id in C:\xampp\htdocs\php_milwa_trading\admin\controller\inventory\branch_stock_transfer.php on line 834
2023-09-12 9:35:40 - PHP Notice:  Undefined index: base_amount in C:\xampp\htdocs\php_milwa_trading\admin\controller\inventory\branch_stock_transfer.php on line 839
2023-09-12 9:35:40 - PHP Notice:  Undefined index: container_no in C:\xampp\htdocs\php_milwa_trading\admin\controller\inventory\branch_stock_transfer.php on line 888
2023-09-12 9:35:40 - PHP Notice:  Undefined index: batch_no in C:\xampp\htdocs\php_milwa_trading\admin\controller\inventory\branch_stock_transfer.php on line 889
2023-09-12 9:35:40 - PHP Notice:  Undefined index: container_no in C:\xampp\htdocs\php_milwa_trading\admin\controller\inventory\branch_stock_transfer.php on line 906
2023-09-12 9:35:40 - PHP Notice:  Undefined index: batch_no in C:\xampp\htdocs\php_milwa_trading\admin\controller\inventory\branch_stock_transfer.php on line 907
2023-09-12 9:35:40 - PHP Notice:  Undefined index: partner_type_id in C:\xampp\htdocs\php_milwa_trading\admin\controller\inventory\branch_stock_transfer.php on line 1227
2023-09-12 9:35:40 - PHP Notice:  Undefined index: partner_id in C:\xampp\htdocs\php_milwa_trading\admin\controller\inventory\branch_stock_transfer.php on line 1228
2023-09-12 9:35:40 - PHP Notice:  Undefined index: partner_type_id in C:\xampp\htdocs\php_milwa_trading\admin\controller\inventory\branch_stock_transfer.php on line 1227
2023-09-12 9:35:40 - PHP Notice:  Undefined index: partner_id in C:\xampp\htdocs\php_milwa_trading\admin\controller\inventory\branch_stock_transfer.php on line 1228
2023-09-12 9:35:40 - PHP Notice:  Undefined index: partner_type_id in C:\xampp\htdocs\php_milwa_trading\admin\controller\inventory\branch_stock_transfer.php on line 1227
2023-09-12 9:35:40 - PHP Notice:  Undefined index: partner_id in C:\xampp\htdocs\php_milwa_trading\admin\controller\inventory\branch_stock_transfer.php on line 1228
2023-09-12 9:35:40 - PHP Notice:  Undefined index: partner_type_id in C:\xampp\htdocs\php_milwa_trading\admin\controller\inventory\branch_stock_transfer.php on line 1227
2023-09-12 9:35:40 - PHP Notice:  Undefined index: partner_id in C:\xampp\htdocs\php_milwa_trading\admin\controller\inventory\branch_stock_transfer.php on line 1228
2023-09-12 9:35:40 - PHP Warning:  Declaration of ControllerInventoryBranchStockTransfer::validateDelete() should be compatible with HController::validateDelete($id = '') in C:\xampp\htdocs\php_milwa_trading\admin\controller\inventory\branch_stock_transfer.php on line 1242
2023-09-12 9:35:40 - PHP Notice:  Undefined variable: href_gl_mapping_account in C:\xampp\htdocs\php_milwa_trading\admin\view\template\common\column_left.tpl on line 68
2023-09-12 9:35:40 - PHP Notice:  Undefined index: gl_mapping_account in C:\xampp\htdocs\php_milwa_trading\admin\view\template\common\column_left.tpl on line 68
2023-09-12 9:35:40 - PHP Notice:  Undefined variable: href_tool_dashboard in C:\xampp\htdocs\php_milwa_trading\admin\view\template\common\column_left.tpl on line 231
2023-09-12 9:35:40 - PHP Notice:  Undefined index: class in C:\xampp\htdocs\php_milwa_trading\admin\view\template\inventory\branch_stock_transfer_form.tpl on line 20
2023-09-12 9:35:40 - PHP Notice:  Undefined index: class in C:\xampp\htdocs\php_milwa_trading\admin\view\template\inventory\branch_stock_transfer_form.tpl on line 20
2023-09-12 9:35:40 - PHP Notice:  Undefined index: class in C:\xampp\htdocs\php_milwa_trading\admin\view\template\inventory\branch_stock_transfer_form.tpl on line 20
2023-09-12 9:35:40 - PHP Notice:  Undefined variable: action in C:\xampp\htdocs\php_milwa_trading\admin\view\template\inventory\branch_stock_transfer_form.tpl on line 83
2023-09-12 9:35:40 - PHP Notice:  Undefined variable: partner_id in C:\xampp\htdocs\php_milwa_trading\admin\view\template\inventory\branch_stock_transfer_form.tpl on line 293
2023-09-12 9:35:40 - PHP Notice:  Undefined variable: products in C:\xampp\htdocs\php_milwa_trading\admin\view\template\inventory\branch_stock_transfer_form.tpl on line 296
2023-09-12 9:35:40 - PHP Notice:  Undefined variable: column_right in C:\xampp\htdocs\php_milwa_trading\admin\view\template\inventory\branch_stock_transfer_form.tpl on line 390
2023-09-12 9:36:42 - PHP Warning:  Declaration of ControllerInventoryBranchStockTransfer::validateDelete() should be compatible with HController::validateDelete($id = '') in C:\xampp\htdocs\php_milwa_trading\admin\controller\inventory\branch_stock_transfer.php on line 1242
